[RECEIVED] {"id":0,"src":"c0","dest":"n0","body":{"type":"init","node_id":"n0","node_ids":["n0"],"msg_id":1}}
[MATCH INIT]
[INIT] {"src":"n0","dest":"c0","body":{"type":"init_ok","in_reply_to":1,"msg_id":0}}
[RECEIVED] {"id":2,"src":"c1","dest":"n0","body":{"type":"topology","topology":{"n0":[]},"msg_id":1}}
[MATCH TOPOLOGY]
[TOPOLOGY] {"src":"n0","dest":"c1","body":{"type":"topology_ok","in_reply_to":1,"msg_id":1}}
[RECEIVED] {"id":4,"src":"c2","dest":"n0","body":{"type":"broadcast","message":0,"msg_id":1}}
[MATCH BROADCAST]
[BROADCAST] {"src":"n0","dest":"c2","body":{"type":"broadcast_ok","in_reply_to":1,"msg_id":2}}
[RECEIVED] {"id":6,"src":"c2","dest":"n0","body":{"type":"read","msg_id":2}}
[MATCH READ]
[READ] {"src":"n0","dest":"c2","body":{"type":"read_ok","messages":["0"],"in_reply_to":2,"msg_id":3}}
[RECEIVED] {"id":8,"src":"c2","dest":"n0","body":{"type":"broadcast","message":1,"msg_id":3}}
[MATCH BROADCAST]
[BROADCAST] {"src":"n0","dest":"c2","body":{"type":"broadcast_ok","in_reply_to":3,"msg_id":4}}
[RECEIVED] {"id":10,"src":"c2","dest":"n0","body":{"type":"broadcast","message":2,"msg_id":4}}
[MATCH BROADCAST]
[BROADCAST] {"src":"n0","dest":"c2","body":{"type":"broadcast_ok","in_reply_to":4,"msg_id":5}}
[RECEIVED] {"id":12,"src":"c2","dest":"n0","body":{"type":"broadcast","message":3,"msg_id":5}}
[MATCH BROADCAST]
[BROADCAST] {"src":"n0","dest":"c2","body":{"type":"broadcast_ok","in_reply_to":5,"msg_id":6}}
[RECEIVED] {"id":14,"src":"c2","dest":"n0","body":{"type":"broadcast","message":4,"msg_id":6}}
[MATCH BROADCAST]
[BROADCAST] {"src":"n0","dest":"c2","body":{"type":"broadcast_ok","in_reply_to":6,"msg_id":7}}
[RECEIVED] {"id":16,"src":"c2","dest":"n0","body":{"type":"read","msg_id":7}}
[MATCH READ]
[READ] {"src":"n0","dest":"c2","body":{"type":"read_ok","messages":["0","1","2","3","4"],"in_reply_to":7,"msg_id":8}}
[RECEIVED] {"id":18,"src":"c2","dest":"n0","body":{"type":"broadcast","message":5,"msg_id":8}}
[MATCH BROADCAST]
[BROADCAST] {"src":"n0","dest":"c2","body":{"type":"broadcast_ok","in_reply_to":8,"msg_id":9}}
[RECEIVED] {"id":20,"src":"c2","dest":"n0","body":{"type":"broadcast","message":6,"msg_id":9}}
[MATCH BROADCAST]
[BROADCAST] {"src":"n0","dest":"c2","body":{"type":"broadcast_ok","in_reply_to":9,"msg_id":10}}
[RECEIVED] {"id":22,"src":"c2","dest":"n0","body":{"type":"broadcast","message":7,"msg_id":10}}
[MATCH BROADCAST]
[BROADCAST] {"src":"n0","dest":"c2","body":{"type":"broadcast_ok","in_reply_to":10,"msg_id":11}}
[RECEIVED] {"id":24,"src":"c2","dest":"n0","body":{"type":"read","msg_id":11}}
[MATCH READ]
[READ] {"src":"n0","dest":"c2","body":{"type":"read_ok","messages":["0","1","2","3","4","5","6","7"],"in_reply_to":11,"msg_id":12}}
[RECEIVED] {"id":26,"src":"c2","dest":"n0","body":{"type":"broadcast","message":8,"msg_id":12}}
[MATCH BROADCAST]
[BROADCAST] {"src":"n0","dest":"c2","body":{"type":"broadcast_ok","in_reply_to":12,"msg_id":13}}
[RECEIVED] {"id":28,"src":"c2","dest":"n0","body":{"type":"read","msg_id":13}}
[MATCH READ]
[READ] {"src":"n0","dest":"c2","body":{"type":"read_ok","messages":["0","1","2","3","4","5","6","7","8"],"in_reply_to":13,"msg_id":14}}
[RECEIVED] {"id":30,"src":"c2","dest":"n0","body":{"type":"read","msg_id":14}}
[MATCH READ]
[READ] {"src":"n0","dest":"c2","body":{"type":"read_ok","messages":["0","1","2","3","4","5","6","7","8"],"in_reply_to":14,"msg_id":15}}
[RECEIVED] {"id":32,"src":"c2","dest":"n0","body":{"type":"read","msg_id":15}}
[MATCH READ]
[READ] {"src":"n0","dest":"c2","body":{"type":"read_ok","messages":["0","1","2","3","4","5","6","7","8"],"in_reply_to":15,"msg_id":16}}
[RECEIVED] {"id":34,"src":"c2","dest":"n0","body":{"type":"broadcast","message":9,"msg_id":16}}
[MATCH BROADCAST]
[BROADCAST] {"src":"n0","dest":"c2","body":{"type":"broadcast_ok","in_reply_to":16,"msg_id":17}}
[RECEIVED] {"id":36,"src":"c2","dest":"n0","body":{"type":"read","msg_id":17}}
[MATCH READ]
[READ] {"src":"n0","dest":"c2","body":{"type":"read_ok","messages":["0","1","2","3","4","5","6","7","8","9"],"in_reply_to":17,"msg_id":18}}
[RECEIVED] {"id":38,"src":"c2","dest":"n0","body":{"type":"broadcast","message":10,"msg_id":18}}
[MATCH BROADCAST]
[BROADCAST] {"src":"n0","dest":"c2","body":{"type":"broadcast_ok","in_reply_to":18,"msg_id":19}}
[RECEIVED] {"id":40,"src":"c2","dest":"n0","body":{"type":"broadcast","message":11,"msg_id":19}}
[MATCH BROADCAST]
[BROADCAST] {"src":"n0","dest":"c2","body":{"type":"broadcast_ok","in_reply_to":19,"msg_id":20}}
[RECEIVED] {"id":42,"src":"c2","dest":"n0","body":{"type":"read","msg_id":20}}
[MATCH READ]
[READ] {"src":"n0","dest":"c2","body":{"type":"read_ok","messages":["0","1","10","11","2","3","4","5","6","7","8","9"],"in_reply_to":20,"msg_id":21}}
[RECEIVED] {"id":44,"src":"c2","dest":"n0","body":{"type":"read","msg_id":21}}
[MATCH READ]
[READ] {"src":"n0","dest":"c2","body":{"type":"read_ok","messages":["0","1","10","11","2","3","4","5","6","7","8","9"],"in_reply_to":21,"msg_id":22}}
[RECEIVED] {"id":46,"src":"c2","dest":"n0","body":{"type":"read","msg_id":22}}
[MATCH READ]
[READ] {"src":"n0","dest":"c2","body":{"type":"read_ok","messages":["0","1","10","11","2","3","4","5","6","7","8","9"],"in_reply_to":22,"msg_id":23}}
[RECEIVED] {"id":48,"src":"c2","dest":"n0","body":{"type":"broadcast","message":12,"msg_id":23}}
[MATCH BROADCAST]
[BROADCAST] {"src":"n0","dest":"c2","body":{"type":"broadcast_ok","in_reply_to":23,"msg_id":24}}
[RECEIVED] {"id":50,"src":"c2","dest":"n0","body":{"type":"read","msg_id":24}}
[MATCH READ]
[READ] {"src":"n0","dest":"c2","body":{"type":"read_ok","messages":["0","1","10","11","12","2","3","4","5","6","7","8","9"],"in_reply_to":24,"msg_id":25}}
[RECEIVED] {"id":52,"src":"c2","dest":"n0","body":{"type":"broadcast","message":13,"msg_id":25}}
[MATCH BROADCAST]
[BROADCAST] {"src":"n0","dest":"c2","body":{"type":"broadcast_ok","in_reply_to":25,"msg_id":26}}
[RECEIVED] {"id":54,"src":"c2","dest":"n0","body":{"type":"broadcast","message":14,"msg_id":26}}
[MATCH BROADCAST]
[BROADCAST] {"src":"n0","dest":"c2","body":{"type":"broadcast_ok","in_reply_to":26,"msg_id":27}}
[RECEIVED] {"id":56,"src":"c2","dest":"n0","body":{"type":"read","msg_id":27}}
[MATCH READ]
[READ] {"src":"n0","dest":"c2","body":{"type":"read_ok","messages":["0","1","10","11","12","13","14","2","3","4","5","6","7","8","9"],"in_reply_to":27,"msg_id":28}}
[RECEIVED] {"id":58,"src":"c2","dest":"n0","body":{"type":"read","msg_id":28}}
[MATCH READ]
[READ] {"src":"n0","dest":"c2","body":{"type":"read_ok","messages":["0","1","10","11","12","13","14","2","3","4","5","6","7","8","9"],"in_reply_to":28,"msg_id":29}}
[RECEIVED] {"id":60,"src":"c2","dest":"n0","body":{"type":"broadcast","message":15,"msg_id":29}}
[MATCH BROADCAST]
[BROADCAST] {"src":"n0","dest":"c2","body":{"type":"broadcast_ok","in_reply_to":29,"msg_id":30}}
[RECEIVED] {"id":62,"src":"c2","dest":"n0","body":{"type":"read","msg_id":30}}
[MATCH READ]
[READ] {"src":"n0","dest":"c2","body":{"type":"read_ok","messages":["0","1","10","11","12","13","14","15","2","3","4","5","6","7","8","9"],"in_reply_to":30,"msg_id":31}}
[RECEIVED] {"id":64,"src":"c2","dest":"n0","body":{"type":"read","msg_id":31}}
[MATCH READ]
[READ] {"src":"n0","dest":"c2","body":{"type":"read_ok","messages":["0","1","10","11","12","13","14","15","2","3","4","5","6","7","8","9"],"in_reply_to":31,"msg_id":32}}
[RECEIVED] {"id":66,"src":"c2","dest":"n0","body":{"type":"broadcast","message":16,"msg_id":32}}
[MATCH BROADCAST]
[BROADCAST] {"src":"n0","dest":"c2","body":{"type":"broadcast_ok","in_reply_to":32,"msg_id":33}}
[RECEIVED] {"id":68,"src":"c2","dest":"n0","body":{"type":"broadcast","message":17,"msg_id":33}}
[MATCH BROADCAST]
[BROADCAST] {"src":"n0","dest":"c2","body":{"type":"broadcast_ok","in_reply_to":33,"msg_id":34}}
[RECEIVED] {"id":70,"src":"c2","dest":"n0","body":{"type":"broadcast","message":18,"msg_id":34}}
[MATCH BROADCAST]
[BROADCAST] {"src":"n0","dest":"c2","body":{"type":"broadcast_ok","in_reply_to":34,"msg_id":35}}
[RECEIVED] {"id":72,"src":"c2","dest":"n0","body":{"type":"read","msg_id":35}}
[MATCH READ]
[READ] {"src":"n0","dest":"c2","body":{"type":"read_ok","messages":["0","1","10","11","12","13","14","15","16","17","18","2","3","4","5","6","7","8","9"],"in_reply_to":35,"msg_id":36}}
[RECEIVED] {"id":74,"src":"c2","dest":"n0","body":{"type":"broadcast","message":19,"msg_id":36}}
[MATCH BROADCAST]
[BROADCAST] {"src":"n0","dest":"c2","body":{"type":"broadcast_ok","in_reply_to":36,"msg_id":37}}
[RECEIVED] {"id":76,"src":"c2","dest":"n0","body":{"type":"broadcast","message":20,"msg_id":37}}
[MATCH BROADCAST]
[BROADCAST] {"src":"n0","dest":"c2","body":{"type":"broadcast_ok","in_reply_to":37,"msg_id":38}}
[RECEIVED] {"id":78,"src":"c2","dest":"n0","body":{"type":"broadcast","message":21,"msg_id":38}}
[MATCH BROADCAST]
[BROADCAST] {"src":"n0","dest":"c2","body":{"type":"broadcast_ok","in_reply_to":38,"msg_id":39}}
[RECEIVED] {"id":80,"src":"c2","dest":"n0","body":{"type":"broadcast","message":22,"msg_id":39}}
[MATCH BROADCAST]
[BROADCAST] {"src":"n0","dest":"c2","body":{"type":"broadcast_ok","in_reply_to":39,"msg_id":40}}
[RECEIVED] {"id":82,"src":"c2","dest":"n0","body":{"type":"read","msg_id":40}}
[MATCH READ]
[READ] {"src":"n0","dest":"c2","body":{"type":"read_ok","messages":["0","1","10","11","12","13","14","15","16","17","18","19","2","20","21","22","3","4","5","6","7","8","9"],"in_reply_to":40,"msg_id":41}}
[RECEIVED] {"id":84,"src":"c2","dest":"n0","body":{"type":"read","msg_id":41}}
[MATCH READ]
[READ] {"src":"n0","dest":"c2","body":{"type":"read_ok","messages":["0","1","10","11","12","13","14","15","16","17","18","19","2","20","21","22","3","4","5","6","7","8","9"],"in_reply_to":41,"msg_id":42}}
[RECEIVED] {"id":86,"src":"c2","dest":"n0","body":{"type":"broadcast","message":23,"msg_id":42}}
[MATCH BROADCAST]
[BROADCAST] {"src":"n0","dest":"c2","body":{"type":"broadcast_ok","in_reply_to":42,"msg_id":43}}
[RECEIVED] {"id":88,"src":"c2","dest":"n0","body":{"type":"broadcast","message":24,"msg_id":43}}
[MATCH BROADCAST]
[BROADCAST] {"src":"n0","dest":"c2","body":{"type":"broadcast_ok","in_reply_to":43,"msg_id":44}}
[RECEIVED] {"id":90,"src":"c2","dest":"n0","body":{"type":"broadcast","message":25,"msg_id":44}}
[MATCH BROADCAST]
[BROADCAST] {"src":"n0","dest":"c2","body":{"type":"broadcast_ok","in_reply_to":44,"msg_id":45}}
[RECEIVED] {"id":92,"src":"c2","dest":"n0","body":{"type":"read","msg_id":45}}
[MATCH READ]
[READ] {"src":"n0","dest":"c2","body":{"type":"read_ok","messages":["0","1","10","11","12","13","14","15","16","17","18","19","2","20","21","22","23","24","25","3","4","5","6","7","8","9"],"in_reply_to":45,"msg_id":46}}
[RECEIVED] {"id":94,"src":"c2","dest":"n0","body":{"type":"broadcast","message":26,"msg_id":46}}
[MATCH BROADCAST]
[BROADCAST] {"src":"n0","dest":"c2","body":{"type":"broadcast_ok","in_reply_to":46,"msg_id":47}}
[RECEIVED] {"id":96,"src":"c2","dest":"n0","body":{"type":"read","msg_id":47}}
[MATCH READ]
[READ] {"src":"n0","dest":"c2","body":{"type":"read_ok","messages":["0","1","10","11","12","13","14","15","16","17","18","19","2","20","21","22","23","24","25","26","3","4","5","6","7","8","9"],"in_reply_to":47,"msg_id":48}}
[RECEIVED] {"id":98,"src":"c2","dest":"n0","body":{"type":"read","msg_id":48}}
[MATCH READ]
[READ] {"src":"n0","dest":"c2","body":{"type":"read_ok","messages":["0","1","10","11","12","13","14","15","16","17","18","19","2","20","21","22","23","24","25","26","3","4","5","6","7","8","9"],"in_reply_to":48,"msg_id":49}}
[RECEIVED] {"id":100,"src":"c2","dest":"n0","body":{"type":"read","msg_id":49}}
[MATCH READ]
[READ] {"src":"n0","dest":"c2","body":{"type":"read_ok","messages":["0","1","10","11","12","13","14","15","16","17","18","19","2","20","21","22","23","24","25","26","3","4","5","6","7","8","9"],"in_reply_to":49,"msg_id":50}}
[RECEIVED] {"id":102,"src":"c2","dest":"n0","body":{"type":"read","msg_id":50}}
[MATCH READ]
[READ] {"src":"n0","dest":"c2","body":{"type":"read_ok","messages":["0","1","10","11","12","13","14","15","16","17","18","19","2","20","21","22","23","24","25","26","3","4","5","6","7","8","9"],"in_reply_to":50,"msg_id":51}}
[RECEIVED] {"id":104,"src":"c2","dest":"n0","body":{"type":"read","msg_id":51}}
[MATCH READ]
[READ] {"src":"n0","dest":"c2","body":{"type":"read_ok","messages":["0","1","10","11","12","13","14","15","16","17","18","19","2","20","21","22","23","24","25","26","3","4","5","6","7","8","9"],"in_reply_to":51,"msg_id":52}}
[RECEIVED] {"id":106,"src":"c2","dest":"n0","body":{"type":"read","msg_id":52}}
[MATCH READ]
[READ] {"src":"n0","dest":"c2","body":{"type":"read_ok","messages":["0","1","10","11","12","13","14","15","16","17","18","19","2","20","21","22","23","24","25","26","3","4","5","6","7","8","9"],"in_reply_to":52,"msg_id":53}}
[RECEIVED] {"id":108,"src":"c2","dest":"n0","body":{"type":"broadcast","message":27,"msg_id":53}}
[MATCH BROADCAST]
[BROADCAST] {"src":"n0","dest":"c2","body":{"type":"broadcast_ok","in_reply_to":53,"msg_id":54}}
[RECEIVED] {"id":110,"src":"c2","dest":"n0","body":{"type":"broadcast","message":28,"msg_id":54}}
[MATCH BROADCAST]
[BROADCAST] {"src":"n0","dest":"c2","body":{"type":"broadcast_ok","in_reply_to":54,"msg_id":55}}
[RECEIVED] {"id":112,"src":"c2","dest":"n0","body":{"type":"broadcast","message":29,"msg_id":55}}
[MATCH BROADCAST]
[BROADCAST] {"src":"n0","dest":"c2","body":{"type":"broadcast_ok","in_reply_to":55,"msg_id":56}}
[RECEIVED] {"id":114,"src":"c2","dest":"n0","body":{"type":"broadcast","message":30,"msg_id":56}}
[MATCH BROADCAST]
[BROADCAST] {"src":"n0","dest":"c2","body":{"type":"broadcast_ok","in_reply_to":56,"msg_id":57}}
[RECEIVED] {"id":116,"src":"c2","dest":"n0","body":{"type":"read","msg_id":57}}
[MATCH READ]
[READ] {"src":"n0","dest":"c2","body":{"type":"read_ok","messages":["0","1","10","11","12","13","14","15","16","17","18","19","2","20","21","22","23","24","25","26","27","28","29","3","30","4","5","6","7","8","9"],"in_reply_to":57,"msg_id":58}}
[RECEIVED] {"id":118,"src":"c2","dest":"n0","body":{"type":"read","msg_id":58}}
[MATCH READ]
[READ] {"src":"n0","dest":"c2","body":{"type":"read_ok","messages":["0","1","10","11","12","13","14","15","16","17","18","19","2","20","21","22","23","24","25","26","27","28","29","3","30","4","5","6","7","8","9"],"in_reply_to":58,"msg_id":59}}
[RECEIVED] {"id":120,"src":"c2","dest":"n0","body":{"type":"broadcast","message":31,"msg_id":59}}
[MATCH BROADCAST]
[BROADCAST] {"src":"n0","dest":"c2","body":{"type":"broadcast_ok","in_reply_to":59,"msg_id":60}}
[RECEIVED] {"id":122,"src":"c2","dest":"n0","body":{"type":"read","msg_id":60}}
[MATCH READ]
[READ] {"src":"n0","dest":"c2","body":{"type":"read_ok","messages":["0","1","10","11","12","13","14","15","16","17","18","19","2","20","21","22","23","24","25","26","27","28","29","3","30","31","4","5","6","7","8","9"],"in_reply_to":60,"msg_id":61}}
[RECEIVED] {"id":124,"src":"c2","dest":"n0","body":{"type":"read","msg_id":61}}
[MATCH READ]
[READ] {"src":"n0","dest":"c2","body":{"type":"read_ok","messages":["0","1","10","11","12","13","14","15","16","17","18","19","2","20","21","22","23","24","25","26","27","28","29","3","30","31","4","5","6","7","8","9"],"in_reply_to":61,"msg_id":62}}
[RECEIVED] {"id":126,"src":"c2","dest":"n0","body":{"type":"read","msg_id":62}}
[MATCH READ]
[READ] {"src":"n0","dest":"c2","body":{"type":"read_ok","messages":["0","1","10","11","12","13","14","15","16","17","18","19","2","20","21","22","23","24","25","26","27","28","29","3","30","31","4","5","6","7","8","9"],"in_reply_to":62,"msg_id":63}}
[RECEIVED] {"id":128,"src":"c2","dest":"n0","body":{"type":"broadcast","message":32,"msg_id":63}}
[MATCH BROADCAST]
[BROADCAST] {"src":"n0","dest":"c2","body":{"type":"broadcast_ok","in_reply_to":63,"msg_id":64}}
[RECEIVED] {"id":130,"src":"c2","dest":"n0","body":{"type":"read","msg_id":64}}
[MATCH READ]
[READ] {"src":"n0","dest":"c2","body":{"type":"read_ok","messages":["0","1","10","11","12","13","14","15","16","17","18","19","2","20","21","22","23","24","25","26","27","28","29","3","30","31","32","4","5","6","7","8","9"],"in_reply_to":64,"msg_id":65}}
[RECEIVED] {"id":132,"src":"c2","dest":"n0","body":{"type":"read","msg_id":65}}
[MATCH READ]
[READ] {"src":"n0","dest":"c2","body":{"type":"read_ok","messages":["0","1","10","11","12","13","14","15","16","17","18","19","2","20","21","22","23","24","25","26","27","28","29","3","30","31","32","4","5","6","7","8","9"],"in_reply_to":65,"msg_id":66}}
[RECEIVED] {"id":134,"src":"c2","dest":"n0","body":{"type":"broadcast","message":33,"msg_id":66}}
[MATCH BROADCAST]
[BROADCAST] {"src":"n0","dest":"c2","body":{"type":"broadcast_ok","in_reply_to":66,"msg_id":67}}
[RECEIVED] {"id":136,"src":"c2","dest":"n0","body":{"type":"read","msg_id":67}}
[MATCH READ]
[READ] {"src":"n0","dest":"c2","body":{"type":"read_ok","messages":["0","1","10","11","12","13","14","15","16","17","18","19","2","20","21","22","23","24","25","26","27","28","29","3","30","31","32","33","4","5","6","7","8","9"],"in_reply_to":67,"msg_id":68}}
[RECEIVED] {"id":138,"src":"c2","dest":"n0","body":{"type":"read","msg_id":68}}
[MATCH READ]
[READ] {"src":"n0","dest":"c2","body":{"type":"read_ok","messages":["0","1","10","11","12","13","14","15","16","17","18","19","2","20","21","22","23","24","25","26","27","28","29","3","30","31","32","33","4","5","6","7","8","9"],"in_reply_to":68,"msg_id":69}}
[RECEIVED] {"id":140,"src":"c2","dest":"n0","body":{"type":"broadcast","message":34,"msg_id":69}}
[MATCH BROADCAST]
[BROADCAST] {"src":"n0","dest":"c2","body":{"type":"broadcast_ok","in_reply_to":69,"msg_id":70}}
[RECEIVED] {"id":142,"src":"c2","dest":"n0","body":{"type":"broadcast","message":35,"msg_id":70}}
[MATCH BROADCAST]
[BROADCAST] {"src":"n0","dest":"c2","body":{"type":"broadcast_ok","in_reply_to":70,"msg_id":71}}
[RECEIVED] {"id":144,"src":"c2","dest":"n0","body":{"type":"read","msg_id":71}}
[MATCH READ]
[READ] {"src":"n0","dest":"c2","body":{"type":"read_ok","messages":["0","1","10","11","12","13","14","15","16","17","18","19","2","20","21","22","23","24","25","26","27","28","29","3","30","31","32","33","34","35","4","5","6","7","8","9"],"in_reply_to":71,"msg_id":72}}
[RECEIVED] {"id":146,"src":"c2","dest":"n0","body":{"type":"read","msg_id":72}}
[MATCH READ]
[READ] {"src":"n0","dest":"c2","body":{"type":"read_ok","messages":["0","1","10","11","12","13","14","15","16","17","18","19","2","20","21","22","23","24","25","26","27","28","29","3","30","31","32","33","34","35","4","5","6","7","8","9"],"in_reply_to":72,"msg_id":73}}
[RECEIVED] {"id":148,"src":"c2","dest":"n0","body":{"type":"broadcast","message":36,"msg_id":73}}
[MATCH BROADCAST]
[BROADCAST] {"src":"n0","dest":"c2","body":{"type":"broadcast_ok","in_reply_to":73,"msg_id":74}}
[RECEIVED] {"id":150,"src":"c2","dest":"n0","body":{"type":"broadcast","message":37,"msg_id":74}}
[MATCH BROADCAST]
[BROADCAST] {"src":"n0","dest":"c2","body":{"type":"broadcast_ok","in_reply_to":74,"msg_id":75}}
[RECEIVED] {"id":152,"src":"c2","dest":"n0","body":{"type":"read","msg_id":75}}
[MATCH READ]
[READ] {"src":"n0","dest":"c2","body":{"type":"read_ok","messages":["0","1","10","11","12","13","14","15","16","17","18","19","2","20","21","22","23","24","25","26","27","28","29","3","30","31","32","33","34","35","36","37","4","5","6","7","8","9"],"in_reply_to":75,"msg_id":76}}
[RECEIVED] {"id":154,"src":"c2","dest":"n0","body":{"type":"broadcast","message":38,"msg_id":76}}
[MATCH BROADCAST]
[BROADCAST] {"src":"n0","dest":"c2","body":{"type":"broadcast_ok","in_reply_to":76,"msg_id":77}}
[RECEIVED] {"id":156,"src":"c2","dest":"n0","body":{"type":"broadcast","message":39,"msg_id":77}}
[MATCH BROADCAST]
[BROADCAST] {"src":"n0","dest":"c2","body":{"type":"broadcast_ok","in_reply_to":77,"msg_id":78}}
[RECEIVED] {"id":158,"src":"c2","dest":"n0","body":{"type":"read","msg_id":78}}
[MATCH READ]
[READ] {"src":"n0","dest":"c2","body":{"type":"read_ok","messages":["0","1","10","11","12","13","14","15","16","17","18","19","2","20","21","22","23","24","25","26","27","28","29","3","30","31","32","33","34","35","36","37","38","39","4","5","6","7","8","9"],"in_reply_to":78,"msg_id":79}}
[RECEIVED] {"id":160,"src":"c2","dest":"n0","body":{"type":"broadcast","message":40,"msg_id":79}}
[MATCH BROADCAST]
[BROADCAST] {"src":"n0","dest":"c2","body":{"type":"broadcast_ok","in_reply_to":79,"msg_id":80}}
[RECEIVED] {"id":162,"src":"c2","dest":"n0","body":{"type":"broadcast","message":41,"msg_id":80}}
[MATCH BROADCAST]
[BROADCAST] {"src":"n0","dest":"c2","body":{"type":"broadcast_ok","in_reply_to":80,"msg_id":81}}
[RECEIVED] {"id":164,"src":"c2","dest":"n0","body":{"type":"broadcast","message":42,"msg_id":81}}
[MATCH BROADCAST]
[BROADCAST] {"src":"n0","dest":"c2","body":{"type":"broadcast_ok","in_reply_to":81,"msg_id":82}}
[RECEIVED] {"id":166,"src":"c2","dest":"n0","body":{"type":"broadcast","message":43,"msg_id":82}}
[MATCH BROADCAST]
[BROADCAST] {"src":"n0","dest":"c2","body":{"type":"broadcast_ok","in_reply_to":82,"msg_id":83}}
[RECEIVED] {"id":168,"src":"c2","dest":"n0","body":{"type":"read","msg_id":83}}
[MATCH READ]
[READ] {"src":"n0","dest":"c2","body":{"type":"read_ok","messages":["0","1","10","11","12","13","14","15","16","17","18","19","2","20","21","22","23","24","25","26","27","28","29","3","30","31","32","33","34","35","36","37","38","39","4","40","41","42","43","5","6","7","8","9"],"in_reply_to":83,"msg_id":84}}
[RECEIVED] {"id":170,"src":"c2","dest":"n0","body":{"type":"read","msg_id":84}}
[MATCH READ]
[READ] {"src":"n0","dest":"c2","body":{"type":"read_ok","messages":["0","1","10","11","12","13","14","15","16","17","18","19","2","20","21","22","23","24","25","26","27","28","29","3","30","31","32","33","34","35","36","37","38","39","4","40","41","42","43","5","6","7","8","9"],"in_reply_to":84,"msg_id":85}}
[RECEIVED] {"id":172,"src":"c2","dest":"n0","body":{"type":"read","msg_id":85}}
[MATCH READ]
[READ] {"src":"n0","dest":"c2","body":{"type":"read_ok","messages":["0","1","10","11","12","13","14","15","16","17","18","19","2","20","21","22","23","24","25","26","27","28","29","3","30","31","32","33","34","35","36","37","38","39","4","40","41","42","43","5","6","7","8","9"],"in_reply_to":85,"msg_id":86}}
[RECEIVED] {"id":174,"src":"c2","dest":"n0","body":{"type":"read","msg_id":86}}
[MATCH READ]
[READ] {"src":"n0","dest":"c2","body":{"type":"read_ok","messages":["0","1","10","11","12","13","14","15","16","17","18","19","2","20","21","22","23","24","25","26","27","28","29","3","30","31","32","33","34","35","36","37","38","39","4","40","41","42","43","5","6","7","8","9"],"in_reply_to":86,"msg_id":87}}
[RECEIVED] {"id":176,"src":"c2","dest":"n0","body":{"type":"broadcast","message":44,"msg_id":87}}
[MATCH BROADCAST]
[BROADCAST] {"src":"n0","dest":"c2","body":{"type":"broadcast_ok","in_reply_to":87,"msg_id":88}}
[RECEIVED] {"id":178,"src":"c2","dest":"n0","body":{"type":"broadcast","message":45,"msg_id":88}}
[MATCH BROADCAST]
[BROADCAST] {"src":"n0","dest":"c2","body":{"type":"broadcast_ok","in_reply_to":88,"msg_id":89}}
[RECEIVED] {"id":180,"src":"c2","dest":"n0","body":{"type":"read","msg_id":89}}
[MATCH READ]
[READ] {"src":"n0","dest":"c2","body":{"type":"read_ok","messages":["0","1","10","11","12","13","14","15","16","17","18","19","2","20","21","22","23","24","25","26","27","28","29","3","30","31","32","33","34","35","36","37","38","39","4","40","41","42","43","44","45","5","6","7","8","9"],"in_reply_to":89,"msg_id":90}}
[RECEIVED] {"id":182,"src":"c2","dest":"n0","body":{"type":"broadcast","message":46,"msg_id":90}}
[MATCH BROADCAST]
[BROADCAST] {"src":"n0","dest":"c2","body":{"type":"broadcast_ok","in_reply_to":90,"msg_id":91}}
[RECEIVED] {"id":184,"src":"c2","dest":"n0","body":{"type":"broadcast","message":47,"msg_id":91}}
[MATCH BROADCAST]
[BROADCAST] {"src":"n0","dest":"c2","body":{"type":"broadcast_ok","in_reply_to":91,"msg_id":92}}
[RECEIVED] {"id":186,"src":"c2","dest":"n0","body":{"type":"broadcast","message":48,"msg_id":92}}
[MATCH BROADCAST]
[BROADCAST] {"src":"n0","dest":"c2","body":{"type":"broadcast_ok","in_reply_to":92,"msg_id":93}}
[RECEIVED] {"id":188,"src":"c2","dest":"n0","body":{"type":"broadcast","message":49,"msg_id":93}}
[MATCH BROADCAST]
[BROADCAST] {"src":"n0","dest":"c2","body":{"type":"broadcast_ok","in_reply_to":93,"msg_id":94}}
[RECEIVED] {"id":190,"src":"c2","dest":"n0","body":{"type":"read","msg_id":94}}
[MATCH READ]
[READ] {"src":"n0","dest":"c2","body":{"type":"read_ok","messages":["0","1","10","11","12","13","14","15","16","17","18","19","2","20","21","22","23","24","25","26","27","28","29","3","30","31","32","33","34","35","36","37","38","39","4","40","41","42","43","44","45","46","47","48","49","5","6","7","8","9"],"in_reply_to":94,"msg_id":95}}
[RECEIVED] {"id":192,"src":"c2","dest":"n0","body":{"type":"broadcast","message":50,"msg_id":95}}
[MATCH BROADCAST]
[BROADCAST] {"src":"n0","dest":"c2","body":{"type":"broadcast_ok","in_reply_to":95,"msg_id":96}}
[RECEIVED] {"id":194,"src":"c2","dest":"n0","body":{"type":"read","msg_id":96}}
[MATCH READ]
[READ] {"src":"n0","dest":"c2","body":{"type":"read_ok","messages":["0","1","10","11","12","13","14","15","16","17","18","19","2","20","21","22","23","24","25","26","27","28","29","3","30","31","32","33","34","35","36","37","38","39","4","40","41","42","43","44","45","46","47","48","49","5","50","6","7","8","9"],"in_reply_to":96,"msg_id":97}}
[RECEIVED] {"id":196,"src":"c2","dest":"n0","body":{"type":"read","msg_id":97}}
[MATCH READ]
[READ] {"src":"n0","dest":"c2","body":{"type":"read_ok","messages":["0","1","10","11","12","13","14","15","16","17","18","19","2","20","21","22","23","24","25","26","27","28","29","3","30","31","32","33","34","35","36","37","38","39","4","40","41","42","43","44","45","46","47","48","49","5","50","6","7","8","9"],"in_reply_to":97,"msg_id":98}}
[RECEIVED] {"id":198,"src":"c2","dest":"n0","body":{"type":"read","msg_id":98}}
[MATCH READ]
[READ] {"src":"n0","dest":"c2","body":{"type":"read_ok","messages":["0","1","10","11","12","13","14","15","16","17","18","19","2","20","21","22","23","24","25","26","27","28","29","3","30","31","32","33","34","35","36","37","38","39","4","40","41","42","43","44","45","46","47","48","49","5","50","6","7","8","9"],"in_reply_to":98,"msg_id":99}}
[RECEIVED] {"id":200,"src":"c2","dest":"n0","body":{"type":"broadcast","message":51,"msg_id":99}}
[MATCH BROADCAST]
[BROADCAST] {"src":"n0","dest":"c2","body":{"type":"broadcast_ok","in_reply_to":99,"msg_id":100}}
[RECEIVED] {"id":202,"src":"c2","dest":"n0","body":{"type":"read","msg_id":100}}
[MATCH READ]
[READ] {"src":"n0","dest":"c2","body":{"type":"read_ok","messages":["0","1","10","11","12","13","14","15","16","17","18","19","2","20","21","22","23","24","25","26","27","28","29","3","30","31","32","33","34","35","36","37","38","39","4","40","41","42","43","44","45","46","47","48","49","5","50","51","6","7","8","9"],"in_reply_to":100,"msg_id":101}}
[RECEIVED] {"id":204,"src":"c2","dest":"n0","body":{"type":"broadcast","message":52,"msg_id":101}}
[MATCH BROADCAST]
[BROADCAST] {"src":"n0","dest":"c2","body":{"type":"broadcast_ok","in_reply_to":101,"msg_id":102}}
[RECEIVED] {"id":206,"src":"c2","dest":"n0","body":{"type":"broadcast","message":53,"msg_id":102}}
[MATCH BROADCAST]
[BROADCAST] {"src":"n0","dest":"c2","body":{"type":"broadcast_ok","in_reply_to":102,"msg_id":103}}
[RECEIVED] {"id":208,"src":"c2","dest":"n0","body":{"type":"read","msg_id":103}}
[MATCH READ]
[READ] {"src":"n0","dest":"c2","body":{"type":"read_ok","messages":["0","1","10","11","12","13","14","15","16","17","18","19","2","20","21","22","23","24","25","26","27","28","29","3","30","31","32","33","34","35","36","37","38","39","4","40","41","42","43","44","45","46","47","48","49","5","50","51","52","53","6","7","8","9"],"in_reply_to":103,"msg_id":104}}
[RECEIVED] {"id":210,"src":"c2","dest":"n0","body":{"type":"broadcast","message":54,"msg_id":104}}
[MATCH BROADCAST]
[BROADCAST] {"src":"n0","dest":"c2","body":{"type":"broadcast_ok","in_reply_to":104,"msg_id":105}}
[RECEIVED] {"id":212,"src":"c2","dest":"n0","body":{"type":"broadcast","message":55,"msg_id":105}}
[MATCH BROADCAST]
[BROADCAST] {"src":"n0","dest":"c2","body":{"type":"broadcast_ok","in_reply_to":105,"msg_id":106}}
[RECEIVED] {"id":214,"src":"c2","dest":"n0","body":{"type":"read","msg_id":106}}
[MATCH READ]
[READ] {"src":"n0","dest":"c2","body":{"type":"read_ok","messages":["0","1","10","11","12","13","14","15","16","17","18","19","2","20","21","22","23","24","25","26","27","28","29","3","30","31","32","33","34","35","36","37","38","39","4","40","41","42","43","44","45","46","47","48","49","5","50","51","52","53","54","55","6","7","8","9"],"in_reply_to":106,"msg_id":107}}
[RECEIVED] {"id":216,"src":"c2","dest":"n0","body":{"type":"broadcast","message":56,"msg_id":107}}
[MATCH BROADCAST]
[BROADCAST] {"src":"n0","dest":"c2","body":{"type":"broadcast_ok","in_reply_to":107,"msg_id":108}}
[RECEIVED] {"id":218,"src":"c2","dest":"n0","body":{"type":"read","msg_id":108}}
[MATCH READ]
[READ] {"src":"n0","dest":"c2","body":{"type":"read_ok","messages":["0","1","10","11","12","13","14","15","16","17","18","19","2","20","21","22","23","24","25","26","27","28","29","3","30","31","32","33","34","35","36","37","38","39","4","40","41","42","43","44","45","46","47","48","49","5","50","51","52","53","54","55","56","6","7","8","9"],"in_reply_to":108,"msg_id":109}}
[RECEIVED] {"id":220,"src":"c2","dest":"n0","body":{"type":"read","msg_id":109}}
[MATCH READ]
[READ] {"src":"n0","dest":"c2","body":{"type":"read_ok","messages":["0","1","10","11","12","13","14","15","16","17","18","19","2","20","21","22","23","24","25","26","27","28","29","3","30","31","32","33","34","35","36","37","38","39","4","40","41","42","43","44","45","46","47","48","49","5","50","51","52","53","54","55","56","6","7","8","9"],"in_reply_to":109,"msg_id":110}}
[RECEIVED] {"id":222,"src":"c2","dest":"n0","body":{"type":"read","msg_id":110}}
[MATCH READ]
[READ] {"src":"n0","dest":"c2","body":{"type":"read_ok","messages":["0","1","10","11","12","13","14","15","16","17","18","19","2","20","21","22","23","24","25","26","27","28","29","3","30","31","32","33","34","35","36","37","38","39","4","40","41","42","43","44","45","46","47","48","49","5","50","51","52","53","54","55","56","6","7","8","9"],"in_reply_to":110,"msg_id":111}}
[RECEIVED] {"id":224,"src":"c2","dest":"n0","body":{"type":"broadcast","message":57,"msg_id":111}}
[MATCH BROADCAST]
[BROADCAST] {"src":"n0","dest":"c2","body":{"type":"broadcast_ok","in_reply_to":111,"msg_id":112}}
[RECEIVED] {"id":226,"src":"c2","dest":"n0","body":{"type":"read","msg_id":112}}
[MATCH READ]
[READ] {"src":"n0","dest":"c2","body":{"type":"read_ok","messages":["0","1","10","11","12","13","14","15","16","17","18","19","2","20","21","22","23","24","25","26","27","28","29","3","30","31","32","33","34","35","36","37","38","39","4","40","41","42","43","44","45","46","47","48","49","5","50","51","52","53","54","55","56","57","6","7","8","9"],"in_reply_to":112,"msg_id":113}}
[RECEIVED] {"id":228,"src":"c2","dest":"n0","body":{"type":"read","msg_id":113}}
[MATCH READ]
[READ] {"src":"n0","dest":"c2","body":{"type":"read_ok","messages":["0","1","10","11","12","13","14","15","16","17","18","19","2","20","21","22","23","24","25","26","27","28","29","3","30","31","32","33","34","35","36","37","38","39","4","40","41","42","43","44","45","46","47","48","49","5","50","51","52","53","54","55","56","57","6","7","8","9"],"in_reply_to":113,"msg_id":114}}
[RECEIVED] {"id":230,"src":"c2","dest":"n0","body":{"type":"read","msg_id":114}}
[MATCH READ]
[READ] {"src":"n0","dest":"c2","body":{"type":"read_ok","messages":["0","1","10","11","12","13","14","15","16","17","18","19","2","20","21","22","23","24","25","26","27","28","29","3","30","31","32","33","34","35","36","37","38","39","4","40","41","42","43","44","45","46","47","48","49","5","50","51","52","53","54","55","56","57","6","7","8","9"],"in_reply_to":114,"msg_id":115}}
[RECEIVED] {"id":232,"src":"c2","dest":"n0","body":{"type":"broadcast","message":58,"msg_id":115}}
[MATCH BROADCAST]
[BROADCAST] {"src":"n0","dest":"c2","body":{"type":"broadcast_ok","in_reply_to":115,"msg_id":116}}
[RECEIVED] {"id":234,"src":"c2","dest":"n0","body":{"type":"broadcast","message":59,"msg_id":116}}
[MATCH BROADCAST]
[BROADCAST] {"src":"n0","dest":"c2","body":{"type":"broadcast_ok","in_reply_to":116,"msg_id":117}}
[RECEIVED] {"id":236,"src":"c2","dest":"n0","body":{"type":"read","msg_id":117}}
[MATCH READ]
[READ] {"src":"n0","dest":"c2","body":{"type":"read_ok","messages":["0","1","10","11","12","13","14","15","16","17","18","19","2","20","21","22","23","24","25","26","27","28","29","3","30","31","32","33","34","35","36","37","38","39","4","40","41","42","43","44","45","46","47","48","49","5","50","51","52","53","54","55","56","57","58","59","6","7","8","9"],"in_reply_to":117,"msg_id":118}}
[RECEIVED] {"id":238,"src":"c2","dest":"n0","body":{"type":"read","msg_id":118}}
[MATCH READ]
[READ] {"src":"n0","dest":"c2","body":{"type":"read_ok","messages":["0","1","10","11","12","13","14","15","16","17","18","19","2","20","21","22","23","24","25","26","27","28","29","3","30","31","32","33","34","35","36","37","38","39","4","40","41","42","43","44","45","46","47","48","49","5","50","51","52","53","54","55","56","57","58","59","6","7","8","9"],"in_reply_to":118,"msg_id":119}}
[RECEIVED] {"id":240,"src":"c2","dest":"n0","body":{"type":"broadcast","message":60,"msg_id":119}}
[MATCH BROADCAST]
[BROADCAST] {"src":"n0","dest":"c2","body":{"type":"broadcast_ok","in_reply_to":119,"msg_id":120}}
[RECEIVED] {"id":242,"src":"c2","dest":"n0","body":{"type":"broadcast","message":61,"msg_id":120}}
[MATCH BROADCAST]
[BROADCAST] {"src":"n0","dest":"c2","body":{"type":"broadcast_ok","in_reply_to":120,"msg_id":121}}
[RECEIVED] {"id":244,"src":"c2","dest":"n0","body":{"type":"read","msg_id":121}}
[MATCH READ]
[READ] {"src":"n0","dest":"c2","body":{"type":"read_ok","messages":["0","1","10","11","12","13","14","15","16","17","18","19","2","20","21","22","23","24","25","26","27","28","29","3","30","31","32","33","34","35","36","37","38","39","4","40","41","42","43","44","45","46","47","48","49","5","50","51","52","53","54","55","56","57","58","59","6","60","61","7","8","9"],"in_reply_to":121,"msg_id":122}}
[RECEIVED] {"id":246,"src":"c2","dest":"n0","body":{"type":"broadcast","message":62,"msg_id":122}}
[MATCH BROADCAST]
[BROADCAST] {"src":"n0","dest":"c2","body":{"type":"broadcast_ok","in_reply_to":122,"msg_id":123}}
[RECEIVED] {"id":248,"src":"c2","dest":"n0","body":{"type":"broadcast","message":63,"msg_id":123}}
[MATCH BROADCAST]
[BROADCAST] {"src":"n0","dest":"c2","body":{"type":"broadcast_ok","in_reply_to":123,"msg_id":124}}
[RECEIVED] {"id":250,"src":"c2","dest":"n0","body":{"type":"broadcast","message":64,"msg_id":124}}
[MATCH BROADCAST]
[BROADCAST] {"src":"n0","dest":"c2","body":{"type":"broadcast_ok","in_reply_to":124,"msg_id":125}}
[RECEIVED] {"id":252,"src":"c2","dest":"n0","body":{"type":"broadcast","message":65,"msg_id":125}}
[MATCH BROADCAST]
[BROADCAST] {"src":"n0","dest":"c2","body":{"type":"broadcast_ok","in_reply_to":125,"msg_id":126}}
[RECEIVED] {"id":254,"src":"c2","dest":"n0","body":{"type":"broadcast","message":66,"msg_id":126}}
[MATCH BROADCAST]
[BROADCAST] {"src":"n0","dest":"c2","body":{"type":"broadcast_ok","in_reply_to":126,"msg_id":127}}
[RECEIVED] {"id":256,"src":"c2","dest":"n0","body":{"type":"read","msg_id":127}}
[MATCH READ]
[READ] {"src":"n0","dest":"c2","body":{"type":"read_ok","messages":["0","1","10","11","12","13","14","15","16","17","18","19","2","20","21","22","23","24","25","26","27","28","29","3","30","31","32","33","34","35","36","37","38","39","4","40","41","42","43","44","45","46","47","48","49","5","50","51","52","53","54","55","56","57","58","59","6","60","61","62","63","64","65","66","7","8","9"],"in_reply_to":127,"msg_id":128}}
[RECEIVED] {"id":258,"src":"c2","dest":"n0","body":{"type":"read","msg_id":128}}
[MATCH READ]
[READ] {"src":"n0","dest":"c2","body":{"type":"read_ok","messages":["0","1","10","11","12","13","14","15","16","17","18","19","2","20","21","22","23","24","25","26","27","28","29","3","30","31","32","33","34","35","36","37","38","39","4","40","41","42","43","44","45","46","47","48","49","5","50","51","52","53","54","55","56","57","58","59","6","60","61","62","63","64","65","66","7","8","9"],"in_reply_to":128,"msg_id":129}}
[RECEIVED] {"id":260,"src":"c2","dest":"n0","body":{"type":"read","msg_id":129}}
[MATCH READ]
[READ] {"src":"n0","dest":"c2","body":{"type":"read_ok","messages":["0","1","10","11","12","13","14","15","16","17","18","19","2","20","21","22","23","24","25","26","27","28","29","3","30","31","32","33","34","35","36","37","38","39","4","40","41","42","43","44","45","46","47","48","49","5","50","51","52","53","54","55","56","57","58","59","6","60","61","62","63","64","65","66","7","8","9"],"in_reply_to":129,"msg_id":130}}
[RECEIVED] {"id":262,"src":"c2","dest":"n0","body":{"type":"read","msg_id":130}}
[MATCH READ]
[READ] {"src":"n0","dest":"c2","body":{"type":"read_ok","messages":["0","1","10","11","12","13","14","15","16","17","18","19","2","20","21","22","23","24","25","26","27","28","29","3","30","31","32","33","34","35","36","37","38","39","4","40","41","42","43","44","45","46","47","48","49","5","50","51","52","53","54","55","56","57","58","59","6","60","61","62","63","64","65","66","7","8","9"],"in_reply_to":130,"msg_id":131}}
[RECEIVED] {"id":264,"src":"c2","dest":"n0","body":{"type":"broadcast","message":67,"msg_id":131}}
[MATCH BROADCAST]
[BROADCAST] {"src":"n0","dest":"c2","body":{"type":"broadcast_ok","in_reply_to":131,"msg_id":132}}
[RECEIVED] {"id":266,"src":"c2","dest":"n0","body":{"type":"read","msg_id":132}}
[MATCH READ]
[READ] {"src":"n0","dest":"c2","body":{"type":"read_ok","messages":["0","1","10","11","12","13","14","15","16","17","18","19","2","20","21","22","23","24","25","26","27","28","29","3","30","31","32","33","34","35","36","37","38","39","4","40","41","42","43","44","45","46","47","48","49","5","50","51","52","53","54","55","56","57","58","59","6","60","61","62","63","64","65","66","67","7","8","9"],"in_reply_to":132,"msg_id":133}}
[RECEIVED] {"id":268,"src":"c2","dest":"n0","body":{"type":"read","msg_id":133}}
[MATCH READ]
[READ] {"src":"n0","dest":"c2","body":{"type":"read_ok","messages":["0","1","10","11","12","13","14","15","16","17","18","19","2","20","21","22","23","24","25","26","27","28","29","3","30","31","32","33","34","35","36","37","38","39","4","40","41","42","43","44","45","46","47","48","49","5","50","51","52","53","54","55","56","57","58","59","6","60","61","62","63","64","65","66","67","7","8","9"],"in_reply_to":133,"msg_id":134}}
[RECEIVED] {"id":270,"src":"c2","dest":"n0","body":{"type":"read","msg_id":134}}
[MATCH READ]
[READ] {"src":"n0","dest":"c2","body":{"type":"read_ok","messages":["0","1","10","11","12","13","14","15","16","17","18","19","2","20","21","22","23","24","25","26","27","28","29","3","30","31","32","33","34","35","36","37","38","39","4","40","41","42","43","44","45","46","47","48","49","5","50","51","52","53","54","55","56","57","58","59","6","60","61","62","63","64","65","66","67","7","8","9"],"in_reply_to":134,"msg_id":135}}
[RECEIVED] {"id":272,"src":"c2","dest":"n0","body":{"type":"read","msg_id":135}}
[MATCH READ]
[READ] {"src":"n0","dest":"c2","body":{"type":"read_ok","messages":["0","1","10","11","12","13","14","15","16","17","18","19","2","20","21","22","23","24","25","26","27","28","29","3","30","31","32","33","34","35","36","37","38","39","4","40","41","42","43","44","45","46","47","48","49","5","50","51","52","53","54","55","56","57","58","59","6","60","61","62","63","64","65","66","67","7","8","9"],"in_reply_to":135,"msg_id":136}}
[RECEIVED] {"id":274,"src":"c2","dest":"n0","body":{"type":"broadcast","message":68,"msg_id":136}}
[MATCH BROADCAST]
[BROADCAST] {"src":"n0","dest":"c2","body":{"type":"broadcast_ok","in_reply_to":136,"msg_id":137}}
[RECEIVED] {"id":276,"src":"c2","dest":"n0","body":{"type":"broadcast","message":69,"msg_id":137}}
[MATCH BROADCAST]
[BROADCAST] {"src":"n0","dest":"c2","body":{"type":"broadcast_ok","in_reply_to":137,"msg_id":138}}
[RECEIVED] {"id":278,"src":"c2","dest":"n0","body":{"type":"read","msg_id":138}}
[MATCH READ]
[READ] {"src":"n0","dest":"c2","body":{"type":"read_ok","messages":["0","1","10","11","12","13","14","15","16","17","18","19","2","20","21","22","23","24","25","26","27","28","29","3","30","31","32","33","34","35","36","37","38","39","4","40","41","42","43","44","45","46","47","48","49","5","50","51","52","53","54","55","56","57","58","59","6","60","61","62","63","64","65","66","67","68","69","7","8","9"],"in_reply_to":138,"msg_id":139}}
[RECEIVED] {"id":280,"src":"c2","dest":"n0","body":{"type":"broadcast","message":70,"msg_id":139}}
[MATCH BROADCAST]
[BROADCAST] {"src":"n0","dest":"c2","body":{"type":"broadcast_ok","in_reply_to":139,"msg_id":140}}
[RECEIVED] {"id":282,"src":"c2","dest":"n0","body":{"type":"read","msg_id":140}}
[MATCH READ]
[READ] {"src":"n0","dest":"c2","body":{"type":"read_ok","messages":["0","1","10","11","12","13","14","15","16","17","18","19","2","20","21","22","23","24","25","26","27","28","29","3","30","31","32","33","34","35","36","37","38","39","4","40","41","42","43","44","45","46","47","48","49","5","50","51","52","53","54","55","56","57","58","59","6","60","61","62","63","64","65","66","67","68","69","7","70","8","9"],"in_reply_to":140,"msg_id":141}}
[RECEIVED] {"id":284,"src":"c2","dest":"n0","body":{"type":"read","msg_id":141}}
[MATCH READ]
[READ] {"src":"n0","dest":"c2","body":{"type":"read_ok","messages":["0","1","10","11","12","13","14","15","16","17","18","19","2","20","21","22","23","24","25","26","27","28","29","3","30","31","32","33","34","35","36","37","38","39","4","40","41","42","43","44","45","46","47","48","49","5","50","51","52","53","54","55","56","57","58","59","6","60","61","62","63","64","65","66","67","68","69","7","70","8","9"],"in_reply_to":141,"msg_id":142}}
[RECEIVED] {"id":286,"src":"c2","dest":"n0","body":{"type":"read","msg_id":142}}
[MATCH READ]
[READ] {"src":"n0","dest":"c2","body":{"type":"read_ok","messages":["0","1","10","11","12","13","14","15","16","17","18","19","2","20","21","22","23","24","25","26","27","28","29","3","30","31","32","33","34","35","36","37","38","39","4","40","41","42","43","44","45","46","47","48","49","5","50","51","52","53","54","55","56","57","58","59","6","60","61","62","63","64","65","66","67","68","69","7","70","8","9"],"in_reply_to":142,"msg_id":143}}
[RECEIVED] {"id":288,"src":"c2","dest":"n0","body":{"type":"read","msg_id":143}}
[MATCH READ]
[READ] {"src":"n0","dest":"c2","body":{"type":"read_ok","messages":["0","1","10","11","12","13","14","15","16","17","18","19","2","20","21","22","23","24","25","26","27","28","29","3","30","31","32","33","34","35","36","37","38","39","4","40","41","42","43","44","45","46","47","48","49","5","50","51","52","53","54","55","56","57","58","59","6","60","61","62","63","64","65","66","67","68","69","7","70","8","9"],"in_reply_to":143,"msg_id":144}}
[RECEIVED] {"id":290,"src":"c2","dest":"n0","body":{"type":"read","msg_id":144}}
[MATCH READ]
[READ] {"src":"n0","dest":"c2","body":{"type":"read_ok","messages":["0","1","10","11","12","13","14","15","16","17","18","19","2","20","21","22","23","24","25","26","27","28","29","3","30","31","32","33","34","35","36","37","38","39","4","40","41","42","43","44","45","46","47","48","49","5","50","51","52","53","54","55","56","57","58","59","6","60","61","62","63","64","65","66","67","68","69","7","70","8","9"],"in_reply_to":144,"msg_id":145}}
[RECEIVED] {"id":292,"src":"c2","dest":"n0","body":{"type":"read","msg_id":145}}
[MATCH READ]
[READ] {"src":"n0","dest":"c2","body":{"type":"read_ok","messages":["0","1","10","11","12","13","14","15","16","17","18","19","2","20","21","22","23","24","25","26","27","28","29","3","30","31","32","33","34","35","36","37","38","39","4","40","41","42","43","44","45","46","47","48","49","5","50","51","52","53","54","55","56","57","58","59","6","60","61","62","63","64","65","66","67","68","69","7","70","8","9"],"in_reply_to":145,"msg_id":146}}
[RECEIVED] {"id":294,"src":"c2","dest":"n0","body":{"type":"read","msg_id":146}}
[MATCH READ]
[READ] {"src":"n0","dest":"c2","body":{"type":"read_ok","messages":["0","1","10","11","12","13","14","15","16","17","18","19","2","20","21","22","23","24","25","26","27","28","29","3","30","31","32","33","34","35","36","37","38","39","4","40","41","42","43","44","45","46","47","48","49","5","50","51","52","53","54","55","56","57","58","59","6","60","61","62","63","64","65","66","67","68","69","7","70","8","9"],"in_reply_to":146,"msg_id":147}}
[RECEIVED] {"id":296,"src":"c2","dest":"n0","body":{"type":"read","msg_id":147}}
[MATCH READ]
[READ] {"src":"n0","dest":"c2","body":{"type":"read_ok","messages":["0","1","10","11","12","13","14","15","16","17","18","19","2","20","21","22","23","24","25","26","27","28","29","3","30","31","32","33","34","35","36","37","38","39","4","40","41","42","43","44","45","46","47","48","49","5","50","51","52","53","54","55","56","57","58","59","6","60","61","62","63","64","65","66","67","68","69","7","70","8","9"],"in_reply_to":147,"msg_id":148}}
[RECEIVED] {"id":298,"src":"c2","dest":"n0","body":{"type":"broadcast","message":71,"msg_id":148}}
[MATCH BROADCAST]
[BROADCAST] {"src":"n0","dest":"c2","body":{"type":"broadcast_ok","in_reply_to":148,"msg_id":149}}
[RECEIVED] {"id":300,"src":"c2","dest":"n0","body":{"type":"read","msg_id":149}}
[MATCH READ]
[READ] {"src":"n0","dest":"c2","body":{"type":"read_ok","messages":["0","1","10","11","12","13","14","15","16","17","18","19","2","20","21","22","23","24","25","26","27","28","29","3","30","31","32","33","34","35","36","37","38","39","4","40","41","42","43","44","45","46","47","48","49","5","50","51","52","53","54","55","56","57","58","59","6","60","61","62","63","64","65","66","67","68","69","7","70","71","8","9"],"in_reply_to":149,"msg_id":150}}
[RECEIVED] {"id":302,"src":"c2","dest":"n0","body":{"type":"broadcast","message":72,"msg_id":150}}
[MATCH BROADCAST]
[BROADCAST] {"src":"n0","dest":"c2","body":{"type":"broadcast_ok","in_reply_to":150,"msg_id":151}}
[RECEIVED] {"id":304,"src":"c2","dest":"n0","body":{"type":"read","msg_id":151}}
[MATCH READ]
[READ] {"src":"n0","dest":"c2","body":{"type":"read_ok","messages":["0","1","10","11","12","13","14","15","16","17","18","19","2","20","21","22","23","24","25","26","27","28","29","3","30","31","32","33","34","35","36","37","38","39","4","40","41","42","43","44","45","46","47","48","49","5","50","51","52","53","54","55","56","57","58","59","6","60","61","62","63","64","65","66","67","68","69","7","70","71","72","8","9"],"in_reply_to":151,"msg_id":152}}
[RECEIVED] {"id":306,"src":"c2","dest":"n0","body":{"type":"broadcast","message":73,"msg_id":152}}
[MATCH BROADCAST]
[BROADCAST] {"src":"n0","dest":"c2","body":{"type":"broadcast_ok","in_reply_to":152,"msg_id":153}}
[RECEIVED] {"id":308,"src":"c2","dest":"n0","body":{"type":"read","msg_id":153}}
[MATCH READ]
[READ] {"src":"n0","dest":"c2","body":{"type":"read_ok","messages":["0","1","10","11","12","13","14","15","16","17","18","19","2","20","21","22","23","24","25","26","27","28","29","3","30","31","32","33","34","35","36","37","38","39","4","40","41","42","43","44","45","46","47","48","49","5","50","51","52","53","54","55","56","57","58","59","6","60","61","62","63","64","65","66","67","68","69","7","70","71","72","73","8","9"],"in_reply_to":153,"msg_id":154}}
[RECEIVED] {"id":310,"src":"c2","dest":"n0","body":{"type":"broadcast","message":74,"msg_id":154}}
[MATCH BROADCAST]
[BROADCAST] {"src":"n0","dest":"c2","body":{"type":"broadcast_ok","in_reply_to":154,"msg_id":155}}
[RECEIVED] {"id":312,"src":"c2","dest":"n0","body":{"type":"read","msg_id":155}}
[MATCH READ]
[READ] {"src":"n0","dest":"c2","body":{"type":"read_ok","messages":["0","1","10","11","12","13","14","15","16","17","18","19","2","20","21","22","23","24","25","26","27","28","29","3","30","31","32","33","34","35","36","37","38","39","4","40","41","42","43","44","45","46","47","48","49","5","50","51","52","53","54","55","56","57","58","59","6","60","61","62","63","64","65","66","67","68","69","7","70","71","72","73","74","8","9"],"in_reply_to":155,"msg_id":156}}
[RECEIVED] {"id":314,"src":"c2","dest":"n0","body":{"type":"read","msg_id":156}}
[MATCH READ]
[READ] {"src":"n0","dest":"c2","body":{"type":"read_ok","messages":["0","1","10","11","12","13","14","15","16","17","18","19","2","20","21","22","23","24","25","26","27","28","29","3","30","31","32","33","34","35","36","37","38","39","4","40","41","42","43","44","45","46","47","48","49","5","50","51","52","53","54","55","56","57","58","59","6","60","61","62","63","64","65","66","67","68","69","7","70","71","72","73","74","8","9"],"in_reply_to":156,"msg_id":157}}
[RECEIVED] {"id":316,"src":"c2","dest":"n0","body":{"type":"read","msg_id":157}}
[MATCH READ]
[READ] {"src":"n0","dest":"c2","body":{"type":"read_ok","messages":["0","1","10","11","12","13","14","15","16","17","18","19","2","20","21","22","23","24","25","26","27","28","29","3","30","31","32","33","34","35","36","37","38","39","4","40","41","42","43","44","45","46","47","48","49","5","50","51","52","53","54","55","56","57","58","59","6","60","61","62","63","64","65","66","67","68","69","7","70","71","72","73","74","8","9"],"in_reply_to":157,"msg_id":158}}
[RECEIVED] {"id":318,"src":"c2","dest":"n0","body":{"type":"read","msg_id":158}}
[MATCH READ]
[READ] {"src":"n0","dest":"c2","body":{"type":"read_ok","messages":["0","1","10","11","12","13","14","15","16","17","18","19","2","20","21","22","23","24","25","26","27","28","29","3","30","31","32","33","34","35","36","37","38","39","4","40","41","42","43","44","45","46","47","48","49","5","50","51","52","53","54","55","56","57","58","59","6","60","61","62","63","64","65","66","67","68","69","7","70","71","72","73","74","8","9"],"in_reply_to":158,"msg_id":159}}
[RECEIVED] {"id":320,"src":"c2","dest":"n0","body":{"type":"broadcast","message":75,"msg_id":159}}
[MATCH BROADCAST]
[BROADCAST] {"src":"n0","dest":"c2","body":{"type":"broadcast_ok","in_reply_to":159,"msg_id":160}}
[RECEIVED] {"id":322,"src":"c2","dest":"n0","body":{"type":"read","msg_id":160}}
[MATCH READ]
[READ] {"src":"n0","dest":"c2","body":{"type":"read_ok","messages":["0","1","10","11","12","13","14","15","16","17","18","19","2","20","21","22","23","24","25","26","27","28","29","3","30","31","32","33","34","35","36","37","38","39","4","40","41","42","43","44","45","46","47","48","49","5","50","51","52","53","54","55","56","57","58","59","6","60","61","62","63","64","65","66","67","68","69","7","70","71","72","73","74","75","8","9"],"in_reply_to":160,"msg_id":161}}
[RECEIVED] {"id":324,"src":"c2","dest":"n0","body":{"type":"read","msg_id":161}}
[MATCH READ]
[READ] {"src":"n0","dest":"c2","body":{"type":"read_ok","messages":["0","1","10","11","12","13","14","15","16","17","18","19","2","20","21","22","23","24","25","26","27","28","29","3","30","31","32","33","34","35","36","37","38","39","4","40","41","42","43","44","45","46","47","48","49","5","50","51","52","53","54","55","56","57","58","59","6","60","61","62","63","64","65","66","67","68","69","7","70","71","72","73","74","75","8","9"],"in_reply_to":161,"msg_id":162}}
[RECEIVED] {"id":326,"src":"c2","dest":"n0","body":{"type":"broadcast","message":76,"msg_id":162}}
[MATCH BROADCAST]
[BROADCAST] {"src":"n0","dest":"c2","body":{"type":"broadcast_ok","in_reply_to":162,"msg_id":163}}
[RECEIVED] {"id":328,"src":"c2","dest":"n0","body":{"type":"read","msg_id":163}}
[MATCH READ]
[READ] {"src":"n0","dest":"c2","body":{"type":"read_ok","messages":["0","1","10","11","12","13","14","15","16","17","18","19","2","20","21","22","23","24","25","26","27","28","29","3","30","31","32","33","34","35","36","37","38","39","4","40","41","42","43","44","45","46","47","48","49","5","50","51","52","53","54","55","56","57","58","59","6","60","61","62","63","64","65","66","67","68","69","7","70","71","72","73","74","75","76","8","9"],"in_reply_to":163,"msg_id":164}}
[RECEIVED] {"id":330,"src":"c2","dest":"n0","body":{"type":"read","msg_id":164}}
[MATCH READ]
[READ] {"src":"n0","dest":"c2","body":{"type":"read_ok","messages":["0","1","10","11","12","13","14","15","16","17","18","19","2","20","21","22","23","24","25","26","27","28","29","3","30","31","32","33","34","35","36","37","38","39","4","40","41","42","43","44","45","46","47","48","49","5","50","51","52","53","54","55","56","57","58","59","6","60","61","62","63","64","65","66","67","68","69","7","70","71","72","73","74","75","76","8","9"],"in_reply_to":164,"msg_id":165}}
[RECEIVED] {"id":332,"src":"c2","dest":"n0","body":{"type":"read","msg_id":165}}
[MATCH READ]
[READ] {"src":"n0","dest":"c2","body":{"type":"read_ok","messages":["0","1","10","11","12","13","14","15","16","17","18","19","2","20","21","22","23","24","25","26","27","28","29","3","30","31","32","33","34","35","36","37","38","39","4","40","41","42","43","44","45","46","47","48","49","5","50","51","52","53","54","55","56","57","58","59","6","60","61","62","63","64","65","66","67","68","69","7","70","71","72","73","74","75","76","8","9"],"in_reply_to":165,"msg_id":166}}
[RECEIVED] {"id":334,"src":"c2","dest":"n0","body":{"type":"broadcast","message":77,"msg_id":166}}
[MATCH BROADCAST]
[BROADCAST] {"src":"n0","dest":"c2","body":{"type":"broadcast_ok","in_reply_to":166,"msg_id":167}}
[RECEIVED] {"id":336,"src":"c2","dest":"n0","body":{"type":"read","msg_id":167}}
[MATCH READ]
[READ] {"src":"n0","dest":"c2","body":{"type":"read_ok","messages":["0","1","10","11","12","13","14","15","16","17","18","19","2","20","21","22","23","24","25","26","27","28","29","3","30","31","32","33","34","35","36","37","38","39","4","40","41","42","43","44","45","46","47","48","49","5","50","51","52","53","54","55","56","57","58","59","6","60","61","62","63","64","65","66","67","68","69","7","70","71","72","73","74","75","76","77","8","9"],"in_reply_to":167,"msg_id":168}}
[RECEIVED] {"id":338,"src":"c2","dest":"n0","body":{"type":"read","msg_id":168}}
[MATCH READ]
[READ] {"src":"n0","dest":"c2","body":{"type":"read_ok","messages":["0","1","10","11","12","13","14","15","16","17","18","19","2","20","21","22","23","24","25","26","27","28","29","3","30","31","32","33","34","35","36","37","38","39","4","40","41","42","43","44","45","46","47","48","49","5","50","51","52","53","54","55","56","57","58","59","6","60","61","62","63","64","65","66","67","68","69","7","70","71","72","73","74","75","76","77","8","9"],"in_reply_to":168,"msg_id":169}}
[RECEIVED] {"id":340,"src":"c2","dest":"n0","body":{"type":"broadcast","message":78,"msg_id":169}}
[MATCH BROADCAST]
[BROADCAST] {"src":"n0","dest":"c2","body":{"type":"broadcast_ok","in_reply_to":169,"msg_id":170}}
[RECEIVED] {"id":342,"src":"c2","dest":"n0","body":{"type":"read","msg_id":170}}
[MATCH READ]
[READ] {"src":"n0","dest":"c2","body":{"type":"read_ok","messages":["0","1","10","11","12","13","14","15","16","17","18","19","2","20","21","22","23","24","25","26","27","28","29","3","30","31","32","33","34","35","36","37","38","39","4","40","41","42","43","44","45","46","47","48","49","5","50","51","52","53","54","55","56","57","58","59","6","60","61","62","63","64","65","66","67","68","69","7","70","71","72","73","74","75","76","77","78","8","9"],"in_reply_to":170,"msg_id":171}}
[RECEIVED] {"id":344,"src":"c2","dest":"n0","body":{"type":"broadcast","message":79,"msg_id":171}}
[MATCH BROADCAST]
[BROADCAST] {"src":"n0","dest":"c2","body":{"type":"broadcast_ok","in_reply_to":171,"msg_id":172}}
[RECEIVED] {"id":346,"src":"c2","dest":"n0","body":{"type":"broadcast","message":80,"msg_id":172}}
[MATCH BROADCAST]
[BROADCAST] {"src":"n0","dest":"c2","body":{"type":"broadcast_ok","in_reply_to":172,"msg_id":173}}
[RECEIVED] {"id":348,"src":"c2","dest":"n0","body":{"type":"broadcast","message":81,"msg_id":173}}
[MATCH BROADCAST]
[BROADCAST] {"src":"n0","dest":"c2","body":{"type":"broadcast_ok","in_reply_to":173,"msg_id":174}}
[RECEIVED] {"id":350,"src":"c2","dest":"n0","body":{"type":"broadcast","message":82,"msg_id":174}}
[MATCH BROADCAST]
[BROADCAST] {"src":"n0","dest":"c2","body":{"type":"broadcast_ok","in_reply_to":174,"msg_id":175}}
[RECEIVED] {"id":352,"src":"c2","dest":"n0","body":{"type":"read","msg_id":175}}
[MATCH READ]
[READ] {"src":"n0","dest":"c2","body":{"type":"read_ok","messages":["0","1","10","11","12","13","14","15","16","17","18","19","2","20","21","22","23","24","25","26","27","28","29","3","30","31","32","33","34","35","36","37","38","39","4","40","41","42","43","44","45","46","47","48","49","5","50","51","52","53","54","55","56","57","58","59","6","60","61","62","63","64","65","66","67","68","69","7","70","71","72","73","74","75","76","77","78","79","8","80","81","82","9"],"in_reply_to":175,"msg_id":176}}
[RECEIVED] {"id":354,"src":"c2","dest":"n0","body":{"type":"read","msg_id":176}}
[MATCH READ]
[READ] {"src":"n0","dest":"c2","body":{"type":"read_ok","messages":["0","1","10","11","12","13","14","15","16","17","18","19","2","20","21","22","23","24","25","26","27","28","29","3","30","31","32","33","34","35","36","37","38","39","4","40","41","42","43","44","45","46","47","48","49","5","50","51","52","53","54","55","56","57","58","59","6","60","61","62","63","64","65","66","67","68","69","7","70","71","72","73","74","75","76","77","78","79","8","80","81","82","9"],"in_reply_to":176,"msg_id":177}}
[RECEIVED] {"id":356,"src":"c2","dest":"n0","body":{"type":"broadcast","message":83,"msg_id":177}}
[MATCH BROADCAST]
[BROADCAST] {"src":"n0","dest":"c2","body":{"type":"broadcast_ok","in_reply_to":177,"msg_id":178}}
[RECEIVED] {"id":358,"src":"c2","dest":"n0","body":{"type":"broadcast","message":84,"msg_id":178}}
[MATCH BROADCAST]
[BROADCAST] {"src":"n0","dest":"c2","body":{"type":"broadcast_ok","in_reply_to":178,"msg_id":179}}
[RECEIVED] {"id":360,"src":"c2","dest":"n0","body":{"type":"read","msg_id":179}}
[MATCH READ]
[READ] {"src":"n0","dest":"c2","body":{"type":"read_ok","messages":["0","1","10","11","12","13","14","15","16","17","18","19","2","20","21","22","23","24","25","26","27","28","29","3","30","31","32","33","34","35","36","37","38","39","4","40","41","42","43","44","45","46","47","48","49","5","50","51","52","53","54","55","56","57","58","59","6","60","61","62","63","64","65","66","67","68","69","7","70","71","72","73","74","75","76","77","78","79","8","80","81","82","83","84","9"],"in_reply_to":179,"msg_id":180}}
[RECEIVED] {"id":362,"src":"c2","dest":"n0","body":{"type":"broadcast","message":85,"msg_id":180}}
[MATCH BROADCAST]
[BROADCAST] {"src":"n0","dest":"c2","body":{"type":"broadcast_ok","in_reply_to":180,"msg_id":181}}
[RECEIVED] {"id":364,"src":"c2","dest":"n0","body":{"type":"broadcast","message":86,"msg_id":181}}
[MATCH BROADCAST]
[BROADCAST] {"src":"n0","dest":"c2","body":{"type":"broadcast_ok","in_reply_to":181,"msg_id":182}}
[RECEIVED] {"id":366,"src":"c2","dest":"n0","body":{"type":"read","msg_id":182}}
[MATCH READ]
[READ] {"src":"n0","dest":"c2","body":{"type":"read_ok","messages":["0","1","10","11","12","13","14","15","16","17","18","19","2","20","21","22","23","24","25","26","27","28","29","3","30","31","32","33","34","35","36","37","38","39","4","40","41","42","43","44","45","46","47","48","49","5","50","51","52","53","54","55","56","57","58","59","6","60","61","62","63","64","65","66","67","68","69","7","70","71","72","73","74","75","76","77","78","79","8","80","81","82","83","84","85","86","9"],"in_reply_to":182,"msg_id":183}}
[RECEIVED] {"id":368,"src":"c2","dest":"n0","body":{"type":"read","msg_id":183}}
[MATCH READ]
[READ] {"src":"n0","dest":"c2","body":{"type":"read_ok","messages":["0","1","10","11","12","13","14","15","16","17","18","19","2","20","21","22","23","24","25","26","27","28","29","3","30","31","32","33","34","35","36","37","38","39","4","40","41","42","43","44","45","46","47","48","49","5","50","51","52","53","54","55","56","57","58","59","6","60","61","62","63","64","65","66","67","68","69","7","70","71","72","73","74","75","76","77","78","79","8","80","81","82","83","84","85","86","9"],"in_reply_to":183,"msg_id":184}}
[RECEIVED] {"id":370,"src":"c2","dest":"n0","body":{"type":"read","msg_id":184}}
[MATCH READ]
[READ] {"src":"n0","dest":"c2","body":{"type":"read_ok","messages":["0","1","10","11","12","13","14","15","16","17","18","19","2","20","21","22","23","24","25","26","27","28","29","3","30","31","32","33","34","35","36","37","38","39","4","40","41","42","43","44","45","46","47","48","49","5","50","51","52","53","54","55","56","57","58","59","6","60","61","62","63","64","65","66","67","68","69","7","70","71","72","73","74","75","76","77","78","79","8","80","81","82","83","84","85","86","9"],"in_reply_to":184,"msg_id":185}}
[RECEIVED] {"id":372,"src":"c2","dest":"n0","body":{"type":"broadcast","message":87,"msg_id":185}}
[MATCH BROADCAST]
[BROADCAST] {"src":"n0","dest":"c2","body":{"type":"broadcast_ok","in_reply_to":185,"msg_id":186}}
[RECEIVED] {"id":374,"src":"c2","dest":"n0","body":{"type":"read","msg_id":186}}
[MATCH READ]
[READ] {"src":"n0","dest":"c2","body":{"type":"read_ok","messages":["0","1","10","11","12","13","14","15","16","17","18","19","2","20","21","22","23","24","25","26","27","28","29","3","30","31","32","33","34","35","36","37","38","39","4","40","41","42","43","44","45","46","47","48","49","5","50","51","52","53","54","55","56","57","58","59","6","60","61","62","63","64","65","66","67","68","69","7","70","71","72","73","74","75","76","77","78","79","8","80","81","82","83","84","85","86","87","9"],"in_reply_to":186,"msg_id":187}}
[RECEIVED] {"id":376,"src":"c2","dest":"n0","body":{"type":"read","msg_id":187}}
[MATCH READ]
[READ] {"src":"n0","dest":"c2","body":{"type":"read_ok","messages":["0","1","10","11","12","13","14","15","16","17","18","19","2","20","21","22","23","24","25","26","27","28","29","3","30","31","32","33","34","35","36","37","38","39","4","40","41","42","43","44","45","46","47","48","49","5","50","51","52","53","54","55","56","57","58","59","6","60","61","62","63","64","65","66","67","68","69","7","70","71","72","73","74","75","76","77","78","79","8","80","81","82","83","84","85","86","87","9"],"in_reply_to":187,"msg_id":188}}
[RECEIVED] {"id":378,"src":"c2","dest":"n0","body":{"type":"read","msg_id":188}}
[MATCH READ]
[READ] {"src":"n0","dest":"c2","body":{"type":"read_ok","messages":["0","1","10","11","12","13","14","15","16","17","18","19","2","20","21","22","23","24","25","26","27","28","29","3","30","31","32","33","34","35","36","37","38","39","4","40","41","42","43","44","45","46","47","48","49","5","50","51","52","53","54","55","56","57","58","59","6","60","61","62","63","64","65","66","67","68","69","7","70","71","72","73","74","75","76","77","78","79","8","80","81","82","83","84","85","86","87","9"],"in_reply_to":188,"msg_id":189}}
[RECEIVED] {"id":380,"src":"c2","dest":"n0","body":{"type":"read","msg_id":189}}
[MATCH READ]
[READ] {"src":"n0","dest":"c2","body":{"type":"read_ok","messages":["0","1","10","11","12","13","14","15","16","17","18","19","2","20","21","22","23","24","25","26","27","28","29","3","30","31","32","33","34","35","36","37","38","39","4","40","41","42","43","44","45","46","47","48","49","5","50","51","52","53","54","55","56","57","58","59","6","60","61","62","63","64","65","66","67","68","69","7","70","71","72","73","74","75","76","77","78","79","8","80","81","82","83","84","85","86","87","9"],"in_reply_to":189,"msg_id":190}}
[RECEIVED] {"id":382,"src":"c2","dest":"n0","body":{"type":"broadcast","message":88,"msg_id":190}}
[MATCH BROADCAST]
[BROADCAST] {"src":"n0","dest":"c2","body":{"type":"broadcast_ok","in_reply_to":190,"msg_id":191}}
[RECEIVED] {"id":384,"src":"c2","dest":"n0","body":{"type":"read","msg_id":191}}
[MATCH READ]
[READ] {"src":"n0","dest":"c2","body":{"type":"read_ok","messages":["0","1","10","11","12","13","14","15","16","17","18","19","2","20","21","22","23","24","25","26","27","28","29","3","30","31","32","33","34","35","36","37","38","39","4","40","41","42","43","44","45","46","47","48","49","5","50","51","52","53","54","55","56","57","58","59","6","60","61","62","63","64","65","66","67","68","69","7","70","71","72","73","74","75","76","77","78","79","8","80","81","82","83","84","85","86","87","88","9"],"in_reply_to":191,"msg_id":192}}
[RECEIVED] {"id":386,"src":"c2","dest":"n0","body":{"type":"read","msg_id":192}}
[MATCH READ]
[READ] {"src":"n0","dest":"c2","body":{"type":"read_ok","messages":["0","1","10","11","12","13","14","15","16","17","18","19","2","20","21","22","23","24","25","26","27","28","29","3","30","31","32","33","34","35","36","37","38","39","4","40","41","42","43","44","45","46","47","48","49","5","50","51","52","53","54","55","56","57","58","59","6","60","61","62","63","64","65","66","67","68","69","7","70","71","72","73","74","75","76","77","78","79","8","80","81","82","83","84","85","86","87","88","9"],"in_reply_to":192,"msg_id":193}}
[RECEIVED] {"id":388,"src":"c2","dest":"n0","body":{"type":"read","msg_id":193}}
[MATCH READ]
[READ] {"src":"n0","dest":"c2","body":{"type":"read_ok","messages":["0","1","10","11","12","13","14","15","16","17","18","19","2","20","21","22","23","24","25","26","27","28","29","3","30","31","32","33","34","35","36","37","38","39","4","40","41","42","43","44","45","46","47","48","49","5","50","51","52","53","54","55","56","57","58","59","6","60","61","62","63","64","65","66","67","68","69","7","70","71","72","73","74","75","76","77","78","79","8","80","81","82","83","84","85","86","87","88","9"],"in_reply_to":193,"msg_id":194}}
[RECEIVED] {"id":390,"src":"c2","dest":"n0","body":{"type":"broadcast","message":89,"msg_id":194}}
[MATCH BROADCAST]
[BROADCAST] {"src":"n0","dest":"c2","body":{"type":"broadcast_ok","in_reply_to":194,"msg_id":195}}
[RECEIVED] {"id":392,"src":"c2","dest":"n0","body":{"type":"read","msg_id":195}}
[MATCH READ]
[READ] {"src":"n0","dest":"c2","body":{"type":"read_ok","messages":["0","1","10","11","12","13","14","15","16","17","18","19","2","20","21","22","23","24","25","26","27","28","29","3","30","31","32","33","34","35","36","37","38","39","4","40","41","42","43","44","45","46","47","48","49","5","50","51","52","53","54","55","56","57","58","59","6","60","61","62","63","64","65","66","67","68","69","7","70","71","72","73","74","75","76","77","78","79","8","80","81","82","83","84","85","86","87","88","89","9"],"in_reply_to":195,"msg_id":196}}
[RECEIVED] {"id":394,"src":"c2","dest":"n0","body":{"type":"broadcast","message":90,"msg_id":196}}
[MATCH BROADCAST]
[BROADCAST] {"src":"n0","dest":"c2","body":{"type":"broadcast_ok","in_reply_to":196,"msg_id":197}}
[RECEIVED] {"id":396,"src":"c2","dest":"n0","body":{"type":"read","msg_id":197}}
[MATCH READ]
[READ] {"src":"n0","dest":"c2","body":{"type":"read_ok","messages":["0","1","10","11","12","13","14","15","16","17","18","19","2","20","21","22","23","24","25","26","27","28","29","3","30","31","32","33","34","35","36","37","38","39","4","40","41","42","43","44","45","46","47","48","49","5","50","51","52","53","54","55","56","57","58","59","6","60","61","62","63","64","65","66","67","68","69","7","70","71","72","73","74","75","76","77","78","79","8","80","81","82","83","84","85","86","87","88","89","9","90"],"in_reply_to":197,"msg_id":198}}
[RECEIVED] {"id":398,"src":"c2","dest":"n0","body":{"type":"broadcast","message":91,"msg_id":198}}
[MATCH BROADCAST]
[BROADCAST] {"src":"n0","dest":"c2","body":{"type":"broadcast_ok","in_reply_to":198,"msg_id":199}}
[RECEIVED] {"id":400,"src":"c2","dest":"n0","body":{"type":"read","msg_id":199}}
[MATCH READ]
[READ] {"src":"n0","dest":"c2","body":{"type":"read_ok","messages":["0","1","10","11","12","13","14","15","16","17","18","19","2","20","21","22","23","24","25","26","27","28","29","3","30","31","32","33","34","35","36","37","38","39","4","40","41","42","43","44","45","46","47","48","49","5","50","51","52","53","54","55","56","57","58","59","6","60","61","62","63","64","65","66","67","68","69","7","70","71","72","73","74","75","76","77","78","79","8","80","81","82","83","84","85","86","87","88","89","9","90","91"],"in_reply_to":199,"msg_id":200}}
[RECEIVED] {"id":402,"src":"c2","dest":"n0","body":{"type":"read","msg_id":200}}
[MATCH READ]
[READ] {"src":"n0","dest":"c2","body":{"type":"read_ok","messages":["0","1","10","11","12","13","14","15","16","17","18","19","2","20","21","22","23","24","25","26","27","28","29","3","30","31","32","33","34","35","36","37","38","39","4","40","41","42","43","44","45","46","47","48","49","5","50","51","52","53","54","55","56","57","58","59","6","60","61","62","63","64","65","66","67","68","69","7","70","71","72","73","74","75","76","77","78","79","8","80","81","82","83","84","85","86","87","88","89","9","90","91"],"in_reply_to":200,"msg_id":201}}
[RECEIVED] {"id":404,"src":"c2","dest":"n0","body":{"type":"read","msg_id":201}}
[MATCH READ]
[READ] {"src":"n0","dest":"c2","body":{"type":"read_ok","messages":["0","1","10","11","12","13","14","15","16","17","18","19","2","20","21","22","23","24","25","26","27","28","29","3","30","31","32","33","34","35","36","37","38","39","4","40","41","42","43","44","45","46","47","48","49","5","50","51","52","53","54","55","56","57","58","59","6","60","61","62","63","64","65","66","67","68","69","7","70","71","72","73","74","75","76","77","78","79","8","80","81","82","83","84","85","86","87","88","89","9","90","91"],"in_reply_to":201,"msg_id":202}}
[RECEIVED] {"id":406,"src":"c2","dest":"n0","body":{"type":"broadcast","message":92,"msg_id":202}}
[MATCH BROADCAST]
[BROADCAST] {"src":"n0","dest":"c2","body":{"type":"broadcast_ok","in_reply_to":202,"msg_id":203}}
[RECEIVED] {"id":408,"src":"c2","dest":"n0","body":{"type":"read","msg_id":203}}
[MATCH READ]
[READ] {"src":"n0","dest":"c2","body":{"type":"read_ok","messages":["0","1","10","11","12","13","14","15","16","17","18","19","2","20","21","22","23","24","25","26","27","28","29","3","30","31","32","33","34","35","36","37","38","39","4","40","41","42","43","44","45","46","47","48","49","5","50","51","52","53","54","55","56","57","58","59","6","60","61","62","63","64","65","66","67","68","69","7","70","71","72","73","74","75","76","77","78","79","8","80","81","82","83","84","85","86","87","88","89","9","90","91","92"],"in_reply_to":203,"msg_id":204}}
