2025-05-30 18:58:04,927{GMT}	INFO	[jepsen test runner] jepsen.core: Test version ea0057d853abcf9279a40b55bdf6784a212b6b9f (plus uncommitted changes)
2025-05-30 18:58:04,927{GMT}	INFO	[jepsen test runner] jepsen.core: Command line:
lein run test -w echo --bin self/server/_build/default/bin/main.exe --time-limit 5
2025-05-30 18:58:04,953{GMT}	INFO	[jepsen test runner] jepsen.core: Running test:
{:args []
 :remote
 #jepsen.control.retry.Remote{:remote #jepsen.control.scp.Remote{:cmd-remote #jepsen.control.sshj.SSHJRemote{:concurrency-limit 6,
                                                                                                             :conn-spec nil,
                                                                                                             :client nil,
                                                                                                             :semaphore nil},
                                                                 :conn-spec nil},
                              :conn nil}
 :log-net-send false
 :node-count nil
 :availability nil
 :max-txn-length 4
 :concurrency 5
 :db
 #object[maelstrom.db$db$reify__16612
         "0x5c4f07c1"
         "maelstrom.db$db$reify__16612@5c4f07c1"]
 :max-writes-per-key 16
 :leave-db-running? false
 :name "echo"
 :logging-json? false
 :start-time
 #object[org.joda.time.DateTime "0x219aab91" "2025-05-30T18:58:04.902-04:00"]
 :nemesis-interval 10
 :net
 #object[maelstrom.net$jepsen_net$reify__15721
         "0x71737478"
         "maelstrom.net$jepsen_net$reify__15721@71737478"]
 :client
 #object[maelstrom.workload.echo$client$reify__17402
         "0x64001530"
         "maelstrom.workload.echo$client$reify__17402@64001530"]
 :barrier
 #object[java.util.concurrent.CyclicBarrier
         "0x1f9b8c23"
         "java.util.concurrent.CyclicBarrier@1f9b8c23"]
 :log-stderr false
 :pure-generators true
 :ssh {:dummy? true}
 :rate 5
 :checker
 #object[jepsen.checker$compose$reify__11089
         "0x6b297a62"
         "jepsen.checker$compose$reify__11089@6b297a62"]
 :argv
 ("test"
  "-w"
  "echo"
  "--bin"
  "self/server/_build/default/bin/main.exe"
  "--time-limit"
  "5")
 :nemesis
 (jepsen.nemesis.ReflCompose
  {:fm {:start-partition 0,
        :stop-partition 0,
        :kill 1,
        :start 1,
        :pause 1,
        :resume 1},
   :nemeses [#unprintable "jepsen.nemesis.combined$partition_nemesis$reify__16905@11303cb"
             #unprintable "jepsen.nemesis.combined$db_nemesis$reify__16886@655e3f4c"]})
 :nodes ["n1" "n2" "n3" "n4" "n5"]
 :test-count 1
 :latency {:mean 0, :dist :constant}
 :bin "self/server/_build/default/bin/main.exe"
 :generator
 #object[jepsen.util.Forgettable
         "0x6cf58989"
         (jepsen.generator.TimeLimit
          {:limit 5000000000,
           :cutoff nil,
           :gen (jepsen.generator.Any
                 {:gens [(jepsen.generator.OnThreads
                          {:f #{:nemesis},
                           :context-filter #object[jepsen.generator.context$make_thread_filter$lazy_filter__12077
                                                   "0x37a5ac85"
                                                   "jepsen.generator.context$make_thread_filter$lazy_filter__12077@37a5ac85"],
                           :gen nil})
                         (jepsen.generator.OnThreads
                          {:f #jepsen.generator.context.AllBut{:element :nemesis},
                           :context-filter #object[jepsen.generator.context$make_thread_filter$lazy_filter__12077
                                                   "0x5d4f0fd5"
                                                   "jepsen.generator.context$make_thread_filter$lazy_filter__12077@5d4f0fd5"],
                           :gen (jepsen.generator.Stagger
                                 {:dt 400000000,
                                  :next-time nil,
                                  :gen (jepsen.generator.EachThread
                                        {:fresh-gen #object[maelstrom.workload.echo$workload$fn__17421
                                                            "0x2092b072"
                                                            "maelstrom.workload.echo$workload$fn__17421@2092b072"],
                                         :context-filters #object[clojure.core$promise$reify__8621
                                                                  "0x504521ae"
                                                                  {:status :pending,
                                                                   :val nil}],
                                         :gens {}})})})]})})]
 :log-net-recv false
 :os
 #object[maelstrom.net$jepsen_os$reify__15724
         "0x4a9e6ea7"
         "maelstrom.net$jepsen_os$reify__15724@4a9e6ea7"]
 :time-limit 5
 :workload :echo
 :consistency-models [:strict-serializable]
 :topology :grid}

2025-05-30 18:58:05,776{GMT}	INFO	[jepsen node n1] maelstrom.net: Starting Maelstrom network
2025-05-30 18:58:05,776{GMT}	INFO	[jepsen test runner] jepsen.db: Tearing down DB
2025-05-30 18:58:05,777{GMT}	INFO	[jepsen test runner] jepsen.db: Setting up DB
2025-05-30 18:58:05,777{GMT}	INFO	[jepsen node n2] maelstrom.db: Setting up n2
2025-05-30 18:58:05,777{GMT}	INFO	[jepsen node n3] maelstrom.db: Setting up n3
2025-05-30 18:58:05,777{GMT}	INFO	[jepsen node n4] maelstrom.db: Setting up n4
2025-05-30 18:58:05,777{GMT}	INFO	[jepsen node n5] maelstrom.db: Setting up n5
2025-05-30 18:58:05,777{GMT}	INFO	[jepsen node n5] maelstrom.process: launching self/server/_build/default/bin/main.exe []
2025-05-30 18:58:05,777{GMT}	INFO	[jepsen node n3] maelstrom.process: launching self/server/_build/default/bin/main.exe []
2025-05-30 18:58:05,777{GMT}	INFO	[jepsen node n2] maelstrom.process: launching self/server/_build/default/bin/main.exe []
2025-05-30 18:58:05,777{GMT}	INFO	[jepsen node n4] maelstrom.process: launching self/server/_build/default/bin/main.exe []
2025-05-30 18:58:05,778{GMT}	INFO	[jepsen node n1] maelstrom.service: Starting services: (lin-kv lin-tso lww-kv seq-kv)
2025-05-30 18:58:05,778{GMT}	INFO	[jepsen node n1] maelstrom.db: Setting up n1
2025-05-30 18:58:05,778{GMT}	INFO	[jepsen node n1] maelstrom.process: launching self/server/_build/default/bin/main.exe []
2025-05-30 18:58:14,709{GMT}	INFO	[jepsen test runner] jepsen.core: Relative time begins now
2025-05-30 18:58:14,756{GMT}	INFO	[jepsen worker 4] jepsen.util: 4	:invoke	:echo	"Please echo 96"
2025-05-30 18:58:14,766{GMT}	INFO	[jepsen worker 4] jepsen.util: 4	:ok	:echo	{:type "echo_ok", :echo "Please echo 96", :msg_id 1, :in_reply_to 1}
2025-05-30 18:58:15,064{GMT}	INFO	[jepsen worker 3] jepsen.util: 3	:invoke	:echo	"Please echo 119"
2025-05-30 18:58:15,068{GMT}	INFO	[jepsen worker 3] jepsen.util: 3	:ok	:echo	{:type "echo_ok", :echo "Please echo 119", :msg_id 1, :in_reply_to 1}
2025-05-30 18:58:15,230{GMT}	INFO	[jepsen worker 0] jepsen.util: 0	:invoke	:echo	"Please echo 86"
2025-05-30 18:58:15,234{GMT}	INFO	[jepsen worker 0] jepsen.util: 0	:ok	:echo	{:type "echo_ok", :echo "Please echo 86", :msg_id 1, :in_reply_to 1}
2025-05-30 18:58:15,443{GMT}	INFO	[jepsen worker 4] jepsen.util: 4	:invoke	:echo	"Please echo 54"
2025-05-30 18:58:15,446{GMT}	INFO	[jepsen worker 4] jepsen.util: 4	:ok	:echo	{:type "echo_ok", :echo "Please echo 54", :msg_id 2, :in_reply_to 2}
2025-05-30 18:58:15,610{GMT}	INFO	[jepsen worker 4] jepsen.util: 4	:invoke	:echo	"Please echo 6"
2025-05-30 18:58:15,613{GMT}	INFO	[jepsen worker 4] jepsen.util: 4	:ok	:echo	{:type "echo_ok", :echo "Please echo 6", :msg_id 3, :in_reply_to 3}
2025-05-30 18:58:15,714{GMT}	INFO	[jepsen worker 0] jepsen.util: 0	:invoke	:echo	"Please echo 14"
2025-05-30 18:58:15,718{GMT}	INFO	[jepsen worker 0] jepsen.util: 0	:ok	:echo	{:type "echo_ok", :echo "Please echo 14", :msg_id 2, :in_reply_to 2}
2025-05-30 18:58:15,824{GMT}	INFO	[jepsen worker 4] jepsen.util: 4	:invoke	:echo	"Please echo 119"
2025-05-30 18:58:15,825{GMT}	INFO	[jepsen worker 4] jepsen.util: 4	:ok	:echo	{:type "echo_ok", :echo "Please echo 119", :msg_id 4, :in_reply_to 4}
2025-05-30 18:58:15,887{GMT}	INFO	[jepsen worker 0] jepsen.util: 0	:invoke	:echo	"Please echo 18"
2025-05-30 18:58:15,888{GMT}	INFO	[jepsen worker 0] jepsen.util: 0	:ok	:echo	{:type "echo_ok", :echo "Please echo 18", :msg_id 3, :in_reply_to 3}
2025-05-30 18:58:16,076{GMT}	INFO	[jepsen worker 1] jepsen.util: 1	:invoke	:echo	"Please echo 67"
2025-05-30 18:58:16,081{GMT}	INFO	[jepsen worker 1] jepsen.util: 1	:ok	:echo	{:type "echo_ok", :echo "Please echo 67", :msg_id 1, :in_reply_to 1}
2025-05-30 18:58:16,180{GMT}	INFO	[jepsen worker 4] jepsen.util: 4	:invoke	:echo	"Please echo 11"
2025-05-30 18:58:16,183{GMT}	INFO	[jepsen worker 4] jepsen.util: 4	:ok	:echo	{:type "echo_ok", :echo "Please echo 11", :msg_id 5, :in_reply_to 5}
2025-05-30 18:58:16,403{GMT}	INFO	[jepsen worker 4] jepsen.util: 4	:invoke	:echo	"Please echo 7"
2025-05-30 18:58:16,404{GMT}	INFO	[jepsen worker 4] jepsen.util: 4	:ok	:echo	{:type "echo_ok", :echo "Please echo 7", :msg_id 6, :in_reply_to 6}
2025-05-30 18:58:16,716{GMT}	INFO	[jepsen worker 0] jepsen.util: 0	:invoke	:echo	"Please echo 113"
2025-05-30 18:58:16,718{GMT}	INFO	[jepsen worker 0] jepsen.util: 0	:ok	:echo	{:type "echo_ok", :echo "Please echo 113", :msg_id 4, :in_reply_to 4}
2025-05-30 18:58:17,030{GMT}	INFO	[jepsen worker 2] jepsen.util: 2	:invoke	:echo	"Please echo 94"
2025-05-30 18:58:17,035{GMT}	INFO	[jepsen worker 2] jepsen.util: 2	:ok	:echo	{:type "echo_ok", :echo "Please echo 94", :msg_id 1, :in_reply_to 1}
2025-05-30 18:58:17,159{GMT}	INFO	[jepsen worker 0] jepsen.util: 0	:invoke	:echo	"Please echo 73"
2025-05-30 18:58:17,162{GMT}	INFO	[jepsen worker 0] jepsen.util: 0	:ok	:echo	{:type "echo_ok", :echo "Please echo 73", :msg_id 5, :in_reply_to 5}
2025-05-30 18:58:17,499{GMT}	INFO	[jepsen worker 4] jepsen.util: 4	:invoke	:echo	"Please echo 2"
2025-05-30 18:58:17,502{GMT}	INFO	[jepsen worker 4] jepsen.util: 4	:ok	:echo	{:type "echo_ok", :echo "Please echo 2", :msg_id 7, :in_reply_to 7}
2025-05-30 18:58:17,573{GMT}	INFO	[jepsen worker 4] jepsen.util: 4	:invoke	:echo	"Please echo 13"
2025-05-30 18:58:17,576{GMT}	INFO	[jepsen worker 4] jepsen.util: 4	:ok	:echo	{:type "echo_ok", :echo "Please echo 13", :msg_id 8, :in_reply_to 8}
2025-05-30 18:58:17,889{GMT}	INFO	[jepsen worker 1] jepsen.util: 1	:invoke	:echo	"Please echo 7"
2025-05-30 18:58:17,893{GMT}	INFO	[jepsen worker 1] jepsen.util: 1	:ok	:echo	{:type "echo_ok", :echo "Please echo 7", :msg_id 2, :in_reply_to 2}
2025-05-30 18:58:18,144{GMT}	INFO	[jepsen worker 4] jepsen.util: 4	:invoke	:echo	"Please echo 64"
2025-05-30 18:58:18,147{GMT}	INFO	[jepsen worker 4] jepsen.util: 4	:ok	:echo	{:type "echo_ok", :echo "Please echo 64", :msg_id 9, :in_reply_to 9}
2025-05-30 18:58:18,277{GMT}	INFO	[jepsen worker 3] jepsen.util: 3	:invoke	:echo	"Please echo 67"
2025-05-30 18:58:18,280{GMT}	INFO	[jepsen worker 3] jepsen.util: 3	:ok	:echo	{:type "echo_ok", :echo "Please echo 67", :msg_id 2, :in_reply_to 2}
2025-05-30 18:58:18,427{GMT}	INFO	[jepsen worker 1] jepsen.util: 1	:invoke	:echo	"Please echo 112"
2025-05-30 18:58:18,429{GMT}	INFO	[jepsen worker 1] jepsen.util: 1	:ok	:echo	{:type "echo_ok", :echo "Please echo 112", :msg_id 3, :in_reply_to 3}
2025-05-30 18:58:18,827{GMT}	INFO	[jepsen worker 2] jepsen.util: 2	:invoke	:echo	"Please echo 96"
2025-05-30 18:58:18,829{GMT}	INFO	[jepsen worker 2] jepsen.util: 2	:ok	:echo	{:type "echo_ok", :echo "Please echo 96", :msg_id 2, :in_reply_to 2}
2025-05-30 18:58:19,153{GMT}	INFO	[jepsen worker 1] jepsen.util: 1	:invoke	:echo	"Please echo 91"
2025-05-30 18:58:19,156{GMT}	INFO	[jepsen worker 1] jepsen.util: 1	:ok	:echo	{:type "echo_ok", :echo "Please echo 91", :msg_id 4, :in_reply_to 4}
2025-05-30 18:58:19,528{GMT}	INFO	[jepsen worker 1] jepsen.util: 1	:invoke	:echo	"Please echo 52"
2025-05-30 18:58:19,532{GMT}	INFO	[jepsen worker 1] jepsen.util: 1	:ok	:echo	{:type "echo_ok", :echo "Please echo 52", :msg_id 5, :in_reply_to 5}
2025-05-30 18:58:19,677{GMT}	INFO	[jepsen worker 2] jepsen.util: 2	:invoke	:echo	"Please echo 10"
2025-05-30 18:58:19,680{GMT}	INFO	[jepsen worker 2] jepsen.util: 2	:ok	:echo	{:type "echo_ok", :echo "Please echo 10", :msg_id 3, :in_reply_to 3}
2025-05-30 18:58:19,706{GMT}	INFO	[jepsen test runner] jepsen.core: Run complete, writing
2025-05-30 18:58:19,740{GMT}	INFO	[jepsen node n2] maelstrom.db: Tearing down n2
2025-05-30 18:58:19,740{GMT}	INFO	[jepsen node n1] maelstrom.db: Tearing down n1
2025-05-30 18:58:19,741{GMT}	INFO	[jepsen node n4] maelstrom.db: Tearing down n4
2025-05-30 18:58:19,741{GMT}	INFO	[jepsen node n5] maelstrom.db: Tearing down n5
2025-05-30 18:58:19,741{GMT}	INFO	[jepsen node n3] maelstrom.db: Tearing down n3
2025-05-30 18:58:21,839{GMT}	INFO	[jepsen node n1] maelstrom.net: Shutting down Maelstrom network
2025-05-30 18:58:21,845{GMT}	INFO	[jepsen test runner] jepsen.core: Analyzing...
2025-05-30 18:58:21,985{GMT}	INFO	[jepsen test runner] jepsen.core: Analysis complete
2025-05-30 18:58:21,992{GMT}	INFO	[jepsen results] jepsen.store: Wrote /Users/adr/code/maelstrom/store/echo/20250530T185804.902-0400/results.edn
2025-05-30 18:58:22,010{GMT}	INFO	[jepsen test runner] jepsen.core: {:perf {:latency-graph {:valid? true},
        :rate-graph {:valid? true},
        :valid? true},
 :timeline {:valid? true},
 :exceptions {:valid? true},
 :stats {:valid? true,
         :count 24,
         :ok-count 24,
         :fail-count 0,
         :info-count 0,
         :by-f {:echo {:valid? true,
                       :count 24,
                       :ok-count 24,
                       :fail-count 0,
                       :info-count 0}}},
 :availability {:valid? true, :ok-fraction 1.0},
 :net {:all {:send-count 58,
             :recv-count 58,
             :msg-count 58,
             :msgs-per-op 2.4166667},
       :clients {:send-count 58, :recv-count 58, :msg-count 58},
       :servers {:send-count 0,
                 :recv-count 0,
                 :msg-count 0,
                 :msgs-per-op 0.0},
       :valid? true},
 :workload {:valid? true, :errors ()},
 :valid? true}


Everything looks good! ヽ(‘ー`)ノ
