[RECEIVED] {"id":1,"src":"c0","dest":"n3","body":{"type":"init","node_id":"n3","node_ids":["n1","n2","n3","n4","n5"],"msg_id":1}}
[MATCH INIT]
[INIT RESPONSE]{"src":"n3","dest":"c0","body":{"type":"init_ok","in_reply_to":1,"msg_id":0}}
[RECEIVED] {"id":14,"src":"c7","dest":"n3","body":{"type":"topology","topology":{"n1":["n4","n2"],"n2":["n5","n3","n1"],"n3":["n2"],"n4":["n1","n5"],"n5":["n2","n4"]},"msg_id":1}}
[MATCH TOPOLOGY]
[TOPOLOGY RESPONSE]{"src":"n3","dest":"c7","body":{"type":"topology_ok","in_reply_to":1,"msg_id":1}}
[RECEIVED] {"id":27,"src":"n2","dest":"n3","body":{"type":"broadcast","message":"0","msg_id":null}}
[MATCH BROADCAST]
[BROADCAST REQUEST: n3 -> n2] {"id":0,"src":"n3","dest":"n2","body":{"type":"broadcast","message":"0","msg_id":null}}
[RECEIVED] {"id":34,"src":"c12","dest":"n3","body":{"type":"read","msg_id":1}}
[MATCH READ]
[READ RESPONSE]{"src":"n3","dest":"c12","body":{"type":"read_ok","messages":["0"],"in_reply_to":1,"msg_id":3}}
[RECEIVED] {"id":43,"src":"n2","dest":"n3","body":{"type":"broadcast","message":"1","msg_id":null}}
[MATCH BROADCAST]
[BROADCAST REQUEST: n3 -> n2] {"id":0,"src":"n3","dest":"n2","body":{"type":"broadcast","message":"1","msg_id":null}}
[RECEIVED] {"id":58,"src":"n2","dest":"n3","body":{"type":"broadcast","message":"2","msg_id":null}}
[MATCH BROADCAST]
[BROADCAST REQUEST: n3 -> n2] {"id":0,"src":"n3","dest":"n2","body":{"type":"broadcast","message":"2","msg_id":null}}
[RECEIVED] {"id":66,"src":"n2","dest":"n3","body":{"type":"broadcast","message":"3","msg_id":null}}
[MATCH BROADCAST]
[BROADCAST REQUEST: n3 -> n2] {"id":0,"src":"n3","dest":"n2","body":{"type":"broadcast","message":"3","msg_id":null}}
[RECEIVED] {"id":76,"src":"c12","dest":"n3","body":{"type":"read","msg_id":2}}
[MATCH READ]
[READ RESPONSE]{"src":"n3","dest":"c12","body":{"type":"read_ok","messages":["0","1","2","3"],"in_reply_to":2,"msg_id":7}}
[RECEIVED] {"id":87,"src":"n2","dest":"n3","body":{"type":"broadcast","message":"4","msg_id":null}}
[MATCH BROADCAST]
[BROADCAST REQUEST: n3 -> n2] {"id":0,"src":"n3","dest":"n2","body":{"type":"broadcast","message":"4","msg_id":null}}
[RECEIVED] {"id":99,"src":"n2","dest":"n3","body":{"type":"broadcast","message":"5","msg_id":null}}
[MATCH BROADCAST]
[BROADCAST REQUEST: n3 -> n2] {"id":0,"src":"n3","dest":"n2","body":{"type":"broadcast","message":"5","msg_id":null}}
[RECEIVED] {"id":108,"src":"n2","dest":"n3","body":{"type":"broadcast","message":"6","msg_id":null}}
[MATCH BROADCAST]
[BROADCAST REQUEST: n3 -> n2] {"id":0,"src":"n3","dest":"n2","body":{"type":"broadcast","message":"6","msg_id":null}}
[RECEIVED] {"id":118,"src":"c12","dest":"n3","body":{"type":"broadcast","message":7,"msg_id":3}}
[MATCH BROADCAST]
[BROADCAST REQUEST: n3 -> n2] {"id":0,"src":"n3","dest":"n2","body":{"type":"broadcast","message":"7","msg_id":null}}
[BROADCAST RESPONSE]{"src":"n3","dest":"c12","body":{"type":"broadcast_ok","in_reply_to":3,"msg_id":11}}
[RECEIVED] {"id":122,"src":"n2","dest":"n3","body":{"type":"broadcast","message":"7","msg_id":null}}
[MATCH BROADCAST]
[RECEIVED] {"id":141,"src":"n2","dest":"n3","body":{"type":"broadcast","message":"8","msg_id":null}}
[MATCH BROADCAST]
[BROADCAST REQUEST: n3 -> n2] {"id":0,"src":"n3","dest":"n2","body":{"type":"broadcast","message":"8","msg_id":null}}
[RECEIVED] {"id":150,"src":"n2","dest":"n3","body":{"type":"broadcast","message":"9","msg_id":null}}
[MATCH BROADCAST]
[BROADCAST REQUEST: n3 -> n2] {"id":0,"src":"n3","dest":"n2","body":{"type":"broadcast","message":"9","msg_id":null}}
[RECEIVED] {"id":160,"src":"c12","dest":"n3","body":{"type":"read","msg_id":4}}
[MATCH READ]
[READ RESPONSE]{"src":"n3","dest":"c12","body":{"type":"read_ok","messages":["0","1","2","3","4","5","6","7","8","9"],"in_reply_to":4,"msg_id":15}}
[RECEIVED] {"id":169,"src":"n2","dest":"n3","body":{"type":"broadcast","message":"10","msg_id":null}}
[MATCH BROADCAST]
[BROADCAST REQUEST: n3 -> n2] {"id":0,"src":"n3","dest":"n2","body":{"type":"broadcast","message":"10","msg_id":null}}
[RECEIVED] {"id":182,"src":"n2","dest":"n3","body":{"type":"broadcast","message":"11","msg_id":null}}
[MATCH BROADCAST]
[BROADCAST REQUEST: n3 -> n2] {"id":0,"src":"n3","dest":"n2","body":{"type":"broadcast","message":"11","msg_id":null}}
[RECEIVED] {"id":192,"src":"n2","dest":"n3","body":{"type":"broadcast","message":"12","msg_id":null}}
[MATCH BROADCAST]
[BROADCAST REQUEST: n3 -> n2] {"id":0,"src":"n3","dest":"n2","body":{"type":"broadcast","message":"12","msg_id":null}}
[RECEIVED] {"id":202,"src":"c12","dest":"n3","body":{"type":"read","msg_id":5}}
[MATCH READ]
[READ RESPONSE]{"src":"n3","dest":"c12","body":{"type":"read_ok","messages":["0","1","10","11","12","2","3","4","5","6","7","8","9"],"in_reply_to":5,"msg_id":19}}
[RECEIVED] {"id":213,"src":"n2","dest":"n3","body":{"type":"broadcast","message":"13","msg_id":null}}
[MATCH BROADCAST]
[BROADCAST REQUEST: n3 -> n2] {"id":0,"src":"n3","dest":"n2","body":{"type":"broadcast","message":"13","msg_id":null}}
[RECEIVED] {"id":222,"src":"n2","dest":"n3","body":{"type":"broadcast","message":"14","msg_id":null}}
[MATCH BROADCAST]
[BROADCAST REQUEST: n3 -> n2] {"id":0,"src":"n3","dest":"n2","body":{"type":"broadcast","message":"14","msg_id":null}}
[RECEIVED] {"id":234,"src":"n2","dest":"n3","body":{"type":"broadcast","message":"15","msg_id":null}}
[MATCH BROADCAST]
[BROADCAST REQUEST: n3 -> n2] {"id":0,"src":"n3","dest":"n2","body":{"type":"broadcast","message":"15","msg_id":null}}
[RECEIVED] {"id":244,"src":"c12","dest":"n3","body":{"type":"read","msg_id":6}}
[MATCH READ]
[READ RESPONSE]{"src":"n3","dest":"c12","body":{"type":"read_ok","messages":["0","1","10","11","12","13","14","15","2","3","4","5","6","7","8","9"],"in_reply_to":6,"msg_id":23}}
[RECEIVED] {"id":254,"src":"n2","dest":"n3","body":{"type":"broadcast","message":"16","msg_id":null}}
[MATCH BROADCAST]
[BROADCAST REQUEST: n3 -> n2] {"id":0,"src":"n3","dest":"n2","body":{"type":"broadcast","message":"16","msg_id":null}}
[RECEIVED] {"id":267,"src":"n2","dest":"n3","body":{"type":"broadcast","message":"17","msg_id":null}}
[MATCH BROADCAST]
[BROADCAST REQUEST: n3 -> n2] {"id":0,"src":"n3","dest":"n2","body":{"type":"broadcast","message":"17","msg_id":null}}
[RECEIVED] {"id":279,"src":"n2","dest":"n3","body":{"type":"broadcast","message":"18","msg_id":null}}
[MATCH BROADCAST]
[BROADCAST REQUEST: n3 -> n2] {"id":0,"src":"n3","dest":"n2","body":{"type":"broadcast","message":"18","msg_id":null}}
[RECEIVED] {"id":286,"src":"n2","dest":"n3","body":{"type":"broadcast","message":"19","msg_id":null}}
[MATCH BROADCAST]
[BROADCAST REQUEST: n3 -> n2] {"id":0,"src":"n3","dest":"n2","body":{"type":"broadcast","message":"19","msg_id":null}}
[RECEIVED] {"id":296,"src":"c12","dest":"n3","body":{"type":"broadcast","message":20,"msg_id":7}}
[MATCH BROADCAST]
[BROADCAST REQUEST: n3 -> n2] {"id":0,"src":"n3","dest":"n2","body":{"type":"broadcast","message":"20","msg_id":null}}
[BROADCAST RESPONSE]{"src":"n3","dest":"c12","body":{"type":"broadcast_ok","in_reply_to":7,"msg_id":28}}
[RECEIVED] {"id":300,"src":"n2","dest":"n3","body":{"type":"broadcast","message":"20","msg_id":null}}
[MATCH BROADCAST]
[RECEIVED] {"id":317,"src":"n2","dest":"n3","body":{"type":"broadcast","message":"21","msg_id":null}}
[MATCH BROADCAST]
[BROADCAST REQUEST: n3 -> n2] {"id":0,"src":"n3","dest":"n2","body":{"type":"broadcast","message":"21","msg_id":null}}
[RECEIVED] {"id":329,"src":"n2","dest":"n3","body":{"type":"broadcast","message":"22","msg_id":null}}
[MATCH BROADCAST]
[BROADCAST REQUEST: n3 -> n2] {"id":0,"src":"n3","dest":"n2","body":{"type":"broadcast","message":"22","msg_id":null}}
[RECEIVED] {"id":338,"src":"c12","dest":"n3","body":{"type":"broadcast","message":23,"msg_id":8}}
[MATCH BROADCAST]
[BROADCAST REQUEST: n3 -> n2] {"id":0,"src":"n3","dest":"n2","body":{"type":"broadcast","message":"23","msg_id":null}}
[BROADCAST RESPONSE]{"src":"n3","dest":"c12","body":{"type":"broadcast_ok","in_reply_to":8,"msg_id":32}}
[RECEIVED] {"id":342,"src":"n2","dest":"n3","body":{"type":"broadcast","message":"23","msg_id":null}}
[MATCH BROADCAST]
[RECEIVED] {"id":363,"src":"n2","dest":"n3","body":{"type":"broadcast","message":"24","msg_id":null}}
[MATCH BROADCAST]
[BROADCAST REQUEST: n3 -> n2] {"id":0,"src":"n3","dest":"n2","body":{"type":"broadcast","message":"24","msg_id":null}}
[RECEIVED] {"id":374,"src":"c12","dest":"n3","body":{"type":"read","msg_id":9}}
[MATCH READ]
[READ RESPONSE]{"src":"n3","dest":"c12","body":{"type":"read_ok","messages":["0","1","10","11","12","13","14","15","16","17","18","19","2","20","21","22","23","24","3","4","5","6","7","8","9"],"in_reply_to":9,"msg_id":35}}
