[RECEIVED] {"id":4,"src":"c4","dest":"n4","body":{"type":"init","node_id":"n4","node_ids":["n1","n2","n3","n4","n5"],"msg_id":1}}
[MATCH INIT]
[INIT RESPONSE]{"src":"n4","dest":"c4","body":{"type":"init_ok","in_reply_to":1,"msg_id":0}}
[RECEIVED] {"id":12,"src":"c8","dest":"n4","body":{"type":"topology","topology":{"n1":["n4","n2"],"n2":["n5","n3","n1"],"n3":["n2"],"n4":["n1","n5"],"n5":["n2","n4"]},"msg_id":1}}
[MATCH TOPOLOGY]
[TOPOLOGY RESPONSE]{"src":"n4","dest":"c8","body":{"type":"topology_ok","in_reply_to":1,"msg_id":1}}
[RECEIVED] {"id":21,"src":"n1","dest":"n4","body":{"type":"broadcast","message":"0","msg_id":null}}
[MATCH BROADCAST]
[BROADCAST REQUEST: n4 -> n1] {"id":0,"src":"n4","dest":"n1","body":{"type":"broadcast","message":"0","msg_id":null}}
[BROADCAST REQUEST: n4 -> n5] {"id":0,"src":"n4","dest":"n5","body":{"type":"broadcast","message":"0","msg_id":null}}
[RECEIVED] {"id":30,"src":"n5","dest":"n4","body":{"type":"broadcast","message":"0","msg_id":null}}
[MATCH BROADCAST]
[RECEIVED] {"id":36,"src":"c13","dest":"n4","body":{"type":"read","msg_id":1}}
[MATCH READ]
[READ RESPONSE]{"src":"n4","dest":"c13","body":{"type":"read_ok","messages":["0"],"in_reply_to":1,"msg_id":4}}
[RECEIVED] {"id":40,"src":"n5","dest":"n4","body":{"type":"broadcast","message":"1","msg_id":null}}
[MATCH BROADCAST]
[BROADCAST REQUEST: n4 -> n1] {"id":0,"src":"n4","dest":"n1","body":{"type":"broadcast","message":"1","msg_id":null}}
[BROADCAST REQUEST: n4 -> n5] {"id":0,"src":"n4","dest":"n5","body":{"type":"broadcast","message":"1","msg_id":null}}
[RECEIVED] {"id":48,"src":"n1","dest":"n4","body":{"type":"broadcast","message":"1","msg_id":null}}
[MATCH BROADCAST]
[RECEIVED] {"id":53,"src":"n1","dest":"n4","body":{"type":"broadcast","message":"2","msg_id":null}}
[MATCH BROADCAST]
[BROADCAST REQUEST: n4 -> n1] {"id":0,"src":"n4","dest":"n1","body":{"type":"broadcast","message":"2","msg_id":null}}
[BROADCAST REQUEST: n4 -> n5] {"id":0,"src":"n4","dest":"n5","body":{"type":"broadcast","message":"2","msg_id":null}}
[RECEIVED] {"id":63,"src":"n5","dest":"n4","body":{"type":"broadcast","message":"2","msg_id":null}}
[MATCH BROADCAST]
[RECEIVED] {"id":70,"src":"n5","dest":"n4","body":{"type":"broadcast","message":"3","msg_id":null}}
[MATCH BROADCAST]
[RECEIVED] {"id":72,"src":"n1","dest":"n4","body":{"type":"broadcast","message":"3","msg_id":null}}
[BROADCAST REQUEST: n4 -> n1] {"id":0,"src":"n4","dest":"n1","body":{"type":"broadcast","message":"3","msg_id":null}}
[MATCH BROADCAST]
[BROADCAST REQUEST: n4 -> n5] {"id":0,"src":"n4","dest":"n5","body":{"type":"broadcast","message":"3","msg_id":null}}
[RECEIVED] {"id":78,"src":"c13","dest":"n4","body":{"type":"broadcast","message":4,"msg_id":2}}
[MATCH BROADCAST]
[BROADCAST REQUEST: n4 -> n1] {"id":0,"src":"n4","dest":"n1","body":{"type":"broadcast","message":"4","msg_id":null}}
[BROADCAST REQUEST: n4 -> n5] {"id":0,"src":"n4","dest":"n5","body":{"type":"broadcast","message":"4","msg_id":null}}
[BROADCAST RESPONSE]{"src":"n4","dest":"c13","body":{"type":"broadcast_ok","in_reply_to":2,"msg_id":11}}
[RECEIVED] {"id":82,"src":"n1","dest":"n4","body":{"type":"broadcast","message":"4","msg_id":null}}
[MATCH BROADCAST]
[RECEIVED] {"id":85,"src":"n5","dest":"n4","body":{"type":"broadcast","message":"4","msg_id":null}}
[MATCH BROADCAST]
[RECEIVED] {"id":93,"src":"n1","dest":"n4","body":{"type":"broadcast","message":"5","msg_id":null}}
[MATCH BROADCAST]
[BROADCAST REQUEST: n4 -> n1] {"id":0,"src":"n4","dest":"n1","body":{"type":"broadcast","message":"5","msg_id":null}}
[BROADCAST REQUEST: n4 -> n5] {"id":0,"src":"n4","dest":"n5","body":{"type":"broadcast","message":"5","msg_id":null}}
[RECEIVED] {"id":103,"src":"n5","dest":"n4","body":{"type":"broadcast","message":"5","msg_id":null}}
[MATCH BROADCAST]
[RECEIVED] {"id":112,"src":"n5","dest":"n4","body":{"type":"broadcast","message":"6","msg_id":null}}
[MATCH BROADCAST]
[RECEIVED] {"id":114,"src":"n1","dest":"n4","body":{"type":"broadcast","message":"6","msg_id":null}}
[BROADCAST REQUEST: n4 -> n1] {"id":0,"src":"n4","dest":"n1","body":{"type":"broadcast","message":"6","msg_id":null}}
[MATCH BROADCAST]
[BROADCAST REQUEST: n4 -> n5] {"id":0,"src":"n4","dest":"n5","body":{"type":"broadcast","message":"6","msg_id":null}}
[RECEIVED] {"id":124,"src":"n1","dest":"n4","body":{"type":"broadcast","message":"7","msg_id":null}}
[MATCH BROADCAST]
[BROADCAST REQUEST: n4 -> n1] {"id":0,"src":"n4","dest":"n1","body":{"type":"broadcast","message":"7","msg_id":null}}
[BROADCAST REQUEST: n4 -> n5] {"id":0,"src":"n4","dest":"n5","body":{"type":"broadcast","message":"7","msg_id":null}}
[RECEIVED] {"id":128,"src":"n5","dest":"n4","body":{"type":"broadcast","message":"7","msg_id":null}}
[MATCH BROADCAST]
[RECEIVED] {"id":130,"src":"c13","dest":"n4","body":{"type":"read","msg_id":3}}
[MATCH READ]
[READ RESPONSE]{"src":"n4","dest":"c13","body":{"type":"read_ok","messages":["0","1","2","3","4","5","6","7"],"in_reply_to":3,"msg_id":20}}
[RECEIVED] {"id":135,"src":"n1","dest":"n4","body":{"type":"broadcast","message":"8","msg_id":null}}
[MATCH BROADCAST]
[BROADCAST REQUEST: n4 -> n1] {"id":0,"src":"n4","dest":"n1","body":{"type":"broadcast","message":"8","msg_id":null}}
[BROADCAST REQUEST: n4 -> n5] {"id":0,"src":"n4","dest":"n5","body":{"type":"broadcast","message":"8","msg_id":null}}
[RECEIVED] {"id":145,"src":"n5","dest":"n4","body":{"type":"broadcast","message":"8","msg_id":null}}
[MATCH BROADCAST]
[RECEIVED] {"id":155,"src":"n5","dest":"n4","body":{"type":"broadcast","message":"9","msg_id":null}}
[MATCH BROADCAST]
[BROADCAST REQUEST: n4 -> n1] {"id":0,"src":"n4","dest":"n1","body":{"type":"broadcast","message":"9","msg_id":null}}
[RECEIVED] {"id":156,"src":"n1","dest":"n4","body":{"type":"broadcast","message":"9","msg_id":null}}
[BROADCAST REQUEST: n4 -> n5] {"id":0,"src":"n4","dest":"n5","body":{"type":"broadcast","message":"9","msg_id":null}}
[MATCH BROADCAST]
[RECEIVED] {"id":162,"src":"c13","dest":"n4","body":{"type":"read","msg_id":4}}
[MATCH READ]
[READ RESPONSE]{"src":"n4","dest":"c13","body":{"type":"read_ok","messages":["0","1","2","3","4","5","6","7","8","9"],"in_reply_to":4,"msg_id":25}}
[RECEIVED] {"id":166,"src":"n5","dest":"n4","body":{"type":"broadcast","message":"10","msg_id":null}}
[MATCH BROADCAST]
[BROADCAST REQUEST: n4 -> n1] {"id":0,"src":"n4","dest":"n1","body":{"type":"broadcast","message":"10","msg_id":null}}
[BROADCAST REQUEST: n4 -> n5] {"id":0,"src":"n4","dest":"n5","body":{"type":"broadcast","message":"10","msg_id":null}}
[RECEIVED] {"id":174,"src":"n1","dest":"n4","body":{"type":"broadcast","message":"10","msg_id":null}}
[MATCH BROADCAST]
[RECEIVED] {"id":177,"src":"n1","dest":"n4","body":{"type":"broadcast","message":"11","msg_id":null}}
[MATCH BROADCAST]
[BROADCAST REQUEST: n4 -> n1] {"id":0,"src":"n4","dest":"n1","body":{"type":"broadcast","message":"11","msg_id":null}}
[BROADCAST REQUEST: n4 -> n5] {"id":0,"src":"n4","dest":"n5","body":{"type":"broadcast","message":"11","msg_id":null}}
[RECEIVED] {"id":187,"src":"n5","dest":"n4","body":{"type":"broadcast","message":"11","msg_id":null}}
[MATCH BROADCAST]
[RECEIVED] {"id":197,"src":"n1","dest":"n4","body":{"type":"broadcast","message":"12","msg_id":null}}
[RECEIVED] {"id":198,"src":"n5","dest":"n4","body":{"type":"broadcast","message":"12","msg_id":null}}
[MATCH BROADCAST]
[MATCH BROADCAST]
[BROADCAST REQUEST: n4 -> n1] {"id":0,"src":"n4","dest":"n1","body":{"type":"broadcast","message":"12","msg_id":null}}
[BROADCAST REQUEST: n4 -> n5] {"id":0,"src":"n4","dest":"n5","body":{"type":"broadcast","message":"12","msg_id":null}}
[RECEIVED] {"id":204,"src":"c13","dest":"n4","body":{"type":"broadcast","message":13,"msg_id":5}}
[MATCH BROADCAST]
[BROADCAST REQUEST: n4 -> n1] {"id":0,"src":"n4","dest":"n1","body":{"type":"broadcast","message":"13","msg_id":null}}
[BROADCAST REQUEST: n4 -> n5] {"id":0,"src":"n4","dest":"n5","body":{"type":"broadcast","message":"13","msg_id":null}}
[BROADCAST RESPONSE]{"src":"n4","dest":"c13","body":{"type":"broadcast_ok","in_reply_to":5,"msg_id":32}}
[RECEIVED] {"id":208,"src":"n1","dest":"n4","body":{"type":"broadcast","message":"13","msg_id":null}}
[MATCH BROADCAST]
[RECEIVED] {"id":211,"src":"n5","dest":"n4","body":{"type":"broadcast","message":"13","msg_id":null}}
[MATCH BROADCAST]
[RECEIVED] {"id":218,"src":"n5","dest":"n4","body":{"type":"broadcast","message":"14","msg_id":null}}
[MATCH BROADCAST]
[BROADCAST REQUEST: n4 -> n1] {"id":0,"src":"n4","dest":"n1","body":{"type":"broadcast","message":"14","msg_id":null}}
[BROADCAST REQUEST: n4 -> n5] {"id":0,"src":"n4","dest":"n5","body":{"type":"broadcast","message":"14","msg_id":null}}
[RECEIVED] {"id":226,"src":"n1","dest":"n4","body":{"type":"broadcast","message":"14","msg_id":null}}
[MATCH BROADCAST]
[RECEIVED] {"id":239,"src":"n1","dest":"n4","body":{"type":"broadcast","message":"15","msg_id":null}}
[RECEIVED] {"id":240,"src":"n5","dest":"n4","body":{"type":"broadcast","message":"15","msg_id":null}}
[MATCH BROADCAST]
[MATCH BROADCAST]
[BROADCAST REQUEST: n4 -> n1] {"id":0,"src":"n4","dest":"n1","body":{"type":"broadcast","message":"15","msg_id":null}}
[BROADCAST REQUEST: n4 -> n5] {"id":0,"src":"n4","dest":"n5","body":{"type":"broadcast","message":"15","msg_id":null}}
[RECEIVED] {"id":246,"src":"c13","dest":"n4","body":{"type":"read","msg_id":6}}
[MATCH READ]
[READ RESPONSE]{"src":"n4","dest":"c13","body":{"type":"read_ok","messages":["0","1","10","11","12","13","14","15","2","3","4","5","6","7","8","9"],"in_reply_to":6,"msg_id":39}}
[RECEIVED] {"id":250,"src":"n5","dest":"n4","body":{"type":"broadcast","message":"16","msg_id":null}}
[MATCH BROADCAST]
[BROADCAST REQUEST: n4 -> n1] {"id":0,"src":"n4","dest":"n1","body":{"type":"broadcast","message":"16","msg_id":null}}
[BROADCAST REQUEST: n4 -> n5] {"id":0,"src":"n4","dest":"n5","body":{"type":"broadcast","message":"16","msg_id":null}}
[RECEIVED] {"id":257,"src":"n1","dest":"n4","body":{"type":"broadcast","message":"16","msg_id":null}}
[MATCH BROADCAST]
[RECEIVED] {"id":261,"src":"n1","dest":"n4","body":{"type":"broadcast","message":"17","msg_id":null}}
[MATCH BROADCAST]
[BROADCAST REQUEST: n4 -> n1] {"id":0,"src":"n4","dest":"n1","body":{"type":"broadcast","message":"17","msg_id":null}}
[BROADCAST REQUEST: n4 -> n5] {"id":0,"src":"n4","dest":"n5","body":{"type":"broadcast","message":"17","msg_id":null}}
[RECEIVED] {"id":271,"src":"n5","dest":"n4","body":{"type":"broadcast","message":"17","msg_id":null}}
[MATCH BROADCAST]
[RECEIVED] {"id":273,"src":"n1","dest":"n4","body":{"type":"broadcast","message":"18","msg_id":null}}
[MATCH BROADCAST]
[BROADCAST REQUEST: n4 -> n1] {"id":0,"src":"n4","dest":"n1","body":{"type":"broadcast","message":"18","msg_id":null}}
[BROADCAST REQUEST: n4 -> n5] {"id":0,"src":"n4","dest":"n5","body":{"type":"broadcast","message":"18","msg_id":null}}
[RECEIVED] {"id":283,"src":"n5","dest":"n4","body":{"type":"broadcast","message":"18","msg_id":null}}
[MATCH BROADCAST]
[RECEIVED] {"id":291,"src":"n5","dest":"n4","body":{"type":"broadcast","message":"19","msg_id":null}}
[RECEIVED] {"id":292,"src":"n1","dest":"n4","body":{"type":"broadcast","message":"19","msg_id":null}}
[MATCH BROADCAST]
[MATCH BROADCAST]
[BROADCAST REQUEST: n4 -> n1] {"id":0,"src":"n4","dest":"n1","body":{"type":"broadcast","message":"19","msg_id":null}}
[BROADCAST REQUEST: n4 -> n5] {"id":0,"src":"n4","dest":"n5","body":{"type":"broadcast","message":"19","msg_id":null}}
[RECEIVED] {"id":303,"src":"n5","dest":"n4","body":{"type":"broadcast","message":"20","msg_id":null}}
[MATCH BROADCAST]
[RECEIVED] {"id":304,"src":"n1","dest":"n4","body":{"type":"broadcast","message":"20","msg_id":null}}
[BROADCAST REQUEST: n4 -> n1] {"id":0,"src":"n4","dest":"n1","body":{"type":"broadcast","message":"20","msg_id":null}}
[MATCH BROADCAST]
[BROADCAST REQUEST: n4 -> n5] {"id":0,"src":"n4","dest":"n5","body":{"type":"broadcast","message":"20","msg_id":null}}
[RECEIVED] {"id":308,"src":"c13","dest":"n4","body":{"type":"broadcast","message":21,"msg_id":7}}
[MATCH BROADCAST]
[BROADCAST REQUEST: n4 -> n1] {"id":0,"src":"n4","dest":"n1","body":{"type":"broadcast","message":"21","msg_id":null}}
[BROADCAST REQUEST: n4 -> n5] {"id":0,"src":"n4","dest":"n5","body":{"type":"broadcast","message":"21","msg_id":null}}
[BROADCAST RESPONSE]{"src":"n4","dest":"c13","body":{"type":"broadcast_ok","in_reply_to":7,"msg_id":50}}
[RECEIVED] {"id":312,"src":"n1","dest":"n4","body":{"type":"broadcast","message":"21","msg_id":null}}
[MATCH BROADCAST]
[RECEIVED] {"id":315,"src":"n5","dest":"n4","body":{"type":"broadcast","message":"21","msg_id":null}}
[MATCH BROADCAST]
[RECEIVED] {"id":323,"src":"n1","dest":"n4","body":{"type":"broadcast","message":"22","msg_id":null}}
[MATCH BROADCAST]
[BROADCAST REQUEST: n4 -> n1] {"id":0,"src":"n4","dest":"n1","body":{"type":"broadcast","message":"22","msg_id":null}}
[BROADCAST REQUEST: n4 -> n5] {"id":0,"src":"n4","dest":"n5","body":{"type":"broadcast","message":"22","msg_id":null}}
[RECEIVED] {"id":333,"src":"n5","dest":"n4","body":{"type":"broadcast","message":"22","msg_id":null}}
[MATCH BROADCAST]
[RECEIVED] {"id":345,"src":"n5","dest":"n4","body":{"type":"broadcast","message":"23","msg_id":null}}
[RECEIVED] {"id":346,"src":"n1","dest":"n4","body":{"type":"broadcast","message":"23","msg_id":null}}
[MATCH BROADCAST]
[MATCH BROADCAST]
[BROADCAST REQUEST: n4 -> n1] {"id":0,"src":"n4","dest":"n1","body":{"type":"broadcast","message":"23","msg_id":null}}
[BROADCAST REQUEST: n4 -> n5] {"id":0,"src":"n4","dest":"n5","body":{"type":"broadcast","message":"23","msg_id":null}}
[RECEIVED] {"id":350,"src":"c13","dest":"n4","body":{"type":"read","msg_id":8}}
[MATCH READ]
[READ RESPONSE]{"src":"n4","dest":"c13","body":{"type":"read_ok","messages":["0","1","10","11","12","13","14","15","16","17","18","19","2","20","21","22","23","3","4","5","6","7","8","9"],"in_reply_to":8,"msg_id":57}}
[RECEIVED] {"id":357,"src":"n1","dest":"n4","body":{"type":"broadcast","message":"24","msg_id":null}}
[MATCH BROADCAST]
[BROADCAST REQUEST: n4 -> n1] {"id":0,"src":"n4","dest":"n1","body":{"type":"broadcast","message":"24","msg_id":null}}
[BROADCAST REQUEST: n4 -> n5] {"id":0,"src":"n4","dest":"n5","body":{"type":"broadcast","message":"24","msg_id":null}}
[RECEIVED] {"id":366,"src":"n5","dest":"n4","body":{"type":"broadcast","message":"24","msg_id":null}}
[MATCH BROADCAST]
[RECEIVED] {"id":370,"src":"c13","dest":"n4","body":{"type":"read","msg_id":9}}
[MATCH READ]
[READ RESPONSE]{"src":"n4","dest":"c13","body":{"type":"read_ok","messages":["0","1","10","11","12","13","14","15","16","17","18","19","2","20","21","22","23","24","3","4","5","6","7","8","9"],"in_reply_to":9,"msg_id":60}}
