[INBOUND]{"id":2,"src":"c2","dest":"n2","body":{"type":"init","node_id":"n2","node_ids":["n1","n2","n3","n4","n5"],"msg_id":1}}
[INIT_OK] {"src":"n2","dest":"c2","body":{"type":"init_ok","in_reply_to":1,"msg_id":0}}
[INBOUND]{"id":13,"src":"c5","dest":"n2","body":{"type":"topology","topology":{"n1":["n4","n2"],"n2":["n5","n3","n1"],"n3":["n2"],"n4":["n1","n5"],"n5":["n2","n4"]},"msg_id":1}}
[TOPOLOGY_OK] {"src":"n2","dest":"c5","body":{"type":"topology_ok","in_reply_to":1,"msg_id":0}}
[INBOUND]{"id":21,"src":"c11","dest":"n2","body":{"type":"broadcast","message":1,"msg_id":1}}
BEGIN GOSSIP
[INBOUND]{"id":28,"src":"c16","dest":"n2","body":{"type":"read","msg_id":1}}
error
[READ_OK] {"src":"n2","dest":"c16","body":{"type":"read_ok","messages":["1"],"in_reply_to":1,"msg_id":18}}
[INBOUND]{"id":30,"src":"c16","dest":"n2","body":{"type":"read","msg_id":2}}
error
[READ_OK] {"src":"n2","dest":"c16","body":{"type":"read_ok","messages":["1"],"in_reply_to":2,"msg_id":18}}
[INBOUND]{"id":36,"src":"c16","dest":"n2","body":{"type":"read","msg_id":3}}
error
[READ_OK] {"src":"n2","dest":"c16","body":{"type":"read_ok","messages":["1"],"in_reply_to":3,"msg_id":18}}
[INBOUND]{"id":38,"src":"c16","dest":"n2","body":{"type":"broadcast","message":6,"msg_id":4}}
error
BEGIN GOSSIP
[INBOUND]{"id":53,"src":"c21","dest":"n2","body":{"type":"read","msg_id":1}}
[READ_OK] {"src":"n2","dest":"c21","body":{"type":"read_ok","messages":["1","6"],"in_reply_to":1,"msg_id":48}}
[INBOUND]{"id":55,"src":"c21","dest":"n2","body":{"type":"read","msg_id":2}}
[READ_OK] {"src":"n2","dest":"c21","body":{"type":"read_ok","messages":["1","6"],"in_reply_to":2,"msg_id":51}}
[INBOUND]{"id":57,"src":"c21","dest":"n2","body":{"type":"read","msg_id":3}}
[READ_OK] {"src":"n2","dest":"c21","body":{"type":"read_ok","messages":["1","6"],"in_reply_to":3,"msg_id":54}}
[INBOUND]{"id":59,"src":"c21","dest":"n2","body":{"type":"read","msg_id":4}}
[READ_OK] {"src":"n2","dest":"c21","body":{"type":"read_ok","messages":["1","6"],"in_reply_to":4,"msg_id":54}}
[INBOUND]{"id":62,"src":"c21","dest":"n2","body":{"type":"broadcast","message":12,"msg_id":5}}
error
BEGIN GOSSIP
[INBOUND]{"id":86,"src":"c27","dest":"n2","body":{"type":"broadcast","message":16,"msg_id":1}}
BEGIN GOSSIP
[INBOUND]{"id":93,"src":"c32","dest":"n2","body":{"type":"read","msg_id":1}}
[READ_OK] {"src":"n2","dest":"c32","body":{"type":"read_ok","messages":["1","12","16","6"],"in_reply_to":1,"msg_id":294}}
