[RECEIVED] {"id":0,"src":"c0","dest":"n1","body":{"type":"init","node_id":"n1","node_ids":["n1","n2","n3","n4","n5"],"msg_id":1}}
[MATCH] InitBody
Initialized node n1
Init send {"src":"n1","dest":"c0","body":{"type":"init_ok","in_reply_to":1,"msg_id":0}}
[RECEIVED] {"id":11,"src":"c8","dest":"n1","body":{"type":"topology","topology":{"n1":["n4","n2"],"n2":["n5","n3","n1"],"n3":["n2"],"n4":["n1","n5"],"n5":["n2","n4"]},"msg_id":1}}
[MATCH] TopologyBody
[TOPOLOGY RESPONSE] {"src":"n1","dest":"c8","body":{"type":"topology_ok","in_reply_to":1,"msg_id":1}}
[RECEIVED] {"id":20,"src":"c10","dest":"n1","body":{"type":"read","msg_id":1}}
[MATCH] ReadBody
[READ RESPONSE] {"src":"n1","dest":"c10","body":{"type":"read_ok","messages":[],"in_reply_to":1,"msg_id":2}}
[RECEIVED] {"id":30,"src":"c10","dest":"n1","body":{"type":"read","msg_id":2}}
[MATCH] ReadBody
[READ RESPONSE] {"src":"n1","dest":"c10","body":{"type":"read_ok","messages":[],"in_reply_to":2,"msg_id":3}}
[RECEIVED] {"id":32,"src":"c10","dest":"n1","body":{"type":"broadcast","message":3,"msg_id":3}}
[MATCH] BroadcastBody
[BROADCAST RESPONSE] {"src":"n1","dest":"c10","body":{"type":"broadcast_ok","in_reply_to":3,"msg_id":4}}
[INSIDE BROADCAST LOOP]
[BROADCAST REQUEST] {"id":null,"src":"n1","dest":"n4","body":{"type":"broadcast","message":"3","msg_id":4}}
[BROADCAST REQUEST] {"id":null,"src":"n1","dest":"n2","body":{"type":"broadcast","message":"3","msg_id":4}}
[RECEIVED] {"id":39,"src":"c10","dest":"n1","body":{"type":"read","msg_id":4}}
[MATCH] ReadBody
[READ RESPONSE] {"src":"n1","dest":"c10","body":{"type":"read_ok","messages":["3"],"in_reply_to":4,"msg_id":5}}
[RECEIVED] {"id":49,"src":"c10","dest":"n1","body":{"type":"read","msg_id":5}}
[MATCH] ReadBody
[READ RESPONSE] {"src":"n1","dest":"c10","body":{"type":"read_ok","messages":["3"],"in_reply_to":5,"msg_id":6}}
