[RECEIVED] {"id":3,"src":"c3","dest":"n2","body":{"type":"init","node_id":"n2","node_ids":["n1","n2","n3","n4","n5"],"msg_id":1}}
[MATCH] InitBody
Initialized node n2
Init send {"src":"n2","dest":"c3","body":{"type":"init_ok","in_reply_to":1,"msg_id":0}}
[RECEIVED] {"id":10,"src":"c9","dest":"n2","body":{"type":"topology","topology":{"n1":["n4","n2"],"n2":["n5","n3","n1"],"n3":["n2"],"n4":["n1","n5"],"n5":["n2","n4"]},"msg_id":1}}
[MATCH] TopologyBody
[TOPOLOGY RESPONSE] {"src":"n2","dest":"c9","body":{"type":"topology_ok","in_reply_to":1,"msg_id":1}}
[RECEIVED] {"id":22,"src":"c11","dest":"n2","body":{"type":"broadcast","message":0,"msg_id":1}}
[MATCH] BroadcastBody
[BROADCAST RESPONSE] {"src":"n2","dest":"c11","body":{"type":"broadcast_ok","in_reply_to":1,"msg_id":2}}
[INSIDE BROADCAST LOOP]
[BROADCAST REQUEST] {"id":null,"src":"n2","dest":"n5","body":{"type":"broadcast","message":"0","msg_id":2}}
[BROADCAST REQUEST] {"id":null,"src":"n2","dest":"n3","body":{"type":"broadcast","message":"0","msg_id":2}}
[BROADCAST REQUEST] {"id":null,"src":"n2","dest":"n1","body":{"type":"broadcast","message":"0","msg_id":2}}
[RECEIVED] {"id":34,"src":"c11","dest":"n2","body":{"type":"broadcast","message":4,"msg_id":2}}
[MATCH] BroadcastBody
[BROADCAST RESPONSE] {"src":"n2","dest":"c11","body":{"type":"broadcast_ok","in_reply_to":2,"msg_id":3}}
[INSIDE BROADCAST LOOP]
[BROADCAST REQUEST] {"id":null,"src":"n2","dest":"n5","body":{"type":"broadcast","message":"4","msg_id":3}}
[BROADCAST REQUEST] {"id":null,"src":"n2","dest":"n3","body":{"type":"broadcast","message":"4","msg_id":3}}
[BROADCAST REQUEST] {"id":null,"src":"n2","dest":"n1","body":{"type":"broadcast","message":"4","msg_id":3}}
[RECEIVED] {"id":53,"src":"c15","dest":"n2","body":{"type":"read","msg_id":1}}
[MATCH] ReadBody
[READ RESPONSE] {"src":"n2","dest":"c15","body":{"type":"read_ok","messages":["4","0"],"in_reply_to":1,"msg_id":4}}
