2025-06-06 03:13:22,706{GMT}	INFO	[jepsen test runner] jepsen.core: Test version 49be5191af382759bc9da6021eec14a3b553e782 (plus uncommitted changes)
2025-06-06 03:13:22,707{GMT}	INFO	[jepsen test runner] jepsen.core: Command line:
lein run test -w echo --bin self/server/_build/default/bin/main.exe --time-limit 20 --rate 10
2025-06-06 03:13:22,739{GMT}	INFO	[jepsen test runner] jepsen.core: Running test:
{:args []
 :remote
 #jepsen.control.retry.Remote{:remote #jepsen.control.scp.Remote{:cmd-remote #jepsen.control.sshj.SSHJRemote{:concurrency-limit 6,
                                                                                                             :conn-spec nil,
                                                                                                             :client nil,
                                                                                                             :semaphore nil},
                                                                 :conn-spec nil},
                              :conn nil}
 :log-net-send false
 :node-count nil
 :availability nil
 :max-txn-length 4
 :concurrency 5
 :db
 #object[maelstrom.db$db$reify__16612
         "0x5233b7ad"
         "maelstrom.db$db$reify__16612@5233b7ad"]
 :max-writes-per-key 16
 :leave-db-running? false
 :name "echo"
 :logging-json? false
 :start-time
 #object[org.joda.time.DateTime "0x5a69f1ef" "2025-06-06T03:13:22.669-04:00"]
 :nemesis-interval 10
 :net
 #object[maelstrom.net$jepsen_net$reify__15721
         "0x54fd5f6"
         "maelstrom.net$jepsen_net$reify__15721@54fd5f6"]
 :client
 #object[maelstrom.workload.echo$client$reify__17402
         "0x219aab91"
         "maelstrom.workload.echo$client$reify__17402@219aab91"]
 :barrier
 #object[java.util.concurrent.CyclicBarrier
         "0x71737478"
         "java.util.concurrent.CyclicBarrier@71737478"]
 :log-stderr false
 :pure-generators true
 :ssh {:dummy? true}
 :rate 10.0
 :checker
 #object[jepsen.checker$compose$reify__11089
         "0x64001530"
         "jepsen.checker$compose$reify__11089@64001530"]
 :argv
 ("test"
  "-w"
  "echo"
  "--bin"
  "self/server/_build/default/bin/main.exe"
  "--time-limit"
  "20"
  "--rate"
  "10")
 :nemesis
 (jepsen.nemesis.ReflCompose
  {:fm {:start-partition 0,
        :stop-partition 0,
        :kill 1,
        :start 1,
        :pause 1,
        :resume 1},
   :nemeses [#unprintable "jepsen.nemesis.combined$partition_nemesis$reify__16905@1f9b8c23"
             #unprintable "jepsen.nemesis.combined$db_nemesis$reify__16886@6b297a62"]})
 :nodes ["n1" "n2" "n3" "n4" "n5"]
 :test-count 1
 :latency {:mean 0, :dist :constant}
 :bin "self/server/_build/default/bin/main.exe"
 :generator
 #object[jepsen.util.Forgettable
         "0x7f913c47"
         (jepsen.generator.TimeLimit
          {:limit 20000000000,
           :cutoff nil,
           :gen (jepsen.generator.Any
                 {:gens [(jepsen.generator.OnThreads
                          {:f #{:nemesis},
                           :context-filter #object[jepsen.generator.context$make_thread_filter$lazy_filter__12077
                                                   "0x5f04449a"
                                                   "jepsen.generator.context$make_thread_filter$lazy_filter__12077@5f04449a"],
                           :gen nil})
                         (jepsen.generator.OnThreads
                          {:f #jepsen.generator.context.AllBut{:element :nemesis},
                           :context-filter #object[jepsen.generator.context$make_thread_filter$lazy_filter__12077
                                                   "0x5634c26c"
                                                   "jepsen.generator.context$make_thread_filter$lazy_filter__12077@5634c26c"],
                           :gen (jepsen.generator.Stagger
                                 {:dt 200000000,
                                  :next-time nil,
                                  :gen (jepsen.generator.EachThread
                                        {:fresh-gen #object[maelstrom.workload.echo$workload$fn__17421
                                                            "0x37a5ac85"
                                                            "maelstrom.workload.echo$workload$fn__17421@37a5ac85"],
                                         :context-filters #object[clojure.core$promise$reify__8621
                                                                  "0x5d4f0fd5"
                                                                  {:status :pending,
                                                                   :val nil}],
                                         :gens {}})})})]})})]
 :log-net-recv false
 :os
 #object[maelstrom.net$jepsen_os$reify__15724
         "0x2092b072"
         "maelstrom.net$jepsen_os$reify__15724@2092b072"]
 :time-limit 20
 :workload :echo
 :consistency-models [:strict-serializable]
 :topology :grid}

2025-06-06 03:13:23,923{GMT}	INFO	[jepsen node n1] maelstrom.net: Starting Maelstrom network
2025-06-06 03:13:23,923{GMT}	INFO	[jepsen test runner] jepsen.db: Tearing down DB
2025-06-06 03:13:23,924{GMT}	INFO	[jepsen test runner] jepsen.db: Setting up DB
2025-06-06 03:13:23,925{GMT}	INFO	[jepsen node n5] maelstrom.db: Setting up n5
2025-06-06 03:13:23,925{GMT}	INFO	[jepsen node n4] maelstrom.db: Setting up n4
2025-06-06 03:13:23,925{GMT}	INFO	[jepsen node n3] maelstrom.db: Setting up n3
2025-06-06 03:13:23,925{GMT}	INFO	[jepsen node n2] maelstrom.db: Setting up n2
2025-06-06 03:13:23,925{GMT}	INFO	[jepsen node n5] maelstrom.process: launching self/server/_build/default/bin/main.exe []
2025-06-06 03:13:23,925{GMT}	INFO	[jepsen node n2] maelstrom.process: launching self/server/_build/default/bin/main.exe []
2025-06-06 03:13:23,925{GMT}	INFO	[jepsen node n4] maelstrom.process: launching self/server/_build/default/bin/main.exe []
2025-06-06 03:13:23,925{GMT}	INFO	[jepsen node n3] maelstrom.process: launching self/server/_build/default/bin/main.exe []
2025-06-06 03:13:23,926{GMT}	INFO	[jepsen node n1] maelstrom.service: Starting services: (lin-kv lin-tso lww-kv seq-kv)
2025-06-06 03:13:23,926{GMT}	INFO	[jepsen node n1] maelstrom.db: Setting up n1
2025-06-06 03:13:23,926{GMT}	INFO	[jepsen node n1] maelstrom.process: launching self/server/_build/default/bin/main.exe []
2025-06-06 03:13:33,765{GMT}	INFO	[jepsen test runner] jepsen.core: Relative time begins now
2025-06-06 03:13:33,783{GMT}	INFO	[jepsen worker 1] jepsen.util: 1	:invoke	:echo	"Please echo 32"
2025-06-06 03:13:33,791{GMT}	INFO	[jepsen worker 1] jepsen.util: 1	:ok	:echo	{:type "echo_ok", :echo "Please echo 32", :msg_id 0, :in_reply_to 1}
2025-06-06 03:13:33,853{GMT}	INFO	[jepsen worker 3] jepsen.util: 3	:invoke	:echo	"Please echo 93"
2025-06-06 03:13:33,855{GMT}	INFO	[jepsen worker 3] jepsen.util: 3	:ok	:echo	{:type "echo_ok", :echo "Please echo 93", :msg_id 0, :in_reply_to 1}
2025-06-06 03:13:33,925{GMT}	INFO	[jepsen worker 1] jepsen.util: 1	:invoke	:echo	"Please echo 26"
2025-06-06 03:13:33,926{GMT}	INFO	[jepsen worker 1] jepsen.util: 1	:ok	:echo	{:type "echo_ok", :echo "Please echo 26", :msg_id 0, :in_reply_to 2}
2025-06-06 03:13:34,085{GMT}	INFO	[jepsen worker 2] jepsen.util: 2	:invoke	:echo	"Please echo 32"
2025-06-06 03:13:34,089{GMT}	INFO	[jepsen worker 2] jepsen.util: 2	:ok	:echo	{:type "echo_ok", :echo "Please echo 32", :msg_id 0, :in_reply_to 1}
2025-06-06 03:13:34,121{GMT}	INFO	[jepsen worker 3] jepsen.util: 3	:invoke	:echo	"Please echo 13"
2025-06-06 03:13:34,123{GMT}	INFO	[jepsen worker 3] jepsen.util: 3	:ok	:echo	{:type "echo_ok", :echo "Please echo 13", :msg_id 0, :in_reply_to 2}
2025-06-06 03:13:34,267{GMT}	INFO	[jepsen worker 4] jepsen.util: 4	:invoke	:echo	"Please echo 0"
2025-06-06 03:13:34,271{GMT}	INFO	[jepsen worker 4] jepsen.util: 4	:ok	:echo	{:type "echo_ok", :echo "Please echo 0", :msg_id 0, :in_reply_to 1}
2025-06-06 03:13:34,459{GMT}	INFO	[jepsen worker 2] jepsen.util: 2	:invoke	:echo	"Please echo 10"
2025-06-06 03:13:34,461{GMT}	INFO	[jepsen worker 2] jepsen.util: 2	:ok	:echo	{:type "echo_ok", :echo "Please echo 10", :msg_id 0, :in_reply_to 2}
2025-06-06 03:13:34,500{GMT}	INFO	[jepsen worker 2] jepsen.util: 2	:invoke	:echo	"Please echo 11"
2025-06-06 03:13:34,503{GMT}	INFO	[jepsen worker 2] jepsen.util: 2	:ok	:echo	{:type "echo_ok", :echo "Please echo 11", :msg_id 0, :in_reply_to 3}
2025-06-06 03:13:34,557{GMT}	INFO	[jepsen worker 0] jepsen.util: 0	:invoke	:echo	"Please echo 66"
2025-06-06 03:13:34,559{GMT}	INFO	[jepsen worker 0] jepsen.util: 0	:ok	:echo	{:type "echo_ok", :echo "Please echo 66", :msg_id 0, :in_reply_to 1}
2025-06-06 03:13:34,623{GMT}	INFO	[jepsen worker 3] jepsen.util: 3	:invoke	:echo	"Please echo 102"
2025-06-06 03:13:34,625{GMT}	INFO	[jepsen worker 3] jepsen.util: 3	:ok	:echo	{:type "echo_ok", :echo "Please echo 102", :msg_id 0, :in_reply_to 3}
2025-06-06 03:13:34,756{GMT}	INFO	[jepsen worker 0] jepsen.util: 0	:invoke	:echo	"Please echo 55"
2025-06-06 03:13:34,759{GMT}	INFO	[jepsen worker 0] jepsen.util: 0	:ok	:echo	{:type "echo_ok", :echo "Please echo 55", :msg_id 0, :in_reply_to 2}
2025-06-06 03:13:34,920{GMT}	INFO	[jepsen worker 1] jepsen.util: 1	:invoke	:echo	"Please echo 89"
2025-06-06 03:13:34,922{GMT}	INFO	[jepsen worker 1] jepsen.util: 1	:ok	:echo	{:type "echo_ok", :echo "Please echo 89", :msg_id 0, :in_reply_to 3}
2025-06-06 03:13:35,067{GMT}	INFO	[jepsen worker 2] jepsen.util: 2	:invoke	:echo	"Please echo 76"
2025-06-06 03:13:35,070{GMT}	INFO	[jepsen worker 2] jepsen.util: 2	:ok	:echo	{:type "echo_ok", :echo "Please echo 76", :msg_id 0, :in_reply_to 4}
2025-06-06 03:13:35,146{GMT}	INFO	[jepsen worker 1] jepsen.util: 1	:invoke	:echo	"Please echo 18"
2025-06-06 03:13:35,149{GMT}	INFO	[jepsen worker 1] jepsen.util: 1	:ok	:echo	{:type "echo_ok", :echo "Please echo 18", :msg_id 0, :in_reply_to 4}
2025-06-06 03:13:35,206{GMT}	INFO	[jepsen worker 4] jepsen.util: 4	:invoke	:echo	"Please echo 85"
2025-06-06 03:13:35,209{GMT}	INFO	[jepsen worker 4] jepsen.util: 4	:ok	:echo	{:type "echo_ok", :echo "Please echo 85", :msg_id 0, :in_reply_to 2}
2025-06-06 03:13:35,313{GMT}	INFO	[jepsen worker 4] jepsen.util: 4	:invoke	:echo	"Please echo 11"
2025-06-06 03:13:35,316{GMT}	INFO	[jepsen worker 4] jepsen.util: 4	:ok	:echo	{:type "echo_ok", :echo "Please echo 11", :msg_id 0, :in_reply_to 3}
2025-06-06 03:13:35,514{GMT}	INFO	[jepsen worker 0] jepsen.util: 0	:invoke	:echo	"Please echo 97"
2025-06-06 03:13:35,516{GMT}	INFO	[jepsen worker 0] jepsen.util: 0	:ok	:echo	{:type "echo_ok", :echo "Please echo 97", :msg_id 0, :in_reply_to 3}
2025-06-06 03:13:35,545{GMT}	INFO	[jepsen worker 2] jepsen.util: 2	:invoke	:echo	"Please echo 58"
2025-06-06 03:13:35,547{GMT}	INFO	[jepsen worker 2] jepsen.util: 2	:ok	:echo	{:type "echo_ok", :echo "Please echo 58", :msg_id 0, :in_reply_to 5}
2025-06-06 03:13:35,738{GMT}	INFO	[jepsen worker 4] jepsen.util: 4	:invoke	:echo	"Please echo 88"
2025-06-06 03:13:35,739{GMT}	INFO	[jepsen worker 4] jepsen.util: 4	:ok	:echo	{:type "echo_ok", :echo "Please echo 88", :msg_id 0, :in_reply_to 4}
2025-06-06 03:13:35,753{GMT}	INFO	[jepsen worker 4] jepsen.util: 4	:invoke	:echo	"Please echo 11"
2025-06-06 03:13:35,754{GMT}	INFO	[jepsen worker 4] jepsen.util: 4	:ok	:echo	{:type "echo_ok", :echo "Please echo 11", :msg_id 0, :in_reply_to 5}
2025-06-06 03:13:35,806{GMT}	INFO	[jepsen worker 2] jepsen.util: 2	:invoke	:echo	"Please echo 28"
2025-06-06 03:13:35,806{GMT}	INFO	[jepsen worker 2] jepsen.util: 2	:ok	:echo	{:type "echo_ok", :echo "Please echo 28", :msg_id 0, :in_reply_to 6}
2025-06-06 03:13:35,929{GMT}	INFO	[jepsen worker 3] jepsen.util: 3	:invoke	:echo	"Please echo 127"
2025-06-06 03:13:35,930{GMT}	INFO	[jepsen worker 3] jepsen.util: 3	:ok	:echo	{:type "echo_ok", :echo "Please echo 127", :msg_id 0, :in_reply_to 4}
2025-06-06 03:13:35,998{GMT}	INFO	[jepsen worker 1] jepsen.util: 1	:invoke	:echo	"Please echo 114"
2025-06-06 03:13:35,999{GMT}	INFO	[jepsen worker 1] jepsen.util: 1	:ok	:echo	{:type "echo_ok", :echo "Please echo 114", :msg_id 0, :in_reply_to 5}
2025-06-06 03:13:36,039{GMT}	INFO	[jepsen worker 4] jepsen.util: 4	:invoke	:echo	"Please echo 58"
2025-06-06 03:13:36,041{GMT}	INFO	[jepsen worker 4] jepsen.util: 4	:ok	:echo	{:type "echo_ok", :echo "Please echo 58", :msg_id 0, :in_reply_to 6}
2025-06-06 03:13:36,215{GMT}	INFO	[jepsen worker 3] jepsen.util: 3	:invoke	:echo	"Please echo 125"
2025-06-06 03:13:36,218{GMT}	INFO	[jepsen worker 3] jepsen.util: 3	:ok	:echo	{:type "echo_ok", :echo "Please echo 125", :msg_id 0, :in_reply_to 5}
2025-06-06 03:13:36,310{GMT}	INFO	[jepsen worker 4] jepsen.util: 4	:invoke	:echo	"Please echo 15"
2025-06-06 03:13:36,311{GMT}	INFO	[jepsen worker 4] jepsen.util: 4	:ok	:echo	{:type "echo_ok", :echo "Please echo 15", :msg_id 0, :in_reply_to 7}
2025-06-06 03:13:36,508{GMT}	INFO	[jepsen worker 4] jepsen.util: 4	:invoke	:echo	"Please echo 47"
2025-06-06 03:13:36,509{GMT}	INFO	[jepsen worker 4] jepsen.util: 4	:ok	:echo	{:type "echo_ok", :echo "Please echo 47", :msg_id 0, :in_reply_to 8}
2025-06-06 03:13:36,619{GMT}	INFO	[jepsen worker 2] jepsen.util: 2	:invoke	:echo	"Please echo 70"
2025-06-06 03:13:36,623{GMT}	INFO	[jepsen worker 2] jepsen.util: 2	:ok	:echo	{:type "echo_ok", :echo "Please echo 70", :msg_id 0, :in_reply_to 7}
2025-06-06 03:13:36,707{GMT}	INFO	[jepsen worker 1] jepsen.util: 1	:invoke	:echo	"Please echo 68"
2025-06-06 03:13:36,709{GMT}	INFO	[jepsen worker 1] jepsen.util: 1	:ok	:echo	{:type "echo_ok", :echo "Please echo 68", :msg_id 0, :in_reply_to 6}
2025-06-06 03:13:36,766{GMT}	INFO	[jepsen worker 3] jepsen.util: 3	:invoke	:echo	"Please echo 71"
2025-06-06 03:13:36,767{GMT}	INFO	[jepsen worker 3] jepsen.util: 3	:ok	:echo	{:type "echo_ok", :echo "Please echo 71", :msg_id 0, :in_reply_to 6}
2025-06-06 03:13:36,941{GMT}	INFO	[jepsen worker 3] jepsen.util: 3	:invoke	:echo	"Please echo 43"
2025-06-06 03:13:36,943{GMT}	INFO	[jepsen worker 3] jepsen.util: 3	:ok	:echo	{:type "echo_ok", :echo "Please echo 43", :msg_id 0, :in_reply_to 7}
2025-06-06 03:13:37,085{GMT}	INFO	[jepsen worker 0] jepsen.util: 0	:invoke	:echo	"Please echo 50"
2025-06-06 03:13:37,086{GMT}	INFO	[jepsen worker 0] jepsen.util: 0	:ok	:echo	{:type "echo_ok", :echo "Please echo 50", :msg_id 0, :in_reply_to 4}
2025-06-06 03:13:37,266{GMT}	INFO	[jepsen worker 3] jepsen.util: 3	:invoke	:echo	"Please echo 93"
2025-06-06 03:13:37,269{GMT}	INFO	[jepsen worker 3] jepsen.util: 3	:ok	:echo	{:type "echo_ok", :echo "Please echo 93", :msg_id 0, :in_reply_to 8}
2025-06-06 03:13:37,411{GMT}	INFO	[jepsen worker 1] jepsen.util: 1	:invoke	:echo	"Please echo 15"
2025-06-06 03:13:37,413{GMT}	INFO	[jepsen worker 1] jepsen.util: 1	:ok	:echo	{:type "echo_ok", :echo "Please echo 15", :msg_id 0, :in_reply_to 7}
2025-06-06 03:13:37,443{GMT}	INFO	[jepsen worker 4] jepsen.util: 4	:invoke	:echo	"Please echo 123"
2025-06-06 03:13:37,444{GMT}	INFO	[jepsen worker 4] jepsen.util: 4	:ok	:echo	{:type "echo_ok", :echo "Please echo 123", :msg_id 0, :in_reply_to 9}
2025-06-06 03:13:37,534{GMT}	INFO	[jepsen worker 4] jepsen.util: 4	:invoke	:echo	"Please echo 84"
2025-06-06 03:13:37,535{GMT}	INFO	[jepsen worker 4] jepsen.util: 4	:ok	:echo	{:type "echo_ok", :echo "Please echo 84", :msg_id 0, :in_reply_to 10}
2025-06-06 03:13:37,731{GMT}	INFO	[jepsen worker 4] jepsen.util: 4	:invoke	:echo	"Please echo 12"
2025-06-06 03:13:37,734{GMT}	INFO	[jepsen worker 4] jepsen.util: 4	:ok	:echo	{:type "echo_ok", :echo "Please echo 12", :msg_id 0, :in_reply_to 11}
2025-06-06 03:13:37,897{GMT}	INFO	[jepsen worker 4] jepsen.util: 4	:invoke	:echo	"Please echo 4"
2025-06-06 03:13:37,898{GMT}	INFO	[jepsen worker 4] jepsen.util: 4	:ok	:echo	{:type "echo_ok", :echo "Please echo 4", :msg_id 0, :in_reply_to 12}
2025-06-06 03:13:38,074{GMT}	INFO	[jepsen worker 1] jepsen.util: 1	:invoke	:echo	"Please echo 111"
2025-06-06 03:13:38,078{GMT}	INFO	[jepsen worker 1] jepsen.util: 1	:ok	:echo	{:type "echo_ok", :echo "Please echo 111", :msg_id 0, :in_reply_to 8}
2025-06-06 03:13:38,197{GMT}	INFO	[jepsen worker 1] jepsen.util: 1	:invoke	:echo	"Please echo 30"
2025-06-06 03:13:38,199{GMT}	INFO	[jepsen worker 1] jepsen.util: 1	:ok	:echo	{:type "echo_ok", :echo "Please echo 30", :msg_id 0, :in_reply_to 9}
2025-06-06 03:13:38,320{GMT}	INFO	[jepsen worker 2] jepsen.util: 2	:invoke	:echo	"Please echo 2"
2025-06-06 03:13:38,322{GMT}	INFO	[jepsen worker 2] jepsen.util: 2	:ok	:echo	{:type "echo_ok", :echo "Please echo 2", :msg_id 0, :in_reply_to 8}
2025-06-06 03:13:38,464{GMT}	INFO	[jepsen worker 0] jepsen.util: 0	:invoke	:echo	"Please echo 28"
2025-06-06 03:13:38,467{GMT}	INFO	[jepsen worker 0] jepsen.util: 0	:ok	:echo	{:type "echo_ok", :echo "Please echo 28", :msg_id 0, :in_reply_to 5}
2025-06-06 03:13:38,507{GMT}	INFO	[jepsen worker 1] jepsen.util: 1	:invoke	:echo	"Please echo 12"
2025-06-06 03:13:38,509{GMT}	INFO	[jepsen worker 1] jepsen.util: 1	:ok	:echo	{:type "echo_ok", :echo "Please echo 12", :msg_id 0, :in_reply_to 10}
2025-06-06 03:13:38,707{GMT}	INFO	[jepsen worker 1] jepsen.util: 1	:invoke	:echo	"Please echo 48"
2025-06-06 03:13:38,710{GMT}	INFO	[jepsen worker 1] jepsen.util: 1	:ok	:echo	{:type "echo_ok", :echo "Please echo 48", :msg_id 0, :in_reply_to 11}
2025-06-06 03:13:38,890{GMT}	INFO	[jepsen worker 2] jepsen.util: 2	:invoke	:echo	"Please echo 48"
2025-06-06 03:13:38,892{GMT}	INFO	[jepsen worker 2] jepsen.util: 2	:ok	:echo	{:type "echo_ok", :echo "Please echo 48", :msg_id 0, :in_reply_to 9}
2025-06-06 03:13:38,966{GMT}	INFO	[jepsen worker 0] jepsen.util: 0	:invoke	:echo	"Please echo 60"
2025-06-06 03:13:38,968{GMT}	INFO	[jepsen worker 0] jepsen.util: 0	:ok	:echo	{:type "echo_ok", :echo "Please echo 60", :msg_id 0, :in_reply_to 6}
2025-06-06 03:13:39,027{GMT}	INFO	[jepsen worker 0] jepsen.util: 0	:invoke	:echo	"Please echo 80"
2025-06-06 03:13:39,031{GMT}	INFO	[jepsen worker 0] jepsen.util: 0	:ok	:echo	{:type "echo_ok", :echo "Please echo 80", :msg_id 0, :in_reply_to 7}
2025-06-06 03:13:39,134{GMT}	INFO	[jepsen worker 2] jepsen.util: 2	:invoke	:echo	"Please echo 117"
2025-06-06 03:13:39,136{GMT}	INFO	[jepsen worker 2] jepsen.util: 2	:ok	:echo	{:type "echo_ok", :echo "Please echo 117", :msg_id 0, :in_reply_to 10}
2025-06-06 03:13:39,246{GMT}	INFO	[jepsen worker 0] jepsen.util: 0	:invoke	:echo	"Please echo 108"
2025-06-06 03:13:39,248{GMT}	INFO	[jepsen worker 0] jepsen.util: 0	:ok	:echo	{:type "echo_ok", :echo "Please echo 108", :msg_id 0, :in_reply_to 8}
2025-06-06 03:13:39,324{GMT}	INFO	[jepsen worker 0] jepsen.util: 0	:invoke	:echo	"Please echo 48"
2025-06-06 03:13:39,325{GMT}	INFO	[jepsen worker 0] jepsen.util: 0	:ok	:echo	{:type "echo_ok", :echo "Please echo 48", :msg_id 0, :in_reply_to 9}
2025-06-06 03:13:39,325{GMT}	INFO	[jepsen worker 3] jepsen.util: 3	:invoke	:echo	"Please echo 106"
2025-06-06 03:13:39,326{GMT}	INFO	[jepsen worker 3] jepsen.util: 3	:ok	:echo	{:type "echo_ok", :echo "Please echo 106", :msg_id 0, :in_reply_to 9}
2025-06-06 03:13:39,480{GMT}	INFO	[jepsen worker 4] jepsen.util: 4	:invoke	:echo	"Please echo 112"
2025-06-06 03:13:39,481{GMT}	INFO	[jepsen worker 4] jepsen.util: 4	:ok	:echo	{:type "echo_ok", :echo "Please echo 112", :msg_id 0, :in_reply_to 13}
2025-06-06 03:13:39,657{GMT}	INFO	[jepsen worker 4] jepsen.util: 4	:invoke	:echo	"Please echo 10"
2025-06-06 03:13:39,658{GMT}	INFO	[jepsen worker 4] jepsen.util: 4	:ok	:echo	{:type "echo_ok", :echo "Please echo 10", :msg_id 0, :in_reply_to 14}
2025-06-06 03:13:39,743{GMT}	INFO	[jepsen worker 3] jepsen.util: 3	:invoke	:echo	"Please echo 53"
2025-06-06 03:13:39,744{GMT}	INFO	[jepsen worker 3] jepsen.util: 3	:ok	:echo	{:type "echo_ok", :echo "Please echo 53", :msg_id 0, :in_reply_to 10}
2025-06-06 03:13:39,926{GMT}	INFO	[jepsen worker 1] jepsen.util: 1	:invoke	:echo	"Please echo 89"
2025-06-06 03:13:39,927{GMT}	INFO	[jepsen worker 1] jepsen.util: 1	:ok	:echo	{:type "echo_ok", :echo "Please echo 89", :msg_id 0, :in_reply_to 12}
2025-06-06 03:13:40,082{GMT}	INFO	[jepsen worker 1] jepsen.util: 1	:invoke	:echo	"Please echo 91"
2025-06-06 03:13:40,083{GMT}	INFO	[jepsen worker 1] jepsen.util: 1	:ok	:echo	{:type "echo_ok", :echo "Please echo 91", :msg_id 0, :in_reply_to 13}
2025-06-06 03:13:40,190{GMT}	INFO	[jepsen worker 3] jepsen.util: 3	:invoke	:echo	"Please echo 92"
2025-06-06 03:13:40,191{GMT}	INFO	[jepsen worker 3] jepsen.util: 3	:ok	:echo	{:type "echo_ok", :echo "Please echo 92", :msg_id 0, :in_reply_to 11}
2025-06-06 03:13:40,295{GMT}	INFO	[jepsen worker 2] jepsen.util: 2	:invoke	:echo	"Please echo 13"
2025-06-06 03:13:40,297{GMT}	INFO	[jepsen worker 2] jepsen.util: 2	:ok	:echo	{:type "echo_ok", :echo "Please echo 13", :msg_id 0, :in_reply_to 11}
2025-06-06 03:13:40,359{GMT}	INFO	[jepsen worker 3] jepsen.util: 3	:invoke	:echo	"Please echo 47"
2025-06-06 03:13:40,361{GMT}	INFO	[jepsen worker 3] jepsen.util: 3	:ok	:echo	{:type "echo_ok", :echo "Please echo 47", :msg_id 0, :in_reply_to 12}
2025-06-06 03:13:40,436{GMT}	INFO	[jepsen worker 0] jepsen.util: 0	:invoke	:echo	"Please echo 104"
2025-06-06 03:13:40,438{GMT}	INFO	[jepsen worker 0] jepsen.util: 0	:ok	:echo	{:type "echo_ok", :echo "Please echo 104", :msg_id 0, :in_reply_to 10}
2025-06-06 03:13:40,483{GMT}	INFO	[jepsen worker 4] jepsen.util: 4	:invoke	:echo	"Please echo 36"
2025-06-06 03:13:40,486{GMT}	INFO	[jepsen worker 4] jepsen.util: 4	:ok	:echo	{:type "echo_ok", :echo "Please echo 36", :msg_id 0, :in_reply_to 15}
2025-06-06 03:13:40,658{GMT}	INFO	[jepsen worker 2] jepsen.util: 2	:invoke	:echo	"Please echo 43"
2025-06-06 03:13:40,660{GMT}	INFO	[jepsen worker 2] jepsen.util: 2	:ok	:echo	{:type "echo_ok", :echo "Please echo 43", :msg_id 0, :in_reply_to 12}
2025-06-06 03:13:40,771{GMT}	INFO	[jepsen worker 2] jepsen.util: 2	:invoke	:echo	"Please echo 17"
2025-06-06 03:13:40,773{GMT}	INFO	[jepsen worker 2] jepsen.util: 2	:ok	:echo	{:type "echo_ok", :echo "Please echo 17", :msg_id 0, :in_reply_to 13}
2025-06-06 03:13:40,970{GMT}	INFO	[jepsen worker 4] jepsen.util: 4	:invoke	:echo	"Please echo 74"
2025-06-06 03:13:40,972{GMT}	INFO	[jepsen worker 4] jepsen.util: 4	:ok	:echo	{:type "echo_ok", :echo "Please echo 74", :msg_id 0, :in_reply_to 16}
2025-06-06 03:13:41,002{GMT}	INFO	[jepsen worker 2] jepsen.util: 2	:invoke	:echo	"Please echo 71"
2025-06-06 03:13:41,004{GMT}	INFO	[jepsen worker 2] jepsen.util: 2	:ok	:echo	{:type "echo_ok", :echo "Please echo 71", :msg_id 0, :in_reply_to 14}
2025-06-06 03:13:41,120{GMT}	INFO	[jepsen worker 1] jepsen.util: 1	:invoke	:echo	"Please echo 104"
2025-06-06 03:13:41,122{GMT}	INFO	[jepsen worker 1] jepsen.util: 1	:ok	:echo	{:type "echo_ok", :echo "Please echo 104", :msg_id 0, :in_reply_to 14}
2025-06-06 03:13:41,211{GMT}	INFO	[jepsen worker 4] jepsen.util: 4	:invoke	:echo	"Please echo 71"
2025-06-06 03:13:41,212{GMT}	INFO	[jepsen worker 4] jepsen.util: 4	:ok	:echo	{:type "echo_ok", :echo "Please echo 71", :msg_id 0, :in_reply_to 17}
2025-06-06 03:13:41,391{GMT}	INFO	[jepsen worker 1] jepsen.util: 1	:invoke	:echo	"Please echo 121"
2025-06-06 03:13:41,393{GMT}	INFO	[jepsen worker 1] jepsen.util: 1	:ok	:echo	{:type "echo_ok", :echo "Please echo 121", :msg_id 0, :in_reply_to 15}
2025-06-06 03:13:41,400{GMT}	INFO	[jepsen worker 0] jepsen.util: 0	:invoke	:echo	"Please echo 112"
2025-06-06 03:13:41,401{GMT}	INFO	[jepsen worker 0] jepsen.util: 0	:ok	:echo	{:type "echo_ok", :echo "Please echo 112", :msg_id 0, :in_reply_to 11}
2025-06-06 03:13:41,483{GMT}	INFO	[jepsen worker 2] jepsen.util: 2	:invoke	:echo	"Please echo 80"
2025-06-06 03:13:41,485{GMT}	INFO	[jepsen worker 2] jepsen.util: 2	:ok	:echo	{:type "echo_ok", :echo "Please echo 80", :msg_id 0, :in_reply_to 15}
2025-06-06 03:13:41,612{GMT}	INFO	[jepsen worker 3] jepsen.util: 3	:invoke	:echo	"Please echo 68"
2025-06-06 03:13:41,613{GMT}	INFO	[jepsen worker 3] jepsen.util: 3	:ok	:echo	{:type "echo_ok", :echo "Please echo 68", :msg_id 0, :in_reply_to 13}
2025-06-06 03:13:41,639{GMT}	INFO	[jepsen worker 4] jepsen.util: 4	:invoke	:echo	"Please echo 63"
2025-06-06 03:13:41,641{GMT}	INFO	[jepsen worker 4] jepsen.util: 4	:ok	:echo	{:type "echo_ok", :echo "Please echo 63", :msg_id 0, :in_reply_to 18}
2025-06-06 03:13:41,753{GMT}	INFO	[jepsen worker 2] jepsen.util: 2	:invoke	:echo	"Please echo 98"
2025-06-06 03:13:41,754{GMT}	INFO	[jepsen worker 2] jepsen.util: 2	:ok	:echo	{:type "echo_ok", :echo "Please echo 98", :msg_id 0, :in_reply_to 16}
2025-06-06 03:13:41,901{GMT}	INFO	[jepsen worker 1] jepsen.util: 1	:invoke	:echo	"Please echo 87"
2025-06-06 03:13:41,902{GMT}	INFO	[jepsen worker 1] jepsen.util: 1	:ok	:echo	{:type "echo_ok", :echo "Please echo 87", :msg_id 0, :in_reply_to 16}
2025-06-06 03:13:41,972{GMT}	INFO	[jepsen worker 4] jepsen.util: 4	:invoke	:echo	"Please echo 106"
2025-06-06 03:13:41,973{GMT}	INFO	[jepsen worker 4] jepsen.util: 4	:ok	:echo	{:type "echo_ok", :echo "Please echo 106", :msg_id 0, :in_reply_to 19}
2025-06-06 03:13:42,030{GMT}	INFO	[jepsen worker 4] jepsen.util: 4	:invoke	:echo	"Please echo 69"
2025-06-06 03:13:42,031{GMT}	INFO	[jepsen worker 4] jepsen.util: 4	:ok	:echo	{:type "echo_ok", :echo "Please echo 69", :msg_id 0, :in_reply_to 20}
2025-06-06 03:13:42,058{GMT}	INFO	[jepsen worker 0] jepsen.util: 0	:invoke	:echo	"Please echo 5"
2025-06-06 03:13:42,059{GMT}	INFO	[jepsen worker 0] jepsen.util: 0	:ok	:echo	{:type "echo_ok", :echo "Please echo 5", :msg_id 0, :in_reply_to 12}
2025-06-06 03:13:42,068{GMT}	INFO	[jepsen worker 4] jepsen.util: 4	:invoke	:echo	"Please echo 64"
2025-06-06 03:13:42,069{GMT}	INFO	[jepsen worker 4] jepsen.util: 4	:ok	:echo	{:type "echo_ok", :echo "Please echo 64", :msg_id 0, :in_reply_to 21}
2025-06-06 03:13:42,264{GMT}	INFO	[jepsen worker 1] jepsen.util: 1	:invoke	:echo	"Please echo 76"
2025-06-06 03:13:42,265{GMT}	INFO	[jepsen worker 1] jepsen.util: 1	:ok	:echo	{:type "echo_ok", :echo "Please echo 76", :msg_id 0, :in_reply_to 17}
2025-06-06 03:13:42,357{GMT}	INFO	[jepsen worker 3] jepsen.util: 3	:invoke	:echo	"Please echo 111"
2025-06-06 03:13:42,359{GMT}	INFO	[jepsen worker 3] jepsen.util: 3	:ok	:echo	{:type "echo_ok", :echo "Please echo 111", :msg_id 0, :in_reply_to 14}
2025-06-06 03:13:42,388{GMT}	INFO	[jepsen worker 4] jepsen.util: 4	:invoke	:echo	"Please echo 63"
2025-06-06 03:13:42,389{GMT}	INFO	[jepsen worker 4] jepsen.util: 4	:ok	:echo	{:type "echo_ok", :echo "Please echo 63", :msg_id 0, :in_reply_to 22}
2025-06-06 03:13:42,550{GMT}	INFO	[jepsen worker 0] jepsen.util: 0	:invoke	:echo	"Please echo 98"
2025-06-06 03:13:42,551{GMT}	INFO	[jepsen worker 0] jepsen.util: 0	:ok	:echo	{:type "echo_ok", :echo "Please echo 98", :msg_id 0, :in_reply_to 13}
2025-06-06 03:13:42,604{GMT}	INFO	[jepsen worker 1] jepsen.util: 1	:invoke	:echo	"Please echo 92"
2025-06-06 03:13:42,605{GMT}	INFO	[jepsen worker 1] jepsen.util: 1	:ok	:echo	{:type "echo_ok", :echo "Please echo 92", :msg_id 0, :in_reply_to 18}
2025-06-06 03:13:42,774{GMT}	INFO	[jepsen worker 0] jepsen.util: 0	:invoke	:echo	"Please echo 71"
2025-06-06 03:13:42,775{GMT}	INFO	[jepsen worker 0] jepsen.util: 0	:ok	:echo	{:type "echo_ok", :echo "Please echo 71", :msg_id 0, :in_reply_to 14}
2025-06-06 03:13:42,954{GMT}	INFO	[jepsen worker 4] jepsen.util: 4	:invoke	:echo	"Please echo 1"
2025-06-06 03:13:42,958{GMT}	INFO	[jepsen worker 4] jepsen.util: 4	:ok	:echo	{:type "echo_ok", :echo "Please echo 1", :msg_id 0, :in_reply_to 23}
2025-06-06 03:13:43,028{GMT}	INFO	[jepsen worker 0] jepsen.util: 0	:invoke	:echo	"Please echo 60"
2025-06-06 03:13:43,031{GMT}	INFO	[jepsen worker 0] jepsen.util: 0	:ok	:echo	{:type "echo_ok", :echo "Please echo 60", :msg_id 0, :in_reply_to 15}
2025-06-06 03:13:43,187{GMT}	INFO	[jepsen worker 3] jepsen.util: 3	:invoke	:echo	"Please echo 75"
2025-06-06 03:13:43,189{GMT}	INFO	[jepsen worker 3] jepsen.util: 3	:ok	:echo	{:type "echo_ok", :echo "Please echo 75", :msg_id 0, :in_reply_to 15}
2025-06-06 03:13:43,206{GMT}	INFO	[jepsen worker 1] jepsen.util: 1	:invoke	:echo	"Please echo 52"
2025-06-06 03:13:43,209{GMT}	INFO	[jepsen worker 1] jepsen.util: 1	:ok	:echo	{:type "echo_ok", :echo "Please echo 52", :msg_id 0, :in_reply_to 19}
2025-06-06 03:13:43,360{GMT}	INFO	[jepsen worker 2] jepsen.util: 2	:invoke	:echo	"Please echo 17"
2025-06-06 03:13:43,363{GMT}	INFO	[jepsen worker 2] jepsen.util: 2	:ok	:echo	{:type "echo_ok", :echo "Please echo 17", :msg_id 0, :in_reply_to 17}
2025-06-06 03:13:43,467{GMT}	INFO	[jepsen worker 2] jepsen.util: 2	:invoke	:echo	"Please echo 124"
2025-06-06 03:13:43,468{GMT}	INFO	[jepsen worker 2] jepsen.util: 2	:ok	:echo	{:type "echo_ok", :echo "Please echo 124", :msg_id 0, :in_reply_to 18}
2025-06-06 03:13:43,608{GMT}	INFO	[jepsen worker 2] jepsen.util: 2	:invoke	:echo	"Please echo 97"
2025-06-06 03:13:43,611{GMT}	INFO	[jepsen worker 2] jepsen.util: 2	:ok	:echo	{:type "echo_ok", :echo "Please echo 97", :msg_id 0, :in_reply_to 19}
2025-06-06 03:13:43,763{GMT}	INFO	[jepsen worker 3] jepsen.util: 3	:invoke	:echo	"Please echo 71"
2025-06-06 03:13:43,766{GMT}	INFO	[jepsen worker 2] jepsen.util: 2	:invoke	:echo	"Please echo 100"
2025-06-06 03:13:43,767{GMT}	INFO	[jepsen worker 3] jepsen.util: 3	:ok	:echo	{:type "echo_ok", :echo "Please echo 71", :msg_id 0, :in_reply_to 16}
2025-06-06 03:13:43,767{GMT}	INFO	[jepsen worker 2] jepsen.util: 2	:ok	:echo	{:type "echo_ok", :echo "Please echo 100", :msg_id 0, :in_reply_to 20}
2025-06-06 03:13:43,770{GMT}	INFO	[jepsen worker 0] jepsen.util: 0	:invoke	:echo	"Please echo 73"
2025-06-06 03:13:43,771{GMT}	INFO	[jepsen worker 0] jepsen.util: 0	:ok	:echo	{:type "echo_ok", :echo "Please echo 73", :msg_id 0, :in_reply_to 16}
2025-06-06 03:13:43,891{GMT}	INFO	[jepsen worker 0] jepsen.util: 0	:invoke	:echo	"Please echo 70"
2025-06-06 03:13:43,893{GMT}	INFO	[jepsen worker 0] jepsen.util: 0	:ok	:echo	{:type "echo_ok", :echo "Please echo 70", :msg_id 0, :in_reply_to 17}
2025-06-06 03:13:44,081{GMT}	INFO	[jepsen worker 3] jepsen.util: 3	:invoke	:echo	"Please echo 112"
2025-06-06 03:13:44,084{GMT}	INFO	[jepsen worker 3] jepsen.util: 3	:ok	:echo	{:type "echo_ok", :echo "Please echo 112", :msg_id 0, :in_reply_to 17}
2025-06-06 03:13:44,124{GMT}	INFO	[jepsen worker 4] jepsen.util: 4	:invoke	:echo	"Please echo 112"
2025-06-06 03:13:44,126{GMT}	INFO	[jepsen worker 4] jepsen.util: 4	:ok	:echo	{:type "echo_ok", :echo "Please echo 112", :msg_id 0, :in_reply_to 24}
2025-06-06 03:13:44,200{GMT}	INFO	[jepsen worker 3] jepsen.util: 3	:invoke	:echo	"Please echo 69"
2025-06-06 03:13:44,202{GMT}	INFO	[jepsen worker 3] jepsen.util: 3	:ok	:echo	{:type "echo_ok", :echo "Please echo 69", :msg_id 0, :in_reply_to 18}
2025-06-06 03:13:44,365{GMT}	INFO	[jepsen worker 2] jepsen.util: 2	:invoke	:echo	"Please echo 11"
2025-06-06 03:13:44,367{GMT}	INFO	[jepsen worker 2] jepsen.util: 2	:ok	:echo	{:type "echo_ok", :echo "Please echo 11", :msg_id 0, :in_reply_to 21}
2025-06-06 03:13:44,556{GMT}	INFO	[jepsen worker 0] jepsen.util: 0	:invoke	:echo	"Please echo 17"
2025-06-06 03:13:44,558{GMT}	INFO	[jepsen worker 0] jepsen.util: 0	:ok	:echo	{:type "echo_ok", :echo "Please echo 17", :msg_id 0, :in_reply_to 18}
2025-06-06 03:13:44,627{GMT}	INFO	[jepsen worker 1] jepsen.util: 1	:invoke	:echo	"Please echo 71"
2025-06-06 03:13:44,630{GMT}	INFO	[jepsen worker 1] jepsen.util: 1	:ok	:echo	{:type "echo_ok", :echo "Please echo 71", :msg_id 0, :in_reply_to 20}
2025-06-06 03:13:44,807{GMT}	INFO	[jepsen worker 2] jepsen.util: 2	:invoke	:echo	"Please echo 33"
2025-06-06 03:13:44,807{GMT}	INFO	[jepsen worker 2] jepsen.util: 2	:ok	:echo	{:type "echo_ok", :echo "Please echo 33", :msg_id 0, :in_reply_to 22}
2025-06-06 03:13:44,890{GMT}	INFO	[jepsen worker 3] jepsen.util: 3	:invoke	:echo	"Please echo 22"
2025-06-06 03:13:44,891{GMT}	INFO	[jepsen worker 3] jepsen.util: 3	:ok	:echo	{:type "echo_ok", :echo "Please echo 22", :msg_id 0, :in_reply_to 19}
2025-06-06 03:13:44,996{GMT}	INFO	[jepsen worker 1] jepsen.util: 1	:invoke	:echo	"Please echo 59"
2025-06-06 03:13:44,999{GMT}	INFO	[jepsen worker 1] jepsen.util: 1	:ok	:echo	{:type "echo_ok", :echo "Please echo 59", :msg_id 0, :in_reply_to 21}
2025-06-06 03:13:45,102{GMT}	INFO	[jepsen worker 3] jepsen.util: 3	:invoke	:echo	"Please echo 57"
2025-06-06 03:13:45,105{GMT}	INFO	[jepsen worker 3] jepsen.util: 3	:ok	:echo	{:type "echo_ok", :echo "Please echo 57", :msg_id 0, :in_reply_to 20}
2025-06-06 03:13:45,157{GMT}	INFO	[jepsen worker 3] jepsen.util: 3	:invoke	:echo	"Please echo 32"
2025-06-06 03:13:45,159{GMT}	INFO	[jepsen worker 3] jepsen.util: 3	:ok	:echo	{:type "echo_ok", :echo "Please echo 32", :msg_id 0, :in_reply_to 21}
2025-06-06 03:13:45,257{GMT}	INFO	[jepsen worker 3] jepsen.util: 3	:invoke	:echo	"Please echo 16"
2025-06-06 03:13:45,259{GMT}	INFO	[jepsen worker 3] jepsen.util: 3	:ok	:echo	{:type "echo_ok", :echo "Please echo 16", :msg_id 0, :in_reply_to 22}
2025-06-06 03:13:45,458{GMT}	INFO	[jepsen worker 4] jepsen.util: 4	:invoke	:echo	"Please echo 52"
2025-06-06 03:13:45,459{GMT}	INFO	[jepsen worker 4] jepsen.util: 4	:ok	:echo	{:type "echo_ok", :echo "Please echo 52", :msg_id 0, :in_reply_to 25}
2025-06-06 03:13:45,519{GMT}	INFO	[jepsen worker 4] jepsen.util: 4	:invoke	:echo	"Please echo 85"
2025-06-06 03:13:45,520{GMT}	INFO	[jepsen worker 4] jepsen.util: 4	:ok	:echo	{:type "echo_ok", :echo "Please echo 85", :msg_id 0, :in_reply_to 26}
2025-06-06 03:13:45,706{GMT}	INFO	[jepsen worker 1] jepsen.util: 1	:invoke	:echo	"Please echo 122"
2025-06-06 03:13:45,708{GMT}	INFO	[jepsen worker 1] jepsen.util: 1	:ok	:echo	{:type "echo_ok", :echo "Please echo 122", :msg_id 0, :in_reply_to 22}
2025-06-06 03:13:45,747{GMT}	INFO	[jepsen worker 0] jepsen.util: 0	:invoke	:echo	"Please echo 90"
2025-06-06 03:13:45,750{GMT}	INFO	[jepsen worker 0] jepsen.util: 0	:ok	:echo	{:type "echo_ok", :echo "Please echo 90", :msg_id 0, :in_reply_to 19}
2025-06-06 03:13:45,942{GMT}	INFO	[jepsen worker 1] jepsen.util: 1	:invoke	:echo	"Please echo 4"
2025-06-06 03:13:45,945{GMT}	INFO	[jepsen worker 1] jepsen.util: 1	:ok	:echo	{:type "echo_ok", :echo "Please echo 4", :msg_id 0, :in_reply_to 23}
2025-06-06 03:13:45,983{GMT}	INFO	[jepsen worker 4] jepsen.util: 4	:invoke	:echo	"Please echo 48"
2025-06-06 03:13:45,986{GMT}	INFO	[jepsen worker 4] jepsen.util: 4	:ok	:echo	{:type "echo_ok", :echo "Please echo 48", :msg_id 0, :in_reply_to 27}
2025-06-06 03:13:46,137{GMT}	INFO	[jepsen worker 3] jepsen.util: 3	:invoke	:echo	"Please echo 46"
2025-06-06 03:13:46,139{GMT}	INFO	[jepsen worker 3] jepsen.util: 3	:ok	:echo	{:type "echo_ok", :echo "Please echo 46", :msg_id 0, :in_reply_to 23}
2025-06-06 03:13:46,149{GMT}	INFO	[jepsen worker 4] jepsen.util: 4	:invoke	:echo	"Please echo 53"
2025-06-06 03:13:46,151{GMT}	INFO	[jepsen worker 4] jepsen.util: 4	:ok	:echo	{:type "echo_ok", :echo "Please echo 53", :msg_id 0, :in_reply_to 28}
2025-06-06 03:13:46,207{GMT}	INFO	[jepsen worker 3] jepsen.util: 3	:invoke	:echo	"Please echo 23"
2025-06-06 03:13:46,209{GMT}	INFO	[jepsen worker 3] jepsen.util: 3	:ok	:echo	{:type "echo_ok", :echo "Please echo 23", :msg_id 0, :in_reply_to 24}
2025-06-06 03:13:46,310{GMT}	INFO	[jepsen worker 4] jepsen.util: 4	:invoke	:echo	"Please echo 126"
2025-06-06 03:13:46,312{GMT}	INFO	[jepsen worker 4] jepsen.util: 4	:ok	:echo	{:type "echo_ok", :echo "Please echo 126", :msg_id 0, :in_reply_to 29}
2025-06-06 03:13:46,433{GMT}	INFO	[jepsen worker 0] jepsen.util: 0	:invoke	:echo	"Please echo 79"
2025-06-06 03:13:46,435{GMT}	INFO	[jepsen worker 0] jepsen.util: 0	:ok	:echo	{:type "echo_ok", :echo "Please echo 79", :msg_id 0, :in_reply_to 20}
2025-06-06 03:13:46,441{GMT}	INFO	[jepsen worker 4] jepsen.util: 4	:invoke	:echo	"Please echo 116"
2025-06-06 03:13:46,442{GMT}	INFO	[jepsen worker 4] jepsen.util: 4	:ok	:echo	{:type "echo_ok", :echo "Please echo 116", :msg_id 0, :in_reply_to 30}
2025-06-06 03:13:46,570{GMT}	INFO	[jepsen worker 0] jepsen.util: 0	:invoke	:echo	"Please echo 101"
2025-06-06 03:13:46,572{GMT}	INFO	[jepsen worker 0] jepsen.util: 0	:ok	:echo	{:type "echo_ok", :echo "Please echo 101", :msg_id 0, :in_reply_to 21}
2025-06-06 03:13:46,738{GMT}	INFO	[jepsen worker 0] jepsen.util: 0	:invoke	:echo	"Please echo 32"
2025-06-06 03:13:46,740{GMT}	INFO	[jepsen worker 0] jepsen.util: 0	:ok	:echo	{:type "echo_ok", :echo "Please echo 32", :msg_id 0, :in_reply_to 22}
2025-06-06 03:13:46,940{GMT}	INFO	[jepsen worker 1] jepsen.util: 1	:invoke	:echo	"Please echo 31"
2025-06-06 03:13:46,941{GMT}	INFO	[jepsen worker 1] jepsen.util: 1	:ok	:echo	{:type "echo_ok", :echo "Please echo 31", :msg_id 0, :in_reply_to 24}
2025-06-06 03:13:47,120{GMT}	INFO	[jepsen worker 2] jepsen.util: 2	:invoke	:echo	"Please echo 37"
2025-06-06 03:13:47,122{GMT}	INFO	[jepsen worker 2] jepsen.util: 2	:ok	:echo	{:type "echo_ok", :echo "Please echo 37", :msg_id 0, :in_reply_to 23}
2025-06-06 03:13:47,311{GMT}	INFO	[jepsen worker 3] jepsen.util: 3	:invoke	:echo	"Please echo 39"
2025-06-06 03:13:47,312{GMT}	INFO	[jepsen worker 3] jepsen.util: 3	:ok	:echo	{:type "echo_ok", :echo "Please echo 39", :msg_id 0, :in_reply_to 25}
2025-06-06 03:13:47,416{GMT}	INFO	[jepsen worker 3] jepsen.util: 3	:invoke	:echo	"Please echo 38"
2025-06-06 03:13:47,418{GMT}	INFO	[jepsen worker 3] jepsen.util: 3	:ok	:echo	{:type "echo_ok", :echo "Please echo 38", :msg_id 0, :in_reply_to 26}
2025-06-06 03:13:47,556{GMT}	INFO	[jepsen worker 3] jepsen.util: 3	:invoke	:echo	"Please echo 42"
2025-06-06 03:13:47,556{GMT}	INFO	[jepsen worker 3] jepsen.util: 3	:ok	:echo	{:type "echo_ok", :echo "Please echo 42", :msg_id 0, :in_reply_to 27}
2025-06-06 03:13:47,640{GMT}	INFO	[jepsen worker 3] jepsen.util: 3	:invoke	:echo	"Please echo 111"
2025-06-06 03:13:47,641{GMT}	INFO	[jepsen worker 3] jepsen.util: 3	:ok	:echo	{:type "echo_ok", :echo "Please echo 111", :msg_id 0, :in_reply_to 28}
2025-06-06 03:13:47,766{GMT}	INFO	[jepsen worker 4] jepsen.util: 4	:invoke	:echo	"Please echo 28"
2025-06-06 03:13:47,767{GMT}	INFO	[jepsen worker 4] jepsen.util: 4	:ok	:echo	{:type "echo_ok", :echo "Please echo 28", :msg_id 0, :in_reply_to 31}
2025-06-06 03:13:47,812{GMT}	INFO	[jepsen worker 4] jepsen.util: 4	:invoke	:echo	"Please echo 121"
2025-06-06 03:13:47,812{GMT}	INFO	[jepsen worker 4] jepsen.util: 4	:ok	:echo	{:type "echo_ok", :echo "Please echo 121", :msg_id 0, :in_reply_to 32}
2025-06-06 03:13:47,995{GMT}	INFO	[jepsen worker 3] jepsen.util: 3	:invoke	:echo	"Please echo 11"
2025-06-06 03:13:47,997{GMT}	INFO	[jepsen worker 3] jepsen.util: 3	:ok	:echo	{:type "echo_ok", :echo "Please echo 11", :msg_id 0, :in_reply_to 29}
2025-06-06 03:13:48,113{GMT}	INFO	[jepsen worker 2] jepsen.util: 2	:invoke	:echo	"Please echo 91"
2025-06-06 03:13:48,116{GMT}	INFO	[jepsen worker 2] jepsen.util: 2	:ok	:echo	{:type "echo_ok", :echo "Please echo 91", :msg_id 0, :in_reply_to 24}
2025-06-06 03:13:48,196{GMT}	INFO	[jepsen worker 1] jepsen.util: 1	:invoke	:echo	"Please echo 67"
2025-06-06 03:13:48,199{GMT}	INFO	[jepsen worker 1] jepsen.util: 1	:ok	:echo	{:type "echo_ok", :echo "Please echo 67", :msg_id 0, :in_reply_to 25}
2025-06-06 03:13:48,382{GMT}	INFO	[jepsen worker 3] jepsen.util: 3	:invoke	:echo	"Please echo 58"
2025-06-06 03:13:48,384{GMT}	INFO	[jepsen worker 3] jepsen.util: 3	:ok	:echo	{:type "echo_ok", :echo "Please echo 58", :msg_id 0, :in_reply_to 30}
2025-06-06 03:13:48,454{GMT}	INFO	[jepsen worker 3] jepsen.util: 3	:invoke	:echo	"Please echo 80"
2025-06-06 03:13:48,457{GMT}	INFO	[jepsen worker 3] jepsen.util: 3	:ok	:echo	{:type "echo_ok", :echo "Please echo 80", :msg_id 0, :in_reply_to 31}
2025-06-06 03:13:48,632{GMT}	INFO	[jepsen worker 1] jepsen.util: 1	:invoke	:echo	"Please echo 112"
2025-06-06 03:13:48,635{GMT}	INFO	[jepsen worker 1] jepsen.util: 1	:ok	:echo	{:type "echo_ok", :echo "Please echo 112", :msg_id 0, :in_reply_to 26}
2025-06-06 03:13:48,687{GMT}	INFO	[jepsen worker 3] jepsen.util: 3	:invoke	:echo	"Please echo 38"
2025-06-06 03:13:48,690{GMT}	INFO	[jepsen worker 3] jepsen.util: 3	:ok	:echo	{:type "echo_ok", :echo "Please echo 38", :msg_id 0, :in_reply_to 32}
2025-06-06 03:13:48,867{GMT}	INFO	[jepsen worker 2] jepsen.util: 2	:invoke	:echo	"Please echo 85"
2025-06-06 03:13:48,869{GMT}	INFO	[jepsen worker 2] jepsen.util: 2	:ok	:echo	{:type "echo_ok", :echo "Please echo 85", :msg_id 0, :in_reply_to 25}
2025-06-06 03:13:48,934{GMT}	INFO	[jepsen worker 4] jepsen.util: 4	:invoke	:echo	"Please echo 71"
2025-06-06 03:13:48,935{GMT}	INFO	[jepsen worker 4] jepsen.util: 4	:ok	:echo	{:type "echo_ok", :echo "Please echo 71", :msg_id 0, :in_reply_to 33}
2025-06-06 03:13:49,093{GMT}	INFO	[jepsen worker 4] jepsen.util: 4	:invoke	:echo	"Please echo 81"
2025-06-06 03:13:49,096{GMT}	INFO	[jepsen worker 4] jepsen.util: 4	:ok	:echo	{:type "echo_ok", :echo "Please echo 81", :msg_id 0, :in_reply_to 34}
2025-06-06 03:13:49,226{GMT}	INFO	[jepsen worker 2] jepsen.util: 2	:invoke	:echo	"Please echo 103"
2025-06-06 03:13:49,227{GMT}	INFO	[jepsen worker 2] jepsen.util: 2	:ok	:echo	{:type "echo_ok", :echo "Please echo 103", :msg_id 0, :in_reply_to 26}
2025-06-06 03:13:49,380{GMT}	INFO	[jepsen worker 1] jepsen.util: 1	:invoke	:echo	"Please echo 96"
2025-06-06 03:13:49,382{GMT}	INFO	[jepsen worker 1] jepsen.util: 1	:ok	:echo	{:type "echo_ok", :echo "Please echo 96", :msg_id 0, :in_reply_to 27}
2025-06-06 03:13:49,537{GMT}	INFO	[jepsen worker 1] jepsen.util: 1	:invoke	:echo	"Please echo 120"
2025-06-06 03:13:49,538{GMT}	INFO	[jepsen worker 1] jepsen.util: 1	:ok	:echo	{:type "echo_ok", :echo "Please echo 120", :msg_id 0, :in_reply_to 28}
2025-06-06 03:13:49,717{GMT}	INFO	[jepsen worker 4] jepsen.util: 4	:invoke	:echo	"Please echo 120"
2025-06-06 03:13:49,717{GMT}	INFO	[jepsen worker 3] jepsen.util: 3	:invoke	:echo	"Please echo 16"
2025-06-06 03:13:49,719{GMT}	INFO	[jepsen worker 4] jepsen.util: 4	:ok	:echo	{:type "echo_ok", :echo "Please echo 120", :msg_id 0, :in_reply_to 35}
2025-06-06 03:13:49,718{GMT}	INFO	[jepsen worker 3] jepsen.util: 3	:ok	:echo	{:type "echo_ok", :echo "Please echo 16", :msg_id 0, :in_reply_to 33}
2025-06-06 03:13:49,915{GMT}	INFO	[jepsen worker 3] jepsen.util: 3	:invoke	:echo	"Please echo 108"
2025-06-06 03:13:49,916{GMT}	INFO	[jepsen worker 3] jepsen.util: 3	:ok	:echo	{:type "echo_ok", :echo "Please echo 108", :msg_id 0, :in_reply_to 34}
2025-06-06 03:13:50,087{GMT}	INFO	[jepsen worker 4] jepsen.util: 4	:invoke	:echo	"Please echo 115"
2025-06-06 03:13:50,089{GMT}	INFO	[jepsen worker 4] jepsen.util: 4	:ok	:echo	{:type "echo_ok", :echo "Please echo 115", :msg_id 0, :in_reply_to 36}
2025-06-06 03:13:50,169{GMT}	INFO	[jepsen worker 2] jepsen.util: 2	:invoke	:echo	"Please echo 1"
2025-06-06 03:13:50,171{GMT}	INFO	[jepsen worker 2] jepsen.util: 2	:ok	:echo	{:type "echo_ok", :echo "Please echo 1", :msg_id 0, :in_reply_to 27}
2025-06-06 03:13:50,335{GMT}	INFO	[jepsen worker 3] jepsen.util: 3	:invoke	:echo	"Please echo 68"
2025-06-06 03:13:50,336{GMT}	INFO	[jepsen worker 3] jepsen.util: 3	:ok	:echo	{:type "echo_ok", :echo "Please echo 68", :msg_id 0, :in_reply_to 35}
2025-06-06 03:13:50,366{GMT}	INFO	[jepsen worker 0] jepsen.util: 0	:invoke	:echo	"Please echo 93"
2025-06-06 03:13:50,367{GMT}	INFO	[jepsen worker 0] jepsen.util: 0	:ok	:echo	{:type "echo_ok", :echo "Please echo 93", :msg_id 0, :in_reply_to 23}
2025-06-06 03:13:50,506{GMT}	INFO	[jepsen worker 1] jepsen.util: 1	:invoke	:echo	"Please echo 2"
2025-06-06 03:13:50,509{GMT}	INFO	[jepsen worker 1] jepsen.util: 1	:ok	:echo	{:type "echo_ok", :echo "Please echo 2", :msg_id 0, :in_reply_to 29}
2025-06-06 03:13:50,541{GMT}	INFO	[jepsen worker 4] jepsen.util: 4	:invoke	:echo	"Please echo 61"
2025-06-06 03:13:50,544{GMT}	INFO	[jepsen worker 4] jepsen.util: 4	:ok	:echo	{:type "echo_ok", :echo "Please echo 61", :msg_id 0, :in_reply_to 37}
2025-06-06 03:13:50,598{GMT}	INFO	[jepsen worker 3] jepsen.util: 3	:invoke	:echo	"Please echo 64"
2025-06-06 03:13:50,600{GMT}	INFO	[jepsen worker 3] jepsen.util: 3	:ok	:echo	{:type "echo_ok", :echo "Please echo 64", :msg_id 0, :in_reply_to 36}
2025-06-06 03:13:50,730{GMT}	INFO	[jepsen worker 3] jepsen.util: 3	:invoke	:echo	"Please echo 104"
2025-06-06 03:13:50,732{GMT}	INFO	[jepsen worker 3] jepsen.util: 3	:ok	:echo	{:type "echo_ok", :echo "Please echo 104", :msg_id 0, :in_reply_to 37}
2025-06-06 03:13:50,752{GMT}	INFO	[jepsen worker 4] jepsen.util: 4	:invoke	:echo	"Please echo 63"
2025-06-06 03:13:50,753{GMT}	INFO	[jepsen worker 4] jepsen.util: 4	:ok	:echo	{:type "echo_ok", :echo "Please echo 63", :msg_id 0, :in_reply_to 38}
2025-06-06 03:13:50,802{GMT}	INFO	[jepsen worker 1] jepsen.util: 1	:invoke	:echo	"Please echo 5"
2025-06-06 03:13:50,803{GMT}	INFO	[jepsen worker 1] jepsen.util: 1	:ok	:echo	{:type "echo_ok", :echo "Please echo 5", :msg_id 0, :in_reply_to 30}
2025-06-06 03:13:50,890{GMT}	INFO	[jepsen worker 3] jepsen.util: 3	:invoke	:echo	"Please echo 62"
2025-06-06 03:13:50,891{GMT}	INFO	[jepsen worker 3] jepsen.util: 3	:ok	:echo	{:type "echo_ok", :echo "Please echo 62", :msg_id 0, :in_reply_to 38}
2025-06-06 03:13:50,970{GMT}	INFO	[jepsen worker 0] jepsen.util: 0	:invoke	:echo	"Please echo 75"
2025-06-06 03:13:50,973{GMT}	INFO	[jepsen worker 0] jepsen.util: 0	:ok	:echo	{:type "echo_ok", :echo "Please echo 75", :msg_id 0, :in_reply_to 24}
2025-06-06 03:13:51,111{GMT}	INFO	[jepsen worker 3] jepsen.util: 3	:invoke	:echo	"Please echo 100"
2025-06-06 03:13:51,113{GMT}	INFO	[jepsen worker 3] jepsen.util: 3	:ok	:echo	{:type "echo_ok", :echo "Please echo 100", :msg_id 0, :in_reply_to 39}
2025-06-06 03:13:51,212{GMT}	INFO	[jepsen worker 3] jepsen.util: 3	:invoke	:echo	"Please echo 27"
2025-06-06 03:13:51,214{GMT}	INFO	[jepsen worker 3] jepsen.util: 3	:ok	:echo	{:type "echo_ok", :echo "Please echo 27", :msg_id 0, :in_reply_to 40}
2025-06-06 03:13:51,305{GMT}	INFO	[jepsen worker 2] jepsen.util: 2	:invoke	:echo	"Please echo 85"
2025-06-06 03:13:51,307{GMT}	INFO	[jepsen worker 2] jepsen.util: 2	:ok	:echo	{:type "echo_ok", :echo "Please echo 85", :msg_id 0, :in_reply_to 28}
2025-06-06 03:13:51,450{GMT}	INFO	[jepsen worker 3] jepsen.util: 3	:invoke	:echo	"Please echo 23"
2025-06-06 03:13:51,452{GMT}	INFO	[jepsen worker 3] jepsen.util: 3	:ok	:echo	{:type "echo_ok", :echo "Please echo 23", :msg_id 0, :in_reply_to 41}
2025-06-06 03:13:51,534{GMT}	INFO	[jepsen worker 1] jepsen.util: 1	:invoke	:echo	"Please echo 117"
2025-06-06 03:13:51,536{GMT}	INFO	[jepsen worker 1] jepsen.util: 1	:ok	:echo	{:type "echo_ok", :echo "Please echo 117", :msg_id 0, :in_reply_to 31}
2025-06-06 03:13:51,635{GMT}	INFO	[jepsen worker 1] jepsen.util: 1	:invoke	:echo	"Please echo 82"
2025-06-06 03:13:51,636{GMT}	INFO	[jepsen worker 1] jepsen.util: 1	:ok	:echo	{:type "echo_ok", :echo "Please echo 82", :msg_id 0, :in_reply_to 32}
2025-06-06 03:13:51,815{GMT}	INFO	[jepsen worker 4] jepsen.util: 4	:invoke	:echo	"Please echo 79"
2025-06-06 03:13:51,817{GMT}	INFO	[jepsen worker 4] jepsen.util: 4	:ok	:echo	{:type "echo_ok", :echo "Please echo 79", :msg_id 0, :in_reply_to 39}
2025-06-06 03:13:51,916{GMT}	INFO	[jepsen worker 1] jepsen.util: 1	:invoke	:echo	"Please echo 57"
2025-06-06 03:13:51,918{GMT}	INFO	[jepsen worker 1] jepsen.util: 1	:ok	:echo	{:type "echo_ok", :echo "Please echo 57", :msg_id 0, :in_reply_to 33}
2025-06-06 03:13:52,032{GMT}	INFO	[jepsen worker 2] jepsen.util: 2	:invoke	:echo	"Please echo 51"
2025-06-06 03:13:52,033{GMT}	INFO	[jepsen worker 2] jepsen.util: 2	:ok	:echo	{:type "echo_ok", :echo "Please echo 51", :msg_id 0, :in_reply_to 29}
2025-06-06 03:13:52,038{GMT}	INFO	[jepsen worker 2] jepsen.util: 2	:invoke	:echo	"Please echo 25"
2025-06-06 03:13:52,039{GMT}	INFO	[jepsen worker 2] jepsen.util: 2	:ok	:echo	{:type "echo_ok", :echo "Please echo 25", :msg_id 0, :in_reply_to 30}
2025-06-06 03:13:52,156{GMT}	INFO	[jepsen worker 4] jepsen.util: 4	:invoke	:echo	"Please echo 93"
2025-06-06 03:13:52,157{GMT}	INFO	[jepsen worker 4] jepsen.util: 4	:ok	:echo	{:type "echo_ok", :echo "Please echo 93", :msg_id 0, :in_reply_to 40}
2025-06-06 03:13:52,273{GMT}	INFO	[jepsen worker 2] jepsen.util: 2	:invoke	:echo	"Please echo 109"
2025-06-06 03:13:52,274{GMT}	INFO	[jepsen worker 2] jepsen.util: 2	:ok	:echo	{:type "echo_ok", :echo "Please echo 109", :msg_id 0, :in_reply_to 31}
2025-06-06 03:13:52,476{GMT}	INFO	[jepsen worker 2] jepsen.util: 2	:invoke	:echo	"Please echo 25"
2025-06-06 03:13:52,477{GMT}	INFO	[jepsen worker 2] jepsen.util: 2	:ok	:echo	{:type "echo_ok", :echo "Please echo 25", :msg_id 0, :in_reply_to 32}
2025-06-06 03:13:52,480{GMT}	INFO	[jepsen worker 3] jepsen.util: 3	:invoke	:echo	"Please echo 80"
2025-06-06 03:13:52,480{GMT}	INFO	[jepsen worker 3] jepsen.util: 3	:ok	:echo	{:type "echo_ok", :echo "Please echo 80", :msg_id 0, :in_reply_to 42}
2025-06-06 03:13:52,571{GMT}	INFO	[jepsen worker 4] jepsen.util: 4	:invoke	:echo	"Please echo 61"
2025-06-06 03:13:52,573{GMT}	INFO	[jepsen worker 4] jepsen.util: 4	:ok	:echo	{:type "echo_ok", :echo "Please echo 61", :msg_id 0, :in_reply_to 41}
2025-06-06 03:13:52,711{GMT}	INFO	[jepsen worker 3] jepsen.util: 3	:invoke	:echo	"Please echo 1"
2025-06-06 03:13:52,712{GMT}	INFO	[jepsen worker 3] jepsen.util: 3	:ok	:echo	{:type "echo_ok", :echo "Please echo 1", :msg_id 0, :in_reply_to 43}
2025-06-06 03:13:52,885{GMT}	INFO	[jepsen worker 4] jepsen.util: 4	:invoke	:echo	"Please echo 31"
2025-06-06 03:13:52,885{GMT}	INFO	[jepsen worker 4] jepsen.util: 4	:ok	:echo	{:type "echo_ok", :echo "Please echo 31", :msg_id 0, :in_reply_to 42}
2025-06-06 03:13:53,027{GMT}	INFO	[jepsen worker 2] jepsen.util: 2	:invoke	:echo	"Please echo 82"
2025-06-06 03:13:53,028{GMT}	INFO	[jepsen worker 2] jepsen.util: 2	:ok	:echo	{:type "echo_ok", :echo "Please echo 82", :msg_id 0, :in_reply_to 33}
2025-06-06 03:13:53,149{GMT}	INFO	[jepsen worker 2] jepsen.util: 2	:invoke	:echo	"Please echo 50"
2025-06-06 03:13:53,151{GMT}	INFO	[jepsen worker 2] jepsen.util: 2	:ok	:echo	{:type "echo_ok", :echo "Please echo 50", :msg_id 0, :in_reply_to 34}
2025-06-06 03:13:53,299{GMT}	INFO	[jepsen worker 3] jepsen.util: 3	:invoke	:echo	"Please echo 18"
2025-06-06 03:13:53,300{GMT}	INFO	[jepsen worker 3] jepsen.util: 3	:ok	:echo	{:type "echo_ok", :echo "Please echo 18", :msg_id 0, :in_reply_to 44}
2025-06-06 03:13:53,386{GMT}	INFO	[jepsen worker 4] jepsen.util: 4	:invoke	:echo	"Please echo 83"
2025-06-06 03:13:53,387{GMT}	INFO	[jepsen worker 4] jepsen.util: 4	:ok	:echo	{:type "echo_ok", :echo "Please echo 83", :msg_id 0, :in_reply_to 43}
2025-06-06 03:13:53,492{GMT}	INFO	[jepsen worker 0] jepsen.util: 0	:invoke	:echo	"Please echo 39"
2025-06-06 03:13:53,494{GMT}	INFO	[jepsen worker 0] jepsen.util: 0	:ok	:echo	{:type "echo_ok", :echo "Please echo 39", :msg_id 0, :in_reply_to 25}
2025-06-06 03:13:53,653{GMT}	INFO	[jepsen worker 0] jepsen.util: 0	:invoke	:echo	"Please echo 112"
2025-06-06 03:13:53,655{GMT}	INFO	[jepsen worker 0] jepsen.util: 0	:ok	:echo	{:type "echo_ok", :echo "Please echo 112", :msg_id 0, :in_reply_to 26}
2025-06-06 03:13:53,691{GMT}	INFO	[jepsen worker 4] jepsen.util: 4	:invoke	:echo	"Please echo 35"
2025-06-06 03:13:53,692{GMT}	INFO	[jepsen worker 4] jepsen.util: 4	:ok	:echo	{:type "echo_ok", :echo "Please echo 35", :msg_id 0, :in_reply_to 44}
2025-06-06 03:13:53,693{GMT}	INFO	[jepsen worker 3] jepsen.util: 3	:invoke	:echo	"Please echo 51"
2025-06-06 03:13:53,693{GMT}	INFO	[jepsen worker 3] jepsen.util: 3	:ok	:echo	{:type "echo_ok", :echo "Please echo 51", :msg_id 0, :in_reply_to 45}
2025-06-06 03:13:53,705{GMT}	INFO	[jepsen test runner] jepsen.core: Run complete, writing
2025-06-06 03:13:53,757{GMT}	INFO	[jepsen node n2] maelstrom.db: Tearing down n2
2025-06-06 03:13:53,757{GMT}	INFO	[jepsen node n1] maelstrom.db: Tearing down n1
2025-06-06 03:13:53,757{GMT}	INFO	[jepsen node n3] maelstrom.db: Tearing down n3
2025-06-06 03:13:53,757{GMT}	INFO	[jepsen node n4] maelstrom.db: Tearing down n4
2025-06-06 03:13:53,757{GMT}	INFO	[jepsen node n5] maelstrom.db: Tearing down n5
2025-06-06 03:13:55,161{GMT}	INFO	[jepsen node n1] maelstrom.net: Shutting down Maelstrom network
2025-06-06 03:13:55,164{GMT}	INFO	[jepsen test runner] jepsen.core: Analyzing...
2025-06-06 03:13:55,319{GMT}	INFO	[jepsen test runner] jepsen.core: Analysis complete
2025-06-06 03:13:55,325{GMT}	INFO	[jepsen results] jepsen.store: Wrote /Users/adr/code/maelstrom/store/echo/20250606T031322.669-0400/results.edn
2025-06-06 03:13:55,343{GMT}	INFO	[jepsen test runner] jepsen.core: {:perf {:latency-graph {:valid? true},
        :rate-graph {:valid? true},
        :valid? true},
 :timeline {:valid? true},
 :exceptions {:valid? true},
 :stats {:valid? true,
         :count 182,
         :ok-count 182,
         :fail-count 0,
         :info-count 0,
         :by-f {:echo {:valid? true,
                       :count 182,
                       :ok-count 182,
                       :fail-count 0,
                       :info-count 0}}},
 :availability {:valid? true, :ok-fraction 1.0},
 :net {:all {:send-count 374,
             :recv-count 374,
             :msg-count 374,
             :msgs-per-op 2.054945},
       :clients {:send-count 374, :recv-count 374, :msg-count 374},
       :servers {:send-count 0,
                 :recv-count 0,
                 :msg-count 0,
                 :msgs-per-op 0.0},
       :valid? true},
 :workload {:valid? true, :errors ()},
 :valid? true}


Everything looks good! (`)
