[RECEIVED] {"id":1,"src":"c1","dest":"n1","body":{"type":"init","node_id":"n1","node_ids":["n1","n2","n3","n4","n5"],"msg_id":1}}
[MATCH] InitBody
Initialized node n1
Init send {"src":"n1","dest":"c1","body":{"type":"init_ok","in_reply_to":1,"msg_id":0}}
[RECEIVED] {"id":12,"src":"c8","dest":"n1","body":{"type":"topology","topology":{"n1":["n4","n2"],"n2":["n5","n3","n1"],"n3":["n2"],"n4":["n1","n5"],"n5":["n2","n4"]},"msg_id":1}}
[MATCH] TopologyBody
[TOPOLOGY RESPONSE] {"src":"n1","dest":"c8","body":{"type":"topology_ok","in_reply_to":1,"msg_id":1}}
[RECEIVED] {"id":20,"src":"c10","dest":"n1","body":{"type":"broadcast","message":0,"msg_id":1}}
[MATCH] BroadcastBody
[BROADCAST RESPONSE] {"src":"n1","dest":"c10","body":{"type":"broadcast_ok","in_reply_to":1,"msg_id":2}}
[INSIDE BROADCAST LOOP]
[BROADCAST REQUEST] {"id":0,"src":"n1","dest":"n4","body":{"type":"broadcast","message":"0","msg_id":2}}
[BROADCAST REQUEST] {"id":0,"src":"n1","dest":"n2","body":{"type":"broadcast","message":"0","msg_id":2}}
[RECEIVED] {"id":24,"src":"n4","dest":"n1","body":{"type":"broadcast_ok","in_reply_to":2,"msg_id":2}}
[RECEIVED] {"id":25,"src":"n2","dest":"n1","body":{"type":"broadcast_ok","in_reply_to":2,"msg_id":2}}
[MATCH] UnknownBody
[MATCH] UnknownBody
[RECEIVED] {"id":26,"src":"n4","dest":"n1","body":{"type":"broadcast","message":"0","msg_id":2}}
[MATCH] BroadcastBody
[BROADCAST RESPONSE] {"src":"n1","dest":"n4","body":{"type":"broadcast_ok","in_reply_to":2,"msg_id":5}}
[RECEIVED] {"id":30,"src":"n2","dest":"n1","body":{"type":"broadcast","message":"0","msg_id":2}}
[MATCH] BroadcastBody
[BROADCAST RESPONSE] {"src":"n1","dest":"n2","body":{"type":"broadcast_ok","in_reply_to":2,"msg_id":6}}
[RECEIVED] {"id":54,"src":"n2","dest":"n1","body":{"type":"broadcast","message":"1","msg_id":10}}
[MATCH] BroadcastBody
[BROADCAST RESPONSE] {"src":"n1","dest":"n2","body":{"type":"broadcast_ok","in_reply_to":10,"msg_id":7}}
[INSIDE BROADCAST LOOP]
[BROADCAST REQUEST] {"id":0,"src":"n1","dest":"n4","body":{"type":"broadcast","message":"1","msg_id":7}}
[BROADCAST REQUEST] {"id":0,"src":"n1","dest":"n2","body":{"type":"broadcast","message":"1","msg_id":7}}
[RECEIVED] {"id":64,"src":"n4","dest":"n1","body":{"type":"broadcast_ok","in_reply_to":7,"msg_id":8}}
[MATCH] UnknownBody
[RECEIVED] {"id":65,"src":"n2","dest":"n1","body":{"type":"broadcast_ok","in_reply_to":7,"msg_id":15}}
[RECEIVED] {"id":66,"src":"n4","dest":"n1","body":{"type":"broadcast","message":"1","msg_id":7}}
[MATCH] UnknownBody
[MATCH] BroadcastBody
[RECEIVED] {"id":67,"src":"n4","dest":"n1","body":{"type":"broadcast","message":"1","msg_id":8}}
[BROADCAST RESPONSE] {"src":"n1","dest":"n4","body":{"type":"broadcast_ok","in_reply_to":7,"msg_id":10}}
[MATCH] BroadcastBody
[BROADCAST RESPONSE] {"src":"n1","dest":"n4","body":{"type":"broadcast_ok","in_reply_to":8,"msg_id":11}}
[RECEIVED] {"id":78,"src":"c10","dest":"n1","body":{"type":"read","msg_id":2}}
[MATCH] ReadBody
[READ RESPONSE] {"src":"n1","dest":"c10","body":{"type":"read_ok","messages":["1","1","1","0","0","0"],"in_reply_to":2,"msg_id":12}}
[RECEIVED] {"id":80,"src":"c10","dest":"n1","body":{"type":"broadcast","message":2,"msg_id":3}}
[MATCH] BroadcastBody
[BROADCAST RESPONSE] {"src":"n1","dest":"c10","body":{"type":"broadcast_ok","in_reply_to":3,"msg_id":13}}
[INSIDE BROADCAST LOOP]
[BROADCAST REQUEST] {"id":0,"src":"n1","dest":"n4","body":{"type":"broadcast","message":"2","msg_id":13}}
[BROADCAST REQUEST] {"id":0,"src":"n1","dest":"n2","body":{"type":"broadcast","message":"2","msg_id":13}}
[RECEIVED] {"id":84,"src":"n4","dest":"n1","body":{"type":"broadcast_ok","in_reply_to":13,"msg_id":14}}
[RECEIVED] {"id":85,"src":"n2","dest":"n1","body":{"type":"broadcast_ok","in_reply_to":13,"msg_id":16}}
[MATCH] UnknownBody
[MATCH] UnknownBody
[RECEIVED] {"id":86,"src":"n4","dest":"n1","body":{"type":"broadcast","message":"2","msg_id":14}}
[MATCH] BroadcastBody
[BROADCAST RESPONSE] {"src":"n1","dest":"n4","body":{"type":"broadcast_ok","in_reply_to":14,"msg_id":16}}
[RECEIVED] {"id":91,"src":"n2","dest":"n1","body":{"type":"broadcast","message":"2","msg_id":16}}
[MATCH] BroadcastBody
[BROADCAST RESPONSE] {"src":"n1","dest":"n2","body":{"type":"broadcast_ok","in_reply_to":16,"msg_id":17}}
[RECEIVED] {"id":112,"src":"n2","dest":"n1","body":{"type":"broadcast","message":"3","msg_id":23}}
[MATCH] BroadcastBody
[BROADCAST RESPONSE] {"src":"n1","dest":"n2","body":{"type":"broadcast_ok","in_reply_to":23,"msg_id":18}}
[INSIDE BROADCAST LOOP]
[BROADCAST REQUEST] {"id":0,"src":"n1","dest":"n4","body":{"type":"broadcast","message":"3","msg_id":18}}
[BROADCAST REQUEST] {"id":0,"src":"n1","dest":"n2","body":{"type":"broadcast","message":"3","msg_id":18}}
[RECEIVED] {"id":121,"src":"n4","dest":"n1","body":{"type":"broadcast_ok","in_reply_to":18,"msg_id":19}}
[MATCH] UnknownBody
[RECEIVED] {"id":123,"src":"n4","dest":"n1","body":{"type":"broadcast","message":"3","msg_id":19}}
[RECEIVED] {"id":124,"src":"n4","dest":"n1","body":{"type":"broadcast","message":"3","msg_id":20}}
[MATCH] BroadcastBody
[MATCH] BroadcastBody
[BROADCAST RESPONSE] {"src":"n1","dest":"n4","body":{"type":"broadcast_ok","in_reply_to":19,"msg_id":20}}
[BROADCAST RESPONSE] {"src":"n1","dest":"n4","body":{"type":"broadcast_ok","in_reply_to":20,"msg_id":21}}
[RECEIVED] {"id":129,"src":"n2","dest":"n1","body":{"type":"broadcast_ok","in_reply_to":18,"msg_id":29}}
[MATCH] UnknownBody
[RECEIVED] {"id":136,"src":"n4","dest":"n1","body":{"type":"broadcast","message":"4","msg_id":25}}
[MATCH] BroadcastBody
[BROADCAST RESPONSE] {"src":"n1","dest":"n4","body":{"type":"broadcast_ok","in_reply_to":25,"msg_id":23}}
[INSIDE BROADCAST LOOP]
[BROADCAST REQUEST] {"id":0,"src":"n1","dest":"n4","body":{"type":"broadcast","message":"4","msg_id":23}}
[BROADCAST REQUEST] {"id":0,"src":"n1","dest":"n2","body":{"type":"broadcast","message":"4","msg_id":23}}
[RECEIVED] {"id":144,"src":"n4","dest":"n1","body":{"type":"broadcast_ok","in_reply_to":23,"msg_id":28}}
[MATCH] UnknownBody
[RECEIVED] {"id":147,"src":"n2","dest":"n1","body":{"type":"broadcast_ok","in_reply_to":23,"msg_id":31}}
[MATCH] UnknownBody
[RECEIVED] {"id":153,"src":"n2","dest":"n1","body":{"type":"broadcast","message":"4","msg_id":30}}
[MATCH] BroadcastBody
[RECEIVED] {"id":154,"src":"n2","dest":"n1","body":{"type":"broadcast","message":"4","msg_id":31}}
[BROADCAST RESPONSE] {"src":"n1","dest":"n2","body":{"type":"broadcast_ok","in_reply_to":30,"msg_id":26}}
[MATCH] BroadcastBody
[BROADCAST RESPONSE] {"src":"n1","dest":"n2","body":{"type":"broadcast_ok","in_reply_to":31,"msg_id":27}}
[RECEIVED] {"id":171,"src":"n4","dest":"n1","body":{"type":"broadcast","message":"5","msg_id":30}}
[MATCH] BroadcastBody
[RECEIVED] {"id":173,"src":"n2","dest":"n1","body":{"type":"broadcast","message":"5","msg_id":40}}
[BROADCAST RESPONSE] {"src":"n1","dest":"n4","body":{"type":"broadcast_ok","in_reply_to":30,"msg_id":28}}
[MATCH] BroadcastBody
[INSIDE BROADCAST LOOP]
[BROADCAST RESPONSE] {"src":"n1","dest":"n2","body":{"type":"broadcast_ok","in_reply_to":40,"msg_id":29}}
[BROADCAST REQUEST] {"id":0,"src":"n1","dest":"n4","body":{"type":"broadcast","message":"5","msg_id":28}}
[INSIDE BROADCAST LOOP]
[BROADCAST REQUEST] {"id":0,"src":"n1","dest":"n2","body":{"type":"broadcast","message":"5","msg_id":28}}
[BROADCAST REQUEST] {"id":0,"src":"n1","dest":"n4","body":{"type":"broadcast","message":"5","msg_id":29}}
[BROADCAST REQUEST] {"id":0,"src":"n1","dest":"n2","body":{"type":"broadcast","message":"5","msg_id":29}}
[RECEIVED] {"id":185,"src":"n4","dest":"n1","body":{"type":"broadcast_ok","in_reply_to":28,"msg_id":33}}
[MATCH] UnknownBody
[RECEIVED] {"id":187,"src":"n2","dest":"n1","body":{"type":"broadcast_ok","in_reply_to":28,"msg_id":45}}
[MATCH] UnknownBody
[RECEIVED] {"id":188,"src":"n4","dest":"n1","body":{"type":"broadcast_ok","in_reply_to":29,"msg_id":34}}
[MATCH] UnknownBody
[RECEIVED] {"id":189,"src":"n2","dest":"n1","body":{"type":"broadcast_ok","in_reply_to":29,"msg_id":46}}
[MATCH] UnknownBody
[RECEIVED] {"id":190,"src":"c10","dest":"n1","body":{"type":"read","msg_id":4}}
[MATCH] ReadBody
[READ RESPONSE] {"src":"n1","dest":"c10","body":{"type":"read_ok","messages":["5","5","4","4","4","3","3","3","2","2","2","1","1","1","0","0","0"],"in_reply_to":4,"msg_id":34}}
[RECEIVED] {"id":192,"src":"c10","dest":"n1","body":{"type":"broadcast","message":6,"msg_id":5}}
[MATCH] BroadcastBody
[BROADCAST RESPONSE] {"src":"n1","dest":"c10","body":{"type":"broadcast_ok","in_reply_to":5,"msg_id":35}}
[INSIDE BROADCAST LOOP]
[BROADCAST REQUEST] {"id":0,"src":"n1","dest":"n4","body":{"type":"broadcast","message":"6","msg_id":35}}
[BROADCAST REQUEST] {"id":0,"src":"n1","dest":"n2","body":{"type":"broadcast","message":"6","msg_id":35}}
[RECEIVED] {"id":196,"src":"n4","dest":"n1","body":{"type":"broadcast_ok","in_reply_to":35,"msg_id":35}}
[RECEIVED] {"id":197,"src":"n2","dest":"n1","body":{"type":"broadcast_ok","in_reply_to":35,"msg_id":47}}
[MATCH] UnknownBody
[MATCH] UnknownBody
[RECEIVED] {"id":198,"src":"n4","dest":"n1","body":{"type":"broadcast","message":"6","msg_id":35}}
[MATCH] BroadcastBody
[BROADCAST RESPONSE] {"src":"n1","dest":"n4","body":{"type":"broadcast_ok","in_reply_to":35,"msg_id":38}}
[RECEIVED] {"id":202,"src":"n2","dest":"n1","body":{"type":"broadcast","message":"6","msg_id":47}}
[MATCH] BroadcastBody
[BROADCAST RESPONSE] {"src":"n1","dest":"n2","body":{"type":"broadcast_ok","in_reply_to":47,"msg_id":39}}
[RECEIVED] {"id":222,"src":"n2","dest":"n1","body":{"type":"broadcast","message":"7","msg_id":54}}
[MATCH] BroadcastBody
[BROADCAST RESPONSE] {"src":"n1","dest":"n2","body":{"type":"broadcast_ok","in_reply_to":54,"msg_id":40}}
[INSIDE BROADCAST LOOP]
[BROADCAST REQUEST] {"id":0,"src":"n1","dest":"n4","body":{"type":"broadcast","message":"7","msg_id":40}}
[BROADCAST REQUEST] {"id":0,"src":"n1","dest":"n2","body":{"type":"broadcast","message":"7","msg_id":40}}
[RECEIVED] {"id":232,"src":"n4","dest":"n1","body":{"type":"broadcast_ok","in_reply_to":40,"msg_id":40}}
[RECEIVED] {"id":235,"src":"n2","dest":"n1","body":{"type":"broadcast_ok","in_reply_to":40,"msg_id":60}}
[MATCH] UnknownBody
[MATCH] UnknownBody
[RECEIVED] {"id":236,"src":"n4","dest":"n1","body":{"type":"broadcast","message":"7","msg_id":40}}
[RECEIVED] {"id":237,"src":"n4","dest":"n1","body":{"type":"broadcast","message":"7","msg_id":41}}
[MATCH] BroadcastBody
[MATCH] BroadcastBody
[BROADCAST RESPONSE] {"src":"n1","dest":"n4","body":{"type":"broadcast_ok","in_reply_to":40,"msg_id":43}}
[BROADCAST RESPONSE] {"src":"n1","dest":"n4","body":{"type":"broadcast_ok","in_reply_to":41,"msg_id":44}}
[RECEIVED] {"id":250,"src":"n2","dest":"n1","body":{"type":"broadcast","message":"8","msg_id":61}}
[MATCH] BroadcastBody
[BROADCAST RESPONSE] {"src":"n1","dest":"n2","body":{"type":"broadcast_ok","in_reply_to":61,"msg_id":45}}
[INSIDE BROADCAST LOOP]
[BROADCAST REQUEST] {"id":0,"src":"n1","dest":"n4","body":{"type":"broadcast","message":"8","msg_id":45}}
[BROADCAST REQUEST] {"id":0,"src":"n1","dest":"n2","body":{"type":"broadcast","message":"8","msg_id":45}}
[RECEIVED] {"id":259,"src":"n4","dest":"n1","body":{"type":"broadcast_ok","in_reply_to":45,"msg_id":46}}
[MATCH] UnknownBody
[RECEIVED] {"id":261,"src":"n4","dest":"n1","body":{"type":"broadcast","message":"8","msg_id":46}}
[RECEIVED] {"id":263,"src":"n2","dest":"n1","body":{"type":"broadcast_ok","in_reply_to":45,"msg_id":66}}
[RECEIVED] {"id":262,"src":"n4","dest":"n1","body":{"type":"broadcast","message":"8","msg_id":47}}
[MATCH] BroadcastBody
[MATCH] UnknownBody
[MATCH] BroadcastBody
[BROADCAST RESPONSE] {"src":"n1","dest":"n4","body":{"type":"broadcast_ok","in_reply_to":46,"msg_id":47}}
[BROADCAST RESPONSE] {"src":"n1","dest":"n4","body":{"type":"broadcast_ok","in_reply_to":47,"msg_id":49}}
[RECEIVED] {"id":272,"src":"n4","dest":"n1","body":{"type":"broadcast","message":"9","msg_id":52}}
[MATCH] BroadcastBody
[BROADCAST RESPONSE] {"src":"n1","dest":"n4","body":{"type":"broadcast_ok","in_reply_to":52,"msg_id":50}}
[INSIDE BROADCAST LOOP]
[BROADCAST REQUEST] {"id":0,"src":"n1","dest":"n4","body":{"type":"broadcast","message":"9","msg_id":50}}
[BROADCAST REQUEST] {"id":0,"src":"n1","dest":"n2","body":{"type":"broadcast","message":"9","msg_id":50}}
[RECEIVED] {"id":280,"src":"n4","dest":"n1","body":{"type":"broadcast_ok","in_reply_to":50,"msg_id":55}}
[MATCH] UnknownBody
[RECEIVED] {"id":282,"src":"n2","dest":"n1","body":{"type":"broadcast_ok","in_reply_to":50,"msg_id":68}}
[MATCH] UnknownBody
[RECEIVED] {"id":288,"src":"n2","dest":"n1","body":{"type":"broadcast","message":"9","msg_id":67}}
[MATCH] BroadcastBody
[RECEIVED] {"id":289,"src":"n2","dest":"n1","body":{"type":"broadcast","message":"9","msg_id":68}}
[BROADCAST RESPONSE] {"src":"n1","dest":"n2","body":{"type":"broadcast_ok","in_reply_to":67,"msg_id":53}}
[MATCH] BroadcastBody
[BROADCAST RESPONSE] {"src":"n1","dest":"n2","body":{"type":"broadcast_ok","in_reply_to":68,"msg_id":54}}
[RECEIVED] {"id":302,"src":"c10","dest":"n1","body":{"type":"broadcast","message":10,"msg_id":6}}
[MATCH] BroadcastBody
[BROADCAST RESPONSE] {"src":"n1","dest":"c10","body":{"type":"broadcast_ok","in_reply_to":6,"msg_id":55}}
[INSIDE BROADCAST LOOP]
[BROADCAST REQUEST] {"id":0,"src":"n1","dest":"n4","body":{"type":"broadcast","message":"10","msg_id":55}}
[BROADCAST REQUEST] {"id":0,"src":"n1","dest":"n2","body":{"type":"broadcast","message":"10","msg_id":55}}
[RECEIVED] {"id":311,"src":"n4","dest":"n1","body":{"type":"broadcast_ok","in_reply_to":55,"msg_id":57}}
[MATCH] UnknownBody
[RECEIVED] {"id":312,"src":"n4","dest":"n1","body":{"type":"broadcast","message":"10","msg_id":57}}
[MATCH] BroadcastBody
[BROADCAST RESPONSE] {"src":"n1","dest":"n4","body":{"type":"broadcast_ok","in_reply_to":57,"msg_id":57}}
[RECEIVED] {"id":315,"src":"n2","dest":"n1","body":{"type":"broadcast_ok","in_reply_to":55,"msg_id":78}}
[MATCH] UnknownBody
[RECEIVED] {"id":319,"src":"n2","dest":"n1","body":{"type":"broadcast","message":"11","msg_id":77}}
[MATCH] BroadcastBody
[RECEIVED] {"id":323,"src":"n2","dest":"n1","body":{"type":"broadcast","message":"10","msg_id":78}}
[BROADCAST RESPONSE] {"src":"n1","dest":"n2","body":{"type":"broadcast_ok","in_reply_to":77,"msg_id":59}}
[MATCH] BroadcastBody
[INSIDE BROADCAST LOOP]
[BROADCAST RESPONSE] {"src":"n1","dest":"n2","body":{"type":"broadcast_ok","in_reply_to":78,"msg_id":60}}
[BROADCAST REQUEST] {"id":0,"src":"n1","dest":"n4","body":{"type":"broadcast","message":"11","msg_id":59}}
[BROADCAST REQUEST] {"id":0,"src":"n1","dest":"n2","body":{"type":"broadcast","message":"11","msg_id":59}}
[RECEIVED] {"id":334,"src":"n4","dest":"n1","body":{"type":"broadcast","message":"11","msg_id":59}}
[MATCH] BroadcastBody
[BROADCAST RESPONSE] {"src":"n1","dest":"n4","body":{"type":"broadcast_ok","in_reply_to":59,"msg_id":61}}
[RECEIVED] {"id":343,"src":"n4","dest":"n1","body":{"type":"broadcast_ok","in_reply_to":59,"msg_id":62}}
[MATCH] UnknownBody
[RECEIVED] {"id":345,"src":"n2","dest":"n1","body":{"type":"broadcast_ok","in_reply_to":59,"msg_id":88}}
[MATCH] UnknownBody
[RECEIVED] {"id":352,"src":"n4","dest":"n1","body":{"type":"broadcast","message":"12","msg_id":65}}
[MATCH] BroadcastBody
[BROADCAST RESPONSE] {"src":"n1","dest":"n4","body":{"type":"broadcast_ok","in_reply_to":65,"msg_id":64}}
[INSIDE BROADCAST LOOP]
[BROADCAST REQUEST] {"id":0,"src":"n1","dest":"n4","body":{"type":"broadcast","message":"12","msg_id":64}}
[BROADCAST REQUEST] {"id":0,"src":"n1","dest":"n2","body":{"type":"broadcast","message":"12","msg_id":64}}
[RECEIVED] {"id":360,"src":"n4","dest":"n1","body":{"type":"broadcast_ok","in_reply_to":64,"msg_id":68}}
[MATCH] UnknownBody
[RECEIVED] {"id":363,"src":"n2","dest":"n1","body":{"type":"broadcast_ok","in_reply_to":64,"msg_id":91}}
[MATCH] UnknownBody
[RECEIVED] {"id":368,"src":"n2","dest":"n1","body":{"type":"broadcast","message":"12","msg_id":90}}
[RECEIVED] {"id":369,"src":"n2","dest":"n1","body":{"type":"broadcast","message":"12","msg_id":91}}
[MATCH] BroadcastBody
[MATCH] BroadcastBody
[BROADCAST RESPONSE] {"src":"n1","dest":"n2","body":{"type":"broadcast_ok","in_reply_to":90,"msg_id":67}}
[BROADCAST RESPONSE] {"src":"n1","dest":"n2","body":{"type":"broadcast_ok","in_reply_to":91,"msg_id":68}}
[RECEIVED] {"id":387,"src":"n4","dest":"n1","body":{"type":"broadcast","message":"13","msg_id":70}}
[MATCH] BroadcastBody
[RECEIVED] {"id":390,"src":"n2","dest":"n1","body":{"type":"broadcast","message":"13","msg_id":100}}
[BROADCAST RESPONSE] {"src":"n1","dest":"n4","body":{"type":"broadcast_ok","in_reply_to":70,"msg_id":69}}
[MATCH] BroadcastBody
[BROADCAST RESPONSE] {"src":"n1","dest":"n2","body":{"type":"broadcast_ok","in_reply_to":100,"msg_id":70}}
[INSIDE BROADCAST LOOP]
[BROADCAST REQUEST] {"id":0,"src":"n1","dest":"n4","body":{"type":"broadcast","message":"13","msg_id":69}}
[INSIDE BROADCAST LOOP]
[BROADCAST REQUEST] {"id":0,"src":"n1","dest":"n4","body":{"type":"broadcast","message":"13","msg_id":70}}
[BROADCAST REQUEST] {"id":0,"src":"n1","dest":"n2","body":{"type":"broadcast","message":"13","msg_id":69}}
[BROADCAST REQUEST] {"id":0,"src":"n1","dest":"n2","body":{"type":"broadcast","message":"13","msg_id":70}}
[RECEIVED] {"id":402,"src":"n4","dest":"n1","body":{"type":"broadcast_ok","in_reply_to":69,"msg_id":73}}
[RECEIVED] {"id":403,"src":"n2","dest":"n1","body":{"type":"broadcast_ok","in_reply_to":69,"msg_id":105}}
[RECEIVED] {"id":404,"src":"n4","dest":"n1","body":{"type":"broadcast_ok","in_reply_to":70,"msg_id":74}}
[RECEIVED] {"id":405,"src":"n2","dest":"n1","body":{"type":"broadcast_ok","in_reply_to":70,"msg_id":106}}
[MATCH] UnknownBody
[MATCH] UnknownBody
[MATCH] UnknownBody
[MATCH] UnknownBody
[RECEIVED] {"id":406,"src":"c10","dest":"n1","body":{"type":"broadcast","message":14,"msg_id":7}}
[MATCH] BroadcastBody
[BROADCAST RESPONSE] {"src":"n1","dest":"c10","body":{"type":"broadcast_ok","in_reply_to":7,"msg_id":75}}
[INSIDE BROADCAST LOOP]
[BROADCAST REQUEST] {"id":0,"src":"n1","dest":"n4","body":{"type":"broadcast","message":"14","msg_id":75}}
[BROADCAST REQUEST] {"id":0,"src":"n1","dest":"n2","body":{"type":"broadcast","message":"14","msg_id":75}}
[RECEIVED] {"id":410,"src":"n2","dest":"n1","body":{"type":"broadcast_ok","in_reply_to":75,"msg_id":107}}
[RECEIVED] {"id":411,"src":"n4","dest":"n1","body":{"type":"broadcast_ok","in_reply_to":75,"msg_id":75}}
[RECEIVED] {"id":413,"src":"n4","dest":"n1","body":{"type":"broadcast","message":"14","msg_id":75}}
[MATCH] UnknownBody
[MATCH] UnknownBody
[MATCH] BroadcastBody
[BROADCAST RESPONSE] {"src":"n1","dest":"n4","body":{"type":"broadcast_ok","in_reply_to":75,"msg_id":78}}
[RECEIVED] {"id":416,"src":"n2","dest":"n1","body":{"type":"broadcast","message":"14","msg_id":107}}
[MATCH] BroadcastBody
[BROADCAST RESPONSE] {"src":"n1","dest":"n2","body":{"type":"broadcast_ok","in_reply_to":107,"msg_id":79}}
[RECEIVED] {"id":432,"src":"c10","dest":"n1","body":{"type":"read","msg_id":8}}
[MATCH] ReadBody
[READ RESPONSE] {"src":"n1","dest":"c10","body":{"type":"read_ok","messages":["14","14","14","13","13","12","12","12","11","11","10","10","10","9","9","9","8","8","8","7","7","7","6","6","6","5","5","4","4","4","3","3","3","2","2","2","1","1","1","0","0","0"],"in_reply_to":8,"msg_id":80}}
[RECEIVED] {"id":442,"src":"n2","dest":"n1","body":{"type":"broadcast","message":"15","msg_id":115}}
[MATCH] BroadcastBody
[BROADCAST RESPONSE] {"src":"n1","dest":"n2","body":{"type":"broadcast_ok","in_reply_to":115,"msg_id":81}}
[INSIDE BROADCAST LOOP]
[BROADCAST REQUEST] {"id":0,"src":"n1","dest":"n4","body":{"type":"broadcast","message":"15","msg_id":81}}
[BROADCAST REQUEST] {"id":0,"src":"n1","dest":"n2","body":{"type":"broadcast","message":"15","msg_id":81}}
[RECEIVED] {"id":452,"src":"n4","dest":"n1","body":{"type":"broadcast_ok","in_reply_to":81,"msg_id":81}}
[MATCH] UnknownBody
[RECEIVED] {"id":453,"src":"n4","dest":"n1","body":{"type":"broadcast","message":"15","msg_id":80}}
[MATCH] BroadcastBody
[RECEIVED] {"id":454,"src":"n4","dest":"n1","body":{"type":"broadcast","message":"15","msg_id":81}}
[RECEIVED] {"id":455,"src":"n2","dest":"n1","body":{"type":"broadcast_ok","in_reply_to":81,"msg_id":120}}
[BROADCAST RESPONSE] {"src":"n1","dest":"n4","body":{"type":"broadcast_ok","in_reply_to":80,"msg_id":83}}
[MATCH] BroadcastBody
[MATCH] UnknownBody
[BROADCAST RESPONSE] {"src":"n1","dest":"n4","body":{"type":"broadcast_ok","in_reply_to":81,"msg_id":84}}
[RECEIVED] {"id":464,"src":"n4","dest":"n1","body":{"type":"broadcast","message":"16","msg_id":86}}
[MATCH] BroadcastBody
[BROADCAST RESPONSE] {"src":"n1","dest":"n4","body":{"type":"broadcast_ok","in_reply_to":86,"msg_id":86}}
[INSIDE BROADCAST LOOP]
[BROADCAST REQUEST] {"id":0,"src":"n1","dest":"n4","body":{"type":"broadcast","message":"16","msg_id":86}}
[BROADCAST REQUEST] {"id":0,"src":"n1","dest":"n2","body":{"type":"broadcast","message":"16","msg_id":86}}
[RECEIVED] {"id":474,"src":"n4","dest":"n1","body":{"type":"broadcast_ok","in_reply_to":86,"msg_id":90}}
[MATCH] UnknownBody
[RECEIVED] {"id":477,"src":"n2","dest":"n1","body":{"type":"broadcast","message":"16","msg_id":121}}
[RECEIVED] {"id":478,"src":"n2","dest":"n1","body":{"type":"broadcast_ok","in_reply_to":86,"msg_id":122}}
[MATCH] BroadcastBody
[MATCH] UnknownBody
[BROADCAST RESPONSE] {"src":"n1","dest":"n2","body":{"type":"broadcast_ok","in_reply_to":121,"msg_id":88}}
[RECEIVED] {"id":486,"src":"c10","dest":"n1","body":{"type":"read","msg_id":9}}
[MATCH] ReadBody
[READ RESPONSE] {"src":"n1","dest":"c10","body":{"type":"read_ok","messages":["16","16","15","15","15","14","14","14","13","13","12","12","12","11","11","10","10","10","9","9","9","8","8","8","7","7","7","6","6","6","5","5","4","4","4","3","3","3","2","2","2","1","1","1","0","0","0"],"in_reply_to":9,"msg_id":90}}
[RECEIVED] {"id":488,"src":"c10","dest":"n1","body":{"type":"read","msg_id":10}}
[MATCH] ReadBody
[READ RESPONSE] {"src":"n1","dest":"c10","body":{"type":"read_ok","messages":["16","16","15","15","15","14","14","14","13","13","12","12","12","11","11","10","10","10","9","9","9","8","8","8","7","7","7","6","6","6","5","5","4","4","4","3","3","3","2","2","2","1","1","1","0","0","0"],"in_reply_to":10,"msg_id":91}}
[RECEIVED] {"id":494,"src":"n2","dest":"n1","body":{"type":"broadcast","message":"17","msg_id":127}}
[MATCH] BroadcastBody
[BROADCAST RESPONSE] {"src":"n1","dest":"n2","body":{"type":"broadcast_ok","in_reply_to":127,"msg_id":92}}
[INSIDE BROADCAST LOOP]
[BROADCAST REQUEST] {"id":0,"src":"n1","dest":"n4","body":{"type":"broadcast","message":"17","msg_id":92}}
[BROADCAST REQUEST] {"id":0,"src":"n1","dest":"n2","body":{"type":"broadcast","message":"17","msg_id":92}}
[RECEIVED] {"id":506,"src":"n4","dest":"n1","body":{"type":"broadcast_ok","in_reply_to":92,"msg_id":92}}
[RECEIVED] {"id":507,"src":"n2","dest":"n1","body":{"type":"broadcast_ok","in_reply_to":92,"msg_id":133}}
[MATCH] UnknownBody
[MATCH] UnknownBody
[RECEIVED] {"id":508,"src":"n4","dest":"n1","body":{"type":"broadcast","message":"17","msg_id":91}}
[RECEIVED] {"id":509,"src":"n4","dest":"n1","body":{"type":"broadcast","message":"17","msg_id":92}}
[MATCH] BroadcastBody
[MATCH] BroadcastBody
[BROADCAST RESPONSE] {"src":"n1","dest":"n4","body":{"type":"broadcast_ok","in_reply_to":91,"msg_id":95}}
[BROADCAST RESPONSE] {"src":"n1","dest":"n4","body":{"type":"broadcast_ok","in_reply_to":92,"msg_id":96}}
[RECEIVED] {"id":528,"src":"n4","dest":"n1","body":{"type":"broadcast","message":"18","msg_id":98}}
[MATCH] BroadcastBody
[RECEIVED] {"id":529,"src":"n2","dest":"n1","body":{"type":"broadcast","message":"18","msg_id":134}}
[BROADCAST RESPONSE] {"src":"n1","dest":"n4","body":{"type":"broadcast_ok","in_reply_to":98,"msg_id":97}}
[MATCH] BroadcastBody
[BROADCAST RESPONSE] {"src":"n1","dest":"n2","body":{"type":"broadcast_ok","in_reply_to":134,"msg_id":98}}
[INSIDE BROADCAST LOOP]
[BROADCAST REQUEST] {"id":0,"src":"n1","dest":"n4","body":{"type":"broadcast","message":"18","msg_id":97}}
[INSIDE BROADCAST LOOP]
[BROADCAST REQUEST] {"id":0,"src":"n1","dest":"n4","body":{"type":"broadcast","message":"18","msg_id":98}}
[BROADCAST REQUEST] {"id":0,"src":"n1","dest":"n2","body":{"type":"broadcast","message":"18","msg_id":97}}
[BROADCAST REQUEST] {"id":0,"src":"n1","dest":"n2","body":{"type":"broadcast","message":"18","msg_id":98}}
[RECEIVED] {"id":541,"src":"n4","dest":"n1","body":{"type":"broadcast_ok","in_reply_to":97,"msg_id":100}}
[RECEIVED] {"id":542,"src":"n4","dest":"n1","body":{"type":"broadcast_ok","in_reply_to":98,"msg_id":101}}
[MATCH] UnknownBody
[MATCH] UnknownBody
[RECEIVED] {"id":543,"src":"n2","dest":"n1","body":{"type":"broadcast_ok","in_reply_to":97,"msg_id":138}}
[MATCH] UnknownBody
[RECEIVED] {"id":545,"src":"n2","dest":"n1","body":{"type":"broadcast_ok","in_reply_to":98,"msg_id":140}}
[MATCH] UnknownBody
[RECEIVED] {"id":546,"src":"c10","dest":"n1","body":{"type":"read","msg_id":11}}
[MATCH] ReadBody
[READ RESPONSE] {"src":"n1","dest":"c10","body":{"type":"read_ok","messages":["18","18","17","17","17","16","16","15","15","15","14","14","14","13","13","12","12","12","11","11","10","10","10","9","9","9","8","8","8","7","7","7","6","6","6","5","5","4","4","4","3","3","3","2","2","2","1","1","1","0","0","0"],"in_reply_to":11,"msg_id":103}}
[RECEIVED] {"id":548,"src":"c10","dest":"n1","body":{"type":"broadcast","message":19,"msg_id":12}}
[MATCH] BroadcastBody
[BROADCAST RESPONSE] {"src":"n1","dest":"c10","body":{"type":"broadcast_ok","in_reply_to":12,"msg_id":104}}
[INSIDE BROADCAST LOOP]
[BROADCAST REQUEST] {"id":0,"src":"n1","dest":"n4","body":{"type":"broadcast","message":"19","msg_id":104}}
[BROADCAST REQUEST] {"id":0,"src":"n1","dest":"n2","body":{"type":"broadcast","message":"19","msg_id":104}}
[RECEIVED] {"id":552,"src":"n4","dest":"n1","body":{"type":"broadcast_ok","in_reply_to":104,"msg_id":103}}
[RECEIVED] {"id":553,"src":"n2","dest":"n1","body":{"type":"broadcast_ok","in_reply_to":104,"msg_id":141}}
[MATCH] UnknownBody
[MATCH] UnknownBody
[RECEIVED] {"id":554,"src":"n4","dest":"n1","body":{"type":"broadcast","message":"19","msg_id":103}}
[MATCH] BroadcastBody
[BROADCAST RESPONSE] {"src":"n1","dest":"n4","body":{"type":"broadcast_ok","in_reply_to":103,"msg_id":107}}
[RECEIVED] {"id":558,"src":"n2","dest":"n1","body":{"type":"broadcast","message":"19","msg_id":141}}
[MATCH] BroadcastBody
[BROADCAST RESPONSE] {"src":"n1","dest":"n2","body":{"type":"broadcast_ok","in_reply_to":141,"msg_id":108}}
[RECEIVED] {"id":582,"src":"n2","dest":"n1","body":{"type":"broadcast","message":"20","msg_id":149}}
[MATCH] BroadcastBody
[BROADCAST RESPONSE] {"src":"n1","dest":"n2","body":{"type":"broadcast_ok","in_reply_to":149,"msg_id":109}}
[INSIDE BROADCAST LOOP]
[BROADCAST REQUEST] {"id":0,"src":"n1","dest":"n4","body":{"type":"broadcast","message":"20","msg_id":109}}
[BROADCAST REQUEST] {"id":0,"src":"n1","dest":"n2","body":{"type":"broadcast","message":"20","msg_id":109}}
[RECEIVED] {"id":592,"src":"n4","dest":"n1","body":{"type":"broadcast_ok","in_reply_to":109,"msg_id":109}}
[RECEIVED] {"id":593,"src":"n4","dest":"n1","body":{"type":"broadcast","message":"20","msg_id":108}}
[RECEIVED] {"id":594,"src":"n4","dest":"n1","body":{"type":"broadcast","message":"20","msg_id":109}}
[RECEIVED] {"id":595,"src":"n2","dest":"n1","body":{"type":"broadcast_ok","in_reply_to":109,"msg_id":154}}
[MATCH] UnknownBody
[MATCH] BroadcastBody
[MATCH] BroadcastBody
[MATCH] UnknownBody
[BROADCAST RESPONSE] {"src":"n1","dest":"n4","body":{"type":"broadcast_ok","in_reply_to":108,"msg_id":111}}
[BROADCAST RESPONSE] {"src":"n1","dest":"n4","body":{"type":"broadcast_ok","in_reply_to":109,"msg_id":112}}
[RECEIVED] {"id":604,"src":"n4","dest":"n1","body":{"type":"broadcast","message":"21","msg_id":114}}
[MATCH] BroadcastBody
[BROADCAST RESPONSE] {"src":"n1","dest":"n4","body":{"type":"broadcast_ok","in_reply_to":114,"msg_id":114}}
[INSIDE BROADCAST LOOP]
[BROADCAST REQUEST] {"id":0,"src":"n1","dest":"n4","body":{"type":"broadcast","message":"21","msg_id":114}}
[BROADCAST REQUEST] {"id":0,"src":"n1","dest":"n2","body":{"type":"broadcast","message":"21","msg_id":114}}
[RECEIVED] {"id":613,"src":"n2","dest":"n1","body":{"type":"broadcast_ok","in_reply_to":114,"msg_id":156}}
[MATCH] UnknownBody
[RECEIVED] {"id":614,"src":"n4","dest":"n1","body":{"type":"broadcast_ok","in_reply_to":114,"msg_id":117}}
[MATCH] UnknownBody
[RECEIVED] {"id":620,"src":"n2","dest":"n1","body":{"type":"broadcast","message":"21","msg_id":155}}
[RECEIVED] {"id":621,"src":"n2","dest":"n1","body":{"type":"broadcast","message":"21","msg_id":156}}
[MATCH] BroadcastBody
[MATCH] BroadcastBody
[BROADCAST RESPONSE] {"src":"n1","dest":"n2","body":{"type":"broadcast_ok","in_reply_to":155,"msg_id":117}}
[BROADCAST RESPONSE] {"src":"n1","dest":"n2","body":{"type":"broadcast_ok","in_reply_to":156,"msg_id":118}}
[RECEIVED] {"id":640,"src":"n2","dest":"n1","body":{"type":"broadcast","message":"22","msg_id":165}}
[MATCH] BroadcastBody
[BROADCAST RESPONSE] {"src":"n1","dest":"n2","body":{"type":"broadcast_ok","in_reply_to":165,"msg_id":119}}
[RECEIVED] {"id":641,"src":"n4","dest":"n1","body":{"type":"broadcast","message":"22","msg_id":119}}
[INSIDE BROADCAST LOOP]
[MATCH] BroadcastBody
[BROADCAST REQUEST] {"id":0,"src":"n1","dest":"n4","body":{"type":"broadcast","message":"22","msg_id":119}}
[BROADCAST RESPONSE] {"src":"n1","dest":"n4","body":{"type":"broadcast_ok","in_reply_to":119,"msg_id":120}}
[BROADCAST REQUEST] {"id":0,"src":"n1","dest":"n2","body":{"type":"broadcast","message":"22","msg_id":119}}
[INSIDE BROADCAST LOOP]
[BROADCAST REQUEST] {"id":0,"src":"n1","dest":"n4","body":{"type":"broadcast","message":"22","msg_id":120}}
[BROADCAST REQUEST] {"id":0,"src":"n1","dest":"n2","body":{"type":"broadcast","message":"22","msg_id":120}}
[RECEIVED] {"id":654,"src":"n4","dest":"n1","body":{"type":"broadcast_ok","in_reply_to":119,"msg_id":121}}
[MATCH] UnknownBody
[RECEIVED] {"id":655,"src":"n4","dest":"n1","body":{"type":"broadcast_ok","in_reply_to":120,"msg_id":123}}
[RECEIVED] {"id":656,"src":"n2","dest":"n1","body":{"type":"broadcast_ok","in_reply_to":119,"msg_id":170}}
[MATCH] UnknownBody
[MATCH] UnknownBody
[RECEIVED] {"id":657,"src":"n2","dest":"n1","body":{"type":"broadcast_ok","in_reply_to":120,"msg_id":171}}
[MATCH] UnknownBody
[RECEIVED] {"id":658,"src":"c10","dest":"n1","body":{"type":"broadcast","message":23,"msg_id":13}}
[MATCH] BroadcastBody
[BROADCAST RESPONSE] {"src":"n1","dest":"c10","body":{"type":"broadcast_ok","in_reply_to":13,"msg_id":125}}
[INSIDE BROADCAST LOOP]
[BROADCAST REQUEST] {"id":0,"src":"n1","dest":"n4","body":{"type":"broadcast","message":"23","msg_id":125}}
[BROADCAST REQUEST] {"id":0,"src":"n1","dest":"n2","body":{"type":"broadcast","message":"23","msg_id":125}}
[RECEIVED] {"id":662,"src":"n4","dest":"n1","body":{"type":"broadcast_ok","in_reply_to":125,"msg_id":124}}
[RECEIVED] {"id":663,"src":"n2","dest":"n1","body":{"type":"broadcast_ok","in_reply_to":125,"msg_id":172}}
[MATCH] UnknownBody
[MATCH] UnknownBody
[RECEIVED] {"id":664,"src":"n4","dest":"n1","body":{"type":"broadcast","message":"23","msg_id":124}}
[MATCH] BroadcastBody
[BROADCAST RESPONSE] {"src":"n1","dest":"n4","body":{"type":"broadcast_ok","in_reply_to":124,"msg_id":128}}
[RECEIVED] {"id":668,"src":"n2","dest":"n1","body":{"type":"broadcast","message":"23","msg_id":172}}
[MATCH] BroadcastBody
[BROADCAST RESPONSE] {"src":"n1","dest":"n2","body":{"type":"broadcast_ok","in_reply_to":172,"msg_id":129}}
[RECEIVED] {"id":684,"src":"c10","dest":"n1","body":{"type":"read","msg_id":14}}
[MATCH] ReadBody
[READ RESPONSE] {"src":"n1","dest":"c10","body":{"type":"read_ok","messages":["23","23","23","22","22","21","21","21","20","20","20","19","19","19","18","18","17","17","17","16","16","15","15","15","14","14","14","13","13","12","12","12","11","11","10","10","10","9","9","9","8","8","8","7","7","7","6","6","6","5","5","4","4","4","3","3","3","2","2","2","1","1","1","0","0","0"],"in_reply_to":14,"msg_id":130}}
[RECEIVED] {"id":692,"src":"n4","dest":"n1","body":{"type":"broadcast","message":"24","msg_id":129}}
[MATCH] BroadcastBody
[BROADCAST RESPONSE] {"src":"n1","dest":"n4","body":{"type":"broadcast_ok","in_reply_to":129,"msg_id":131}}
[INSIDE BROADCAST LOOP]
[BROADCAST REQUEST] {"id":0,"src":"n1","dest":"n4","body":{"type":"broadcast","message":"24","msg_id":131}}
[BROADCAST REQUEST] {"id":0,"src":"n1","dest":"n2","body":{"type":"broadcast","message":"24","msg_id":131}}
[RECEIVED] {"id":703,"src":"n4","dest":"n1","body":{"type":"broadcast_ok","in_reply_to":131,"msg_id":133}}
[RECEIVED] {"id":704,"src":"n2","dest":"n1","body":{"type":"broadcast_ok","in_reply_to":131,"msg_id":181}}
[MATCH] UnknownBody
[MATCH] UnknownBody
[RECEIVED] {"id":706,"src":"n2","dest":"n1","body":{"type":"broadcast","message":"24","msg_id":180}}
[MATCH] BroadcastBody
[BROADCAST RESPONSE] {"src":"n1","dest":"n2","body":{"type":"broadcast_ok","in_reply_to":180,"msg_id":134}}
[RECEIVED] {"id":709,"src":"n2","dest":"n1","body":{"type":"broadcast","message":"24","msg_id":181}}
[MATCH] BroadcastBody
[BROADCAST RESPONSE] {"src":"n1","dest":"n2","body":{"type":"broadcast_ok","in_reply_to":181,"msg_id":135}}
[RECEIVED] {"id":720,"src":"c10","dest":"n1","body":{"type":"broadcast","message":25,"msg_id":15}}
[MATCH] BroadcastBody
[BROADCAST RESPONSE] {"src":"n1","dest":"c10","body":{"type":"broadcast_ok","in_reply_to":15,"msg_id":136}}
[INSIDE BROADCAST LOOP]
[BROADCAST REQUEST] {"id":0,"src":"n1","dest":"n4","body":{"type":"broadcast","message":"25","msg_id":136}}
[BROADCAST REQUEST] {"id":0,"src":"n1","dest":"n2","body":{"type":"broadcast","message":"25","msg_id":136}}
[RECEIVED] {"id":724,"src":"n4","dest":"n1","body":{"type":"broadcast_ok","in_reply_to":136,"msg_id":134}}
[RECEIVED] {"id":725,"src":"n2","dest":"n1","body":{"type":"broadcast_ok","in_reply_to":136,"msg_id":189}}
[MATCH] UnknownBody
[MATCH] UnknownBody
[RECEIVED] {"id":726,"src":"n4","dest":"n1","body":{"type":"broadcast","message":"25","msg_id":134}}
[MATCH] BroadcastBody
[BROADCAST RESPONSE] {"src":"n1","dest":"n4","body":{"type":"broadcast_ok","in_reply_to":134,"msg_id":139}}
[RECEIVED] {"id":730,"src":"n2","dest":"n1","body":{"type":"broadcast","message":"25","msg_id":189}}
[MATCH] BroadcastBody
[BROADCAST RESPONSE] {"src":"n1","dest":"n2","body":{"type":"broadcast_ok","in_reply_to":189,"msg_id":140}}
[RECEIVED] {"id":746,"src":"c10","dest":"n1","body":{"type":"broadcast","message":26,"msg_id":16}}
[MATCH] BroadcastBody
[BROADCAST RESPONSE] {"src":"n1","dest":"c10","body":{"type":"broadcast_ok","in_reply_to":16,"msg_id":141}}
[INSIDE BROADCAST LOOP]
[BROADCAST REQUEST] {"id":0,"src":"n1","dest":"n4","body":{"type":"broadcast","message":"26","msg_id":141}}
[BROADCAST REQUEST] {"id":0,"src":"n1","dest":"n2","body":{"type":"broadcast","message":"26","msg_id":141}}
[RECEIVED] {"id":750,"src":"n4","dest":"n1","body":{"type":"broadcast_ok","in_reply_to":141,"msg_id":139}}
[MATCH] UnknownBody
[RECEIVED] {"id":751,"src":"n4","dest":"n1","body":{"type":"broadcast","message":"26","msg_id":139}}
[RECEIVED] {"id":752,"src":"n2","dest":"n1","body":{"type":"broadcast_ok","in_reply_to":141,"msg_id":196}}
[MATCH] BroadcastBody
[MATCH] UnknownBody
[BROADCAST RESPONSE] {"src":"n1","dest":"n4","body":{"type":"broadcast_ok","in_reply_to":139,"msg_id":143}}
[RECEIVED] {"id":757,"src":"n2","dest":"n1","body":{"type":"broadcast","message":"26","msg_id":196}}
[MATCH] BroadcastBody
[BROADCAST RESPONSE] {"src":"n1","dest":"n2","body":{"type":"broadcast_ok","in_reply_to":196,"msg_id":145}}
[RECEIVED] {"id":776,"src":"n2","dest":"n1","body":{"type":"broadcast","message":"27","msg_id":203}}
[MATCH] BroadcastBody
[BROADCAST RESPONSE] {"src":"n1","dest":"n2","body":{"type":"broadcast_ok","in_reply_to":203,"msg_id":146}}
[INSIDE BROADCAST LOOP]
[BROADCAST REQUEST] {"id":0,"src":"n1","dest":"n4","body":{"type":"broadcast","message":"27","msg_id":146}}
[BROADCAST REQUEST] {"id":0,"src":"n1","dest":"n2","body":{"type":"broadcast","message":"27","msg_id":146}}
[RECEIVED] {"id":788,"src":"n4","dest":"n1","body":{"type":"broadcast_ok","in_reply_to":146,"msg_id":145}}
[RECEIVED] {"id":789,"src":"n4","dest":"n1","body":{"type":"broadcast","message":"27","msg_id":144}}
[MATCH] UnknownBody
[MATCH] BroadcastBody
[RECEIVED] {"id":790,"src":"n4","dest":"n1","body":{"type":"broadcast","message":"27","msg_id":145}}
[RECEIVED] {"id":792,"src":"n2","dest":"n1","body":{"type":"broadcast_ok","in_reply_to":146,"msg_id":209}}
[BROADCAST RESPONSE] {"src":"n1","dest":"n4","body":{"type":"broadcast_ok","in_reply_to":144,"msg_id":148}}
[MATCH] BroadcastBody
[MATCH] UnknownBody
[BROADCAST RESPONSE] {"src":"n1","dest":"n4","body":{"type":"broadcast_ok","in_reply_to":145,"msg_id":149}}
[RECEIVED] {"id":802,"src":"c10","dest":"n1","body":{"type":"read","msg_id":17}}
[MATCH] ReadBody
[READ RESPONSE] {"src":"n1","dest":"c10","body":{"type":"read_ok","messages":["27","27","27","26","26","26","25","25","25","24","24","24","23","23","23","22","22","21","21","21","20","20","20","19","19","19","18","18","17","17","17","16","16","15","15","15","14","14","14","13","13","12","12","12","11","11","10","10","10","9","9","9","8","8","8","7","7","7","6","6","6","5","5","4","4","4","3","3","3","2","2","2","1","1","1","0","0","0"],"in_reply_to":17,"msg_id":151}}
