[RECEIVED] {"id":0,"src":"c0","dest":"n5","body":{"type":"init","node_id":"n5","node_ids":["n1","n2","n3","n4","n5"],"msg_id":1}}
[MATCH] InitBody
Initialized node n5
Init send {"src":"n5","dest":"c0","body":{"type":"init_ok","in_reply_to":1,"msg_id":0}}
[RECEIVED] {"id":11,"src":"c7","dest":"n5","body":{"type":"topology","topology":{"n1":["n4","n2"],"n2":["n5","n3","n1"],"n3":["n2"],"n4":["n1","n5"],"n5":["n2","n4"]},"msg_id":1}}
[MATCH] TopologyBody
[TOPOLOGY RESPONSE] {"src":"n5","dest":"c7","body":{"type":"topology_ok","in_reply_to":1,"msg_id":1}}
[RECEIVED] {"id":27,"src":"n2","dest":"n5","body":{"type":"broadcast","message":"0","msg_id":2}}
[RECEIVED] {"id":28,"src":"n4","dest":"n5","body":{"type":"broadcast","message":"0","msg_id":2}}
[MATCH] BroadcastBody
[MATCH] BroadcastBody
[BROADCAST RESPONSE] {"src":"n5","dest":"n2","body":{"type":"broadcast_ok","in_reply_to":2,"msg_id":2}}
[BROADCAST RESPONSE] {"src":"n5","dest":"n4","body":{"type":"broadcast_ok","in_reply_to":2,"msg_id":3}}
[INSIDE BROADCAST LOOP]
[INSIDE BROADCAST LOOP]
[BROADCAST REQUEST] {"id":0,"src":"n5","dest":"n2","body":{"type":"broadcast","message":"0","msg_id":2}}
[BROADCAST REQUEST] {"id":0,"src":"n5","dest":"n2","body":{"type":"broadcast","message":"0","msg_id":3}}
[BROADCAST REQUEST] {"id":0,"src":"n5","dest":"n4","body":{"type":"broadcast","message":"0","msg_id":2}}
[BROADCAST REQUEST] {"id":0,"src":"n5","dest":"n4","body":{"type":"broadcast","message":"0","msg_id":3}}
[RECEIVED] {"id":43,"src":"n2","dest":"n5","body":{"type":"broadcast_ok","in_reply_to":2,"msg_id":6}}
[RECEIVED] {"id":44,"src":"n2","dest":"n5","body":{"type":"broadcast_ok","in_reply_to":3,"msg_id":7}}
[MATCH] UnknownBody
[MATCH] UnknownBody
[RECEIVED] {"id":45,"src":"n4","dest":"n5","body":{"type":"broadcast_ok","in_reply_to":2,"msg_id":5}}
[MATCH] UnknownBody
[RECEIVED] {"id":47,"src":"n4","dest":"n5","body":{"type":"broadcast_ok","in_reply_to":3,"msg_id":6}}
[MATCH] UnknownBody
[RECEIVED] {"id":52,"src":"n2","dest":"n5","body":{"type":"broadcast","message":"1","msg_id":10}}
[MATCH] BroadcastBody
[BROADCAST RESPONSE] {"src":"n5","dest":"n2","body":{"type":"broadcast_ok","in_reply_to":10,"msg_id":8}}
[INSIDE BROADCAST LOOP]
[BROADCAST REQUEST] {"id":0,"src":"n5","dest":"n2","body":{"type":"broadcast","message":"1","msg_id":8}}
[BROADCAST REQUEST] {"id":0,"src":"n5","dest":"n4","body":{"type":"broadcast","message":"1","msg_id":8}}
[RECEIVED] {"id":62,"src":"n2","dest":"n5","body":{"type":"broadcast_ok","in_reply_to":8,"msg_id":14}}
[MATCH] UnknownBody
[RECEIVED] {"id":63,"src":"n4","dest":"n5","body":{"type":"broadcast_ok","in_reply_to":8,"msg_id":7}}
[MATCH] UnknownBody
[RECEIVED] {"id":70,"src":"n4","dest":"n5","body":{"type":"broadcast","message":"1","msg_id":7}}
[MATCH] BroadcastBody
[RECEIVED] {"id":71,"src":"n4","dest":"n5","body":{"type":"broadcast","message":"1","msg_id":8}}
[BROADCAST RESPONSE] {"src":"n5","dest":"n4","body":{"type":"broadcast_ok","in_reply_to":7,"msg_id":11}}
[MATCH] BroadcastBody
[BROADCAST RESPONSE] {"src":"n5","dest":"n4","body":{"type":"broadcast_ok","in_reply_to":8,"msg_id":12}}
[RECEIVED] {"id":76,"src":"c14","dest":"n5","body":{"type":"read","msg_id":1}}
[MATCH] ReadBody
[READ RESPONSE] {"src":"n5","dest":"c14","body":{"type":"read_ok","messages":["1","1","1","0","0"],"in_reply_to":1,"msg_id":13}}
[RECEIVED] {"id":87,"src":"n4","dest":"n5","body":{"type":"broadcast","message":"2","msg_id":14}}
[MATCH] BroadcastBody
[RECEIVED] {"id":88,"src":"n2","dest":"n5","body":{"type":"broadcast","message":"2","msg_id":16}}
[BROADCAST RESPONSE] {"src":"n5","dest":"n4","body":{"type":"broadcast_ok","in_reply_to":14,"msg_id":14}}
[MATCH] BroadcastBody
[BROADCAST RESPONSE] {"src":"n5","dest":"n2","body":{"type":"broadcast_ok","in_reply_to":16,"msg_id":15}}
[INSIDE BROADCAST LOOP]
[BROADCAST REQUEST] {"id":0,"src":"n5","dest":"n2","body":{"type":"broadcast","message":"2","msg_id":14}}
[INSIDE BROADCAST LOOP]
[BROADCAST REQUEST] {"id":0,"src":"n5","dest":"n2","body":{"type":"broadcast","message":"2","msg_id":15}}
[BROADCAST REQUEST] {"id":0,"src":"n5","dest":"n4","body":{"type":"broadcast","message":"2","msg_id":14}}
[BROADCAST REQUEST] {"id":0,"src":"n5","dest":"n4","body":{"type":"broadcast","message":"2","msg_id":15}}
[RECEIVED] {"id":101,"src":"n2","dest":"n5","body":{"type":"broadcast_ok","in_reply_to":14,"msg_id":18}}
[MATCH] UnknownBody
[RECEIVED] {"id":102,"src":"n2","dest":"n5","body":{"type":"broadcast_ok","in_reply_to":15,"msg_id":19}}
[MATCH] UnknownBody
[RECEIVED] {"id":104,"src":"n4","dest":"n5","body":{"type":"broadcast_ok","in_reply_to":14,"msg_id":17}}
[MATCH] UnknownBody
[RECEIVED] {"id":105,"src":"n4","dest":"n5","body":{"type":"broadcast_ok","in_reply_to":15,"msg_id":18}}
[MATCH] UnknownBody
[RECEIVED] {"id":110,"src":"n2","dest":"n5","body":{"type":"broadcast","message":"3","msg_id":23}}
[MATCH] BroadcastBody
[BROADCAST RESPONSE] {"src":"n5","dest":"n2","body":{"type":"broadcast_ok","in_reply_to":23,"msg_id":20}}
[INSIDE BROADCAST LOOP]
[BROADCAST REQUEST] {"id":0,"src":"n5","dest":"n2","body":{"type":"broadcast","message":"3","msg_id":20}}
[BROADCAST REQUEST] {"id":0,"src":"n5","dest":"n4","body":{"type":"broadcast","message":"3","msg_id":20}}
[RECEIVED] {"id":122,"src":"n4","dest":"n5","body":{"type":"broadcast_ok","in_reply_to":20,"msg_id":20}}
[MATCH] UnknownBody
[RECEIVED] {"id":125,"src":"n4","dest":"n5","body":{"type":"broadcast","message":"3","msg_id":19}}
[MATCH] BroadcastBody
[RECEIVED] {"id":126,"src":"n2","dest":"n5","body":{"type":"broadcast_ok","in_reply_to":20,"msg_id":27}}
[RECEIVED] {"id":127,"src":"n4","dest":"n5","body":{"type":"broadcast","message":"3","msg_id":20}}
[BROADCAST RESPONSE] {"src":"n5","dest":"n4","body":{"type":"broadcast_ok","in_reply_to":19,"msg_id":22}}
[MATCH] UnknownBody
[MATCH] BroadcastBody
[BROADCAST RESPONSE] {"src":"n5","dest":"n4","body":{"type":"broadcast_ok","in_reply_to":20,"msg_id":24}}
[RECEIVED] {"id":137,"src":"n4","dest":"n5","body":{"type":"broadcast","message":"4","msg_id":25}}
[MATCH] BroadcastBody
[BROADCAST RESPONSE] {"src":"n5","dest":"n4","body":{"type":"broadcast_ok","in_reply_to":25,"msg_id":25}}
[INSIDE BROADCAST LOOP]
[BROADCAST REQUEST] {"id":0,"src":"n5","dest":"n2","body":{"type":"broadcast","message":"4","msg_id":25}}
[BROADCAST REQUEST] {"id":0,"src":"n5","dest":"n4","body":{"type":"broadcast","message":"4","msg_id":25}}
[RECEIVED] {"id":145,"src":"n4","dest":"n5","body":{"type":"broadcast_ok","in_reply_to":25,"msg_id":29}}
[MATCH] UnknownBody
[RECEIVED] {"id":146,"src":"n2","dest":"n5","body":{"type":"broadcast_ok","in_reply_to":25,"msg_id":30}}
[MATCH] UnknownBody
[RECEIVED] {"id":148,"src":"n2","dest":"n5","body":{"type":"broadcast","message":"4","msg_id":30}}
[MATCH] BroadcastBody
[BROADCAST RESPONSE] {"src":"n5","dest":"n2","body":{"type":"broadcast_ok","in_reply_to":30,"msg_id":28}}
[RECEIVED] {"id":149,"src":"n2","dest":"n5","body":{"type":"broadcast","message":"4","msg_id":31}}
[MATCH] BroadcastBody
[BROADCAST RESPONSE] {"src":"n5","dest":"n2","body":{"type":"broadcast_ok","in_reply_to":31,"msg_id":29}}
[RECEIVED] {"id":164,"src":"c14","dest":"n5","body":{"type":"broadcast","message":5,"msg_id":2}}
[MATCH] BroadcastBody
[BROADCAST RESPONSE] {"src":"n5","dest":"c14","body":{"type":"broadcast_ok","in_reply_to":2,"msg_id":30}}
[INSIDE BROADCAST LOOP]
[BROADCAST REQUEST] {"id":0,"src":"n5","dest":"n2","body":{"type":"broadcast","message":"5","msg_id":30}}
[BROADCAST REQUEST] {"id":0,"src":"n5","dest":"n4","body":{"type":"broadcast","message":"5","msg_id":30}}
[RECEIVED] {"id":168,"src":"n2","dest":"n5","body":{"type":"broadcast_ok","in_reply_to":30,"msg_id":40}}
[MATCH] UnknownBody
[RECEIVED] {"id":169,"src":"n4","dest":"n5","body":{"type":"broadcast_ok","in_reply_to":30,"msg_id":30}}
[MATCH] UnknownBody
[RECEIVED] {"id":170,"src":"n2","dest":"n5","body":{"type":"broadcast","message":"5","msg_id":40}}
[MATCH] BroadcastBody
[BROADCAST RESPONSE] {"src":"n5","dest":"n2","body":{"type":"broadcast_ok","in_reply_to":40,"msg_id":33}}
[RECEIVED] {"id":174,"src":"n4","dest":"n5","body":{"type":"broadcast","message":"5","msg_id":30}}
[MATCH] BroadcastBody
[BROADCAST RESPONSE] {"src":"n5","dest":"n4","body":{"type":"broadcast_ok","in_reply_to":30,"msg_id":34}}
[RECEIVED] {"id":199,"src":"n2","dest":"n5","body":{"type":"broadcast","message":"6","msg_id":47}}
[RECEIVED] {"id":200,"src":"n4","dest":"n5","body":{"type":"broadcast","message":"6","msg_id":35}}
[MATCH] BroadcastBody
[MATCH] BroadcastBody
[BROADCAST RESPONSE] {"src":"n5","dest":"n2","body":{"type":"broadcast_ok","in_reply_to":47,"msg_id":35}}
[BROADCAST RESPONSE] {"src":"n5","dest":"n4","body":{"type":"broadcast_ok","in_reply_to":35,"msg_id":36}}
[INSIDE BROADCAST LOOP]
[INSIDE BROADCAST LOOP]
[BROADCAST REQUEST] {"id":0,"src":"n5","dest":"n2","body":{"type":"broadcast","message":"6","msg_id":35}}
[BROADCAST REQUEST] {"id":0,"src":"n5","dest":"n2","body":{"type":"broadcast","message":"6","msg_id":36}}
[BROADCAST REQUEST] {"id":0,"src":"n5","dest":"n4","body":{"type":"broadcast","message":"6","msg_id":35}}
[BROADCAST REQUEST] {"id":0,"src":"n5","dest":"n4","body":{"type":"broadcast","message":"6","msg_id":36}}
[RECEIVED] {"id":213,"src":"n2","dest":"n5","body":{"type":"broadcast_ok","in_reply_to":35,"msg_id":50}}
[MATCH] UnknownBody
[RECEIVED] {"id":214,"src":"n2","dest":"n5","body":{"type":"broadcast_ok","in_reply_to":36,"msg_id":52}}
[RECEIVED] {"id":215,"src":"n4","dest":"n5","body":{"type":"broadcast_ok","in_reply_to":35,"msg_id":38}}
[MATCH] UnknownBody
[MATCH] UnknownBody
[RECEIVED] {"id":217,"src":"n4","dest":"n5","body":{"type":"broadcast_ok","in_reply_to":36,"msg_id":39}}
[MATCH] UnknownBody
[RECEIVED] {"id":220,"src":"n2","dest":"n5","body":{"type":"broadcast","message":"7","msg_id":54}}
[MATCH] BroadcastBody
[BROADCAST RESPONSE] {"src":"n5","dest":"n2","body":{"type":"broadcast_ok","in_reply_to":54,"msg_id":41}}
[INSIDE BROADCAST LOOP]
[BROADCAST REQUEST] {"id":0,"src":"n5","dest":"n2","body":{"type":"broadcast","message":"7","msg_id":41}}
[BROADCAST REQUEST] {"id":0,"src":"n5","dest":"n4","body":{"type":"broadcast","message":"7","msg_id":41}}
[RECEIVED] {"id":231,"src":"n2","dest":"n5","body":{"type":"broadcast_ok","in_reply_to":41,"msg_id":58}}
[MATCH] UnknownBody
[RECEIVED] {"id":234,"src":"n4","dest":"n5","body":{"type":"broadcast_ok","in_reply_to":41,"msg_id":41}}
[MATCH] UnknownBody
[RECEIVED] {"id":238,"src":"n4","dest":"n5","body":{"type":"broadcast","message":"7","msg_id":40}}
[MATCH] BroadcastBody
[RECEIVED] {"id":239,"src":"n4","dest":"n5","body":{"type":"broadcast","message":"7","msg_id":41}}
[BROADCAST RESPONSE] {"src":"n5","dest":"n4","body":{"type":"broadcast_ok","in_reply_to":40,"msg_id":44}}
[MATCH] BroadcastBody
[BROADCAST RESPONSE] {"src":"n5","dest":"n4","body":{"type":"broadcast_ok","in_reply_to":41,"msg_id":45}}
[RECEIVED] {"id":248,"src":"n2","dest":"n5","body":{"type":"broadcast","message":"8","msg_id":61}}
[MATCH] BroadcastBody
[BROADCAST RESPONSE] {"src":"n5","dest":"n2","body":{"type":"broadcast_ok","in_reply_to":61,"msg_id":46}}
[INSIDE BROADCAST LOOP]
[BROADCAST REQUEST] {"id":0,"src":"n5","dest":"n2","body":{"type":"broadcast","message":"8","msg_id":46}}
[BROADCAST REQUEST] {"id":0,"src":"n5","dest":"n4","body":{"type":"broadcast","message":"8","msg_id":46}}
[RECEIVED] {"id":258,"src":"n2","dest":"n5","body":{"type":"broadcast_ok","in_reply_to":46,"msg_id":65}}
[MATCH] UnknownBody
[RECEIVED] {"id":260,"src":"n4","dest":"n5","body":{"type":"broadcast_ok","in_reply_to":46,"msg_id":47}}
[MATCH] UnknownBody
[RECEIVED] {"id":264,"src":"n4","dest":"n5","body":{"type":"broadcast","message":"8","msg_id":46}}
[RECEIVED] {"id":265,"src":"n4","dest":"n5","body":{"type":"broadcast","message":"8","msg_id":47}}
[MATCH] BroadcastBody
[MATCH] BroadcastBody
[BROADCAST RESPONSE] {"src":"n5","dest":"n4","body":{"type":"broadcast_ok","in_reply_to":46,"msg_id":49}}
[BROADCAST RESPONSE] {"src":"n5","dest":"n4","body":{"type":"broadcast_ok","in_reply_to":47,"msg_id":50}}
[RECEIVED] {"id":273,"src":"n4","dest":"n5","body":{"type":"broadcast","message":"9","msg_id":52}}
[MATCH] BroadcastBody
[BROADCAST RESPONSE] {"src":"n5","dest":"n4","body":{"type":"broadcast_ok","in_reply_to":52,"msg_id":51}}
[INSIDE BROADCAST LOOP]
[BROADCAST REQUEST] {"id":0,"src":"n5","dest":"n2","body":{"type":"broadcast","message":"9","msg_id":51}}
[BROADCAST REQUEST] {"id":0,"src":"n5","dest":"n4","body":{"type":"broadcast","message":"9","msg_id":51}}
[RECEIVED] {"id":281,"src":"n2","dest":"n5","body":{"type":"broadcast_ok","in_reply_to":51,"msg_id":67}}
[MATCH] UnknownBody
[RECEIVED] {"id":283,"src":"n4","dest":"n5","body":{"type":"broadcast_ok","in_reply_to":51,"msg_id":56}}
[MATCH] UnknownBody
[RECEIVED] {"id":284,"src":"n2","dest":"n5","body":{"type":"broadcast","message":"9","msg_id":67}}
[MATCH] BroadcastBody
[RECEIVED] {"id":285,"src":"n2","dest":"n5","body":{"type":"broadcast","message":"9","msg_id":68}}
[BROADCAST RESPONSE] {"src":"n5","dest":"n2","body":{"type":"broadcast_ok","in_reply_to":67,"msg_id":54}}
[MATCH] BroadcastBody
[BROADCAST RESPONSE] {"src":"n5","dest":"n2","body":{"type":"broadcast_ok","in_reply_to":68,"msg_id":55}}
[RECEIVED] {"id":300,"src":"c14","dest":"n5","body":{"type":"read","msg_id":3}}
[MATCH] ReadBody
[READ RESPONSE] {"src":"n5","dest":"c14","body":{"type":"read_ok","messages":["9","9","9","8","8","8","7","7","7","6","6","5","5","5","4","4","4","3","3","3","2","2","1","1","1","0","0"],"in_reply_to":3,"msg_id":56}}
[RECEIVED] {"id":310,"src":"n2","dest":"n5","body":{"type":"broadcast","message":"11","msg_id":77}}
[MATCH] BroadcastBody
[BROADCAST RESPONSE] {"src":"n5","dest":"n2","body":{"type":"broadcast_ok","in_reply_to":77,"msg_id":57}}
[INSIDE BROADCAST LOOP]
[RECEIVED] {"id":313,"src":"n4","dest":"n5","body":{"type":"broadcast","message":"10","msg_id":57}}
[BROADCAST REQUEST] {"id":0,"src":"n5","dest":"n2","body":{"type":"broadcast","message":"11","msg_id":57}}
[MATCH] BroadcastBody
[BROADCAST REQUEST] {"id":0,"src":"n5","dest":"n4","body":{"type":"broadcast","message":"11","msg_id":57}}
[BROADCAST RESPONSE] {"src":"n5","dest":"n4","body":{"type":"broadcast_ok","in_reply_to":57,"msg_id":58}}
[INSIDE BROADCAST LOOP]
[BROADCAST REQUEST] {"id":0,"src":"n5","dest":"n2","body":{"type":"broadcast","message":"10","msg_id":58}}
[RECEIVED] {"id":320,"src":"n2","dest":"n5","body":{"type":"broadcast","message":"10","msg_id":78}}
[MATCH] BroadcastBody
[BROADCAST REQUEST] {"id":0,"src":"n5","dest":"n4","body":{"type":"broadcast","message":"10","msg_id":58}}
[BROADCAST RESPONSE] {"src":"n5","dest":"n2","body":{"type":"broadcast_ok","in_reply_to":78,"msg_id":59}}
[RECEIVED] {"id":327,"src":"n2","dest":"n5","body":{"type":"broadcast_ok","in_reply_to":57,"msg_id":80}}
[MATCH] UnknownBody
[RECEIVED] {"id":331,"src":"n4","dest":"n5","body":{"type":"broadcast_ok","in_reply_to":57,"msg_id":59}}
[MATCH] UnknownBody
[RECEIVED] {"id":337,"src":"n2","dest":"n5","body":{"type":"broadcast_ok","in_reply_to":58,"msg_id":81}}
[RECEIVED] {"id":338,"src":"n4","dest":"n5","body":{"type":"broadcast_ok","in_reply_to":58,"msg_id":61}}
[MATCH] UnknownBody
[MATCH] UnknownBody
[RECEIVED] {"id":339,"src":"n4","dest":"n5","body":{"type":"broadcast","message":"11","msg_id":59}}
[MATCH] BroadcastBody
[BROADCAST RESPONSE] {"src":"n5","dest":"n4","body":{"type":"broadcast_ok","in_reply_to":59,"msg_id":64}}
[RECEIVED] {"id":353,"src":"n4","dest":"n5","body":{"type":"broadcast","message":"12","msg_id":65}}
[MATCH] BroadcastBody
[BROADCAST RESPONSE] {"src":"n5","dest":"n4","body":{"type":"broadcast_ok","in_reply_to":65,"msg_id":65}}
[INSIDE BROADCAST LOOP]
[BROADCAST REQUEST] {"id":0,"src":"n5","dest":"n2","body":{"type":"broadcast","message":"12","msg_id":65}}
[BROADCAST REQUEST] {"id":0,"src":"n5","dest":"n4","body":{"type":"broadcast","message":"12","msg_id":65}}
[RECEIVED] {"id":361,"src":"n2","dest":"n5","body":{"type":"broadcast_ok","in_reply_to":65,"msg_id":90}}
[RECEIVED] {"id":362,"src":"n4","dest":"n5","body":{"type":"broadcast_ok","in_reply_to":65,"msg_id":69}}
[MATCH] UnknownBody
[MATCH] UnknownBody
[RECEIVED] {"id":364,"src":"n2","dest":"n5","body":{"type":"broadcast","message":"12","msg_id":90}}
[RECEIVED] {"id":365,"src":"n2","dest":"n5","body":{"type":"broadcast","message":"12","msg_id":91}}
[MATCH] BroadcastBody
[MATCH] BroadcastBody
[BROADCAST RESPONSE] {"src":"n5","dest":"n2","body":{"type":"broadcast_ok","in_reply_to":90,"msg_id":68}}
[BROADCAST RESPONSE] {"src":"n5","dest":"n2","body":{"type":"broadcast_ok","in_reply_to":91,"msg_id":69}}
[RECEIVED] {"id":380,"src":"c14","dest":"n5","body":{"type":"broadcast","message":13,"msg_id":4}}
[MATCH] BroadcastBody
[BROADCAST RESPONSE] {"src":"n5","dest":"c14","body":{"type":"broadcast_ok","in_reply_to":4,"msg_id":70}}
[INSIDE BROADCAST LOOP]
[BROADCAST REQUEST] {"id":0,"src":"n5","dest":"n2","body":{"type":"broadcast","message":"13","msg_id":70}}
[BROADCAST REQUEST] {"id":0,"src":"n5","dest":"n4","body":{"type":"broadcast","message":"13","msg_id":70}}
[RECEIVED] {"id":384,"src":"n2","dest":"n5","body":{"type":"broadcast_ok","in_reply_to":70,"msg_id":100}}
[MATCH] UnknownBody
[RECEIVED] {"id":385,"src":"n4","dest":"n5","body":{"type":"broadcast_ok","in_reply_to":70,"msg_id":70}}
[MATCH] UnknownBody
[RECEIVED] {"id":386,"src":"n2","dest":"n5","body":{"type":"broadcast","message":"13","msg_id":100}}
[MATCH] BroadcastBody
[BROADCAST RESPONSE] {"src":"n5","dest":"n2","body":{"type":"broadcast_ok","in_reply_to":100,"msg_id":73}}
[RECEIVED] {"id":389,"src":"n4","dest":"n5","body":{"type":"broadcast","message":"13","msg_id":70}}
[MATCH] BroadcastBody
[BROADCAST RESPONSE] {"src":"n5","dest":"n4","body":{"type":"broadcast_ok","in_reply_to":70,"msg_id":74}}
[RECEIVED] {"id":412,"src":"n2","dest":"n5","body":{"type":"broadcast","message":"14","msg_id":107}}
[MATCH] BroadcastBody
[RECEIVED] {"id":414,"src":"n4","dest":"n5","body":{"type":"broadcast","message":"14","msg_id":75}}
[BROADCAST RESPONSE] {"src":"n5","dest":"n2","body":{"type":"broadcast_ok","in_reply_to":107,"msg_id":75}}
[MATCH] BroadcastBody
[INSIDE BROADCAST LOOP]
[BROADCAST RESPONSE] {"src":"n5","dest":"n4","body":{"type":"broadcast_ok","in_reply_to":75,"msg_id":76}}
[BROADCAST REQUEST] {"id":0,"src":"n5","dest":"n2","body":{"type":"broadcast","message":"14","msg_id":75}}
[INSIDE BROADCAST LOOP]
[BROADCAST REQUEST] {"id":0,"src":"n5","dest":"n4","body":{"type":"broadcast","message":"14","msg_id":75}}
[BROADCAST REQUEST] {"id":0,"src":"n5","dest":"n2","body":{"type":"broadcast","message":"14","msg_id":76}}
[BROADCAST REQUEST] {"id":0,"src":"n5","dest":"n4","body":{"type":"broadcast","message":"14","msg_id":76}}
[RECEIVED] {"id":427,"src":"n2","dest":"n5","body":{"type":"broadcast_ok","in_reply_to":75,"msg_id":111}}
[MATCH] UnknownBody
[RECEIVED] {"id":429,"src":"n4","dest":"n5","body":{"type":"broadcast_ok","in_reply_to":75,"msg_id":78}}
[MATCH] UnknownBody
[RECEIVED] {"id":430,"src":"n2","dest":"n5","body":{"type":"broadcast_ok","in_reply_to":76,"msg_id":113}}
[RECEIVED] {"id":431,"src":"n4","dest":"n5","body":{"type":"broadcast_ok","in_reply_to":76,"msg_id":79}}
[MATCH] UnknownBody
[MATCH] UnknownBody
[RECEIVED] {"id":440,"src":"n2","dest":"n5","body":{"type":"broadcast","message":"15","msg_id":115}}
[MATCH] BroadcastBody
[BROADCAST RESPONSE] {"src":"n5","dest":"n2","body":{"type":"broadcast_ok","in_reply_to":115,"msg_id":81}}
[INSIDE BROADCAST LOOP]
[BROADCAST REQUEST] {"id":0,"src":"n5","dest":"n2","body":{"type":"broadcast","message":"15","msg_id":81}}
[BROADCAST REQUEST] {"id":0,"src":"n5","dest":"n4","body":{"type":"broadcast","message":"15","msg_id":81}}
[RECEIVED] {"id":450,"src":"n2","dest":"n5","body":{"type":"broadcast_ok","in_reply_to":81,"msg_id":119}}
[MATCH] UnknownBody
[RECEIVED] {"id":451,"src":"n4","dest":"n5","body":{"type":"broadcast_ok","in_reply_to":81,"msg_id":80}}
[MATCH] UnknownBody
[RECEIVED] {"id":456,"src":"n4","dest":"n5","body":{"type":"broadcast","message":"15","msg_id":80}}
[RECEIVED] {"id":457,"src":"n4","dest":"n5","body":{"type":"broadcast","message":"15","msg_id":81}}
[MATCH] BroadcastBody
[MATCH] BroadcastBody
[BROADCAST RESPONSE] {"src":"n5","dest":"n4","body":{"type":"broadcast_ok","in_reply_to":80,"msg_id":84}}
[BROADCAST RESPONSE] {"src":"n5","dest":"n4","body":{"type":"broadcast_ok","in_reply_to":81,"msg_id":85}}
[RECEIVED] {"id":465,"src":"n4","dest":"n5","body":{"type":"broadcast","message":"16","msg_id":86}}
[MATCH] BroadcastBody
[BROADCAST RESPONSE] {"src":"n5","dest":"n4","body":{"type":"broadcast_ok","in_reply_to":86,"msg_id":86}}
[INSIDE BROADCAST LOOP]
[BROADCAST REQUEST] {"id":0,"src":"n5","dest":"n2","body":{"type":"broadcast","message":"16","msg_id":86}}
[BROADCAST REQUEST] {"id":0,"src":"n5","dest":"n4","body":{"type":"broadcast","message":"16","msg_id":86}}
[RECEIVED] {"id":469,"src":"n2","dest":"n5","body":{"type":"broadcast_ok","in_reply_to":86,"msg_id":121}}
[RECEIVED] {"id":470,"src":"n4","dest":"n5","body":{"type":"broadcast_ok","in_reply_to":86,"msg_id":88}}
[MATCH] UnknownBody
[MATCH] UnknownBody
[RECEIVED] {"id":475,"src":"n2","dest":"n5","body":{"type":"broadcast","message":"16","msg_id":121}}
[MATCH] BroadcastBody
[BROADCAST RESPONSE] {"src":"n5","dest":"n2","body":{"type":"broadcast_ok","in_reply_to":121,"msg_id":89}}
[RECEIVED] {"id":484,"src":"c14","dest":"n5","body":{"type":"read","msg_id":5}}
[MATCH] ReadBody
[READ RESPONSE] {"src":"n5","dest":"c14","body":{"type":"read_ok","messages":["16","16","15","15","15","14","14","13","13","13","12","12","12","11","10","10","11","9","9","9","8","8","8","7","7","7","6","6","5","5","5","4","4","4","3","3","3","2","2","1","1","1","0","0"],"in_reply_to":5,"msg_id":90}}
[RECEIVED] {"id":492,"src":"n2","dest":"n5","body":{"type":"broadcast","message":"17","msg_id":127}}
[MATCH] BroadcastBody
[BROADCAST RESPONSE] {"src":"n5","dest":"n2","body":{"type":"broadcast_ok","in_reply_to":127,"msg_id":91}}
[INSIDE BROADCAST LOOP]
[BROADCAST REQUEST] {"id":0,"src":"n5","dest":"n2","body":{"type":"broadcast","message":"17","msg_id":91}}
[BROADCAST REQUEST] {"id":0,"src":"n5","dest":"n4","body":{"type":"broadcast","message":"17","msg_id":91}}
[RECEIVED] {"id":504,"src":"n2","dest":"n5","body":{"type":"broadcast_ok","in_reply_to":91,"msg_id":131}}
[RECEIVED] {"id":505,"src":"n4","dest":"n5","body":{"type":"broadcast_ok","in_reply_to":91,"msg_id":91}}
[MATCH] UnknownBody
[MATCH] UnknownBody
[RECEIVED] {"id":510,"src":"n4","dest":"n5","body":{"type":"broadcast","message":"17","msg_id":91}}
[RECEIVED] {"id":511,"src":"n4","dest":"n5","body":{"type":"broadcast","message":"17","msg_id":92}}
[MATCH] BroadcastBody
[MATCH] BroadcastBody
[BROADCAST RESPONSE] {"src":"n5","dest":"n4","body":{"type":"broadcast_ok","in_reply_to":91,"msg_id":94}}
[BROADCAST RESPONSE] {"src":"n5","dest":"n4","body":{"type":"broadcast_ok","in_reply_to":92,"msg_id":95}}
[RECEIVED] {"id":520,"src":"c14","dest":"n5","body":{"type":"broadcast","message":18,"msg_id":6}}
[MATCH] BroadcastBody
[BROADCAST RESPONSE] {"src":"n5","dest":"c14","body":{"type":"broadcast_ok","in_reply_to":6,"msg_id":96}}
[INSIDE BROADCAST LOOP]
[BROADCAST REQUEST] {"id":0,"src":"n5","dest":"n2","body":{"type":"broadcast","message":"18","msg_id":96}}
[BROADCAST REQUEST] {"id":0,"src":"n5","dest":"n4","body":{"type":"broadcast","message":"18","msg_id":96}}
[RECEIVED] {"id":524,"src":"n2","dest":"n5","body":{"type":"broadcast_ok","in_reply_to":96,"msg_id":134}}
[RECEIVED] {"id":525,"src":"n4","dest":"n5","body":{"type":"broadcast_ok","in_reply_to":96,"msg_id":98}}
[RECEIVED] {"id":526,"src":"n2","dest":"n5","body":{"type":"broadcast","message":"18","msg_id":134}}
[MATCH] UnknownBody
[MATCH] UnknownBody
[MATCH] BroadcastBody
[BROADCAST RESPONSE] {"src":"n5","dest":"n2","body":{"type":"broadcast_ok","in_reply_to":134,"msg_id":99}}
[RECEIVED] {"id":530,"src":"n4","dest":"n5","body":{"type":"broadcast","message":"18","msg_id":98}}
[MATCH] BroadcastBody
[BROADCAST RESPONSE] {"src":"n5","dest":"n4","body":{"type":"broadcast_ok","in_reply_to":98,"msg_id":100}}
[RECEIVED] {"id":555,"src":"n2","dest":"n5","body":{"type":"broadcast","message":"19","msg_id":141}}
[RECEIVED] {"id":556,"src":"n4","dest":"n5","body":{"type":"broadcast","message":"19","msg_id":103}}
[MATCH] BroadcastBody
[MATCH] BroadcastBody
[BROADCAST RESPONSE] {"src":"n5","dest":"n2","body":{"type":"broadcast_ok","in_reply_to":141,"msg_id":101}}
[BROADCAST RESPONSE] {"src":"n5","dest":"n4","body":{"type":"broadcast_ok","in_reply_to":103,"msg_id":102}}
[INSIDE BROADCAST LOOP]
[INSIDE BROADCAST LOOP]
[BROADCAST REQUEST] {"id":0,"src":"n5","dest":"n2","body":{"type":"broadcast","message":"19","msg_id":101}}
[BROADCAST REQUEST] {"id":0,"src":"n5","dest":"n2","body":{"type":"broadcast","message":"19","msg_id":102}}
[BROADCAST REQUEST] {"id":0,"src":"n5","dest":"n4","body":{"type":"broadcast","message":"19","msg_id":101}}
[BROADCAST REQUEST] {"id":0,"src":"n5","dest":"n4","body":{"type":"broadcast","message":"19","msg_id":102}}
[RECEIVED] {"id":569,"src":"n2","dest":"n5","body":{"type":"broadcast_ok","in_reply_to":101,"msg_id":144}}
[RECEIVED] {"id":570,"src":"n2","dest":"n5","body":{"type":"broadcast_ok","in_reply_to":102,"msg_id":145}}
[MATCH] UnknownBody
[MATCH] UnknownBody
[RECEIVED] {"id":572,"src":"n4","dest":"n5","body":{"type":"broadcast_ok","in_reply_to":101,"msg_id":106}}
[RECEIVED] {"id":573,"src":"n4","dest":"n5","body":{"type":"broadcast_ok","in_reply_to":102,"msg_id":107}}
[MATCH] UnknownBody
[MATCH] UnknownBody
[RECEIVED] {"id":580,"src":"n2","dest":"n5","body":{"type":"broadcast","message":"20","msg_id":149}}
[MATCH] BroadcastBody
[BROADCAST RESPONSE] {"src":"n5","dest":"n2","body":{"type":"broadcast_ok","in_reply_to":149,"msg_id":107}}
[INSIDE BROADCAST LOOP]
[BROADCAST REQUEST] {"id":0,"src":"n5","dest":"n2","body":{"type":"broadcast","message":"20","msg_id":107}}
[BROADCAST REQUEST] {"id":0,"src":"n5","dest":"n4","body":{"type":"broadcast","message":"20","msg_id":107}}
[RECEIVED] {"id":590,"src":"n2","dest":"n5","body":{"type":"broadcast_ok","in_reply_to":107,"msg_id":152}}
[RECEIVED] {"id":591,"src":"n4","dest":"n5","body":{"type":"broadcast_ok","in_reply_to":107,"msg_id":108}}
[MATCH] UnknownBody
[MATCH] UnknownBody
[RECEIVED] {"id":596,"src":"n4","dest":"n5","body":{"type":"broadcast","message":"20","msg_id":108}}
[RECEIVED] {"id":597,"src":"n4","dest":"n5","body":{"type":"broadcast","message":"20","msg_id":109}}
[MATCH] BroadcastBody
[MATCH] BroadcastBody
[BROADCAST RESPONSE] {"src":"n5","dest":"n4","body":{"type":"broadcast_ok","in_reply_to":108,"msg_id":110}}
[BROADCAST RESPONSE] {"src":"n5","dest":"n4","body":{"type":"broadcast_ok","in_reply_to":109,"msg_id":111}}
[RECEIVED] {"id":605,"src":"n4","dest":"n5","body":{"type":"broadcast","message":"21","msg_id":114}}
[MATCH] BroadcastBody
[BROADCAST RESPONSE] {"src":"n5","dest":"n4","body":{"type":"broadcast_ok","in_reply_to":114,"msg_id":112}}
[INSIDE BROADCAST LOOP]
[BROADCAST REQUEST] {"id":0,"src":"n5","dest":"n2","body":{"type":"broadcast","message":"21","msg_id":112}}
[BROADCAST REQUEST] {"id":0,"src":"n5","dest":"n4","body":{"type":"broadcast","message":"21","msg_id":112}}
[RECEIVED] {"id":612,"src":"n2","dest":"n5","body":{"type":"broadcast_ok","in_reply_to":112,"msg_id":155}}
[MATCH] UnknownBody
[RECEIVED] {"id":616,"src":"n4","dest":"n5","body":{"type":"broadcast_ok","in_reply_to":112,"msg_id":118}}
[RECEIVED] {"id":615,"src":"n2","dest":"n5","body":{"type":"broadcast","message":"21","msg_id":155}}
[RECEIVED] {"id":617,"src":"n2","dest":"n5","body":{"type":"broadcast","message":"21","msg_id":156}}
[MATCH] UnknownBody
[MATCH] BroadcastBody
[MATCH] BroadcastBody
[BROADCAST RESPONSE] {"src":"n5","dest":"n2","body":{"type":"broadcast_ok","in_reply_to":155,"msg_id":115}}
[BROADCAST RESPONSE] {"src":"n5","dest":"n2","body":{"type":"broadcast_ok","in_reply_to":156,"msg_id":116}}
[RECEIVED] {"id":632,"src":"c14","dest":"n5","body":{"type":"broadcast","message":22,"msg_id":7}}
[MATCH] BroadcastBody
[BROADCAST RESPONSE] {"src":"n5","dest":"c14","body":{"type":"broadcast_ok","in_reply_to":7,"msg_id":117}}
[INSIDE BROADCAST LOOP]
[BROADCAST REQUEST] {"id":0,"src":"n5","dest":"n2","body":{"type":"broadcast","message":"22","msg_id":117}}
[BROADCAST REQUEST] {"id":0,"src":"n5","dest":"n4","body":{"type":"broadcast","message":"22","msg_id":117}}
[RECEIVED] {"id":636,"src":"n2","dest":"n5","body":{"type":"broadcast_ok","in_reply_to":117,"msg_id":165}}
[MATCH] UnknownBody
[RECEIVED] {"id":637,"src":"n2","dest":"n5","body":{"type":"broadcast","message":"22","msg_id":165}}
[RECEIVED] {"id":638,"src":"n4","dest":"n5","body":{"type":"broadcast_ok","in_reply_to":117,"msg_id":119}}
[MATCH] BroadcastBody
[MATCH] UnknownBody
[BROADCAST RESPONSE] {"src":"n5","dest":"n2","body":{"type":"broadcast_ok","in_reply_to":165,"msg_id":119}}
[RECEIVED] {"id":643,"src":"n4","dest":"n5","body":{"type":"broadcast","message":"22","msg_id":119}}
[MATCH] BroadcastBody
[BROADCAST RESPONSE] {"src":"n5","dest":"n4","body":{"type":"broadcast_ok","in_reply_to":119,"msg_id":121}}
[RECEIVED] {"id":665,"src":"n2","dest":"n5","body":{"type":"broadcast","message":"23","msg_id":172}}
[RECEIVED] {"id":666,"src":"n4","dest":"n5","body":{"type":"broadcast","message":"23","msg_id":124}}
[MATCH] BroadcastBody
[MATCH] BroadcastBody
[BROADCAST RESPONSE] {"src":"n5","dest":"n2","body":{"type":"broadcast_ok","in_reply_to":172,"msg_id":122}}
[BROADCAST RESPONSE] {"src":"n5","dest":"n4","body":{"type":"broadcast_ok","in_reply_to":124,"msg_id":123}}
[INSIDE BROADCAST LOOP]
[INSIDE BROADCAST LOOP]
[BROADCAST REQUEST] {"id":0,"src":"n5","dest":"n2","body":{"type":"broadcast","message":"23","msg_id":122}}
[BROADCAST REQUEST] {"id":0,"src":"n5","dest":"n2","body":{"type":"broadcast","message":"23","msg_id":123}}
[BROADCAST REQUEST] {"id":0,"src":"n5","dest":"n4","body":{"type":"broadcast","message":"23","msg_id":122}}
[BROADCAST REQUEST] {"id":0,"src":"n5","dest":"n4","body":{"type":"broadcast","message":"23","msg_id":123}}
[RECEIVED] {"id":679,"src":"n2","dest":"n5","body":{"type":"broadcast_ok","in_reply_to":122,"msg_id":175}}
[RECEIVED] {"id":680,"src":"n2","dest":"n5","body":{"type":"broadcast_ok","in_reply_to":123,"msg_id":176}}
[MATCH] UnknownBody
[MATCH] UnknownBody
[RECEIVED] {"id":681,"src":"n4","dest":"n5","body":{"type":"broadcast_ok","in_reply_to":122,"msg_id":127}}
[RECEIVED] {"id":683,"src":"n4","dest":"n5","body":{"type":"broadcast_ok","in_reply_to":123,"msg_id":128}}
[MATCH] UnknownBody
[MATCH] UnknownBody
[RECEIVED] {"id":693,"src":"n4","dest":"n5","body":{"type":"broadcast","message":"24","msg_id":129}}
[MATCH] BroadcastBody
[BROADCAST RESPONSE] {"src":"n5","dest":"n4","body":{"type":"broadcast_ok","in_reply_to":129,"msg_id":128}}
[INSIDE BROADCAST LOOP]
[BROADCAST REQUEST] {"id":0,"src":"n5","dest":"n2","body":{"type":"broadcast","message":"24","msg_id":128}}
[BROADCAST REQUEST] {"id":0,"src":"n5","dest":"n4","body":{"type":"broadcast","message":"24","msg_id":128}}
[RECEIVED] {"id":700,"src":"n4","dest":"n5","body":{"type":"broadcast_ok","in_reply_to":128,"msg_id":132}}
[RECEIVED] {"id":701,"src":"n2","dest":"n5","body":{"type":"broadcast_ok","in_reply_to":128,"msg_id":180}}
[RECEIVED] {"id":702,"src":"n2","dest":"n5","body":{"type":"broadcast","message":"24","msg_id":180}}
[MATCH] UnknownBody
[MATCH] UnknownBody
[MATCH] BroadcastBody
[BROADCAST RESPONSE] {"src":"n5","dest":"n2","body":{"type":"broadcast_ok","in_reply_to":180,"msg_id":131}}
[RECEIVED] {"id":707,"src":"n2","dest":"n5","body":{"type":"broadcast","message":"24","msg_id":181}}
[MATCH] BroadcastBody
[BROADCAST RESPONSE] {"src":"n5","dest":"n2","body":{"type":"broadcast_ok","in_reply_to":181,"msg_id":132}}
[RECEIVED] {"id":718,"src":"c14","dest":"n5","body":{"type":"read","msg_id":8}}
[MATCH] ReadBody
[READ RESPONSE] {"src":"n5","dest":"c14","body":{"type":"read_ok","messages":["24","24","24","23","23","22","22","22","21","21","21","20","20","20","19","19","18","18","18","17","17","17","16","16","15","15","15","14","14","13","13","13","12","12","12","11","10","10","11","9","9","9","8","8","8","7","7","7","6","6","5","5","5","4","4","4","3","3","3","2","2","1","1","1","0","0"],"in_reply_to":8,"msg_id":133}}
[RECEIVED] {"id":727,"src":"n2","dest":"n5","body":{"type":"broadcast","message":"25","msg_id":189}}
[RECEIVED] {"id":728,"src":"n4","dest":"n5","body":{"type":"broadcast","message":"25","msg_id":134}}
[MATCH] BroadcastBody
[MATCH] BroadcastBody
[BROADCAST RESPONSE] {"src":"n5","dest":"n2","body":{"type":"broadcast_ok","in_reply_to":189,"msg_id":134}}
[BROADCAST RESPONSE] {"src":"n5","dest":"n4","body":{"type":"broadcast_ok","in_reply_to":134,"msg_id":135}}
[INSIDE BROADCAST LOOP]
[INSIDE BROADCAST LOOP]
[BROADCAST REQUEST] {"id":0,"src":"n5","dest":"n2","body":{"type":"broadcast","message":"25","msg_id":134}}
[BROADCAST REQUEST] {"id":0,"src":"n5","dest":"n2","body":{"type":"broadcast","message":"25","msg_id":135}}
[BROADCAST REQUEST] {"id":0,"src":"n5","dest":"n4","body":{"type":"broadcast","message":"25","msg_id":134}}
[BROADCAST REQUEST] {"id":0,"src":"n5","dest":"n4","body":{"type":"broadcast","message":"25","msg_id":135}}
[RECEIVED] {"id":741,"src":"n2","dest":"n5","body":{"type":"broadcast_ok","in_reply_to":134,"msg_id":193}}
[RECEIVED] {"id":742,"src":"n2","dest":"n5","body":{"type":"broadcast_ok","in_reply_to":135,"msg_id":194}}
[MATCH] UnknownBody
[MATCH] UnknownBody
[RECEIVED] {"id":743,"src":"n4","dest":"n5","body":{"type":"broadcast_ok","in_reply_to":134,"msg_id":137}}
[RECEIVED] {"id":745,"src":"n4","dest":"n5","body":{"type":"broadcast_ok","in_reply_to":135,"msg_id":138}}
[MATCH] UnknownBody
[MATCH] UnknownBody
[RECEIVED] {"id":753,"src":"n4","dest":"n5","body":{"type":"broadcast","message":"26","msg_id":139}}
[MATCH] BroadcastBody
[RECEIVED] {"id":754,"src":"n2","dest":"n5","body":{"type":"broadcast","message":"26","msg_id":196}}
[BROADCAST RESPONSE] {"src":"n5","dest":"n4","body":{"type":"broadcast_ok","in_reply_to":139,"msg_id":140}}
[MATCH] BroadcastBody
[BROADCAST RESPONSE] {"src":"n5","dest":"n2","body":{"type":"broadcast_ok","in_reply_to":196,"msg_id":141}}
[INSIDE BROADCAST LOOP]
[BROADCAST REQUEST] {"id":0,"src":"n5","dest":"n2","body":{"type":"broadcast","message":"26","msg_id":140}}
[INSIDE BROADCAST LOOP]
[BROADCAST REQUEST] {"id":0,"src":"n5","dest":"n2","body":{"type":"broadcast","message":"26","msg_id":141}}
[BROADCAST REQUEST] {"id":0,"src":"n5","dest":"n4","body":{"type":"broadcast","message":"26","msg_id":140}}
[BROADCAST REQUEST] {"id":0,"src":"n5","dest":"n4","body":{"type":"broadcast","message":"26","msg_id":141}}
[RECEIVED] {"id":768,"src":"n2","dest":"n5","body":{"type":"broadcast_ok","in_reply_to":140,"msg_id":201}}
[RECEIVED] {"id":769,"src":"n2","dest":"n5","body":{"type":"broadcast_ok","in_reply_to":141,"msg_id":202}}
[MATCH] UnknownBody
[MATCH] UnknownBody
[RECEIVED] {"id":770,"src":"n4","dest":"n5","body":{"type":"broadcast_ok","in_reply_to":140,"msg_id":142}}
[RECEIVED] {"id":771,"src":"n4","dest":"n5","body":{"type":"broadcast_ok","in_reply_to":141,"msg_id":143}}
[MATCH] UnknownBody
[MATCH] UnknownBody
[RECEIVED] {"id":774,"src":"n2","dest":"n5","body":{"type":"broadcast","message":"27","msg_id":203}}
[MATCH] BroadcastBody
[BROADCAST RESPONSE] {"src":"n5","dest":"n2","body":{"type":"broadcast_ok","in_reply_to":203,"msg_id":146}}
[INSIDE BROADCAST LOOP]
[BROADCAST REQUEST] {"id":0,"src":"n5","dest":"n2","body":{"type":"broadcast","message":"27","msg_id":146}}
[BROADCAST REQUEST] {"id":0,"src":"n5","dest":"n4","body":{"type":"broadcast","message":"27","msg_id":146}}
[RECEIVED] {"id":785,"src":"n2","dest":"n5","body":{"type":"broadcast_ok","in_reply_to":146,"msg_id":206}}
[RECEIVED] {"id":786,"src":"n4","dest":"n5","body":{"type":"broadcast_ok","in_reply_to":146,"msg_id":144}}
[MATCH] UnknownBody
[MATCH] UnknownBody
[RECEIVED] {"id":791,"src":"n4","dest":"n5","body":{"type":"broadcast","message":"27","msg_id":144}}
[MATCH] BroadcastBody
[BROADCAST RESPONSE] {"src":"n5","dest":"n4","body":{"type":"broadcast_ok","in_reply_to":144,"msg_id":149}}
[RECEIVED] {"id":793,"src":"n4","dest":"n5","body":{"type":"broadcast","message":"27","msg_id":145}}
[MATCH] BroadcastBody
[BROADCAST RESPONSE] {"src":"n5","dest":"n4","body":{"type":"broadcast_ok","in_reply_to":145,"msg_id":150}}
[RECEIVED] {"id":804,"src":"c14","dest":"n5","body":{"type":"read","msg_id":9}}
[MATCH] ReadBody
[READ RESPONSE] {"src":"n5","dest":"c14","body":{"type":"read_ok","messages":["27","27","27","26","26","25","25","24","24","24","23","23","22","22","22","21","21","21","20","20","20","19","19","18","18","18","17","17","17","16","16","15","15","15","14","14","13","13","13","12","12","12","11","10","10","11","9","9","9","8","8","8","7","7","7","6","6","5","5","5","4","4","4","3","3","3","2","2","1","1","1","0","0"],"in_reply_to":9,"msg_id":151}}
