2025-06-02 13:39:37,686{GMT}	INFO	[jepsen test runner] jepsen.core: Test version 979cec7719eb53217b758a589bde94e8412a4326 (plus uncommitted changes)
2025-06-02 13:39:37,686{GMT}	INFO	[jepsen test runner] jepsen.core: Command line:
lein run test -w echo --bin self/server/_build/default/bin/main.exe --time-limit 20 --rate 10
2025-06-02 13:39:37,710{GMT}	INFO	[jepsen test runner] jepsen.core: Running test:
{:args []
 :remote
 #jepsen.control.retry.Remote{:remote #jepsen.control.scp.Remote{:cmd-remote #jepsen.control.sshj.SSHJRemote{:concurrency-limit 6,
                                                                                                             :conn-spec nil,
                                                                                                             :client nil,
                                                                                                             :semaphore nil},
                                                                 :conn-spec nil},
                              :conn nil}
 :log-net-send false
 :node-count nil
 :availability nil
 :max-txn-length 4
 :concurrency 5
 :db
 #object[maelstrom.db$db$reify__16612
         "0x5233b7ad"
         "maelstrom.db$db$reify__16612@5233b7ad"]
 :max-writes-per-key 16
 :leave-db-running? false
 :name "echo"
 :logging-json? false
 :start-time
 #object[org.joda.time.DateTime "0x5a69f1ef" "2025-06-02T13:39:37.656-04:00"]
 :nemesis-interval 10
 :net
 #object[maelstrom.net$jepsen_net$reify__15721
         "0x54fd5f6"
         "maelstrom.net$jepsen_net$reify__15721@54fd5f6"]
 :client
 #object[maelstrom.workload.echo$client$reify__17402
         "0x219aab91"
         "maelstrom.workload.echo$client$reify__17402@219aab91"]
 :barrier
 #object[java.util.concurrent.CyclicBarrier
         "0x71737478"
         "java.util.concurrent.CyclicBarrier@71737478"]
 :log-stderr false
 :pure-generators true
 :ssh {:dummy? true}
 :rate 10.0
 :checker
 #object[jepsen.checker$compose$reify__11089
         "0x64001530"
         "jepsen.checker$compose$reify__11089@64001530"]
 :argv
 ("test"
  "-w"
  "echo"
  "--bin"
  "self/server/_build/default/bin/main.exe"
  "--time-limit"
  "20"
  "--rate"
  "10")
 :nemesis
 (jepsen.nemesis.ReflCompose
  {:fm {:start-partition 0,
        :stop-partition 0,
        :kill 1,
        :start 1,
        :pause 1,
        :resume 1},
   :nemeses [#unprintable "jepsen.nemesis.combined$partition_nemesis$reify__16905@1f9b8c23"
             #unprintable "jepsen.nemesis.combined$db_nemesis$reify__16886@6b297a62"]})
 :nodes ["n1" "n2" "n3" "n4" "n5"]
 :test-count 1
 :latency {:mean 0, :dist :constant}
 :bin "self/server/_build/default/bin/main.exe"
 :generator
 #object[jepsen.util.Forgettable
         "0x7f913c47"
         (jepsen.generator.TimeLimit
          {:limit 20000000000,
           :cutoff nil,
           :gen (jepsen.generator.Any
                 {:gens [(jepsen.generator.OnThreads
                          {:f #{:nemesis},
                           :context-filter #object[jepsen.generator.context$make_thread_filter$lazy_filter__12077
                                                   "0x5f04449a"
                                                   "jepsen.generator.context$make_thread_filter$lazy_filter__12077@5f04449a"],
                           :gen nil})
                         (jepsen.generator.OnThreads
                          {:f #jepsen.generator.context.AllBut{:element :nemesis},
                           :context-filter #object[jepsen.generator.context$make_thread_filter$lazy_filter__12077
                                                   "0x5634c26c"
                                                   "jepsen.generator.context$make_thread_filter$lazy_filter__12077@5634c26c"],
                           :gen (jepsen.generator.Stagger
                                 {:dt 200000000,
                                  :next-time nil,
                                  :gen (jepsen.generator.EachThread
                                        {:fresh-gen #object[maelstrom.workload.echo$workload$fn__17421
                                                            "0x37a5ac85"
                                                            "maelstrom.workload.echo$workload$fn__17421@37a5ac85"],
                                         :context-filters #object[clojure.core$promise$reify__8621
                                                                  "0x5d4f0fd5"
                                                                  {:status :pending,
                                                                   :val nil}],
                                         :gens {}})})})]})})]
 :log-net-recv false
 :os
 #object[maelstrom.net$jepsen_os$reify__15724
         "0x2092b072"
         "maelstrom.net$jepsen_os$reify__15724@2092b072"]
 :time-limit 20
 :workload :echo
 :consistency-models [:strict-serializable]
 :topology :grid}

