[RECEIVED] {"id":0,"src":"c0","dest":"n4","body":{"type":"init","node_id":"n4","node_ids":["n1","n2","n3","n4","n5"],"msg_id":1}}
[MATCH] InitBody
Initialized node n4
Init send {"src":"n4","dest":"c0","body":{"type":"init_ok","in_reply_to":1,"msg_id":0}}
[RECEIVED] {"id":10,"src":"c8","dest":"n4","body":{"type":"topology","topology":{"n1":["n4","n2"],"n2":["n5","n3","n1"],"n3":["n2"],"n4":["n1","n5"],"n5":["n2","n4"]},"msg_id":1}}
[MATCH] TopologyBody
[TOPOLOGY RESPONSE] {"src":"n4","dest":"c8","body":{"type":"topology_ok","in_reply_to":1,"msg_id":1}}
[RECEIVED] {"id":21,"src":"n1","dest":"n4","body":{"type":"broadcast","message":"0","msg_id":null}}
[MATCH] BroadcastBody
[INSIDE BROADCAST LOOP]
[BROADCAST REQUEST] {"id":0,"src":"n4","dest":"n1","body":{"type":"broadcast","message":"0","msg_id":null}}
[BROADCAST REQUEST] {"id":0,"src":"n4","dest":"n5","body":{"type":"broadcast","message":"0","msg_id":null}}
[BROADCAST RESPONSE] {"src":"n4","dest":"n1","body":{"type":"broadcast_ok","in_reply_to":0,"msg_id":2}}
[RECEIVED] {"id":30,"src":"n5","dest":"n4","body":{"type":"broadcast","message":"0","msg_id":null}}
[MATCH] BroadcastBody
[BROADCAST RESPONSE] {"src":"n4","dest":"n5","body":{"type":"broadcast_ok","in_reply_to":0,"msg_id":3}}
[RECEIVED] {"id":36,"src":"n5","dest":"n4","body":{"type":"broadcast","message":"1","msg_id":null}}
[MATCH] BroadcastBody
[INSIDE BROADCAST LOOP]
[BROADCAST REQUEST] {"id":0,"src":"n4","dest":"n1","body":{"type":"broadcast","message":"1","msg_id":null}}
[BROADCAST REQUEST] {"id":0,"src":"n4","dest":"n5","body":{"type":"broadcast","message":"1","msg_id":null}}
[BROADCAST RESPONSE] {"src":"n4","dest":"n5","body":{"type":"broadcast_ok","in_reply_to":0,"msg_id":4}}
[RECEIVED] {"id":41,"src":"n1","dest":"n4","body":{"type":"broadcast","message":"1","msg_id":null}}
[MATCH] BroadcastBody
[BROADCAST RESPONSE] {"src":"n4","dest":"n1","body":{"type":"broadcast_ok","in_reply_to":0,"msg_id":5}}
[RECEIVED] {"id":46,"src":"c13","dest":"n4","body":{"type":"broadcast","message":2,"msg_id":1}}
[MATCH] BroadcastBody
[INSIDE BROADCAST LOOP]
[BROADCAST REQUEST] {"id":0,"src":"n4","dest":"n1","body":{"type":"broadcast","message":"2","msg_id":null}}
[BROADCAST REQUEST] {"id":0,"src":"n4","dest":"n5","body":{"type":"broadcast","message":"2","msg_id":null}}
[BROADCAST RESPONSE] {"src":"n4","dest":"c13","body":{"type":"broadcast_ok","in_reply_to":1,"msg_id":6}}
[RECEIVED] {"id":50,"src":"n1","dest":"n4","body":{"type":"broadcast","message":"2","msg_id":null}}
[MATCH] BroadcastBody
[BROADCAST RESPONSE] {"src":"n4","dest":"n1","body":{"type":"broadcast_ok","in_reply_to":0,"msg_id":7}}
[RECEIVED] {"id":56,"src":"n5","dest":"n4","body":{"type":"broadcast","message":"2","msg_id":null}}
[MATCH] BroadcastBody
[BROADCAST RESPONSE] {"src":"n4","dest":"n5","body":{"type":"broadcast_ok","in_reply_to":0,"msg_id":8}}
[RECEIVED] {"id":60,"src":"n5","dest":"n4","body":{"type":"broadcast","message":"3","msg_id":null}}
[MATCH] BroadcastBody
[INSIDE BROADCAST LOOP]
[BROADCAST REQUEST] {"id":0,"src":"n4","dest":"n1","body":{"type":"broadcast","message":"3","msg_id":null}}
[BROADCAST REQUEST] {"id":0,"src":"n4","dest":"n5","body":{"type":"broadcast","message":"3","msg_id":null}}
[BROADCAST RESPONSE] {"src":"n4","dest":"n5","body":{"type":"broadcast_ok","in_reply_to":0,"msg_id":9}}
[RECEIVED] {"id":67,"src":"n1","dest":"n4","body":{"type":"broadcast","message":"3","msg_id":null}}
[MATCH] BroadcastBody
[BROADCAST RESPONSE] {"src":"n4","dest":"n1","body":{"type":"broadcast_ok","in_reply_to":0,"msg_id":10}}
[RECEIVED] {"id":71,"src":"n1","dest":"n4","body":{"type":"broadcast","message":"4","msg_id":null}}
[MATCH] BroadcastBody
[INSIDE BROADCAST LOOP]
[BROADCAST REQUEST] {"id":0,"src":"n4","dest":"n1","body":{"type":"broadcast","message":"4","msg_id":null}}
[BROADCAST REQUEST] {"id":0,"src":"n4","dest":"n5","body":{"type":"broadcast","message":"4","msg_id":null}}
[BROADCAST RESPONSE] {"src":"n4","dest":"n1","body":{"type":"broadcast_ok","in_reply_to":0,"msg_id":11}}
[RECEIVED] {"id":80,"src":"n5","dest":"n4","body":{"type":"broadcast","message":"4","msg_id":null}}
[MATCH] BroadcastBody
[BROADCAST RESPONSE] {"src":"n4","dest":"n5","body":{"type":"broadcast_ok","in_reply_to":0,"msg_id":12}}
[RECEIVED] {"id":83,"src":"n1","dest":"n4","body":{"type":"broadcast","message":"5","msg_id":null}}
[MATCH] BroadcastBody
[INSIDE BROADCAST LOOP]
[BROADCAST REQUEST] {"id":0,"src":"n4","dest":"n1","body":{"type":"broadcast","message":"5","msg_id":null}}
[BROADCAST REQUEST] {"id":0,"src":"n4","dest":"n5","body":{"type":"broadcast","message":"5","msg_id":null}}
[BROADCAST RESPONSE] {"src":"n4","dest":"n1","body":{"type":"broadcast_ok","in_reply_to":0,"msg_id":13}}
[RECEIVED] {"id":89,"src":"n5","dest":"n4","body":{"type":"broadcast","message":"5","msg_id":null}}
[MATCH] BroadcastBody
[BROADCAST RESPONSE] {"src":"n4","dest":"n5","body":{"type":"broadcast_ok","in_reply_to":0,"msg_id":14}}
[RECEIVED] {"id":103,"src":"n5","dest":"n4","body":{"type":"broadcast","message":"6","msg_id":null}}
[MATCH] BroadcastBody
[INSIDE BROADCAST LOOP]
[BROADCAST REQUEST] {"id":0,"src":"n4","dest":"n1","body":{"type":"broadcast","message":"6","msg_id":null}}
[BROADCAST REQUEST] {"id":0,"src":"n4","dest":"n5","body":{"type":"broadcast","message":"6","msg_id":null}}
[BROADCAST RESPONSE] {"src":"n4","dest":"n5","body":{"type":"broadcast_ok","in_reply_to":0,"msg_id":15}}
[RECEIVED] {"id":104,"src":"n1","dest":"n4","body":{"type":"broadcast","message":"6","msg_id":null}}
[MATCH] BroadcastBody
[BROADCAST RESPONSE] {"src":"n4","dest":"n1","body":{"type":"broadcast_ok","in_reply_to":0,"msg_id":16}}
[RECEIVED] {"id":108,"src":"c13","dest":"n4","body":{"type":"broadcast","message":7,"msg_id":2}}
[MATCH] BroadcastBody
[INSIDE BROADCAST LOOP]
[BROADCAST REQUEST] {"id":0,"src":"n4","dest":"n1","body":{"type":"broadcast","message":"7","msg_id":null}}
[BROADCAST REQUEST] {"id":0,"src":"n4","dest":"n5","body":{"type":"broadcast","message":"7","msg_id":null}}
[BROADCAST RESPONSE] {"src":"n4","dest":"c13","body":{"type":"broadcast_ok","in_reply_to":2,"msg_id":17}}
[RECEIVED] {"id":112,"src":"n1","dest":"n4","body":{"type":"broadcast","message":"7","msg_id":null}}
[MATCH] BroadcastBody
[BROADCAST RESPONSE] {"src":"n4","dest":"n1","body":{"type":"broadcast_ok","in_reply_to":0,"msg_id":18}}
[RECEIVED] {"id":117,"src":"n5","dest":"n4","body":{"type":"broadcast","message":"7","msg_id":null}}
[MATCH] BroadcastBody
[BROADCAST RESPONSE] {"src":"n4","dest":"n5","body":{"type":"broadcast_ok","in_reply_to":0,"msg_id":19}}
[RECEIVED] {"id":135,"src":"n5","dest":"n4","body":{"type":"broadcast","message":"8","msg_id":null}}
[MATCH] BroadcastBody
[RECEIVED] {"id":136,"src":"n1","dest":"n4","body":{"type":"broadcast","message":"8","msg_id":null}}
[INSIDE BROADCAST LOOP]
[MATCH] BroadcastBody
[BROADCAST REQUEST] {"id":0,"src":"n4","dest":"n1","body":{"type":"broadcast","message":"8","msg_id":null}}
[BROADCAST RESPONSE] {"src":"n4","dest":"n1","body":{"type":"broadcast_ok","in_reply_to":0,"msg_id":21}}
[BROADCAST REQUEST] {"id":0,"src":"n4","dest":"n5","body":{"type":"broadcast","message":"8","msg_id":null}}
[BROADCAST RESPONSE] {"src":"n4","dest":"n5","body":{"type":"broadcast_ok","in_reply_to":0,"msg_id":20}}
[RECEIVED] {"id":140,"src":"c13","dest":"n4","body":{"type":"read","msg_id":3}}
[MATCH] ReadBody
[READ RESPONSE] {"src":"n4","dest":"c13","body":{"type":"read_ok","messages":["0","1","2","3","4","5","6","7","8"],"in_reply_to":3,"msg_id":22}}
[RECEIVED] {"id":144,"src":"n5","dest":"n4","body":{"type":"broadcast","message":"9","msg_id":null}}
[MATCH] BroadcastBody
[INSIDE BROADCAST LOOP]
[BROADCAST REQUEST] {"id":0,"src":"n4","dest":"n1","body":{"type":"broadcast","message":"9","msg_id":null}}
[BROADCAST REQUEST] {"id":0,"src":"n4","dest":"n5","body":{"type":"broadcast","message":"9","msg_id":null}}
[BROADCAST RESPONSE] {"src":"n4","dest":"n5","body":{"type":"broadcast_ok","in_reply_to":0,"msg_id":23}}
[RECEIVED] {"id":152,"src":"n1","dest":"n4","body":{"type":"broadcast","message":"9","msg_id":null}}
[MATCH] BroadcastBody
[BROADCAST RESPONSE] {"src":"n4","dest":"n1","body":{"type":"broadcast_ok","in_reply_to":0,"msg_id":24}}
[RECEIVED] {"id":155,"src":"n1","dest":"n4","body":{"type":"broadcast","message":"10","msg_id":null}}
[MATCH] BroadcastBody
[INSIDE BROADCAST LOOP]
[BROADCAST REQUEST] {"id":0,"src":"n4","dest":"n1","body":{"type":"broadcast","message":"10","msg_id":null}}
[BROADCAST REQUEST] {"id":0,"src":"n4","dest":"n5","body":{"type":"broadcast","message":"10","msg_id":null}}
[BROADCAST RESPONSE] {"src":"n4","dest":"n1","body":{"type":"broadcast_ok","in_reply_to":0,"msg_id":25}}
[RECEIVED] {"id":164,"src":"n5","dest":"n4","body":{"type":"broadcast","message":"10","msg_id":null}}
[MATCH] BroadcastBody
[BROADCAST RESPONSE] {"src":"n4","dest":"n5","body":{"type":"broadcast_ok","in_reply_to":0,"msg_id":26}}
[RECEIVED] {"id":172,"src":"c13","dest":"n4","body":{"type":"read","msg_id":4}}
[MATCH] ReadBody
[READ RESPONSE] {"src":"n4","dest":"c13","body":{"type":"read_ok","messages":["0","1","10","2","3","4","5","6","7","8","9"],"in_reply_to":4,"msg_id":27}}
[RECEIVED] {"id":176,"src":"n5","dest":"n4","body":{"type":"broadcast","message":"11","msg_id":null}}
[MATCH] BroadcastBody
[INSIDE BROADCAST LOOP]
[BROADCAST REQUEST] {"id":0,"src":"n4","dest":"n1","body":{"type":"broadcast","message":"11","msg_id":null}}
[BROADCAST REQUEST] {"id":0,"src":"n4","dest":"n5","body":{"type":"broadcast","message":"11","msg_id":null}}
[BROADCAST RESPONSE] {"src":"n4","dest":"n5","body":{"type":"broadcast_ok","in_reply_to":0,"msg_id":28}}
[RECEIVED] {"id":184,"src":"n1","dest":"n4","body":{"type":"broadcast","message":"11","msg_id":null}}
[MATCH] BroadcastBody
[BROADCAST RESPONSE] {"src":"n4","dest":"n1","body":{"type":"broadcast_ok","in_reply_to":0,"msg_id":29}}
[RECEIVED] {"id":187,"src":"n1","dest":"n4","body":{"type":"broadcast","message":"12","msg_id":null}}
[MATCH] BroadcastBody
[INSIDE BROADCAST LOOP]
[BROADCAST REQUEST] {"id":0,"src":"n4","dest":"n1","body":{"type":"broadcast","message":"12","msg_id":null}}
[BROADCAST REQUEST] {"id":0,"src":"n4","dest":"n5","body":{"type":"broadcast","message":"12","msg_id":null}}
[BROADCAST RESPONSE] {"src":"n4","dest":"n1","body":{"type":"broadcast_ok","in_reply_to":0,"msg_id":30}}
[RECEIVED] {"id":197,"src":"n5","dest":"n4","body":{"type":"broadcast","message":"12","msg_id":null}}
[MATCH] BroadcastBody
[BROADCAST RESPONSE] {"src":"n4","dest":"n5","body":{"type":"broadcast_ok","in_reply_to":0,"msg_id":31}}
[RECEIVED] {"id":199,"src":"n1","dest":"n4","body":{"type":"broadcast","message":"13","msg_id":null}}
[MATCH] BroadcastBody
[INSIDE BROADCAST LOOP]
[BROADCAST REQUEST] {"id":0,"src":"n4","dest":"n1","body":{"type":"broadcast","message":"13","msg_id":null}}
[BROADCAST REQUEST] {"id":0,"src":"n4","dest":"n5","body":{"type":"broadcast","message":"13","msg_id":null}}
[BROADCAST RESPONSE] {"src":"n4","dest":"n1","body":{"type":"broadcast_ok","in_reply_to":0,"msg_id":32}}
[RECEIVED] {"id":209,"src":"n5","dest":"n4","body":{"type":"broadcast","message":"13","msg_id":null}}
[MATCH] BroadcastBody
[BROADCAST RESPONSE] {"src":"n4","dest":"n5","body":{"type":"broadcast_ok","in_reply_to":0,"msg_id":33}}
[RECEIVED] {"id":214,"src":"c13","dest":"n4","body":{"type":"broadcast","message":14,"msg_id":5}}
[MATCH] BroadcastBody
[INSIDE BROADCAST LOOP]
[BROADCAST REQUEST] {"id":0,"src":"n4","dest":"n1","body":{"type":"broadcast","message":"14","msg_id":null}}
[BROADCAST REQUEST] {"id":0,"src":"n4","dest":"n5","body":{"type":"broadcast","message":"14","msg_id":null}}
[BROADCAST RESPONSE] {"src":"n4","dest":"c13","body":{"type":"broadcast_ok","in_reply_to":5,"msg_id":34}}
[RECEIVED] {"id":218,"src":"n1","dest":"n4","body":{"type":"broadcast","message":"14","msg_id":null}}
[MATCH] BroadcastBody
[BROADCAST RESPONSE] {"src":"n4","dest":"n1","body":{"type":"broadcast_ok","in_reply_to":0,"msg_id":35}}
[RECEIVED] {"id":221,"src":"n5","dest":"n4","body":{"type":"broadcast","message":"14","msg_id":null}}
[MATCH] BroadcastBody
[BROADCAST RESPONSE] {"src":"n4","dest":"n5","body":{"type":"broadcast_ok","in_reply_to":0,"msg_id":36}}
[RECEIVED] {"id":228,"src":"n5","dest":"n4","body":{"type":"broadcast","message":"15","msg_id":null}}
[MATCH] BroadcastBody
[INSIDE BROADCAST LOOP]
[BROADCAST REQUEST] {"id":0,"src":"n4","dest":"n1","body":{"type":"broadcast","message":"15","msg_id":null}}
[BROADCAST REQUEST] {"id":0,"src":"n4","dest":"n5","body":{"type":"broadcast","message":"15","msg_id":null}}
[BROADCAST RESPONSE] {"src":"n4","dest":"n5","body":{"type":"broadcast_ok","in_reply_to":0,"msg_id":37}}
[RECEIVED] {"id":235,"src":"n1","dest":"n4","body":{"type":"broadcast","message":"15","msg_id":null}}
[MATCH] BroadcastBody
[BROADCAST RESPONSE] {"src":"n4","dest":"n1","body":{"type":"broadcast_ok","in_reply_to":0,"msg_id":38}}
[RECEIVED] {"id":239,"src":"n1","dest":"n4","body":{"type":"broadcast","message":"16","msg_id":null}}
[MATCH] BroadcastBody
[INSIDE BROADCAST LOOP]
[BROADCAST REQUEST] {"id":0,"src":"n4","dest":"n1","body":{"type":"broadcast","message":"16","msg_id":null}}
[BROADCAST REQUEST] {"id":0,"src":"n4","dest":"n5","body":{"type":"broadcast","message":"16","msg_id":null}}
[BROADCAST RESPONSE] {"src":"n4","dest":"n1","body":{"type":"broadcast_ok","in_reply_to":0,"msg_id":39}}
[RECEIVED] {"id":249,"src":"n5","dest":"n4","body":{"type":"broadcast","message":"16","msg_id":null}}
[MATCH] BroadcastBody
[BROADCAST RESPONSE] {"src":"n4","dest":"n5","body":{"type":"broadcast_ok","in_reply_to":0,"msg_id":40}}
[RECEIVED] {"id":258,"src":"n5","dest":"n4","body":{"type":"broadcast","message":"17","msg_id":null}}
[MATCH] BroadcastBody
[RECEIVED] {"id":259,"src":"n1","dest":"n4","body":{"type":"broadcast","message":"17","msg_id":null}}
[INSIDE BROADCAST LOOP]
[MATCH] BroadcastBody
[BROADCAST REQUEST] {"id":0,"src":"n4","dest":"n1","body":{"type":"broadcast","message":"17","msg_id":null}}
[BROADCAST RESPONSE] {"src":"n4","dest":"n1","body":{"type":"broadcast_ok","in_reply_to":0,"msg_id":42}}
[BROADCAST REQUEST] {"id":0,"src":"n4","dest":"n5","body":{"type":"broadcast","message":"17","msg_id":null}}
[BROADCAST RESPONSE] {"src":"n4","dest":"n5","body":{"type":"broadcast_ok","in_reply_to":0,"msg_id":41}}
[RECEIVED] {"id":266,"src":"c13","dest":"n4","body":{"type":"read","msg_id":6}}
[MATCH] ReadBody
[READ RESPONSE] {"src":"n4","dest":"c13","body":{"type":"read_ok","messages":["0","1","10","11","12","13","14","15","16","17","2","3","4","5","6","7","8","9"],"in_reply_to":6,"msg_id":43}}
[RECEIVED] {"id":271,"src":"n1","dest":"n4","body":{"type":"broadcast","message":"18","msg_id":null}}
[MATCH] BroadcastBody
[INSIDE BROADCAST LOOP]
[BROADCAST REQUEST] {"id":0,"src":"n4","dest":"n1","body":{"type":"broadcast","message":"18","msg_id":null}}
[BROADCAST REQUEST] {"id":0,"src":"n4","dest":"n5","body":{"type":"broadcast","message":"18","msg_id":null}}
[BROADCAST RESPONSE] {"src":"n4","dest":"n1","body":{"type":"broadcast_ok","in_reply_to":0,"msg_id":44}}
[RECEIVED] {"id":280,"src":"n5","dest":"n4","body":{"type":"broadcast","message":"18","msg_id":null}}
[MATCH] BroadcastBody
[BROADCAST RESPONSE] {"src":"n4","dest":"n5","body":{"type":"broadcast_ok","in_reply_to":0,"msg_id":45}}
[RECEIVED] {"id":288,"src":"c13","dest":"n4","body":{"type":"read","msg_id":7}}
[MATCH] ReadBody
[READ RESPONSE] {"src":"n4","dest":"c13","body":{"type":"read_ok","messages":["0","1","10","11","12","13","14","15","16","17","18","2","3","4","5","6","7","8","9"],"in_reply_to":7,"msg_id":46}}
[RECEIVED] {"id":292,"src":"n5","dest":"n4","body":{"type":"broadcast","message":"19","msg_id":null}}
[MATCH] BroadcastBody
[INSIDE BROADCAST LOOP]
[BROADCAST REQUEST] {"id":0,"src":"n4","dest":"n1","body":{"type":"broadcast","message":"19","msg_id":null}}
[BROADCAST REQUEST] {"id":0,"src":"n4","dest":"n5","body":{"type":"broadcast","message":"19","msg_id":null}}
[BROADCAST RESPONSE] {"src":"n4","dest":"n5","body":{"type":"broadcast_ok","in_reply_to":0,"msg_id":47}}
[RECEIVED] {"id":299,"src":"n1","dest":"n4","body":{"type":"broadcast","message":"19","msg_id":null}}
[MATCH] BroadcastBody
[BROADCAST RESPONSE] {"src":"n4","dest":"n1","body":{"type":"broadcast_ok","in_reply_to":0,"msg_id":48}}
[RECEIVED] {"id":303,"src":"n1","dest":"n4","body":{"type":"broadcast","message":"20","msg_id":null}}
[MATCH] BroadcastBody
[INSIDE BROADCAST LOOP]
[BROADCAST REQUEST] {"id":0,"src":"n4","dest":"n1","body":{"type":"broadcast","message":"20","msg_id":null}}
[BROADCAST REQUEST] {"id":0,"src":"n4","dest":"n5","body":{"type":"broadcast","message":"20","msg_id":null}}
[BROADCAST RESPONSE] {"src":"n4","dest":"n1","body":{"type":"broadcast_ok","in_reply_to":0,"msg_id":49}}
[RECEIVED] {"id":313,"src":"n5","dest":"n4","body":{"type":"broadcast","message":"20","msg_id":null}}
[MATCH] BroadcastBody
[BROADCAST RESPONSE] {"src":"n4","dest":"n5","body":{"type":"broadcast_ok","in_reply_to":0,"msg_id":50}}
[RECEIVED] {"id":315,"src":"n1","dest":"n4","body":{"type":"broadcast","message":"21","msg_id":null}}
[MATCH] BroadcastBody
[INSIDE BROADCAST LOOP]
[BROADCAST REQUEST] {"id":0,"src":"n4","dest":"n1","body":{"type":"broadcast","message":"21","msg_id":null}}
[BROADCAST REQUEST] {"id":0,"src":"n4","dest":"n5","body":{"type":"broadcast","message":"21","msg_id":null}}
[BROADCAST RESPONSE] {"src":"n4","dest":"n1","body":{"type":"broadcast_ok","in_reply_to":0,"msg_id":51}}
[RECEIVED] {"id":325,"src":"n5","dest":"n4","body":{"type":"broadcast","message":"21","msg_id":null}}
[MATCH] BroadcastBody
[BROADCAST RESPONSE] {"src":"n4","dest":"n5","body":{"type":"broadcast_ok","in_reply_to":0,"msg_id":52}}
[RECEIVED] {"id":333,"src":"n5","dest":"n4","body":{"type":"broadcast","message":"22","msg_id":null}}
[RECEIVED] {"id":334,"src":"n1","dest":"n4","body":{"type":"broadcast","message":"22","msg_id":null}}
[MATCH] BroadcastBody
[MATCH] BroadcastBody
[INSIDE BROADCAST LOOP]
[BROADCAST RESPONSE] {"src":"n4","dest":"n1","body":{"type":"broadcast_ok","in_reply_to":0,"msg_id":54}}
[BROADCAST REQUEST] {"id":0,"src":"n4","dest":"n1","body":{"type":"broadcast","message":"22","msg_id":null}}
[BROADCAST REQUEST] {"id":0,"src":"n4","dest":"n5","body":{"type":"broadcast","message":"22","msg_id":null}}
[BROADCAST RESPONSE] {"src":"n4","dest":"n5","body":{"type":"broadcast_ok","in_reply_to":0,"msg_id":53}}
[RECEIVED] {"id":345,"src":"n5","dest":"n4","body":{"type":"broadcast","message":"23","msg_id":null}}
[RECEIVED] {"id":346,"src":"n1","dest":"n4","body":{"type":"broadcast","message":"23","msg_id":null}}
[MATCH] BroadcastBody
[MATCH] BroadcastBody
[INSIDE BROADCAST LOOP]
[BROADCAST RESPONSE] {"src":"n4","dest":"n1","body":{"type":"broadcast_ok","in_reply_to":0,"msg_id":56}}
[BROADCAST REQUEST] {"id":0,"src":"n4","dest":"n1","body":{"type":"broadcast","message":"23","msg_id":null}}
[BROADCAST REQUEST] {"id":0,"src":"n4","dest":"n5","body":{"type":"broadcast","message":"23","msg_id":null}}
[BROADCAST RESPONSE] {"src":"n4","dest":"n5","body":{"type":"broadcast_ok","in_reply_to":0,"msg_id":55}}
[RECEIVED] {"id":350,"src":"c13","dest":"n4","body":{"type":"read","msg_id":8}}
[MATCH] ReadBody
[READ RESPONSE] {"src":"n4","dest":"c13","body":{"type":"read_ok","messages":["0","1","10","11","12","13","14","15","16","17","18","19","2","20","21","22","23","3","4","5","6","7","8","9"],"in_reply_to":8,"msg_id":57}}
[RECEIVED] {"id":354,"src":"n5","dest":"n4","body":{"type":"broadcast","message":"24","msg_id":null}}
[MATCH] BroadcastBody
[INSIDE BROADCAST LOOP]
[BROADCAST REQUEST] {"id":0,"src":"n4","dest":"n1","body":{"type":"broadcast","message":"24","msg_id":null}}
[BROADCAST REQUEST] {"id":0,"src":"n4","dest":"n5","body":{"type":"broadcast","message":"24","msg_id":null}}
[BROADCAST RESPONSE] {"src":"n4","dest":"n5","body":{"type":"broadcast_ok","in_reply_to":0,"msg_id":58}}
[RECEIVED] {"id":361,"src":"n1","dest":"n4","body":{"type":"broadcast","message":"24","msg_id":null}}
[MATCH] BroadcastBody
[BROADCAST RESPONSE] {"src":"n4","dest":"n1","body":{"type":"broadcast_ok","in_reply_to":0,"msg_id":59}}
[RECEIVED] {"id":367,"src":"n1","dest":"n4","body":{"type":"broadcast","message":"25","msg_id":null}}
[MATCH] BroadcastBody
[INSIDE BROADCAST LOOP]
[BROADCAST REQUEST] {"id":0,"src":"n4","dest":"n1","body":{"type":"broadcast","message":"25","msg_id":null}}
[BROADCAST REQUEST] {"id":0,"src":"n4","dest":"n5","body":{"type":"broadcast","message":"25","msg_id":null}}
[BROADCAST RESPONSE] {"src":"n4","dest":"n1","body":{"type":"broadcast_ok","in_reply_to":0,"msg_id":60}}
[RECEIVED] {"id":377,"src":"n5","dest":"n4","body":{"type":"broadcast","message":"25","msg_id":null}}
[MATCH] BroadcastBody
[BROADCAST RESPONSE] {"src":"n4","dest":"n5","body":{"type":"broadcast_ok","in_reply_to":0,"msg_id":61}}
[RECEIVED] {"id":379,"src":"c13","dest":"n4","body":{"type":"read","msg_id":9}}
[MATCH] ReadBody
[READ RESPONSE] {"src":"n4","dest":"c13","body":{"type":"read_ok","messages":["0","1","10","11","12","13","14","15","16","17","18","19","2","20","21","22","23","24","25","3","4","5","6","7","8","9"],"in_reply_to":9,"msg_id":62}}
