[RECEIVED] {"id":1,"src":"c1","dest":"n5","body":{"type":"init","node_id":"n5","node_ids":["n1","n2","n3","n4","n5"],"msg_id":1}}
[MATCH] InitBody
Initialized node n5
Init send {"src":"n5","dest":"c1","body":{"type":"init_ok","in_reply_to":1,"msg_id":0}}
[RECEIVED] {"id":12,"src":"c9","dest":"n5","body":{"type":"topology","topology":{"n1":["n4","n2"],"n2":["n5","n3","n1"],"n3":["n2"],"n4":["n1","n5"],"n5":["n2","n4"]},"msg_id":1}}
[MATCH] TopologyBody
[TOPOLOGY RESPONSE] {"src":"n5","dest":"c9","body":{"type":"topology_ok","in_reply_to":1,"msg_id":1}}
[RECEIVED] {"id":25,"src":"n2","dest":"n5","body":{"type":"broadcast","message":"0","msg_id":null}}
[MATCH] BroadcastBody
[INSIDE BROADCAST LOOP]
[BROADCAST REQUEST] {"id":0,"src":"n5","dest":"n2","body":{"type":"broadcast","message":"0","msg_id":null}}
[BROADCAST REQUEST] {"id":0,"src":"n5","dest":"n4","body":{"type":"broadcast","message":"0","msg_id":null}}
[BROADCAST RESPONSE] {"src":"n5","dest":"n2","body":{"type":"broadcast_ok","in_reply_to":0,"msg_id":2}}
[RECEIVED] {"id":28,"src":"n4","dest":"n5","body":{"type":"broadcast","message":"0","msg_id":null}}
[MATCH] BroadcastBody
[BROADCAST RESPONSE] {"src":"n5","dest":"n4","body":{"type":"broadcast_ok","in_reply_to":0,"msg_id":3}}
[RECEIVED] {"id":33,"src":"n2","dest":"n5","body":{"type":"broadcast","message":"1","msg_id":null}}
[MATCH] BroadcastBody
[INSIDE BROADCAST LOOP]
[BROADCAST REQUEST] {"id":0,"src":"n5","dest":"n2","body":{"type":"broadcast","message":"1","msg_id":null}}
[BROADCAST REQUEST] {"id":0,"src":"n5","dest":"n4","body":{"type":"broadcast","message":"1","msg_id":null}}
[BROADCAST RESPONSE] {"src":"n5","dest":"n2","body":{"type":"broadcast_ok","in_reply_to":0,"msg_id":4}}
[RECEIVED] {"id":42,"src":"n4","dest":"n5","body":{"type":"broadcast","message":"1","msg_id":null}}
[MATCH] BroadcastBody
[BROADCAST RESPONSE] {"src":"n5","dest":"n4","body":{"type":"broadcast_ok","in_reply_to":0,"msg_id":5}}
[RECEIVED] {"id":48,"src":"n4","dest":"n5","body":{"type":"broadcast","message":"2","msg_id":null}}
[MATCH] BroadcastBody
[INSIDE BROADCAST LOOP]
[BROADCAST REQUEST] {"id":0,"src":"n5","dest":"n2","body":{"type":"broadcast","message":"2","msg_id":null}}
[BROADCAST REQUEST] {"id":0,"src":"n5","dest":"n4","body":{"type":"broadcast","message":"2","msg_id":null}}
[BROADCAST RESPONSE] {"src":"n5","dest":"n4","body":{"type":"broadcast_ok","in_reply_to":0,"msg_id":6}}
[RECEIVED] {"id":53,"src":"n2","dest":"n5","body":{"type":"broadcast","message":"2","msg_id":null}}
[MATCH] BroadcastBody
[BROADCAST RESPONSE] {"src":"n5","dest":"n2","body":{"type":"broadcast_ok","in_reply_to":0,"msg_id":7}}
[RECEIVED] {"id":58,"src":"c14","dest":"n5","body":{"type":"broadcast","message":3,"msg_id":1}}
[MATCH] BroadcastBody
[INSIDE BROADCAST LOOP]
[BROADCAST REQUEST] {"id":0,"src":"n5","dest":"n2","body":{"type":"broadcast","message":"3","msg_id":null}}
[BROADCAST REQUEST] {"id":0,"src":"n5","dest":"n4","body":{"type":"broadcast","message":"3","msg_id":null}}
[BROADCAST RESPONSE] {"src":"n5","dest":"c14","body":{"type":"broadcast_ok","in_reply_to":1,"msg_id":8}}
[RECEIVED] {"id":62,"src":"n2","dest":"n5","body":{"type":"broadcast","message":"3","msg_id":null}}
[MATCH] BroadcastBody
[BROADCAST RESPONSE] {"src":"n5","dest":"n2","body":{"type":"broadcast_ok","in_reply_to":0,"msg_id":9}}
[RECEIVED] {"id":69,"src":"n4","dest":"n5","body":{"type":"broadcast","message":"3","msg_id":null}}
[MATCH] BroadcastBody
[BROADCAST RESPONSE] {"src":"n5","dest":"n4","body":{"type":"broadcast_ok","in_reply_to":0,"msg_id":10}}
[RECEIVED] {"id":75,"src":"n4","dest":"n5","body":{"type":"broadcast","message":"4","msg_id":null}}
[MATCH] BroadcastBody
[INSIDE BROADCAST LOOP]
[BROADCAST REQUEST] {"id":0,"src":"n5","dest":"n2","body":{"type":"broadcast","message":"4","msg_id":null}}
[BROADCAST REQUEST] {"id":0,"src":"n5","dest":"n4","body":{"type":"broadcast","message":"4","msg_id":null}}
[RECEIVED] {"id":76,"src":"n2","dest":"n5","body":{"type":"broadcast","message":"4","msg_id":null}}
[BROADCAST RESPONSE] {"src":"n5","dest":"n4","body":{"type":"broadcast_ok","in_reply_to":0,"msg_id":11}}
[MATCH] BroadcastBody
[BROADCAST RESPONSE] {"src":"n5","dest":"n2","body":{"type":"broadcast_ok","in_reply_to":0,"msg_id":12}}
[RECEIVED] {"id":87,"src":"n4","dest":"n5","body":{"type":"broadcast","message":"5","msg_id":null}}
[MATCH] BroadcastBody
[INSIDE BROADCAST LOOP]
[BROADCAST REQUEST] {"id":0,"src":"n5","dest":"n2","body":{"type":"broadcast","message":"5","msg_id":null}}
[BROADCAST REQUEST] {"id":0,"src":"n5","dest":"n4","body":{"type":"broadcast","message":"5","msg_id":null}}
[BROADCAST RESPONSE] {"src":"n5","dest":"n4","body":{"type":"broadcast_ok","in_reply_to":0,"msg_id":13}}
[RECEIVED] {"id":90,"src":"n2","dest":"n5","body":{"type":"broadcast","message":"5","msg_id":null}}
[MATCH] BroadcastBody
[BROADCAST RESPONSE] {"src":"n5","dest":"n2","body":{"type":"broadcast_ok","in_reply_to":0,"msg_id":14}}
[RECEIVED] {"id":99,"src":"n2","dest":"n5","body":{"type":"broadcast","message":"6","msg_id":null}}
[MATCH] BroadcastBody
[INSIDE BROADCAST LOOP]
[BROADCAST REQUEST] {"id":0,"src":"n5","dest":"n2","body":{"type":"broadcast","message":"6","msg_id":null}}
[BROADCAST REQUEST] {"id":0,"src":"n5","dest":"n4","body":{"type":"broadcast","message":"6","msg_id":null}}
[BROADCAST RESPONSE] {"src":"n5","dest":"n2","body":{"type":"broadcast_ok","in_reply_to":0,"msg_id":15}}
[RECEIVED] {"id":106,"src":"n4","dest":"n5","body":{"type":"broadcast","message":"6","msg_id":null}}
[MATCH] BroadcastBody
[BROADCAST RESPONSE] {"src":"n5","dest":"n4","body":{"type":"broadcast_ok","in_reply_to":0,"msg_id":16}}
[RECEIVED] {"id":110,"src":"n4","dest":"n5","body":{"type":"broadcast","message":"7","msg_id":null}}
[MATCH] BroadcastBody
[INSIDE BROADCAST LOOP]
[BROADCAST REQUEST] {"id":0,"src":"n5","dest":"n2","body":{"type":"broadcast","message":"7","msg_id":null}}
[BROADCAST REQUEST] {"id":0,"src":"n5","dest":"n4","body":{"type":"broadcast","message":"7","msg_id":null}}
[BROADCAST RESPONSE] {"src":"n5","dest":"n4","body":{"type":"broadcast_ok","in_reply_to":0,"msg_id":17}}
[RECEIVED] {"id":114,"src":"n2","dest":"n5","body":{"type":"broadcast","message":"7","msg_id":null}}
[MATCH] BroadcastBody
[BROADCAST RESPONSE] {"src":"n5","dest":"n2","body":{"type":"broadcast_ok","in_reply_to":0,"msg_id":18}}
[RECEIVED] {"id":120,"src":"c14","dest":"n5","body":{"type":"read","msg_id":2}}
[MATCH] ReadBody
[READ RESPONSE] {"src":"n5","dest":"c14","body":{"type":"read_ok","messages":["0","1","2","3","4","5","6","7"],"in_reply_to":2,"msg_id":19}}
[RECEIVED] {"id":131,"src":"n2","dest":"n5","body":{"type":"broadcast","message":"8","msg_id":null}}
[MATCH] BroadcastBody
[INSIDE BROADCAST LOOP]
[BROADCAST REQUEST] {"id":0,"src":"n5","dest":"n2","body":{"type":"broadcast","message":"8","msg_id":null}}
[BROADCAST REQUEST] {"id":0,"src":"n5","dest":"n4","body":{"type":"broadcast","message":"8","msg_id":null}}
[BROADCAST RESPONSE] {"src":"n5","dest":"n2","body":{"type":"broadcast_ok","in_reply_to":0,"msg_id":20}}
[RECEIVED] {"id":139,"src":"n4","dest":"n5","body":{"type":"broadcast","message":"8","msg_id":null}}
[MATCH] BroadcastBody
[BROADCAST RESPONSE] {"src":"n5","dest":"n4","body":{"type":"broadcast_ok","in_reply_to":0,"msg_id":21}}
[RECEIVED] {"id":142,"src":"c14","dest":"n5","body":{"type":"broadcast","message":9,"msg_id":3}}
[MATCH] BroadcastBody
[INSIDE BROADCAST LOOP]
[BROADCAST REQUEST] {"id":0,"src":"n5","dest":"n2","body":{"type":"broadcast","message":"9","msg_id":null}}
[BROADCAST REQUEST] {"id":0,"src":"n5","dest":"n4","body":{"type":"broadcast","message":"9","msg_id":null}}
[BROADCAST RESPONSE] {"src":"n5","dest":"c14","body":{"type":"broadcast_ok","in_reply_to":3,"msg_id":22}}
[RECEIVED] {"id":146,"src":"n2","dest":"n5","body":{"type":"broadcast","message":"9","msg_id":null}}
[RECEIVED] {"id":149,"src":"n4","dest":"n5","body":{"type":"broadcast","message":"9","msg_id":null}}
[MATCH] BroadcastBody
[MATCH] BroadcastBody
[BROADCAST RESPONSE] {"src":"n5","dest":"n2","body":{"type":"broadcast_ok","in_reply_to":0,"msg_id":23}}
[BROADCAST RESPONSE] {"src":"n5","dest":"n4","body":{"type":"broadcast_ok","in_reply_to":0,"msg_id":24}}
[RECEIVED] {"id":159,"src":"n2","dest":"n5","body":{"type":"broadcast","message":"10","msg_id":null}}
[MATCH] BroadcastBody
[INSIDE BROADCAST LOOP]
[BROADCAST REQUEST] {"id":0,"src":"n5","dest":"n2","body":{"type":"broadcast","message":"10","msg_id":null}}
[BROADCAST REQUEST] {"id":0,"src":"n5","dest":"n4","body":{"type":"broadcast","message":"10","msg_id":null}}
[BROADCAST RESPONSE] {"src":"n5","dest":"n2","body":{"type":"broadcast_ok","in_reply_to":0,"msg_id":25}}
[RECEIVED] {"id":163,"src":"n4","dest":"n5","body":{"type":"broadcast","message":"10","msg_id":null}}
[MATCH] BroadcastBody
[BROADCAST RESPONSE] {"src":"n5","dest":"n4","body":{"type":"broadcast_ok","in_reply_to":0,"msg_id":26}}
[RECEIVED] {"id":174,"src":"c14","dest":"n5","body":{"type":"broadcast","message":11,"msg_id":4}}
[MATCH] BroadcastBody
[INSIDE BROADCAST LOOP]
[BROADCAST REQUEST] {"id":0,"src":"n5","dest":"n2","body":{"type":"broadcast","message":"11","msg_id":null}}
[BROADCAST REQUEST] {"id":0,"src":"n5","dest":"n4","body":{"type":"broadcast","message":"11","msg_id":null}}
[BROADCAST RESPONSE] {"src":"n5","dest":"c14","body":{"type":"broadcast_ok","in_reply_to":4,"msg_id":27}}
[RECEIVED] {"id":179,"src":"n2","dest":"n5","body":{"type":"broadcast","message":"11","msg_id":null}}
[RECEIVED] {"id":181,"src":"n4","dest":"n5","body":{"type":"broadcast","message":"11","msg_id":null}}
[MATCH] BroadcastBody
[MATCH] BroadcastBody
[BROADCAST RESPONSE] {"src":"n5","dest":"n2","body":{"type":"broadcast_ok","in_reply_to":0,"msg_id":28}}
[BROADCAST RESPONSE] {"src":"n5","dest":"n4","body":{"type":"broadcast_ok","in_reply_to":0,"msg_id":29}}
[RECEIVED] {"id":191,"src":"n2","dest":"n5","body":{"type":"broadcast","message":"12","msg_id":null}}
[MATCH] BroadcastBody
[RECEIVED] {"id":192,"src":"n4","dest":"n5","body":{"type":"broadcast","message":"12","msg_id":null}}
[INSIDE BROADCAST LOOP]
[MATCH] BroadcastBody
[BROADCAST REQUEST] {"id":0,"src":"n5","dest":"n2","body":{"type":"broadcast","message":"12","msg_id":null}}
[BROADCAST RESPONSE] {"src":"n5","dest":"n4","body":{"type":"broadcast_ok","in_reply_to":0,"msg_id":31}}
[BROADCAST REQUEST] {"id":0,"src":"n5","dest":"n4","body":{"type":"broadcast","message":"12","msg_id":null}}
[BROADCAST RESPONSE] {"src":"n5","dest":"n2","body":{"type":"broadcast_ok","in_reply_to":0,"msg_id":30}}
[RECEIVED] {"id":203,"src":"n2","dest":"n5","body":{"type":"broadcast","message":"13","msg_id":null}}
[RECEIVED] {"id":204,"src":"n4","dest":"n5","body":{"type":"broadcast","message":"13","msg_id":null}}
[MATCH] BroadcastBody
[MATCH] BroadcastBody
[INSIDE BROADCAST LOOP]
[BROADCAST RESPONSE] {"src":"n5","dest":"n4","body":{"type":"broadcast_ok","in_reply_to":0,"msg_id":33}}
[BROADCAST REQUEST] {"id":0,"src":"n5","dest":"n2","body":{"type":"broadcast","message":"13","msg_id":null}}
[BROADCAST REQUEST] {"id":0,"src":"n5","dest":"n4","body":{"type":"broadcast","message":"13","msg_id":null}}
[BROADCAST RESPONSE] {"src":"n5","dest":"n2","body":{"type":"broadcast_ok","in_reply_to":0,"msg_id":32}}
[RECEIVED] {"id":216,"src":"n4","dest":"n5","body":{"type":"broadcast","message":"14","msg_id":null}}
[MATCH] BroadcastBody
[INSIDE BROADCAST LOOP]
[BROADCAST REQUEST] {"id":0,"src":"n5","dest":"n2","body":{"type":"broadcast","message":"14","msg_id":null}}
[BROADCAST REQUEST] {"id":0,"src":"n5","dest":"n4","body":{"type":"broadcast","message":"14","msg_id":null}}
[BROADCAST RESPONSE] {"src":"n5","dest":"n4","body":{"type":"broadcast_ok","in_reply_to":0,"msg_id":34}}
[RECEIVED] {"id":222,"src":"n2","dest":"n5","body":{"type":"broadcast","message":"14","msg_id":null}}
[MATCH] BroadcastBody
[BROADCAST RESPONSE] {"src":"n5","dest":"n2","body":{"type":"broadcast_ok","in_reply_to":0,"msg_id":35}}
[RECEIVED] {"id":226,"src":"c14","dest":"n5","body":{"type":"broadcast","message":15,"msg_id":5}}
[MATCH] BroadcastBody
[INSIDE BROADCAST LOOP]
[BROADCAST REQUEST] {"id":0,"src":"n5","dest":"n2","body":{"type":"broadcast","message":"15","msg_id":null}}
[BROADCAST REQUEST] {"id":0,"src":"n5","dest":"n4","body":{"type":"broadcast","message":"15","msg_id":null}}
[BROADCAST RESPONSE] {"src":"n5","dest":"c14","body":{"type":"broadcast_ok","in_reply_to":5,"msg_id":36}}
[RECEIVED] {"id":230,"src":"n2","dest":"n5","body":{"type":"broadcast","message":"15","msg_id":null}}
[MATCH] BroadcastBody
[RECEIVED] {"id":233,"src":"n4","dest":"n5","body":{"type":"broadcast","message":"15","msg_id":null}}
[BROADCAST RESPONSE] {"src":"n5","dest":"n2","body":{"type":"broadcast_ok","in_reply_to":0,"msg_id":37}}
[MATCH] BroadcastBody
[BROADCAST RESPONSE] {"src":"n5","dest":"n4","body":{"type":"broadcast_ok","in_reply_to":0,"msg_id":38}}
[RECEIVED] {"id":242,"src":"n2","dest":"n5","body":{"type":"broadcast","message":"16","msg_id":null}}
[MATCH] BroadcastBody
[INSIDE BROADCAST LOOP]
[BROADCAST REQUEST] {"id":0,"src":"n5","dest":"n2","body":{"type":"broadcast","message":"16","msg_id":null}}
[RECEIVED] {"id":246,"src":"n4","dest":"n5","body":{"type":"broadcast","message":"16","msg_id":null}}
[MATCH] BroadcastBody
[BROADCAST REQUEST] {"id":0,"src":"n5","dest":"n4","body":{"type":"broadcast","message":"16","msg_id":null}}
[BROADCAST RESPONSE] {"src":"n5","dest":"n4","body":{"type":"broadcast_ok","in_reply_to":0,"msg_id":40}}
[BROADCAST RESPONSE] {"src":"n5","dest":"n2","body":{"type":"broadcast_ok","in_reply_to":0,"msg_id":39}}
[RECEIVED] {"id":253,"src":"n2","dest":"n5","body":{"type":"broadcast","message":"17","msg_id":null}}
[MATCH] BroadcastBody
[INSIDE BROADCAST LOOP]
[BROADCAST REQUEST] {"id":0,"src":"n5","dest":"n2","body":{"type":"broadcast","message":"17","msg_id":null}}
[BROADCAST REQUEST] {"id":0,"src":"n5","dest":"n4","body":{"type":"broadcast","message":"17","msg_id":null}}
[BROADCAST RESPONSE] {"src":"n5","dest":"n2","body":{"type":"broadcast_ok","in_reply_to":0,"msg_id":41}}
[RECEIVED] {"id":263,"src":"n4","dest":"n5","body":{"type":"broadcast","message":"17","msg_id":null}}
[MATCH] BroadcastBody
[BROADCAST RESPONSE] {"src":"n5","dest":"n4","body":{"type":"broadcast_ok","in_reply_to":0,"msg_id":42}}
[RECEIVED] {"id":268,"src":"c14","dest":"n5","body":{"type":"read","msg_id":6}}
[MATCH] ReadBody
[READ RESPONSE] {"src":"n5","dest":"c14","body":{"type":"read_ok","messages":["0","1","10","11","12","13","14","15","16","17","2","3","4","5","6","7","8","9"],"in_reply_to":6,"msg_id":43}}
[RECEIVED] {"id":275,"src":"n4","dest":"n5","body":{"type":"broadcast","message":"18","msg_id":null}}
[RECEIVED] {"id":276,"src":"n2","dest":"n5","body":{"type":"broadcast","message":"18","msg_id":null}}
[MATCH] BroadcastBody
[MATCH] BroadcastBody
[INSIDE BROADCAST LOOP]
[BROADCAST RESPONSE] {"src":"n5","dest":"n2","body":{"type":"broadcast_ok","in_reply_to":0,"msg_id":45}}
[BROADCAST REQUEST] {"id":0,"src":"n5","dest":"n2","body":{"type":"broadcast","message":"18","msg_id":null}}
[BROADCAST REQUEST] {"id":0,"src":"n5","dest":"n4","body":{"type":"broadcast","message":"18","msg_id":null}}
[BROADCAST RESPONSE] {"src":"n5","dest":"n4","body":{"type":"broadcast_ok","in_reply_to":0,"msg_id":44}}
[RECEIVED] {"id":290,"src":"c14","dest":"n5","body":{"type":"broadcast","message":19,"msg_id":7}}
[MATCH] BroadcastBody
[INSIDE BROADCAST LOOP]
[BROADCAST REQUEST] {"id":0,"src":"n5","dest":"n2","body":{"type":"broadcast","message":"19","msg_id":null}}
[BROADCAST REQUEST] {"id":0,"src":"n5","dest":"n4","body":{"type":"broadcast","message":"19","msg_id":null}}
[BROADCAST RESPONSE] {"src":"n5","dest":"c14","body":{"type":"broadcast_ok","in_reply_to":7,"msg_id":46}}
[RECEIVED] {"id":293,"src":"n2","dest":"n5","body":{"type":"broadcast","message":"19","msg_id":null}}
[RECEIVED] {"id":296,"src":"n4","dest":"n5","body":{"type":"broadcast","message":"19","msg_id":null}}
[MATCH] BroadcastBody
[MATCH] BroadcastBody
[BROADCAST RESPONSE] {"src":"n5","dest":"n2","body":{"type":"broadcast_ok","in_reply_to":0,"msg_id":47}}
[BROADCAST RESPONSE] {"src":"n5","dest":"n4","body":{"type":"broadcast_ok","in_reply_to":0,"msg_id":48}}
[RECEIVED] {"id":307,"src":"n4","dest":"n5","body":{"type":"broadcast","message":"20","msg_id":null}}
[RECEIVED] {"id":308,"src":"n2","dest":"n5","body":{"type":"broadcast","message":"20","msg_id":null}}
[MATCH] BroadcastBody
[MATCH] BroadcastBody
[INSIDE BROADCAST LOOP]
[BROADCAST RESPONSE] {"src":"n5","dest":"n2","body":{"type":"broadcast_ok","in_reply_to":0,"msg_id":50}}
[BROADCAST REQUEST] {"id":0,"src":"n5","dest":"n2","body":{"type":"broadcast","message":"20","msg_id":null}}
[BROADCAST REQUEST] {"id":0,"src":"n5","dest":"n4","body":{"type":"broadcast","message":"20","msg_id":null}}
[BROADCAST RESPONSE] {"src":"n5","dest":"n4","body":{"type":"broadcast_ok","in_reply_to":0,"msg_id":49}}
[RECEIVED] {"id":319,"src":"n4","dest":"n5","body":{"type":"broadcast","message":"21","msg_id":null}}
[RECEIVED] {"id":320,"src":"n2","dest":"n5","body":{"type":"broadcast","message":"21","msg_id":null}}
[MATCH] BroadcastBody
[MATCH] BroadcastBody
[INSIDE BROADCAST LOOP]
[BROADCAST RESPONSE] {"src":"n5","dest":"n2","body":{"type":"broadcast_ok","in_reply_to":0,"msg_id":52}}
[BROADCAST REQUEST] {"id":0,"src":"n5","dest":"n2","body":{"type":"broadcast","message":"21","msg_id":null}}
[BROADCAST REQUEST] {"id":0,"src":"n5","dest":"n4","body":{"type":"broadcast","message":"21","msg_id":null}}
[BROADCAST RESPONSE] {"src":"n5","dest":"n4","body":{"type":"broadcast_ok","in_reply_to":0,"msg_id":51}}
[RECEIVED] {"id":327,"src":"n2","dest":"n5","body":{"type":"broadcast","message":"22","msg_id":null}}
[MATCH] BroadcastBody
[INSIDE BROADCAST LOOP]
[BROADCAST REQUEST] {"id":0,"src":"n5","dest":"n2","body":{"type":"broadcast","message":"22","msg_id":null}}
[BROADCAST REQUEST] {"id":0,"src":"n5","dest":"n4","body":{"type":"broadcast","message":"22","msg_id":null}}
[BROADCAST RESPONSE] {"src":"n5","dest":"n2","body":{"type":"broadcast_ok","in_reply_to":0,"msg_id":53}}
[RECEIVED] {"id":337,"src":"n4","dest":"n5","body":{"type":"broadcast","message":"22","msg_id":null}}
[MATCH] BroadcastBody
[BROADCAST RESPONSE] {"src":"n5","dest":"n4","body":{"type":"broadcast_ok","in_reply_to":0,"msg_id":54}}
[RECEIVED] {"id":341,"src":"n2","dest":"n5","body":{"type":"broadcast","message":"23","msg_id":null}}
[MATCH] BroadcastBody
[INSIDE BROADCAST LOOP]
[BROADCAST REQUEST] {"id":0,"src":"n5","dest":"n2","body":{"type":"broadcast","message":"23","msg_id":null}}
[BROADCAST REQUEST] {"id":0,"src":"n5","dest":"n4","body":{"type":"broadcast","message":"23","msg_id":null}}
[BROADCAST RESPONSE] {"src":"n5","dest":"n2","body":{"type":"broadcast_ok","in_reply_to":0,"msg_id":55}}
[RECEIVED] {"id":349,"src":"n4","dest":"n5","body":{"type":"broadcast","message":"23","msg_id":null}}
[MATCH] BroadcastBody
[BROADCAST RESPONSE] {"src":"n5","dest":"n4","body":{"type":"broadcast_ok","in_reply_to":0,"msg_id":56}}
[RECEIVED] {"id":352,"src":"c14","dest":"n5","body":{"type":"broadcast","message":24,"msg_id":8}}
[MATCH] BroadcastBody
[INSIDE BROADCAST LOOP]
[BROADCAST REQUEST] {"id":0,"src":"n5","dest":"n2","body":{"type":"broadcast","message":"24","msg_id":null}}
[BROADCAST REQUEST] {"id":0,"src":"n5","dest":"n4","body":{"type":"broadcast","message":"24","msg_id":null}}
[BROADCAST RESPONSE] {"src":"n5","dest":"c14","body":{"type":"broadcast_ok","in_reply_to":8,"msg_id":57}}
[RECEIVED] {"id":356,"src":"n2","dest":"n5","body":{"type":"broadcast","message":"24","msg_id":null}}
[RECEIVED] {"id":359,"src":"n4","dest":"n5","body":{"type":"broadcast","message":"24","msg_id":null}}
[MATCH] BroadcastBody
[MATCH] BroadcastBody
[BROADCAST RESPONSE] {"src":"n5","dest":"n2","body":{"type":"broadcast_ok","in_reply_to":0,"msg_id":58}}
[BROADCAST RESPONSE] {"src":"n5","dest":"n4","body":{"type":"broadcast_ok","in_reply_to":0,"msg_id":59}}
[RECEIVED] {"id":371,"src":"n2","dest":"n5","body":{"type":"broadcast","message":"25","msg_id":null}}
[RECEIVED] {"id":372,"src":"n4","dest":"n5","body":{"type":"broadcast","message":"25","msg_id":null}}
[MATCH] BroadcastBody
[MATCH] BroadcastBody
[INSIDE BROADCAST LOOP]
[BROADCAST RESPONSE] {"src":"n5","dest":"n4","body":{"type":"broadcast_ok","in_reply_to":0,"msg_id":61}}
[BROADCAST REQUEST] {"id":0,"src":"n5","dest":"n2","body":{"type":"broadcast","message":"25","msg_id":null}}
[BROADCAST REQUEST] {"id":0,"src":"n5","dest":"n4","body":{"type":"broadcast","message":"25","msg_id":null}}
[BROADCAST RESPONSE] {"src":"n5","dest":"n2","body":{"type":"broadcast_ok","in_reply_to":0,"msg_id":60}}
[RECEIVED] {"id":380,"src":"c14","dest":"n5","body":{"type":"read","msg_id":9}}
[MATCH] ReadBody
[READ RESPONSE] {"src":"n5","dest":"c14","body":{"type":"read_ok","messages":["0","1","10","11","12","13","14","15","16","17","18","19","2","20","21","22","23","24","25","3","4","5","6","7","8","9"],"in_reply_to":9,"msg_id":62}}
