[RECEIVED] {"id":3,"src":"c3","dest":"n1","body":{"type":"init","node_id":"n1","node_ids":["n1","n2","n3","n4","n5"],"msg_id":1}}
[MATCH INIT]
[INIT_OK] {"src":"n1","dest":"c3","body":{"type":"init_ok","in_reply_to":1,"msg_id":0}}
[RECEIVED] {"id":10,"src":"c10","dest":"n1","body":{"type":"generate","msg_id":1}}
[MATCH GENERATE]
[GENERATE_OK] {"src":"n1","dest":"c10","body":{"type":"generate_ok","in_reply_to":1,"msg_id":0,"id":"n10"}}
[RECEIVED] {"id":20,"src":"c10","dest":"n1","body":{"type":"generate","msg_id":2}}
[MATCH GENERATE]
[GENERATE_OK] {"src":"n1","dest":"c10","body":{"type":"generate_ok","in_reply_to":2,"msg_id":0,"id":"n10"}}
[RECEIVED] {"id":22,"src":"c10","dest":"n1","body":{"type":"generate","msg_id":3}}
[MATCH GENERATE]
[GENERATE_OK] {"src":"n1","dest":"c10","body":{"type":"generate_ok","in_reply_to":3,"msg_id":0,"id":"n10"}}
[RECEIVED] {"id":32,"src":"c10","dest":"n1","body":{"type":"generate","msg_id":4}}
[MATCH GENERATE]
[GENERATE_OK] {"src":"n1","dest":"c10","body":{"type":"generate_ok","in_reply_to":4,"msg_id":0,"id":"n10"}}
[RECEIVED] {"id":34,"src":"c10","dest":"n1","body":{"type":"generate","msg_id":5}}
[MATCH GENERATE]
[GENERATE_OK] {"src":"n1","dest":"c10","body":{"type":"generate_ok","in_reply_to":5,"msg_id":0,"id":"n10"}}
[RECEIVED] {"id":44,"src":"c10","dest":"n1","body":{"type":"generate","msg_id":6}}
[MATCH GENERATE]
[GENERATE_OK] {"src":"n1","dest":"c10","body":{"type":"generate_ok","in_reply_to":6,"msg_id":0,"id":"n10"}}
[RECEIVED] {"id":46,"src":"c10","dest":"n1","body":{"type":"generate","msg_id":7}}
[MATCH GENERATE]
[GENERATE_OK] {"src":"n1","dest":"c10","body":{"type":"generate_ok","in_reply_to":7,"msg_id":0,"id":"n10"}}
[RECEIVED] {"id":56,"src":"c10","dest":"n1","body":{"type":"generate","msg_id":8}}
[MATCH GENERATE]
[GENERATE_OK] {"src":"n1","dest":"c10","body":{"type":"generate_ok","in_reply_to":8,"msg_id":0,"id":"n10"}}
[RECEIVED] {"id":58,"src":"c10","dest":"n1","body":{"type":"generate","msg_id":9}}
[MATCH GENERATE]
[GENERATE_OK] {"src":"n1","dest":"c10","body":{"type":"generate_ok","in_reply_to":9,"msg_id":0,"id":"n10"}}
[RECEIVED] {"id":68,"src":"c10","dest":"n1","body":{"type":"generate","msg_id":10}}
[MATCH GENERATE]
[GENERATE_OK] {"src":"n1","dest":"c10","body":{"type":"generate_ok","in_reply_to":10,"msg_id":0,"id":"n10"}}
[RECEIVED] {"id":70,"src":"c10","dest":"n1","body":{"type":"generate","msg_id":11}}
[MATCH GENERATE]
[GENERATE_OK] {"src":"n1","dest":"c10","body":{"type":"generate_ok","in_reply_to":11,"msg_id":0,"id":"n10"}}
[RECEIVED] {"id":80,"src":"c10","dest":"n1","body":{"type":"generate","msg_id":12}}
[MATCH GENERATE]
[GENERATE_OK] {"src":"n1","dest":"c10","body":{"type":"generate_ok","in_reply_to":12,"msg_id":0,"id":"n10"}}
[RECEIVED] {"id":82,"src":"c10","dest":"n1","body":{"type":"generate","msg_id":13}}
[MATCH GENERATE]
[GENERATE_OK] {"src":"n1","dest":"c10","body":{"type":"generate_ok","in_reply_to":13,"msg_id":0,"id":"n10"}}
[RECEIVED] {"id":92,"src":"c10","dest":"n1","body":{"type":"generate","msg_id":14}}
[MATCH GENERATE]
[GENERATE_OK] {"src":"n1","dest":"c10","body":{"type":"generate_ok","in_reply_to":14,"msg_id":0,"id":"n10"}}
[RECEIVED] {"id":94,"src":"c10","dest":"n1","body":{"type":"generate","msg_id":15}}
[MATCH GENERATE]
[GENERATE_OK] {"src":"n1","dest":"c10","body":{"type":"generate_ok","in_reply_to":15,"msg_id":0,"id":"n10"}}
[RECEIVED] {"id":104,"src":"c10","dest":"n1","body":{"type":"generate","msg_id":16}}
[MATCH GENERATE]
[GENERATE_OK] {"src":"n1","dest":"c10","body":{"type":"generate_ok","in_reply_to":16,"msg_id":0,"id":"n10"}}
[RECEIVED] {"id":106,"src":"c10","dest":"n1","body":{"type":"generate","msg_id":17}}
[MATCH GENERATE]
[GENERATE_OK] {"src":"n1","dest":"c10","body":{"type":"generate_ok","in_reply_to":17,"msg_id":0,"id":"n10"}}
[RECEIVED] {"id":116,"src":"c10","dest":"n1","body":{"type":"generate","msg_id":18}}
[MATCH GENERATE]
[GENERATE_OK] {"src":"n1","dest":"c10","body":{"type":"generate_ok","in_reply_to":18,"msg_id":0,"id":"n10"}}
[RECEIVED] {"id":118,"src":"c10","dest":"n1","body":{"type":"generate","msg_id":19}}
[MATCH GENERATE]
[GENERATE_OK] {"src":"n1","dest":"c10","body":{"type":"generate_ok","in_reply_to":19,"msg_id":0,"id":"n10"}}
[RECEIVED] {"id":128,"src":"c10","dest":"n1","body":{"type":"generate","msg_id":20}}
[MATCH GENERATE]
[GENERATE_OK] {"src":"n1","dest":"c10","body":{"type":"generate_ok","in_reply_to":20,"msg_id":0,"id":"n10"}}
[RECEIVED] {"id":130,"src":"c10","dest":"n1","body":{"type":"generate","msg_id":21}}
[MATCH GENERATE]
[GENERATE_OK] {"src":"n1","dest":"c10","body":{"type":"generate_ok","in_reply_to":21,"msg_id":0,"id":"n10"}}
[RECEIVED] {"id":140,"src":"c10","dest":"n1","body":{"type":"generate","msg_id":22}}
[MATCH GENERATE]
[GENERATE_OK] {"src":"n1","dest":"c10","body":{"type":"generate_ok","in_reply_to":22,"msg_id":0,"id":"n10"}}
[RECEIVED] {"id":142,"src":"c10","dest":"n1","body":{"type":"generate","msg_id":23}}
[MATCH GENERATE]
[GENERATE_OK] {"src":"n1","dest":"c10","body":{"type":"generate_ok","in_reply_to":23,"msg_id":0,"id":"n10"}}
[RECEIVED] {"id":151,"src":"c10","dest":"n1","body":{"type":"generate","msg_id":24}}
[MATCH GENERATE]
[GENERATE_OK] {"src":"n1","dest":"c10","body":{"type":"generate_ok","in_reply_to":24,"msg_id":0,"id":"n10"}}
[RECEIVED] {"id":154,"src":"c10","dest":"n1","body":{"type":"generate","msg_id":25}}
[MATCH GENERATE]
[GENERATE_OK] {"src":"n1","dest":"c10","body":{"type":"generate_ok","in_reply_to":25,"msg_id":0,"id":"n10"}}
[RECEIVED] {"id":164,"src":"c10","dest":"n1","body":{"type":"generate","msg_id":26}}
[MATCH GENERATE]
[GENERATE_OK] {"src":"n1","dest":"c10","body":{"type":"generate_ok","in_reply_to":26,"msg_id":0,"id":"n10"}}
[RECEIVED] {"id":166,"src":"c10","dest":"n1","body":{"type":"generate","msg_id":27}}
[MATCH GENERATE]
[GENERATE_OK] {"src":"n1","dest":"c10","body":{"type":"generate_ok","in_reply_to":27,"msg_id":0,"id":"n10"}}
[RECEIVED] {"id":176,"src":"c10","dest":"n1","body":{"type":"generate","msg_id":28}}
[MATCH GENERATE]
[GENERATE_OK] {"src":"n1","dest":"c10","body":{"type":"generate_ok","in_reply_to":28,"msg_id":0,"id":"n10"}}
[RECEIVED] {"id":178,"src":"c10","dest":"n1","body":{"type":"generate","msg_id":29}}
[MATCH GENERATE]
[GENERATE_OK] {"src":"n1","dest":"c10","body":{"type":"generate_ok","in_reply_to":29,"msg_id":0,"id":"n10"}}
[RECEIVED] {"id":188,"src":"c10","dest":"n1","body":{"type":"generate","msg_id":30}}
[MATCH GENERATE]
[GENERATE_OK] {"src":"n1","dest":"c10","body":{"type":"generate_ok","in_reply_to":30,"msg_id":0,"id":"n10"}}
[RECEIVED] {"id":190,"src":"c10","dest":"n1","body":{"type":"generate","msg_id":31}}
[MATCH GENERATE]
[GENERATE_OK] {"src":"n1","dest":"c10","body":{"type":"generate_ok","in_reply_to":31,"msg_id":0,"id":"n10"}}
[RECEIVED] {"id":200,"src":"c10","dest":"n1","body":{"type":"generate","msg_id":32}}
[MATCH GENERATE]
[GENERATE_OK] {"src":"n1","dest":"c10","body":{"type":"generate_ok","in_reply_to":32,"msg_id":0,"id":"n10"}}
[RECEIVED] {"id":202,"src":"c10","dest":"n1","body":{"type":"generate","msg_id":33}}
[MATCH GENERATE]
[GENERATE_OK] {"src":"n1","dest":"c10","body":{"type":"generate_ok","in_reply_to":33,"msg_id":0,"id":"n10"}}
[RECEIVED] {"id":212,"src":"c10","dest":"n1","body":{"type":"generate","msg_id":34}}
[MATCH GENERATE]
[GENERATE_OK] {"src":"n1","dest":"c10","body":{"type":"generate_ok","in_reply_to":34,"msg_id":0,"id":"n10"}}
[RECEIVED] {"id":214,"src":"c10","dest":"n1","body":{"type":"generate","msg_id":35}}
[MATCH GENERATE]
[GENERATE_OK] {"src":"n1","dest":"c10","body":{"type":"generate_ok","in_reply_to":35,"msg_id":0,"id":"n10"}}
[RECEIVED] {"id":224,"src":"c10","dest":"n1","body":{"type":"generate","msg_id":36}}
[MATCH GENERATE]
[GENERATE_OK] {"src":"n1","dest":"c10","body":{"type":"generate_ok","in_reply_to":36,"msg_id":0,"id":"n10"}}
[RECEIVED] {"id":226,"src":"c10","dest":"n1","body":{"type":"generate","msg_id":37}}
[MATCH GENERATE]
[GENERATE_OK] {"src":"n1","dest":"c10","body":{"type":"generate_ok","in_reply_to":37,"msg_id":0,"id":"n10"}}
[RECEIVED] {"id":236,"src":"c10","dest":"n1","body":{"type":"generate","msg_id":38}}
[MATCH GENERATE]
[GENERATE_OK] {"src":"n1","dest":"c10","body":{"type":"generate_ok","in_reply_to":38,"msg_id":0,"id":"n10"}}
[RECEIVED] {"id":238,"src":"c10","dest":"n1","body":{"type":"generate","msg_id":39}}
[MATCH GENERATE]
[GENERATE_OK] {"src":"n1","dest":"c10","body":{"type":"generate_ok","in_reply_to":39,"msg_id":0,"id":"n10"}}
[RECEIVED] {"id":248,"src":"c10","dest":"n1","body":{"type":"generate","msg_id":40}}
[MATCH GENERATE]
[GENERATE_OK] {"src":"n1","dest":"c10","body":{"type":"generate_ok","in_reply_to":40,"msg_id":0,"id":"n10"}}
[RECEIVED] {"id":250,"src":"c10","dest":"n1","body":{"type":"generate","msg_id":41}}
[MATCH GENERATE]
[GENERATE_OK] {"src":"n1","dest":"c10","body":{"type":"generate_ok","in_reply_to":41,"msg_id":0,"id":"n10"}}
[RECEIVED] {"id":260,"src":"c10","dest":"n1","body":{"type":"generate","msg_id":42}}
[MATCH GENERATE]
[GENERATE_OK] {"src":"n1","dest":"c10","body":{"type":"generate_ok","in_reply_to":42,"msg_id":0,"id":"n10"}}
[RECEIVED] {"id":262,"src":"c10","dest":"n1","body":{"type":"generate","msg_id":43}}
[MATCH GENERATE]
[GENERATE_OK] {"src":"n1","dest":"c10","body":{"type":"generate_ok","in_reply_to":43,"msg_id":0,"id":"n10"}}
[RECEIVED] {"id":272,"src":"c10","dest":"n1","body":{"type":"generate","msg_id":44}}
[MATCH GENERATE]
[GENERATE_OK] {"src":"n1","dest":"c10","body":{"type":"generate_ok","in_reply_to":44,"msg_id":0,"id":"n10"}}
[RECEIVED] {"id":284,"src":"c10","dest":"n1","body":{"type":"generate","msg_id":45}}
[MATCH GENERATE]
[GENERATE_OK] {"src":"n1","dest":"c10","body":{"type":"generate_ok","in_reply_to":45,"msg_id":0,"id":"n10"}}
[RECEIVED] {"id":286,"src":"c10","dest":"n1","body":{"type":"generate","msg_id":46}}
[MATCH GENERATE]
[GENERATE_OK] {"src":"n1","dest":"c10","body":{"type":"generate_ok","in_reply_to":46,"msg_id":0,"id":"n10"}}
[RECEIVED] {"id":296,"src":"c10","dest":"n1","body":{"type":"generate","msg_id":47}}
[MATCH GENERATE]
[GENERATE_OK] {"src":"n1","dest":"c10","body":{"type":"generate_ok","in_reply_to":47,"msg_id":0,"id":"n10"}}
[RECEIVED] {"id":298,"src":"c10","dest":"n1","body":{"type":"generate","msg_id":48}}
[MATCH GENERATE]
[GENERATE_OK] {"src":"n1","dest":"c10","body":{"type":"generate_ok","in_reply_to":48,"msg_id":0,"id":"n10"}}
[RECEIVED] {"id":308,"src":"c10","dest":"n1","body":{"type":"generate","msg_id":49}}
[MATCH GENERATE]
[GENERATE_OK] {"src":"n1","dest":"c10","body":{"type":"generate_ok","in_reply_to":49,"msg_id":0,"id":"n10"}}
[RECEIVED] {"id":310,"src":"c10","dest":"n1","body":{"type":"generate","msg_id":50}}
[MATCH GENERATE]
[GENERATE_OK] {"src":"n1","dest":"c10","body":{"type":"generate_ok","in_reply_to":50,"msg_id":0,"id":"n10"}}
[RECEIVED] {"id":320,"src":"c10","dest":"n1","body":{"type":"generate","msg_id":51}}
[MATCH GENERATE]
[GENERATE_OK] {"src":"n1","dest":"c10","body":{"type":"generate_ok","in_reply_to":51,"msg_id":0,"id":"n10"}}
[RECEIVED] {"id":322,"src":"c10","dest":"n1","body":{"type":"generate","msg_id":52}}
[MATCH GENERATE]
[GENERATE_OK] {"src":"n1","dest":"c10","body":{"type":"generate_ok","in_reply_to":52,"msg_id":0,"id":"n10"}}
[RECEIVED] {"id":332,"src":"c10","dest":"n1","body":{"type":"generate","msg_id":53}}
[MATCH GENERATE]
[GENERATE_OK] {"src":"n1","dest":"c10","body":{"type":"generate_ok","in_reply_to":53,"msg_id":0,"id":"n10"}}
[RECEIVED] {"id":334,"src":"c10","dest":"n1","body":{"type":"generate","msg_id":54}}
[MATCH GENERATE]
[GENERATE_OK] {"src":"n1","dest":"c10","body":{"type":"generate_ok","in_reply_to":54,"msg_id":0,"id":"n10"}}
[RECEIVED] {"id":344,"src":"c10","dest":"n1","body":{"type":"generate","msg_id":55}}
[MATCH GENERATE]
[GENERATE_OK] {"src":"n1","dest":"c10","body":{"type":"generate_ok","in_reply_to":55,"msg_id":0,"id":"n10"}}
[RECEIVED] {"id":346,"src":"c10","dest":"n1","body":{"type":"generate","msg_id":56}}
[MATCH GENERATE]
[GENERATE_OK] {"src":"n1","dest":"c10","body":{"type":"generate_ok","in_reply_to":56,"msg_id":0,"id":"n10"}}
[RECEIVED] {"id":356,"src":"c10","dest":"n1","body":{"type":"generate","msg_id":57}}
[MATCH GENERATE]
[GENERATE_OK] {"src":"n1","dest":"c10","body":{"type":"generate_ok","in_reply_to":57,"msg_id":0,"id":"n10"}}
[RECEIVED] {"id":358,"src":"c10","dest":"n1","body":{"type":"generate","msg_id":58}}
[MATCH GENERATE]
[GENERATE_OK] {"src":"n1","dest":"c10","body":{"type":"generate_ok","in_reply_to":58,"msg_id":0,"id":"n10"}}
