2025-06-03 18:52:14,516{GMT}	INFO	[jepsen test runner] jepsen.core: Test version 249d74bef2356d0e76fd1279b3e2446866958ea9 (plus uncommitted changes)
2025-06-03 18:52:14,516{GMT}	INFO	[jepsen test runner] jepsen.core: Command line:
lein run test -w broadcast --bin self/server/_build/default/bin/main.exe --time-limit 20 --rate 10
2025-06-03 18:52:14,555{GMT}	INFO	[jepsen test runner] jepsen.core: Running test:
{:args []
 :remote
 #jepsen.control.retry.Remote{:remote #jepsen.control.scp.Remote{:cmd-remote #jepsen.control.sshj.SSHJRemote{:concurrency-limit 6,
                                                                                                             :conn-spec nil,
                                                                                                             :client nil,
                                                                                                             :semaphore nil},
                                                                 :conn-spec nil},
                              :conn nil}
 :log-net-send false
 :node-count nil
 :availability nil
 :max-txn-length 4
 :concurrency 5
 :db
 #object[maelstrom.db$db$reify__16612
         "0x5a69f1ef"
         "maelstrom.db$db$reify__16612@5a69f1ef"]
 :max-writes-per-key 16
 :leave-db-running? false
 :name "broadcast"
 :logging-json? false
 :start-time
 #object[org.joda.time.DateTime "0x64001530" "2025-06-03T18:52:14.481-04:00"]
 :nemesis-interval 10
 :net
 #object[maelstrom.net$jepsen_net$reify__15721
         "0x1f9b8c23"
         "maelstrom.net$jepsen_net$reify__15721@1f9b8c23"]
 :client
 #object[maelstrom.workload.broadcast$client$reify__17142
         "0x6b297a62"
         "maelstrom.workload.broadcast$client$reify__17142@6b297a62"]
 :barrier
 #object[java.util.concurrent.CyclicBarrier
         "0x11303cb"
         "java.util.concurrent.CyclicBarrier@11303cb"]
 :log-stderr false
 :pure-generators true
 :ssh {:dummy? true}
 :rate 10.0
 :checker
 #object[jepsen.checker$compose$reify__11089
         "0x655e3f4c"
         "jepsen.checker$compose$reify__11089@655e3f4c"]
 :argv
 ("test"
  "-w"
  "broadcast"
  "--bin"
  "self/server/_build/default/bin/main.exe"
  "--time-limit"
  "20"
  "--rate"
  "10")
 :nemesis
 (jepsen.nemesis.ReflCompose
  {:fm {:start-partition 0,
        :stop-partition 0,
        :kill 1,
        :start 1,
        :pause 1,
        :resume 1},
   :nemeses [#unprintable "jepsen.nemesis.combined$partition_nemesis$reify__16905@26e74d50"
             #unprintable "jepsen.nemesis.combined$db_nemesis$reify__16886@6bdc984"]})
 :nodes ["n1" "n2" "n3" "n4" "n5"]
 :test-count 1
 :latency {:mean 0, :dist :constant}
 :bin "self/server/_build/default/bin/main.exe"
 :generator
 #object[jepsen.util.Forgettable
         "0x4c18b432"
         ((jepsen.generator.Synchronize
           {:gen (jepsen.generator.TimeLimit
                  {:limit 20000000000,
                   :cutoff nil,
                   :gen (jepsen.generator.Any
                         {:gens [(jepsen.generator.OnThreads
                                  {:f #{:nemesis},
                                   :context-filter #object[jepsen.generator.context$make_thread_filter$lazy_filter__12077
                                                           "0x2092b072"
                                                           "jepsen.generator.context$make_thread_filter$lazy_filter__12077@2092b072"],
                                   :gen nil})
                                 (jepsen.generator.OnThreads
                                  {:f #jepsen.generator.context.AllBut{:element :nemesis},
                                   :context-filter #object[jepsen.generator.context$make_thread_filter$lazy_filter__12077
                                                           "0x504521ae"
                                                           "jepsen.generator.context$make_thread_filter$lazy_filter__12077@504521ae"],
                                   :gen (jepsen.generator.Stagger
                                         {:dt 200000000,
                                          :next-time nil,
                                          :gen (jepsen.generator.Mix
                                                {:i 0,
                                                 :gens [({:f :broadcast,
                                                          :value 0}
                                                         {:f :broadcast,
                                                          :value 1}
                                                         {:f :broadcast,
                                                          :value 2}
                                                         {:f :broadcast,
                                                          :value 3}
                                                         {:f :broadcast,
                                                          :value 4}
                                                         {:f :broadcast,
                                                          :value 5}
                                                         {:f :broadcast,
                                                          :value 6}
                                                         {:f :broadcast,
                                                          :value 7}
                                                         ...)
                                                        ({:f :read}
                                                         {:f :read}
                                                         {:f :read}
                                                         {:f :read}
                                                         {:f :read}
                                                         {:f :read}
                                                         {:f :read}
                                                         {:f :read}
                                                         ...)]})})})]})})})
          (jepsen.generator.Synchronize
           {:gen (jepsen.generator.OnThreads
                  {:f #{:nemesis},
                   :context-filter #object[jepsen.generator.context$make_thread_filter$lazy_filter__12077
                                           "0x6f8af186"
                                           "jepsen.generator.context$make_thread_filter$lazy_filter__12077@6f8af186"],
                   :gen ()})})
          (jepsen.generator.Synchronize
           {:gen {:type :log, :value "Waiting for recovery..."}})
          (jepsen.generator.Synchronize {:gen {:type :sleep, :value 10}})
          (jepsen.generator.Synchronize
           {:gen (jepsen.generator.OnThreads
                  {:f #jepsen.generator.context.AllBut{:element :nemesis},
                   :context-filter #object[jepsen.generator.context$make_thread_filter$lazy_filter__12077
                                           "0x5aaecd25"
                                           "jepsen.generator.context$make_thread_filter$lazy_filter__12077@5aaecd25"],
                   :gen (jepsen.generator.EachThread
                         {:fresh-gen {:f :read, :final? true},
                          :context-filters #object[clojure.core$promise$reify__8621
                                                   "0x239fdf8f"
                                                   {:status :pending, :val nil}],
                          :gens {}})})}))]
 :log-net-recv false
 :os
 #object[maelstrom.net$jepsen_os$reify__15724
         "0x1acd660d"
         "maelstrom.net$jepsen_os$reify__15724@1acd660d"]
 :time-limit 20
 :workload :broadcast
 :consistency-models [:strict-serializable]
 :topology :grid}

2025-06-03 18:52:15,664{GMT}	INFO	[jepsen node n1] maelstrom.net: Starting Maelstrom network
2025-06-03 18:52:15,664{GMT}	INFO	[jepsen test runner] jepsen.db: Tearing down DB
2025-06-03 18:52:15,666{GMT}	INFO	[jepsen test runner] jepsen.db: Setting up DB
2025-06-03 18:52:15,667{GMT}	INFO	[jepsen node n2] maelstrom.db: Setting up n2
2025-06-03 18:52:15,667{GMT}	INFO	[jepsen node n5] maelstrom.db: Setting up n5
2025-06-03 18:52:15,667{GMT}	INFO	[jepsen node n3] maelstrom.db: Setting up n3
2025-06-03 18:52:15,667{GMT}	INFO	[jepsen node n4] maelstrom.db: Setting up n4
2025-06-03 18:52:15,667{GMT}	INFO	[jepsen node n5] maelstrom.process: launching self/server/_build/default/bin/main.exe []
2025-06-03 18:52:15,667{GMT}	INFO	[jepsen node n3] maelstrom.process: launching self/server/_build/default/bin/main.exe []
2025-06-03 18:52:15,667{GMT}	INFO	[jepsen node n2] maelstrom.process: launching self/server/_build/default/bin/main.exe []
2025-06-03 18:52:15,667{GMT}	INFO	[jepsen node n4] maelstrom.process: launching self/server/_build/default/bin/main.exe []
2025-06-03 18:52:15,668{GMT}	INFO	[jepsen node n1] maelstrom.service: Starting services: (lin-kv lin-tso lww-kv seq-kv)
2025-06-03 18:52:15,669{GMT}	INFO	[jepsen node n1] maelstrom.db: Setting up n1
2025-06-03 18:52:15,669{GMT}	INFO	[jepsen node n1] maelstrom.process: launching self/server/_build/default/bin/main.exe []
2025-06-03 18:52:25,534{GMT}	INFO	[jepsen test runner] jepsen.core: Relative time begins now
2025-06-03 18:52:25,584{GMT}	INFO	[jepsen worker 0] jepsen.util: 0	:invoke	:broadcast	0
2025-06-03 18:52:25,587{GMT}	INFO	[jepsen worker 0] jepsen.util: 0	:ok	:broadcast	0
2025-06-03 18:52:25,671{GMT}	INFO	[jepsen worker 1] jepsen.util: 1	:invoke	:read	nil
2025-06-03 18:52:25,673{GMT}	INFO	[jepsen worker 1] jepsen.util: 1	:ok	:read	["0"]
2025-06-03 18:52:25,838{GMT}	INFO	[jepsen worker 2] jepsen.util: 2	:invoke	:broadcast	1
2025-06-03 18:52:25,843{GMT}	INFO	[jepsen worker 2] jepsen.util: 2	:ok	:broadcast	1
2025-06-03 18:52:25,865{GMT}	INFO	[jepsen worker 3] jepsen.util: 3	:invoke	:broadcast	2
2025-06-03 18:52:25,868{GMT}	INFO	[jepsen worker 3] jepsen.util: 3	:ok	:broadcast	2
2025-06-03 18:52:25,977{GMT}	INFO	[jepsen worker 4] jepsen.util: 4	:invoke	:broadcast	3
2025-06-03 18:52:25,981{GMT}	INFO	[jepsen worker 4] jepsen.util: 4	:ok	:broadcast	3
2025-06-03 18:52:26,141{GMT}	INFO	[jepsen worker 0] jepsen.util: 0	:invoke	:broadcast	4
2025-06-03 18:52:26,141{GMT}	INFO	[jepsen worker 1] jepsen.util: 1	:invoke	:broadcast	5
2025-06-03 18:52:26,144{GMT}	INFO	[jepsen worker 0] jepsen.util: 0	:ok	:broadcast	4
2025-06-03 18:52:26,145{GMT}	INFO	[jepsen worker 1] jepsen.util: 1	:ok	:broadcast	5
2025-06-03 18:52:26,338{GMT}	INFO	[jepsen worker 1] jepsen.util: 1	:invoke	:read	nil
2025-06-03 18:52:26,343{GMT}	INFO	[jepsen worker 1] jepsen.util: 1	:ok	:read	["0" "1" "2" "3" "4" "5"]
2025-06-03 18:52:26,501{GMT}	INFO	[jepsen worker 2] jepsen.util: 2	:invoke	:broadcast	6
2025-06-03 18:52:26,506{GMT}	INFO	[jepsen worker 2] jepsen.util: 2	:ok	:broadcast	6
2025-06-03 18:52:26,625{GMT}	INFO	[jepsen worker 3] jepsen.util: 3	:invoke	:read	nil
2025-06-03 18:52:26,627{GMT}	INFO	[jepsen worker 3] jepsen.util: 3	:ok	:read	["0" "1" "2" "3" "4" "5" "6"]
2025-06-03 18:52:26,804{GMT}	INFO	[jepsen worker 4] jepsen.util: 4	:invoke	:broadcast	7
2025-06-03 18:52:26,808{GMT}	INFO	[jepsen worker 4] jepsen.util: 4	:ok	:broadcast	7
2025-06-03 18:52:26,946{GMT}	INFO	[jepsen worker 0] jepsen.util: 0	:invoke	:read	nil
2025-06-03 18:52:26,950{GMT}	INFO	[jepsen worker 0] jepsen.util: 0	:ok	:read	["0" "1" "2" "3" "4" "5" "6" "7"]
2025-06-03 18:52:27,105{GMT}	INFO	[jepsen worker 0] jepsen.util: 0	:invoke	:broadcast	8
2025-06-03 18:52:27,112{GMT}	INFO	[jepsen worker 0] jepsen.util: 0	:ok	:broadcast	8
2025-06-03 18:52:27,185{GMT}	INFO	[jepsen worker 1] jepsen.util: 1	:invoke	:read	nil
2025-06-03 18:52:27,186{GMT}	INFO	[jepsen worker 1] jepsen.util: 1	:ok	:read	["0" "1" "2" "3" "4" "5" "6" "7" "8"]
2025-06-03 18:52:27,217{GMT}	INFO	[jepsen worker 2] jepsen.util: 2	:invoke	:broadcast	9
2025-06-03 18:52:27,218{GMT}	INFO	[jepsen worker 2] jepsen.util: 2	:ok	:broadcast	9
2025-06-03 18:52:27,226{GMT}	INFO	[jepsen worker 3] jepsen.util: 3	:invoke	:read	nil
2025-06-03 18:52:27,227{GMT}	INFO	[jepsen worker 3] jepsen.util: 3	:ok	:read	["0" "1" "2" "3" "4" "5" "6" "7" "8" "9"]
2025-06-03 18:52:27,408{GMT}	INFO	[jepsen worker 4] jepsen.util: 4	:invoke	:read	nil
2025-06-03 18:52:27,409{GMT}	INFO	[jepsen worker 4] jepsen.util: 4	:ok	:read	["0" "1" "2" "3" "4" "5" "6" "7" "8" "9"]
2025-06-03 18:52:27,547{GMT}	INFO	[jepsen worker 0] jepsen.util: 0	:invoke	:broadcast	10
2025-06-03 18:52:27,549{GMT}	INFO	[jepsen worker 0] jepsen.util: 0	:ok	:broadcast	10
2025-06-03 18:52:27,715{GMT}	INFO	[jepsen worker 0] jepsen.util: 0	:invoke	:read	nil
2025-06-03 18:52:27,717{GMT}	INFO	[jepsen worker 0] jepsen.util: 0	:ok	:read	["0" "1" "10" "2" "3" "4" "5" "6" "7" "8" "9"]
2025-06-03 18:52:27,860{GMT}	INFO	[jepsen worker 1] jepsen.util: 1	:invoke	:broadcast	11
2025-06-03 18:52:27,863{GMT}	INFO	[jepsen worker 1] jepsen.util: 1	:ok	:broadcast	11
2025-06-03 18:52:27,907{GMT}	INFO	[jepsen worker 2] jepsen.util: 2	:invoke	:read	nil
2025-06-03 18:52:27,909{GMT}	INFO	[jepsen worker 2] jepsen.util: 2	:ok	:read	["0" "1" "10" "11" "3" "4" "5" "6" "7" "8" "9"]
2025-06-03 18:52:28,010{GMT}	INFO	[jepsen worker 3] jepsen.util: 3	:invoke	:read	nil
2025-06-03 18:52:28,012{GMT}	INFO	[jepsen worker 3] jepsen.util: 3	:ok	:read	["0" "1" "10" "11" "2" "3" "4" "5" "6" "7" "8" "9"]
2025-06-03 18:52:28,141{GMT}	INFO	[jepsen worker 4] jepsen.util: 4	:invoke	:broadcast	12
2025-06-03 18:52:28,145{GMT}	INFO	[jepsen worker 4] jepsen.util: 4	:ok	:broadcast	12
2025-06-03 18:52:28,193{GMT}	INFO	[jepsen worker 0] jepsen.util: 0	:invoke	:read	nil
2025-06-03 18:52:28,194{GMT}	INFO	[jepsen worker 0] jepsen.util: 0	:ok	:read	["0" "1" "10" "11" "12" "2" "3" "4" "5" "6" "7" "8" "9"]
2025-06-03 18:52:28,385{GMT}	INFO	[jepsen worker 0] jepsen.util: 0	:invoke	:read	nil
2025-06-03 18:52:28,390{GMT}	INFO	[jepsen worker 0] jepsen.util: 0	:ok	:read	["0" "1" "10" "11" "12" "2" "3" "4" "5" "6" "7" "8" "9"]
2025-06-03 18:52:28,391{GMT}	INFO	[jepsen worker 1] jepsen.util: 1	:invoke	:broadcast	13
2025-06-03 18:52:28,397{GMT}	INFO	[jepsen worker 1] jepsen.util: 1	:ok	:broadcast	13
2025-06-03 18:52:28,594{GMT}	INFO	[jepsen worker 2] jepsen.util: 2	:invoke	:read	nil
2025-06-03 18:52:28,595{GMT}	INFO	[jepsen worker 2] jepsen.util: 2	:ok	:read	["0" "1" "10" "11" "12" "13" "3" "4" "5" "6" "7" "8" "9"]
2025-06-03 18:52:28,742{GMT}	INFO	[jepsen worker 3] jepsen.util: 3	:invoke	:read	nil
2025-06-03 18:52:28,745{GMT}	INFO	[jepsen worker 3] jepsen.util: 3	:ok	:read	["0" "1" "10" "11" "12" "13" "2" "3" "4" "5" "6" "7" "8" "9"]
2025-06-03 18:52:28,884{GMT}	INFO	[jepsen worker 4] jepsen.util: 4	:invoke	:read	nil
2025-06-03 18:52:28,886{GMT}	INFO	[jepsen worker 4] jepsen.util: 4	:ok	:read	["0" "1" "10" "11" "12" "13" "2" "3" "4" "5" "6" "7" "8" "9"]
2025-06-03 18:52:28,921{GMT}	INFO	[jepsen worker 0] jepsen.util: 0	:invoke	:broadcast	14
2025-06-03 18:52:28,924{GMT}	INFO	[jepsen worker 0] jepsen.util: 0	:ok	:broadcast	14
2025-06-03 18:52:29,081{GMT}	INFO	[jepsen worker 0] jepsen.util: 0	:invoke	:read	nil
2025-06-03 18:52:29,086{GMT}	INFO	[jepsen worker 0] jepsen.util: 0	:ok	:read	["0" "1" "10" "11" "12" "13" "14" "2" "3" "4" "5" "6" "7" "8" "9"]
2025-06-03 18:52:29,245{GMT}	INFO	[jepsen worker 1] jepsen.util: 1	:invoke	:read	nil
2025-06-03 18:52:29,248{GMT}	INFO	[jepsen worker 1] jepsen.util: 1	:ok	:read	["0" "1" "10" "11" "12" "13" "14" "2" "3" "4" "5" "6" "7" "8" "9"]
2025-06-03 18:52:29,363{GMT}	INFO	[jepsen worker 2] jepsen.util: 2	:invoke	:read	nil
2025-06-03 18:52:29,365{GMT}	INFO	[jepsen worker 2] jepsen.util: 2	:ok	:read	["0" "1" "10" "11" "12" "13" "14" "3" "4" "5" "6" "7" "8" "9"]
2025-06-03 18:52:29,423{GMT}	INFO	[jepsen worker 3] jepsen.util: 3	:invoke	:read	nil
2025-06-03 18:52:29,427{GMT}	INFO	[jepsen worker 3] jepsen.util: 3	:ok	:read	["0" "1" "10" "11" "12" "13" "14" "2" "3" "4" "5" "6" "7" "8" "9"]
2025-06-03 18:52:29,502{GMT}	INFO	[jepsen worker 4] jepsen.util: 4	:invoke	:read	nil
2025-06-03 18:52:29,505{GMT}	INFO	[jepsen worker 4] jepsen.util: 4	:ok	:read	["0" "1" "10" "11" "12" "13" "14" "2" "3" "4" "5" "6" "7" "8" "9"]
2025-06-03 18:52:29,550{GMT}	INFO	[jepsen worker 0] jepsen.util: 0	:invoke	:broadcast	15
2025-06-03 18:52:29,554{GMT}	INFO	[jepsen worker 1] jepsen.util: 1	:invoke	:broadcast	16
2025-06-03 18:52:29,556{GMT}	INFO	[jepsen worker 0] jepsen.util: 0	:ok	:broadcast	15
2025-06-03 18:52:29,566{GMT}	INFO	[jepsen worker 1] jepsen.util: 1	:ok	:broadcast	16
2025-06-03 18:52:29,694{GMT}	INFO	[jepsen worker 1] jepsen.util: 1	:invoke	:read	nil
2025-06-03 18:52:29,697{GMT}	INFO	[jepsen worker 1] jepsen.util: 1	:ok	:read	["0" "1" "10" "11" "12" "13" "14" "15" "16" "2" "3" "4" "5" "6" "7" "8" "9"]
2025-06-03 18:52:29,725{GMT}	INFO	[jepsen worker 2] jepsen.util: 2	:invoke	:broadcast	17
2025-06-03 18:52:29,727{GMT}	INFO	[jepsen worker 2] jepsen.util: 2	:ok	:broadcast	17
2025-06-03 18:52:29,925{GMT}	INFO	[jepsen worker 3] jepsen.util: 3	:invoke	:read	nil
2025-06-03 18:52:29,928{GMT}	INFO	[jepsen worker 3] jepsen.util: 3	:ok	:read	["0" "1" "10" "11" "12" "13" "14" "15" "17" "2" "3" "4" "5" "6" "7" "8" "9"]
2025-06-03 18:52:30,068{GMT}	INFO	[jepsen worker 4] jepsen.util: 4	:invoke	:broadcast	18
2025-06-03 18:52:30,073{GMT}	INFO	[jepsen worker 4] jepsen.util: 4	:ok	:broadcast	18
2025-06-03 18:52:30,123{GMT}	INFO	[jepsen worker 0] jepsen.util: 0	:invoke	:read	nil
2025-06-03 18:52:30,125{GMT}	INFO	[jepsen worker 0] jepsen.util: 0	:ok	:read	["0" "1" "10" "11" "12" "13" "14" "15" "17" "18" "2" "3" "4" "5" "6" "7" "8" "9"]
2025-06-03 18:52:30,213{GMT}	INFO	[jepsen worker 0] jepsen.util: 0	:invoke	:read	nil
2025-06-03 18:52:30,217{GMT}	INFO	[jepsen worker 0] jepsen.util: 0	:ok	:read	["0" "1" "10" "11" "12" "13" "14" "15" "17" "18" "2" "3" "4" "5" "6" "7" "8" "9"]
2025-06-03 18:52:30,300{GMT}	INFO	[jepsen worker 1] jepsen.util: 1	:invoke	:read	nil
2025-06-03 18:52:30,302{GMT}	INFO	[jepsen worker 1] jepsen.util: 1	:ok	:read	["0" "1" "10" "11" "12" "13" "14" "15" "16" "17" "18" "2" "3" "4" "5" "6" "7" "8" "9"]
2025-06-03 18:52:30,354{GMT}	INFO	[jepsen worker 2] jepsen.util: 2	:invoke	:read	nil
2025-06-03 18:52:30,357{GMT}	INFO	[jepsen worker 2] jepsen.util: 2	:ok	:read	["0" "1" "10" "11" "12" "13" "14" "15" "17" "18" "3" "4" "5" "6" "7" "8" "9"]
2025-06-03 18:52:30,486{GMT}	INFO	[jepsen worker 3] jepsen.util: 3	:invoke	:broadcast	19
2025-06-03 18:52:30,489{GMT}	INFO	[jepsen worker 3] jepsen.util: 3	:ok	:broadcast	19
2025-06-03 18:52:30,538{GMT}	INFO	[jepsen worker 4] jepsen.util: 4	:invoke	:read	nil
2025-06-03 18:52:30,540{GMT}	INFO	[jepsen worker 4] jepsen.util: 4	:ok	:read	["0" "1" "10" "11" "12" "13" "14" "15" "17" "18" "19" "2" "3" "4" "5" "6" "7" "8" "9"]
2025-06-03 18:52:30,639{GMT}	INFO	[jepsen worker 0] jepsen.util: 0	:invoke	:broadcast	20
2025-06-03 18:52:30,642{GMT}	INFO	[jepsen worker 0] jepsen.util: 0	:ok	:broadcast	20
2025-06-03 18:52:30,646{GMT}	INFO	[jepsen worker 0] jepsen.util: 0	:invoke	:read	nil
2025-06-03 18:52:30,649{GMT}	INFO	[jepsen worker 0] jepsen.util: 0	:ok	:read	["0" "1" "10" "11" "12" "13" "14" "15" "17" "18" "19" "2" "20" "3" "4" "5" "6" "7" "8" "9"]
2025-06-03 18:52:30,706{GMT}	INFO	[jepsen worker 1] jepsen.util: 1	:invoke	:broadcast	21
2025-06-03 18:52:30,709{GMT}	INFO	[jepsen worker 1] jepsen.util: 1	:ok	:broadcast	21
2025-06-03 18:52:30,917{GMT}	INFO	[jepsen worker 2] jepsen.util: 2	:invoke	:broadcast	22
2025-06-03 18:52:30,918{GMT}	INFO	[jepsen worker 2] jepsen.util: 2	:ok	:broadcast	22
2025-06-03 18:52:30,963{GMT}	INFO	[jepsen worker 3] jepsen.util: 3	:invoke	:read	nil
2025-06-03 18:52:30,963{GMT}	INFO	[jepsen worker 3] jepsen.util: 3	:ok	:read	["0" "1" "10" "11" "12" "13" "14" "15" "17" "18" "19" "2" "20" "21" "22" "3" "4" "5" "6" "7" "8" "9"]
2025-06-03 18:52:30,969{GMT}	INFO	[jepsen worker 4] jepsen.util: 4	:invoke	:read	nil
2025-06-03 18:52:30,970{GMT}	INFO	[jepsen worker 4] jepsen.util: 4	:ok	:read	["0" "1" "10" "11" "12" "13" "14" "15" "17" "18" "19" "2" "20" "21" "22" "3" "4" "5" "6" "7" "8" "9"]
2025-06-03 18:52:31,092{GMT}	INFO	[jepsen worker 0] jepsen.util: 0	:invoke	:read	nil
2025-06-03 18:52:31,095{GMT}	INFO	[jepsen worker 0] jepsen.util: 0	:ok	:read	["0" "1" "10" "11" "12" "13" "14" "15" "17" "18" "19" "2" "20" "21" "22" "3" "4" "5" "6" "7" "8" "9"]
2025-06-03 18:52:31,194{GMT}	INFO	[jepsen worker 0] jepsen.util: 0	:invoke	:broadcast	23
2025-06-03 18:52:31,197{GMT}	INFO	[jepsen worker 0] jepsen.util: 0	:ok	:broadcast	23
2025-06-03 18:52:31,315{GMT}	INFO	[jepsen worker 1] jepsen.util: 1	:invoke	:broadcast	24
2025-06-03 18:52:31,320{GMT}	INFO	[jepsen worker 1] jepsen.util: 1	:ok	:broadcast	24
2025-06-03 18:52:31,504{GMT}	INFO	[jepsen worker 2] jepsen.util: 2	:invoke	:read	nil
2025-06-03 18:52:31,507{GMT}	INFO	[jepsen worker 2] jepsen.util: 2	:ok	:read	["0" "1" "10" "11" "12" "13" "14" "15" "17" "18" "20" "21" "22" "23" "24" "3" "4" "5" "6" "7" "8" "9"]
2025-06-03 18:52:31,685{GMT}	INFO	[jepsen worker 3] jepsen.util: 3	:invoke	:broadcast	25
2025-06-03 18:52:31,686{GMT}	INFO	[jepsen worker 3] jepsen.util: 3	:ok	:broadcast	25
2025-06-03 18:52:31,710{GMT}	INFO	[jepsen worker 4] jepsen.util: 4	:invoke	:broadcast	26
2025-06-03 18:52:31,712{GMT}	INFO	[jepsen worker 4] jepsen.util: 4	:ok	:broadcast	26
2025-06-03 18:52:31,855{GMT}	INFO	[jepsen worker 0] jepsen.util: 0	:invoke	:broadcast	27
2025-06-03 18:52:31,859{GMT}	INFO	[jepsen worker 0] jepsen.util: 0	:ok	:broadcast	27
2025-06-03 18:52:32,007{GMT}	INFO	[jepsen worker 0] jepsen.util: 0	:invoke	:broadcast	28
2025-06-03 18:52:32,010{GMT}	INFO	[jepsen worker 0] jepsen.util: 0	:ok	:broadcast	28
2025-06-03 18:52:32,142{GMT}	INFO	[jepsen worker 1] jepsen.util: 1	:invoke	:broadcast	29
2025-06-03 18:52:32,145{GMT}	INFO	[jepsen worker 1] jepsen.util: 1	:ok	:broadcast	29
2025-06-03 18:52:32,167{GMT}	INFO	[jepsen worker 2] jepsen.util: 2	:invoke	:broadcast	30
2025-06-03 18:52:32,168{GMT}	INFO	[jepsen worker 2] jepsen.util: 2	:ok	:broadcast	30
2025-06-03 18:52:32,333{GMT}	INFO	[jepsen worker 3] jepsen.util: 3	:invoke	:broadcast	31
2025-06-03 18:52:32,337{GMT}	INFO	[jepsen worker 4] jepsen.util: 4	:invoke	:broadcast	32
2025-06-03 18:52:32,337{GMT}	INFO	[jepsen worker 3] jepsen.util: 3	:ok	:broadcast	31
2025-06-03 18:52:32,338{GMT}	INFO	[jepsen worker 4] jepsen.util: 4	:ok	:broadcast	32
2025-06-03 18:52:32,453{GMT}	INFO	[jepsen worker 0] jepsen.util: 0	:invoke	:read	nil
2025-06-03 18:52:32,456{GMT}	INFO	[jepsen worker 0] jepsen.util: 0	:ok	:read	["0" "1" "10" "11" "12" "13" "14" "15" "17" "18" "19" "2" "20" "21" "22" "23" "24" "25" "26" "27" "28" "29" "3" "30" "31" "4" "5" "6" "7" "8" "9"]
2025-06-03 18:52:32,496{GMT}	INFO	[jepsen worker 0] jepsen.util: 0	:invoke	:broadcast	33
2025-06-03 18:52:32,499{GMT}	INFO	[jepsen worker 0] jepsen.util: 0	:ok	:broadcast	33
2025-06-03 18:52:32,590{GMT}	INFO	[jepsen worker 1] jepsen.util: 1	:invoke	:read	nil
2025-06-03 18:52:32,593{GMT}	INFO	[jepsen worker 1] jepsen.util: 1	:ok	:read	["0" "1" "10" "11" "12" "13" "14" "15" "16" "17" "18" "19" "2" "20" "21" "22" "23" "24" "25" "26" "27" "28" "29" "3" "30" "31" "33" "4" "5" "6" "7" "8" "9"]
2025-06-03 18:52:32,643{GMT}	INFO	[jepsen worker 2] jepsen.util: 2	:invoke	:read	nil
2025-06-03 18:52:32,646{GMT}	INFO	[jepsen worker 2] jepsen.util: 2	:ok	:read	["0" "1" "10" "11" "12" "13" "14" "15" "17" "18" "20" "21" "22" "23" "24" "26" "27" "28" "29" "3" "30" "31" "33" "4" "5" "6" "7" "8" "9"]
2025-06-03 18:52:32,798{GMT}	INFO	[jepsen worker 3] jepsen.util: 3	:invoke	:read	nil
2025-06-03 18:52:32,803{GMT}	INFO	[jepsen worker 3] jepsen.util: 3	:ok	:read	["0" "1" "10" "11" "12" "13" "14" "15" "17" "18" "19" "2" "20" "21" "22" "23" "24" "25" "26" "27" "28" "29" "3" "30" "31" "33" "4" "5" "6" "7" "8" "9"]
2025-06-03 18:52:32,916{GMT}	INFO	[jepsen worker 4] jepsen.util: 4	:invoke	:read	nil
2025-06-03 18:52:32,918{GMT}	INFO	[jepsen worker 4] jepsen.util: 4	:ok	:read	["0" "1" "10" "11" "12" "13" "14" "15" "17" "18" "19" "2" "20" "21" "22" "23" "24" "25" "26" "27" "28" "29" "3" "30" "31" "32" "33" "4" "5" "6" "7" "8" "9"]
2025-06-03 18:52:32,994{GMT}	INFO	[jepsen worker 0] jepsen.util: 0	:invoke	:broadcast	34
2025-06-03 18:52:33,000{GMT}	INFO	[jepsen worker 0] jepsen.util: 0	:ok	:broadcast	34
2025-06-03 18:52:33,076{GMT}	INFO	[jepsen worker 0] jepsen.util: 0	:invoke	:broadcast	35
2025-06-03 18:52:33,079{GMT}	INFO	[jepsen worker 0] jepsen.util: 0	:ok	:broadcast	35
2025-06-03 18:52:33,163{GMT}	INFO	[jepsen worker 1] jepsen.util: 1	:invoke	:read	nil
2025-06-03 18:52:33,164{GMT}	INFO	[jepsen worker 1] jepsen.util: 1	:ok	:read	["0" "1" "10" "11" "12" "13" "14" "15" "16" "17" "18" "19" "2" "20" "21" "22" "23" "24" "25" "26" "27" "28" "29" "3" "30" "31" "33" "34" "35" "4" "5" "6" "7" "8" "9"]
2025-06-03 18:52:33,298{GMT}	INFO	[jepsen worker 2] jepsen.util: 2	:invoke	:broadcast	36
2025-06-03 18:52:33,300{GMT}	INFO	[jepsen worker 2] jepsen.util: 2	:ok	:broadcast	36
2025-06-03 18:52:33,402{GMT}	INFO	[jepsen worker 3] jepsen.util: 3	:invoke	:broadcast	37
2025-06-03 18:52:33,405{GMT}	INFO	[jepsen worker 3] jepsen.util: 3	:ok	:broadcast	37
2025-06-03 18:52:33,462{GMT}	INFO	[jepsen worker 4] jepsen.util: 4	:invoke	:broadcast	38
2025-06-03 18:52:33,463{GMT}	INFO	[jepsen worker 4] jepsen.util: 4	:ok	:broadcast	38
2025-06-03 18:52:33,651{GMT}	INFO	[jepsen worker 0] jepsen.util: 0	:invoke	:read	nil
2025-06-03 18:52:33,652{GMT}	INFO	[jepsen worker 0] jepsen.util: 0	:ok	:read	["0" "1" "10" "11" "12" "13" "14" "15" "17" "18" "19" "2" "20" "21" "22" "23" "24" "25" "26" "27" "28" "29" "3" "30" "31" "33" "34" "35" "36" "37" "38" "4" "5" "6" "7" "8" "9"]
2025-06-03 18:52:33,748{GMT}	INFO	[jepsen worker 0] jepsen.util: 0	:invoke	:broadcast	39
2025-06-03 18:52:33,750{GMT}	INFO	[jepsen worker 0] jepsen.util: 0	:ok	:broadcast	39
2025-06-03 18:52:33,861{GMT}	INFO	[jepsen worker 1] jepsen.util: 1	:invoke	:read	nil
2025-06-03 18:52:33,863{GMT}	INFO	[jepsen worker 1] jepsen.util: 1	:ok	:read	["0" "1" "10" "11" "12" "13" "14" "15" "16" "17" "18" "19" "2" "20" "21" "22" "23" "24" "25" "26" "27" "28" "29" "3" "30" "31" "33" "34" "35" "36" "37" "38" "39" "4" "5" "6" "7" "8" "9"]
2025-06-03 18:52:33,894{GMT}	INFO	[jepsen worker 2] jepsen.util: 2	:invoke	:read	nil
2025-06-03 18:52:33,896{GMT}	INFO	[jepsen worker 2] jepsen.util: 2	:ok	:read	["0" "1" "10" "11" "12" "13" "14" "15" "17" "18" "20" "21" "22" "23" "24" "26" "27" "28" "29" "3" "30" "31" "33" "34" "35" "36" "39" "4" "5" "6" "7" "8" "9"]
2025-06-03 18:52:34,045{GMT}	INFO	[jepsen worker 3] jepsen.util: 3	:invoke	:read	nil
2025-06-03 18:52:34,047{GMT}	INFO	[jepsen worker 3] jepsen.util: 3	:ok	:read	["0" "1" "10" "11" "12" "13" "14" "15" "17" "18" "19" "2" "20" "21" "22" "23" "24" "25" "26" "27" "28" "29" "3" "30" "31" "33" "34" "35" "36" "37" "38" "39" "4" "5" "6" "7" "8" "9"]
2025-06-03 18:52:34,210{GMT}	INFO	[jepsen worker 4] jepsen.util: 4	:invoke	:read	nil
2025-06-03 18:52:34,212{GMT}	INFO	[jepsen worker 4] jepsen.util: 4	:ok	:read	["0" "1" "10" "11" "12" "13" "14" "15" "17" "18" "19" "2" "20" "21" "22" "23" "24" "25" "26" "27" "28" "29" "3" "30" "31" "32" "33" "34" "35" "36" "37" "38" "39" "4" "5" "6" "7" "8" "9"]
2025-06-03 18:52:34,388{GMT}	INFO	[jepsen worker 0] jepsen.util: 0	:invoke	:read	nil
2025-06-03 18:52:34,391{GMT}	INFO	[jepsen worker 0] jepsen.util: 0	:ok	:read	["0" "1" "10" "11" "12" "13" "14" "15" "17" "18" "19" "2" "20" "21" "22" "23" "24" "25" "26" "27" "28" "29" "3" "30" "31" "33" "34" "35" "36" "37" "38" "39" "4" "5" "6" "7" "8" "9"]
2025-06-03 18:52:34,439{GMT}	INFO	[jepsen worker 0] jepsen.util: 0	:invoke	:read	nil
2025-06-03 18:52:34,441{GMT}	INFO	[jepsen worker 0] jepsen.util: 0	:ok	:read	["0" "1" "10" "11" "12" "13" "14" "15" "17" "18" "19" "2" "20" "21" "22" "23" "24" "25" "26" "27" "28" "29" "3" "30" "31" "33" "34" "35" "36" "37" "38" "39" "4" "5" "6" "7" "8" "9"]
2025-06-03 18:52:34,555{GMT}	INFO	[jepsen worker 1] jepsen.util: 1	:invoke	:read	nil
2025-06-03 18:52:34,557{GMT}	INFO	[jepsen worker 1] jepsen.util: 1	:ok	:read	["0" "1" "10" "11" "12" "13" "14" "15" "16" "17" "18" "19" "2" "20" "21" "22" "23" "24" "25" "26" "27" "28" "29" "3" "30" "31" "33" "34" "35" "36" "37" "38" "39" "4" "5" "6" "7" "8" "9"]
2025-06-03 18:52:34,594{GMT}	INFO	[jepsen worker 2] jepsen.util: 2	:invoke	:read	nil
2025-06-03 18:52:34,596{GMT}	INFO	[jepsen worker 2] jepsen.util: 2	:ok	:read	["0" "1" "10" "11" "12" "13" "14" "15" "17" "18" "20" "21" "22" "23" "24" "26" "27" "28" "29" "3" "30" "31" "33" "34" "35" "36" "39" "4" "5" "6" "7" "8" "9"]
2025-06-03 18:52:34,777{GMT}	INFO	[jepsen worker 3] jepsen.util: 3	:invoke	:broadcast	40
2025-06-03 18:52:34,781{GMT}	INFO	[jepsen worker 3] jepsen.util: 3	:ok	:broadcast	40
2025-06-03 18:52:34,850{GMT}	INFO	[jepsen worker 4] jepsen.util: 4	:invoke	:read	nil
2025-06-03 18:52:34,853{GMT}	INFO	[jepsen worker 4] jepsen.util: 4	:ok	:read	["0" "1" "10" "11" "12" "13" "14" "15" "17" "18" "19" "2" "20" "21" "22" "23" "24" "25" "26" "27" "28" "29" "3" "30" "31" "32" "33" "34" "35" "36" "37" "38" "39" "4" "40" "5" "6" "7" "8" "9"]
2025-06-03 18:52:34,989{GMT}	INFO	[jepsen worker 0] jepsen.util: 0	:invoke	:broadcast	41
2025-06-03 18:52:34,992{GMT}	INFO	[jepsen worker 0] jepsen.util: 0	:ok	:broadcast	41
2025-06-03 18:52:34,993{GMT}	INFO	[jepsen worker 0] jepsen.util: 0	:invoke	:read	nil
2025-06-03 18:52:34,995{GMT}	INFO	[jepsen worker 0] jepsen.util: 0	:ok	:read	["0" "1" "10" "11" "12" "13" "14" "15" "17" "18" "19" "2" "20" "21" "22" "23" "24" "25" "26" "27" "28" "29" "3" "30" "31" "33" "34" "35" "36" "37" "38" "39" "4" "40" "41" "5" "6" "7" "8" "9"]
2025-06-03 18:52:35,158{GMT}	INFO	[jepsen worker 1] jepsen.util: 1	:invoke	:broadcast	42
2025-06-03 18:52:35,162{GMT}	INFO	[jepsen worker 1] jepsen.util: 1	:ok	:broadcast	42
2025-06-03 18:52:35,224{GMT}	INFO	[jepsen worker 2] jepsen.util: 2	:invoke	:read	nil
2025-06-03 18:52:35,227{GMT}	INFO	[jepsen worker 2] jepsen.util: 2	:ok	:read	["0" "1" "10" "11" "12" "13" "14" "15" "17" "18" "20" "21" "22" "23" "24" "26" "27" "28" "29" "3" "30" "31" "33" "34" "35" "36" "39" "4" "41" "42" "5" "6" "7" "8" "9"]
2025-06-03 18:52:35,370{GMT}	INFO	[jepsen worker 3] jepsen.util: 3	:invoke	:broadcast	43
2025-06-03 18:52:35,373{GMT}	INFO	[jepsen worker 3] jepsen.util: 3	:ok	:broadcast	43
2025-06-03 18:52:35,496{GMT}	INFO	[jepsen worker 4] jepsen.util: 4	:invoke	:broadcast	44
2025-06-03 18:52:35,499{GMT}	INFO	[jepsen worker 4] jepsen.util: 4	:ok	:broadcast	44
2025-06-03 18:52:35,611{GMT}	INFO	[jepsen worker 0] jepsen.util: 0	:invoke	:read	nil
2025-06-03 18:52:35,614{GMT}	INFO	[jepsen worker 0] jepsen.util: 0	:ok	:read	["0" "1" "10" "11" "12" "13" "14" "15" "17" "18" "19" "2" "20" "21" "22" "23" "24" "25" "26" "27" "28" "29" "3" "30" "31" "33" "34" "35" "36" "37" "38" "39" "4" "40" "41" "42" "43" "44" "5" "6" "7" "8" "9"]
2025-06-03 18:52:35,675{GMT}	INFO	[jepsen worker 0] jepsen.util: 0	:invoke	:read	nil
2025-06-03 18:52:35,676{GMT}	INFO	[jepsen worker 0] jepsen.util: 0	:ok	:read	["0" "1" "10" "11" "12" "13" "14" "15" "17" "18" "19" "2" "20" "21" "22" "23" "24" "25" "26" "27" "28" "29" "3" "30" "31" "33" "34" "35" "36" "37" "38" "39" "4" "40" "41" "42" "43" "44" "5" "6" "7" "8" "9"]
2025-06-03 18:52:35,760{GMT}	INFO	[jepsen worker 1] jepsen.util: 1	:invoke	:broadcast	45
2025-06-03 18:52:35,762{GMT}	INFO	[jepsen worker 1] jepsen.util: 1	:ok	:broadcast	45
2025-06-03 18:52:35,819{GMT}	INFO	[jepsen worker 2] jepsen.util: 2	:invoke	:broadcast	46
2025-06-03 18:52:35,821{GMT}	INFO	[jepsen worker 2] jepsen.util: 2	:ok	:broadcast	46
2025-06-03 18:52:35,844{GMT}	INFO	[jepsen worker 3] jepsen.util: 3	:invoke	:broadcast	47
2025-06-03 18:52:35,851{GMT}	INFO	[jepsen worker 3] jepsen.util: 3	:ok	:broadcast	47
2025-06-03 18:52:35,943{GMT}	INFO	[jepsen worker 4] jepsen.util: 4	:invoke	:broadcast	48
2025-06-03 18:52:35,946{GMT}	INFO	[jepsen worker 4] jepsen.util: 4	:ok	:broadcast	48
2025-06-03 18:52:36,094{GMT}	INFO	[jepsen worker 0] jepsen.util: 0	:invoke	:read	nil
2025-06-03 18:52:36,097{GMT}	INFO	[jepsen worker 0] jepsen.util: 0	:ok	:read	["0" "1" "10" "11" "12" "13" "14" "15" "17" "18" "19" "2" "20" "21" "22" "23" "24" "25" "26" "27" "28" "29" "3" "30" "31" "33" "34" "35" "36" "37" "38" "39" "4" "40" "41" "42" "43" "44" "45" "46" "47" "48" "5" "6" "7" "8" "9"]
2025-06-03 18:52:36,178{GMT}	INFO	[jepsen worker 0] jepsen.util: 0	:invoke	:broadcast	49
2025-06-03 18:52:36,181{GMT}	INFO	[jepsen worker 0] jepsen.util: 0	:ok	:broadcast	49
2025-06-03 18:52:36,227{GMT}	INFO	[jepsen worker 1] jepsen.util: 1	:invoke	:broadcast	50
2025-06-03 18:52:36,230{GMT}	INFO	[jepsen worker 1] jepsen.util: 1	:ok	:broadcast	50
2025-06-03 18:52:36,379{GMT}	INFO	[jepsen worker 2] jepsen.util: 2	:invoke	:broadcast	51
2025-06-03 18:52:36,383{GMT}	INFO	[jepsen worker 2] jepsen.util: 2	:ok	:broadcast	51
2025-06-03 18:52:36,570{GMT}	INFO	[jepsen worker 3] jepsen.util: 3	:invoke	:broadcast	52
2025-06-03 18:52:36,571{GMT}	INFO	[jepsen worker 3] jepsen.util: 3	:ok	:broadcast	52
2025-06-03 18:52:36,762{GMT}	INFO	[jepsen worker 4] jepsen.util: 4	:invoke	:read	nil
2025-06-03 18:52:36,765{GMT}	INFO	[jepsen worker 4] jepsen.util: 4	:ok	:read	["0" "1" "10" "11" "12" "13" "14" "15" "17" "18" "19" "2" "20" "21" "22" "23" "24" "25" "26" "27" "28" "29" "3" "30" "31" "32" "33" "34" "35" "36" "37" "38" "39" "4" "40" "41" "42" "43" "44" "45" "46" "47" "48" "49" "5" "50" "51" "52" "6" "7" "8" "9"]
2025-06-03 18:52:36,885{GMT}	INFO	[jepsen worker 0] jepsen.util: 0	:invoke	:broadcast	53
2025-06-03 18:52:36,888{GMT}	INFO	[jepsen worker 0] jepsen.util: 0	:ok	:broadcast	53
2025-06-03 18:52:37,064{GMT}	INFO	[jepsen worker 0] jepsen.util: 0	:invoke	:read	nil
2025-06-03 18:52:37,067{GMT}	INFO	[jepsen worker 0] jepsen.util: 0	:ok	:read	["0" "1" "10" "11" "12" "13" "14" "15" "17" "18" "19" "2" "20" "21" "22" "23" "24" "25" "26" "27" "28" "29" "3" "30" "31" "33" "34" "35" "36" "37" "38" "39" "4" "40" "41" "42" "43" "44" "45" "46" "47" "48" "49" "5" "50" "51" "52" "53" "6" "7" "8" "9"]
2025-06-03 18:52:37,136{GMT}	INFO	[jepsen worker 1] jepsen.util: 1	:invoke	:broadcast	54
2025-06-03 18:52:37,139{GMT}	INFO	[jepsen worker 1] jepsen.util: 1	:ok	:broadcast	54
2025-06-03 18:52:37,219{GMT}	INFO	[jepsen worker 2] jepsen.util: 2	:invoke	:broadcast	55
2025-06-03 18:52:37,222{GMT}	INFO	[jepsen worker 2] jepsen.util: 2	:ok	:broadcast	55
2025-06-03 18:52:37,377{GMT}	INFO	[jepsen worker 3] jepsen.util: 3	:invoke	:broadcast	56
2025-06-03 18:52:37,380{GMT}	INFO	[jepsen worker 3] jepsen.util: 3	:ok	:broadcast	56
2025-06-03 18:52:37,405{GMT}	INFO	[jepsen worker 4] jepsen.util: 4	:invoke	:broadcast	57
2025-06-03 18:52:37,407{GMT}	INFO	[jepsen worker 4] jepsen.util: 4	:ok	:broadcast	57
2025-06-03 18:52:37,476{GMT}	INFO	[jepsen worker 0] jepsen.util: 0	:invoke	:broadcast	58
2025-06-03 18:52:37,478{GMT}	INFO	[jepsen worker 0] jepsen.util: 0	:ok	:broadcast	58
2025-06-03 18:52:37,638{GMT}	INFO	[jepsen worker 0] jepsen.util: 0	:invoke	:broadcast	59
2025-06-03 18:52:37,641{GMT}	INFO	[jepsen worker 0] jepsen.util: 0	:ok	:broadcast	59
2025-06-03 18:52:37,641{GMT}	INFO	[jepsen worker 1] jepsen.util: 1	:invoke	:broadcast	60
2025-06-03 18:52:37,643{GMT}	INFO	[jepsen worker 1] jepsen.util: 1	:ok	:broadcast	60
2025-06-03 18:52:37,726{GMT}	INFO	[jepsen worker 2] jepsen.util: 2	:invoke	:broadcast	61
2025-06-03 18:52:37,728{GMT}	INFO	[jepsen worker 2] jepsen.util: 2	:ok	:broadcast	61
2025-06-03 18:52:37,870{GMT}	INFO	[jepsen worker 3] jepsen.util: 3	:invoke	:broadcast	62
2025-06-03 18:52:37,872{GMT}	INFO	[jepsen worker 3] jepsen.util: 3	:ok	:broadcast	62
2025-06-03 18:52:38,034{GMT}	INFO	[jepsen worker 4] jepsen.util: 4	:invoke	:broadcast	63
2025-06-03 18:52:38,036{GMT}	INFO	[jepsen worker 4] jepsen.util: 4	:ok	:broadcast	63
2025-06-03 18:52:38,100{GMT}	INFO	[jepsen worker 0] jepsen.util: 0	:invoke	:broadcast	64
2025-06-03 18:52:38,101{GMT}	INFO	[jepsen worker 0] jepsen.util: 0	:ok	:broadcast	64
2025-06-03 18:52:38,253{GMT}	INFO	[jepsen worker 0] jepsen.util: 0	:invoke	:read	nil
2025-06-03 18:52:38,255{GMT}	INFO	[jepsen worker 0] jepsen.util: 0	:ok	:read	["0" "1" "10" "11" "12" "13" "14" "15" "17" "18" "19" "2" "20" "21" "22" "23" "24" "25" "26" "27" "28" "29" "3" "30" "31" "33" "34" "35" "36" "37" "38" "39" "4" "40" "41" "42" "43" "44" "45" "46" "47" "48" "49" "5" "50" "51" "52" "53" "54" "55" "56" "57" "58" "59" "6" "61" "62" "63" "64" "7" "8" "9"]
2025-06-03 18:52:38,337{GMT}	INFO	[jepsen worker 1] jepsen.util: 1	:invoke	:broadcast	65
2025-06-03 18:52:38,339{GMT}	INFO	[jepsen worker 1] jepsen.util: 1	:ok	:broadcast	65
2025-06-03 18:52:38,411{GMT}	INFO	[jepsen worker 2] jepsen.util: 2	:invoke	:broadcast	66
2025-06-03 18:52:38,413{GMT}	INFO	[jepsen worker 2] jepsen.util: 2	:ok	:broadcast	66
2025-06-03 18:52:38,585{GMT}	INFO	[jepsen worker 3] jepsen.util: 3	:invoke	:read	nil
2025-06-03 18:52:38,589{GMT}	INFO	[jepsen worker 3] jepsen.util: 3	:ok	:read	["0" "1" "10" "11" "12" "13" "14" "15" "17" "18" "19" "2" "20" "21" "22" "23" "24" "25" "26" "27" "28" "29" "3" "30" "31" "33" "34" "35" "36" "37" "38" "39" "4" "40" "41" "42" "43" "44" "45" "46" "47" "48" "49" "5" "50" "51" "52" "53" "54" "55" "56" "57" "58" "59" "6" "61" "62" "63" "64" "65" "66" "7" "8" "9"]
2025-06-03 18:52:38,781{GMT}	INFO	[jepsen worker 4] jepsen.util: 4	:invoke	:read	nil
2025-06-03 18:52:38,782{GMT}	INFO	[jepsen worker 4] jepsen.util: 4	:ok	:read	["0" "1" "10" "11" "12" "13" "14" "15" "17" "18" "19" "2" "20" "21" "22" "23" "24" "25" "26" "27" "28" "29" "3" "30" "31" "32" "33" "34" "35" "36" "37" "38" "39" "4" "40" "41" "42" "43" "44" "45" "46" "47" "48" "49" "5" "50" "51" "52" "53" "54" "55" "56" "57" "58" "59" "6" "61" "62" "63" "64" "65" "66" "7" "8" "9"]
2025-06-03 18:52:38,974{GMT}	INFO	[jepsen worker 0] jepsen.util: 0	:invoke	:read	nil
2025-06-03 18:52:38,976{GMT}	INFO	[jepsen worker 0] jepsen.util: 0	:ok	:read	["0" "1" "10" "11" "12" "13" "14" "15" "17" "18" "19" "2" "20" "21" "22" "23" "24" "25" "26" "27" "28" "29" "3" "30" "31" "33" "34" "35" "36" "37" "38" "39" "4" "40" "41" "42" "43" "44" "45" "46" "47" "48" "49" "5" "50" "51" "52" "53" "54" "55" "56" "57" "58" "59" "6" "61" "62" "63" "64" "65" "66" "7" "8" "9"]
2025-06-03 18:52:39,130{GMT}	INFO	[jepsen worker 0] jepsen.util: 0	:invoke	:read	nil
2025-06-03 18:52:39,131{GMT}	INFO	[jepsen worker 0] jepsen.util: 0	:ok	:read	["0" "1" "10" "11" "12" "13" "14" "15" "17" "18" "19" "2" "20" "21" "22" "23" "24" "25" "26" "27" "28" "29" "3" "30" "31" "33" "34" "35" "36" "37" "38" "39" "4" "40" "41" "42" "43" "44" "45" "46" "47" "48" "49" "5" "50" "51" "52" "53" "54" "55" "56" "57" "58" "59" "6" "61" "62" "63" "64" "65" "66" "7" "8" "9"]
2025-06-03 18:52:39,256{GMT}	INFO	[jepsen worker 1] jepsen.util: 1	:invoke	:read	nil
2025-06-03 18:52:39,258{GMT}	INFO	[jepsen worker 1] jepsen.util: 1	:ok	:read	["0" "1" "10" "11" "12" "13" "14" "15" "16" "17" "18" "19" "2" "20" "21" "22" "23" "24" "25" "26" "27" "28" "29" "3" "30" "31" "33" "34" "35" "36" "37" "38" "39" "4" "40" "41" "42" "43" "44" "45" "46" "47" "48" "49" "5" "50" "51" "52" "53" "54" "55" "56" "57" "58" "59" "6" "60" "61" "62" "63" "64" "65" "66" "7" "8" "9"]
2025-06-03 18:52:39,422{GMT}	INFO	[jepsen worker 2] jepsen.util: 2	:invoke	:broadcast	67
2025-06-03 18:52:39,424{GMT}	INFO	[jepsen worker 2] jepsen.util: 2	:ok	:broadcast	67
2025-06-03 18:52:39,611{GMT}	INFO	[jepsen worker 3] jepsen.util: 3	:invoke	:read	nil
2025-06-03 18:52:39,614{GMT}	INFO	[jepsen worker 3] jepsen.util: 3	:ok	:read	["0" "1" "10" "11" "12" "13" "14" "15" "17" "18" "19" "2" "20" "21" "22" "23" "24" "25" "26" "27" "28" "29" "3" "30" "31" "33" "34" "35" "36" "37" "38" "39" "4" "40" "41" "42" "43" "44" "45" "46" "47" "48" "49" "5" "50" "51" "52" "53" "54" "55" "56" "57" "58" "59" "6" "61" "62" "63" "64" "65" "66" "67" "7" "8" "9"]
2025-06-03 18:52:39,761{GMT}	INFO	[jepsen worker 4] jepsen.util: 4	:invoke	:read	nil
2025-06-03 18:52:39,762{GMT}	INFO	[jepsen worker 4] jepsen.util: 4	:ok	:read	["0" "1" "10" "11" "12" "13" "14" "15" "17" "18" "19" "2" "20" "21" "22" "23" "24" "25" "26" "27" "28" "29" "3" "30" "31" "32" "33" "34" "35" "36" "37" "38" "39" "4" "40" "41" "42" "43" "44" "45" "46" "47" "48" "49" "5" "50" "51" "52" "53" "54" "55" "56" "57" "58" "59" "6" "61" "62" "63" "64" "65" "66" "67" "7" "8" "9"]
2025-06-03 18:52:39,800{GMT}	INFO	[jepsen worker 0] jepsen.util: 0	:invoke	:read	nil
2025-06-03 18:52:39,802{GMT}	INFO	[jepsen worker 0] jepsen.util: 0	:ok	:read	["0" "1" "10" "11" "12" "13" "14" "15" "17" "18" "19" "2" "20" "21" "22" "23" "24" "25" "26" "27" "28" "29" "3" "30" "31" "33" "34" "35" "36" "37" "38" "39" "4" "40" "41" "42" "43" "44" "45" "46" "47" "48" "49" "5" "50" "51" "52" "53" "54" "55" "56" "57" "58" "59" "6" "61" "62" "63" "64" "65" "66" "67" "7" "8" "9"]
2025-06-03 18:52:39,847{GMT}	INFO	[jepsen worker 0] jepsen.util: 0	:invoke	:broadcast	68
2025-06-03 18:52:39,849{GMT}	INFO	[jepsen worker 0] jepsen.util: 0	:ok	:broadcast	68
2025-06-03 18:52:39,948{GMT}	INFO	[jepsen worker 1] jepsen.util: 1	:invoke	:read	nil
2025-06-03 18:52:39,950{GMT}	INFO	[jepsen worker 1] jepsen.util: 1	:ok	:read	["0" "1" "10" "11" "12" "13" "14" "15" "16" "17" "18" "19" "2" "20" "21" "22" "23" "24" "25" "26" "27" "28" "29" "3" "30" "31" "33" "34" "35" "36" "37" "38" "39" "4" "40" "41" "42" "43" "44" "45" "46" "47" "48" "49" "5" "50" "51" "52" "53" "54" "55" "56" "57" "58" "59" "6" "60" "61" "62" "63" "64" "65" "66" "67" "68" "7" "8" "9"]
2025-06-03 18:52:39,984{GMT}	INFO	[jepsen worker 2] jepsen.util: 2	:invoke	:broadcast	69
2025-06-03 18:52:39,986{GMT}	INFO	[jepsen worker 2] jepsen.util: 2	:ok	:broadcast	69
2025-06-03 18:52:40,138{GMT}	INFO	[jepsen worker 3] jepsen.util: 3	:invoke	:broadcast	70
2025-06-03 18:52:40,143{GMT}	INFO	[jepsen worker 3] jepsen.util: 3	:ok	:broadcast	70
2025-06-03 18:52:40,243{GMT}	INFO	[jepsen worker 4] jepsen.util: 4	:invoke	:broadcast	71
2025-06-03 18:52:40,245{GMT}	INFO	[jepsen worker 4] jepsen.util: 4	:ok	:broadcast	71
2025-06-03 18:52:40,410{GMT}	INFO	[jepsen worker 0] jepsen.util: 0	:invoke	:read	nil
2025-06-03 18:52:40,413{GMT}	INFO	[jepsen worker 0] jepsen.util: 0	:ok	:read	["0" "1" "10" "11" "12" "13" "14" "15" "17" "18" "19" "2" "20" "21" "22" "23" "24" "25" "26" "27" "28" "29" "3" "30" "31" "33" "34" "35" "36" "37" "38" "39" "4" "40" "41" "42" "43" "44" "45" "46" "47" "48" "49" "5" "50" "51" "52" "53" "54" "55" "56" "57" "58" "59" "6" "61" "62" "63" "64" "65" "66" "67" "68" "69" "7" "70" "71" "8" "9"]
2025-06-03 18:52:40,554{GMT}	INFO	[jepsen worker 0] jepsen.util: 0	:invoke	:broadcast	72
2025-06-03 18:52:40,557{GMT}	INFO	[jepsen worker 0] jepsen.util: 0	:ok	:broadcast	72
2025-06-03 18:52:40,671{GMT}	INFO	[jepsen worker 1] jepsen.util: 1	:invoke	:read	nil
2025-06-03 18:52:40,673{GMT}	INFO	[jepsen worker 1] jepsen.util: 1	:ok	:read	["0" "1" "10" "11" "12" "13" "14" "15" "16" "17" "18" "19" "2" "20" "21" "22" "23" "24" "25" "26" "27" "28" "29" "3" "30" "31" "33" "34" "35" "36" "37" "38" "39" "4" "40" "41" "42" "43" "44" "45" "46" "47" "48" "49" "5" "50" "51" "52" "53" "54" "55" "56" "57" "58" "59" "6" "60" "61" "62" "63" "64" "65" "66" "67" "68" "69" "7" "70" "71" "72" "8" "9"]
2025-06-03 18:52:40,822{GMT}	INFO	[jepsen worker 2] jepsen.util: 2	:invoke	:read	nil
2025-06-03 18:52:40,825{GMT}	INFO	[jepsen worker 2] jepsen.util: 2	:ok	:read	["0" "1" "10" "11" "12" "13" "14" "15" "17" "18" "20" "21" "22" "23" "24" "26" "27" "28" "29" "3" "30" "31" "33" "34" "35" "36" "39" "4" "41" "42" "44" "45" "46" "48" "49" "5" "50" "51" "53" "54" "55" "57" "58" "59" "6" "61" "63" "64" "65" "66" "67" "68" "69" "7" "70" "71" "72" "8" "9"]
2025-06-03 18:52:40,902{GMT}	INFO	[jepsen worker 3] jepsen.util: 3	:invoke	:read	nil
2025-06-03 18:52:40,904{GMT}	INFO	[jepsen worker 3] jepsen.util: 3	:ok	:read	["0" "1" "10" "11" "12" "13" "14" "15" "17" "18" "19" "2" "20" "21" "22" "23" "24" "25" "26" "27" "28" "29" "3" "30" "31" "33" "34" "35" "36" "37" "38" "39" "4" "40" "41" "42" "43" "44" "45" "46" "47" "48" "49" "5" "50" "51" "52" "53" "54" "55" "56" "57" "58" "59" "6" "61" "62" "63" "64" "65" "66" "67" "68" "69" "7" "70" "71" "72" "8" "9"]
2025-06-03 18:52:41,019{GMT}	INFO	[jepsen worker 4] jepsen.util: 4	:invoke	:read	nil
2025-06-03 18:52:41,022{GMT}	INFO	[jepsen worker 4] jepsen.util: 4	:ok	:read	["0" "1" "10" "11" "12" "13" "14" "15" "17" "18" "19" "2" "20" "21" "22" "23" "24" "25" "26" "27" "28" "29" "3" "30" "31" "32" "33" "34" "35" "36" "37" "38" "39" "4" "40" "41" "42" "43" "44" "45" "46" "47" "48" "49" "5" "50" "51" "52" "53" "54" "55" "56" "57" "58" "59" "6" "61" "62" "63" "64" "65" "66" "67" "68" "69" "7" "70" "71" "72" "8" "9"]
2025-06-03 18:52:41,160{GMT}	INFO	[jepsen worker 0] jepsen.util: 0	:invoke	:broadcast	73
2025-06-03 18:52:41,161{GMT}	INFO	[jepsen worker 0] jepsen.util: 0	:ok	:broadcast	73
2025-06-03 18:52:41,358{GMT}	INFO	[jepsen worker 0] jepsen.util: 0	:invoke	:read	nil
2025-06-03 18:52:41,360{GMT}	INFO	[jepsen worker 0] jepsen.util: 0	:ok	:read	["0" "1" "10" "11" "12" "13" "14" "15" "17" "18" "19" "2" "20" "21" "22" "23" "24" "25" "26" "27" "28" "29" "3" "30" "31" "33" "34" "35" "36" "37" "38" "39" "4" "40" "41" "42" "43" "44" "45" "46" "47" "48" "49" "5" "50" "51" "52" "53" "54" "55" "56" "57" "58" "59" "6" "61" "62" "63" "64" "65" "66" "67" "68" "69" "7" "70" "71" "72" "73" "8" "9"]
2025-06-03 18:52:41,525{GMT}	INFO	[jepsen worker 1] jepsen.util: 1	:invoke	:broadcast	74
2025-06-03 18:52:41,527{GMT}	INFO	[jepsen worker 1] jepsen.util: 1	:ok	:broadcast	74
2025-06-03 18:52:41,563{GMT}	INFO	[jepsen worker 2] jepsen.util: 2	:invoke	:read	nil
2025-06-03 18:52:41,564{GMT}	INFO	[jepsen worker 2] jepsen.util: 2	:ok	:read	["0" "1" "10" "11" "12" "13" "14" "15" "17" "18" "20" "21" "22" "23" "24" "26" "27" "28" "29" "3" "30" "31" "33" "34" "35" "36" "39" "4" "41" "42" "44" "45" "46" "48" "49" "5" "50" "51" "53" "54" "55" "57" "58" "59" "6" "61" "63" "64" "65" "66" "67" "68" "69" "7" "70" "71" "72" "73" "74" "8" "9"]
2025-06-03 18:52:41,706{GMT}	INFO	[jepsen worker 3] jepsen.util: 3	:invoke	:read	nil
2025-06-03 18:52:41,707{GMT}	INFO	[jepsen worker 3] jepsen.util: 3	:ok	:read	["0" "1" "10" "11" "12" "13" "14" "15" "17" "18" "19" "2" "20" "21" "22" "23" "24" "25" "26" "27" "28" "29" "3" "30" "31" "33" "34" "35" "36" "37" "38" "39" "4" "40" "41" "42" "43" "44" "45" "46" "47" "48" "49" "5" "50" "51" "52" "53" "54" "55" "56" "57" "58" "59" "6" "61" "62" "63" "64" "65" "66" "67" "68" "69" "7" "70" "71" "72" "73" "74" "8" "9"]
2025-06-03 18:52:41,883{GMT}	INFO	[jepsen worker 4] jepsen.util: 4	:invoke	:broadcast	75
2025-06-03 18:52:41,885{GMT}	INFO	[jepsen worker 4] jepsen.util: 4	:ok	:broadcast	75
2025-06-03 18:52:41,899{GMT}	INFO	[jepsen worker 0] jepsen.util: 0	:invoke	:read	nil
2025-06-03 18:52:41,901{GMT}	INFO	[jepsen worker 0] jepsen.util: 0	:ok	:read	["0" "1" "10" "11" "12" "13" "14" "15" "17" "18" "19" "2" "20" "21" "22" "23" "24" "25" "26" "27" "28" "29" "3" "30" "31" "33" "34" "35" "36" "37" "38" "39" "4" "40" "41" "42" "43" "44" "45" "46" "47" "48" "49" "5" "50" "51" "52" "53" "54" "55" "56" "57" "58" "59" "6" "61" "62" "63" "64" "65" "66" "67" "68" "69" "7" "70" "71" "72" "73" "74" "75" "8" "9"]
2025-06-03 18:52:41,915{GMT}	INFO	[jepsen worker 0] jepsen.util: 0	:invoke	:broadcast	76
2025-06-03 18:52:41,931{GMT}	INFO	[jepsen worker 0] jepsen.util: 0	:ok	:broadcast	76
2025-06-03 18:52:42,033{GMT}	INFO	[jepsen worker 1] jepsen.util: 1	:invoke	:broadcast	77
2025-06-03 18:52:42,035{GMT}	INFO	[jepsen worker 1] jepsen.util: 1	:ok	:broadcast	77
2025-06-03 18:52:42,075{GMT}	INFO	[jepsen worker 2] jepsen.util: 2	:invoke	:broadcast	78
2025-06-03 18:52:42,077{GMT}	INFO	[jepsen worker 2] jepsen.util: 2	:ok	:broadcast	78
2025-06-03 18:52:42,244{GMT}	INFO	[jepsen worker 3] jepsen.util: 3	:invoke	:read	nil
2025-06-03 18:52:42,247{GMT}	INFO	[jepsen worker 3] jepsen.util: 3	:ok	:read	["0" "1" "10" "11" "12" "13" "14" "15" "17" "18" "19" "2" "20" "21" "22" "23" "24" "25" "26" "27" "28" "29" "3" "30" "31" "33" "34" "35" "36" "37" "38" "39" "4" "40" "41" "42" "43" "44" "45" "46" "47" "48" "49" "5" "50" "51" "52" "53" "54" "55" "56" "57" "58" "59" "6" "61" "62" "63" "64" "65" "66" "67" "68" "69" "7" "70" "71" "72" "73" "74" "75" "76" "77" "78" "8" "9"]
2025-06-03 18:52:42,343{GMT}	INFO	[jepsen worker 4] jepsen.util: 4	:invoke	:broadcast	79
2025-06-03 18:52:42,346{GMT}	INFO	[jepsen worker 4] jepsen.util: 4	:ok	:broadcast	79
2025-06-03 18:52:42,494{GMT}	INFO	[jepsen worker 0] jepsen.util: 0	:invoke	:read	nil
2025-06-03 18:52:42,495{GMT}	INFO	[jepsen worker 0] jepsen.util: 0	:ok	:read	["0" "1" "10" "11" "12" "13" "14" "15" "17" "18" "19" "2" "20" "21" "22" "23" "24" "25" "26" "27" "28" "29" "3" "30" "31" "33" "34" "35" "36" "37" "38" "39" "4" "40" "41" "42" "43" "44" "45" "46" "47" "48" "49" "5" "50" "51" "52" "53" "54" "55" "56" "57" "58" "59" "6" "61" "62" "63" "64" "65" "66" "67" "68" "69" "7" "70" "71" "72" "73" "74" "75" "76" "77" "78" "79" "8" "9"]
2025-06-03 18:52:42,683{GMT}	INFO	[jepsen worker 0] jepsen.util: 0	:invoke	:broadcast	80
2025-06-03 18:52:42,686{GMT}	INFO	[jepsen worker 0] jepsen.util: 0	:ok	:broadcast	80
2025-06-03 18:52:42,749{GMT}	INFO	[jepsen worker 1] jepsen.util: 1	:invoke	:read	nil
2025-06-03 18:52:42,751{GMT}	INFO	[jepsen worker 1] jepsen.util: 1	:ok	:read	["0" "1" "10" "11" "12" "13" "14" "15" "16" "17" "18" "19" "2" "20" "21" "22" "23" "24" "25" "26" "27" "28" "29" "3" "30" "31" "33" "34" "35" "36" "37" "38" "39" "4" "40" "41" "42" "43" "44" "45" "46" "47" "48" "49" "5" "50" "51" "52" "53" "54" "55" "56" "57" "58" "59" "6" "60" "61" "62" "63" "64" "65" "66" "67" "68" "69" "7" "70" "71" "72" "73" "74" "75" "76" "77" "78" "79" "8" "80" "9"]
2025-06-03 18:52:42,908{GMT}	INFO	[jepsen worker 2] jepsen.util: 2	:invoke	:read	nil
2025-06-03 18:52:42,910{GMT}	INFO	[jepsen worker 2] jepsen.util: 2	:ok	:read	["0" "1" "10" "11" "12" "13" "14" "15" "17" "18" "20" "21" "22" "23" "24" "26" "27" "28" "29" "3" "30" "31" "33" "34" "35" "36" "39" "4" "41" "42" "44" "45" "46" "48" "49" "5" "50" "51" "53" "54" "55" "57" "58" "59" "6" "61" "63" "64" "65" "66" "67" "68" "69" "7" "70" "71" "72" "73" "74" "75" "76" "77" "78" "79" "8" "80" "9"]
2025-06-03 18:52:42,941{GMT}	INFO	[jepsen worker 3] jepsen.util: 3	:invoke	:broadcast	81
2025-06-03 18:52:42,942{GMT}	INFO	[jepsen worker 3] jepsen.util: 3	:ok	:broadcast	81
2025-06-03 18:52:43,105{GMT}	INFO	[jepsen worker 4] jepsen.util: 4	:invoke	:read	nil
2025-06-03 18:52:43,106{GMT}	INFO	[jepsen worker 4] jepsen.util: 4	:ok	:read	["0" "1" "10" "11" "12" "13" "14" "15" "17" "18" "19" "2" "20" "21" "22" "23" "24" "25" "26" "27" "28" "29" "3" "30" "31" "32" "33" "34" "35" "36" "37" "38" "39" "4" "40" "41" "42" "43" "44" "45" "46" "47" "48" "49" "5" "50" "51" "52" "53" "54" "55" "56" "57" "58" "59" "6" "61" "62" "63" "64" "65" "66" "67" "68" "69" "7" "70" "71" "72" "73" "74" "75" "76" "77" "78" "79" "8" "80" "81" "9"]
2025-06-03 18:52:43,300{GMT}	INFO	[jepsen worker 0] jepsen.util: 0	:invoke	:read	nil
2025-06-03 18:52:43,302{GMT}	INFO	[jepsen worker 0] jepsen.util: 0	:ok	:read	["0" "1" "10" "11" "12" "13" "14" "15" "17" "18" "19" "2" "20" "21" "22" "23" "24" "25" "26" "27" "28" "29" "3" "30" "31" "33" "34" "35" "36" "37" "38" "39" "4" "40" "41" "42" "43" "44" "45" "46" "47" "48" "49" "5" "50" "51" "52" "53" "54" "55" "56" "57" "58" "59" "6" "61" "62" "63" "64" "65" "66" "67" "68" "69" "7" "70" "71" "72" "73" "74" "75" "76" "77" "78" "79" "8" "80" "81" "9"]
2025-06-03 18:52:43,489{GMT}	INFO	[jepsen worker 0] jepsen.util: 0	:invoke	:broadcast	82
2025-06-03 18:52:43,491{GMT}	INFO	[jepsen worker 0] jepsen.util: 0	:ok	:broadcast	82
2025-06-03 18:52:43,670{GMT}	INFO	[jepsen worker 1] jepsen.util: 1	:invoke	:read	nil
2025-06-03 18:52:43,672{GMT}	INFO	[jepsen worker 1] jepsen.util: 1	:ok	:read	["0" "1" "10" "11" "12" "13" "14" "15" "16" "17" "18" "19" "2" "20" "21" "22" "23" "24" "25" "26" "27" "28" "29" "3" "30" "31" "33" "34" "35" "36" "37" "38" "39" "4" "40" "41" "42" "43" "44" "45" "46" "47" "48" "49" "5" "50" "51" "52" "53" "54" "55" "56" "57" "58" "59" "6" "60" "61" "62" "63" "64" "65" "66" "67" "68" "69" "7" "70" "71" "72" "73" "74" "75" "76" "77" "78" "79" "8" "80" "81" "82" "9"]
2025-06-03 18:52:43,745{GMT}	INFO	[jepsen worker 2] jepsen.util: 2	:invoke	:broadcast	83
2025-06-03 18:52:43,747{GMT}	INFO	[jepsen worker 2] jepsen.util: 2	:ok	:broadcast	83
2025-06-03 18:52:43,791{GMT}	INFO	[jepsen worker 3] jepsen.util: 3	:invoke	:broadcast	84
2025-06-03 18:52:43,792{GMT}	INFO	[jepsen worker 3] jepsen.util: 3	:ok	:broadcast	84
2025-06-03 18:52:43,924{GMT}	INFO	[jepsen worker 4] jepsen.util: 4	:invoke	:broadcast	85
2025-06-03 18:52:43,951{GMT}	INFO	[jepsen worker 4] jepsen.util: 4	:ok	:broadcast	85
2025-06-03 18:52:44,049{GMT}	INFO	[jepsen worker 0] jepsen.util: 0	:invoke	:broadcast	86
2025-06-03 18:52:44,050{GMT}	INFO	[jepsen worker 0] jepsen.util: 0	:ok	:broadcast	86
2025-06-03 18:52:44,224{GMT}	INFO	[jepsen worker 0] jepsen.util: 0	:invoke	:read	nil
2025-06-03 18:52:44,226{GMT}	INFO	[jepsen worker 0] jepsen.util: 0	:ok	:read	["0" "1" "10" "11" "12" "13" "14" "15" "17" "18" "19" "2" "20" "21" "22" "23" "24" "25" "26" "27" "28" "29" "3" "30" "31" "33" "34" "35" "36" "37" "38" "39" "4" "40" "41" "42" "43" "44" "45" "46" "47" "48" "49" "5" "50" "51" "52" "53" "54" "55" "56" "57" "58" "59" "6" "61" "62" "63" "64" "65" "66" "67" "68" "69" "7" "70" "71" "72" "73" "74" "75" "76" "77" "78" "79" "8" "80" "81" "82" "83" "84" "85" "86" "9"]
2025-06-03 18:52:44,314{GMT}	INFO	[jepsen worker 1] jepsen.util: 1	:invoke	:broadcast	87
2025-06-03 18:52:44,316{GMT}	INFO	[jepsen worker 1] jepsen.util: 1	:ok	:broadcast	87
2025-06-03 18:52:44,448{GMT}	INFO	[jepsen worker 2] jepsen.util: 2	:invoke	:read	nil
2025-06-03 18:52:44,451{GMT}	INFO	[jepsen worker 2] jepsen.util: 2	:ok	:read	["0" "1" "10" "11" "12" "13" "14" "15" "17" "18" "20" "21" "22" "23" "24" "26" "27" "28" "29" "3" "30" "31" "33" "34" "35" "36" "39" "4" "41" "42" "44" "45" "46" "48" "49" "5" "50" "51" "53" "54" "55" "57" "58" "59" "6" "61" "63" "64" "65" "66" "67" "68" "69" "7" "70" "71" "72" "73" "74" "75" "76" "77" "78" "79" "8" "80" "82" "83" "85" "86" "87" "9"]
2025-06-03 18:52:44,598{GMT}	INFO	[jepsen worker 3] jepsen.util: 3	:invoke	:broadcast	88
2025-06-03 18:52:44,601{GMT}	INFO	[jepsen worker 3] jepsen.util: 3	:ok	:broadcast	88
2025-06-03 18:52:44,660{GMT}	INFO	[jepsen worker 4] jepsen.util: 4	:invoke	:read	nil
2025-06-03 18:52:44,663{GMT}	INFO	[jepsen worker 4] jepsen.util: 4	:ok	:read	["0" "1" "10" "11" "12" "13" "14" "15" "17" "18" "19" "2" "20" "21" "22" "23" "24" "25" "26" "27" "28" "29" "3" "30" "31" "32" "33" "34" "35" "36" "37" "38" "39" "4" "40" "41" "42" "43" "44" "45" "46" "47" "48" "49" "5" "50" "51" "52" "53" "54" "55" "56" "57" "58" "59" "6" "61" "62" "63" "64" "65" "66" "67" "68" "69" "7" "70" "71" "72" "73" "74" "75" "76" "77" "78" "79" "8" "80" "81" "82" "83" "84" "85" "86" "87" "88" "9"]
2025-06-03 18:52:44,765{GMT}	INFO	[jepsen worker 0] jepsen.util: 0	:invoke	:read	nil
2025-06-03 18:52:44,768{GMT}	INFO	[jepsen worker 0] jepsen.util: 0	:ok	:read	["0" "1" "10" "11" "12" "13" "14" "15" "17" "18" "19" "2" "20" "21" "22" "23" "24" "25" "26" "27" "28" "29" "3" "30" "31" "33" "34" "35" "36" "37" "38" "39" "4" "40" "41" "42" "43" "44" "45" "46" "47" "48" "49" "5" "50" "51" "52" "53" "54" "55" "56" "57" "58" "59" "6" "61" "62" "63" "64" "65" "66" "67" "68" "69" "7" "70" "71" "72" "73" "74" "75" "76" "77" "78" "79" "8" "80" "81" "82" "83" "84" "85" "86" "87" "88" "9"]
2025-06-03 18:52:44,933{GMT}	INFO	[jepsen worker 0] jepsen.util: 0	:invoke	:read	nil
2025-06-03 18:52:44,935{GMT}	INFO	[jepsen worker 0] jepsen.util: 0	:ok	:read	["0" "1" "10" "11" "12" "13" "14" "15" "17" "18" "19" "2" "20" "21" "22" "23" "24" "25" "26" "27" "28" "29" "3" "30" "31" "33" "34" "35" "36" "37" "38" "39" "4" "40" "41" "42" "43" "44" "45" "46" "47" "48" "49" "5" "50" "51" "52" "53" "54" "55" "56" "57" "58" "59" "6" "61" "62" "63" "64" "65" "66" "67" "68" "69" "7" "70" "71" "72" "73" "74" "75" "76" "77" "78" "79" "8" "80" "81" "82" "83" "84" "85" "86" "87" "88" "9"]
2025-06-03 18:52:45,067{GMT}	INFO	[jepsen worker 1] jepsen.util: 1	:invoke	:read	nil
2025-06-03 18:52:45,070{GMT}	INFO	[jepsen worker 1] jepsen.util: 1	:ok	:read	["0" "1" "10" "11" "12" "13" "14" "15" "16" "17" "18" "19" "2" "20" "21" "22" "23" "24" "25" "26" "27" "28" "29" "3" "30" "31" "33" "34" "35" "36" "37" "38" "39" "4" "40" "41" "42" "43" "44" "45" "46" "47" "48" "49" "5" "50" "51" "52" "53" "54" "55" "56" "57" "58" "59" "6" "60" "61" "62" "63" "64" "65" "66" "67" "68" "69" "7" "70" "71" "72" "73" "74" "75" "76" "77" "78" "79" "8" "80" "81" "82" "83" "84" "85" "86" "87" "88" "9"]
2025-06-03 18:52:45,122{GMT}	INFO	[jepsen worker 2] jepsen.util: 2	:invoke	:broadcast	89
2025-06-03 18:52:45,124{GMT}	INFO	[jepsen worker 2] jepsen.util: 2	:ok	:broadcast	89
2025-06-03 18:52:45,285{GMT}	INFO	[jepsen worker 3] jepsen.util: 3	:invoke	:read	nil
2025-06-03 18:52:45,287{GMT}	INFO	[jepsen worker 3] jepsen.util: 3	:ok	:read	["0" "1" "10" "11" "12" "13" "14" "15" "17" "18" "19" "2" "20" "21" "22" "23" "24" "25" "26" "27" "28" "29" "3" "30" "31" "33" "34" "35" "36" "37" "38" "39" "4" "40" "41" "42" "43" "44" "45" "46" "47" "48" "49" "5" "50" "51" "52" "53" "54" "55" "56" "57" "58" "59" "6" "61" "62" "63" "64" "65" "66" "67" "68" "69" "7" "70" "71" "72" "73" "74" "75" "76" "77" "78" "79" "8" "80" "81" "82" "83" "84" "85" "86" "87" "88" "89" "9"]
2025-06-03 18:52:45,400{GMT}	INFO	[jepsen worker 4] jepsen.util: 4	:invoke	:read	nil
2025-06-03 18:52:45,402{GMT}	INFO	[jepsen worker 4] jepsen.util: 4	:ok	:read	["0" "1" "10" "11" "12" "13" "14" "15" "17" "18" "19" "2" "20" "21" "22" "23" "24" "25" "26" "27" "28" "29" "3" "30" "31" "32" "33" "34" "35" "36" "37" "38" "39" "4" "40" "41" "42" "43" "44" "45" "46" "47" "48" "49" "5" "50" "51" "52" "53" "54" "55" "56" "57" "58" "59" "6" "61" "62" "63" "64" "65" "66" "67" "68" "69" "7" "70" "71" "72" "73" "74" "75" "76" "77" "78" "79" "8" "80" "81" "82" "83" "84" "85" "86" "87" "88" "89" "9"]
2025-06-03 18:52:45,457{GMT}	INFO	[jepsen worker 0] jepsen.util: 0	:invoke	:read	nil
2025-06-03 18:52:45,468{GMT}	INFO	[jepsen worker 0] jepsen.util: 0	:ok	:read	["0" "1" "10" "11" "12" "13" "14" "15" "17" "18" "19" "2" "20" "21" "22" "23" "24" "25" "26" "27" "28" "29" "3" "30" "31" "33" "34" "35" "36" "37" "38" "39" "4" "40" "41" "42" "43" "44" "45" "46" "47" "48" "49" "5" "50" "51" "52" "53" "54" "55" "56" "57" "58" "59" "6" "61" "62" "63" "64" "65" "66" "67" "68" "69" "7" "70" "71" "72" "73" "74" "75" "76" "77" "78" "79" "8" "80" "81" "82" "83" "84" "85" "86" "87" "88" "89" "9"]
2025-06-03 18:52:45,468{GMT}	INFO	[jepsen worker 0] jepsen.generator.interpreter: Waiting for recovery...
2025-06-03 18:52:55,493{GMT}	INFO	[jepsen worker 1] jepsen.util: 1	:invoke	:read	nil
2025-06-03 18:52:55,493{GMT}	INFO	[jepsen worker 3] jepsen.util: 3	:invoke	:read	nil
2025-06-03 18:52:55,493{GMT}	INFO	[jepsen worker 2] jepsen.util: 2	:invoke	:read	nil
2025-06-03 18:52:55,494{GMT}	INFO	[jepsen worker 0] jepsen.util: 0	:invoke	:read	nil
2025-06-03 18:52:55,494{GMT}	INFO	[jepsen worker 4] jepsen.util: 4	:invoke	:read	nil
2025-06-03 18:52:55,496{GMT}	INFO	[jepsen worker 3] jepsen.util: 3	:ok	:read	["0" "1" "10" "11" "12" "13" "14" "15" "17" "18" "19" "2" "20" "21" "22" "23" "24" "25" "26" "27" "28" "29" "3" "30" "31" "33" "34" "35" "36" "37" "38" "39" "4" "40" "41" "42" "43" "44" "45" "46" "47" "48" "49" "5" "50" "51" "52" "53" "54" "55" "56" "57" "58" "59" "6" "61" "62" "63" "64" "65" "66" "67" "68" "69" "7" "70" "71" "72" "73" "74" "75" "76" "77" "78" "79" "8" "80" "81" "82" "83" "84" "85" "86" "87" "88" "89" "9"]
2025-06-03 18:52:55,496{GMT}	INFO	[jepsen worker 1] jepsen.util: 1	:ok	:read	["0" "1" "10" "11" "12" "13" "14" "15" "16" "17" "18" "19" "2" "20" "21" "22" "23" "24" "25" "26" "27" "28" "29" "3" "30" "31" "33" "34" "35" "36" "37" "38" "39" "4" "40" "41" "42" "43" "44" "45" "46" "47" "48" "49" "5" "50" "51" "52" "53" "54" "55" "56" "57" "58" "59" "6" "60" "61" "62" "63" "64" "65" "66" "67" "68" "69" "7" "70" "71" "72" "73" "74" "75" "76" "77" "78" "79" "8" "80" "81" "82" "83" "84" "85" "86" "87" "88" "89" "9"]
2025-06-03 18:52:55,496{GMT}	INFO	[jepsen worker 2] jepsen.util: 2	:ok	:read	["0" "1" "10" "11" "12" "13" "14" "15" "17" "18" "20" "21" "22" "23" "24" "26" "27" "28" "29" "3" "30" "31" "33" "34" "35" "36" "39" "4" "41" "42" "44" "45" "46" "48" "49" "5" "50" "51" "53" "54" "55" "57" "58" "59" "6" "61" "63" "64" "65" "66" "67" "68" "69" "7" "70" "71" "72" "73" "74" "75" "76" "77" "78" "79" "8" "80" "82" "83" "85" "86" "87" "89" "9"]
2025-06-03 18:52:55,497{GMT}	INFO	[jepsen worker 4] jepsen.util: 4	:ok	:read	["0" "1" "10" "11" "12" "13" "14" "15" "17" "18" "19" "2" "20" "21" "22" "23" "24" "25" "26" "27" "28" "29" "3" "30" "31" "32" "33" "34" "35" "36" "37" "38" "39" "4" "40" "41" "42" "43" "44" "45" "46" "47" "48" "49" "5" "50" "51" "52" "53" "54" "55" "56" "57" "58" "59" "6" "61" "62" "63" "64" "65" "66" "67" "68" "69" "7" "70" "71" "72" "73" "74" "75" "76" "77" "78" "79" "8" "80" "81" "82" "83" "84" "85" "86" "87" "88" "89" "9"]
2025-06-03 18:52:55,497{GMT}	INFO	[jepsen worker 0] jepsen.util: 0	:ok	:read	["0" "1" "10" "11" "12" "13" "14" "15" "17" "18" "19" "2" "20" "21" "22" "23" "24" "25" "26" "27" "28" "29" "3" "30" "31" "33" "34" "35" "36" "37" "38" "39" "4" "40" "41" "42" "43" "44" "45" "46" "47" "48" "49" "5" "50" "51" "52" "53" "54" "55" "56" "57" "58" "59" "6" "61" "62" "63" "64" "65" "66" "67" "68" "69" "7" "70" "71" "72" "73" "74" "75" "76" "77" "78" "79" "8" "80" "81" "82" "83" "84" "85" "86" "87" "88" "89" "9"]
2025-06-03 18:52:55,528{GMT}	INFO	[jepsen test runner] jepsen.core: Run complete, writing
2025-06-03 18:52:55,606{GMT}	INFO	[jepsen node n3] maelstrom.db: Tearing down n3
2025-06-03 18:52:55,606{GMT}	INFO	[jepsen node n5] maelstrom.db: Tearing down n5
2025-06-03 18:52:55,606{GMT}	INFO	[jepsen node n1] maelstrom.db: Tearing down n1
2025-06-03 18:52:55,610{GMT}	INFO	[jepsen node n2] maelstrom.db: Tearing down n2
2025-06-03 18:52:55,610{GMT}	INFO	[jepsen node n4] maelstrom.db: Tearing down n4
2025-06-03 18:52:56,847{GMT}	INFO	[jepsen node n1] maelstrom.net: Shutting down Maelstrom network
2025-06-03 18:52:56,854{GMT}	INFO	[jepsen test runner] jepsen.core: Analyzing...
2025-06-03 18:52:57,052{GMT}	INFO	[jepsen test runner] jepsen.core: Analysis complete
2025-06-03 18:52:57,064{GMT}	INFO	[jepsen results] jepsen.store: Wrote /Users/adr/code/maelstrom/store/broadcast/20250603T185214.481-0400/results.edn
2025-06-03 18:52:57,077{GMT}	INFO	[jepsen test runner] jepsen.core: {:perf {:latency-graph {:valid? true},
        :rate-graph {:valid? true},
        :valid? true},
 :timeline {:valid? true},
 :exceptions {:valid? true},
 :stats {:valid? true,
         :count 185,
         :ok-count 185,
         :fail-count 0,
         :info-count 0,
         :by-f {:broadcast {:valid? true,
                            :count 90,
                            :ok-count 90,
                            :fail-count 0,
                            :info-count 0},
                :read {:valid? true,
                       :count 95,
                       :ok-count 95,
                       :fail-count 0,
                       :info-count 0}}},
 :availability {:valid? true, :ok-fraction 1.0},
 :net {:all {:send-count 1262,
             :recv-count 1262,
             :msg-count 1262,
             :msgs-per-op 6.8216214},
       :clients {:send-count 390, :recv-count 390, :msg-count 390},
       :servers {:send-count 872,
                 :recv-count 872,
                 :msg-count 872,
                 :msgs-per-op 4.7135134},
       :valid? true},
 :workload {:worst-stale (),
            :duplicated-count 0,
            :valid? false,
            :lost-count 90,
            :lost (0
                   1
                   2
                   3
                   4
                   5
                   6
                   7
                   8
                   9
                   10
                   11
                   12
                   13
                   14
                   15
                   16
                   17
                   18
                   19
                   20
                   21
                   22
                   23
                   24
                   25
                   26
                   27
                   28
                   29
                   30
                   31
                   32
                   33
                   34
                   35
                   36
                   37
                   38
                   39
                   40
                   41
                   42
                   43
                   44
                   45
                   46
                   47
                   48
                   49
                   50
                   51
                   52
                   53
                   54
                   55
                   56
                   57
                   58
                   59
                   60
                   61
                   62
                   63
                   64
                   65
                   66
                   67
                   68
                   69
                   70
                   71
                   72
                   73
                   74
                   75
                   76
                   77
                   78
                   79
                   80
                   81
                   82
                   83
                   84
                   85
                   86
                   87
                   88
                   89),
            :stable-count 0,
            :stale-count 0,
            :stale (),
            :never-read-count 0,
            :attempt-count 90,
            :lost-latencies {0 0, 0.5 0, 0.95 0, 0.99 0, 1 0},
            :never-read (),
            :duplicated {}},
 :valid? false}


Analysis invalid! ( 
