2025-06-02 14:23:42,720{GMT}	INFO	[jepsen test runner] jepsen.core: Test version b1870b0424f455f8940cc6fee1dc21df80da1060 (plus uncommitted changes)
2025-06-02 14:23:42,720{GMT}	INFO	[jepsen test runner] jepsen.core: Command line:
lein run test -w broadcast --bin self/server/_build/default/bin/main.exe --time-limit 20 --rate 10
2025-06-02 14:23:42,781{GMT}	INFO	[jepsen test runner] jepsen.core: Running test:
{:args []
 :remote
 #jepsen.control.retry.Remote{:remote #jepsen.control.scp.Remote{:cmd-remote #jepsen.control.sshj.SSHJRemote{:concurrency-limit 6,
                                                                                                             :conn-spec nil,
                                                                                                             :client nil,
                                                                                                             :semaphore nil},
                                                                 :conn-spec nil},
                              :conn nil}
 :log-net-send false
 :node-count nil
 :availability nil
 :max-txn-length 4
 :concurrency 5
 :db
 #object[maelstrom.db$db$reify__16612
         "0x5a69f1ef"
         "maelstrom.db$db$reify__16612@5a69f1ef"]
 :max-writes-per-key 16
 :leave-db-running? false
 :name "broadcast"
 :logging-json? false
 :start-time
 #object[org.joda.time.DateTime "0x64001530" "2025-06-02T14:23:42.636-04:00"]
 :nemesis-interval 10
 :net
 #object[maelstrom.net$jepsen_net$reify__15721
         "0x1f9b8c23"
         "maelstrom.net$jepsen_net$reify__15721@1f9b8c23"]
 :client
 #object[maelstrom.workload.broadcast$client$reify__17142
         "0x6b297a62"
         "maelstrom.workload.broadcast$client$reify__17142@6b297a62"]
 :barrier
 #object[java.util.concurrent.CyclicBarrier
         "0x11303cb"
         "java.util.concurrent.CyclicBarrier@11303cb"]
 :log-stderr false
 :pure-generators true
 :ssh {:dummy? true}
 :rate 10.0
 :checker
 #object[jepsen.checker$compose$reify__11089
         "0x655e3f4c"
         "jepsen.checker$compose$reify__11089@655e3f4c"]
 :argv
 ("test"
  "-w"
  "broadcast"
  "--bin"
  "self/server/_build/default/bin/main.exe"
  "--time-limit"
  "20"
  "--rate"
  "10")
 :nemesis
 (jepsen.nemesis.ReflCompose
  {:fm {:start-partition 0,
        :stop-partition 0,
        :kill 1,
        :start 1,
        :pause 1,
        :resume 1},
   :nemeses [#unprintable "jepsen.nemesis.combined$partition_nemesis$reify__16905@26e74d50"
             #unprintable "jepsen.nemesis.combined$db_nemesis$reify__16886@6bdc984"]})
 :nodes ["n1" "n2" "n3" "n4" "n5"]
 :test-count 1
 :latency {:mean 0, :dist :constant}
 :bin "self/server/_build/default/bin/main.exe"
 :generator
 #object[jepsen.util.Forgettable
         "0x4c18b432"
         ((jepsen.generator.Synchronize
           {:gen (jepsen.generator.TimeLimit
                  {:limit 20000000000,
                   :cutoff nil,
                   :gen (jepsen.generator.Any
                         {:gens [(jepsen.generator.OnThreads
                                  {:f #{:nemesis},
                                   :context-filter #object[jepsen.generator.context$make_thread_filter$lazy_filter__12077
                                                           "0x2092b072"
                                                           "jepsen.generator.context$make_thread_filter$lazy_filter__12077@2092b072"],
                                   :gen nil})
                                 (jepsen.generator.OnThreads
                                  {:f #jepsen.generator.context.AllBut{:element :nemesis},
                                   :context-filter #object[jepsen.generator.context$make_thread_filter$lazy_filter__12077
                                                           "0x504521ae"
                                                           "jepsen.generator.context$make_thread_filter$lazy_filter__12077@504521ae"],
                                   :gen (jepsen.generator.Stagger
                                         {:dt 200000000,
                                          :next-time nil,
                                          :gen (jepsen.generator.Mix
                                                {:i 1,
                                                 :gens [({:f :broadcast,
                                                          :value 0}
                                                         {:f :broadcast,
                                                          :value 1}
                                                         {:f :broadcast,
                                                          :value 2}
                                                         {:f :broadcast,
                                                          :value 3}
                                                         {:f :broadcast,
                                                          :value 4}
                                                         {:f :broadcast,
                                                          :value 5}
                                                         {:f :broadcast,
                                                          :value 6}
                                                         {:f :broadcast,
                                                          :value 7}
                                                         ...)
                                                        ({:f :read}
                                                         {:f :read}
                                                         {:f :read}
                                                         {:f :read}
                                                         {:f :read}
                                                         {:f :read}
                                                         {:f :read}
                                                         {:f :read}
                                                         ...)]})})})]})})})
          (jepsen.generator.Synchronize
           {:gen (jepsen.generator.OnThreads
                  {:f #{:nemesis},
                   :context-filter #object[jepsen.generator.context$make_thread_filter$lazy_filter__12077
                                           "0x6f8af186"
                                           "jepsen.generator.context$make_thread_filter$lazy_filter__12077@6f8af186"],
                   :gen ()})})
          (jepsen.generator.Synchronize
           {:gen {:type :log, :value "Waiting for recovery..."}})
          (jepsen.generator.Synchronize {:gen {:type :sleep, :value 10}})
          (jepsen.generator.Synchronize
           {:gen (jepsen.generator.OnThreads
                  {:f #jepsen.generator.context.AllBut{:element :nemesis},
                   :context-filter #object[jepsen.generator.context$make_thread_filter$lazy_filter__12077
                                           "0x5aaecd25"
                                           "jepsen.generator.context$make_thread_filter$lazy_filter__12077@5aaecd25"],
                   :gen (jepsen.generator.EachThread
                         {:fresh-gen {:f :read, :final? true},
                          :context-filters #object[clojure.core$promise$reify__8621
                                                   "0x239fdf8f"
                                                   {:status :pending, :val nil}],
                          :gens {}})})}))]
 :log-net-recv false
 :os
 #object[maelstrom.net$jepsen_os$reify__15724
         "0x1acd660d"
         "maelstrom.net$jepsen_os$reify__15724@1acd660d"]
 :time-limit 20
 :workload :broadcast
 :consistency-models [:strict-serializable]
 :topology :grid}

2025-06-02 14:23:43,987{GMT}	INFO	[jepsen node n1] maelstrom.net: Starting Maelstrom network
2025-06-02 14:23:43,988{GMT}	INFO	[jepsen test runner] jepsen.db: Tearing down DB
2025-06-02 14:23:43,990{GMT}	INFO	[jepsen test runner] jepsen.db: Setting up DB
2025-06-02 14:23:43,990{GMT}	INFO	[jepsen node n3] maelstrom.db: Setting up n3
2025-06-02 14:23:43,990{GMT}	INFO	[jepsen node n4] maelstrom.db: Setting up n4
2025-06-02 14:23:43,990{GMT}	INFO	[jepsen node n2] maelstrom.db: Setting up n2
2025-06-02 14:23:43,991{GMT}	INFO	[jepsen node n4] maelstrom.process: launching self/server/_build/default/bin/main.exe []
2025-06-02 14:23:43,991{GMT}	INFO	[jepsen node n3] maelstrom.process: launching self/server/_build/default/bin/main.exe []
2025-06-02 14:23:43,991{GMT}	INFO	[jepsen node n5] maelstrom.db: Setting up n5
2025-06-02 14:23:43,991{GMT}	INFO	[jepsen node n2] maelstrom.process: launching self/server/_build/default/bin/main.exe []
2025-06-02 14:23:43,991{GMT}	INFO	[jepsen node n5] maelstrom.process: launching self/server/_build/default/bin/main.exe []
2025-06-02 14:23:43,992{GMT}	INFO	[jepsen node n1] maelstrom.service: Starting services: (lin-kv lin-tso lww-kv seq-kv)
2025-06-02 14:23:43,994{GMT}	INFO	[jepsen node n1] maelstrom.db: Setting up n1
2025-06-02 14:23:43,994{GMT}	INFO	[jepsen node n1] maelstrom.process: launching self/server/_build/default/bin/main.exe []
2025-06-02 14:23:53,744{GMT}	INFO	[jepsen test runner] jepsen.core: Relative time begins now
2025-06-02 14:23:53,761{GMT}	INFO	[jepsen worker 0] jepsen.util: 0	:invoke	:read	nil
2025-06-02 14:23:53,763{GMT}	INFO	[jepsen worker 0] jepsen.util: 0	:ok	:read	[]
2025-06-02 14:23:53,774{GMT}	INFO	[jepsen worker 1] jepsen.util: 1	:invoke	:read	nil
2025-06-02 14:23:53,776{GMT}	INFO	[jepsen worker 1] jepsen.util: 1	:ok	:read	[]
2025-06-02 14:23:53,805{GMT}	INFO	[jepsen worker 2] jepsen.util: 2	:invoke	:read	nil
2025-06-02 14:23:53,806{GMT}	INFO	[jepsen worker 2] jepsen.util: 2	:ok	:read	[]
2025-06-02 14:23:54,008{GMT}	INFO	[jepsen worker 3] jepsen.util: 3	:invoke	:broadcast	0
2025-06-02 14:23:54,010{GMT}	INFO	[jepsen worker 3] jepsen.util: 3	:ok	:broadcast	0
2025-06-02 14:23:54,191{GMT}	INFO	[jepsen worker 4] jepsen.util: 4	:invoke	:broadcast	1
2025-06-02 14:23:54,193{GMT}	INFO	[jepsen worker 4] jepsen.util: 4	:ok	:broadcast	1
2025-06-02 14:23:54,342{GMT}	INFO	[jepsen worker 0] jepsen.util: 0	:invoke	:read	nil
2025-06-02 14:23:54,344{GMT}	INFO	[jepsen worker 0] jepsen.util: 0	:ok	:read	["0" "1"]
2025-06-02 14:23:54,532{GMT}	INFO	[jepsen worker 0] jepsen.util: 0	:invoke	:read	nil
2025-06-02 14:23:54,533{GMT}	INFO	[jepsen worker 0] jepsen.util: 0	:ok	:read	["0" "1"]
2025-06-02 14:23:54,561{GMT}	INFO	[jepsen worker 1] jepsen.util: 1	:invoke	:broadcast	2
2025-06-02 14:23:54,563{GMT}	INFO	[jepsen worker 1] jepsen.util: 1	:ok	:broadcast	2
2025-06-02 14:23:54,664{GMT}	INFO	[jepsen worker 2] jepsen.util: 2	:invoke	:broadcast	3
2025-06-02 14:23:54,666{GMT}	INFO	[jepsen worker 2] jepsen.util: 2	:ok	:broadcast	3
2025-06-02 14:23:54,844{GMT}	INFO	[jepsen worker 3] jepsen.util: 3	:invoke	:broadcast	4
2025-06-02 14:23:54,845{GMT}	INFO	[jepsen worker 3] jepsen.util: 3	:ok	:broadcast	4
2025-06-02 14:23:54,859{GMT}	INFO	[jepsen worker 4] jepsen.util: 4	:invoke	:read	nil
2025-06-02 14:23:54,861{GMT}	INFO	[jepsen worker 4] jepsen.util: 4	:ok	:read	["0" "1" "2" "3" "4"]
2025-06-02 14:23:55,001{GMT}	INFO	[jepsen worker 0] jepsen.util: 0	:invoke	:broadcast	5
2025-06-02 14:23:55,003{GMT}	INFO	[jepsen worker 0] jepsen.util: 0	:ok	:broadcast	5
2025-06-02 14:23:55,125{GMT}	INFO	[jepsen worker 0] jepsen.util: 0	:invoke	:read	nil
2025-06-02 14:23:55,126{GMT}	INFO	[jepsen worker 0] jepsen.util: 0	:ok	:read	["0" "1" "2" "3" "4" "5"]
2025-06-02 14:23:55,272{GMT}	INFO	[jepsen worker 1] jepsen.util: 1	:invoke	:broadcast	6
2025-06-02 14:23:55,276{GMT}	INFO	[jepsen worker 1] jepsen.util: 1	:ok	:broadcast	6
2025-06-02 14:23:55,426{GMT}	INFO	[jepsen worker 2] jepsen.util: 2	:invoke	:read	nil
2025-06-02 14:23:55,428{GMT}	INFO	[jepsen worker 2] jepsen.util: 2	:ok	:read	["0" "1" "2" "3" "4" "5" "6"]
2025-06-02 14:23:55,627{GMT}	INFO	[jepsen worker 3] jepsen.util: 3	:invoke	:read	nil
2025-06-02 14:23:55,630{GMT}	INFO	[jepsen worker 3] jepsen.util: 3	:ok	:read	["0" "1" "2" "3" "4" "5" "6"]
2025-06-02 14:23:55,675{GMT}	INFO	[jepsen worker 4] jepsen.util: 4	:invoke	:read	nil
2025-06-02 14:23:55,678{GMT}	INFO	[jepsen worker 4] jepsen.util: 4	:ok	:read	["0" "1" "2" "3" "4" "5" "6"]
2025-06-02 14:23:55,808{GMT}	INFO	[jepsen worker 0] jepsen.util: 0	:invoke	:read	nil
2025-06-02 14:23:55,811{GMT}	INFO	[jepsen worker 0] jepsen.util: 0	:ok	:read	["0" "1" "2" "3" "4" "5" "6"]
2025-06-02 14:23:55,965{GMT}	INFO	[jepsen worker 0] jepsen.util: 0	:invoke	:broadcast	7
2025-06-02 14:23:55,967{GMT}	INFO	[jepsen worker 0] jepsen.util: 0	:ok	:broadcast	7
2025-06-02 14:23:55,980{GMT}	INFO	[jepsen worker 1] jepsen.util: 1	:invoke	:broadcast	8
2025-06-02 14:23:55,982{GMT}	INFO	[jepsen worker 1] jepsen.util: 1	:ok	:broadcast	8
2025-06-02 14:23:56,098{GMT}	INFO	[jepsen worker 2] jepsen.util: 2	:invoke	:broadcast	9
2025-06-02 14:23:56,099{GMT}	INFO	[jepsen worker 2] jepsen.util: 2	:ok	:broadcast	9
2025-06-02 14:23:56,283{GMT}	INFO	[jepsen worker 3] jepsen.util: 3	:invoke	:read	nil
2025-06-02 14:23:56,286{GMT}	INFO	[jepsen worker 3] jepsen.util: 3	:ok	:read	["0" "1" "2" "3" "4" "5" "6" "7" "8" "9"]
2025-06-02 14:23:56,426{GMT}	INFO	[jepsen worker 4] jepsen.util: 4	:invoke	:broadcast	10
2025-06-02 14:23:56,429{GMT}	INFO	[jepsen worker 4] jepsen.util: 4	:ok	:broadcast	10
2025-06-02 14:23:56,435{GMT}	INFO	[jepsen worker 0] jepsen.util: 0	:invoke	:broadcast	11
2025-06-02 14:23:56,437{GMT}	INFO	[jepsen worker 0] jepsen.util: 0	:ok	:broadcast	11
2025-06-02 14:23:56,525{GMT}	INFO	[jepsen worker 0] jepsen.util: 0	:invoke	:broadcast	12
2025-06-02 14:23:56,527{GMT}	INFO	[jepsen worker 0] jepsen.util: 0	:ok	:broadcast	12
2025-06-02 14:23:56,649{GMT}	INFO	[jepsen worker 1] jepsen.util: 1	:invoke	:read	nil
2025-06-02 14:23:56,651{GMT}	INFO	[jepsen worker 1] jepsen.util: 1	:ok	:read	["0" "1" "10" "11" "12" "2" "3" "4" "5" "6" "7" "8" "9"]
2025-06-02 14:23:56,707{GMT}	INFO	[jepsen worker 2] jepsen.util: 2	:invoke	:read	nil
2025-06-02 14:23:56,709{GMT}	INFO	[jepsen worker 2] jepsen.util: 2	:ok	:read	["0" "1" "10" "11" "12" "2" "3" "4" "5" "6" "7" "8" "9"]
2025-06-02 14:23:56,772{GMT}	INFO	[jepsen worker 3] jepsen.util: 3	:invoke	:broadcast	13
2025-06-02 14:23:56,775{GMT}	INFO	[jepsen worker 3] jepsen.util: 3	:ok	:broadcast	13
2025-06-02 14:23:56,913{GMT}	INFO	[jepsen worker 4] jepsen.util: 4	:invoke	:broadcast	14
2025-06-02 14:23:56,916{GMT}	INFO	[jepsen worker 4] jepsen.util: 4	:ok	:broadcast	14
2025-06-02 14:23:56,984{GMT}	INFO	[jepsen worker 0] jepsen.util: 0	:invoke	:read	nil
2025-06-02 14:23:56,985{GMT}	INFO	[jepsen worker 0] jepsen.util: 0	:ok	:read	["0" "1" "10" "11" "12" "13" "14" "2" "3" "4" "5" "6" "7" "8" "9"]
2025-06-02 14:23:57,083{GMT}	INFO	[jepsen worker 0] jepsen.util: 0	:invoke	:broadcast	15
2025-06-02 14:23:57,085{GMT}	INFO	[jepsen worker 0] jepsen.util: 0	:ok	:broadcast	15
2025-06-02 14:23:57,257{GMT}	INFO	[jepsen worker 1] jepsen.util: 1	:invoke	:read	nil
2025-06-02 14:23:57,261{GMT}	INFO	[jepsen worker 1] jepsen.util: 1	:ok	:read	["0" "1" "10" "11" "12" "13" "14" "15" "2" "3" "4" "5" "6" "7" "8" "9"]
2025-06-02 14:23:57,325{GMT}	INFO	[jepsen worker 2] jepsen.util: 2	:invoke	:read	nil
2025-06-02 14:23:57,328{GMT}	INFO	[jepsen worker 2] jepsen.util: 2	:ok	:read	["0" "1" "10" "11" "12" "13" "14" "15" "2" "3" "4" "5" "6" "7" "8" "9"]
2025-06-02 14:23:57,390{GMT}	INFO	[jepsen worker 3] jepsen.util: 3	:invoke	:broadcast	16
2025-06-02 14:23:57,391{GMT}	INFO	[jepsen worker 3] jepsen.util: 3	:ok	:broadcast	16
2025-06-02 14:23:57,472{GMT}	INFO	[jepsen worker 4] jepsen.util: 4	:invoke	:broadcast	17
2025-06-02 14:23:57,472{GMT}	INFO	[jepsen worker 4] jepsen.util: 4	:ok	:broadcast	17
2025-06-02 14:23:57,485{GMT}	INFO	[jepsen worker 0] jepsen.util: 0	:invoke	:read	nil
2025-06-02 14:23:57,485{GMT}	INFO	[jepsen worker 0] jepsen.util: 0	:ok	:read	["0" "1" "10" "11" "12" "13" "14" "15" "16" "17" "2" "3" "4" "5" "6" "7" "8" "9"]
2025-06-02 14:23:57,502{GMT}	INFO	[jepsen worker 0] jepsen.util: 0	:invoke	:read	nil
2025-06-02 14:23:57,503{GMT}	INFO	[jepsen worker 0] jepsen.util: 0	:ok	:read	["0" "1" "10" "11" "12" "13" "14" "15" "16" "17" "2" "3" "4" "5" "6" "7" "8" "9"]
2025-06-02 14:23:57,597{GMT}	INFO	[jepsen worker 1] jepsen.util: 1	:invoke	:broadcast	18
2025-06-02 14:23:57,599{GMT}	INFO	[jepsen worker 1] jepsen.util: 1	:ok	:broadcast	18
2025-06-02 14:23:57,600{GMT}	INFO	[jepsen worker 2] jepsen.util: 2	:invoke	:broadcast	19
2025-06-02 14:23:57,601{GMT}	INFO	[jepsen worker 2] jepsen.util: 2	:ok	:broadcast	19
2025-06-02 14:23:57,735{GMT}	INFO	[jepsen worker 3] jepsen.util: 3	:invoke	:read	nil
2025-06-02 14:23:57,737{GMT}	INFO	[jepsen worker 3] jepsen.util: 3	:ok	:read	["0" "1" "10" "11" "12" "13" "14" "15" "16" "17" "18" "19" "2" "3" "4" "5" "6" "7" "8" "9"]
2025-06-02 14:23:57,786{GMT}	INFO	[jepsen worker 4] jepsen.util: 4	:invoke	:read	nil
2025-06-02 14:23:57,789{GMT}	INFO	[jepsen worker 4] jepsen.util: 4	:ok	:read	["0" "1" "10" "11" "12" "13" "14" "15" "16" "17" "18" "19" "2" "3" "4" "5" "6" "7" "8" "9"]
2025-06-02 14:23:57,847{GMT}	INFO	[jepsen worker 0] jepsen.util: 0	:invoke	:read	nil
2025-06-02 14:23:57,848{GMT}	INFO	[jepsen worker 0] jepsen.util: 0	:ok	:read	["0" "1" "10" "11" "12" "13" "14" "15" "16" "17" "18" "19" "2" "3" "4" "5" "6" "7" "8" "9"]
2025-06-02 14:23:57,951{GMT}	INFO	[jepsen worker 0] jepsen.util: 0	:invoke	:broadcast	20
2025-06-02 14:23:57,953{GMT}	INFO	[jepsen worker 0] jepsen.util: 0	:ok	:broadcast	20
2025-06-02 14:23:57,979{GMT}	INFO	[jepsen worker 1] jepsen.util: 1	:invoke	:broadcast	21
2025-06-02 14:23:57,981{GMT}	INFO	[jepsen worker 1] jepsen.util: 1	:ok	:broadcast	21
2025-06-02 14:23:58,116{GMT}	INFO	[jepsen worker 2] jepsen.util: 2	:invoke	:read	nil
2025-06-02 14:23:58,117{GMT}	INFO	[jepsen worker 2] jepsen.util: 2	:ok	:read	["0" "1" "10" "11" "12" "13" "14" "15" "16" "17" "18" "19" "2" "20" "21" "3" "4" "5" "6" "7" "8" "9"]
2025-06-02 14:23:58,285{GMT}	INFO	[jepsen worker 3] jepsen.util: 3	:invoke	:broadcast	22
2025-06-02 14:23:58,286{GMT}	INFO	[jepsen worker 3] jepsen.util: 3	:ok	:broadcast	22
2025-06-02 14:23:58,403{GMT}	INFO	[jepsen worker 4] jepsen.util: 4	:invoke	:broadcast	23
2025-06-02 14:23:58,404{GMT}	INFO	[jepsen worker 4] jepsen.util: 4	:ok	:broadcast	23
2025-06-02 14:23:58,519{GMT}	INFO	[jepsen worker 0] jepsen.util: 0	:invoke	:read	nil
2025-06-02 14:23:58,521{GMT}	INFO	[jepsen worker 0] jepsen.util: 0	:ok	:read	["0" "1" "10" "11" "12" "13" "14" "15" "16" "17" "18" "19" "2" "20" "21" "22" "23" "3" "4" "5" "6" "7" "8" "9"]
2025-06-02 14:23:58,666{GMT}	INFO	[jepsen worker 0] jepsen.util: 0	:invoke	:broadcast	24
2025-06-02 14:23:58,667{GMT}	INFO	[jepsen worker 0] jepsen.util: 0	:ok	:broadcast	24
2025-06-02 14:23:58,747{GMT}	INFO	[jepsen worker 1] jepsen.util: 1	:invoke	:read	nil
2025-06-02 14:23:58,748{GMT}	INFO	[jepsen worker 1] jepsen.util: 1	:ok	:read	["0" "1" "10" "11" "12" "13" "14" "15" "16" "17" "18" "19" "2" "20" "21" "22" "23" "24" "3" "4" "5" "6" "7" "8" "9"]
2025-06-02 14:23:58,755{GMT}	INFO	[jepsen worker 2] jepsen.util: 2	:invoke	:read	nil
2025-06-02 14:23:58,756{GMT}	INFO	[jepsen worker 2] jepsen.util: 2	:ok	:read	["0" "1" "10" "11" "12" "13" "14" "15" "16" "17" "18" "19" "2" "20" "21" "22" "23" "24" "3" "4" "5" "6" "7" "8" "9"]
2025-06-02 14:23:58,941{GMT}	INFO	[jepsen worker 3] jepsen.util: 3	:invoke	:broadcast	25
2025-06-02 14:23:58,943{GMT}	INFO	[jepsen worker 3] jepsen.util: 3	:ok	:broadcast	25
2025-06-02 14:23:59,138{GMT}	INFO	[jepsen worker 4] jepsen.util: 4	:invoke	:broadcast	26
2025-06-02 14:23:59,139{GMT}	INFO	[jepsen worker 4] jepsen.util: 4	:ok	:broadcast	26
2025-06-02 14:23:59,191{GMT}	INFO	[jepsen worker 0] jepsen.util: 0	:invoke	:read	nil
2025-06-02 14:23:59,192{GMT}	INFO	[jepsen worker 0] jepsen.util: 0	:ok	:read	["0" "1" "10" "11" "12" "13" "14" "15" "16" "17" "18" "19" "2" "20" "21" "22" "23" "24" "25" "26" "3" "4" "5" "6" "7" "8" "9"]
2025-06-02 14:23:59,384{GMT}	INFO	[jepsen worker 0] jepsen.util: 0	:invoke	:broadcast	27
2025-06-02 14:23:59,385{GMT}	INFO	[jepsen worker 0] jepsen.util: 0	:ok	:broadcast	27
2025-06-02 14:23:59,431{GMT}	INFO	[jepsen worker 1] jepsen.util: 1	:invoke	:broadcast	28
2025-06-02 14:23:59,432{GMT}	INFO	[jepsen worker 1] jepsen.util: 1	:ok	:broadcast	28
2025-06-02 14:23:59,469{GMT}	INFO	[jepsen worker 2] jepsen.util: 2	:invoke	:broadcast	29
2025-06-02 14:23:59,470{GMT}	INFO	[jepsen worker 2] jepsen.util: 2	:ok	:broadcast	29
2025-06-02 14:23:59,665{GMT}	INFO	[jepsen worker 3] jepsen.util: 3	:invoke	:broadcast	30
2025-06-02 14:23:59,666{GMT}	INFO	[jepsen worker 3] jepsen.util: 3	:ok	:broadcast	30
2025-06-02 14:23:59,790{GMT}	INFO	[jepsen worker 4] jepsen.util: 4	:invoke	:read	nil
2025-06-02 14:23:59,792{GMT}	INFO	[jepsen worker 4] jepsen.util: 4	:ok	:read	["0" "1" "10" "11" "12" "13" "14" "15" "16" "17" "18" "19" "2" "20" "21" "22" "23" "24" "25" "26" "27" "28" "29" "3" "30" "4" "5" "6" "7" "8" "9"]
2025-06-02 14:23:59,966{GMT}	INFO	[jepsen worker 0] jepsen.util: 0	:invoke	:broadcast	31
2025-06-02 14:23:59,969{GMT}	INFO	[jepsen worker 0] jepsen.util: 0	:ok	:broadcast	31
2025-06-02 14:23:59,999{GMT}	INFO	[jepsen worker 0] jepsen.util: 0	:invoke	:broadcast	32
2025-06-02 14:24:00,000{GMT}	INFO	[jepsen worker 0] jepsen.util: 0	:ok	:broadcast	32
2025-06-02 14:24:00,114{GMT}	INFO	[jepsen worker 1] jepsen.util: 1	:invoke	:broadcast	33
2025-06-02 14:24:00,115{GMT}	INFO	[jepsen worker 1] jepsen.util: 1	:ok	:broadcast	33
2025-06-02 14:24:00,306{GMT}	INFO	[jepsen worker 2] jepsen.util: 2	:invoke	:broadcast	34
2025-06-02 14:24:00,307{GMT}	INFO	[jepsen worker 2] jepsen.util: 2	:ok	:broadcast	34
2025-06-02 14:24:00,311{GMT}	INFO	[jepsen worker 3] jepsen.util: 3	:invoke	:read	nil
2025-06-02 14:24:00,311{GMT}	INFO	[jepsen worker 3] jepsen.util: 3	:ok	:read	["0" "1" "10" "11" "12" "13" "14" "15" "16" "17" "18" "19" "2" "20" "21" "22" "23" "24" "25" "26" "27" "28" "29" "3" "30" "31" "32" "33" "34" "4" "5" "6" "7" "8" "9"]
2025-06-02 14:24:00,376{GMT}	INFO	[jepsen worker 4] jepsen.util: 4	:invoke	:broadcast	35
2025-06-02 14:24:00,377{GMT}	INFO	[jepsen worker 4] jepsen.util: 4	:ok	:broadcast	35
2025-06-02 14:24:00,409{GMT}	INFO	[jepsen worker 0] jepsen.util: 0	:invoke	:broadcast	36
2025-06-02 14:24:00,410{GMT}	INFO	[jepsen worker 0] jepsen.util: 0	:ok	:broadcast	36
2025-06-02 14:24:00,566{GMT}	INFO	[jepsen worker 0] jepsen.util: 0	:invoke	:broadcast	37
2025-06-02 14:24:00,567{GMT}	INFO	[jepsen worker 0] jepsen.util: 0	:ok	:broadcast	37
2025-06-02 14:24:00,697{GMT}	INFO	[jepsen worker 1] jepsen.util: 1	:invoke	:broadcast	38
2025-06-02 14:24:00,699{GMT}	INFO	[jepsen worker 1] jepsen.util: 1	:ok	:broadcast	38
2025-06-02 14:24:00,808{GMT}	INFO	[jepsen worker 2] jepsen.util: 2	:invoke	:read	nil
2025-06-02 14:24:00,809{GMT}	INFO	[jepsen worker 2] jepsen.util: 2	:ok	:read	["0" "1" "10" "11" "12" "13" "14" "15" "16" "17" "18" "19" "2" "20" "21" "22" "23" "24" "25" "26" "27" "28" "29" "3" "30" "31" "32" "33" "34" "35" "36" "37" "38" "4" "5" "6" "7" "8" "9"]
2025-06-02 14:24:00,934{GMT}	INFO	[jepsen worker 3] jepsen.util: 3	:invoke	:read	nil
2025-06-02 14:24:00,935{GMT}	INFO	[jepsen worker 3] jepsen.util: 3	:ok	:read	["0" "1" "10" "11" "12" "13" "14" "15" "16" "17" "18" "19" "2" "20" "21" "22" "23" "24" "25" "26" "27" "28" "29" "3" "30" "31" "32" "33" "34" "35" "36" "37" "38" "4" "5" "6" "7" "8" "9"]
2025-06-02 14:24:01,094{GMT}	INFO	[jepsen worker 4] jepsen.util: 4	:invoke	:broadcast	39
2025-06-02 14:24:01,095{GMT}	INFO	[jepsen worker 4] jepsen.util: 4	:ok	:broadcast	39
2025-06-02 14:24:01,126{GMT}	INFO	[jepsen worker 0] jepsen.util: 0	:invoke	:read	nil
2025-06-02 14:24:01,128{GMT}	INFO	[jepsen worker 0] jepsen.util: 0	:ok	:read	["0" "1" "10" "11" "12" "13" "14" "15" "16" "17" "18" "19" "2" "20" "21" "22" "23" "24" "25" "26" "27" "28" "29" "3" "30" "31" "32" "33" "34" "35" "36" "37" "38" "39" "4" "5" "6" "7" "8" "9"]
2025-06-02 14:24:01,279{GMT}	INFO	[jepsen worker 0] jepsen.util: 0	:invoke	:read	nil
2025-06-02 14:24:01,280{GMT}	INFO	[jepsen worker 0] jepsen.util: 0	:ok	:read	["0" "1" "10" "11" "12" "13" "14" "15" "16" "17" "18" "19" "2" "20" "21" "22" "23" "24" "25" "26" "27" "28" "29" "3" "30" "31" "32" "33" "34" "35" "36" "37" "38" "39" "4" "5" "6" "7" "8" "9"]
2025-06-02 14:24:01,309{GMT}	INFO	[jepsen worker 1] jepsen.util: 1	:invoke	:read	nil
2025-06-02 14:24:01,317{GMT}	INFO	[jepsen worker 1] jepsen.util: 1	:ok	:read	["0" "1" "10" "11" "12" "13" "14" "15" "16" "17" "18" "19" "2" "20" "21" "22" "23" "24" "25" "26" "27" "28" "29" "3" "30" "31" "32" "33" "34" "35" "36" "37" "38" "39" "4" "5" "6" "7" "8" "9"]
2025-06-02 14:24:01,449{GMT}	INFO	[jepsen worker 2] jepsen.util: 2	:invoke	:read	nil
2025-06-02 14:24:01,467{GMT}	INFO	[jepsen worker 2] jepsen.util: 2	:ok	:read	["0" "1" "10" "11" "12" "13" "14" "15" "16" "17" "18" "19" "2" "20" "21" "22" "23" "24" "25" "26" "27" "28" "29" "3" "30" "31" "32" "33" "34" "35" "36" "37" "38" "39" "4" "5" "6" "7" "8" "9"]
2025-06-02 14:24:01,588{GMT}	INFO	[jepsen worker 3] jepsen.util: 3	:invoke	:broadcast	40
2025-06-02 14:24:01,590{GMT}	INFO	[jepsen worker 3] jepsen.util: 3	:ok	:broadcast	40
2025-06-02 14:24:01,646{GMT}	INFO	[jepsen worker 4] jepsen.util: 4	:invoke	:broadcast	41
2025-06-02 14:24:01,647{GMT}	INFO	[jepsen worker 4] jepsen.util: 4	:ok	:broadcast	41
2025-06-02 14:24:01,725{GMT}	INFO	[jepsen worker 0] jepsen.util: 0	:invoke	:broadcast	42
2025-06-02 14:24:01,727{GMT}	INFO	[jepsen worker 0] jepsen.util: 0	:ok	:broadcast	42
2025-06-02 14:24:01,747{GMT}	INFO	[jepsen worker 0] jepsen.util: 0	:invoke	:broadcast	43
2025-06-02 14:24:01,748{GMT}	INFO	[jepsen worker 0] jepsen.util: 0	:ok	:broadcast	43
2025-06-02 14:24:01,930{GMT}	INFO	[jepsen worker 1] jepsen.util: 1	:invoke	:broadcast	44
2025-06-02 14:24:01,931{GMT}	INFO	[jepsen worker 1] jepsen.util: 1	:ok	:broadcast	44
2025-06-02 14:24:01,958{GMT}	INFO	[jepsen worker 2] jepsen.util: 2	:invoke	:broadcast	45
2025-06-02 14:24:01,958{GMT}	INFO	[jepsen worker 3] jepsen.util: 3	:invoke	:read	nil
2025-06-02 14:24:01,959{GMT}	INFO	[jepsen worker 2] jepsen.util: 2	:ok	:broadcast	45
2025-06-02 14:24:01,959{GMT}	INFO	[jepsen worker 3] jepsen.util: 3	:ok	:read	["0" "1" "10" "11" "12" "13" "14" "15" "16" "17" "18" "19" "2" "20" "21" "22" "23" "24" "25" "26" "27" "28" "29" "3" "30" "31" "32" "33" "34" "35" "36" "37" "38" "39" "4" "40" "41" "42" "43" "44" "5" "6" "7" "8" "9"]
2025-06-02 14:24:02,022{GMT}	INFO	[jepsen worker 4] jepsen.util: 4	:invoke	:broadcast	46
2025-06-02 14:24:02,023{GMT}	INFO	[jepsen worker 4] jepsen.util: 4	:ok	:broadcast	46
2025-06-02 14:24:02,124{GMT}	INFO	[jepsen worker 0] jepsen.util: 0	:invoke	:read	nil
2025-06-02 14:24:02,125{GMT}	INFO	[jepsen worker 0] jepsen.util: 0	:ok	:read	["0" "1" "10" "11" "12" "13" "14" "15" "16" "17" "18" "19" "2" "20" "21" "22" "23" "24" "25" "26" "27" "28" "29" "3" "30" "31" "32" "33" "34" "35" "36" "37" "38" "39" "4" "40" "41" "42" "43" "44" "45" "46" "5" "6" "7" "8" "9"]
2025-06-02 14:24:02,324{GMT}	INFO	[jepsen worker 0] jepsen.util: 0	:invoke	:broadcast	47
2025-06-02 14:24:02,326{GMT}	INFO	[jepsen worker 0] jepsen.util: 0	:ok	:broadcast	47
2025-06-02 14:24:02,372{GMT}	INFO	[jepsen worker 1] jepsen.util: 1	:invoke	:broadcast	48
2025-06-02 14:24:02,373{GMT}	INFO	[jepsen worker 1] jepsen.util: 1	:ok	:broadcast	48
2025-06-02 14:24:02,383{GMT}	INFO	[jepsen worker 2] jepsen.util: 2	:invoke	:broadcast	49
2025-06-02 14:24:02,386{GMT}	INFO	[jepsen worker 2] jepsen.util: 2	:ok	:broadcast	49
2025-06-02 14:24:02,580{GMT}	INFO	[jepsen worker 3] jepsen.util: 3	:invoke	:read	nil
2025-06-02 14:24:02,581{GMT}	INFO	[jepsen worker 3] jepsen.util: 3	:ok	:read	["0" "1" "10" "11" "12" "13" "14" "15" "16" "17" "18" "19" "2" "20" "21" "22" "23" "24" "25" "26" "27" "28" "29" "3" "30" "31" "32" "33" "34" "35" "36" "37" "38" "39" "4" "40" "41" "42" "43" "44" "45" "46" "47" "48" "49" "5" "6" "7" "8" "9"]
2025-06-02 14:24:02,774{GMT}	INFO	[jepsen worker 4] jepsen.util: 4	:invoke	:read	nil
2025-06-02 14:24:02,775{GMT}	INFO	[jepsen worker 4] jepsen.util: 4	:ok	:read	["0" "1" "10" "11" "12" "13" "14" "15" "16" "17" "18" "19" "2" "20" "21" "22" "23" "24" "25" "26" "27" "28" "29" "3" "30" "31" "32" "33" "34" "35" "36" "37" "38" "39" "4" "40" "41" "42" "43" "44" "45" "46" "47" "48" "49" "5" "6" "7" "8" "9"]
2025-06-02 14:24:02,863{GMT}	INFO	[jepsen worker 0] jepsen.util: 0	:invoke	:read	nil
2025-06-02 14:24:02,865{GMT}	INFO	[jepsen worker 0] jepsen.util: 0	:ok	:read	["0" "1" "10" "11" "12" "13" "14" "15" "16" "17" "18" "19" "2" "20" "21" "22" "23" "24" "25" "26" "27" "28" "29" "3" "30" "31" "32" "33" "34" "35" "36" "37" "38" "39" "4" "40" "41" "42" "43" "44" "45" "46" "47" "48" "49" "5" "6" "7" "8" "9"]
2025-06-02 14:24:02,975{GMT}	INFO	[jepsen worker 0] jepsen.util: 0	:invoke	:read	nil
2025-06-02 14:24:02,976{GMT}	INFO	[jepsen worker 0] jepsen.util: 0	:ok	:read	["0" "1" "10" "11" "12" "13" "14" "15" "16" "17" "18" "19" "2" "20" "21" "22" "23" "24" "25" "26" "27" "28" "29" "3" "30" "31" "32" "33" "34" "35" "36" "37" "38" "39" "4" "40" "41" "42" "43" "44" "45" "46" "47" "48" "49" "5" "6" "7" "8" "9"]
2025-06-02 14:24:03,108{GMT}	INFO	[jepsen worker 1] jepsen.util: 1	:invoke	:read	nil
2025-06-02 14:24:03,111{GMT}	INFO	[jepsen worker 1] jepsen.util: 1	:ok	:read	["0" "1" "10" "11" "12" "13" "14" "15" "16" "17" "18" "19" "2" "20" "21" "22" "23" "24" "25" "26" "27" "28" "29" "3" "30" "31" "32" "33" "34" "35" "36" "37" "38" "39" "4" "40" "41" "42" "43" "44" "45" "46" "47" "48" "49" "5" "6" "7" "8" "9"]
2025-06-02 14:24:03,133{GMT}	INFO	[jepsen worker 2] jepsen.util: 2	:invoke	:read	nil
2025-06-02 14:24:03,135{GMT}	INFO	[jepsen worker 2] jepsen.util: 2	:ok	:read	["0" "1" "10" "11" "12" "13" "14" "15" "16" "17" "18" "19" "2" "20" "21" "22" "23" "24" "25" "26" "27" "28" "29" "3" "30" "31" "32" "33" "34" "35" "36" "37" "38" "39" "4" "40" "41" "42" "43" "44" "45" "46" "47" "48" "49" "5" "6" "7" "8" "9"]
2025-06-02 14:24:03,257{GMT}	INFO	[jepsen worker 3] jepsen.util: 3	:invoke	:read	nil
2025-06-02 14:24:03,259{GMT}	INFO	[jepsen worker 3] jepsen.util: 3	:ok	:read	["0" "1" "10" "11" "12" "13" "14" "15" "16" "17" "18" "19" "2" "20" "21" "22" "23" "24" "25" "26" "27" "28" "29" "3" "30" "31" "32" "33" "34" "35" "36" "37" "38" "39" "4" "40" "41" "42" "43" "44" "45" "46" "47" "48" "49" "5" "6" "7" "8" "9"]
2025-06-02 14:24:03,320{GMT}	INFO	[jepsen worker 4] jepsen.util: 4	:invoke	:broadcast	50
2025-06-02 14:24:03,321{GMT}	INFO	[jepsen worker 4] jepsen.util: 4	:ok	:broadcast	50
2025-06-02 14:24:03,375{GMT}	INFO	[jepsen worker 0] jepsen.util: 0	:invoke	:broadcast	51
2025-06-02 14:24:03,377{GMT}	INFO	[jepsen worker 0] jepsen.util: 0	:ok	:broadcast	51
2025-06-02 14:24:03,384{GMT}	INFO	[jepsen worker 0] jepsen.util: 0	:invoke	:read	nil
2025-06-02 14:24:03,385{GMT}	INFO	[jepsen worker 0] jepsen.util: 0	:ok	:read	["0" "1" "10" "11" "12" "13" "14" "15" "16" "17" "18" "19" "2" "20" "21" "22" "23" "24" "25" "26" "27" "28" "29" "3" "30" "31" "32" "33" "34" "35" "36" "37" "38" "39" "4" "40" "41" "42" "43" "44" "45" "46" "47" "48" "49" "5" "50" "51" "6" "7" "8" "9"]
2025-06-02 14:24:03,461{GMT}	INFO	[jepsen worker 1] jepsen.util: 1	:invoke	:broadcast	52
2025-06-02 14:24:03,463{GMT}	INFO	[jepsen worker 1] jepsen.util: 1	:ok	:broadcast	52
2025-06-02 14:24:03,611{GMT}	INFO	[jepsen worker 2] jepsen.util: 2	:invoke	:broadcast	53
2025-06-02 14:24:03,612{GMT}	INFO	[jepsen worker 2] jepsen.util: 2	:ok	:broadcast	53
2025-06-02 14:24:03,728{GMT}	INFO	[jepsen worker 3] jepsen.util: 3	:invoke	:read	nil
2025-06-02 14:24:03,729{GMT}	INFO	[jepsen worker 3] jepsen.util: 3	:ok	:read	["0" "1" "10" "11" "12" "13" "14" "15" "16" "17" "18" "19" "2" "20" "21" "22" "23" "24" "25" "26" "27" "28" "29" "3" "30" "31" "32" "33" "34" "35" "36" "37" "38" "39" "4" "40" "41" "42" "43" "44" "45" "46" "47" "48" "49" "5" "50" "51" "52" "53" "6" "7" "8" "9"]
2025-06-02 14:24:03,866{GMT}	INFO	[jepsen worker 4] jepsen.util: 4	:invoke	:broadcast	54
2025-06-02 14:24:03,867{GMT}	INFO	[jepsen worker 4] jepsen.util: 4	:ok	:broadcast	54
2025-06-02 14:24:03,949{GMT}	INFO	[jepsen worker 0] jepsen.util: 0	:invoke	:broadcast	55
2025-06-02 14:24:03,951{GMT}	INFO	[jepsen worker 0] jepsen.util: 0	:ok	:broadcast	55
2025-06-02 14:24:04,072{GMT}	INFO	[jepsen worker 0] jepsen.util: 0	:invoke	:broadcast	56
2025-06-02 14:24:04,073{GMT}	INFO	[jepsen worker 0] jepsen.util: 0	:ok	:broadcast	56
2025-06-02 14:24:04,095{GMT}	INFO	[jepsen worker 1] jepsen.util: 1	:invoke	:broadcast	57
2025-06-02 14:24:04,096{GMT}	INFO	[jepsen worker 1] jepsen.util: 1	:ok	:broadcast	57
2025-06-02 14:24:04,104{GMT}	INFO	[jepsen worker 2] jepsen.util: 2	:invoke	:read	nil
2025-06-02 14:24:04,106{GMT}	INFO	[jepsen worker 2] jepsen.util: 2	:ok	:read	["0" "1" "10" "11" "12" "13" "14" "15" "16" "17" "18" "19" "2" "20" "21" "22" "23" "24" "25" "26" "27" "28" "29" "3" "30" "31" "32" "33" "34" "35" "36" "37" "38" "39" "4" "40" "41" "42" "43" "44" "45" "46" "47" "48" "49" "5" "50" "51" "52" "53" "54" "55" "56" "57" "6" "7" "8" "9"]
2025-06-02 14:24:04,258{GMT}	INFO	[jepsen worker 3] jepsen.util: 3	:invoke	:broadcast	58
2025-06-02 14:24:04,259{GMT}	INFO	[jepsen worker 3] jepsen.util: 3	:ok	:broadcast	58
2025-06-02 14:24:04,389{GMT}	INFO	[jepsen worker 4] jepsen.util: 4	:invoke	:broadcast	59
2025-06-02 14:24:04,391{GMT}	INFO	[jepsen worker 4] jepsen.util: 4	:ok	:broadcast	59
2025-06-02 14:24:04,514{GMT}	INFO	[jepsen worker 0] jepsen.util: 0	:invoke	:read	nil
2025-06-02 14:24:04,515{GMT}	INFO	[jepsen worker 0] jepsen.util: 0	:ok	:read	["0" "1" "10" "11" "12" "13" "14" "15" "16" "17" "18" "19" "2" "20" "21" "22" "23" "24" "25" "26" "27" "28" "29" "3" "30" "31" "32" "33" "34" "35" "36" "37" "38" "39" "4" "40" "41" "42" "43" "44" "45" "46" "47" "48" "49" "5" "50" "51" "52" "53" "54" "55" "56" "57" "58" "59" "6" "7" "8" "9"]
2025-06-02 14:24:04,672{GMT}	INFO	[jepsen worker 0] jepsen.util: 0	:invoke	:broadcast	60
2025-06-02 14:24:04,673{GMT}	INFO	[jepsen worker 0] jepsen.util: 0	:ok	:broadcast	60
2025-06-02 14:24:04,841{GMT}	INFO	[jepsen worker 1] jepsen.util: 1	:invoke	:read	nil
2025-06-02 14:24:04,843{GMT}	INFO	[jepsen worker 1] jepsen.util: 1	:ok	:read	["0" "1" "10" "11" "12" "13" "14" "15" "16" "17" "18" "19" "2" "20" "21" "22" "23" "24" "25" "26" "27" "28" "29" "3" "30" "31" "32" "33" "34" "35" "36" "37" "38" "39" "4" "40" "41" "42" "43" "44" "45" "46" "47" "48" "49" "5" "50" "51" "52" "53" "54" "55" "56" "57" "58" "59" "6" "60" "7" "8" "9"]
2025-06-02 14:24:05,010{GMT}	INFO	[jepsen worker 2] jepsen.util: 2	:invoke	:read	nil
2025-06-02 14:24:05,011{GMT}	INFO	[jepsen worker 2] jepsen.util: 2	:ok	:read	["0" "1" "10" "11" "12" "13" "14" "15" "16" "17" "18" "19" "2" "20" "21" "22" "23" "24" "25" "26" "27" "28" "29" "3" "30" "31" "32" "33" "34" "35" "36" "37" "38" "39" "4" "40" "41" "42" "43" "44" "45" "46" "47" "48" "49" "5" "50" "51" "52" "53" "54" "55" "56" "57" "58" "59" "6" "60" "7" "8" "9"]
2025-06-02 14:24:05,117{GMT}	INFO	[jepsen worker 3] jepsen.util: 3	:invoke	:broadcast	61
2025-06-02 14:24:05,118{GMT}	INFO	[jepsen worker 3] jepsen.util: 3	:ok	:broadcast	61
2025-06-02 14:24:05,241{GMT}	INFO	[jepsen worker 4] jepsen.util: 4	:invoke	:broadcast	62
2025-06-02 14:24:05,242{GMT}	INFO	[jepsen worker 4] jepsen.util: 4	:ok	:broadcast	62
2025-06-02 14:24:05,263{GMT}	INFO	[jepsen worker 0] jepsen.util: 0	:invoke	:read	nil
2025-06-02 14:24:05,264{GMT}	INFO	[jepsen worker 0] jepsen.util: 0	:ok	:read	["0" "1" "10" "11" "12" "13" "14" "15" "16" "17" "18" "19" "2" "20" "21" "22" "23" "24" "25" "26" "27" "28" "29" "3" "30" "31" "32" "33" "34" "35" "36" "37" "38" "39" "4" "40" "41" "42" "43" "44" "45" "46" "47" "48" "49" "5" "50" "51" "52" "53" "54" "55" "56" "57" "58" "59" "6" "60" "61" "62" "7" "8" "9"]
2025-06-02 14:24:05,395{GMT}	INFO	[jepsen worker 0] jepsen.util: 0	:invoke	:broadcast	63
2025-06-02 14:24:05,396{GMT}	INFO	[jepsen worker 0] jepsen.util: 0	:ok	:broadcast	63
2025-06-02 14:24:05,595{GMT}	INFO	[jepsen worker 1] jepsen.util: 1	:invoke	:read	nil
2025-06-02 14:24:05,597{GMT}	INFO	[jepsen worker 1] jepsen.util: 1	:ok	:read	["0" "1" "10" "11" "12" "13" "14" "15" "16" "17" "18" "19" "2" "20" "21" "22" "23" "24" "25" "26" "27" "28" "29" "3" "30" "31" "32" "33" "34" "35" "36" "37" "38" "39" "4" "40" "41" "42" "43" "44" "45" "46" "47" "48" "49" "5" "50" "51" "52" "53" "54" "55" "56" "57" "58" "59" "6" "60" "61" "62" "63" "7" "8" "9"]
2025-06-02 14:24:05,705{GMT}	INFO	[jepsen worker 2] jepsen.util: 2	:invoke	:broadcast	64
2025-06-02 14:24:05,706{GMT}	INFO	[jepsen worker 2] jepsen.util: 2	:ok	:broadcast	64
2025-06-02 14:24:05,872{GMT}	INFO	[jepsen worker 3] jepsen.util: 3	:invoke	:broadcast	65
2025-06-02 14:24:05,873{GMT}	INFO	[jepsen worker 3] jepsen.util: 3	:ok	:broadcast	65
2025-06-02 14:24:05,932{GMT}	INFO	[jepsen worker 4] jepsen.util: 4	:invoke	:read	nil
2025-06-02 14:24:05,933{GMT}	INFO	[jepsen worker 4] jepsen.util: 4	:ok	:read	["0" "1" "10" "11" "12" "13" "14" "15" "16" "17" "18" "19" "2" "20" "21" "22" "23" "24" "25" "26" "27" "28" "29" "3" "30" "31" "32" "33" "34" "35" "36" "37" "38" "39" "4" "40" "41" "42" "43" "44" "45" "46" "47" "48" "49" "5" "50" "51" "52" "53" "54" "55" "56" "57" "58" "59" "6" "60" "61" "62" "63" "64" "65" "7" "8" "9"]
2025-06-02 14:24:05,954{GMT}	INFO	[jepsen worker 0] jepsen.util: 0	:invoke	:broadcast	66
2025-06-02 14:24:05,955{GMT}	INFO	[jepsen worker 0] jepsen.util: 0	:ok	:broadcast	66
2025-06-02 14:24:06,100{GMT}	INFO	[jepsen worker 0] jepsen.util: 0	:invoke	:broadcast	67
2025-06-02 14:24:06,101{GMT}	INFO	[jepsen worker 0] jepsen.util: 0	:ok	:broadcast	67
2025-06-02 14:24:06,244{GMT}	INFO	[jepsen worker 1] jepsen.util: 1	:invoke	:read	nil
2025-06-02 14:24:06,247{GMT}	INFO	[jepsen worker 1] jepsen.util: 1	:ok	:read	["0" "1" "10" "11" "12" "13" "14" "15" "16" "17" "18" "19" "2" "20" "21" "22" "23" "24" "25" "26" "27" "28" "29" "3" "30" "31" "32" "33" "34" "35" "36" "37" "38" "39" "4" "40" "41" "42" "43" "44" "45" "46" "47" "48" "49" "5" "50" "51" "52" "53" "54" "55" "56" "57" "58" "59" "6" "60" "61" "62" "63" "64" "65" "66" "67" "7" "8" "9"]
2025-06-02 14:24:06,279{GMT}	INFO	[jepsen worker 2] jepsen.util: 2	:invoke	:broadcast	68
2025-06-02 14:24:06,280{GMT}	INFO	[jepsen worker 2] jepsen.util: 2	:ok	:broadcast	68
2025-06-02 14:24:06,358{GMT}	INFO	[jepsen worker 3] jepsen.util: 3	:invoke	:broadcast	69
2025-06-02 14:24:06,359{GMT}	INFO	[jepsen worker 3] jepsen.util: 3	:ok	:broadcast	69
2025-06-02 14:24:06,515{GMT}	INFO	[jepsen worker 4] jepsen.util: 4	:invoke	:read	nil
2025-06-02 14:24:06,517{GMT}	INFO	[jepsen worker 4] jepsen.util: 4	:ok	:read	["0" "1" "10" "11" "12" "13" "14" "15" "16" "17" "18" "19" "2" "20" "21" "22" "23" "24" "25" "26" "27" "28" "29" "3" "30" "31" "32" "33" "34" "35" "36" "37" "38" "39" "4" "40" "41" "42" "43" "44" "45" "46" "47" "48" "49" "5" "50" "51" "52" "53" "54" "55" "56" "57" "58" "59" "6" "60" "61" "62" "63" "64" "65" "66" "67" "68" "69" "7" "8" "9"]
2025-06-02 14:24:06,641{GMT}	INFO	[jepsen worker 0] jepsen.util: 0	:invoke	:read	nil
2025-06-02 14:24:06,644{GMT}	INFO	[jepsen worker 0] jepsen.util: 0	:ok	:read	["0" "1" "10" "11" "12" "13" "14" "15" "16" "17" "18" "19" "2" "20" "21" "22" "23" "24" "25" "26" "27" "28" "29" "3" "30" "31" "32" "33" "34" "35" "36" "37" "38" "39" "4" "40" "41" "42" "43" "44" "45" "46" "47" "48" "49" "5" "50" "51" "52" "53" "54" "55" "56" "57" "58" "59" "6" "60" "61" "62" "63" "64" "65" "66" "67" "68" "69" "7" "8" "9"]
2025-06-02 14:24:06,795{GMT}	INFO	[jepsen worker 0] jepsen.util: 0	:invoke	:read	nil
2025-06-02 14:24:06,796{GMT}	INFO	[jepsen worker 0] jepsen.util: 0	:ok	:read	["0" "1" "10" "11" "12" "13" "14" "15" "16" "17" "18" "19" "2" "20" "21" "22" "23" "24" "25" "26" "27" "28" "29" "3" "30" "31" "32" "33" "34" "35" "36" "37" "38" "39" "4" "40" "41" "42" "43" "44" "45" "46" "47" "48" "49" "5" "50" "51" "52" "53" "54" "55" "56" "57" "58" "59" "6" "60" "61" "62" "63" "64" "65" "66" "67" "68" "69" "7" "8" "9"]
2025-06-02 14:24:06,827{GMT}	INFO	[jepsen worker 1] jepsen.util: 1	:invoke	:read	nil
2025-06-02 14:24:06,827{GMT}	INFO	[jepsen worker 1] jepsen.util: 1	:ok	:read	["0" "1" "10" "11" "12" "13" "14" "15" "16" "17" "18" "19" "2" "20" "21" "22" "23" "24" "25" "26" "27" "28" "29" "3" "30" "31" "32" "33" "34" "35" "36" "37" "38" "39" "4" "40" "41" "42" "43" "44" "45" "46" "47" "48" "49" "5" "50" "51" "52" "53" "54" "55" "56" "57" "58" "59" "6" "60" "61" "62" "63" "64" "65" "66" "67" "68" "69" "7" "8" "9"]
2025-06-02 14:24:06,975{GMT}	INFO	[jepsen worker 2] jepsen.util: 2	:invoke	:broadcast	70
2025-06-02 14:24:06,978{GMT}	INFO	[jepsen worker 2] jepsen.util: 2	:ok	:broadcast	70
2025-06-02 14:24:07,026{GMT}	INFO	[jepsen worker 3] jepsen.util: 3	:invoke	:read	nil
2025-06-02 14:24:07,028{GMT}	INFO	[jepsen worker 3] jepsen.util: 3	:ok	:read	["0" "1" "10" "11" "12" "13" "14" "15" "16" "17" "18" "19" "2" "20" "21" "22" "23" "24" "25" "26" "27" "28" "29" "3" "30" "31" "32" "33" "34" "35" "36" "37" "38" "39" "4" "40" "41" "42" "43" "44" "45" "46" "47" "48" "49" "5" "50" "51" "52" "53" "54" "55" "56" "57" "58" "59" "6" "60" "61" "62" "63" "64" "65" "66" "67" "68" "69" "7" "70" "8" "9"]
2025-06-02 14:24:07,054{GMT}	INFO	[jepsen worker 4] jepsen.util: 4	:invoke	:broadcast	71
2025-06-02 14:24:07,056{GMT}	INFO	[jepsen worker 4] jepsen.util: 4	:ok	:broadcast	71
2025-06-02 14:24:07,107{GMT}	INFO	[jepsen worker 0] jepsen.util: 0	:invoke	:broadcast	72
2025-06-02 14:24:07,109{GMT}	INFO	[jepsen worker 0] jepsen.util: 0	:ok	:broadcast	72
2025-06-02 14:24:07,176{GMT}	INFO	[jepsen worker 0] jepsen.util: 0	:invoke	:read	nil
2025-06-02 14:24:07,179{GMT}	INFO	[jepsen worker 0] jepsen.util: 0	:ok	:read	["0" "1" "10" "11" "12" "13" "14" "15" "16" "17" "18" "19" "2" "20" "21" "22" "23" "24" "25" "26" "27" "28" "29" "3" "30" "31" "32" "33" "34" "35" "36" "37" "38" "39" "4" "40" "41" "42" "43" "44" "45" "46" "47" "48" "49" "5" "50" "51" "52" "53" "54" "55" "56" "57" "58" "59" "6" "60" "61" "62" "63" "64" "65" "66" "67" "68" "69" "7" "70" "71" "72" "8" "9"]
2025-06-02 14:24:07,336{GMT}	INFO	[jepsen worker 1] jepsen.util: 1	:invoke	:read	nil
2025-06-02 14:24:07,338{GMT}	INFO	[jepsen worker 1] jepsen.util: 1	:ok	:read	["0" "1" "10" "11" "12" "13" "14" "15" "16" "17" "18" "19" "2" "20" "21" "22" "23" "24" "25" "26" "27" "28" "29" "3" "30" "31" "32" "33" "34" "35" "36" "37" "38" "39" "4" "40" "41" "42" "43" "44" "45" "46" "47" "48" "49" "5" "50" "51" "52" "53" "54" "55" "56" "57" "58" "59" "6" "60" "61" "62" "63" "64" "65" "66" "67" "68" "69" "7" "70" "71" "72" "8" "9"]
2025-06-02 14:24:07,488{GMT}	INFO	[jepsen worker 2] jepsen.util: 2	:invoke	:broadcast	73
2025-06-02 14:24:07,489{GMT}	INFO	[jepsen worker 2] jepsen.util: 2	:ok	:broadcast	73
2025-06-02 14:24:07,603{GMT}	INFO	[jepsen worker 3] jepsen.util: 3	:invoke	:broadcast	74
2025-06-02 14:24:07,605{GMT}	INFO	[jepsen worker 3] jepsen.util: 3	:ok	:broadcast	74
2025-06-02 14:24:07,700{GMT}	INFO	[jepsen worker 4] jepsen.util: 4	:invoke	:broadcast	75
2025-06-02 14:24:07,702{GMT}	INFO	[jepsen worker 4] jepsen.util: 4	:ok	:broadcast	75
2025-06-02 14:24:07,720{GMT}	INFO	[jepsen worker 0] jepsen.util: 0	:invoke	:broadcast	76
2025-06-02 14:24:07,722{GMT}	INFO	[jepsen worker 0] jepsen.util: 0	:ok	:broadcast	76
2025-06-02 14:24:07,905{GMT}	INFO	[jepsen worker 0] jepsen.util: 0	:invoke	:read	nil
2025-06-02 14:24:07,907{GMT}	INFO	[jepsen worker 0] jepsen.util: 0	:ok	:read	["0" "1" "10" "11" "12" "13" "14" "15" "16" "17" "18" "19" "2" "20" "21" "22" "23" "24" "25" "26" "27" "28" "29" "3" "30" "31" "32" "33" "34" "35" "36" "37" "38" "39" "4" "40" "41" "42" "43" "44" "45" "46" "47" "48" "49" "5" "50" "51" "52" "53" "54" "55" "56" "57" "58" "59" "6" "60" "61" "62" "63" "64" "65" "66" "67" "68" "69" "7" "70" "71" "72" "73" "74" "75" "76" "8" "9"]
2025-06-02 14:24:07,965{GMT}	INFO	[jepsen worker 1] jepsen.util: 1	:invoke	:broadcast	77
2025-06-02 14:24:07,969{GMT}	INFO	[jepsen worker 1] jepsen.util: 1	:ok	:broadcast	77
2025-06-02 14:24:08,110{GMT}	INFO	[jepsen worker 2] jepsen.util: 2	:invoke	:broadcast	78
2025-06-02 14:24:08,112{GMT}	INFO	[jepsen worker 2] jepsen.util: 2	:ok	:broadcast	78
2025-06-02 14:24:08,118{GMT}	INFO	[jepsen worker 3] jepsen.util: 3	:invoke	:broadcast	79
2025-06-02 14:24:08,119{GMT}	INFO	[jepsen worker 3] jepsen.util: 3	:ok	:broadcast	79
2025-06-02 14:24:08,315{GMT}	INFO	[jepsen worker 4] jepsen.util: 4	:invoke	:read	nil
2025-06-02 14:24:08,317{GMT}	INFO	[jepsen worker 4] jepsen.util: 4	:ok	:read	["0" "1" "10" "11" "12" "13" "14" "15" "16" "17" "18" "19" "2" "20" "21" "22" "23" "24" "25" "26" "27" "28" "29" "3" "30" "31" "32" "33" "34" "35" "36" "37" "38" "39" "4" "40" "41" "42" "43" "44" "45" "46" "47" "48" "49" "5" "50" "51" "52" "53" "54" "55" "56" "57" "58" "59" "6" "60" "61" "62" "63" "64" "65" "66" "67" "68" "69" "7" "70" "71" "72" "73" "74" "75" "76" "77" "78" "79" "8" "9"]
2025-06-02 14:24:08,483{GMT}	INFO	[jepsen worker 0] jepsen.util: 0	:invoke	:read	nil
2025-06-02 14:24:08,486{GMT}	INFO	[jepsen worker 0] jepsen.util: 0	:ok	:read	["0" "1" "10" "11" "12" "13" "14" "15" "16" "17" "18" "19" "2" "20" "21" "22" "23" "24" "25" "26" "27" "28" "29" "3" "30" "31" "32" "33" "34" "35" "36" "37" "38" "39" "4" "40" "41" "42" "43" "44" "45" "46" "47" "48" "49" "5" "50" "51" "52" "53" "54" "55" "56" "57" "58" "59" "6" "60" "61" "62" "63" "64" "65" "66" "67" "68" "69" "7" "70" "71" "72" "73" "74" "75" "76" "77" "78" "79" "8" "9"]
2025-06-02 14:24:08,625{GMT}	INFO	[jepsen worker 0] jepsen.util: 0	:invoke	:read	nil
2025-06-02 14:24:08,627{GMT}	INFO	[jepsen worker 0] jepsen.util: 0	:ok	:read	["0" "1" "10" "11" "12" "13" "14" "15" "16" "17" "18" "19" "2" "20" "21" "22" "23" "24" "25" "26" "27" "28" "29" "3" "30" "31" "32" "33" "34" "35" "36" "37" "38" "39" "4" "40" "41" "42" "43" "44" "45" "46" "47" "48" "49" "5" "50" "51" "52" "53" "54" "55" "56" "57" "58" "59" "6" "60" "61" "62" "63" "64" "65" "66" "67" "68" "69" "7" "70" "71" "72" "73" "74" "75" "76" "77" "78" "79" "8" "9"]
2025-06-02 14:24:08,763{GMT}	INFO	[jepsen worker 1] jepsen.util: 1	:invoke	:broadcast	80
2025-06-02 14:24:08,765{GMT}	INFO	[jepsen worker 1] jepsen.util: 1	:ok	:broadcast	80
2025-06-02 14:24:08,947{GMT}	INFO	[jepsen worker 2] jepsen.util: 2	:invoke	:read	nil
2025-06-02 14:24:08,950{GMT}	INFO	[jepsen worker 2] jepsen.util: 2	:ok	:read	["0" "1" "10" "11" "12" "13" "14" "15" "16" "17" "18" "19" "2" "20" "21" "22" "23" "24" "25" "26" "27" "28" "29" "3" "30" "31" "32" "33" "34" "35" "36" "37" "38" "39" "4" "40" "41" "42" "43" "44" "45" "46" "47" "48" "49" "5" "50" "51" "52" "53" "54" "55" "56" "57" "58" "59" "6" "60" "61" "62" "63" "64" "65" "66" "67" "68" "69" "7" "70" "71" "72" "73" "74" "75" "76" "77" "78" "79" "8" "80" "9"]
2025-06-02 14:24:09,118{GMT}	INFO	[jepsen worker 3] jepsen.util: 3	:invoke	:broadcast	81
2025-06-02 14:24:09,120{GMT}	INFO	[jepsen worker 3] jepsen.util: 3	:ok	:broadcast	81
2025-06-02 14:24:09,133{GMT}	INFO	[jepsen worker 4] jepsen.util: 4	:invoke	:broadcast	82
2025-06-02 14:24:09,135{GMT}	INFO	[jepsen worker 4] jepsen.util: 4	:ok	:broadcast	82
2025-06-02 14:24:09,283{GMT}	INFO	[jepsen worker 0] jepsen.util: 0	:invoke	:broadcast	83
2025-06-02 14:24:09,285{GMT}	INFO	[jepsen worker 0] jepsen.util: 0	:ok	:broadcast	83
2025-06-02 14:24:09,432{GMT}	INFO	[jepsen worker 0] jepsen.util: 0	:invoke	:broadcast	84
2025-06-02 14:24:09,435{GMT}	INFO	[jepsen worker 0] jepsen.util: 0	:ok	:broadcast	84
2025-06-02 14:24:09,613{GMT}	INFO	[jepsen worker 1] jepsen.util: 1	:invoke	:broadcast	85
2025-06-02 14:24:09,616{GMT}	INFO	[jepsen worker 1] jepsen.util: 1	:ok	:broadcast	85
2025-06-02 14:24:09,664{GMT}	INFO	[jepsen worker 2] jepsen.util: 2	:invoke	:read	nil
2025-06-02 14:24:09,667{GMT}	INFO	[jepsen worker 2] jepsen.util: 2	:ok	:read	["0" "1" "10" "11" "12" "13" "14" "15" "16" "17" "18" "19" "2" "20" "21" "22" "23" "24" "25" "26" "27" "28" "29" "3" "30" "31" "32" "33" "34" "35" "36" "37" "38" "39" "4" "40" "41" "42" "43" "44" "45" "46" "47" "48" "49" "5" "50" "51" "52" "53" "54" "55" "56" "57" "58" "59" "6" "60" "61" "62" "63" "64" "65" "66" "67" "68" "69" "7" "70" "71" "72" "73" "74" "75" "76" "77" "78" "79" "8" "80" "81" "82" "83" "84" "85" "9"]
2025-06-02 14:24:09,697{GMT}	INFO	[jepsen worker 3] jepsen.util: 3	:invoke	:broadcast	86
2025-06-02 14:24:09,698{GMT}	INFO	[jepsen worker 3] jepsen.util: 3	:ok	:broadcast	86
2025-06-02 14:24:09,707{GMT}	INFO	[jepsen worker 4] jepsen.util: 4	:invoke	:broadcast	87
2025-06-02 14:24:09,708{GMT}	INFO	[jepsen worker 4] jepsen.util: 4	:ok	:broadcast	87
2025-06-02 14:24:09,849{GMT}	INFO	[jepsen worker 0] jepsen.util: 0	:invoke	:read	nil
2025-06-02 14:24:09,850{GMT}	INFO	[jepsen worker 0] jepsen.util: 0	:ok	:read	["0" "1" "10" "11" "12" "13" "14" "15" "16" "17" "18" "19" "2" "20" "21" "22" "23" "24" "25" "26" "27" "28" "29" "3" "30" "31" "32" "33" "34" "35" "36" "37" "38" "39" "4" "40" "41" "42" "43" "44" "45" "46" "47" "48" "49" "5" "50" "51" "52" "53" "54" "55" "56" "57" "58" "59" "6" "60" "61" "62" "63" "64" "65" "66" "67" "68" "69" "7" "70" "71" "72" "73" "74" "75" "76" "77" "78" "79" "8" "80" "81" "82" "83" "84" "85" "86" "87" "9"]
2025-06-02 14:24:09,966{GMT}	INFO	[jepsen worker 0] jepsen.util: 0	:invoke	:broadcast	88
2025-06-02 14:24:09,968{GMT}	INFO	[jepsen worker 0] jepsen.util: 0	:ok	:broadcast	88
2025-06-02 14:24:10,022{GMT}	INFO	[jepsen worker 1] jepsen.util: 1	:invoke	:broadcast	89
2025-06-02 14:24:10,024{GMT}	INFO	[jepsen worker 1] jepsen.util: 1	:ok	:broadcast	89
2025-06-02 14:24:10,144{GMT}	INFO	[jepsen worker 2] jepsen.util: 2	:invoke	:read	nil
2025-06-02 14:24:10,146{GMT}	INFO	[jepsen worker 2] jepsen.util: 2	:ok	:read	["0" "1" "10" "11" "12" "13" "14" "15" "16" "17" "18" "19" "2" "20" "21" "22" "23" "24" "25" "26" "27" "28" "29" "3" "30" "31" "32" "33" "34" "35" "36" "37" "38" "39" "4" "40" "41" "42" "43" "44" "45" "46" "47" "48" "49" "5" "50" "51" "52" "53" "54" "55" "56" "57" "58" "59" "6" "60" "61" "62" "63" "64" "65" "66" "67" "68" "69" "7" "70" "71" "72" "73" "74" "75" "76" "77" "78" "79" "8" "80" "81" "82" "83" "84" "85" "86" "87" "88" "89" "9"]
2025-06-02 14:24:10,344{GMT}	INFO	[jepsen worker 3] jepsen.util: 3	:invoke	:read	nil
2025-06-02 14:24:10,347{GMT}	INFO	[jepsen worker 3] jepsen.util: 3	:ok	:read	["0" "1" "10" "11" "12" "13" "14" "15" "16" "17" "18" "19" "2" "20" "21" "22" "23" "24" "25" "26" "27" "28" "29" "3" "30" "31" "32" "33" "34" "35" "36" "37" "38" "39" "4" "40" "41" "42" "43" "44" "45" "46" "47" "48" "49" "5" "50" "51" "52" "53" "54" "55" "56" "57" "58" "59" "6" "60" "61" "62" "63" "64" "65" "66" "67" "68" "69" "7" "70" "71" "72" "73" "74" "75" "76" "77" "78" "79" "8" "80" "81" "82" "83" "84" "85" "86" "87" "88" "89" "9"]
2025-06-02 14:24:10,474{GMT}	INFO	[jepsen worker 4] jepsen.util: 4	:invoke	:broadcast	90
2025-06-02 14:24:10,476{GMT}	INFO	[jepsen worker 4] jepsen.util: 4	:ok	:broadcast	90
2025-06-02 14:24:10,637{GMT}	INFO	[jepsen worker 0] jepsen.util: 0	:invoke	:broadcast	91
2025-06-02 14:24:10,639{GMT}	INFO	[jepsen worker 0] jepsen.util: 0	:ok	:broadcast	91
2025-06-02 14:24:10,747{GMT}	INFO	[jepsen worker 0] jepsen.util: 0	:invoke	:read	nil
2025-06-02 14:24:10,749{GMT}	INFO	[jepsen worker 0] jepsen.util: 0	:ok	:read	["0" "1" "10" "11" "12" "13" "14" "15" "16" "17" "18" "19" "2" "20" "21" "22" "23" "24" "25" "26" "27" "28" "29" "3" "30" "31" "32" "33" "34" "35" "36" "37" "38" "39" "4" "40" "41" "42" "43" "44" "45" "46" "47" "48" "49" "5" "50" "51" "52" "53" "54" "55" "56" "57" "58" "59" "6" "60" "61" "62" "63" "64" "65" "66" "67" "68" "69" "7" "70" "71" "72" "73" "74" "75" "76" "77" "78" "79" "8" "80" "81" "82" "83" "84" "85" "86" "87" "88" "89" "9" "90" "91"]
2025-06-02 14:24:10,778{GMT}	INFO	[jepsen worker 1] jepsen.util: 1	:invoke	:read	nil
2025-06-02 14:24:10,779{GMT}	INFO	[jepsen worker 1] jepsen.util: 1	:ok	:read	["0" "1" "10" "11" "12" "13" "14" "15" "16" "17" "18" "19" "2" "20" "21" "22" "23" "24" "25" "26" "27" "28" "29" "3" "30" "31" "32" "33" "34" "35" "36" "37" "38" "39" "4" "40" "41" "42" "43" "44" "45" "46" "47" "48" "49" "5" "50" "51" "52" "53" "54" "55" "56" "57" "58" "59" "6" "60" "61" "62" "63" "64" "65" "66" "67" "68" "69" "7" "70" "71" "72" "73" "74" "75" "76" "77" "78" "79" "8" "80" "81" "82" "83" "84" "85" "86" "87" "88" "89" "9" "90" "91"]
2025-06-02 14:24:10,966{GMT}	INFO	[jepsen worker 2] jepsen.util: 2	:invoke	:read	nil
2025-06-02 14:24:10,969{GMT}	INFO	[jepsen worker 2] jepsen.util: 2	:ok	:read	["0" "1" "10" "11" "12" "13" "14" "15" "16" "17" "18" "19" "2" "20" "21" "22" "23" "24" "25" "26" "27" "28" "29" "3" "30" "31" "32" "33" "34" "35" "36" "37" "38" "39" "4" "40" "41" "42" "43" "44" "45" "46" "47" "48" "49" "5" "50" "51" "52" "53" "54" "55" "56" "57" "58" "59" "6" "60" "61" "62" "63" "64" "65" "66" "67" "68" "69" "7" "70" "71" "72" "73" "74" "75" "76" "77" "78" "79" "8" "80" "81" "82" "83" "84" "85" "86" "87" "88" "89" "9" "90" "91"]
2025-06-02 14:24:11,036{GMT}	INFO	[jepsen worker 3] jepsen.util: 3	:invoke	:read	nil
2025-06-02 14:24:11,039{GMT}	INFO	[jepsen worker 3] jepsen.util: 3	:ok	:read	["0" "1" "10" "11" "12" "13" "14" "15" "16" "17" "18" "19" "2" "20" "21" "22" "23" "24" "25" "26" "27" "28" "29" "3" "30" "31" "32" "33" "34" "35" "36" "37" "38" "39" "4" "40" "41" "42" "43" "44" "45" "46" "47" "48" "49" "5" "50" "51" "52" "53" "54" "55" "56" "57" "58" "59" "6" "60" "61" "62" "63" "64" "65" "66" "67" "68" "69" "7" "70" "71" "72" "73" "74" "75" "76" "77" "78" "79" "8" "80" "81" "82" "83" "84" "85" "86" "87" "88" "89" "9" "90" "91"]
2025-06-02 14:24:11,232{GMT}	INFO	[jepsen worker 4] jepsen.util: 4	:invoke	:broadcast	92
2025-06-02 14:24:11,235{GMT}	INFO	[jepsen worker 4] jepsen.util: 4	:ok	:broadcast	92
2025-06-02 14:24:11,374{GMT}	INFO	[jepsen worker 0] jepsen.util: 0	:invoke	:broadcast	93
2025-06-02 14:24:11,377{GMT}	INFO	[jepsen worker 0] jepsen.util: 0	:ok	:broadcast	93
2025-06-02 14:24:11,577{GMT}	INFO	[jepsen worker 0] jepsen.util: 0	:invoke	:broadcast	94
2025-06-02 14:24:11,579{GMT}	INFO	[jepsen worker 0] jepsen.util: 0	:ok	:broadcast	94
2025-06-02 14:24:11,762{GMT}	INFO	[jepsen worker 1] jepsen.util: 1	:invoke	:read	nil
2025-06-02 14:24:11,764{GMT}	INFO	[jepsen worker 1] jepsen.util: 1	:ok	:read	["0" "1" "10" "11" "12" "13" "14" "15" "16" "17" "18" "19" "2" "20" "21" "22" "23" "24" "25" "26" "27" "28" "29" "3" "30" "31" "32" "33" "34" "35" "36" "37" "38" "39" "4" "40" "41" "42" "43" "44" "45" "46" "47" "48" "49" "5" "50" "51" "52" "53" "54" "55" "56" "57" "58" "59" "6" "60" "61" "62" "63" "64" "65" "66" "67" "68" "69" "7" "70" "71" "72" "73" "74" "75" "76" "77" "78" "79" "8" "80" "81" "82" "83" "84" "85" "86" "87" "88" "89" "9" "90" "91" "92" "93" "94"]
2025-06-02 14:24:11,868{GMT}	INFO	[jepsen worker 2] jepsen.util: 2	:invoke	:read	nil
2025-06-02 14:24:11,871{GMT}	INFO	[jepsen worker 2] jepsen.util: 2	:ok	:read	["0" "1" "10" "11" "12" "13" "14" "15" "16" "17" "18" "19" "2" "20" "21" "22" "23" "24" "25" "26" "27" "28" "29" "3" "30" "31" "32" "33" "34" "35" "36" "37" "38" "39" "4" "40" "41" "42" "43" "44" "45" "46" "47" "48" "49" "5" "50" "51" "52" "53" "54" "55" "56" "57" "58" "59" "6" "60" "61" "62" "63" "64" "65" "66" "67" "68" "69" "7" "70" "71" "72" "73" "74" "75" "76" "77" "78" "79" "8" "80" "81" "82" "83" "84" "85" "86" "87" "88" "89" "9" "90" "91" "92" "93" "94"]
2025-06-02 14:24:11,989{GMT}	INFO	[jepsen worker 3] jepsen.util: 3	:invoke	:broadcast	95
2025-06-02 14:24:11,991{GMT}	INFO	[jepsen worker 3] jepsen.util: 3	:ok	:broadcast	95
2025-06-02 14:24:12,019{GMT}	INFO	[jepsen worker 4] jepsen.util: 4	:invoke	:read	nil
2025-06-02 14:24:12,022{GMT}	INFO	[jepsen worker 4] jepsen.util: 4	:ok	:read	["0" "1" "10" "11" "12" "13" "14" "15" "16" "17" "18" "19" "2" "20" "21" "22" "23" "24" "25" "26" "27" "28" "29" "3" "30" "31" "32" "33" "34" "35" "36" "37" "38" "39" "4" "40" "41" "42" "43" "44" "45" "46" "47" "48" "49" "5" "50" "51" "52" "53" "54" "55" "56" "57" "58" "59" "6" "60" "61" "62" "63" "64" "65" "66" "67" "68" "69" "7" "70" "71" "72" "73" "74" "75" "76" "77" "78" "79" "8" "80" "81" "82" "83" "84" "85" "86" "87" "88" "89" "9" "90" "91" "92" "93" "94" "95"]
2025-06-02 14:24:12,175{GMT}	INFO	[jepsen worker 0] jepsen.util: 0	:invoke	:broadcast	96
2025-06-02 14:24:12,177{GMT}	INFO	[jepsen worker 0] jepsen.util: 0	:ok	:broadcast	96
2025-06-02 14:24:12,308{GMT}	INFO	[jepsen worker 0] jepsen.util: 0	:invoke	:read	nil
2025-06-02 14:24:12,311{GMT}	INFO	[jepsen worker 0] jepsen.util: 0	:ok	:read	["0" "1" "10" "11" "12" "13" "14" "15" "16" "17" "18" "19" "2" "20" "21" "22" "23" "24" "25" "26" "27" "28" "29" "3" "30" "31" "32" "33" "34" "35" "36" "37" "38" "39" "4" "40" "41" "42" "43" "44" "45" "46" "47" "48" "49" "5" "50" "51" "52" "53" "54" "55" "56" "57" "58" "59" "6" "60" "61" "62" "63" "64" "65" "66" "67" "68" "69" "7" "70" "71" "72" "73" "74" "75" "76" "77" "78" "79" "8" "80" "81" "82" "83" "84" "85" "86" "87" "88" "89" "9" "90" "91" "92" "93" "94" "95" "96"]
2025-06-02 14:24:12,494{GMT}	INFO	[jepsen worker 1] jepsen.util: 1	:invoke	:read	nil
2025-06-02 14:24:12,496{GMT}	INFO	[jepsen worker 1] jepsen.util: 1	:ok	:read	["0" "1" "10" "11" "12" "13" "14" "15" "16" "17" "18" "19" "2" "20" "21" "22" "23" "24" "25" "26" "27" "28" "29" "3" "30" "31" "32" "33" "34" "35" "36" "37" "38" "39" "4" "40" "41" "42" "43" "44" "45" "46" "47" "48" "49" "5" "50" "51" "52" "53" "54" "55" "56" "57" "58" "59" "6" "60" "61" "62" "63" "64" "65" "66" "67" "68" "69" "7" "70" "71" "72" "73" "74" "75" "76" "77" "78" "79" "8" "80" "81" "82" "83" "84" "85" "86" "87" "88" "89" "9" "90" "91" "92" "93" "94" "95" "96"]
2025-06-02 14:24:12,684{GMT}	INFO	[jepsen worker 2] jepsen.util: 2	:invoke	:broadcast	97
2025-06-02 14:24:12,686{GMT}	INFO	[jepsen worker 2] jepsen.util: 2	:ok	:broadcast	97
2025-06-02 14:24:12,761{GMT}	INFO	[jepsen worker 3] jepsen.util: 3	:invoke	:read	nil
2025-06-02 14:24:12,763{GMT}	INFO	[jepsen worker 3] jepsen.util: 3	:ok	:read	["0" "1" "10" "11" "12" "13" "14" "15" "16" "17" "18" "19" "2" "20" "21" "22" "23" "24" "25" "26" "27" "28" "29" "3" "30" "31" "32" "33" "34" "35" "36" "37" "38" "39" "4" "40" "41" "42" "43" "44" "45" "46" "47" "48" "49" "5" "50" "51" "52" "53" "54" "55" "56" "57" "58" "59" "6" "60" "61" "62" "63" "64" "65" "66" "67" "68" "69" "7" "70" "71" "72" "73" "74" "75" "76" "77" "78" "79" "8" "80" "81" "82" "83" "84" "85" "86" "87" "88" "89" "9" "90" "91" "92" "93" "94" "95" "96" "97"]
2025-06-02 14:24:12,777{GMT}	INFO	[jepsen worker 4] jepsen.util: 4	:invoke	:read	nil
2025-06-02 14:24:12,779{GMT}	INFO	[jepsen worker 4] jepsen.util: 4	:ok	:read	["0" "1" "10" "11" "12" "13" "14" "15" "16" "17" "18" "19" "2" "20" "21" "22" "23" "24" "25" "26" "27" "28" "29" "3" "30" "31" "32" "33" "34" "35" "36" "37" "38" "39" "4" "40" "41" "42" "43" "44" "45" "46" "47" "48" "49" "5" "50" "51" "52" "53" "54" "55" "56" "57" "58" "59" "6" "60" "61" "62" "63" "64" "65" "66" "67" "68" "69" "7" "70" "71" "72" "73" "74" "75" "76" "77" "78" "79" "8" "80" "81" "82" "83" "84" "85" "86" "87" "88" "89" "9" "90" "91" "92" "93" "94" "95" "96" "97"]
2025-06-02 14:24:12,955{GMT}	INFO	[jepsen worker 0] jepsen.util: 0	:invoke	:broadcast	98
2025-06-02 14:24:12,957{GMT}	INFO	[jepsen worker 0] jepsen.util: 0	:ok	:broadcast	98
2025-06-02 14:24:13,115{GMT}	INFO	[jepsen worker 0] jepsen.util: 0	:invoke	:read	nil
2025-06-02 14:24:13,117{GMT}	INFO	[jepsen worker 0] jepsen.util: 0	:ok	:read	["0" "1" "10" "11" "12" "13" "14" "15" "16" "17" "18" "19" "2" "20" "21" "22" "23" "24" "25" "26" "27" "28" "29" "3" "30" "31" "32" "33" "34" "35" "36" "37" "38" "39" "4" "40" "41" "42" "43" "44" "45" "46" "47" "48" "49" "5" "50" "51" "52" "53" "54" "55" "56" "57" "58" "59" "6" "60" "61" "62" "63" "64" "65" "66" "67" "68" "69" "7" "70" "71" "72" "73" "74" "75" "76" "77" "78" "79" "8" "80" "81" "82" "83" "84" "85" "86" "87" "88" "89" "9" "90" "91" "92" "93" "94" "95" "96" "97" "98"]
2025-06-02 14:24:13,140{GMT}	INFO	[jepsen worker 1] jepsen.util: 1	:invoke	:read	nil
2025-06-02 14:24:13,142{GMT}	INFO	[jepsen worker 1] jepsen.util: 1	:ok	:read	["0" "1" "10" "11" "12" "13" "14" "15" "16" "17" "18" "19" "2" "20" "21" "22" "23" "24" "25" "26" "27" "28" "29" "3" "30" "31" "32" "33" "34" "35" "36" "37" "38" "39" "4" "40" "41" "42" "43" "44" "45" "46" "47" "48" "49" "5" "50" "51" "52" "53" "54" "55" "56" "57" "58" "59" "6" "60" "61" "62" "63" "64" "65" "66" "67" "68" "69" "7" "70" "71" "72" "73" "74" "75" "76" "77" "78" "79" "8" "80" "81" "82" "83" "84" "85" "86" "87" "88" "89" "9" "90" "91" "92" "93" "94" "95" "96" "97" "98"]
2025-06-02 14:24:13,320{GMT}	INFO	[jepsen worker 2] jepsen.util: 2	:invoke	:read	nil
2025-06-02 14:24:13,323{GMT}	INFO	[jepsen worker 2] jepsen.util: 2	:ok	:read	["0" "1" "10" "11" "12" "13" "14" "15" "16" "17" "18" "19" "2" "20" "21" "22" "23" "24" "25" "26" "27" "28" "29" "3" "30" "31" "32" "33" "34" "35" "36" "37" "38" "39" "4" "40" "41" "42" "43" "44" "45" "46" "47" "48" "49" "5" "50" "51" "52" "53" "54" "55" "56" "57" "58" "59" "6" "60" "61" "62" "63" "64" "65" "66" "67" "68" "69" "7" "70" "71" "72" "73" "74" "75" "76" "77" "78" "79" "8" "80" "81" "82" "83" "84" "85" "86" "87" "88" "89" "9" "90" "91" "92" "93" "94" "95" "96" "97" "98"]
2025-06-02 14:24:13,400{GMT}	INFO	[jepsen worker 3] jepsen.util: 3	:invoke	:broadcast	99
2025-06-02 14:24:13,402{GMT}	INFO	[jepsen worker 3] jepsen.util: 3	:ok	:broadcast	99
2025-06-02 14:24:13,535{GMT}	INFO	[jepsen worker 4] jepsen.util: 4	:invoke	:broadcast	100
2025-06-02 14:24:13,538{GMT}	INFO	[jepsen worker 4] jepsen.util: 4	:ok	:broadcast	100
2025-06-02 14:24:13,616{GMT}	INFO	[jepsen worker 0] jepsen.util: 0	:invoke	:broadcast	101
2025-06-02 14:24:13,618{GMT}	INFO	[jepsen worker 0] jepsen.util: 0	:ok	:broadcast	101
2025-06-02 14:24:13,680{GMT}	INFO	[jepsen worker 0] jepsen.util: 0	:invoke	:broadcast	102
2025-06-02 14:24:13,681{GMT}	INFO	[jepsen worker 0] jepsen.util: 0	:ok	:broadcast	102
2025-06-02 14:24:13,682{GMT}	INFO	[jepsen worker 1] jepsen.generator.interpreter: Waiting for recovery...
2025-06-02 14:24:23,693{GMT}	INFO	[jepsen worker 2] jepsen.util: 2	:invoke	:read	nil
2025-06-02 14:24:23,693{GMT}	INFO	[jepsen worker 3] jepsen.util: 3	:invoke	:read	nil
2025-06-02 14:24:23,694{GMT}	INFO	[jepsen worker 4] jepsen.util: 4	:invoke	:read	nil
2025-06-02 14:24:23,694{GMT}	INFO	[jepsen worker 1] jepsen.util: 1	:invoke	:read	nil
2025-06-02 14:24:23,694{GMT}	INFO	[jepsen worker 0] jepsen.util: 0	:invoke	:read	nil
2025-06-02 14:24:23,697{GMT}	INFO	[jepsen worker 1] jepsen.util: 1	:ok	:read	["0" "1" "10" "100" "101" "102" "11" "12" "13" "14" "15" "16" "17" "18" "19" "2" "20" "21" "22" "23" "24" "25" "26" "27" "28" "29" "3" "30" "31" "32" "33" "34" "35" "36" "37" "38" "39" "4" "40" "41" "42" "43" "44" "45" "46" "47" "48" "49" "5" "50" "51" "52" "53" "54" "55" "56" "57" "58" "59" "6" "60" "61" "62" "63" "64" "65" "66" "67" "68" "69" "7" "70" "71" "72" "73" "74" "75" "76" "77" "78" "79" "8" "80" "81" "82" "83" "84" "85" "86" "87" "88" "89" "9" "90" "91" "92" "93" "94" "95" "96" "97" "98" "99"]
2025-06-02 14:24:23,697{GMT}	INFO	[jepsen worker 0] jepsen.util: 0	:ok	:read	["0" "1" "10" "100" "101" "102" "11" "12" "13" "14" "15" "16" "17" "18" "19" "2" "20" "21" "22" "23" "24" "25" "26" "27" "28" "29" "3" "30" "31" "32" "33" "34" "35" "36" "37" "38" "39" "4" "40" "41" "42" "43" "44" "45" "46" "47" "48" "49" "5" "50" "51" "52" "53" "54" "55" "56" "57" "58" "59" "6" "60" "61" "62" "63" "64" "65" "66" "67" "68" "69" "7" "70" "71" "72" "73" "74" "75" "76" "77" "78" "79" "8" "80" "81" "82" "83" "84" "85" "86" "87" "88" "89" "9" "90" "91" "92" "93" "94" "95" "96" "97" "98" "99"]
2025-06-02 14:24:23,697{GMT}	INFO	[jepsen worker 4] jepsen.util: 4	:ok	:read	["0" "1" "10" "100" "101" "102" "11" "12" "13" "14" "15" "16" "17" "18" "19" "2" "20" "21" "22" "23" "24" "25" "26" "27" "28" "29" "3" "30" "31" "32" "33" "34" "35" "36" "37" "38" "39" "4" "40" "41" "42" "43" "44" "45" "46" "47" "48" "49" "5" "50" "51" "52" "53" "54" "55" "56" "57" "58" "59" "6" "60" "61" "62" "63" "64" "65" "66" "67" "68" "69" "7" "70" "71" "72" "73" "74" "75" "76" "77" "78" "79" "8" "80" "81" "82" "83" "84" "85" "86" "87" "88" "89" "9" "90" "91" "92" "93" "94" "95" "96" "97" "98" "99"]
2025-06-02 14:24:23,697{GMT}	INFO	[jepsen worker 2] jepsen.util: 2	:ok	:read	["0" "1" "10" "100" "101" "102" "11" "12" "13" "14" "15" "16" "17" "18" "19" "2" "20" "21" "22" "23" "24" "25" "26" "27" "28" "29" "3" "30" "31" "32" "33" "34" "35" "36" "37" "38" "39" "4" "40" "41" "42" "43" "44" "45" "46" "47" "48" "49" "5" "50" "51" "52" "53" "54" "55" "56" "57" "58" "59" "6" "60" "61" "62" "63" "64" "65" "66" "67" "68" "69" "7" "70" "71" "72" "73" "74" "75" "76" "77" "78" "79" "8" "80" "81" "82" "83" "84" "85" "86" "87" "88" "89" "9" "90" "91" "92" "93" "94" "95" "96" "97" "98" "99"]
2025-06-02 14:24:23,697{GMT}	INFO	[jepsen worker 3] jepsen.util: 3	:ok	:read	["0" "1" "10" "100" "101" "102" "11" "12" "13" "14" "15" "16" "17" "18" "19" "2" "20" "21" "22" "23" "24" "25" "26" "27" "28" "29" "3" "30" "31" "32" "33" "34" "35" "36" "37" "38" "39" "4" "40" "41" "42" "43" "44" "45" "46" "47" "48" "49" "5" "50" "51" "52" "53" "54" "55" "56" "57" "58" "59" "6" "60" "61" "62" "63" "64" "65" "66" "67" "68" "69" "7" "70" "71" "72" "73" "74" "75" "76" "77" "78" "79" "8" "80" "81" "82" "83" "84" "85" "86" "87" "88" "89" "9" "90" "91" "92" "93" "94" "95" "96" "97" "98" "99"]
2025-06-02 14:24:23,716{GMT}	INFO	[jepsen test runner] jepsen.core: Run complete, writing
2025-06-02 14:24:23,780{GMT}	INFO	[jepsen node n3] maelstrom.db: Tearing down n3
2025-06-02 14:24:23,780{GMT}	INFO	[jepsen node n1] maelstrom.db: Tearing down n1
2025-06-02 14:24:23,780{GMT}	INFO	[jepsen node n2] maelstrom.db: Tearing down n2
2025-06-02 14:24:23,780{GMT}	INFO	[jepsen node n5] maelstrom.db: Tearing down n5
2025-06-02 14:24:23,780{GMT}	INFO	[jepsen node n4] maelstrom.db: Tearing down n4
2025-06-02 14:24:25,159{GMT}	INFO	[jepsen node n1] maelstrom.net: Shutting down Maelstrom network
2025-06-02 14:24:25,164{GMT}	INFO	[jepsen test runner] jepsen.core: Analyzing...
2025-06-02 14:24:25,367{GMT}	INFO	[jepsen test runner] jepsen.core: Analysis complete
2025-06-02 14:24:25,374{GMT}	INFO	[jepsen results] jepsen.store: Wrote /Users/adr/code/maelstrom/store/broadcast/20250602T142342.636-0400/results.edn
2025-06-02 14:24:25,397{GMT}	INFO	[jepsen test runner] jepsen.core: {:perf {:latency-graph {:valid? true},
        :rate-graph {:valid? true},
        :valid? true},
 :timeline {:valid? true},
 :exceptions {:valid? true},
 :stats {:valid? true,
         :count 192,
         :ok-count 192,
         :fail-count 0,
         :info-count 0,
         :by-f {:broadcast {:valid? true,
                            :count 103,
                            :ok-count 103,
                            :fail-count 0,
                            :info-count 0},
                :read {:valid? true,
                       :count 89,
                       :ok-count 89,
                       :fail-count 0,
                       :info-count 0}}},
 :availability {:valid? true, :ok-fraction 1.0},
 :net {:all {:send-count 1022,
             :recv-count 1022,
             :msg-count 1022,
             :msgs-per-op 5.3229165},
       :clients {:send-count 404, :recv-count 404, :msg-count 404},
       :servers {:send-count 618,
                 :recv-count 618,
                 :msg-count 618,
                 :msgs-per-op 3.21875},
       :valid? true},
 :workload {:worst-stale (),
            :duplicated-count 0,
            :valid? false,
            :lost-count 103,
            :lost (0
                   1
                   2
                   3
                   4
                   5
                   6
                   7
                   8
                   9
                   10
                   11
                   12
                   13
                   14
                   15
                   16
                   17
                   18
                   19
                   20
                   21
                   22
                   23
                   24
                   25
                   26
                   27
                   28
                   29
                   30
                   31
                   32
                   33
                   34
                   35
                   36
                   37
                   38
                   39
                   40
                   41
                   42
                   43
                   44
                   45
                   46
                   47
                   48
                   49
                   50
                   51
                   52
                   53
                   54
                   55
                   56
                   57
                   58
                   59
                   60
                   61
                   62
                   63
                   64
                   65
                   66
                   67
                   68
                   69
                   70
                   71
                   72
                   73
                   74
                   75
                   76
                   77
                   78
                   79
                   80
                   81
                   82
                   83
                   84
                   85
                   86
                   87
                   88
                   89
                   90
                   91
                   92
                   93
                   94
                   95
                   96
                   97
                   98
                   99
                   100
                   101
                   102),
            :stable-count 0,
            :stale-count 0,
            :stale (),
            :never-read-count 0,
            :attempt-count 103,
            :lost-latencies {0 0, 0.5 0, 0.95 0, 0.99 0, 1 0},
            :never-read (),
            :duplicated {}},
 :valid? false}


Analysis invalid! ( 
