[INBOUND]{"id":3,"src":"c3","dest":"n2","body":{"type":"init","node_id":"n2","node_ids":["n1","n2","n3","n4","n5"],"msg_id":1}}
Current callback ids: []
[INIT_OK] {"src":"n2","dest":"c3","body":{"type":"init_ok","in_reply_to":1,"msg_id":0}}
[INBOUND]{"id":10,"src":"c6","dest":"n2","body":{"type":"topology","topology":{"n1":["n4","n2"],"n2":["n5","n3","n1"],"n3":["n2"],"n4":["n1","n5"],"n5":["n2","n4"]},"msg_id":1}}
Current callback ids: []
[TOPOLOGY_OK] {"src":"n2","dest":"c6","body":{"type":"topology_ok","in_reply_to":1,"msg_id":0}}
[INBOUND]{"id":21,"src":"c11","dest":"n2","body":{"type":"read","msg_id":1}}
Current callback ids: []
[READ_OK] {"src":"n2","dest":"c11","body":{"type":"read_ok","messages":[],"in_reply_to":1,"msg_id":0}}
[INBOUND]{"id":28,"src":"c11","dest":"n2","body":{"type":"read","msg_id":2}}
Current callback ids: []
[READ_OK] {"src":"n2","dest":"c11","body":{"type":"read_ok","messages":[],"in_reply_to":2,"msg_id":0}}
[INBOUND]{"id":30,"src":"c11","dest":"n2","body":{"type":"broadcast","message":2,"msg_id":3}}
Current callback ids: []
BEGIN GOSSIP
[INBOUND]{"id":41,"src":"c17","dest":"n2","body":{"type":"broadcast","message":7,"msg_id":1}}
Current callback ids: [15; 17; 1; 10; 0; 11; 9; 4; 5; 12; 13; 3; 7; 8; 16; 14; 2; 6]
Invoking RPC callback: 
error: {"type":"broadcast","message":"7","msg_id":1}
BEGIN GOSSIP
[INBOUND]{"id":54,"src":"c22","dest":"n2","body":{"type":"broadcast","message":12,"msg_id":1}}
Current callback ids: [22; 45; 18; 19; 32; 17; 50; 28; 23; 25; 40; 47; 44; 49; 4; 5; 3; 30; 16; 24; 14; 21; 33; 37; 36; 6; 15; 41; 27; 10; 26; 38; 42; 0; 11; 9; 31; 12; 46; 13; 39; 7; 34; 8; 35; 48; 29; 43; 2; 20]
BEGIN GOSSIP
[INBOUND]{"id":73,"src":"c27","dest":"n2","body":{"type":"read","msg_id":1}}
Current callback ids: [18; 19; 32; 17; 50; 80; 90; 25; 40; 49; 52; 67; 4; 55; 30; 62; 60; 14; 59; 6; 15; 82; 27; 89; 38; 56; 61; 79; 87; 31; 12; 58; 84; 34; 69; 74; 8; 75; 48; 96; 71; 22; 45; 54; 78; 28; 53; 81; 23; 65; 77; 47; 73; 44; 5; 70; 91; 97; 3; 16; 24; 72; 21; 33; 37; 64; 94; 36; 76; 93; 41; 57; 68; 85; 95; 92; 10; 26; 42; 98; 0; 11; 9; 46; 13; 39; 63; 66; 83; 7; 88; 35; 51; 29; 43; 86; 2; 20]
[READ_OK] {"src":"n2","dest":"c27","body":{"type":"read_ok","messages":["12","2","7"],"in_reply_to":1,"msg_id":99}}
[INBOUND]{"id":75,"src":"c27","dest":"n2","body":{"type":"read","msg_id":2}}
Current callback ids: [18; 19; 32; 17; 50; 80; 90; 25; 40; 49; 52; 67; 4; 55; 30; 62; 60; 14; 59; 6; 15; 82; 27; 89; 38; 56; 61; 79; 87; 31; 12; 58; 84; 34; 69; 74; 8; 75; 48; 96; 71; 22; 45; 54; 78; 28; 53; 81; 23; 65; 77; 47; 73; 44; 5; 70; 91; 97; 3; 16; 24; 72; 21; 33; 37; 64; 94; 36; 76; 93; 41; 57; 68; 85; 95; 92; 10; 26; 42; 98; 0; 11; 9; 46; 13; 39; 63; 66; 83; 7; 88; 35; 51; 29; 43; 86; 2; 20]
Invoking RPC callback: 
error: {"type":"read","msg_id":2}
[READ_OK] {"src":"n2","dest":"c27","body":{"type":"read_ok","messages":["12","2","7"],"in_reply_to":2,"msg_id":99}}
[INBOUND]{"id":77,"src":"c27","dest":"n2","body":{"type":"read","msg_id":3}}
Current callback ids: [18; 19; 32; 17; 50; 80; 90; 25; 40; 49; 52; 67; 4; 55; 30; 62; 60; 14; 59; 6; 15; 82; 27; 89; 38; 56; 61; 79; 87; 31; 12; 58; 84; 34; 69; 74; 8; 75; 48; 96; 71; 22; 45; 54; 78; 28; 53; 81; 23; 65; 77; 47; 73; 44; 5; 70; 91; 97; 3; 16; 24; 72; 21; 33; 37; 64; 94; 36; 76; 93; 41; 57; 68; 85; 95; 92; 10; 26; 42; 98; 0; 11; 9; 46; 13; 39; 63; 66; 83; 7; 88; 35; 51; 29; 43; 86; 20]
Invoking RPC callback: 
error: {"type":"read","msg_id":3}
[READ_OK] {"src":"n2","dest":"c27","body":{"type":"read_ok","messages":["12","2","7"],"in_reply_to":3,"msg_id":99}}
[INBOUND]{"id":79,"src":"c27","dest":"n2","body":{"type":"broadcast","message":17,"msg_id":4}}
Current callback ids: [18; 19; 32; 17; 50; 80; 90; 25; 40; 49; 52; 67; 4; 55; 30; 62; 60; 14; 59; 6; 15; 82; 27; 89; 38; 56; 61; 79; 87; 31; 12; 58; 84; 34; 69; 74; 8; 75; 48; 96; 71; 22; 45; 54; 78; 28; 53; 81; 23; 65; 77; 47; 73; 44; 5; 70; 91; 97; 16; 24; 72; 21; 33; 37; 64; 94; 36; 76; 93; 41; 57; 68; 85; 95; 92; 10; 26; 42; 98; 0; 11; 9; 46; 13; 39; 63; 66; 83; 7; 88; 35; 51; 29; 43; 86; 20]
Invoking RPC callback: 
error: {"type":"broadcast","message":"17","msg_id":4}
BEGIN GOSSIP
[INBOUND]{"id":84,"src":"c31","dest":"n2","body":{"type":"read","msg_id":1}}
Current callback ids: [239; 182; 18; 50; 80; 104; 188; 219; 258; 103; 189; 102; 272; 145; 15; 221; 180; 275; 121; 141; 216; 168; 152; 205; 8; 160; 204; 235; 246; 195; 54; 124; 140; 77; 242; 159; 16; 21; 36; 131; 231; 68; 213; 122; 181; 237; 85; 100; 26; 105; 225; 247; 135; 63; 279; 176; 186; 192; 211; 259; 271; 125; 143; 19; 32; 227; 17; 172; 228; 226; 199; 264; 269; 117; 208; 60; 150; 187; 244; 161; 142; 144; 137; 262; 27; 243; 157; 194; 212; 87; 84; 183; 171; 34; 274; 241; 251; 169; 281; 127; 22; 215; 222; 28; 148; 65; 280; 44; 5; 120; 184; 162; 72; 261; 33; 64; 93; 119; 175; 276; 233; 92; 10; 0; 224; 136; 254; 153; 39; 207; 7; 88; 174; 126; 179; 20; 129; 108; 166; 130; 25; 49; 52; 200; 250; 30; 62; 185; 106; 206; 14; 111; 266; 277; 82; 133; 89; 56; 79; 217; 270; 164; 31; 12; 101; 209; 69; 201; 203; 96; 45; 78; 118; 81; 128; 236; 23; 273; 70; 134; 24; 94; 109; 190; 167; 76; 197; 245; 57; 156; 257; 98; 214; 11; 202; 9; 13; 220; 51; 107; 146; 249; 90; 268; 40; 210; 67; 55; 132; 110; 193; 59; 165; 196; 223; 6; 155; 116; 154; 151; 38; 61; 158; 113; 138; 256; 278; 58; 170; 74; 112; 178; 255; 75; 123; 267; 48; 139; 147; 71; 234; 173; 260; 53; 240; 191; 218; 47; 73; 91; 97; 163; 230; 99; 114; 37; 252; 265; 248; 41; 95; 149; 198; 232; 115; 42; 253; 229; 46; 177; 66; 83; 35; 263; 238; 29; 43; 86]
[READ_OK] {"src":"n2","dest":"c31","body":{"type":"read_ok","messages":["12","17","2","7"],"in_reply_to":1,"msg_id":282}}
