[INFO] Entering main loop
[RECEIVED] {"id":2,"src":"c2","dest":"n1","body":{"type":"init","node_id":"n1","node_ids":["n1","n2","n3","n4","n5"],"msg_id":1}}
DEBUG: request_body_of_yojson got: {"type":"init","node_id":"n1","node_ids":["n1","n2","n3","n4","n5"],"msg_id":1}
Initialized node n1
Init send {"src":"n1","dest":"c2","body":{"type":"init_ok","in_reply_to":1,"msg_id":0}}
[RECEIVED] {"id":18,"src":"c13","dest":"n1","body":{"echo":"Please echo 28","type":"echo","msg_id":1}}
DEBUG: request_body_of_yojson got: {"echo":"Please echo 28","type":"echo","msg_id":1}
Echoing {"src":"n1","dest":"c13","body":{"type":"echo_ok","echo":"Please echo 28","msg_id":1,"in_reply_to":1}}
[RECEIVED] {"id":20,"src":"c13","dest":"n1","body":{"echo":"Please echo 115","type":"echo","msg_id":2}}
DEBUG: request_body_of_yojson got: {"echo":"Please echo 115","type":"echo","msg_id":2}
Echoing {"src":"n1","dest":"c13","body":{"type":"echo_ok","echo":"Please echo 115","msg_id":2,"in_reply_to":2}}
[RECEIVED] {"id":24,"src":"c13","dest":"n1","body":{"echo":"Please echo 5","type":"echo","msg_id":3}}
DEBUG: request_body_of_yojson got: {"echo":"Please echo 5","type":"echo","msg_id":3}
Echoing {"src":"n1","dest":"c13","body":{"type":"echo_ok","echo":"Please echo 5","msg_id":3,"in_reply_to":3}}
[RECEIVED] {"id":40,"src":"c13","dest":"n1","body":{"echo":"Please echo 81","type":"echo","msg_id":4}}
DEBUG: request_body_of_yojson got: {"echo":"Please echo 81","type":"echo","msg_id":4}
Echoing {"src":"n1","dest":"c13","body":{"type":"echo_ok","echo":"Please echo 81","msg_id":4,"in_reply_to":4}}
[RECEIVED] {"id":42,"src":"c13","dest":"n1","body":{"echo":"Please echo 116","type":"echo","msg_id":5}}
DEBUG: request_body_of_yojson got: {"echo":"Please echo 116","type":"echo","msg_id":5}
Echoing {"src":"n1","dest":"c13","body":{"type":"echo_ok","echo":"Please echo 116","msg_id":5,"in_reply_to":5}}
[RECEIVED] {"id":52,"src":"c13","dest":"n1","body":{"echo":"Please echo 96","type":"echo","msg_id":6}}
DEBUG: request_body_of_yojson got: {"echo":"Please echo 96","type":"echo","msg_id":6}
Echoing {"src":"n1","dest":"c13","body":{"type":"echo_ok","echo":"Please echo 96","msg_id":6,"in_reply_to":6}}
[RECEIVED] {"id":58,"src":"c13","dest":"n1","body":{"echo":"Please echo 109","type":"echo","msg_id":7}}
DEBUG: request_body_of_yojson got: {"echo":"Please echo 109","type":"echo","msg_id":7}
Echoing {"src":"n1","dest":"c13","body":{"type":"echo_ok","echo":"Please echo 109","msg_id":7,"in_reply_to":7}}
