[RECEIVED] {"id":2,"src":"c2","dest":"n2","body":{"type":"init","node_id":"n2","node_ids":["n1","n2","n3","n4","n5"],"msg_id":1}}
[MATCH INIT]
[INIT] {"src":"n2","dest":"c2","body":{"type":"init_ok","in_reply_to":1,"msg_id":0}}
[RECEIVED] {"id":14,"src":"c12","dest":"n2","body":{"echo":"Please echo 6","type":"echo","msg_id":1}}
[MATCH ECHO]
[ECHO] {"src":"n2","dest":"c12","body":{"type":"echo_ok","echo":"Please echo 6","msg_id":1,"in_reply_to":1}}
[RECEIVED] {"id":22,"src":"c12","dest":"n2","body":{"echo":"Please echo 35","type":"echo","msg_id":2}}
[MATCH ECHO]
[ECHO] {"src":"n2","dest":"c12","body":{"type":"echo_ok","echo":"Please echo 35","msg_id":2,"in_reply_to":2}}
[RECEIVED] {"id":42,"src":"c12","dest":"n2","body":{"echo":"Please echo 100","type":"echo","msg_id":3}}
[MATCH ECHO]
[ECHO] {"src":"n2","dest":"c12","body":{"type":"echo_ok","echo":"Please echo 100","msg_id":3,"in_reply_to":3}}
[RECEIVED] {"id":58,"src":"c12","dest":"n2","body":{"echo":"Please echo 99","type":"echo","msg_id":4}}
[MATCH ECHO]
[ECHO] {"src":"n2","dest":"c12","body":{"type":"echo_ok","echo":"Please echo 99","msg_id":4,"in_reply_to":4}}
[RECEIVED] {"id":88,"src":"c12","dest":"n2","body":{"echo":"Please echo 57","type":"echo","msg_id":5}}
[MATCH ECHO]
[ECHO] {"src":"n2","dest":"c12","body":{"type":"echo_ok","echo":"Please echo 57","msg_id":5,"in_reply_to":5}}
[RECEIVED] {"id":98,"src":"c12","dest":"n2","body":{"echo":"Please echo 94","type":"echo","msg_id":6}}
[MATCH ECHO]
[ECHO] {"src":"n2","dest":"c12","body":{"type":"echo_ok","echo":"Please echo 94","msg_id":6,"in_reply_to":6}}
[RECEIVED] {"id":110,"src":"c12","dest":"n2","body":{"echo":"Please echo 69","type":"echo","msg_id":7}}
[MATCH ECHO]
[ECHO] {"src":"n2","dest":"c12","body":{"type":"echo_ok","echo":"Please echo 69","msg_id":7,"in_reply_to":7}}
[RECEIVED] {"id":128,"src":"c12","dest":"n2","body":{"echo":"Please echo 52","type":"echo","msg_id":8}}
[MATCH ECHO]
[ECHO] {"src":"n2","dest":"c12","body":{"type":"echo_ok","echo":"Please echo 52","msg_id":8,"in_reply_to":8}}
[RECEIVED] {"id":142,"src":"c12","dest":"n2","body":{"echo":"Please echo 4","type":"echo","msg_id":9}}
[MATCH ECHO]
[ECHO] {"src":"n2","dest":"c12","body":{"type":"echo_ok","echo":"Please echo 4","msg_id":9,"in_reply_to":9}}
[RECEIVED] {"id":146,"src":"c12","dest":"n2","body":{"echo":"Please echo 43","type":"echo","msg_id":10}}
[MATCH ECHO]
[ECHO] {"src":"n2","dest":"c12","body":{"type":"echo_ok","echo":"Please echo 43","msg_id":10,"in_reply_to":10}}
[RECEIVED] {"id":158,"src":"c12","dest":"n2","body":{"echo":"Please echo 32","type":"echo","msg_id":11}}
[MATCH ECHO]
[ECHO] {"src":"n2","dest":"c12","body":{"type":"echo_ok","echo":"Please echo 32","msg_id":11,"in_reply_to":11}}
[RECEIVED] {"id":162,"src":"c12","dest":"n2","body":{"echo":"Please echo 47","type":"echo","msg_id":12}}
[MATCH ECHO]
[ECHO] {"src":"n2","dest":"c12","body":{"type":"echo_ok","echo":"Please echo 47","msg_id":12,"in_reply_to":12}}
[RECEIVED] {"id":176,"src":"c12","dest":"n2","body":{"echo":"Please echo 71","type":"echo","msg_id":13}}
[MATCH ECHO]
[ECHO] {"src":"n2","dest":"c12","body":{"type":"echo_ok","echo":"Please echo 71","msg_id":13,"in_reply_to":13}}
[RECEIVED] {"id":178,"src":"c12","dest":"n2","body":{"echo":"Please echo 103","type":"echo","msg_id":14}}
[MATCH ECHO]
[ECHO] {"src":"n2","dest":"c12","body":{"type":"echo_ok","echo":"Please echo 103","msg_id":14,"in_reply_to":14}}
[RECEIVED] {"id":184,"src":"c12","dest":"n2","body":{"echo":"Please echo 73","type":"echo","msg_id":15}}
[MATCH ECHO]
[ECHO] {"src":"n2","dest":"c12","body":{"type":"echo_ok","echo":"Please echo 73","msg_id":15,"in_reply_to":15}}
[RECEIVED] {"id":186,"src":"c12","dest":"n2","body":{"echo":"Please echo 123","type":"echo","msg_id":16}}
[MATCH ECHO]
[ECHO] {"src":"n2","dest":"c12","body":{"type":"echo_ok","echo":"Please echo 123","msg_id":16,"in_reply_to":16}}
[RECEIVED] {"id":196,"src":"c12","dest":"n2","body":{"echo":"Please echo 116","type":"echo","msg_id":17}}
[MATCH ECHO]
[ECHO] {"src":"n2","dest":"c12","body":{"type":"echo_ok","echo":"Please echo 116","msg_id":17,"in_reply_to":17}}
[RECEIVED] {"id":216,"src":"c12","dest":"n2","body":{"echo":"Please echo 122","type":"echo","msg_id":18}}
[MATCH ECHO]
[ECHO] {"src":"n2","dest":"c12","body":{"type":"echo_ok","echo":"Please echo 122","msg_id":18,"in_reply_to":18}}
[RECEIVED] {"id":220,"src":"c12","dest":"n2","body":{"echo":"Please echo 72","type":"echo","msg_id":19}}
[MATCH ECHO]
[ECHO] {"src":"n2","dest":"c12","body":{"type":"echo_ok","echo":"Please echo 72","msg_id":19,"in_reply_to":19}}
[RECEIVED] {"id":230,"src":"c12","dest":"n2","body":{"echo":"Please echo 121","type":"echo","msg_id":20}}
[MATCH ECHO]
[ECHO] {"src":"n2","dest":"c12","body":{"type":"echo_ok","echo":"Please echo 121","msg_id":20,"in_reply_to":20}}
[RECEIVED] {"id":246,"src":"c12","dest":"n2","body":{"echo":"Please echo 88","type":"echo","msg_id":21}}
[MATCH ECHO]
[ECHO] {"src":"n2","dest":"c12","body":{"type":"echo_ok","echo":"Please echo 88","msg_id":21,"in_reply_to":21}}
[RECEIVED] {"id":252,"src":"c12","dest":"n2","body":{"echo":"Please echo 23","type":"echo","msg_id":22}}
[MATCH ECHO]
[ECHO] {"src":"n2","dest":"c12","body":{"type":"echo_ok","echo":"Please echo 23","msg_id":22,"in_reply_to":22}}
[RECEIVED] {"id":256,"src":"c12","dest":"n2","body":{"echo":"Please echo 84","type":"echo","msg_id":23}}
[MATCH ECHO]
[ECHO] {"src":"n2","dest":"c12","body":{"type":"echo_ok","echo":"Please echo 84","msg_id":23,"in_reply_to":23}}
[RECEIVED] {"id":260,"src":"c12","dest":"n2","body":{"echo":"Please echo 84","type":"echo","msg_id":24}}
[MATCH ECHO]
[ECHO] {"src":"n2","dest":"c12","body":{"type":"echo_ok","echo":"Please echo 84","msg_id":24,"in_reply_to":24}}
[RECEIVED] {"id":276,"src":"c12","dest":"n2","body":{"echo":"Please echo 42","type":"echo","msg_id":25}}
[MATCH ECHO]
[ECHO] {"src":"n2","dest":"c12","body":{"type":"echo_ok","echo":"Please echo 42","msg_id":25,"in_reply_to":25}}
[RECEIVED] {"id":278,"src":"c12","dest":"n2","body":{"echo":"Please echo 10","type":"echo","msg_id":26}}
[MATCH ECHO]
[ECHO] {"src":"n2","dest":"c12","body":{"type":"echo_ok","echo":"Please echo 10","msg_id":26,"in_reply_to":26}}
[RECEIVED] {"id":284,"src":"c12","dest":"n2","body":{"echo":"Please echo 1","type":"echo","msg_id":27}}
[MATCH ECHO]
[ECHO] {"src":"n2","dest":"c12","body":{"type":"echo_ok","echo":"Please echo 1","msg_id":27,"in_reply_to":27}}
[RECEIVED] {"id":292,"src":"c12","dest":"n2","body":{"echo":"Please echo 106","type":"echo","msg_id":28}}
[MATCH ECHO]
[ECHO] {"src":"n2","dest":"c12","body":{"type":"echo_ok","echo":"Please echo 106","msg_id":28,"in_reply_to":28}}
[RECEIVED] {"id":296,"src":"c12","dest":"n2","body":{"echo":"Please echo 4","type":"echo","msg_id":29}}
[MATCH ECHO]
[ECHO] {"src":"n2","dest":"c12","body":{"type":"echo_ok","echo":"Please echo 4","msg_id":29,"in_reply_to":29}}
[RECEIVED] {"id":344,"src":"c12","dest":"n2","body":{"echo":"Please echo 100","type":"echo","msg_id":30}}
[MATCH ECHO]
[ECHO] {"src":"n2","dest":"c12","body":{"type":"echo_ok","echo":"Please echo 100","msg_id":30,"in_reply_to":30}}
[RECEIVED] {"id":354,"src":"c12","dest":"n2","body":{"echo":"Please echo 94","type":"echo","msg_id":31}}
[MATCH ECHO]
[ECHO] {"src":"n2","dest":"c12","body":{"type":"echo_ok","echo":"Please echo 94","msg_id":31,"in_reply_to":31}}
[RECEIVED] {"id":366,"src":"c12","dest":"n2","body":{"echo":"Please echo 11","type":"echo","msg_id":32}}
[MATCH ECHO]
[ECHO] {"src":"n2","dest":"c12","body":{"type":"echo_ok","echo":"Please echo 11","msg_id":32,"in_reply_to":32}}
[RECEIVED] {"id":378,"src":"c12","dest":"n2","body":{"echo":"Please echo 17","type":"echo","msg_id":33}}
[MATCH ECHO]
[ECHO] {"src":"n2","dest":"c12","body":{"type":"echo_ok","echo":"Please echo 17","msg_id":33,"in_reply_to":33}}
