[RECEIVED] {"id":1,"src":"c1","dest":"n2","body":{"type":"init","node_id":"n2","node_ids":["n1","n2","n3","n4","n5"],"msg_id":1}}
[MATCH] InitBody
Initialized node n2
Init send {"src":"n2","dest":"c1","body":{"type":"init_ok","in_reply_to":1,"msg_id":0}}
[RECEIVED] {"id":11,"src":"c6","dest":"n2","body":{"type":"topology","topology":{"n1":["n4","n2"],"n2":["n5","n3","n1"],"n3":["n2"],"n4":["n1","n5"],"n5":["n2","n4"]},"msg_id":1}}
[MATCH] TopologyBody
[TOPOLOGY RESPONSE] {"src":"n2","dest":"c6","body":{"type":"topology_ok","in_reply_to":1,"msg_id":1}}
[RECEIVED] {"id":22,"src":"c11","dest":"n2","body":{"type":"broadcast","message":0,"msg_id":1}}
[MATCH] BroadcastBody
[BROADCAST RESPONSE] {"src":"n2","dest":"c11","body":{"type":"broadcast_ok","in_reply_to":1,"msg_id":2}}
[INSIDE BROADCAST LOOP]
[BROADCAST REQUEST] {"id":0,"src":"n2","dest":"n5","body":{"type":"broadcast","message":"0","msg_id":null}}
[BROADCAST REQUEST] {"id":0,"src":"n2","dest":"n3","body":{"type":"broadcast","message":"0","msg_id":null}}
[BROADCAST REQUEST] {"id":0,"src":"n2","dest":"n1","body":{"type":"broadcast","message":"0","msg_id":null}}
[RECEIVED] {"id":27,"src":"n5","dest":"n2","body":{"type":"broadcast_ok","in_reply_to":0,"msg_id":2}}
[MATCH] UnknownBody
[RECEIVED] {"id":28,"src":"n5","dest":"n2","body":{"type":"broadcast","message":"0","msg_id":null}}
[MATCH] BroadcastBody
[BROADCAST RESPONSE] {"src":"n2","dest":"n5","body":{"type":"broadcast_ok","in_reply_to":0,"msg_id":4}}
[RECEIVED] {"id":30,"src":"n3","dest":"n2","body":{"type":"broadcast_ok","in_reply_to":0,"msg_id":2}}
[RECEIVED] {"id":31,"src":"n1","dest":"n2","body":{"type":"broadcast_ok","in_reply_to":0,"msg_id":3}}
[MATCH] UnknownBody
[MATCH] UnknownBody
[RECEIVED] {"id":33,"src":"n3","dest":"n2","body":{"type":"broadcast","message":"0","msg_id":null}}
[MATCH] BroadcastBody
[RECEIVED] {"id":34,"src":"n1","dest":"n2","body":{"type":"broadcast","message":"0","msg_id":null}}
[BROADCAST RESPONSE] {"src":"n2","dest":"n3","body":{"type":"broadcast_ok","in_reply_to":0,"msg_id":7}}
[MATCH] BroadcastBody
[BROADCAST RESPONSE] {"src":"n2","dest":"n1","body":{"type":"broadcast_ok","in_reply_to":0,"msg_id":8}}
[RECEIVED] {"id":54,"src":"n5","dest":"n2","body":{"type":"broadcast","message":"1","msg_id":null}}
[MATCH] BroadcastBody
[BROADCAST RESPONSE] {"src":"n2","dest":"n5","body":{"type":"broadcast_ok","in_reply_to":0,"msg_id":9}}
[INSIDE BROADCAST LOOP]
[BROADCAST REQUEST] {"id":0,"src":"n2","dest":"n5","body":{"type":"broadcast","message":"1","msg_id":null}}
[BROADCAST REQUEST] {"id":0,"src":"n2","dest":"n3","body":{"type":"broadcast","message":"1","msg_id":null}}
[BROADCAST REQUEST] {"id":0,"src":"n2","dest":"n1","body":{"type":"broadcast","message":"1","msg_id":null}}
[RECEIVED] {"id":63,"src":"n5","dest":"n2","body":{"type":"broadcast_ok","in_reply_to":0,"msg_id":10}}
[MATCH] UnknownBody
[RECEIVED] {"id":66,"src":"n3","dest":"n2","body":{"type":"broadcast_ok","in_reply_to":0,"msg_id":5}}
[RECEIVED] {"id":68,"src":"n1","dest":"n2","body":{"type":"broadcast_ok","in_reply_to":0,"msg_id":9}}
[MATCH] UnknownBody
[MATCH] UnknownBody
[RECEIVED] {"id":69,"src":"n1","dest":"n2","body":{"type":"broadcast","message":"1","msg_id":null}}
[RECEIVED] {"id":70,"src":"n3","dest":"n2","body":{"type":"broadcast","message":"1","msg_id":null}}
[MATCH] BroadcastBody
[MATCH] BroadcastBody
[BROADCAST RESPONSE] {"src":"n2","dest":"n1","body":{"type":"broadcast_ok","in_reply_to":0,"msg_id":13}}
[BROADCAST RESPONSE] {"src":"n2","dest":"n3","body":{"type":"broadcast_ok","in_reply_to":0,"msg_id":14}}
[RECEIVED] {"id":72,"src":"n1","dest":"n2","body":{"type":"broadcast","message":"1","msg_id":null}}
[MATCH] BroadcastBody
[BROADCAST RESPONSE] {"src":"n2","dest":"n1","body":{"type":"broadcast_ok","in_reply_to":0,"msg_id":15}}
[RECEIVED] {"id":83,"src":"n1","dest":"n2","body":{"type":"broadcast","message":"2","msg_id":null}}
[MATCH] BroadcastBody
[BROADCAST RESPONSE] {"src":"n2","dest":"n1","body":{"type":"broadcast_ok","in_reply_to":0,"msg_id":16}}
[INSIDE BROADCAST LOOP]
[BROADCAST REQUEST] {"id":0,"src":"n2","dest":"n5","body":{"type":"broadcast","message":"2","msg_id":null}}
[BROADCAST REQUEST] {"id":0,"src":"n2","dest":"n3","body":{"type":"broadcast","message":"2","msg_id":null}}
[BROADCAST REQUEST] {"id":0,"src":"n2","dest":"n1","body":{"type":"broadcast","message":"2","msg_id":null}}
[RECEIVED] {"id":92,"src":"n5","dest":"n2","body":{"type":"broadcast_ok","in_reply_to":0,"msg_id":12}}
[MATCH] UnknownBody
[RECEIVED] {"id":94,"src":"n3","dest":"n2","body":{"type":"broadcast_ok","in_reply_to":0,"msg_id":7}}
[MATCH] UnknownBody
[RECEIVED] {"id":95,"src":"n1","dest":"n2","body":{"type":"broadcast_ok","in_reply_to":0,"msg_id":19}}
[MATCH] UnknownBody
[RECEIVED] {"id":96,"src":"n5","dest":"n2","body":{"type":"broadcast","message":"2","msg_id":null}}
[MATCH] BroadcastBody
[RECEIVED] {"id":97,"src":"n3","dest":"n2","body":{"type":"broadcast","message":"2","msg_id":null}}
[BROADCAST RESPONSE] {"src":"n2","dest":"n5","body":{"type":"broadcast_ok","in_reply_to":0,"msg_id":20}}
[RECEIVED] {"id":98,"src":"n5","dest":"n2","body":{"type":"broadcast","message":"2","msg_id":null}}
[MATCH] BroadcastBody
[MATCH] BroadcastBody
[BROADCAST RESPONSE] {"src":"n2","dest":"n3","body":{"type":"broadcast_ok","in_reply_to":0,"msg_id":21}}
[BROADCAST RESPONSE] {"src":"n2","dest":"n5","body":{"type":"broadcast_ok","in_reply_to":0,"msg_id":22}}
[RECEIVED] {"id":106,"src":"c11","dest":"n2","body":{"type":"read","msg_id":2}}
[MATCH] ReadBody
[READ RESPONSE] {"src":"n2","dest":"c11","body":{"type":"read_ok","messages":["2","2","2","2","1","1","1","1","0","0","0","0"],"in_reply_to":2,"msg_id":23}}
[RECEIVED] {"id":110,"src":"n3","dest":"n2","body":{"type":"broadcast","message":"3","msg_id":null}}
[MATCH] BroadcastBody
[BROADCAST RESPONSE] {"src":"n2","dest":"n3","body":{"type":"broadcast_ok","in_reply_to":0,"msg_id":24}}
[INSIDE BROADCAST LOOP]
[BROADCAST REQUEST] {"id":0,"src":"n2","dest":"n5","body":{"type":"broadcast","message":"3","msg_id":null}}
[BROADCAST REQUEST] {"id":0,"src":"n2","dest":"n3","body":{"type":"broadcast","message":"3","msg_id":null}}
[BROADCAST REQUEST] {"id":0,"src":"n2","dest":"n1","body":{"type":"broadcast","message":"3","msg_id":null}}
[RECEIVED] {"id":115,"src":"n5","dest":"n2","body":{"type":"broadcast_ok","in_reply_to":0,"msg_id":18}}
[MATCH] UnknownBody
[RECEIVED] {"id":116,"src":"n5","dest":"n2","body":{"type":"broadcast","message":"3","msg_id":null}}
[RECEIVED] {"id":117,"src":"n3","dest":"n2","body":{"type":"broadcast_ok","in_reply_to":0,"msg_id":11}}
[MATCH] BroadcastBody
[MATCH] UnknownBody
[RECEIVED] {"id":118,"src":"n1","dest":"n2","body":{"type":"broadcast_ok","in_reply_to":0,"msg_id":20}}
[BROADCAST RESPONSE] {"src":"n2","dest":"n5","body":{"type":"broadcast_ok","in_reply_to":0,"msg_id":26}}
[MATCH] UnknownBody
[RECEIVED] {"id":121,"src":"n1","dest":"n2","body":{"type":"broadcast","message":"3","msg_id":null}}
[MATCH] BroadcastBody
[BROADCAST RESPONSE] {"src":"n2","dest":"n1","body":{"type":"broadcast_ok","in_reply_to":0,"msg_id":29}}
[RECEIVED] {"id":134,"src":"n5","dest":"n2","body":{"type":"broadcast","message":"4","msg_id":null}}
[MATCH] BroadcastBody
[BROADCAST RESPONSE] {"src":"n2","dest":"n5","body":{"type":"broadcast_ok","in_reply_to":0,"msg_id":30}}
[INSIDE BROADCAST LOOP]
[BROADCAST REQUEST] {"id":0,"src":"n2","dest":"n5","body":{"type":"broadcast","message":"4","msg_id":null}}
[BROADCAST REQUEST] {"id":0,"src":"n2","dest":"n3","body":{"type":"broadcast","message":"4","msg_id":null}}
[BROADCAST REQUEST] {"id":0,"src":"n2","dest":"n1","body":{"type":"broadcast","message":"4","msg_id":null}}
[RECEIVED] {"id":143,"src":"n5","dest":"n2","body":{"type":"broadcast_ok","in_reply_to":0,"msg_id":25}}
[RECEIVED] {"id":144,"src":"n3","dest":"n2","body":{"type":"broadcast_ok","in_reply_to":0,"msg_id":12}}
[MATCH] UnknownBody
[MATCH] UnknownBody
[RECEIVED] {"id":147,"src":"n3","dest":"n2","body":{"type":"broadcast","message":"4","msg_id":null}}
[MATCH] BroadcastBody
[RECEIVED] {"id":148,"src":"n1","dest":"n2","body":{"type":"broadcast_ok","in_reply_to":0,"msg_id":25}}
[BROADCAST RESPONSE] {"src":"n2","dest":"n3","body":{"type":"broadcast_ok","in_reply_to":0,"msg_id":33}}
[MATCH] UnknownBody
[RECEIVED] {"id":151,"src":"n1","dest":"n2","body":{"type":"broadcast","message":"4","msg_id":null}}
[RECEIVED] {"id":152,"src":"n1","dest":"n2","body":{"type":"broadcast","message":"4","msg_id":null}}
[MATCH] BroadcastBody
[MATCH] BroadcastBody
[BROADCAST RESPONSE] {"src":"n2","dest":"n1","body":{"type":"broadcast_ok","in_reply_to":0,"msg_id":35}}
[BROADCAST RESPONSE] {"src":"n2","dest":"n1","body":{"type":"broadcast_ok","in_reply_to":0,"msg_id":36}}
[RECEIVED] {"id":161,"src":"n1","dest":"n2","body":{"type":"broadcast","message":"5","msg_id":null}}
[MATCH] BroadcastBody
[BROADCAST RESPONSE] {"src":"n2","dest":"n1","body":{"type":"broadcast_ok","in_reply_to":0,"msg_id":37}}
[INSIDE BROADCAST LOOP]
[BROADCAST REQUEST] {"id":0,"src":"n2","dest":"n5","body":{"type":"broadcast","message":"5","msg_id":null}}
[BROADCAST REQUEST] {"id":0,"src":"n2","dest":"n3","body":{"type":"broadcast","message":"5","msg_id":null}}
[BROADCAST REQUEST] {"id":0,"src":"n2","dest":"n1","body":{"type":"broadcast","message":"5","msg_id":null}}
[RECEIVED] {"id":170,"src":"n5","dest":"n2","body":{"type":"broadcast_ok","in_reply_to":0,"msg_id":27}}
[MATCH] UnknownBody
[RECEIVED] {"id":172,"src":"n3","dest":"n2","body":{"type":"broadcast_ok","in_reply_to":0,"msg_id":14}}
[RECEIVED] {"id":173,"src":"n1","dest":"n2","body":{"type":"broadcast_ok","in_reply_to":0,"msg_id":34}}
[RECEIVED] {"id":174,"src":"n5","dest":"n2","body":{"type":"broadcast","message":"5","msg_id":null}}
[RECEIVED] {"id":175,"src":"n5","dest":"n2","body":{"type":"broadcast","message":"5","msg_id":null}}
[MATCH] UnknownBody
[MATCH] UnknownBody
[MATCH] BroadcastBody
[MATCH] BroadcastBody
[RECEIVED] {"id":176,"src":"n3","dest":"n2","body":{"type":"broadcast","message":"5","msg_id":null}}
[BROADCAST RESPONSE] {"src":"n2","dest":"n5","body":{"type":"broadcast_ok","in_reply_to":0,"msg_id":41}}
[BROADCAST RESPONSE] {"src":"n2","dest":"n5","body":{"type":"broadcast_ok","in_reply_to":0,"msg_id":42}}
[MATCH] BroadcastBody
[BROADCAST RESPONSE] {"src":"n2","dest":"n3","body":{"type":"broadcast_ok","in_reply_to":0,"msg_id":43}}
[RECEIVED] {"id":186,"src":"c11","dest":"n2","body":{"type":"broadcast","message":6,"msg_id":3}}
[MATCH] BroadcastBody
[BROADCAST RESPONSE] {"src":"n2","dest":"c11","body":{"type":"broadcast_ok","in_reply_to":3,"msg_id":44}}
[INSIDE BROADCAST LOOP]
[BROADCAST REQUEST] {"id":0,"src":"n2","dest":"n5","body":{"type":"broadcast","message":"6","msg_id":null}}
[BROADCAST REQUEST] {"id":0,"src":"n2","dest":"n3","body":{"type":"broadcast","message":"6","msg_id":null}}
[BROADCAST REQUEST] {"id":0,"src":"n2","dest":"n1","body":{"type":"broadcast","message":"6","msg_id":null}}
[RECEIVED] {"id":191,"src":"n5","dest":"n2","body":{"type":"broadcast_ok","in_reply_to":0,"msg_id":33}}
[RECEIVED] {"id":192,"src":"n3","dest":"n2","body":{"type":"broadcast_ok","in_reply_to":0,"msg_id":16}}
[MATCH] UnknownBody
[MATCH] UnknownBody
[RECEIVED] {"id":193,"src":"n1","dest":"n2","body":{"type":"broadcast_ok","in_reply_to":0,"msg_id":36}}
[MATCH] UnknownBody
[RECEIVED] {"id":194,"src":"n5","dest":"n2","body":{"type":"broadcast","message":"6","msg_id":null}}
[RECEIVED] {"id":195,"src":"n3","dest":"n2","body":{"type":"broadcast","message":"6","msg_id":null}}
[MATCH] BroadcastBody
[MATCH] BroadcastBody
[BROADCAST RESPONSE] {"src":"n2","dest":"n5","body":{"type":"broadcast_ok","in_reply_to":0,"msg_id":48}}
[BROADCAST RESPONSE] {"src":"n2","dest":"n3","body":{"type":"broadcast_ok","in_reply_to":0,"msg_id":49}}
[RECEIVED] {"id":198,"src":"n1","dest":"n2","body":{"type":"broadcast","message":"6","msg_id":null}}
[MATCH] BroadcastBody
[BROADCAST RESPONSE] {"src":"n2","dest":"n1","body":{"type":"broadcast_ok","in_reply_to":0,"msg_id":50}}
[RECEIVED] {"id":214,"src":"n3","dest":"n2","body":{"type":"broadcast","message":"7","msg_id":null}}
[MATCH] BroadcastBody
[BROADCAST RESPONSE] {"src":"n2","dest":"n3","body":{"type":"broadcast_ok","in_reply_to":0,"msg_id":51}}
[INSIDE BROADCAST LOOP]
[BROADCAST REQUEST] {"id":0,"src":"n2","dest":"n5","body":{"type":"broadcast","message":"7","msg_id":null}}
[BROADCAST REQUEST] {"id":0,"src":"n2","dest":"n3","body":{"type":"broadcast","message":"7","msg_id":null}}
[BROADCAST REQUEST] {"id":0,"src":"n2","dest":"n1","body":{"type":"broadcast","message":"7","msg_id":null}}
[RECEIVED] {"id":219,"src":"n5","dest":"n2","body":{"type":"broadcast_ok","in_reply_to":0,"msg_id":38}}
[MATCH] UnknownBody
[RECEIVED] {"id":220,"src":"n3","dest":"n2","body":{"type":"broadcast_ok","in_reply_to":0,"msg_id":20}}
[RECEIVED] {"id":221,"src":"n5","dest":"n2","body":{"type":"broadcast","message":"7","msg_id":null}}
[RECEIVED] {"id":222,"src":"n1","dest":"n2","body":{"type":"broadcast_ok","in_reply_to":0,"msg_id":41}}
[MATCH] UnknownBody
[MATCH] BroadcastBody
[MATCH] UnknownBody
[BROADCAST RESPONSE] {"src":"n2","dest":"n5","body":{"type":"broadcast_ok","in_reply_to":0,"msg_id":54}}
[RECEIVED] {"id":225,"src":"n1","dest":"n2","body":{"type":"broadcast","message":"7","msg_id":null}}
[MATCH] BroadcastBody
[BROADCAST RESPONSE] {"src":"n2","dest":"n1","body":{"type":"broadcast_ok","in_reply_to":0,"msg_id":56}}
[RECEIVED] {"id":242,"src":"n5","dest":"n2","body":{"type":"broadcast","message":"8","msg_id":null}}
[MATCH] BroadcastBody
[BROADCAST RESPONSE] {"src":"n2","dest":"n5","body":{"type":"broadcast_ok","in_reply_to":0,"msg_id":57}}
[INSIDE BROADCAST LOOP]
[BROADCAST REQUEST] {"id":0,"src":"n2","dest":"n5","body":{"type":"broadcast","message":"8","msg_id":null}}
[BROADCAST REQUEST] {"id":0,"src":"n2","dest":"n3","body":{"type":"broadcast","message":"8","msg_id":null}}
[BROADCAST REQUEST] {"id":0,"src":"n2","dest":"n1","body":{"type":"broadcast","message":"8","msg_id":null}}
[RECEIVED] {"id":251,"src":"n5","dest":"n2","body":{"type":"broadcast_ok","in_reply_to":0,"msg_id":46}}
[MATCH] UnknownBody
[RECEIVED] {"id":254,"src":"n3","dest":"n2","body":{"type":"broadcast_ok","in_reply_to":0,"msg_id":21}}
[RECEIVED] {"id":253,"src":"n1","dest":"n2","body":{"type":"broadcast_ok","in_reply_to":0,"msg_id":47}}
[RECEIVED] {"id":257,"src":"n1","dest":"n2","body":{"type":"broadcast","message":"8","msg_id":null}}
[MATCH] UnknownBody
[MATCH] UnknownBody
[MATCH] BroadcastBody
[BROADCAST RESPONSE] {"src":"n2","dest":"n1","body":{"type":"broadcast_ok","in_reply_to":0,"msg_id":61}}
[RECEIVED] {"id":259,"src":"n3","dest":"n2","body":{"type":"broadcast","message":"8","msg_id":null}}
[RECEIVED] {"id":260,"src":"n1","dest":"n2","body":{"type":"broadcast","message":"8","msg_id":null}}
[MATCH] BroadcastBody
[MATCH] BroadcastBody
[BROADCAST RESPONSE] {"src":"n2","dest":"n3","body":{"type":"broadcast_ok","in_reply_to":0,"msg_id":62}}
[BROADCAST RESPONSE] {"src":"n2","dest":"n1","body":{"type":"broadcast_ok","in_reply_to":0,"msg_id":63}}
[RECEIVED] {"id":269,"src":"n1","dest":"n2","body":{"type":"broadcast","message":"9","msg_id":null}}
[MATCH] BroadcastBody
[BROADCAST RESPONSE] {"src":"n2","dest":"n1","body":{"type":"broadcast_ok","in_reply_to":0,"msg_id":64}}
[INSIDE BROADCAST LOOP]
[BROADCAST REQUEST] {"id":0,"src":"n2","dest":"n5","body":{"type":"broadcast","message":"9","msg_id":null}}
[BROADCAST REQUEST] {"id":0,"src":"n2","dest":"n3","body":{"type":"broadcast","message":"9","msg_id":null}}
[BROADCAST REQUEST] {"id":0,"src":"n2","dest":"n1","body":{"type":"broadcast","message":"9","msg_id":null}}
[RECEIVED] {"id":278,"src":"n5","dest":"n2","body":{"type":"broadcast_ok","in_reply_to":0,"msg_id":48}}
[RECEIVED] {"id":280,"src":"n5","dest":"n2","body":{"type":"broadcast","message":"9","msg_id":null}}
[RECEIVED] {"id":281,"src":"n3","dest":"n2","body":{"type":"broadcast_ok","in_reply_to":0,"msg_id":23}}
[RECEIVED] {"id":282,"src":"n5","dest":"n2","body":{"type":"broadcast","message":"9","msg_id":null}}
[MATCH] UnknownBody
[MATCH] BroadcastBody
[MATCH] UnknownBody
[MATCH] BroadcastBody
[BROADCAST RESPONSE] {"src":"n2","dest":"n5","body":{"type":"broadcast_ok","in_reply_to":0,"msg_id":66}}
[BROADCAST RESPONSE] {"src":"n2","dest":"n5","body":{"type":"broadcast_ok","in_reply_to":0,"msg_id":68}}
[RECEIVED] {"id":284,"src":"n1","dest":"n2","body":{"type":"broadcast_ok","in_reply_to":0,"msg_id":56}}
[MATCH] UnknownBody
[RECEIVED] {"id":286,"src":"n3","dest":"n2","body":{"type":"broadcast","message":"9","msg_id":null}}
[MATCH] BroadcastBody
[BROADCAST RESPONSE] {"src":"n2","dest":"n3","body":{"type":"broadcast_ok","in_reply_to":0,"msg_id":70}}
[RECEIVED] {"id":295,"src":"n1","dest":"n2","body":{"type":"broadcast","message":"10","msg_id":null}}
[MATCH] BroadcastBody
[BROADCAST RESPONSE] {"src":"n2","dest":"n1","body":{"type":"broadcast_ok","in_reply_to":0,"msg_id":71}}
[INSIDE BROADCAST LOOP]
[BROADCAST REQUEST] {"id":0,"src":"n2","dest":"n5","body":{"type":"broadcast","message":"10","msg_id":null}}
[BROADCAST REQUEST] {"id":0,"src":"n2","dest":"n3","body":{"type":"broadcast","message":"10","msg_id":null}}
[BROADCAST REQUEST] {"id":0,"src":"n2","dest":"n1","body":{"type":"broadcast","message":"10","msg_id":null}}
[RECEIVED] {"id":304,"src":"n5","dest":"n2","body":{"type":"broadcast_ok","in_reply_to":0,"msg_id":54}}
[RECEIVED] {"id":305,"src":"n3","dest":"n2","body":{"type":"broadcast_ok","in_reply_to":0,"msg_id":25}}
[MATCH] UnknownBody
[MATCH] UnknownBody
[RECEIVED] {"id":307,"src":"n1","dest":"n2","body":{"type":"broadcast_ok","in_reply_to":0,"msg_id":61}}
[MATCH] UnknownBody
[RECEIVED] {"id":308,"src":"n5","dest":"n2","body":{"type":"broadcast","message":"10","msg_id":null}}
[MATCH] BroadcastBody
[RECEIVED] {"id":309,"src":"n3","dest":"n2","body":{"type":"broadcast","message":"10","msg_id":null}}
[BROADCAST RESPONSE] {"src":"n2","dest":"n5","body":{"type":"broadcast_ok","in_reply_to":0,"msg_id":75}}
[RECEIVED] {"id":310,"src":"n5","dest":"n2","body":{"type":"broadcast","message":"10","msg_id":null}}
[MATCH] BroadcastBody
[MATCH] BroadcastBody
[BROADCAST RESPONSE] {"src":"n2","dest":"n3","body":{"type":"broadcast_ok","in_reply_to":0,"msg_id":76}}
[BROADCAST RESPONSE] {"src":"n2","dest":"n5","body":{"type":"broadcast_ok","in_reply_to":0,"msg_id":77}}
[RECEIVED] {"id":318,"src":"c11","dest":"n2","body":{"type":"broadcast","message":11,"msg_id":4}}
[MATCH] BroadcastBody
[BROADCAST RESPONSE] {"src":"n2","dest":"c11","body":{"type":"broadcast_ok","in_reply_to":4,"msg_id":78}}
[INSIDE BROADCAST LOOP]
[BROADCAST REQUEST] {"id":0,"src":"n2","dest":"n5","body":{"type":"broadcast","message":"11","msg_id":null}}
[BROADCAST REQUEST] {"id":0,"src":"n2","dest":"n3","body":{"type":"broadcast","message":"11","msg_id":null}}
[BROADCAST REQUEST] {"id":0,"src":"n2","dest":"n1","body":{"type":"broadcast","message":"11","msg_id":null}}
[RECEIVED] {"id":323,"src":"n5","dest":"n2","body":{"type":"broadcast_ok","in_reply_to":0,"msg_id":60}}
[RECEIVED] {"id":324,"src":"n3","dest":"n2","body":{"type":"broadcast_ok","in_reply_to":0,"msg_id":27}}
[MATCH] UnknownBody
[MATCH] UnknownBody
[RECEIVED] {"id":325,"src":"n3","dest":"n2","body":{"type":"broadcast","message":"11","msg_id":null}}
[RECEIVED] {"id":326,"src":"n1","dest":"n2","body":{"type":"broadcast_ok","in_reply_to":0,"msg_id":62}}
[RECEIVED] {"id":327,"src":"n5","dest":"n2","body":{"type":"broadcast","message":"11","msg_id":null}}
[MATCH] BroadcastBody
[MATCH] UnknownBody
[MATCH] BroadcastBody
[BROADCAST RESPONSE] {"src":"n2","dest":"n3","body":{"type":"broadcast_ok","in_reply_to":0,"msg_id":81}}
[BROADCAST RESPONSE] {"src":"n2","dest":"n5","body":{"type":"broadcast_ok","in_reply_to":0,"msg_id":83}}
[RECEIVED] {"id":330,"src":"n1","dest":"n2","body":{"type":"broadcast","message":"11","msg_id":null}}
[MATCH] BroadcastBody
[BROADCAST RESPONSE] {"src":"n2","dest":"n1","body":{"type":"broadcast_ok","in_reply_to":0,"msg_id":84}}
[RECEIVED] {"id":346,"src":"n3","dest":"n2","body":{"type":"broadcast","message":"12","msg_id":null}}
[MATCH] BroadcastBody
[BROADCAST RESPONSE] {"src":"n2","dest":"n3","body":{"type":"broadcast_ok","in_reply_to":0,"msg_id":85}}
[INSIDE BROADCAST LOOP]
[BROADCAST REQUEST] {"id":0,"src":"n2","dest":"n5","body":{"type":"broadcast","message":"12","msg_id":null}}
[BROADCAST REQUEST] {"id":0,"src":"n2","dest":"n3","body":{"type":"broadcast","message":"12","msg_id":null}}
[BROADCAST REQUEST] {"id":0,"src":"n2","dest":"n1","body":{"type":"broadcast","message":"12","msg_id":null}}
[RECEIVED] {"id":351,"src":"n3","dest":"n2","body":{"type":"broadcast_ok","in_reply_to":0,"msg_id":31}}
[RECEIVED] {"id":352,"src":"n5","dest":"n2","body":{"type":"broadcast_ok","in_reply_to":0,"msg_id":65}}
[MATCH] UnknownBody
[MATCH] UnknownBody
[RECEIVED] {"id":353,"src":"n5","dest":"n2","body":{"type":"broadcast","message":"12","msg_id":null}}
[RECEIVED] {"id":354,"src":"n1","dest":"n2","body":{"type":"broadcast_ok","in_reply_to":0,"msg_id":67}}
[MATCH] BroadcastBody
[MATCH] UnknownBody
[BROADCAST RESPONSE] {"src":"n2","dest":"n5","body":{"type":"broadcast_ok","in_reply_to":0,"msg_id":88}}
[RECEIVED] {"id":357,"src":"n1","dest":"n2","body":{"type":"broadcast","message":"12","msg_id":null}}
[MATCH] BroadcastBody
[BROADCAST RESPONSE] {"src":"n2","dest":"n1","body":{"type":"broadcast_ok","in_reply_to":0,"msg_id":90}}
[RECEIVED] {"id":377,"src":"n5","dest":"n2","body":{"type":"broadcast","message":"13","msg_id":null}}
[RECEIVED] {"id":378,"src":"n1","dest":"n2","body":{"type":"broadcast","message":"13","msg_id":null}}
[MATCH] BroadcastBody
[MATCH] BroadcastBody
[BROADCAST RESPONSE] {"src":"n2","dest":"n5","body":{"type":"broadcast_ok","in_reply_to":0,"msg_id":91}}
[BROADCAST RESPONSE] {"src":"n2","dest":"n1","body":{"type":"broadcast_ok","in_reply_to":0,"msg_id":92}}
[INSIDE BROADCAST LOOP]
[INSIDE BROADCAST LOOP]
[BROADCAST REQUEST] {"id":0,"src":"n2","dest":"n5","body":{"type":"broadcast","message":"13","msg_id":null}}
[BROADCAST REQUEST] {"id":0,"src":"n2","dest":"n5","body":{"type":"broadcast","message":"13","msg_id":null}}
[BROADCAST REQUEST] {"id":0,"src":"n2","dest":"n3","body":{"type":"broadcast","message":"13","msg_id":null}}
[BROADCAST REQUEST] {"id":0,"src":"n2","dest":"n3","body":{"type":"broadcast","message":"13","msg_id":null}}
[BROADCAST REQUEST] {"id":0,"src":"n2","dest":"n1","body":{"type":"broadcast","message":"13","msg_id":null}}
[BROADCAST REQUEST] {"id":0,"src":"n2","dest":"n1","body":{"type":"broadcast","message":"13","msg_id":null}}
[RECEIVED] {"id":390,"src":"n5","dest":"n2","body":{"type":"broadcast_ok","in_reply_to":0,"msg_id":73}}
[RECEIVED] {"id":391,"src":"n3","dest":"n2","body":{"type":"broadcast_ok","in_reply_to":0,"msg_id":32}}
[RECEIVED] {"id":392,"src":"n5","dest":"n2","body":{"type":"broadcast_ok","in_reply_to":0,"msg_id":74}}
[MATCH] UnknownBody
[MATCH] UnknownBody
[MATCH] UnknownBody
[RECEIVED] {"id":393,"src":"n3","dest":"n2","body":{"type":"broadcast_ok","in_reply_to":0,"msg_id":33}}
[RECEIVED] {"id":394,"src":"n1","dest":"n2","body":{"type":"broadcast_ok","in_reply_to":0,"msg_id":75}}
[RECEIVED] {"id":395,"src":"n3","dest":"n2","body":{"type":"broadcast","message":"13","msg_id":null}}
[MATCH] UnknownBody
[MATCH] UnknownBody
[RECEIVED] {"id":396,"src":"n3","dest":"n2","body":{"type":"broadcast","message":"13","msg_id":null}}
[MATCH] BroadcastBody
[MATCH] BroadcastBody
[BROADCAST RESPONSE] {"src":"n2","dest":"n3","body":{"type":"broadcast_ok","in_reply_to":0,"msg_id":98}}
[RECEIVED] {"id":397,"src":"n1","dest":"n2","body":{"type":"broadcast_ok","in_reply_to":0,"msg_id":76}}
[BROADCAST RESPONSE] {"src":"n2","dest":"n3","body":{"type":"broadcast_ok","in_reply_to":0,"msg_id":99}}
[MATCH] UnknownBody
[RECEIVED] {"id":405,"src":"n1","dest":"n2","body":{"type":"broadcast","message":"14","msg_id":null}}
[MATCH] BroadcastBody
[BROADCAST RESPONSE] {"src":"n2","dest":"n1","body":{"type":"broadcast_ok","in_reply_to":0,"msg_id":101}}
[INSIDE BROADCAST LOOP]
[BROADCAST REQUEST] {"id":0,"src":"n2","dest":"n5","body":{"type":"broadcast","message":"14","msg_id":null}}
[BROADCAST REQUEST] {"id":0,"src":"n2","dest":"n3","body":{"type":"broadcast","message":"14","msg_id":null}}
[BROADCAST REQUEST] {"id":0,"src":"n2","dest":"n1","body":{"type":"broadcast","message":"14","msg_id":null}}
[RECEIVED] {"id":413,"src":"n5","dest":"n2","body":{"type":"broadcast_ok","in_reply_to":0,"msg_id":76}}
[MATCH] UnknownBody
[RECEIVED] {"id":416,"src":"n5","dest":"n2","body":{"type":"broadcast","message":"14","msg_id":null}}
[RECEIVED] {"id":418,"src":"n5","dest":"n2","body":{"type":"broadcast","message":"14","msg_id":null}}
[RECEIVED] {"id":419,"src":"n3","dest":"n2","body":{"type":"broadcast_ok","in_reply_to":0,"msg_id":36}}
[MATCH] BroadcastBody
[MATCH] BroadcastBody
[MATCH] UnknownBody
[BROADCAST RESPONSE] {"src":"n2","dest":"n5","body":{"type":"broadcast_ok","in_reply_to":0,"msg_id":103}}
[BROADCAST RESPONSE] {"src":"n2","dest":"n5","body":{"type":"broadcast_ok","in_reply_to":0,"msg_id":104}}
[RECEIVED] {"id":421,"src":"n1","dest":"n2","body":{"type":"broadcast_ok","in_reply_to":0,"msg_id":81}}
[RECEIVED] {"id":422,"src":"n3","dest":"n2","body":{"type":"broadcast","message":"14","msg_id":null}}
[MATCH] UnknownBody
[MATCH] BroadcastBody
[BROADCAST RESPONSE] {"src":"n2","dest":"n3","body":{"type":"broadcast_ok","in_reply_to":0,"msg_id":107}}
[RECEIVED] {"id":430,"src":"c11","dest":"n2","body":{"type":"read","msg_id":5}}
[MATCH] ReadBody
[READ RESPONSE] {"src":"n2","dest":"c11","body":{"type":"read_ok","messages":["14","14","14","14","13","13","13","13","12","12","12","11","11","11","11","10","10","10","10","9","9","9","9","8","8","8","8","7","7","7","6","6","6","6","5","5","5","5","4","4","4","4","3","3","3","2","2","2","2","1","1","1","1","0","0","0","0"],"in_reply_to":5,"msg_id":108}}
[RECEIVED] {"id":441,"src":"n5","dest":"n2","body":{"type":"broadcast","message":"15","msg_id":null}}
[MATCH] BroadcastBody
[BROADCAST RESPONSE] {"src":"n2","dest":"n5","body":{"type":"broadcast_ok","in_reply_to":0,"msg_id":109}}
[RECEIVED] {"id":443,"src":"n1","dest":"n2","body":{"type":"broadcast","message":"15","msg_id":null}}
[INSIDE BROADCAST LOOP]
[MATCH] BroadcastBody
[BROADCAST REQUEST] {"id":0,"src":"n2","dest":"n5","body":{"type":"broadcast","message":"15","msg_id":null}}
[BROADCAST RESPONSE] {"src":"n2","dest":"n1","body":{"type":"broadcast_ok","in_reply_to":0,"msg_id":110}}
[BROADCAST REQUEST] {"id":0,"src":"n2","dest":"n3","body":{"type":"broadcast","message":"15","msg_id":null}}
[INSIDE BROADCAST LOOP]
[BROADCAST REQUEST] {"id":0,"src":"n2","dest":"n5","body":{"type":"broadcast","message":"15","msg_id":null}}
[BROADCAST REQUEST] {"id":0,"src":"n2","dest":"n1","body":{"type":"broadcast","message":"15","msg_id":null}}
[BROADCAST REQUEST] {"id":0,"src":"n2","dest":"n3","body":{"type":"broadcast","message":"15","msg_id":null}}
[BROADCAST REQUEST] {"id":0,"src":"n2","dest":"n1","body":{"type":"broadcast","message":"15","msg_id":null}}
[RECEIVED] {"id":453,"src":"n5","dest":"n2","body":{"type":"broadcast_ok","in_reply_to":0,"msg_id":85}}
[MATCH] UnknownBody
[RECEIVED] {"id":455,"src":"n3","dest":"n2","body":{"type":"broadcast_ok","in_reply_to":0,"msg_id":39}}
[RECEIVED] {"id":456,"src":"n5","dest":"n2","body":{"type":"broadcast_ok","in_reply_to":0,"msg_id":86}}
[RECEIVED] {"id":457,"src":"n1","dest":"n2","body":{"type":"broadcast_ok","in_reply_to":0,"msg_id":86}}
[RECEIVED] {"id":458,"src":"n3","dest":"n2","body":{"type":"broadcast_ok","in_reply_to":0,"msg_id":40}}
[MATCH] UnknownBody
[RECEIVED] {"id":459,"src":"n3","dest":"n2","body":{"type":"broadcast","message":"15","msg_id":null}}
[MATCH] UnknownBody
[MATCH] UnknownBody
[MATCH] UnknownBody
[MATCH] BroadcastBody
[BROADCAST RESPONSE] {"src":"n2","dest":"n3","body":{"type":"broadcast_ok","in_reply_to":0,"msg_id":116}}
[RECEIVED] {"id":460,"src":"n1","dest":"n2","body":{"type":"broadcast_ok","in_reply_to":0,"msg_id":87}}
[RECEIVED] {"id":461,"src":"n3","dest":"n2","body":{"type":"broadcast","message":"15","msg_id":null}}
[MATCH] UnknownBody
[MATCH] BroadcastBody
[BROADCAST RESPONSE] {"src":"n2","dest":"n3","body":{"type":"broadcast_ok","in_reply_to":0,"msg_id":118}}
[RECEIVED] {"id":466,"src":"n5","dest":"n2","body":{"type":"broadcast","message":"16","msg_id":null}}
[MATCH] BroadcastBody
[BROADCAST RESPONSE] {"src":"n2","dest":"n5","body":{"type":"broadcast_ok","in_reply_to":0,"msg_id":119}}
[INSIDE BROADCAST LOOP]
[BROADCAST REQUEST] {"id":0,"src":"n2","dest":"n5","body":{"type":"broadcast","message":"16","msg_id":null}}
[BROADCAST REQUEST] {"id":0,"src":"n2","dest":"n3","body":{"type":"broadcast","message":"16","msg_id":null}}
[BROADCAST REQUEST] {"id":0,"src":"n2","dest":"n1","body":{"type":"broadcast","message":"16","msg_id":null}}
[RECEIVED] {"id":476,"src":"n5","dest":"n2","body":{"type":"broadcast_ok","in_reply_to":0,"msg_id":90}}
[MATCH] UnknownBody
[RECEIVED] {"id":478,"src":"n3","dest":"n2","body":{"type":"broadcast_ok","in_reply_to":0,"msg_id":43}}
[MATCH] UnknownBody
[RECEIVED] {"id":479,"src":"n3","dest":"n2","body":{"type":"broadcast","message":"16","msg_id":null}}
[RECEIVED] {"id":481,"src":"n1","dest":"n2","body":{"type":"broadcast_ok","in_reply_to":0,"msg_id":89}}
[RECEIVED] {"id":482,"src":"n1","dest":"n2","body":{"type":"broadcast","message":"16","msg_id":null}}
[RECEIVED] {"id":484,"src":"n1","dest":"n2","body":{"type":"broadcast","message":"16","msg_id":null}}
[MATCH] BroadcastBody
[MATCH] UnknownBody
[MATCH] BroadcastBody
[MATCH] BroadcastBody
[BROADCAST RESPONSE] {"src":"n2","dest":"n3","body":{"type":"broadcast_ok","in_reply_to":0,"msg_id":122}}
[BROADCAST RESPONSE] {"src":"n2","dest":"n1","body":{"type":"broadcast_ok","in_reply_to":0,"msg_id":124}}
[BROADCAST RESPONSE] {"src":"n2","dest":"n1","body":{"type":"broadcast_ok","in_reply_to":0,"msg_id":125}}
[RECEIVED] {"id":495,"src":"n1","dest":"n2","body":{"type":"broadcast","message":"17","msg_id":null}}
[MATCH] BroadcastBody
[BROADCAST RESPONSE] {"src":"n2","dest":"n1","body":{"type":"broadcast_ok","in_reply_to":0,"msg_id":126}}
[INSIDE BROADCAST LOOP]
[BROADCAST REQUEST] {"id":0,"src":"n2","dest":"n5","body":{"type":"broadcast","message":"17","msg_id":null}}
[BROADCAST REQUEST] {"id":0,"src":"n2","dest":"n3","body":{"type":"broadcast","message":"17","msg_id":null}}
[BROADCAST REQUEST] {"id":0,"src":"n2","dest":"n1","body":{"type":"broadcast","message":"17","msg_id":null}}
[RECEIVED] {"id":505,"src":"n5","dest":"n2","body":{"type":"broadcast_ok","in_reply_to":0,"msg_id":93}}
[MATCH] UnknownBody
[RECEIVED] {"id":506,"src":"n3","dest":"n2","body":{"type":"broadcast_ok","in_reply_to":0,"msg_id":45}}
[RECEIVED] {"id":507,"src":"n5","dest":"n2","body":{"type":"broadcast","message":"17","msg_id":null}}
[RECEIVED] {"id":508,"src":"n5","dest":"n2","body":{"type":"broadcast","message":"17","msg_id":null}}
[RECEIVED] {"id":509,"src":"n1","dest":"n2","body":{"type":"broadcast_ok","in_reply_to":0,"msg_id":99}}
[MATCH] UnknownBody
[MATCH] BroadcastBody
[MATCH] BroadcastBody
[MATCH] UnknownBody
[BROADCAST RESPONSE] {"src":"n2","dest":"n5","body":{"type":"broadcast_ok","in_reply_to":0,"msg_id":129}}
[BROADCAST RESPONSE] {"src":"n2","dest":"n5","body":{"type":"broadcast_ok","in_reply_to":0,"msg_id":130}}
[RECEIVED] {"id":511,"src":"n3","dest":"n2","body":{"type":"broadcast","message":"17","msg_id":null}}
[MATCH] BroadcastBody
[BROADCAST RESPONSE] {"src":"n2","dest":"n3","body":{"type":"broadcast_ok","in_reply_to":0,"msg_id":132}}
[RECEIVED] {"id":518,"src":"c11","dest":"n2","body":{"type":"read","msg_id":6}}
[MATCH] ReadBody
[READ RESPONSE] {"src":"n2","dest":"c11","body":{"type":"read_ok","messages":["17","17","17","17","16","16","16","16","15","15","15","15","14","14","14","14","13","13","13","13","12","12","12","11","11","11","11","10","10","10","10","9","9","9","9","8","8","8","8","7","7","7","6","6","6","6","5","5","5","5","4","4","4","4","3","3","3","2","2","2","2","1","1","1","1","0","0","0","0"],"in_reply_to":6,"msg_id":133}}
[RECEIVED] {"id":522,"src":"n3","dest":"n2","body":{"type":"broadcast","message":"18","msg_id":null}}
[MATCH] BroadcastBody
[BROADCAST RESPONSE] {"src":"n2","dest":"n3","body":{"type":"broadcast_ok","in_reply_to":0,"msg_id":134}}
[INSIDE BROADCAST LOOP]
[BROADCAST REQUEST] {"id":0,"src":"n2","dest":"n5","body":{"type":"broadcast","message":"18","msg_id":null}}
[BROADCAST REQUEST] {"id":0,"src":"n2","dest":"n3","body":{"type":"broadcast","message":"18","msg_id":null}}
[BROADCAST REQUEST] {"id":0,"src":"n2","dest":"n1","body":{"type":"broadcast","message":"18","msg_id":null}}
[RECEIVED] {"id":527,"src":"n5","dest":"n2","body":{"type":"broadcast_ok","in_reply_to":0,"msg_id":98}}
[RECEIVED] {"id":528,"src":"n3","dest":"n2","body":{"type":"broadcast_ok","in_reply_to":0,"msg_id":49}}
[MATCH] UnknownBody
[MATCH] UnknownBody
[RECEIVED] {"id":529,"src":"n5","dest":"n2","body":{"type":"broadcast","message":"18","msg_id":null}}
[RECEIVED] {"id":530,"src":"n1","dest":"n2","body":{"type":"broadcast_ok","in_reply_to":0,"msg_id":100}}
[MATCH] BroadcastBody
[MATCH] UnknownBody
[BROADCAST RESPONSE] {"src":"n2","dest":"n5","body":{"type":"broadcast_ok","in_reply_to":0,"msg_id":137}}
[RECEIVED] {"id":533,"src":"n1","dest":"n2","body":{"type":"broadcast","message":"18","msg_id":null}}
[MATCH] BroadcastBody
[BROADCAST RESPONSE] {"src":"n2","dest":"n1","body":{"type":"broadcast_ok","in_reply_to":0,"msg_id":139}}
[RECEIVED] {"id":553,"src":"n1","dest":"n2","body":{"type":"broadcast","message":"19","msg_id":null}}
[RECEIVED] {"id":554,"src":"n5","dest":"n2","body":{"type":"broadcast","message":"19","msg_id":null}}
[MATCH] BroadcastBody
[MATCH] BroadcastBody
[BROADCAST RESPONSE] {"src":"n2","dest":"n1","body":{"type":"broadcast_ok","in_reply_to":0,"msg_id":140}}
[BROADCAST RESPONSE] {"src":"n2","dest":"n5","body":{"type":"broadcast_ok","in_reply_to":0,"msg_id":141}}
[INSIDE BROADCAST LOOP]
[INSIDE BROADCAST LOOP]
[BROADCAST REQUEST] {"id":0,"src":"n2","dest":"n5","body":{"type":"broadcast","message":"19","msg_id":null}}
[BROADCAST REQUEST] {"id":0,"src":"n2","dest":"n5","body":{"type":"broadcast","message":"19","msg_id":null}}
[BROADCAST REQUEST] {"id":0,"src":"n2","dest":"n3","body":{"type":"broadcast","message":"19","msg_id":null}}
[BROADCAST REQUEST] {"id":0,"src":"n2","dest":"n3","body":{"type":"broadcast","message":"19","msg_id":null}}
[BROADCAST REQUEST] {"id":0,"src":"n2","dest":"n1","body":{"type":"broadcast","message":"19","msg_id":null}}
[BROADCAST REQUEST] {"id":0,"src":"n2","dest":"n1","body":{"type":"broadcast","message":"19","msg_id":null}}
[RECEIVED] {"id":566,"src":"n5","dest":"n2","body":{"type":"broadcast_ok","in_reply_to":0,"msg_id":105}}
[RECEIVED] {"id":567,"src":"n5","dest":"n2","body":{"type":"broadcast_ok","in_reply_to":0,"msg_id":106}}
[MATCH] UnknownBody
[MATCH] UnknownBody
[RECEIVED] {"id":568,"src":"n3","dest":"n2","body":{"type":"broadcast_ok","in_reply_to":0,"msg_id":50}}
[RECEIVED] {"id":569,"src":"n3","dest":"n2","body":{"type":"broadcast_ok","in_reply_to":0,"msg_id":51}}
[RECEIVED] {"id":570,"src":"n1","dest":"n2","body":{"type":"broadcast_ok","in_reply_to":0,"msg_id":108}}
[MATCH] UnknownBody
[MATCH] UnknownBody
[MATCH] UnknownBody
[RECEIVED] {"id":571,"src":"n1","dest":"n2","body":{"type":"broadcast_ok","in_reply_to":0,"msg_id":109}}
[MATCH] UnknownBody
[RECEIVED] {"id":572,"src":"n3","dest":"n2","body":{"type":"broadcast","message":"19","msg_id":null}}
[RECEIVED] {"id":573,"src":"n3","dest":"n2","body":{"type":"broadcast","message":"19","msg_id":null}}
[MATCH] BroadcastBody
[MATCH] BroadcastBody
[BROADCAST RESPONSE] {"src":"n2","dest":"n3","body":{"type":"broadcast_ok","in_reply_to":0,"msg_id":148}}
[BROADCAST RESPONSE] {"src":"n2","dest":"n3","body":{"type":"broadcast_ok","in_reply_to":0,"msg_id":149}}
[RECEIVED] {"id":581,"src":"n1","dest":"n2","body":{"type":"broadcast","message":"20","msg_id":null}}
[MATCH] BroadcastBody
[BROADCAST RESPONSE] {"src":"n2","dest":"n1","body":{"type":"broadcast_ok","in_reply_to":0,"msg_id":150}}
[INSIDE BROADCAST LOOP]
[BROADCAST REQUEST] {"id":0,"src":"n2","dest":"n5","body":{"type":"broadcast","message":"20","msg_id":null}}
[BROADCAST REQUEST] {"id":0,"src":"n2","dest":"n3","body":{"type":"broadcast","message":"20","msg_id":null}}
[BROADCAST REQUEST] {"id":0,"src":"n2","dest":"n1","body":{"type":"broadcast","message":"20","msg_id":null}}
[RECEIVED] {"id":589,"src":"n5","dest":"n2","body":{"type":"broadcast_ok","in_reply_to":0,"msg_id":109}}
[RECEIVED] {"id":590,"src":"n3","dest":"n2","body":{"type":"broadcast_ok","in_reply_to":0,"msg_id":54}}
[MATCH] UnknownBody
[MATCH] UnknownBody
[RECEIVED] {"id":592,"src":"n3","dest":"n2","body":{"type":"broadcast","message":"20","msg_id":null}}
[RECEIVED] {"id":593,"src":"n5","dest":"n2","body":{"type":"broadcast","message":"20","msg_id":null}}
[MATCH] BroadcastBody
[MATCH] BroadcastBody
[RECEIVED] {"id":594,"src":"n5","dest":"n2","body":{"type":"broadcast","message":"20","msg_id":null}}
[BROADCAST RESPONSE] {"src":"n2","dest":"n3","body":{"type":"broadcast_ok","in_reply_to":0,"msg_id":153}}
[BROADCAST RESPONSE] {"src":"n2","dest":"n5","body":{"type":"broadcast_ok","in_reply_to":0,"msg_id":154}}
[MATCH] BroadcastBody
[BROADCAST RESPONSE] {"src":"n2","dest":"n5","body":{"type":"broadcast_ok","in_reply_to":0,"msg_id":155}}
[RECEIVED] {"id":602,"src":"n1","dest":"n2","body":{"type":"broadcast_ok","in_reply_to":0,"msg_id":114}}
[MATCH] UnknownBody
[RECEIVED] {"id":607,"src":"n1","dest":"n2","body":{"type":"broadcast","message":"21","msg_id":null}}
[MATCH] BroadcastBody
[BROADCAST RESPONSE] {"src":"n2","dest":"n1","body":{"type":"broadcast_ok","in_reply_to":0,"msg_id":157}}
[INSIDE BROADCAST LOOP]
[BROADCAST REQUEST] {"id":0,"src":"n2","dest":"n5","body":{"type":"broadcast","message":"21","msg_id":null}}
[BROADCAST REQUEST] {"id":0,"src":"n2","dest":"n3","body":{"type":"broadcast","message":"21","msg_id":null}}
[BROADCAST REQUEST] {"id":0,"src":"n2","dest":"n1","body":{"type":"broadcast","message":"21","msg_id":null}}
[RECEIVED] {"id":616,"src":"n5","dest":"n2","body":{"type":"broadcast_ok","in_reply_to":0,"msg_id":115}}
[MATCH] UnknownBody
[RECEIVED] {"id":618,"src":"n3","dest":"n2","body":{"type":"broadcast_ok","in_reply_to":0,"msg_id":56}}
[RECEIVED] {"id":619,"src":"n1","dest":"n2","body":{"type":"broadcast_ok","in_reply_to":0,"msg_id":119}}
[MATCH] UnknownBody
[MATCH] UnknownBody
[RECEIVED] {"id":620,"src":"n5","dest":"n2","body":{"type":"broadcast","message":"21","msg_id":null}}
[RECEIVED] {"id":621,"src":"n3","dest":"n2","body":{"type":"broadcast","message":"21","msg_id":null}}
[RECEIVED] {"id":622,"src":"n5","dest":"n2","body":{"type":"broadcast","message":"21","msg_id":null}}
[MATCH] BroadcastBody
[MATCH] BroadcastBody
[MATCH] BroadcastBody
[BROADCAST RESPONSE] {"src":"n2","dest":"n5","body":{"type":"broadcast_ok","in_reply_to":0,"msg_id":161}}
[BROADCAST RESPONSE] {"src":"n2","dest":"n3","body":{"type":"broadcast_ok","in_reply_to":0,"msg_id":162}}
[BROADCAST RESPONSE] {"src":"n2","dest":"n5","body":{"type":"broadcast_ok","in_reply_to":0,"msg_id":163}}
[RECEIVED] {"id":630,"src":"c11","dest":"n2","body":{"type":"broadcast","message":22,"msg_id":7}}
[MATCH] BroadcastBody
[BROADCAST RESPONSE] {"src":"n2","dest":"c11","body":{"type":"broadcast_ok","in_reply_to":7,"msg_id":164}}
[INSIDE BROADCAST LOOP]
[BROADCAST REQUEST] {"id":0,"src":"n2","dest":"n5","body":{"type":"broadcast","message":"22","msg_id":null}}
[BROADCAST REQUEST] {"id":0,"src":"n2","dest":"n3","body":{"type":"broadcast","message":"22","msg_id":null}}
[BROADCAST REQUEST] {"id":0,"src":"n2","dest":"n1","body":{"type":"broadcast","message":"22","msg_id":null}}
[RECEIVED] {"id":635,"src":"n5","dest":"n2","body":{"type":"broadcast_ok","in_reply_to":0,"msg_id":121}}
[MATCH] UnknownBody
[RECEIVED] {"id":636,"src":"n5","dest":"n2","body":{"type":"broadcast","message":"22","msg_id":null}}
[RECEIVED] {"id":637,"src":"n3","dest":"n2","body":{"type":"broadcast_ok","in_reply_to":0,"msg_id":58}}
[MATCH] BroadcastBody
[MATCH] UnknownBody
[BROADCAST RESPONSE] {"src":"n2","dest":"n5","body":{"type":"broadcast_ok","in_reply_to":0,"msg_id":166}}
[RECEIVED] {"id":639,"src":"n3","dest":"n2","body":{"type":"broadcast","message":"22","msg_id":null}}
[MATCH] BroadcastBody
[BROADCAST RESPONSE] {"src":"n2","dest":"n3","body":{"type":"broadcast_ok","in_reply_to":0,"msg_id":168}}
[RECEIVED] {"id":641,"src":"n1","dest":"n2","body":{"type":"broadcast_ok","in_reply_to":0,"msg_id":120}}
[MATCH] UnknownBody
[RECEIVED] {"id":644,"src":"n1","dest":"n2","body":{"type":"broadcast","message":"22","msg_id":null}}
[MATCH] BroadcastBody
[BROADCAST RESPONSE] {"src":"n2","dest":"n1","body":{"type":"broadcast_ok","in_reply_to":0,"msg_id":170}}
[RECEIVED] {"id":665,"src":"n1","dest":"n2","body":{"type":"broadcast","message":"23","msg_id":null}}
[MATCH] BroadcastBody
[BROADCAST RESPONSE] {"src":"n2","dest":"n1","body":{"type":"broadcast_ok","in_reply_to":0,"msg_id":171}}
[INSIDE BROADCAST LOOP]
[BROADCAST REQUEST] {"id":0,"src":"n2","dest":"n5","body":{"type":"broadcast","message":"23","msg_id":null}}
[BROADCAST REQUEST] {"id":0,"src":"n2","dest":"n3","body":{"type":"broadcast","message":"23","msg_id":null}}
[BROADCAST REQUEST] {"id":0,"src":"n2","dest":"n1","body":{"type":"broadcast","message":"23","msg_id":null}}
[RECEIVED] {"id":674,"src":"n5","dest":"n2","body":{"type":"broadcast_ok","in_reply_to":0,"msg_id":127}}
[MATCH] UnknownBody
[RECEIVED] {"id":676,"src":"n3","dest":"n2","body":{"type":"broadcast_ok","in_reply_to":0,"msg_id":61}}
[MATCH] UnknownBody
[RECEIVED] {"id":677,"src":"n5","dest":"n2","body":{"type":"broadcast","message":"23","msg_id":null}}
[RECEIVED] {"id":678,"src":"n5","dest":"n2","body":{"type":"broadcast","message":"23","msg_id":null}}
[RECEIVED] {"id":679,"src":"n1","dest":"n2","body":{"type":"broadcast_ok","in_reply_to":0,"msg_id":129}}
[MATCH] BroadcastBody
[MATCH] BroadcastBody
[MATCH] UnknownBody
[RECEIVED] {"id":680,"src":"n3","dest":"n2","body":{"type":"broadcast","message":"23","msg_id":null}}
[BROADCAST RESPONSE] {"src":"n2","dest":"n5","body":{"type":"broadcast_ok","in_reply_to":0,"msg_id":174}}
[BROADCAST RESPONSE] {"src":"n2","dest":"n5","body":{"type":"broadcast_ok","in_reply_to":0,"msg_id":175}}
[MATCH] BroadcastBody
[BROADCAST RESPONSE] {"src":"n2","dest":"n3","body":{"type":"broadcast_ok","in_reply_to":0,"msg_id":177}}
[RECEIVED] {"id":690,"src":"c11","dest":"n2","body":{"type":"broadcast","message":24,"msg_id":8}}
[MATCH] BroadcastBody
[BROADCAST RESPONSE] {"src":"n2","dest":"c11","body":{"type":"broadcast_ok","in_reply_to":8,"msg_id":178}}
[INSIDE BROADCAST LOOP]
[BROADCAST REQUEST] {"id":0,"src":"n2","dest":"n5","body":{"type":"broadcast","message":"24","msg_id":null}}
[BROADCAST REQUEST] {"id":0,"src":"n2","dest":"n3","body":{"type":"broadcast","message":"24","msg_id":null}}
[BROADCAST REQUEST] {"id":0,"src":"n2","dest":"n1","body":{"type":"broadcast","message":"24","msg_id":null}}
[RECEIVED] {"id":695,"src":"n5","dest":"n2","body":{"type":"broadcast_ok","in_reply_to":0,"msg_id":133}}
[MATCH] UnknownBody
[RECEIVED] {"id":696,"src":"n1","dest":"n2","body":{"type":"broadcast_ok","in_reply_to":0,"msg_id":131}}
[RECEIVED] {"id":697,"src":"n3","dest":"n2","body":{"type":"broadcast_ok","in_reply_to":0,"msg_id":63}}
[RECEIVED] {"id":698,"src":"n5","dest":"n2","body":{"type":"broadcast","message":"24","msg_id":null}}
[MATCH] UnknownBody
[MATCH] UnknownBody
[MATCH] BroadcastBody
[RECEIVED] {"id":700,"src":"n3","dest":"n2","body":{"type":"broadcast","message":"24","msg_id":null}}
[BROADCAST RESPONSE] {"src":"n2","dest":"n5","body":{"type":"broadcast_ok","in_reply_to":0,"msg_id":182}}
[MATCH] BroadcastBody
[BROADCAST RESPONSE] {"src":"n2","dest":"n3","body":{"type":"broadcast_ok","in_reply_to":0,"msg_id":183}}
[RECEIVED] {"id":702,"src":"n1","dest":"n2","body":{"type":"broadcast","message":"24","msg_id":null}}
[MATCH] BroadcastBody
[BROADCAST RESPONSE] {"src":"n2","dest":"n1","body":{"type":"broadcast_ok","in_reply_to":0,"msg_id":184}}
[RECEIVED] {"id":718,"src":"n3","dest":"n2","body":{"type":"broadcast","message":"25","msg_id":null}}
[MATCH] BroadcastBody
[BROADCAST RESPONSE] {"src":"n2","dest":"n3","body":{"type":"broadcast_ok","in_reply_to":0,"msg_id":185}}
[INSIDE BROADCAST LOOP]
[BROADCAST REQUEST] {"id":0,"src":"n2","dest":"n5","body":{"type":"broadcast","message":"25","msg_id":null}}
[BROADCAST REQUEST] {"id":0,"src":"n2","dest":"n3","body":{"type":"broadcast","message":"25","msg_id":null}}
[BROADCAST REQUEST] {"id":0,"src":"n2","dest":"n1","body":{"type":"broadcast","message":"25","msg_id":null}}
[RECEIVED] {"id":723,"src":"n5","dest":"n2","body":{"type":"broadcast_ok","in_reply_to":0,"msg_id":138}}
[RECEIVED] {"id":724,"src":"n3","dest":"n2","body":{"type":"broadcast_ok","in_reply_to":0,"msg_id":67}}
[MATCH] UnknownBody
[RECEIVED] {"id":725,"src":"n5","dest":"n2","body":{"type":"broadcast","message":"25","msg_id":null}}
[MATCH] UnknownBody
[MATCH] BroadcastBody
[RECEIVED] {"id":726,"src":"n1","dest":"n2","body":{"type":"broadcast_ok","in_reply_to":0,"msg_id":136}}
[BROADCAST RESPONSE] {"src":"n2","dest":"n5","body":{"type":"broadcast_ok","in_reply_to":0,"msg_id":188}}
[RECEIVED] {"id":729,"src":"n1","dest":"n2","body":{"type":"broadcast","message":"25","msg_id":null}}
[MATCH] UnknownBody
[MATCH] BroadcastBody
[BROADCAST RESPONSE] {"src":"n2","dest":"n1","body":{"type":"broadcast_ok","in_reply_to":0,"msg_id":190}}
[RECEIVED] {"id":748,"src":"n5","dest":"n2","body":{"type":"broadcast","message":"26","msg_id":null}}
[MATCH] BroadcastBody
[RECEIVED] {"id":751,"src":"n1","dest":"n2","body":{"type":"broadcast","message":"26","msg_id":null}}
[BROADCAST RESPONSE] {"src":"n2","dest":"n5","body":{"type":"broadcast_ok","in_reply_to":0,"msg_id":191}}
[MATCH] BroadcastBody
[BROADCAST RESPONSE] {"src":"n2","dest":"n1","body":{"type":"broadcast_ok","in_reply_to":0,"msg_id":192}}
[INSIDE BROADCAST LOOP]
[BROADCAST REQUEST] {"id":0,"src":"n2","dest":"n5","body":{"type":"broadcast","message":"26","msg_id":null}}
[INSIDE BROADCAST LOOP]
[BROADCAST REQUEST] {"id":0,"src":"n2","dest":"n5","body":{"type":"broadcast","message":"26","msg_id":null}}
[BROADCAST REQUEST] {"id":0,"src":"n2","dest":"n3","body":{"type":"broadcast","message":"26","msg_id":null}}
[BROADCAST REQUEST] {"id":0,"src":"n2","dest":"n3","body":{"type":"broadcast","message":"26","msg_id":null}}
[BROADCAST REQUEST] {"id":0,"src":"n2","dest":"n1","body":{"type":"broadcast","message":"26","msg_id":null}}
[BROADCAST REQUEST] {"id":0,"src":"n2","dest":"n1","body":{"type":"broadcast","message":"26","msg_id":null}}
[RECEIVED] {"id":762,"src":"n5","dest":"n2","body":{"type":"broadcast_ok","in_reply_to":0,"msg_id":146}}
[MATCH] UnknownBody
[RECEIVED] {"id":763,"src":"n3","dest":"n2","body":{"type":"broadcast_ok","in_reply_to":0,"msg_id":68}}
[RECEIVED] {"id":764,"src":"n5","dest":"n2","body":{"type":"broadcast_ok","in_reply_to":0,"msg_id":147}}
[RECEIVED] {"id":765,"src":"n3","dest":"n2","body":{"type":"broadcast_ok","in_reply_to":0,"msg_id":69}}
[MATCH] UnknownBody
[MATCH] UnknownBody
[MATCH] UnknownBody
[RECEIVED] {"id":766,"src":"n1","dest":"n2","body":{"type":"broadcast_ok","in_reply_to":0,"msg_id":144}}
[MATCH] UnknownBody
[RECEIVED] {"id":767,"src":"n1","dest":"n2","body":{"type":"broadcast_ok","in_reply_to":0,"msg_id":145}}
[MATCH] UnknownBody
[RECEIVED] {"id":768,"src":"n3","dest":"n2","body":{"type":"broadcast","message":"26","msg_id":null}}
[RECEIVED] {"id":769,"src":"n3","dest":"n2","body":{"type":"broadcast","message":"26","msg_id":null}}
[MATCH] BroadcastBody
[MATCH] BroadcastBody
[BROADCAST RESPONSE] {"src":"n2","dest":"n3","body":{"type":"broadcast_ok","in_reply_to":0,"msg_id":199}}
[BROADCAST RESPONSE] {"src":"n2","dest":"n3","body":{"type":"broadcast_ok","in_reply_to":0,"msg_id":200}}
[RECEIVED] {"id":775,"src":"c11","dest":"n2","body":{"type":"read","msg_id":9}}
[MATCH] ReadBody
[READ RESPONSE] {"src":"n2","dest":"c11","body":{"type":"read_ok","messages":["26","26","26","26","25","25","25","24","24","24","24","23","23","23","23","22","22","22","22","21","21","21","21","20","20","20","20","19","19","19","19","18","18","18","17","17","17","17","16","16","16","16","15","15","15","15","14","14","14","14","13","13","13","13","12","12","12","11","11","11","11","10","10","10","10","9","9","9","9","8","8","8","8","7","7","7","6","6","6","6","5","5","5","5","4","4","4","4","3","3","3","2","2","2","2","1","1","1","1","0","0","0","0"],"in_reply_to":9,"msg_id":201}}
