[RECEIVED] {"id":0,"src":"c0","dest":"n4","body":{"type":"init","node_id":"n4","node_ids":["n1","n2","n3","n4","n5"],"msg_id":1}}
[MATCH] InitBody
Initialized node n4
Init send {"src":"n4","dest":"c0","body":{"type":"init_ok","in_reply_to":1,"msg_id":0}}
[RECEIVED] {"id":12,"src":"c8","dest":"n4","body":{"type":"topology","topology":{"n1":["n4","n2"],"n2":["n5","n3","n1"],"n3":["n2"],"n4":["n1","n5"],"n5":["n2","n4"]},"msg_id":1}}
[MATCH] TopologyBody
[TOPOLOGY RESPONSE] {"src":"n4","dest":"c8","body":{"type":"topology_ok","in_reply_to":1,"msg_id":1}}
[RECEIVED] {"id":29,"src":"n5","dest":"n4","body":{"type":"broadcast","message":"0","msg_id":null}}
[MATCH] BroadcastBody
[BROADCAST RESPONSE] {"src":"n4","dest":"n5","body":{"type":"broadcast_ok","in_reply_to":0,"msg_id":2}}
[INSIDE BROADCAST LOOP]
[RECEIVED] {"id":32,"src":"n1","dest":"n4","body":{"type":"broadcast","message":"0","msg_id":null}}
[BROADCAST REQUEST] {"id":0,"src":"n4","dest":"n1","body":{"type":"broadcast","message":"0","msg_id":null}}
[MATCH] BroadcastBody
[BROADCAST RESPONSE] {"src":"n4","dest":"n1","body":{"type":"broadcast_ok","in_reply_to":0,"msg_id":3}}
[BROADCAST REQUEST] {"id":0,"src":"n4","dest":"n5","body":{"type":"broadcast","message":"0","msg_id":null}}
[INSIDE BROADCAST LOOP]
[BROADCAST REQUEST] {"id":0,"src":"n4","dest":"n1","body":{"type":"broadcast","message":"0","msg_id":null}}
[BROADCAST REQUEST] {"id":0,"src":"n4","dest":"n5","body":{"type":"broadcast","message":"0","msg_id":null}}
[RECEIVED] {"id":44,"src":"n1","dest":"n4","body":{"type":"broadcast_ok","in_reply_to":0,"msg_id":4}}
[MATCH] UnknownBody
[RECEIVED] {"id":45,"src":"n5","dest":"n4","body":{"type":"broadcast_ok","in_reply_to":0,"msg_id":5}}
[MATCH] UnknownBody
[RECEIVED] {"id":46,"src":"n1","dest":"n4","body":{"type":"broadcast_ok","in_reply_to":0,"msg_id":7}}
[MATCH] UnknownBody
[RECEIVED] {"id":47,"src":"n5","dest":"n4","body":{"type":"broadcast_ok","in_reply_to":0,"msg_id":6}}
[MATCH] UnknownBody
[RECEIVED] {"id":50,"src":"c13","dest":"n4","body":{"type":"read","msg_id":1}}
[MATCH] ReadBody
[READ RESPONSE] {"src":"n4","dest":"c13","body":{"type":"read_ok","messages":["0","0"],"in_reply_to":1,"msg_id":8}}
[RECEIVED] {"id":55,"src":"n5","dest":"n4","body":{"type":"broadcast","message":"1","msg_id":null}}
[MATCH] BroadcastBody
[BROADCAST RESPONSE] {"src":"n4","dest":"n5","body":{"type":"broadcast_ok","in_reply_to":0,"msg_id":9}}
[INSIDE BROADCAST LOOP]
[BROADCAST REQUEST] {"id":0,"src":"n4","dest":"n1","body":{"type":"broadcast","message":"1","msg_id":null}}
[BROADCAST REQUEST] {"id":0,"src":"n4","dest":"n5","body":{"type":"broadcast","message":"1","msg_id":null}}
[RECEIVED] {"id":64,"src":"n1","dest":"n4","body":{"type":"broadcast_ok","in_reply_to":0,"msg_id":8}}
[RECEIVED] {"id":65,"src":"n5","dest":"n4","body":{"type":"broadcast_ok","in_reply_to":0,"msg_id":11}}
[MATCH] UnknownBody
[MATCH] UnknownBody
[RECEIVED] {"id":67,"src":"n1","dest":"n4","body":{"type":"broadcast","message":"1","msg_id":null}}
[MATCH] BroadcastBody
[BROADCAST RESPONSE] {"src":"n4","dest":"n1","body":{"type":"broadcast_ok","in_reply_to":0,"msg_id":12}}
[RECEIVED] {"id":71,"src":"n1","dest":"n4","body":{"type":"broadcast","message":"1","msg_id":null}}
[MATCH] BroadcastBody
[BROADCAST RESPONSE] {"src":"n4","dest":"n1","body":{"type":"broadcast_ok","in_reply_to":0,"msg_id":13}}
[RECEIVED] {"id":82,"src":"n1","dest":"n4","body":{"type":"broadcast","message":"2","msg_id":null}}
[MATCH] BroadcastBody
[BROADCAST RESPONSE] {"src":"n4","dest":"n1","body":{"type":"broadcast_ok","in_reply_to":0,"msg_id":14}}
[INSIDE BROADCAST LOOP]
[BROADCAST REQUEST] {"id":0,"src":"n4","dest":"n1","body":{"type":"broadcast","message":"2","msg_id":null}}
[BROADCAST REQUEST] {"id":0,"src":"n4","dest":"n5","body":{"type":"broadcast","message":"2","msg_id":null}}
[RECEIVED] {"id":91,"src":"n1","dest":"n4","body":{"type":"broadcast_ok","in_reply_to":0,"msg_id":18}}
[MATCH] UnknownBody
[RECEIVED] {"id":93,"src":"n5","dest":"n4","body":{"type":"broadcast_ok","in_reply_to":0,"msg_id":13}}
[MATCH] UnknownBody
[RECEIVED] {"id":99,"src":"n5","dest":"n4","body":{"type":"broadcast","message":"2","msg_id":null}}
[MATCH] BroadcastBody
[BROADCAST RESPONSE] {"src":"n4","dest":"n5","body":{"type":"broadcast_ok","in_reply_to":0,"msg_id":17}}
[RECEIVED] {"id":100,"src":"n5","dest":"n4","body":{"type":"broadcast","message":"2","msg_id":null}}
[MATCH] BroadcastBody
[BROADCAST RESPONSE] {"src":"n4","dest":"n5","body":{"type":"broadcast_ok","in_reply_to":0,"msg_id":18}}
[RECEIVED] {"id":119,"src":"n5","dest":"n4","body":{"type":"broadcast","message":"3","msg_id":null}}
[MATCH] BroadcastBody
[BROADCAST RESPONSE] {"src":"n4","dest":"n5","body":{"type":"broadcast_ok","in_reply_to":0,"msg_id":19}}
[INSIDE BROADCAST LOOP]
[RECEIVED] {"id":120,"src":"n1","dest":"n4","body":{"type":"broadcast","message":"3","msg_id":null}}
[BROADCAST REQUEST] {"id":0,"src":"n4","dest":"n1","body":{"type":"broadcast","message":"3","msg_id":null}}
[MATCH] BroadcastBody
[BROADCAST REQUEST] {"id":0,"src":"n4","dest":"n5","body":{"type":"broadcast","message":"3","msg_id":null}}
[BROADCAST RESPONSE] {"src":"n4","dest":"n1","body":{"type":"broadcast_ok","in_reply_to":0,"msg_id":20}}
[RECEIVED] {"id":128,"src":"n1","dest":"n4","body":{"type":"broadcast_ok","in_reply_to":0,"msg_id":21}}
[MATCH] UnknownBody
[RECEIVED] {"id":129,"src":"n5","dest":"n4","body":{"type":"broadcast_ok","in_reply_to":0,"msg_id":21}}
[MATCH] UnknownBody
[RECEIVED] {"id":130,"src":"c13","dest":"n4","body":{"type":"read","msg_id":2}}
[MATCH] ReadBody
[READ RESPONSE] {"src":"n4","dest":"c13","body":{"type":"read_ok","messages":["3","3","2","2","2","1","1","1","0","0"],"in_reply_to":2,"msg_id":23}}
[RECEIVED] {"id":135,"src":"n5","dest":"n4","body":{"type":"broadcast","message":"4","msg_id":null}}
[MATCH] BroadcastBody
[BROADCAST RESPONSE] {"src":"n4","dest":"n5","body":{"type":"broadcast_ok","in_reply_to":0,"msg_id":24}}
[INSIDE BROADCAST LOOP]
[BROADCAST REQUEST] {"id":0,"src":"n4","dest":"n1","body":{"type":"broadcast","message":"4","msg_id":null}}
[BROADCAST REQUEST] {"id":0,"src":"n4","dest":"n5","body":{"type":"broadcast","message":"4","msg_id":null}}
[RECEIVED] {"id":146,"src":"n5","dest":"n4","body":{"type":"broadcast_ok","in_reply_to":0,"msg_id":26}}
[MATCH] UnknownBody
[RECEIVED] {"id":145,"src":"n1","dest":"n4","body":{"type":"broadcast_ok","in_reply_to":0,"msg_id":24}}
[MATCH] UnknownBody
[RECEIVED] {"id":149,"src":"n1","dest":"n4","body":{"type":"broadcast","message":"4","msg_id":null}}
[RECEIVED] {"id":150,"src":"n1","dest":"n4","body":{"type":"broadcast","message":"4","msg_id":null}}
[MATCH] BroadcastBody
[MATCH] BroadcastBody
[BROADCAST RESPONSE] {"src":"n4","dest":"n1","body":{"type":"broadcast_ok","in_reply_to":0,"msg_id":27}}
[BROADCAST RESPONSE] {"src":"n4","dest":"n1","body":{"type":"broadcast_ok","in_reply_to":0,"msg_id":28}}
[RECEIVED] {"id":160,"src":"n1","dest":"n4","body":{"type":"broadcast","message":"5","msg_id":null}}
[MATCH] BroadcastBody
[BROADCAST RESPONSE] {"src":"n4","dest":"n1","body":{"type":"broadcast_ok","in_reply_to":0,"msg_id":29}}
[INSIDE BROADCAST LOOP]
[BROADCAST REQUEST] {"id":0,"src":"n4","dest":"n1","body":{"type":"broadcast","message":"5","msg_id":null}}
[BROADCAST REQUEST] {"id":0,"src":"n4","dest":"n5","body":{"type":"broadcast","message":"5","msg_id":null}}
[RECEIVED] {"id":169,"src":"n1","dest":"n4","body":{"type":"broadcast_ok","in_reply_to":0,"msg_id":33}}
[MATCH] UnknownBody
[RECEIVED] {"id":171,"src":"n5","dest":"n4","body":{"type":"broadcast_ok","in_reply_to":0,"msg_id":28}}
[MATCH] UnknownBody
[RECEIVED] {"id":177,"src":"n5","dest":"n4","body":{"type":"broadcast","message":"5","msg_id":null}}
[RECEIVED] {"id":178,"src":"n5","dest":"n4","body":{"type":"broadcast","message":"5","msg_id":null}}
[MATCH] BroadcastBody
[MATCH] BroadcastBody
[BROADCAST RESPONSE] {"src":"n4","dest":"n5","body":{"type":"broadcast_ok","in_reply_to":0,"msg_id":32}}
[BROADCAST RESPONSE] {"src":"n4","dest":"n5","body":{"type":"broadcast_ok","in_reply_to":0,"msg_id":33}}
[RECEIVED] {"id":196,"src":"n1","dest":"n4","body":{"type":"broadcast","message":"6","msg_id":null}}
[MATCH] BroadcastBody
[RECEIVED] {"id":197,"src":"n5","dest":"n4","body":{"type":"broadcast","message":"6","msg_id":null}}
[BROADCAST RESPONSE] {"src":"n4","dest":"n1","body":{"type":"broadcast_ok","in_reply_to":0,"msg_id":34}}
[MATCH] BroadcastBody
[BROADCAST RESPONSE] {"src":"n4","dest":"n5","body":{"type":"broadcast_ok","in_reply_to":0,"msg_id":35}}
[INSIDE BROADCAST LOOP]
[BROADCAST REQUEST] {"id":0,"src":"n4","dest":"n1","body":{"type":"broadcast","message":"6","msg_id":null}}
[INSIDE BROADCAST LOOP]
[BROADCAST REQUEST] {"id":0,"src":"n4","dest":"n1","body":{"type":"broadcast","message":"6","msg_id":null}}
[BROADCAST REQUEST] {"id":0,"src":"n4","dest":"n5","body":{"type":"broadcast","message":"6","msg_id":null}}
[BROADCAST REQUEST] {"id":0,"src":"n4","dest":"n5","body":{"type":"broadcast","message":"6","msg_id":null}}
[RECEIVED] {"id":208,"src":"n1","dest":"n4","body":{"type":"broadcast_ok","in_reply_to":0,"msg_id":38}}
[RECEIVED] {"id":209,"src":"n5","dest":"n4","body":{"type":"broadcast_ok","in_reply_to":0,"msg_id":36}}
[MATCH] UnknownBody
[MATCH] UnknownBody
[RECEIVED] {"id":210,"src":"n1","dest":"n4","body":{"type":"broadcast_ok","in_reply_to":0,"msg_id":40}}
[RECEIVED] {"id":211,"src":"n5","dest":"n4","body":{"type":"broadcast_ok","in_reply_to":0,"msg_id":37}}
[MATCH] UnknownBody
[MATCH] UnknownBody
[RECEIVED] {"id":223,"src":"n5","dest":"n4","body":{"type":"broadcast","message":"7","msg_id":null}}
[MATCH] BroadcastBody
[BROADCAST RESPONSE] {"src":"n4","dest":"n5","body":{"type":"broadcast_ok","in_reply_to":0,"msg_id":40}}
[RECEIVED] {"id":224,"src":"n1","dest":"n4","body":{"type":"broadcast","message":"7","msg_id":null}}
[MATCH] BroadcastBody
[INSIDE BROADCAST LOOP]
[BROADCAST RESPONSE] {"src":"n4","dest":"n1","body":{"type":"broadcast_ok","in_reply_to":0,"msg_id":41}}
[BROADCAST REQUEST] {"id":0,"src":"n4","dest":"n1","body":{"type":"broadcast","message":"7","msg_id":null}}
[INSIDE BROADCAST LOOP]
[BROADCAST REQUEST] {"id":0,"src":"n4","dest":"n5","body":{"type":"broadcast","message":"7","msg_id":null}}
[BROADCAST REQUEST] {"id":0,"src":"n4","dest":"n1","body":{"type":"broadcast","message":"7","msg_id":null}}
[BROADCAST REQUEST] {"id":0,"src":"n4","dest":"n5","body":{"type":"broadcast","message":"7","msg_id":null}}
[RECEIVED] {"id":234,"src":"n5","dest":"n4","body":{"type":"broadcast_ok","in_reply_to":0,"msg_id":41}}
[RECEIVED] {"id":235,"src":"n1","dest":"n4","body":{"type":"broadcast_ok","in_reply_to":0,"msg_id":43}}
[MATCH] UnknownBody
[MATCH] UnknownBody
[RECEIVED] {"id":236,"src":"n1","dest":"n4","body":{"type":"broadcast_ok","in_reply_to":0,"msg_id":45}}
[MATCH] UnknownBody
[RECEIVED] {"id":237,"src":"n5","dest":"n4","body":{"type":"broadcast_ok","in_reply_to":0,"msg_id":42}}
[MATCH] UnknownBody
[RECEIVED] {"id":238,"src":"c13","dest":"n4","body":{"type":"read","msg_id":3}}
[MATCH] ReadBody
[READ RESPONSE] {"src":"n4","dest":"c13","body":{"type":"read_ok","messages":["7","7","6","6","5","5","5","4","4","4","3","3","2","2","2","1","1","1","0","0"],"in_reply_to":3,"msg_id":46}}
[RECEIVED] {"id":243,"src":"n5","dest":"n4","body":{"type":"broadcast","message":"8","msg_id":null}}
[MATCH] BroadcastBody
[BROADCAST RESPONSE] {"src":"n4","dest":"n5","body":{"type":"broadcast_ok","in_reply_to":0,"msg_id":47}}
[INSIDE BROADCAST LOOP]
[BROADCAST REQUEST] {"id":0,"src":"n4","dest":"n1","body":{"type":"broadcast","message":"8","msg_id":null}}
[BROADCAST REQUEST] {"id":0,"src":"n4","dest":"n5","body":{"type":"broadcast","message":"8","msg_id":null}}
[RECEIVED] {"id":252,"src":"n1","dest":"n4","body":{"type":"broadcast_ok","in_reply_to":0,"msg_id":46}}
[MATCH] UnknownBody
[RECEIVED] {"id":255,"src":"n5","dest":"n4","body":{"type":"broadcast_ok","in_reply_to":0,"msg_id":47}}
[RECEIVED] {"id":256,"src":"n1","dest":"n4","body":{"type":"broadcast","message":"8","msg_id":null}}
[MATCH] UnknownBody
[MATCH] BroadcastBody
[BROADCAST RESPONSE] {"src":"n4","dest":"n1","body":{"type":"broadcast_ok","in_reply_to":0,"msg_id":50}}
[RECEIVED] {"id":258,"src":"n1","dest":"n4","body":{"type":"broadcast","message":"8","msg_id":null}}
[MATCH] BroadcastBody
[BROADCAST RESPONSE] {"src":"n4","dest":"n1","body":{"type":"broadcast_ok","in_reply_to":0,"msg_id":51}}
[RECEIVED] {"id":268,"src":"n1","dest":"n4","body":{"type":"broadcast","message":"9","msg_id":null}}
[MATCH] BroadcastBody
[BROADCAST RESPONSE] {"src":"n4","dest":"n1","body":{"type":"broadcast_ok","in_reply_to":0,"msg_id":52}}
[INSIDE BROADCAST LOOP]
[BROADCAST REQUEST] {"id":0,"src":"n4","dest":"n1","body":{"type":"broadcast","message":"9","msg_id":null}}
[BROADCAST REQUEST] {"id":0,"src":"n4","dest":"n5","body":{"type":"broadcast","message":"9","msg_id":null}}
[RECEIVED] {"id":277,"src":"n1","dest":"n4","body":{"type":"broadcast_ok","in_reply_to":0,"msg_id":55}}
[RECEIVED] {"id":279,"src":"n5","dest":"n4","body":{"type":"broadcast_ok","in_reply_to":0,"msg_id":49}}
[MATCH] UnknownBody
[MATCH] UnknownBody
[RECEIVED] {"id":283,"src":"n5","dest":"n4","body":{"type":"broadcast","message":"9","msg_id":null}}
[MATCH] BroadcastBody
[BROADCAST RESPONSE] {"src":"n4","dest":"n5","body":{"type":"broadcast_ok","in_reply_to":0,"msg_id":55}}
[RECEIVED] {"id":285,"src":"n5","dest":"n4","body":{"type":"broadcast","message":"9","msg_id":null}}
[MATCH] BroadcastBody
[BROADCAST RESPONSE] {"src":"n4","dest":"n5","body":{"type":"broadcast_ok","in_reply_to":0,"msg_id":56}}
[RECEIVED] {"id":294,"src":"n1","dest":"n4","body":{"type":"broadcast","message":"10","msg_id":null}}
[MATCH] BroadcastBody
[BROADCAST RESPONSE] {"src":"n4","dest":"n1","body":{"type":"broadcast_ok","in_reply_to":0,"msg_id":57}}
[INSIDE BROADCAST LOOP]
[BROADCAST REQUEST] {"id":0,"src":"n4","dest":"n1","body":{"type":"broadcast","message":"10","msg_id":null}}
[BROADCAST REQUEST] {"id":0,"src":"n4","dest":"n5","body":{"type":"broadcast","message":"10","msg_id":null}}
[RECEIVED] {"id":303,"src":"n1","dest":"n4","body":{"type":"broadcast_ok","in_reply_to":0,"msg_id":60}}
[MATCH] UnknownBody
[RECEIVED] {"id":306,"src":"n5","dest":"n4","body":{"type":"broadcast_ok","in_reply_to":0,"msg_id":55}}
[MATCH] UnknownBody
[RECEIVED] {"id":311,"src":"n5","dest":"n4","body":{"type":"broadcast","message":"10","msg_id":null}}
[RECEIVED] {"id":312,"src":"n5","dest":"n4","body":{"type":"broadcast","message":"10","msg_id":null}}
[MATCH] BroadcastBody
[MATCH] BroadcastBody
[BROADCAST RESPONSE] {"src":"n4","dest":"n5","body":{"type":"broadcast_ok","in_reply_to":0,"msg_id":60}}
[BROADCAST RESPONSE] {"src":"n4","dest":"n5","body":{"type":"broadcast_ok","in_reply_to":0,"msg_id":61}}
[RECEIVED] {"id":328,"src":"n5","dest":"n4","body":{"type":"broadcast","message":"11","msg_id":null}}
[MATCH] BroadcastBody
[BROADCAST RESPONSE] {"src":"n4","dest":"n5","body":{"type":"broadcast_ok","in_reply_to":0,"msg_id":62}}
[RECEIVED] {"id":329,"src":"n1","dest":"n4","body":{"type":"broadcast","message":"11","msg_id":null}}
[INSIDE BROADCAST LOOP]
[MATCH] BroadcastBody
[BROADCAST REQUEST] {"id":0,"src":"n4","dest":"n1","body":{"type":"broadcast","message":"11","msg_id":null}}
[BROADCAST RESPONSE] {"src":"n4","dest":"n1","body":{"type":"broadcast_ok","in_reply_to":0,"msg_id":63}}
[BROADCAST REQUEST] {"id":0,"src":"n4","dest":"n5","body":{"type":"broadcast","message":"11","msg_id":null}}
[INSIDE BROADCAST LOOP]
[BROADCAST REQUEST] {"id":0,"src":"n4","dest":"n1","body":{"type":"broadcast","message":"11","msg_id":null}}
[BROADCAST REQUEST] {"id":0,"src":"n4","dest":"n5","body":{"type":"broadcast","message":"11","msg_id":null}}
[RECEIVED] {"id":340,"src":"n1","dest":"n4","body":{"type":"broadcast_ok","in_reply_to":0,"msg_id":63}}
[MATCH] UnknownBody
[RECEIVED] {"id":341,"src":"n5","dest":"n4","body":{"type":"broadcast_ok","in_reply_to":0,"msg_id":63}}
[RECEIVED] {"id":342,"src":"n5","dest":"n4","body":{"type":"broadcast_ok","in_reply_to":0,"msg_id":64}}
[RECEIVED] {"id":343,"src":"n1","dest":"n4","body":{"type":"broadcast_ok","in_reply_to":0,"msg_id":66}}
[MATCH] UnknownBody
[MATCH] UnknownBody
[MATCH] UnknownBody
[RECEIVED] {"id":355,"src":"n5","dest":"n4","body":{"type":"broadcast","message":"12","msg_id":null}}
[RECEIVED] {"id":356,"src":"n1","dest":"n4","body":{"type":"broadcast","message":"12","msg_id":null}}
[MATCH] BroadcastBody
[MATCH] BroadcastBody
[BROADCAST RESPONSE] {"src":"n4","dest":"n5","body":{"type":"broadcast_ok","in_reply_to":0,"msg_id":68}}
[BROADCAST RESPONSE] {"src":"n4","dest":"n1","body":{"type":"broadcast_ok","in_reply_to":0,"msg_id":69}}
[INSIDE BROADCAST LOOP]
[INSIDE BROADCAST LOOP]
[BROADCAST REQUEST] {"id":0,"src":"n4","dest":"n1","body":{"type":"broadcast","message":"12","msg_id":null}}
[BROADCAST REQUEST] {"id":0,"src":"n4","dest":"n1","body":{"type":"broadcast","message":"12","msg_id":null}}
[BROADCAST REQUEST] {"id":0,"src":"n4","dest":"n5","body":{"type":"broadcast","message":"12","msg_id":null}}
[BROADCAST REQUEST] {"id":0,"src":"n4","dest":"n5","body":{"type":"broadcast","message":"12","msg_id":null}}
[RECEIVED] {"id":366,"src":"n1","dest":"n4","body":{"type":"broadcast_ok","in_reply_to":0,"msg_id":70}}
[RECEIVED] {"id":367,"src":"n1","dest":"n4","body":{"type":"broadcast_ok","in_reply_to":0,"msg_id":71}}
[MATCH] UnknownBody
[MATCH] UnknownBody
[RECEIVED] {"id":368,"src":"n5","dest":"n4","body":{"type":"broadcast_ok","in_reply_to":0,"msg_id":68}}
[RECEIVED] {"id":369,"src":"n5","dest":"n4","body":{"type":"broadcast_ok","in_reply_to":0,"msg_id":69}}
[MATCH] UnknownBody
[MATCH] UnknownBody
[RECEIVED] {"id":370,"src":"c13","dest":"n4","body":{"type":"broadcast","message":13,"msg_id":4}}
[MATCH] BroadcastBody
[BROADCAST RESPONSE] {"src":"n4","dest":"c13","body":{"type":"broadcast_ok","in_reply_to":4,"msg_id":74}}
[INSIDE BROADCAST LOOP]
[BROADCAST REQUEST] {"id":0,"src":"n4","dest":"n1","body":{"type":"broadcast","message":"13","msg_id":null}}
[BROADCAST REQUEST] {"id":0,"src":"n4","dest":"n5","body":{"type":"broadcast","message":"13","msg_id":null}}
[RECEIVED] {"id":374,"src":"n1","dest":"n4","body":{"type":"broadcast_ok","in_reply_to":0,"msg_id":72}}
[RECEIVED] {"id":375,"src":"n5","dest":"n4","body":{"type":"broadcast_ok","in_reply_to":0,"msg_id":70}}
[RECEIVED] {"id":376,"src":"n1","dest":"n4","body":{"type":"broadcast","message":"13","msg_id":null}}
[MATCH] UnknownBody
[MATCH] UnknownBody
[MATCH] BroadcastBody
[BROADCAST RESPONSE] {"src":"n4","dest":"n1","body":{"type":"broadcast_ok","in_reply_to":0,"msg_id":77}}
[RECEIVED] {"id":379,"src":"n5","dest":"n4","body":{"type":"broadcast","message":"13","msg_id":null}}
[MATCH] BroadcastBody
[BROADCAST RESPONSE] {"src":"n4","dest":"n5","body":{"type":"broadcast_ok","in_reply_to":0,"msg_id":78}}
[RECEIVED] {"id":404,"src":"n1","dest":"n4","body":{"type":"broadcast","message":"14","msg_id":null}}
[MATCH] BroadcastBody
[BROADCAST RESPONSE] {"src":"n4","dest":"n1","body":{"type":"broadcast_ok","in_reply_to":0,"msg_id":79}}
[INSIDE BROADCAST LOOP]
[BROADCAST REQUEST] {"id":0,"src":"n4","dest":"n1","body":{"type":"broadcast","message":"14","msg_id":null}}
[BROADCAST REQUEST] {"id":0,"src":"n4","dest":"n5","body":{"type":"broadcast","message":"14","msg_id":null}}
[RECEIVED] {"id":414,"src":"n1","dest":"n4","body":{"type":"broadcast_ok","in_reply_to":0,"msg_id":80}}
[RECEIVED] {"id":415,"src":"n5","dest":"n4","body":{"type":"broadcast_ok","in_reply_to":0,"msg_id":77}}
[MATCH] UnknownBody
[MATCH] UnknownBody
[RECEIVED] {"id":417,"src":"n5","dest":"n4","body":{"type":"broadcast","message":"14","msg_id":null}}
[RECEIVED] {"id":420,"src":"n5","dest":"n4","body":{"type":"broadcast","message":"14","msg_id":null}}
[MATCH] BroadcastBody
[MATCH] BroadcastBody
[BROADCAST RESPONSE] {"src":"n4","dest":"n5","body":{"type":"broadcast_ok","in_reply_to":0,"msg_id":82}}
[BROADCAST RESPONSE] {"src":"n4","dest":"n5","body":{"type":"broadcast_ok","in_reply_to":0,"msg_id":83}}
[RECEIVED] {"id":434,"src":"c13","dest":"n4","body":{"type":"broadcast","message":15,"msg_id":5}}
[MATCH] BroadcastBody
[BROADCAST RESPONSE] {"src":"n4","dest":"c13","body":{"type":"broadcast_ok","in_reply_to":5,"msg_id":84}}
[INSIDE BROADCAST LOOP]
[BROADCAST REQUEST] {"id":0,"src":"n4","dest":"n1","body":{"type":"broadcast","message":"15","msg_id":null}}
[BROADCAST REQUEST] {"id":0,"src":"n4","dest":"n5","body":{"type":"broadcast","message":"15","msg_id":null}}
[RECEIVED] {"id":438,"src":"n5","dest":"n4","body":{"type":"broadcast_ok","in_reply_to":0,"msg_id":82}}
[RECEIVED] {"id":439,"src":"n1","dest":"n4","body":{"type":"broadcast_ok","in_reply_to":0,"msg_id":83}}
[MATCH] UnknownBody
[MATCH] UnknownBody
[RECEIVED] {"id":440,"src":"n1","dest":"n4","body":{"type":"broadcast","message":"15","msg_id":null}}
[MATCH] BroadcastBody
[RECEIVED] {"id":442,"src":"n5","dest":"n4","body":{"type":"broadcast","message":"15","msg_id":null}}
[BROADCAST RESPONSE] {"src":"n4","dest":"n1","body":{"type":"broadcast_ok","in_reply_to":0,"msg_id":87}}
[MATCH] BroadcastBody
[BROADCAST RESPONSE] {"src":"n4","dest":"n5","body":{"type":"broadcast_ok","in_reply_to":0,"msg_id":88}}
[RECEIVED] {"id":467,"src":"n5","dest":"n4","body":{"type":"broadcast","message":"16","msg_id":null}}
[MATCH] BroadcastBody
[BROADCAST RESPONSE] {"src":"n4","dest":"n5","body":{"type":"broadcast_ok","in_reply_to":0,"msg_id":89}}
[INSIDE BROADCAST LOOP]
[BROADCAST REQUEST] {"id":0,"src":"n4","dest":"n1","body":{"type":"broadcast","message":"16","msg_id":null}}
[BROADCAST REQUEST] {"id":0,"src":"n4","dest":"n5","body":{"type":"broadcast","message":"16","msg_id":null}}
[RECEIVED] {"id":475,"src":"n1","dest":"n4","body":{"type":"broadcast_ok","in_reply_to":0,"msg_id":88}}
[MATCH] UnknownBody
[RECEIVED] {"id":477,"src":"n5","dest":"n4","body":{"type":"broadcast_ok","in_reply_to":0,"msg_id":91}}
[MATCH] UnknownBody
[RECEIVED] {"id":480,"src":"n1","dest":"n4","body":{"type":"broadcast","message":"16","msg_id":null}}
[MATCH] BroadcastBody
[RECEIVED] {"id":483,"src":"n1","dest":"n4","body":{"type":"broadcast","message":"16","msg_id":null}}
[BROADCAST RESPONSE] {"src":"n4","dest":"n1","body":{"type":"broadcast_ok","in_reply_to":0,"msg_id":92}}
[MATCH] BroadcastBody
[BROADCAST RESPONSE] {"src":"n4","dest":"n1","body":{"type":"broadcast_ok","in_reply_to":0,"msg_id":93}}
[RECEIVED] {"id":494,"src":"n1","dest":"n4","body":{"type":"broadcast","message":"17","msg_id":null}}
[MATCH] BroadcastBody
[BROADCAST RESPONSE] {"src":"n4","dest":"n1","body":{"type":"broadcast_ok","in_reply_to":0,"msg_id":94}}
[INSIDE BROADCAST LOOP]
[BROADCAST REQUEST] {"id":0,"src":"n4","dest":"n1","body":{"type":"broadcast","message":"17","msg_id":null}}
[BROADCAST REQUEST] {"id":0,"src":"n4","dest":"n5","body":{"type":"broadcast","message":"17","msg_id":null}}
[RECEIVED] {"id":502,"src":"n1","dest":"n4","body":{"type":"broadcast_ok","in_reply_to":0,"msg_id":98}}
[MATCH] UnknownBody
[RECEIVED] {"id":504,"src":"n5","dest":"n4","body":{"type":"broadcast_ok","in_reply_to":0,"msg_id":92}}
[MATCH] UnknownBody
[RECEIVED] {"id":510,"src":"n5","dest":"n4","body":{"type":"broadcast","message":"17","msg_id":null}}
[RECEIVED] {"id":512,"src":"n5","dest":"n4","body":{"type":"broadcast","message":"17","msg_id":null}}
[MATCH] BroadcastBody
[MATCH] BroadcastBody
[BROADCAST RESPONSE] {"src":"n4","dest":"n5","body":{"type":"broadcast_ok","in_reply_to":0,"msg_id":97}}
[BROADCAST RESPONSE] {"src":"n4","dest":"n5","body":{"type":"broadcast_ok","in_reply_to":0,"msg_id":98}}
[RECEIVED] {"id":531,"src":"n5","dest":"n4","body":{"type":"broadcast","message":"18","msg_id":null}}
[RECEIVED] {"id":532,"src":"n1","dest":"n4","body":{"type":"broadcast","message":"18","msg_id":null}}
[MATCH] BroadcastBody
[MATCH] BroadcastBody
[BROADCAST RESPONSE] {"src":"n4","dest":"n5","body":{"type":"broadcast_ok","in_reply_to":0,"msg_id":99}}
[BROADCAST RESPONSE] {"src":"n4","dest":"n1","body":{"type":"broadcast_ok","in_reply_to":0,"msg_id":100}}
[INSIDE BROADCAST LOOP]
[INSIDE BROADCAST LOOP]
[BROADCAST REQUEST] {"id":0,"src":"n4","dest":"n1","body":{"type":"broadcast","message":"18","msg_id":null}}
[BROADCAST REQUEST] {"id":0,"src":"n4","dest":"n1","body":{"type":"broadcast","message":"18","msg_id":null}}
[BROADCAST REQUEST] {"id":0,"src":"n4","dest":"n5","body":{"type":"broadcast","message":"18","msg_id":null}}
[BROADCAST REQUEST] {"id":0,"src":"n4","dest":"n5","body":{"type":"broadcast","message":"18","msg_id":null}}
[RECEIVED] {"id":542,"src":"n1","dest":"n4","body":{"type":"broadcast_ok","in_reply_to":0,"msg_id":103}}
[RECEIVED] {"id":543,"src":"n1","dest":"n4","body":{"type":"broadcast_ok","in_reply_to":0,"msg_id":104}}
[RECEIVED] {"id":544,"src":"n5","dest":"n4","body":{"type":"broadcast_ok","in_reply_to":0,"msg_id":101}}
[RECEIVED] {"id":545,"src":"n5","dest":"n4","body":{"type":"broadcast_ok","in_reply_to":0,"msg_id":102}}
[MATCH] UnknownBody
[MATCH] UnknownBody
[MATCH] UnknownBody
[MATCH] UnknownBody
[RECEIVED] {"id":546,"src":"c13","dest":"n4","body":{"type":"broadcast","message":19,"msg_id":6}}
[MATCH] BroadcastBody
[BROADCAST RESPONSE] {"src":"n4","dest":"c13","body":{"type":"broadcast_ok","in_reply_to":6,"msg_id":105}}
[INSIDE BROADCAST LOOP]
[BROADCAST REQUEST] {"id":0,"src":"n4","dest":"n1","body":{"type":"broadcast","message":"19","msg_id":null}}
[BROADCAST REQUEST] {"id":0,"src":"n4","dest":"n5","body":{"type":"broadcast","message":"19","msg_id":null}}
[RECEIVED] {"id":550,"src":"n1","dest":"n4","body":{"type":"broadcast_ok","in_reply_to":0,"msg_id":105}}
[RECEIVED] {"id":551,"src":"n5","dest":"n4","body":{"type":"broadcast_ok","in_reply_to":0,"msg_id":103}}
[RECEIVED] {"id":552,"src":"n1","dest":"n4","body":{"type":"broadcast","message":"19","msg_id":null}}
[MATCH] UnknownBody
[MATCH] UnknownBody
[MATCH] BroadcastBody
[BROADCAST RESPONSE] {"src":"n4","dest":"n1","body":{"type":"broadcast_ok","in_reply_to":0,"msg_id":108}}
[RECEIVED] {"id":555,"src":"n5","dest":"n4","body":{"type":"broadcast","message":"19","msg_id":null}}
[MATCH] BroadcastBody
[BROADCAST RESPONSE] {"src":"n4","dest":"n5","body":{"type":"broadcast_ok","in_reply_to":0,"msg_id":109}}
[RECEIVED] {"id":580,"src":"n1","dest":"n4","body":{"type":"broadcast","message":"20","msg_id":null}}
[MATCH] BroadcastBody
[BROADCAST RESPONSE] {"src":"n4","dest":"n1","body":{"type":"broadcast_ok","in_reply_to":0,"msg_id":110}}
[INSIDE BROADCAST LOOP]
[BROADCAST REQUEST] {"id":0,"src":"n4","dest":"n1","body":{"type":"broadcast","message":"20","msg_id":null}}
[BROADCAST REQUEST] {"id":0,"src":"n4","dest":"n5","body":{"type":"broadcast","message":"20","msg_id":null}}
[RECEIVED] {"id":591,"src":"n5","dest":"n4","body":{"type":"broadcast_ok","in_reply_to":0,"msg_id":110}}
[MATCH] UnknownBody
[RECEIVED] {"id":595,"src":"n5","dest":"n4","body":{"type":"broadcast","message":"20","msg_id":null}}
[RECEIVED] {"id":596,"src":"n5","dest":"n4","body":{"type":"broadcast","message":"20","msg_id":null}}
[MATCH] BroadcastBody
[MATCH] BroadcastBody
[BROADCAST RESPONSE] {"src":"n4","dest":"n5","body":{"type":"broadcast_ok","in_reply_to":0,"msg_id":112}}
[BROADCAST RESPONSE] {"src":"n4","dest":"n5","body":{"type":"broadcast_ok","in_reply_to":0,"msg_id":113}}
[RECEIVED] {"id":600,"src":"n1","dest":"n4","body":{"type":"broadcast_ok","in_reply_to":0,"msg_id":113}}
[MATCH] UnknownBody
[RECEIVED] {"id":606,"src":"n1","dest":"n4","body":{"type":"broadcast","message":"21","msg_id":null}}
[MATCH] BroadcastBody
[BROADCAST RESPONSE] {"src":"n4","dest":"n1","body":{"type":"broadcast_ok","in_reply_to":0,"msg_id":115}}
[INSIDE BROADCAST LOOP]
[BROADCAST REQUEST] {"id":0,"src":"n4","dest":"n1","body":{"type":"broadcast","message":"21","msg_id":null}}
[BROADCAST REQUEST] {"id":0,"src":"n4","dest":"n5","body":{"type":"broadcast","message":"21","msg_id":null}}
[RECEIVED] {"id":615,"src":"n1","dest":"n4","body":{"type":"broadcast_ok","in_reply_to":0,"msg_id":118}}
[MATCH] UnknownBody
[RECEIVED] {"id":617,"src":"n5","dest":"n4","body":{"type":"broadcast_ok","in_reply_to":0,"msg_id":116}}
[MATCH] UnknownBody
[RECEIVED] {"id":623,"src":"n5","dest":"n4","body":{"type":"broadcast","message":"21","msg_id":null}}
[MATCH] BroadcastBody
[BROADCAST RESPONSE] {"src":"n4","dest":"n5","body":{"type":"broadcast_ok","in_reply_to":0,"msg_id":118}}
[RECEIVED] {"id":624,"src":"n5","dest":"n4","body":{"type":"broadcast","message":"21","msg_id":null}}
[MATCH] BroadcastBody
[BROADCAST RESPONSE] {"src":"n4","dest":"n5","body":{"type":"broadcast_ok","in_reply_to":0,"msg_id":119}}
[RECEIVED] {"id":638,"src":"n5","dest":"n4","body":{"type":"broadcast","message":"22","msg_id":null}}
[MATCH] BroadcastBody
[RECEIVED] {"id":642,"src":"n1","dest":"n4","body":{"type":"broadcast","message":"22","msg_id":null}}
[BROADCAST RESPONSE] {"src":"n4","dest":"n5","body":{"type":"broadcast_ok","in_reply_to":0,"msg_id":120}}
[MATCH] BroadcastBody
[INSIDE BROADCAST LOOP]
[BROADCAST RESPONSE] {"src":"n4","dest":"n1","body":{"type":"broadcast_ok","in_reply_to":0,"msg_id":121}}
[BROADCAST REQUEST] {"id":0,"src":"n4","dest":"n1","body":{"type":"broadcast","message":"22","msg_id":null}}
[INSIDE BROADCAST LOOP]
[BROADCAST REQUEST] {"id":0,"src":"n4","dest":"n5","body":{"type":"broadcast","message":"22","msg_id":null}}
[BROADCAST REQUEST] {"id":0,"src":"n4","dest":"n1","body":{"type":"broadcast","message":"22","msg_id":null}}
[BROADCAST REQUEST] {"id":0,"src":"n4","dest":"n5","body":{"type":"broadcast","message":"22","msg_id":null}}
[RECEIVED] {"id":652,"src":"n1","dest":"n4","body":{"type":"broadcast_ok","in_reply_to":0,"msg_id":123}}
[RECEIVED] {"id":653,"src":"n5","dest":"n4","body":{"type":"broadcast_ok","in_reply_to":0,"msg_id":124}}
[RECEIVED] {"id":654,"src":"n1","dest":"n4","body":{"type":"broadcast_ok","in_reply_to":0,"msg_id":124}}
[MATCH] UnknownBody
[MATCH] UnknownBody
[MATCH] UnknownBody
[RECEIVED] {"id":655,"src":"n5","dest":"n4","body":{"type":"broadcast_ok","in_reply_to":0,"msg_id":125}}
[MATCH] UnknownBody
[RECEIVED] {"id":658,"src":"c13","dest":"n4","body":{"type":"read","msg_id":7}}
[MATCH] ReadBody
[READ RESPONSE] {"src":"n4","dest":"c13","body":{"type":"read_ok","messages":["22","22","21","21","21","20","20","20","19","19","19","18","18","17","17","17","16","16","16","15","15","15","14","14","14","13","13","13","12","12","11","11","10","10","10","9","9","9","8","8","8","7","7","6","6","5","5","5","4","4","4","3","3","2","2","2","1","1","1","0","0"],"in_reply_to":7,"msg_id":126}}
[RECEIVED] {"id":664,"src":"n1","dest":"n4","body":{"type":"broadcast","message":"23","msg_id":null}}
[MATCH] BroadcastBody
[BROADCAST RESPONSE] {"src":"n4","dest":"n1","body":{"type":"broadcast_ok","in_reply_to":0,"msg_id":127}}
[INSIDE BROADCAST LOOP]
[BROADCAST REQUEST] {"id":0,"src":"n4","dest":"n1","body":{"type":"broadcast","message":"23","msg_id":null}}
[BROADCAST REQUEST] {"id":0,"src":"n4","dest":"n5","body":{"type":"broadcast","message":"23","msg_id":null}}
[RECEIVED] {"id":673,"src":"n1","dest":"n4","body":{"type":"broadcast_ok","in_reply_to":0,"msg_id":128}}
[MATCH] UnknownBody
[RECEIVED] {"id":675,"src":"n5","dest":"n4","body":{"type":"broadcast_ok","in_reply_to":0,"msg_id":128}}
[MATCH] UnknownBody
[RECEIVED] {"id":681,"src":"n5","dest":"n4","body":{"type":"broadcast","message":"23","msg_id":null}}
[MATCH] BroadcastBody
[RECEIVED] {"id":682,"src":"n5","dest":"n4","body":{"type":"broadcast","message":"23","msg_id":null}}
[BROADCAST RESPONSE] {"src":"n4","dest":"n5","body":{"type":"broadcast_ok","in_reply_to":0,"msg_id":130}}
[MATCH] BroadcastBody
[BROADCAST RESPONSE] {"src":"n4","dest":"n5","body":{"type":"broadcast_ok","in_reply_to":0,"msg_id":131}}
[RECEIVED] {"id":699,"src":"n1","dest":"n4","body":{"type":"broadcast","message":"24","msg_id":null}}
[RECEIVED] {"id":701,"src":"n5","dest":"n4","body":{"type":"broadcast","message":"24","msg_id":null}}
[MATCH] BroadcastBody
[MATCH] BroadcastBody
[BROADCAST RESPONSE] {"src":"n4","dest":"n1","body":{"type":"broadcast_ok","in_reply_to":0,"msg_id":132}}
[BROADCAST RESPONSE] {"src":"n4","dest":"n5","body":{"type":"broadcast_ok","in_reply_to":0,"msg_id":133}}
[INSIDE BROADCAST LOOP]
[INSIDE BROADCAST LOOP]
[BROADCAST REQUEST] {"id":0,"src":"n4","dest":"n1","body":{"type":"broadcast","message":"24","msg_id":null}}
[BROADCAST REQUEST] {"id":0,"src":"n4","dest":"n1","body":{"type":"broadcast","message":"24","msg_id":null}}
[BROADCAST REQUEST] {"id":0,"src":"n4","dest":"n5","body":{"type":"broadcast","message":"24","msg_id":null}}
[BROADCAST REQUEST] {"id":0,"src":"n4","dest":"n5","body":{"type":"broadcast","message":"24","msg_id":null}}
[RECEIVED] {"id":712,"src":"n1","dest":"n4","body":{"type":"broadcast_ok","in_reply_to":0,"msg_id":134}}
[RECEIVED] {"id":713,"src":"n1","dest":"n4","body":{"type":"broadcast_ok","in_reply_to":0,"msg_id":135}}
[MATCH] UnknownBody
[MATCH] UnknownBody
[RECEIVED] {"id":714,"src":"n5","dest":"n4","body":{"type":"broadcast_ok","in_reply_to":0,"msg_id":136}}
[RECEIVED] {"id":715,"src":"n5","dest":"n4","body":{"type":"broadcast_ok","in_reply_to":0,"msg_id":137}}
[MATCH] UnknownBody
[MATCH] UnknownBody
[RECEIVED] {"id":727,"src":"n5","dest":"n4","body":{"type":"broadcast","message":"25","msg_id":null}}
[MATCH] BroadcastBody
[BROADCAST RESPONSE] {"src":"n4","dest":"n5","body":{"type":"broadcast_ok","in_reply_to":0,"msg_id":138}}
[RECEIVED] {"id":728,"src":"n1","dest":"n4","body":{"type":"broadcast","message":"25","msg_id":null}}
[INSIDE BROADCAST LOOP]
[MATCH] BroadcastBody
[BROADCAST REQUEST] {"id":0,"src":"n4","dest":"n1","body":{"type":"broadcast","message":"25","msg_id":null}}
[BROADCAST RESPONSE] {"src":"n4","dest":"n1","body":{"type":"broadcast_ok","in_reply_to":0,"msg_id":139}}
[BROADCAST REQUEST] {"id":0,"src":"n4","dest":"n5","body":{"type":"broadcast","message":"25","msg_id":null}}
[INSIDE BROADCAST LOOP]
[BROADCAST REQUEST] {"id":0,"src":"n4","dest":"n1","body":{"type":"broadcast","message":"25","msg_id":null}}
[BROADCAST REQUEST] {"id":0,"src":"n4","dest":"n5","body":{"type":"broadcast","message":"25","msg_id":null}}
[RECEIVED] {"id":738,"src":"n1","dest":"n4","body":{"type":"broadcast_ok","in_reply_to":0,"msg_id":137}}
[MATCH] UnknownBody
[RECEIVED] {"id":739,"src":"n5","dest":"n4","body":{"type":"broadcast_ok","in_reply_to":0,"msg_id":141}}
[RECEIVED] {"id":740,"src":"n1","dest":"n4","body":{"type":"broadcast_ok","in_reply_to":0,"msg_id":140}}
[MATCH] UnknownBody
[MATCH] UnknownBody
[RECEIVED] {"id":741,"src":"n5","dest":"n4","body":{"type":"broadcast_ok","in_reply_to":0,"msg_id":142}}
[MATCH] UnknownBody
[RECEIVED] {"id":742,"src":"c13","dest":"n4","body":{"type":"broadcast","message":26,"msg_id":8}}
[MATCH] BroadcastBody
[BROADCAST RESPONSE] {"src":"n4","dest":"c13","body":{"type":"broadcast_ok","in_reply_to":8,"msg_id":144}}
[INSIDE BROADCAST LOOP]
[BROADCAST REQUEST] {"id":0,"src":"n4","dest":"n1","body":{"type":"broadcast","message":"26","msg_id":null}}
[BROADCAST REQUEST] {"id":0,"src":"n4","dest":"n5","body":{"type":"broadcast","message":"26","msg_id":null}}
[RECEIVED] {"id":746,"src":"n1","dest":"n4","body":{"type":"broadcast_ok","in_reply_to":0,"msg_id":141}}
[RECEIVED] {"id":747,"src":"n5","dest":"n4","body":{"type":"broadcast_ok","in_reply_to":0,"msg_id":143}}
[MATCH] UnknownBody
[MATCH] UnknownBody
[RECEIVED] {"id":749,"src":"n1","dest":"n4","body":{"type":"broadcast","message":"26","msg_id":null}}
[MATCH] BroadcastBody
[RECEIVED] {"id":750,"src":"n5","dest":"n4","body":{"type":"broadcast","message":"26","msg_id":null}}
[BROADCAST RESPONSE] {"src":"n4","dest":"n1","body":{"type":"broadcast_ok","in_reply_to":0,"msg_id":147}}
[MATCH] BroadcastBody
[BROADCAST RESPONSE] {"src":"n4","dest":"n5","body":{"type":"broadcast_ok","in_reply_to":0,"msg_id":148}}
[RECEIVED] {"id":778,"src":"c13","dest":"n4","body":{"type":"read","msg_id":9}}
[MATCH] ReadBody
[READ RESPONSE] {"src":"n4","dest":"c13","body":{"type":"read_ok","messages":["26","26","26","25","25","24","24","23","23","23","22","22","21","21","21","20","20","20","19","19","19","18","18","17","17","17","16","16","16","15","15","15","14","14","14","13","13","13","12","12","11","11","10","10","10","9","9","9","8","8","8","7","7","6","6","5","5","5","4","4","4","3","3","2","2","2","1","1","1","0","0"],"in_reply_to":9,"msg_id":149}}
