[INFO] Entering main loop
[RECEIVED] {"id":0,"src":"c1","dest":"n2","body":{"type":"init","node_id":"n2","node_ids":["n1","n2","n3","n4","n5"],"msg_id":1}}
[MATCH] InitBody
Initialized node n2
Init send {"src":"n2","dest":"c1","body":{"type":"init_ok","in_reply_to":1,"msg_id":0}}
[RECEIVED] {"id":13,"src":"c6","dest":"n2","body":{"type":"topology","topology":{"n1":["n4","n2"],"n2":["n5","n3","n1"],"n3":["n2"],"n4":["n1","n5"],"n5":["n2","n4"]},"msg_id":1}}
[MATCH] TopologyBody
[TOPOLOGY RESPONSE] {"src":"n2","dest":"c6","body":{"type":"topology_ok","in_reply_to":1,"msg_id":1}}
[RECEIVED] {"id":22,"src":"c11","dest":"n2","body":{"type":"read","msg_id":1}}
[MATCH] ReadBody
[READ RESPONSE] {"src":"n2","dest":"c11","body":{"type":"read_ok","messages":[],"in_reply_to":1,"msg_id":2}}
[RECEIVED] {"id":31,"src":"c11","dest":"n2","body":{"type":"read","msg_id":2}}
[MATCH] ReadBody
[READ RESPONSE] {"src":"n2","dest":"c11","body":{"type":"read_ok","messages":[],"in_reply_to":2,"msg_id":3}}
[RECEIVED] {"id":33,"src":"c11","dest":"n2","body":{"type":"broadcast","message":4,"msg_id":3}}
[MATCH] BroadcastBody
[BROADCAST RESPONSE] {"src":"n2","dest":"c11","body":{"type":"broadcast_ok","in_reply_to":3,"msg_id":4}}
[INSIDE BROADCAST LOOP]
[BROADCAST REQUEST] {"id":null,"src":"n2","dest":"n5","body":{"type":"broadcast","message":"4","msg_id":4}}
[BROADCAST REQUEST] {"id":null,"src":"n2","dest":"n3","body":{"type":"broadcast","message":"4","msg_id":4}}
[BROADCAST REQUEST] {"id":null,"src":"n2","dest":"n1","body":{"type":"broadcast","message":"4","msg_id":4}}
[RECEIVED] {"id":39,"src":"c11","dest":"n2","body":{"type":"broadcast","message":8,"msg_id":4}}
[MATCH] BroadcastBody
[BROADCAST RESPONSE] {"src":"n2","dest":"c11","body":{"type":"broadcast_ok","in_reply_to":4,"msg_id":5}}
[INSIDE BROADCAST LOOP]
[BROADCAST REQUEST] {"id":null,"src":"n2","dest":"n5","body":{"type":"broadcast","message":"8","msg_id":5}}
[BROADCAST REQUEST] {"id":null,"src":"n2","dest":"n3","body":{"type":"broadcast","message":"8","msg_id":5}}
[BROADCAST REQUEST] {"id":null,"src":"n2","dest":"n1","body":{"type":"broadcast","message":"8","msg_id":5}}
[RECEIVED] {"id":44,"src":"c18","dest":"n2","body":{"type":"read","msg_id":1}}
[MATCH] ReadBody
[READ RESPONSE] {"src":"n2","dest":"c18","body":{"type":"read_ok","messages":["8","4"],"in_reply_to":1,"msg_id":6}}
