[RECEIVED] {"id":0,"src":"c0","dest":"n1","body":{"type":"init","node_id":"n1","node_ids":["n1","n2","n3","n4","n5"],"msg_id":1}}
[MATCH INIT]
[INIT_OK] {"src":"n1","dest":"c0","body":{"type":"init_ok","in_reply_to":1,"msg_id":0}}
[RECEIVED] {"id":13,"src":"c7","dest":"n1","body":{"type":"topology","topology":{"n1":["n4","n2"],"n2":["n5","n3","n1"],"n3":["n2"],"n4":["n1","n5"],"n5":["n2","n4"]},"msg_id":1}}
[MATCH TOPOLOGY]
[TOPOLOGY_OK] {"src":"n1","dest":"c7","body":{"type":"topology_ok","in_reply_to":1,"msg_id":0}}
[RECEIVED] {"id":20,"src":"c10","dest":"n1","body":{"type":"broadcast","message":0,"msg_id":1}}
[MATCH BROADCAST]
BEGIN GOSSIP
NEIGHBORS: n2, n4
GOSSIP LOOP
LOOP ITER
[BROADCAST] {"src":"n1","dest":"n2","body":{"type":"broadcast","message":"0","msg_id":0}}
LOOP ITER
[BROADCAST] {"src":"n1","dest":"n4","body":{"type":"broadcast","message":"0","msg_id":1}}
[BROADCAST_OK] {"src":"n1","dest":"c10","body":{"type":"broadcast_ok","in_reply_to":1,"msg_id":0}}
[RECEIVED] {"id":27,"src":"n4","dest":"n1","body":{"type":"broadcast_ok","in_reply_to":1,"msg_id":0}}
[MATCH UNKNOWN]
[RECEIVED] {"id":28,"src":"n2","dest":"n1","body":{"type":"broadcast_ok","in_reply_to":0,"msg_id":0}}
[MATCH UNKNOWN]
[RECEIVED] {"id":37,"src":"n2","dest":"n1","body":{"type":"broadcast","message":"1","msg_id":2}}
[MATCH BROADCAST]
BEGIN GOSSIP
NEIGHBORS: n4
GOSSIP LOOP
LOOP ITER
[BROADCAST] {"src":"n1","dest":"n4","body":{"type":"broadcast","message":"1","msg_id":2}}
[BROADCAST_OK] {"src":"n1","dest":"n2","body":{"type":"broadcast_ok","in_reply_to":2,"msg_id":2}}
[RECEIVED] {"id":44,"src":"n4","dest":"n1","body":{"type":"broadcast_ok","in_reply_to":2,"msg_id":1}}
[MATCH UNKNOWN]
[RECEIVED] {"id":47,"src":"n4","dest":"n1","body":{"type":"broadcast","message":"2","msg_id":1}}
[CALLBACK MATCH] msg_id=1
[MATCH BROADCAST]
BEGIN GOSSIP
NEIGHBORS: n2
GOSSIP LOOP
LOOP ITER
[BROADCAST] {"src":"n1","dest":"n2","body":{"type":"broadcast","message":"2","msg_id":3}}
[BROADCAST_OK] {"src":"n1","dest":"n4","body":{"type":"broadcast_ok","in_reply_to":1,"msg_id":3}}
[RECEIVED] {"id":55,"src":"n2","dest":"n1","body":{"type":"broadcast_ok","in_reply_to":3,"msg_id":5}}
[MATCH UNKNOWN]
[RECEIVED] {"id":61,"src":"n4","dest":"n1","body":{"type":"broadcast","message":"3","msg_id":3}}
[CALLBACK MATCH] msg_id=3
[MATCH BROADCAST]
[RECEIVED] {"id":60,"src":"n2","dest":"n1","body":{"type":"broadcast","message":"3","msg_id":5}}
BEGIN GOSSIP
[MATCH BROADCAST]
[BROADCAST_OK] {"src":"n1","dest":"n4","body":{"type":"broadcast_ok","in_reply_to":3,"msg_id":4}}
[BROADCAST_OK] {"src":"n1","dest":"n2","body":{"type":"broadcast_ok","in_reply_to":5,"msg_id":4}}
[RECEIVED] {"id":68,"src":"c10","dest":"n1","body":{"type":"broadcast","message":4,"msg_id":2}}
[CALLBACK MATCH] msg_id=2
[MATCH BROADCAST]
BEGIN GOSSIP
NEIGHBORS: n2, n4
GOSSIP LOOP
LOOP ITER
[BROADCAST] {"src":"n1","dest":"n2","body":{"type":"broadcast","message":"4","msg_id":4}}
LOOP ITER
[BROADCAST] {"src":"n1","dest":"n4","body":{"type":"broadcast","message":"4","msg_id":5}}
[BROADCAST_OK] {"src":"n1","dest":"c10","body":{"type":"broadcast_ok","in_reply_to":2,"msg_id":4}}
[RECEIVED] {"id":71,"src":"n2","dest":"n1","body":{"type":"broadcast","message":"5","msg_id":7}}
[MATCH BROADCAST]
BEGIN GOSSIP
NEIGHBORS: n4
GOSSIP LOOP
LOOP ITER
[BROADCAST] {"src":"n1","dest":"n4","body":{"type":"broadcast","message":"5","msg_id":6}}
[BROADCAST_OK] {"src":"n1","dest":"n2","body":{"type":"broadcast_ok","in_reply_to":7,"msg_id":6}}
[RECEIVED] {"id":84,"src":"n4","dest":"n1","body":{"type":"broadcast_ok","in_reply_to":5,"msg_id":4}}
[RECEIVED] {"id":86,"src":"n2","dest":"n1","body":{"type":"broadcast_ok","in_reply_to":4,"msg_id":10}}
[MATCH UNKNOWN]
[MATCH UNKNOWN]
[RECEIVED] {"id":92,"src":"n4","dest":"n1","body":{"type":"broadcast_ok","in_reply_to":6,"msg_id":5}}
[MATCH UNKNOWN]
[RECEIVED] {"id":99,"src":"n2","dest":"n1","body":{"type":"broadcast","message":"6","msg_id":12}}
[MATCH BROADCAST]
BEGIN GOSSIP
NEIGHBORS: n4
GOSSIP LOOP
LOOP ITER
[BROADCAST] {"src":"n1","dest":"n4","body":{"type":"broadcast","message":"6","msg_id":7}}
[BROADCAST_OK] {"src":"n1","dest":"n2","body":{"type":"broadcast_ok","in_reply_to":12,"msg_id":7}}
[RECEIVED] {"id":107,"src":"n4","dest":"n1","body":{"type":"broadcast_ok","in_reply_to":7,"msg_id":5}}
[MATCH UNKNOWN]
[RECEIVED] {"id":116,"src":"n2","dest":"n1","body":{"type":"broadcast","message":"7","msg_id":14}}
[MATCH BROADCAST]
[RECEIVED] {"id":118,"src":"n4","dest":"n1","body":{"type":"broadcast","message":"7","msg_id":6}}
BEGIN GOSSIP
[CALLBACK MATCH] msg_id=6
[BROADCAST_OK] {"src":"n1","dest":"n2","body":{"type":"broadcast_ok","in_reply_to":14,"msg_id":8}}
[MATCH BROADCAST]
[BROADCAST_OK] {"src":"n1","dest":"n4","body":{"type":"broadcast_ok","in_reply_to":6,"msg_id":8}}
[RECEIVED] {"id":124,"src":"c10","dest":"n1","body":{"type":"read","msg_id":3}}
[MATCH READ]
[READ_OK] {"src":"n1","dest":"c10","body":{"type":"read_ok","messages":["0","1","2","3","4","5","6","7"],"in_reply_to":3,"msg_id":8}}
[RECEIVED] {"id":126,"src":"c10","dest":"n1","body":{"type":"broadcast","message":8,"msg_id":4}}
[CALLBACK MATCH] msg_id=4
[MATCH BROADCAST]
BEGIN GOSSIP
NEIGHBORS: n2, n4
GOSSIP LOOP
LOOP ITER
[BROADCAST] {"src":"n1","dest":"n2","body":{"type":"broadcast","message":"8","msg_id":8}}
LOOP ITER
[BROADCAST] {"src":"n1","dest":"n4","body":{"type":"broadcast","message":"8","msg_id":9}}
[BROADCAST_OK] {"src":"n1","dest":"c10","body":{"type":"broadcast_ok","in_reply_to":4,"msg_id":8}}
[RECEIVED] {"id":132,"src":"n4","dest":"n1","body":{"type":"broadcast_ok","in_reply_to":9,"msg_id":7}}
[MATCH UNKNOWN]
[RECEIVED] {"id":134,"src":"n2","dest":"n1","body":{"type":"broadcast_ok","in_reply_to":8,"msg_id":16}}
[MATCH UNKNOWN]
[RECEIVED] {"id":143,"src":"n2","dest":"n1","body":{"type":"broadcast","message":"9","msg_id":18}}
[MATCH BROADCAST]
BEGIN GOSSIP
NEIGHBORS: n4
GOSSIP LOOP
LOOP ITER
[BROADCAST] {"src":"n1","dest":"n4","body":{"type":"broadcast","message":"9","msg_id":10}}
[BROADCAST_OK] {"src":"n1","dest":"n2","body":{"type":"broadcast_ok","in_reply_to":18,"msg_id":10}}
[RECEIVED] {"id":151,"src":"n4","dest":"n1","body":{"type":"broadcast_ok","in_reply_to":10,"msg_id":8}}
[MATCH UNKNOWN]
[RECEIVED] {"id":158,"src":"c10","dest":"n1","body":{"type":"broadcast","message":10,"msg_id":5}}
[CALLBACK MATCH] msg_id=5
[MATCH BROADCAST]
BEGIN GOSSIP
NEIGHBORS: n2, n4
GOSSIP LOOP
LOOP ITER
[BROADCAST] {"src":"n1","dest":"n2","body":{"type":"broadcast","message":"10","msg_id":11}}
LOOP ITER
[BROADCAST] {"src":"n1","dest":"n4","body":{"type":"broadcast","message":"10","msg_id":12}}
[BROADCAST_OK] {"src":"n1","dest":"c10","body":{"type":"broadcast_ok","in_reply_to":5,"msg_id":11}}
[RECEIVED] {"id":163,"src":"n4","dest":"n1","body":{"type":"broadcast_ok","in_reply_to":12,"msg_id":9}}
[MATCH UNKNOWN]
[RECEIVED] {"id":167,"src":"n2","dest":"n1","body":{"type":"broadcast_ok","in_reply_to":11,"msg_id":20}}
[MATCH UNKNOWN]
[RECEIVED] {"id":172,"src":"c10","dest":"n1","body":{"type":"read","msg_id":6}}
[MATCH READ]
[READ_OK] {"src":"n1","dest":"c10","body":{"type":"read_ok","messages":["0","1","10","2","3","4","5","6","7","8","9"],"in_reply_to":6,"msg_id":13}}
[RECEIVED] {"id":175,"src":"n2","dest":"n1","body":{"type":"broadcast","message":"11","msg_id":22}}
[MATCH BROADCAST]
BEGIN GOSSIP
NEIGHBORS: n4
GOSSIP LOOP
LOOP ITER
[BROADCAST] {"src":"n1","dest":"n4","body":{"type":"broadcast","message":"11","msg_id":13}}
[BROADCAST_OK] {"src":"n1","dest":"n2","body":{"type":"broadcast_ok","in_reply_to":22,"msg_id":13}}
[RECEIVED] {"id":184,"src":"n4","dest":"n1","body":{"type":"broadcast_ok","in_reply_to":13,"msg_id":10}}
[MATCH UNKNOWN]
[RECEIVED] {"id":194,"src":"n2","dest":"n1","body":{"type":"broadcast","message":"12","msg_id":25}}
[RECEIVED] {"id":195,"src":"n4","dest":"n1","body":{"type":"broadcast","message":"12","msg_id":10}}
[MATCH BROADCAST]
[CALLBACK MATCH] msg_id=10
[MATCH BROADCAST]
[BROADCAST_OK] {"src":"n1","dest":"n4","body":{"type":"broadcast_ok","in_reply_to":10,"msg_id":14}}
[BROADCAST_OK] {"src":"n1","dest":"n2","body":{"type":"broadcast_ok","in_reply_to":25,"msg_id":14}}
[RECEIVED] {"id":202,"src":"c10","dest":"n1","body":{"type":"read","msg_id":7}}
[CALLBACK MATCH] msg_id=7
[MATCH READ]
[READ_OK] {"src":"n1","dest":"c10","body":{"type":"read_ok","messages":["0","1","10","11","12","2","3","4","5","6","7","8","9"],"in_reply_to":7,"msg_id":14}}
[RECEIVED] {"id":204,"src":"c10","dest":"n1","body":{"type":"read","msg_id":8}}
[CALLBACK MATCH] msg_id=8
[MATCH READ]
[READ_OK] {"src":"n1","dest":"c10","body":{"type":"read_ok","messages":["0","1","10","11","12","2","3","4","5","6","7","8","9"],"in_reply_to":8,"msg_id":14}}
[RECEIVED] {"id":207,"src":"n2","dest":"n1","body":{"type":"broadcast","message":"13","msg_id":27}}
[MATCH BROADCAST]
BEGIN GOSSIP
NEIGHBORS: n4
GOSSIP LOOP
LOOP ITER
[BROADCAST] {"src":"n1","dest":"n4","body":{"type":"broadcast","message":"13","msg_id":14}}
[BROADCAST_OK] {"src":"n1","dest":"n2","body":{"type":"broadcast_ok","in_reply_to":27,"msg_id":14}}
[RECEIVED] {"id":216,"src":"n4","dest":"n1","body":{"type":"broadcast_ok","in_reply_to":14,"msg_id":11}}
[MATCH UNKNOWN]
[RECEIVED] {"id":224,"src":"c10","dest":"n1","body":{"type":"broadcast","message":14,"msg_id":9}}
[CALLBACK MATCH] msg_id=9
[MATCH BROADCAST]
BEGIN GOSSIP
NEIGHBORS: n2, n4
GOSSIP LOOP
LOOP ITER
[BROADCAST] {"src":"n1","dest":"n2","body":{"type":"broadcast","message":"14","msg_id":15}}
LOOP ITER
[BROADCAST] {"src":"n1","dest":"n4","body":{"type":"broadcast","message":"14","msg_id":16}}
[BROADCAST_OK] {"src":"n1","dest":"c10","body":{"type":"broadcast_ok","in_reply_to":9,"msg_id":15}}
[RECEIVED] {"id":231,"src":"n4","dest":"n1","body":{"type":"broadcast_ok","in_reply_to":16,"msg_id":11}}
[MATCH UNKNOWN]
[RECEIVED] {"id":232,"src":"n2","dest":"n1","body":{"type":"broadcast_ok","in_reply_to":15,"msg_id":30}}
[MATCH UNKNOWN]
[RECEIVED] {"id":236,"src":"c10","dest":"n1","body":{"type":"read","msg_id":10}}
[MATCH READ]
[READ_OK] {"src":"n1","dest":"c10","body":{"type":"read_ok","messages":["0","1","10","11","12","13","14","2","3","4","5","6","7","8","9"],"in_reply_to":10,"msg_id":17}}
[RECEIVED] {"id":246,"src":"c10","dest":"n1","body":{"type":"broadcast","message":15,"msg_id":11}}
[CALLBACK MATCH] msg_id=11
[MATCH BROADCAST]
BEGIN GOSSIP
NEIGHBORS: n2, n4
GOSSIP LOOP
LOOP ITER
[BROADCAST] {"src":"n1","dest":"n2","body":{"type":"broadcast","message":"15","msg_id":17}}
LOOP ITER
[BROADCAST] {"src":"n1","dest":"n4","body":{"type":"broadcast","message":"15","msg_id":18}}
[BROADCAST_OK] {"src":"n1","dest":"c10","body":{"type":"broadcast_ok","in_reply_to":11,"msg_id":17}}
[RECEIVED] {"id":254,"src":"n4","dest":"n1","body":{"type":"broadcast_ok","in_reply_to":18,"msg_id":12}}
[MATCH UNKNOWN]
[RECEIVED] {"id":256,"src":"n2","dest":"n1","body":{"type":"broadcast_ok","in_reply_to":17,"msg_id":32}}
[MATCH UNKNOWN]
[RECEIVED] {"id":265,"src":"n2","dest":"n1","body":{"type":"broadcast","message":"17","msg_id":34}}
[MATCH BROADCAST]
BEGIN GOSSIP
NEIGHBORS: n4
GOSSIP LOOP
LOOP ITER
[BROADCAST] {"src":"n1","dest":"n4","body":{"type":"broadcast","message":"17","msg_id":19}}
[BROADCAST_OK] {"src":"n1","dest":"n2","body":{"type":"broadcast_ok","in_reply_to":34,"msg_id":19}}
[RECEIVED] {"id":273,"src":"n4","dest":"n1","body":{"type":"broadcast_ok","in_reply_to":19,"msg_id":13}}
[MATCH UNKNOWN]
[RECEIVED] {"id":280,"src":"n4","dest":"n1","body":{"type":"broadcast","message":"18","msg_id":13}}
[CALLBACK MATCH] msg_id=13
[MATCH BROADCAST]
[RECEIVED] {"id":281,"src":"n2","dest":"n1","body":{"type":"broadcast","message":"18","msg_id":36}}
BEGIN GOSSIP
[MATCH BROADCAST]
[BROADCAST_OK] {"src":"n1","dest":"n4","body":{"type":"broadcast_ok","in_reply_to":13,"msg_id":20}}
[BROADCAST_OK] {"src":"n1","dest":"n2","body":{"type":"broadcast_ok","in_reply_to":36,"msg_id":20}}
[RECEIVED] {"id":288,"src":"c10","dest":"n1","body":{"type":"read","msg_id":12}}
[CALLBACK MATCH] msg_id=12
[MATCH READ]
[READ_OK] {"src":"n1","dest":"c10","body":{"type":"read_ok","messages":["0","1","10","11","12","13","14","15","17","18","2","3","4","5","6","7","8","9"],"in_reply_to":12,"msg_id":20}}
[RECEIVED] {"id":290,"src":"c10","dest":"n1","body":{"type":"read","msg_id":13}}
[MATCH READ]
[READ_OK] {"src":"n1","dest":"c10","body":{"type":"read_ok","messages":["0","1","10","11","12","13","14","15","17","18","2","3","4","5","6","7","8","9"],"in_reply_to":13,"msg_id":20}}
[RECEIVED] {"id":297,"src":"n4","dest":"n1","body":{"type":"broadcast","message":"19","msg_id":14}}
[CALLBACK MATCH] msg_id=14
[MATCH BROADCAST]
BEGIN GOSSIP
NEIGHBORS: n2
GOSSIP LOOP
LOOP ITER
[BROADCAST] {"src":"n1","dest":"n2","body":{"type":"broadcast","message":"19","msg_id":20}}
[BROADCAST_OK] {"src":"n1","dest":"n4","body":{"type":"broadcast_ok","in_reply_to":14,"msg_id":20}}
[RECEIVED] {"id":304,"src":"n2","dest":"n1","body":{"type":"broadcast","message":"19","msg_id":38}}
[MATCH BROADCAST]
[BROADCAST_OK] {"src":"n1","dest":"n2","body":{"type":"broadcast_ok","in_reply_to":38,"msg_id":21}}
[RECEIVED] {"id":307,"src":"n2","dest":"n1","body":{"type":"broadcast_ok","in_reply_to":20,"msg_id":40}}
[MATCH UNKNOWN]
[RECEIVED] {"id":310,"src":"c10","dest":"n1","body":{"type":"broadcast","message":20,"msg_id":14}}
[MATCH BROADCAST]
BEGIN GOSSIP
NEIGHBORS: n2, n4
GOSSIP LOOP
LOOP ITER
[BROADCAST] {"src":"n1","dest":"n2","body":{"type":"broadcast","message":"20","msg_id":21}}
LOOP ITER
[BROADCAST] {"src":"n1","dest":"n4","body":{"type":"broadcast","message":"20","msg_id":22}}
[BROADCAST_OK] {"src":"n1","dest":"c10","body":{"type":"broadcast_ok","in_reply_to":14,"msg_id":21}}
[RECEIVED] {"id":316,"src":"n2","dest":"n1","body":{"type":"broadcast_ok","in_reply_to":21,"msg_id":40}}
[MATCH UNKNOWN]
[RECEIVED] {"id":318,"src":"n4","dest":"n1","body":{"type":"broadcast_ok","in_reply_to":22,"msg_id":16}}
[MATCH UNKNOWN]
[RECEIVED] {"id":322,"src":"c10","dest":"n1","body":{"type":"read","msg_id":15}}
[CALLBACK MATCH] msg_id=15
[MATCH READ]
[READ_OK] {"src":"n1","dest":"c10","body":{"type":"read_ok","messages":["0","1","10","11","12","13","14","15","17","18","19","2","20","3","4","5","6","7","8","9"],"in_reply_to":15,"msg_id":23}}
[RECEIVED] {"id":325,"src":"n2","dest":"n1","body":{"type":"broadcast","message":"21","msg_id":42}}
[MATCH BROADCAST]
BEGIN GOSSIP
NEIGHBORS: n4
GOSSIP LOOP
LOOP ITER
[BROADCAST] {"src":"n1","dest":"n4","body":{"type":"broadcast","message":"21","msg_id":23}}
[BROADCAST_OK] {"src":"n1","dest":"n2","body":{"type":"broadcast_ok","in_reply_to":42,"msg_id":23}}
[RECEIVED] {"id":335,"src":"n4","dest":"n1","body":{"type":"broadcast_ok","in_reply_to":23,"msg_id":17}}
[MATCH UNKNOWN]
[RECEIVED] {"id":339,"src":"n2","dest":"n1","body":{"type":"broadcast","message":"22","msg_id":45}}
[MATCH BROADCAST]
BEGIN GOSSIP
NEIGHBORS: n4
GOSSIP LOOP
LOOP ITER
[BROADCAST] {"src":"n1","dest":"n4","body":{"type":"broadcast","message":"22","msg_id":24}}
[BROADCAST_OK] {"src":"n1","dest":"n2","body":{"type":"broadcast_ok","in_reply_to":45,"msg_id":24}}
[RECEIVED] {"id":346,"src":"n4","dest":"n1","body":{"type":"broadcast_ok","in_reply_to":24,"msg_id":17}}
[MATCH UNKNOWN]
[RECEIVED] {"id":352,"src":"c10","dest":"n1","body":{"type":"read","msg_id":16}}
[CALLBACK MATCH] msg_id=16
[MATCH READ]
[READ_OK] {"src":"n1","dest":"c10","body":{"type":"read_ok","messages":["0","1","10","11","12","13","14","15","17","18","19","2","20","21","22","3","4","5","6","7","8","9"],"in_reply_to":16,"msg_id":25}}
[RECEIVED] {"id":354,"src":"c10","dest":"n1","body":{"type":"broadcast","message":23,"msg_id":17}}
[CALLBACK MATCH] msg_id=17
[MATCH BROADCAST]
BEGIN GOSSIP
NEIGHBORS: n2, n4
GOSSIP LOOP
LOOP ITER
[BROADCAST] {"src":"n1","dest":"n2","body":{"type":"broadcast","message":"23","msg_id":25}}
LOOP ITER
[BROADCAST] {"src":"n1","dest":"n4","body":{"type":"broadcast","message":"23","msg_id":26}}
[BROADCAST_OK] {"src":"n1","dest":"c10","body":{"type":"broadcast_ok","in_reply_to":17,"msg_id":25}}
[RECEIVED] {"id":361,"src":"n2","dest":"n1","body":{"type":"broadcast_ok","in_reply_to":25,"msg_id":47}}
[MATCH UNKNOWN]
[RECEIVED] {"id":362,"src":"n4","dest":"n1","body":{"type":"broadcast_ok","in_reply_to":26,"msg_id":17}}
[MATCH UNKNOWN]
[RECEIVED] {"id":367,"src":"n2","dest":"n1","body":{"type":"broadcast","message":"24","msg_id":49}}
[MATCH BROADCAST]
BEGIN GOSSIP
NEIGHBORS: n4
GOSSIP LOOP
LOOP ITER
[BROADCAST] {"src":"n1","dest":"n4","body":{"type":"broadcast","message":"24","msg_id":27}}
[BROADCAST_OK] {"src":"n1","dest":"n2","body":{"type":"broadcast_ok","in_reply_to":49,"msg_id":27}}
[RECEIVED] {"id":376,"src":"n4","dest":"n1","body":{"type":"broadcast_ok","in_reply_to":27,"msg_id":18}}
[MATCH UNKNOWN]
[RECEIVED] {"id":381,"src":"n4","dest":"n1","body":{"type":"broadcast","message":"25","msg_id":18}}
[CALLBACK MATCH] msg_id=18
[MATCH BROADCAST]
BEGIN GOSSIP
NEIGHBORS: n2
GOSSIP LOOP
LOOP ITER
[BROADCAST] {"src":"n1","dest":"n2","body":{"type":"broadcast","message":"25","msg_id":28}}
[BROADCAST_OK] {"src":"n1","dest":"n4","body":{"type":"broadcast_ok","in_reply_to":18,"msg_id":28}}
[RECEIVED] {"id":389,"src":"n2","dest":"n1","body":{"type":"broadcast_ok","in_reply_to":28,"msg_id":52}}
[MATCH UNKNOWN]
[RECEIVED] {"id":394,"src":"n2","dest":"n1","body":{"type":"broadcast","message":"26","msg_id":52}}
[MATCH BROADCAST]
[RECEIVED] {"id":396,"src":"n4","dest":"n1","body":{"type":"broadcast","message":"26","msg_id":20}}
BEGIN GOSSIP
[CALLBACK MATCH] msg_id=20
[BROADCAST_OK] {"src":"n1","dest":"n2","body":{"type":"broadcast_ok","in_reply_to":52,"msg_id":29}}
[MATCH BROADCAST]
[BROADCAST_OK] {"src":"n1","dest":"n4","body":{"type":"broadcast_ok","in_reply_to":20,"msg_id":29}}
[RECEIVED] {"id":402,"src":"c10","dest":"n1","body":{"type":"broadcast","message":27,"msg_id":18}}
[MATCH BROADCAST]
BEGIN GOSSIP
NEIGHBORS: n2, n4
GOSSIP LOOP
LOOP ITER
[BROADCAST] {"src":"n1","dest":"n2","body":{"type":"broadcast","message":"27","msg_id":29}}
LOOP ITER
[BROADCAST] {"src":"n1","dest":"n4","body":{"type":"broadcast","message":"27","msg_id":30}}
[BROADCAST_OK] {"src":"n1","dest":"c10","body":{"type":"broadcast_ok","in_reply_to":18,"msg_id":29}}
[RECEIVED] {"id":409,"src":"n4","dest":"n1","body":{"type":"broadcast_ok","in_reply_to":30,"msg_id":21}}
[RECEIVED] {"id":410,"src":"n2","dest":"n1","body":{"type":"broadcast_ok","in_reply_to":29,"msg_id":54}}
[MATCH UNKNOWN]
[MATCH UNKNOWN]
[RECEIVED] {"id":414,"src":"c10","dest":"n1","body":{"type":"broadcast","message":28,"msg_id":19}}
[CALLBACK MATCH] msg_id=19
[MATCH BROADCAST]
BEGIN GOSSIP
NEIGHBORS: n2, n4
GOSSIP LOOP
LOOP ITER
[BROADCAST] {"src":"n1","dest":"n2","body":{"type":"broadcast","message":"28","msg_id":31}}
LOOP ITER
[BROADCAST] {"src":"n1","dest":"n4","body":{"type":"broadcast","message":"28","msg_id":32}}
[BROADCAST_OK] {"src":"n1","dest":"c10","body":{"type":"broadcast_ok","in_reply_to":19,"msg_id":31}}
[RECEIVED] {"id":420,"src":"n4","dest":"n1","body":{"type":"broadcast_ok","in_reply_to":32,"msg_id":22}}
[MATCH UNKNOWN]
[RECEIVED] {"id":422,"src":"n2","dest":"n1","body":{"type":"broadcast_ok","in_reply_to":31,"msg_id":56}}
[MATCH UNKNOWN]
[RECEIVED] {"id":427,"src":"n2","dest":"n1","body":{"type":"broadcast","message":"29","msg_id":58}}
[MATCH BROADCAST]
BEGIN GOSSIP
NEIGHBORS: n4
GOSSIP LOOP
LOOP ITER
[BROADCAST] {"src":"n1","dest":"n4","body":{"type":"broadcast","message":"29","msg_id":33}}
[BROADCAST_OK] {"src":"n1","dest":"n2","body":{"type":"broadcast_ok","in_reply_to":58,"msg_id":33}}
[RECEIVED] {"id":435,"src":"n4","dest":"n1","body":{"type":"broadcast_ok","in_reply_to":33,"msg_id":23}}
[MATCH UNKNOWN]
[RECEIVED] {"id":443,"src":"n2","dest":"n1","body":{"type":"broadcast","message":"30","msg_id":61}}
[MATCH BROADCAST]
BEGIN GOSSIP
NEIGHBORS: n4
GOSSIP LOOP
LOOP ITER
[BROADCAST] {"src":"n1","dest":"n4","body":{"type":"broadcast","message":"30","msg_id":34}}
[BROADCAST_OK] {"src":"n1","dest":"n2","body":{"type":"broadcast_ok","in_reply_to":61,"msg_id":34}}
[RECEIVED] {"id":450,"src":"n4","dest":"n1","body":{"type":"broadcast_ok","in_reply_to":34,"msg_id":24}}
[MATCH UNKNOWN]
[RECEIVED] {"id":453,"src":"n4","dest":"n1","body":{"type":"broadcast","message":"31","msg_id":24}}
[CALLBACK MATCH] msg_id=24
[MATCH BROADCAST]
BEGIN GOSSIP
NEIGHBORS: n2
GOSSIP LOOP
LOOP ITER
[BROADCAST] {"src":"n1","dest":"n2","body":{"type":"broadcast","message":"31","msg_id":35}}
[BROADCAST_OK] {"src":"n1","dest":"n4","body":{"type":"broadcast_ok","in_reply_to":24,"msg_id":35}}
[RECEIVED] {"id":463,"src":"n2","dest":"n1","body":{"type":"broadcast_ok","in_reply_to":35,"msg_id":63}}
[MATCH UNKNOWN]
[RECEIVED] {"id":466,"src":"c10","dest":"n1","body":{"type":"read","msg_id":20}}
[MATCH READ]
[READ_OK] {"src":"n1","dest":"c10","body":{"type":"read_ok","messages":["0","1","10","11","12","13","14","15","17","18","19","2","20","21","22","23","24","25","26","27","28","29","3","30","31","4","5","6","7","8","9"],"in_reply_to":20,"msg_id":36}}
[RECEIVED] {"id":468,"src":"c10","dest":"n1","body":{"type":"broadcast","message":33,"msg_id":21}}
[CALLBACK MATCH] msg_id=21
[MATCH BROADCAST]
BEGIN GOSSIP
NEIGHBORS: n2, n4
GOSSIP LOOP
LOOP ITER
[BROADCAST] {"src":"n1","dest":"n2","body":{"type":"broadcast","message":"33","msg_id":36}}
LOOP ITER
[BROADCAST] {"src":"n1","dest":"n4","body":{"type":"broadcast","message":"33","msg_id":37}}
[BROADCAST_OK] {"src":"n1","dest":"c10","body":{"type":"broadcast_ok","in_reply_to":21,"msg_id":36}}
[RECEIVED] {"id":475,"src":"n2","dest":"n1","body":{"type":"broadcast_ok","in_reply_to":36,"msg_id":65}}
[RECEIVED] {"id":476,"src":"n4","dest":"n1","body":{"type":"broadcast_ok","in_reply_to":37,"msg_id":26}}
[MATCH UNKNOWN]
[MATCH UNKNOWN]
[RECEIVED] {"id":488,"src":"c10","dest":"n1","body":{"type":"broadcast","message":34,"msg_id":22}}
[CALLBACK MATCH] msg_id=22
[MATCH BROADCAST]
BEGIN GOSSIP
NEIGHBORS: n2, n4
GOSSIP LOOP
LOOP ITER
[BROADCAST] {"src":"n1","dest":"n2","body":{"type":"broadcast","message":"34","msg_id":38}}
LOOP ITER
[BROADCAST] {"src":"n1","dest":"n4","body":{"type":"broadcast","message":"34","msg_id":39}}
[BROADCAST_OK] {"src":"n1","dest":"c10","body":{"type":"broadcast_ok","in_reply_to":22,"msg_id":38}}
[RECEIVED] {"id":494,"src":"n4","dest":"n1","body":{"type":"broadcast_ok","in_reply_to":39,"msg_id":27}}
[MATCH UNKNOWN]
[RECEIVED] {"id":496,"src":"n2","dest":"n1","body":{"type":"broadcast_ok","in_reply_to":38,"msg_id":67}}
[MATCH UNKNOWN]
[RECEIVED] {"id":500,"src":"c10","dest":"n1","body":{"type":"broadcast","message":35,"msg_id":23}}
[CALLBACK MATCH] msg_id=23
[MATCH BROADCAST]
BEGIN GOSSIP
NEIGHBORS: n2, n4
GOSSIP LOOP
LOOP ITER
[BROADCAST] {"src":"n1","dest":"n2","body":{"type":"broadcast","message":"35","msg_id":40}}
LOOP ITER
[BROADCAST] {"src":"n1","dest":"n4","body":{"type":"broadcast","message":"35","msg_id":41}}
[BROADCAST_OK] {"src":"n1","dest":"c10","body":{"type":"broadcast_ok","in_reply_to":23,"msg_id":40}}
[RECEIVED] {"id":506,"src":"n2","dest":"n1","body":{"type":"broadcast_ok","in_reply_to":40,"msg_id":69}}
[MATCH UNKNOWN]
[RECEIVED] {"id":511,"src":"n4","dest":"n1","body":{"type":"broadcast_ok","in_reply_to":41,"msg_id":28}}
[MATCH UNKNOWN]
[RECEIVED] {"id":519,"src":"n2","dest":"n1","body":{"type":"broadcast","message":"36","msg_id":71}}
[MATCH BROADCAST]
BEGIN GOSSIP
NEIGHBORS: n4
GOSSIP LOOP
LOOP ITER
[BROADCAST] {"src":"n1","dest":"n4","body":{"type":"broadcast","message":"36","msg_id":42}}
[BROADCAST_OK] {"src":"n1","dest":"n2","body":{"type":"broadcast_ok","in_reply_to":71,"msg_id":42}}
[RECEIVED] {"id":527,"src":"n4","dest":"n1","body":{"type":"broadcast_ok","in_reply_to":42,"msg_id":29}}
[MATCH UNKNOWN]
[RECEIVED] {"id":529,"src":"n4","dest":"n1","body":{"type":"broadcast","message":"37","msg_id":29}}
[CALLBACK MATCH] msg_id=29
[MATCH BROADCAST]
BEGIN GOSSIP
NEIGHBORS: n2
GOSSIP LOOP
LOOP ITER
[BROADCAST] {"src":"n1","dest":"n2","body":{"type":"broadcast","message":"37","msg_id":43}}
[BROADCAST_OK] {"src":"n1","dest":"n4","body":{"type":"broadcast_ok","in_reply_to":29,"msg_id":43}}
[RECEIVED] {"id":536,"src":"n2","dest":"n1","body":{"type":"broadcast_ok","in_reply_to":43,"msg_id":73}}
[MATCH UNKNOWN]
[RECEIVED] {"id":542,"src":"n4","dest":"n1","body":{"type":"broadcast","message":"38","msg_id":31}}
[CALLBACK MATCH] msg_id=31
[MATCH BROADCAST]
BEGIN GOSSIP
NEIGHBORS: n2
GOSSIP LOOP
LOOP ITER
[BROADCAST] {"src":"n1","dest":"n2","body":{"type":"broadcast","message":"38","msg_id":44}}
[BROADCAST_OK] {"src":"n1","dest":"n4","body":{"type":"broadcast_ok","in_reply_to":31,"msg_id":44}}
[RECEIVED] {"id":546,"src":"n2","dest":"n1","body":{"type":"broadcast","message":"38","msg_id":73}}
[MATCH BROADCAST]
[BROADCAST_OK] {"src":"n1","dest":"n2","body":{"type":"broadcast_ok","in_reply_to":73,"msg_id":45}}
[RECEIVED] {"id":548,"src":"n2","dest":"n1","body":{"type":"broadcast_ok","in_reply_to":44,"msg_id":74}}
[MATCH UNKNOWN]
[RECEIVED] {"id":550,"src":"c10","dest":"n1","body":{"type":"read","msg_id":24}}
[MATCH READ]
[READ_OK] {"src":"n1","dest":"c10","body":{"type":"read_ok","messages":["0","1","10","11","12","13","14","15","17","18","19","2","20","21","22","23","24","25","26","27","28","29","3","30","31","33","34","35","36","37","38","4","5","6","7","8","9"],"in_reply_to":24,"msg_id":45}}
[RECEIVED] {"id":552,"src":"c10","dest":"n1","body":{"type":"broadcast","message":39,"msg_id":25}}
[CALLBACK MATCH] msg_id=25
[MATCH BROADCAST]
BEGIN GOSSIP
NEIGHBORS: n2, n4
GOSSIP LOOP
LOOP ITER
[BROADCAST] {"src":"n1","dest":"n2","body":{"type":"broadcast","message":"39","msg_id":45}}
LOOP ITER
[BROADCAST] {"src":"n1","dest":"n4","body":{"type":"broadcast","message":"39","msg_id":46}}
[BROADCAST_OK] {"src":"n1","dest":"c10","body":{"type":"broadcast_ok","in_reply_to":25,"msg_id":45}}
[RECEIVED] {"id":559,"src":"n4","dest":"n1","body":{"type":"broadcast_ok","in_reply_to":46,"msg_id":32}}
[MATCH UNKNOWN]
[RECEIVED] {"id":560,"src":"n2","dest":"n1","body":{"type":"broadcast_ok","in_reply_to":45,"msg_id":74}}
[MATCH UNKNOWN]
[RECEIVED] {"id":572,"src":"c10","dest":"n1","body":{"type":"read","msg_id":26}}
[CALLBACK MATCH] msg_id=26
[MATCH READ]
[READ_OK] {"src":"n1","dest":"c10","body":{"type":"read_ok","messages":["0","1","10","11","12","13","14","15","17","18","19","2","20","21","22","23","24","25","26","27","28","29","3","30","31","33","34","35","36","37","38","39","4","5","6","7","8","9"],"in_reply_to":26,"msg_id":47}}
[RECEIVED] {"id":574,"src":"c10","dest":"n1","body":{"type":"read","msg_id":27}}
[CALLBACK MATCH] msg_id=27
[MATCH READ]
[READ_OK] {"src":"n1","dest":"c10","body":{"type":"read_ok","messages":["0","1","10","11","12","13","14","15","17","18","19","2","20","21","22","23","24","25","26","27","28","29","3","30","31","33","34","35","36","37","38","39","4","5","6","7","8","9"],"in_reply_to":27,"msg_id":47}}
[RECEIVED] {"id":581,"src":"n4","dest":"n1","body":{"type":"broadcast","message":"40","msg_id":33}}
[CALLBACK MATCH] msg_id=33
[MATCH BROADCAST]
BEGIN GOSSIP
NEIGHBORS: n2
GOSSIP LOOP
LOOP ITER
[BROADCAST] {"src":"n1","dest":"n2","body":{"type":"broadcast","message":"40","msg_id":47}}
[BROADCAST_OK] {"src":"n1","dest":"n4","body":{"type":"broadcast_ok","in_reply_to":33,"msg_id":47}}
[RECEIVED] {"id":589,"src":"n2","dest":"n1","body":{"type":"broadcast_ok","in_reply_to":47,"msg_id":76}}
[MATCH UNKNOWN]
[RECEIVED] {"id":592,"src":"c10","dest":"n1","body":{"type":"broadcast","message":41,"msg_id":28}}
[CALLBACK MATCH] msg_id=28
[MATCH BROADCAST]
BEGIN GOSSIP
NEIGHBORS: n2, n4
GOSSIP LOOP
LOOP ITER
[BROADCAST] {"src":"n1","dest":"n2","body":{"type":"broadcast","message":"41","msg_id":48}}
LOOP ITER
[BROADCAST] {"src":"n1","dest":"n4","body":{"type":"broadcast","message":"41","msg_id":49}}
[BROADCAST_OK] {"src":"n1","dest":"c10","body":{"type":"broadcast_ok","in_reply_to":28,"msg_id":48}}
[RECEIVED] {"id":598,"src":"c10","dest":"n1","body":{"type":"read","msg_id":29}}
[RECEIVED] {"id":599,"src":"n4","dest":"n1","body":{"type":"broadcast_ok","in_reply_to":49,"msg_id":35}}
[MATCH READ]
[MATCH UNKNOWN]
[RECEIVED] {"id":601,"src":"n2","dest":"n1","body":{"type":"broadcast_ok","in_reply_to":48,"msg_id":76}}
[READ_OK] {"src":"n1","dest":"c10","body":{"type":"read_ok","messages":["0","1","10","11","12","13","14","15","17","18","19","2","20","21","22","23","24","25","26","27","28","29","3","30","31","33","34","35","36","37","38","39","4","40","41","5","6","7","8","9"],"in_reply_to":29,"msg_id":50}}
[MATCH UNKNOWN]
[RECEIVED] {"id":607,"src":"n2","dest":"n1","body":{"type":"broadcast","message":"42","msg_id":78}}
[MATCH BROADCAST]
BEGIN GOSSIP
NEIGHBORS: n4
GOSSIP LOOP
LOOP ITER
[BROADCAST] {"src":"n1","dest":"n4","body":{"type":"broadcast","message":"42","msg_id":50}}
[BROADCAST_OK] {"src":"n1","dest":"n2","body":{"type":"broadcast_ok","in_reply_to":78,"msg_id":50}}
[RECEIVED] {"id":616,"src":"n4","dest":"n1","body":{"type":"broadcast_ok","in_reply_to":50,"msg_id":36}}
[MATCH UNKNOWN]
[RECEIVED] {"id":621,"src":"n4","dest":"n1","body":{"type":"broadcast","message":"43","msg_id":37}}
[CALLBACK MATCH] msg_id=37
[MATCH BROADCAST]
BEGIN GOSSIP
NEIGHBORS: n2
GOSSIP LOOP
LOOP ITER
[BROADCAST] {"src":"n1","dest":"n2","body":{"type":"broadcast","message":"43","msg_id":51}}
[BROADCAST_OK] {"src":"n1","dest":"n4","body":{"type":"broadcast_ok","in_reply_to":37,"msg_id":51}}
[RECEIVED] {"id":629,"src":"n2","dest":"n1","body":{"type":"broadcast_ok","in_reply_to":51,"msg_id":81}}
[MATCH UNKNOWN]
[RECEIVED] {"id":634,"src":"n4","dest":"n1","body":{"type":"broadcast","message":"44","msg_id":39}}
[RECEIVED] {"id":635,"src":"n2","dest":"n1","body":{"type":"broadcast","message":"44","msg_id":81}}
[CALLBACK MATCH] msg_id=39
[MATCH BROADCAST]
[MATCH BROADCAST]
[BROADCAST_OK] {"src":"n1","dest":"n4","body":{"type":"broadcast_ok","in_reply_to":39,"msg_id":52}}
[BROADCAST_OK] {"src":"n1","dest":"n2","body":{"type":"broadcast_ok","in_reply_to":81,"msg_id":52}}
[RECEIVED] {"id":642,"src":"c10","dest":"n1","body":{"type":"read","msg_id":30}}
[CALLBACK MATCH] msg_id=30
[MATCH READ]
[READ_OK] {"src":"n1","dest":"c10","body":{"type":"read_ok","messages":["0","1","10","11","12","13","14","15","17","18","19","2","20","21","22","23","24","25","26","27","28","29","3","30","31","33","34","35","36","37","38","39","4","40","41","42","43","44","5","6","7","8","9"],"in_reply_to":30,"msg_id":52}}
[RECEIVED] {"id":644,"src":"c10","dest":"n1","body":{"type":"read","msg_id":31}}
[MATCH READ]
[READ_OK] {"src":"n1","dest":"c10","body":{"type":"read_ok","messages":["0","1","10","11","12","13","14","15","17","18","19","2","20","21","22","23","24","25","26","27","28","29","3","30","31","33","34","35","36","37","38","39","4","40","41","42","43","44","5","6","7","8","9"],"in_reply_to":31,"msg_id":52}}
[RECEIVED] {"id":647,"src":"n2","dest":"n1","body":{"type":"broadcast","message":"45","msg_id":83}}
[MATCH BROADCAST]
BEGIN GOSSIP
[RECEIVED] {"id":654,"src":"n4","dest":"n1","body":{"type":"broadcast","message":"45","msg_id":40}}
NEIGHBORS: n4
[CALLBACK MATCH] msg_id=40
[BROADCAST_OK] {"src":"n1","dest":"n2","body":{"type":"broadcast_ok","in_reply_to":83,"msg_id":52}}
[MATCH BROADCAST]
[BROADCAST_OK] {"src":"n1","dest":"n4","body":{"type":"broadcast_ok","in_reply_to":40,"msg_id":52}}
[RECEIVED] {"id":661,"src":"n2","dest":"n1","body":{"type":"broadcast","message":"46","msg_id":86}}
[MATCH BROADCAST]
BEGIN GOSSIP
NEIGHBORS: n4
GOSSIP LOOP
LOOP ITER
[BROADCAST] {"src":"n1","dest":"n4","body":{"type":"broadcast","message":"46","msg_id":52}}
[BROADCAST_OK] {"src":"n1","dest":"n2","body":{"type":"broadcast_ok","in_reply_to":86,"msg_id":52}}
[RECEIVED] {"id":668,"src":"n4","dest":"n1","body":{"type":"broadcast_ok","in_reply_to":52,"msg_id":41}}
[MATCH UNKNOWN]
[RECEIVED] {"id":671,"src":"n4","dest":"n1","body":{"type":"broadcast","message":"47","msg_id":41}}
[CALLBACK MATCH] msg_id=41
[MATCH BROADCAST]
BEGIN GOSSIP
NEIGHBORS: n2
GOSSIP LOOP
LOOP ITER
[BROADCAST] {"src":"n1","dest":"n2","body":{"type":"broadcast","message":"47","msg_id":53}}
[BROADCAST_OK] {"src":"n1","dest":"n4","body":{"type":"broadcast_ok","in_reply_to":41,"msg_id":53}}
[RECEIVED] {"id":678,"src":"n2","dest":"n1","body":{"type":"broadcast_ok","in_reply_to":53,"msg_id":88}}
[MATCH UNKNOWN]
[RECEIVED] {"id":684,"src":"n2","dest":"n1","body":{"type":"broadcast","message":"48","msg_id":88}}
[RECEIVED] {"id":685,"src":"n4","dest":"n1","body":{"type":"broadcast","message":"48","msg_id":43}}
[MATCH BROADCAST]
[CALLBACK MATCH] msg_id=43
[MATCH BROADCAST]
[BROADCAST_OK] {"src":"n1","dest":"n4","body":{"type":"broadcast_ok","in_reply_to":43,"msg_id":54}}
[BROADCAST_OK] {"src":"n1","dest":"n2","body":{"type":"broadcast_ok","in_reply_to":88,"msg_id":54}}
[RECEIVED] {"id":692,"src":"c10","dest":"n1","body":{"type":"read","msg_id":32}}
[CALLBACK MATCH] msg_id=32
[MATCH READ]
[READ_OK] {"src":"n1","dest":"c10","body":{"type":"read_ok","messages":["0","1","10","11","12","13","14","15","17","18","19","2","20","21","22","23","24","25","26","27","28","29","3","30","31","33","34","35","36","37","38","39","4","40","41","42","43","44","45","46","47","48","5","6","7","8","9"],"in_reply_to":32,"msg_id":54}}
[RECEIVED] {"id":694,"src":"c10","dest":"n1","body":{"type":"broadcast","message":49,"msg_id":33}}
[MATCH BROADCAST]
BEGIN GOSSIP
NEIGHBORS: n2, n4
GOSSIP LOOP
LOOP ITER
[BROADCAST] {"src":"n1","dest":"n2","body":{"type":"broadcast","message":"49","msg_id":54}}
LOOP ITER
[BROADCAST] {"src":"n1","dest":"n4","body":{"type":"broadcast","message":"49","msg_id":55}}
[BROADCAST_OK] {"src":"n1","dest":"c10","body":{"type":"broadcast_ok","in_reply_to":33,"msg_id":54}}
[RECEIVED] {"id":700,"src":"n4","dest":"n1","body":{"type":"broadcast_ok","in_reply_to":55,"msg_id":44}}
[MATCH UNKNOWN]
[RECEIVED] {"id":702,"src":"n2","dest":"n1","body":{"type":"broadcast_ok","in_reply_to":54,"msg_id":90}}
[MATCH UNKNOWN]
[RECEIVED] {"id":707,"src":"n2","dest":"n1","body":{"type":"broadcast","message":"50","msg_id":92}}
[MATCH BROADCAST]
BEGIN GOSSIP
NEIGHBORS: n4
GOSSIP LOOP
LOOP ITER
[BROADCAST] {"src":"n1","dest":"n4","body":{"type":"broadcast","message":"50","msg_id":56}}
[BROADCAST_OK] {"src":"n1","dest":"n2","body":{"type":"broadcast_ok","in_reply_to":92,"msg_id":56}}
[RECEIVED] {"id":716,"src":"n4","dest":"n1","body":{"type":"broadcast_ok","in_reply_to":56,"msg_id":45}}
[MATCH UNKNOWN]
[RECEIVED] {"id":721,"src":"n2","dest":"n1","body":{"type":"broadcast","message":"51","msg_id":95}}
[MATCH BROADCAST]
BEGIN GOSSIP
NEIGHBORS: n4
GOSSIP LOOP
LOOP ITER
[BROADCAST] {"src":"n1","dest":"n4","body":{"type":"broadcast","message":"51","msg_id":57}}
[BROADCAST_OK] {"src":"n1","dest":"n2","body":{"type":"broadcast_ok","in_reply_to":95,"msg_id":57}}
[RECEIVED] {"id":727,"src":"n4","dest":"n1","body":{"type":"broadcast_ok","in_reply_to":57,"msg_id":46}}
[MATCH UNKNOWN]
[RECEIVED] {"id":733,"src":"n4","dest":"n1","body":{"type":"broadcast","message":"52","msg_id":47}}
[CALLBACK MATCH] msg_id=47
[MATCH BROADCAST]
BEGIN GOSSIP
NEIGHBORS: n2
GOSSIP LOOP
LOOP ITER
[BROADCAST] {"src":"n1","dest":"n2","body":{"type":"broadcast","message":"52","msg_id":58}}
[BROADCAST_OK] {"src":"n1","dest":"n4","body":{"type":"broadcast_ok","in_reply_to":47,"msg_id":58}}
[RECEIVED] {"id":740,"src":"n2","dest":"n1","body":{"type":"broadcast_ok","in_reply_to":58,"msg_id":97}}
[MATCH UNKNOWN]
[RECEIVED] {"id":744,"src":"c10","dest":"n1","body":{"type":"broadcast","message":53,"msg_id":34}}
[CALLBACK MATCH] msg_id=34
[MATCH BROADCAST]
BEGIN GOSSIP
NEIGHBORS: n2, n4
GOSSIP LOOP
LOOP ITER
[BROADCAST] {"src":"n1","dest":"n2","body":{"type":"broadcast","message":"53","msg_id":59}}
LOOP ITER
[BROADCAST] {"src":"n1","dest":"n4","body":{"type":"broadcast","message":"53","msg_id":60}}
[BROADCAST_OK] {"src":"n1","dest":"c10","body":{"type":"broadcast_ok","in_reply_to":34,"msg_id":59}}
[RECEIVED] {"id":750,"src":"n4","dest":"n1","body":{"type":"broadcast_ok","in_reply_to":60,"msg_id":49}}
[MATCH UNKNOWN]
[RECEIVED] {"id":752,"src":"n2","dest":"n1","body":{"type":"broadcast_ok","in_reply_to":59,"msg_id":97}}
[MATCH UNKNOWN]
[RECEIVED] {"id":756,"src":"c10","dest":"n1","body":{"type":"read","msg_id":35}}
[CALLBACK MATCH] msg_id=35
[MATCH READ]
[READ_OK] {"src":"n1","dest":"c10","body":{"type":"read_ok","messages":["0","1","10","11","12","13","14","15","17","18","19","2","20","21","22","23","24","25","26","27","28","29","3","30","31","33","34","35","36","37","38","39","4","40","41","42","43","44","45","46","47","48","49","5","50","51","52","53","6","7","8","9"],"in_reply_to":35,"msg_id":61}}
[RECEIVED] {"id":759,"src":"n2","dest":"n1","body":{"type":"broadcast","message":"54","msg_id":99}}
[MATCH BROADCAST]
BEGIN GOSSIP
NEIGHBORS: n4
GOSSIP LOOP
LOOP ITER
[BROADCAST] {"src":"n1","dest":"n4","body":{"type":"broadcast","message":"54","msg_id":61}}
[BROADCAST_OK] {"src":"n1","dest":"n2","body":{"type":"broadcast_ok","in_reply_to":99,"msg_id":61}}
[RECEIVED] {"id":768,"src":"n4","dest":"n1","body":{"type":"broadcast_ok","in_reply_to":61,"msg_id":50}}
[MATCH UNKNOWN]
[RECEIVED] {"id":773,"src":"n2","dest":"n1","body":{"type":"broadcast","message":"55","msg_id":102}}
[MATCH BROADCAST]
BEGIN GOSSIP
NEIGHBORS: n4
GOSSIP LOOP
LOOP ITER
[BROADCAST] {"src":"n1","dest":"n4","body":{"type":"broadcast","message":"55","msg_id":62}}
[BROADCAST_OK] {"src":"n1","dest":"n2","body":{"type":"broadcast_ok","in_reply_to":102,"msg_id":62}}
[RECEIVED] {"id":781,"src":"n4","dest":"n1","body":{"type":"broadcast_ok","in_reply_to":62,"msg_id":50}}
[MATCH UNKNOWN]
[RECEIVED] {"id":783,"src":"n4","dest":"n1","body":{"type":"broadcast","message":"56","msg_id":50}}
[CALLBACK MATCH] msg_id=50
[MATCH BROADCAST]
BEGIN GOSSIP
NEIGHBORS: n2
GOSSIP LOOP
LOOP ITER
[BROADCAST] {"src":"n1","dest":"n2","body":{"type":"broadcast","message":"56","msg_id":63}}
[BROADCAST_OK] {"src":"n1","dest":"n4","body":{"type":"broadcast_ok","in_reply_to":50,"msg_id":63}}
[RECEIVED] {"id":790,"src":"n2","dest":"n1","body":{"type":"broadcast_ok","in_reply_to":63,"msg_id":104}}
[MATCH UNKNOWN]
[RECEIVED] {"id":796,"src":"n2","dest":"n1","body":{"type":"broadcast","message":"57","msg_id":104}}
[MATCH BROADCAST]
BEGIN GOSSIP
[RECEIVED] {"id":798,"src":"n4","dest":"n1","body":{"type":"broadcast","message":"57","msg_id":52}}
NEIGHBORS: n4
[CALLBACK MATCH] msg_id=52
[BROADCAST_OK] {"src":"n1","dest":"n2","body":{"type":"broadcast_ok","in_reply_to":104,"msg_id":64}}
[MATCH BROADCAST]
[BROADCAST_OK] {"src":"n1","dest":"n4","body":{"type":"broadcast_ok","in_reply_to":52,"msg_id":64}}
[RECEIVED] {"id":804,"src":"c10","dest":"n1","body":{"type":"broadcast","message":58,"msg_id":36}}
[CALLBACK MATCH] msg_id=36
[MATCH BROADCAST]
BEGIN GOSSIP
NEIGHBORS: n2, n4
GOSSIP LOOP
LOOP ITER
[BROADCAST] {"src":"n1","dest":"n2","body":{"type":"broadcast","message":"58","msg_id":64}}
LOOP ITER
[BROADCAST] {"src":"n1","dest":"n4","body":{"type":"broadcast","message":"58","msg_id":65}}
[BROADCAST_OK] {"src":"n1","dest":"c10","body":{"type":"broadcast_ok","in_reply_to":36,"msg_id":64}}
[RECEIVED] {"id":810,"src":"n2","dest":"n1","body":{"type":"broadcast_ok","in_reply_to":64,"msg_id":106}}
[MATCH UNKNOWN]
[RECEIVED] {"id":812,"src":"n4","dest":"n1","body":{"type":"broadcast_ok","in_reply_to":65,"msg_id":53}}
[MATCH UNKNOWN]
[RECEIVED] {"id":818,"src":"c10","dest":"n1","body":{"type":"broadcast","message":59,"msg_id":37}}
[MATCH BROADCAST]
BEGIN GOSSIP
NEIGHBORS: n2, n4
GOSSIP LOOP
LOOP ITER
[BROADCAST] {"src":"n1","dest":"n2","body":{"type":"broadcast","message":"59","msg_id":66}}
LOOP ITER
[BROADCAST] {"src":"n1","dest":"n4","body":{"type":"broadcast","message":"59","msg_id":67}}
[BROADCAST_OK] {"src":"n1","dest":"c10","body":{"type":"broadcast_ok","in_reply_to":37,"msg_id":66}}
[RECEIVED] {"id":825,"src":"n4","dest":"n1","body":{"type":"broadcast_ok","in_reply_to":67,"msg_id":54}}
[RECEIVED] {"id":826,"src":"n2","dest":"n1","body":{"type":"broadcast_ok","in_reply_to":66,"msg_id":108}}
[MATCH UNKNOWN]
[MATCH UNKNOWN]
[RECEIVED] {"id":835,"src":"n2","dest":"n1","body":{"type":"broadcast","message":"61","msg_id":109}}
[MATCH BROADCAST]
BEGIN GOSSIP
NEIGHBORS: n4
GOSSIP LOOP
LOOP ITER
[BROADCAST] {"src":"n1","dest":"n4","body":{"type":"broadcast","message":"61","msg_id":68}}
[BROADCAST_OK] {"src":"n1","dest":"n2","body":{"type":"broadcast_ok","in_reply_to":109,"msg_id":68}}
[RECEIVED] {"id":842,"src":"n4","dest":"n1","body":{"type":"broadcast_ok","in_reply_to":68,"msg_id":55}}
[MATCH UNKNOWN]
[RECEIVED] {"id":845,"src":"n4","dest":"n1","body":{"type":"broadcast","message":"62","msg_id":55}}
[CALLBACK MATCH] msg_id=55
[MATCH BROADCAST]
BEGIN GOSSIP
NEIGHBORS: n2
GOSSIP LOOP
LOOP ITER
[BROADCAST] {"src":"n1","dest":"n2","body":{"type":"broadcast","message":"62","msg_id":69}}
[BROADCAST_OK] {"src":"n1","dest":"n4","body":{"type":"broadcast_ok","in_reply_to":55,"msg_id":69}}
[RECEIVED] {"id":852,"src":"n2","dest":"n1","body":{"type":"broadcast_ok","in_reply_to":69,"msg_id":111}}
[MATCH UNKNOWN]
[RECEIVED] {"id":858,"src":"n2","dest":"n1","body":{"type":"broadcast","message":"63","msg_id":111}}
[MATCH BROADCAST]
[RECEIVED] {"id":859,"src":"n4","dest":"n1","body":{"type":"broadcast","message":"63","msg_id":57}}
BEGIN GOSSIP
[CALLBACK MATCH] msg_id=57
[BROADCAST_OK] {"src":"n1","dest":"n2","body":{"type":"broadcast_ok","in_reply_to":111,"msg_id":70}}
[MATCH BROADCAST]
[BROADCAST_OK] {"src":"n1","dest":"n4","body":{"type":"broadcast_ok","in_reply_to":57,"msg_id":70}}
[RECEIVED] {"id":866,"src":"c10","dest":"n1","body":{"type":"broadcast","message":64,"msg_id":38}}
[CALLBACK MATCH] msg_id=38
[MATCH BROADCAST]
BEGIN GOSSIP
NEIGHBORS: n2, n4
GOSSIP LOOP
LOOP ITER
[BROADCAST] {"src":"n1","dest":"n2","body":{"type":"broadcast","message":"64","msg_id":70}}
LOOP ITER
[BROADCAST] {"src":"n1","dest":"n4","body":{"type":"broadcast","message":"64","msg_id":71}}
[BROADCAST_OK] {"src":"n1","dest":"c10","body":{"type":"broadcast_ok","in_reply_to":38,"msg_id":70}}
[RECEIVED] {"id":872,"src":"n4","dest":"n1","body":{"type":"broadcast_ok","in_reply_to":71,"msg_id":58}}
[MATCH UNKNOWN]
[RECEIVED] {"id":876,"src":"n2","dest":"n1","body":{"type":"broadcast_ok","in_reply_to":70,"msg_id":113}}
[MATCH UNKNOWN]
[RECEIVED] {"id":878,"src":"c10","dest":"n1","body":{"type":"read","msg_id":39}}
[MATCH READ]
[READ_OK] {"src":"n1","dest":"c10","body":{"type":"read_ok","messages":["0","1","10","11","12","13","14","15","17","18","19","2","20","21","22","23","24","25","26","27","28","29","3","30","31","33","34","35","36","37","38","39","4","40","41","42","43","44","45","46","47","48","49","5","50","51","52","53","54","55","56","57","58","59","6","61","62","63","64","7","8","9"],"in_reply_to":39,"msg_id":72}}
[RECEIVED] {"id":881,"src":"n2","dest":"n1","body":{"type":"broadcast","message":"65","msg_id":115}}
[MATCH BROADCAST]
BEGIN GOSSIP
NEIGHBORS: n4
GOSSIP LOOP
LOOP ITER
[BROADCAST] {"src":"n1","dest":"n4","body":{"type":"broadcast","message":"65","msg_id":72}}
[BROADCAST_OK] {"src":"n1","dest":"n2","body":{"type":"broadcast_ok","in_reply_to":115,"msg_id":72}}
[RECEIVED] {"id":889,"src":"n4","dest":"n1","body":{"type":"broadcast_ok","in_reply_to":72,"msg_id":59}}
[MATCH UNKNOWN]
[RECEIVED] {"id":895,"src":"n2","dest":"n1","body":{"type":"broadcast","message":"66","msg_id":118}}
[MATCH BROADCAST]
BEGIN GOSSIP
NEIGHBORS: n4
GOSSIP LOOP
LOOP ITER
[BROADCAST] {"src":"n1","dest":"n4","body":{"type":"broadcast","message":"66","msg_id":73}}
[BROADCAST_OK] {"src":"n1","dest":"n2","body":{"type":"broadcast_ok","in_reply_to":118,"msg_id":73}}
[RECEIVED] {"id":903,"src":"n4","dest":"n1","body":{"type":"broadcast_ok","in_reply_to":73,"msg_id":59}}
[MATCH UNKNOWN]
[RECEIVED] {"id":908,"src":"c10","dest":"n1","body":{"type":"read","msg_id":40}}
[MATCH READ]
[READ_OK] {"src":"n1","dest":"c10","body":{"type":"read_ok","messages":["0","1","10","11","12","13","14","15","17","18","19","2","20","21","22","23","24","25","26","27","28","29","3","30","31","33","34","35","36","37","38","39","4","40","41","42","43","44","45","46","47","48","49","5","50","51","52","53","54","55","56","57","58","59","6","61","62","63","64","65","66","7","8","9"],"in_reply_to":40,"msg_id":74}}
[RECEIVED] {"id":910,"src":"c10","dest":"n1","body":{"type":"read","msg_id":41}}
[MATCH READ]
[READ_OK] {"src":"n1","dest":"c10","body":{"type":"read_ok","messages":["0","1","10","11","12","13","14","15","17","18","19","2","20","21","22","23","24","25","26","27","28","29","3","30","31","33","34","35","36","37","38","39","4","40","41","42","43","44","45","46","47","48","49","5","50","51","52","53","54","55","56","57","58","59","6","61","62","63","64","65","66","7","8","9"],"in_reply_to":41,"msg_id":74}}
[RECEIVED] {"id":917,"src":"n2","dest":"n1","body":{"type":"broadcast","message":"67","msg_id":120}}
[MATCH BROADCAST]
BEGIN GOSSIP
NEIGHBORS: n4
GOSSIP LOOP
LOOP ITER
[BROADCAST] {"src":"n1","dest":"n4","body":{"type":"broadcast","message":"67","msg_id":74}}
[BROADCAST_OK] {"src":"n1","dest":"n2","body":{"type":"broadcast_ok","in_reply_to":120,"msg_id":74}}
[RECEIVED] {"id":925,"src":"n4","dest":"n1","body":{"type":"broadcast_ok","in_reply_to":74,"msg_id":59}}
[MATCH UNKNOWN]
[RECEIVED] {"id":930,"src":"c10","dest":"n1","body":{"type":"read","msg_id":42}}
[CALLBACK MATCH] msg_id=42
[MATCH READ]
[READ_OK] {"src":"n1","dest":"c10","body":{"type":"read_ok","messages":["0","1","10","11","12","13","14","15","17","18","19","2","20","21","22","23","24","25","26","27","28","29","3","30","31","33","34","35","36","37","38","39","4","40","41","42","43","44","45","46","47","48","49","5","50","51","52","53","54","55","56","57","58","59","6","61","62","63","64","65","66","67","7","8","9"],"in_reply_to":42,"msg_id":75}}
[RECEIVED] {"id":932,"src":"c10","dest":"n1","body":{"type":"broadcast","message":68,"msg_id":43}}
[MATCH BROADCAST]
BEGIN GOSSIP
NEIGHBORS: n2, n4
GOSSIP LOOP
LOOP ITER
[BROADCAST] {"src":"n1","dest":"n2","body":{"type":"broadcast","message":"68","msg_id":75}}
LOOP ITER
[BROADCAST] {"src":"n1","dest":"n4","body":{"type":"broadcast","message":"68","msg_id":76}}
[BROADCAST_OK] {"src":"n1","dest":"c10","body":{"type":"broadcast_ok","in_reply_to":43,"msg_id":75}}
[RECEIVED] {"id":938,"src":"n4","dest":"n1","body":{"type":"broadcast_ok","in_reply_to":76,"msg_id":59}}
[MATCH UNKNOWN]
[RECEIVED] {"id":942,"src":"n2","dest":"n1","body":{"type":"broadcast_ok","in_reply_to":75,"msg_id":122}}
[MATCH UNKNOWN]
[RECEIVED] {"id":951,"src":"n2","dest":"n1","body":{"type":"broadcast","message":"69","msg_id":124}}
[MATCH BROADCAST]
BEGIN GOSSIP
NEIGHBORS: n4
GOSSIP LOOP
LOOP ITER
[BROADCAST] {"src":"n1","dest":"n4","body":{"type":"broadcast","message":"69","msg_id":77}}
[BROADCAST_OK] {"src":"n1","dest":"n2","body":{"type":"broadcast_ok","in_reply_to":124,"msg_id":77}}
[RECEIVED] {"id":958,"src":"n4","dest":"n1","body":{"type":"broadcast_ok","in_reply_to":77,"msg_id":60}}
[MATCH UNKNOWN]
[RECEIVED] {"id":961,"src":"n4","dest":"n1","body":{"type":"broadcast","message":"70","msg_id":60}}
[CALLBACK MATCH] msg_id=60
[MATCH BROADCAST]
BEGIN GOSSIP
NEIGHBORS: n2
GOSSIP LOOP
LOOP ITER
[BROADCAST] {"src":"n1","dest":"n2","body":{"type":"broadcast","message":"70","msg_id":78}}
[BROADCAST_OK] {"src":"n1","dest":"n4","body":{"type":"broadcast_ok","in_reply_to":60,"msg_id":78}}
[RECEIVED] {"id":968,"src":"n2","dest":"n1","body":{"type":"broadcast_ok","in_reply_to":78,"msg_id":126}}
[MATCH UNKNOWN]
[RECEIVED] {"id":976,"src":"n4","dest":"n1","body":{"type":"broadcast","message":"71","msg_id":62}}
[RECEIVED] {"id":977,"src":"n2","dest":"n1","body":{"type":"broadcast","message":"71","msg_id":128}}
[CALLBACK MATCH] msg_id=62
[MATCH BROADCAST]
[MATCH BROADCAST]
[BROADCAST_OK] {"src":"n1","dest":"n4","body":{"type":"broadcast_ok","in_reply_to":62,"msg_id":79}}
[BROADCAST_OK] {"src":"n1","dest":"n2","body":{"type":"broadcast_ok","in_reply_to":128,"msg_id":79}}
[RECEIVED] {"id":984,"src":"c10","dest":"n1","body":{"type":"read","msg_id":44}}
[CALLBACK MATCH] msg_id=44
[MATCH READ]
[READ_OK] {"src":"n1","dest":"c10","body":{"type":"read_ok","messages":["0","1","10","11","12","13","14","15","17","18","19","2","20","21","22","23","24","25","26","27","28","29","3","30","31","33","34","35","36","37","38","39","4","40","41","42","43","44","45","46","47","48","49","5","50","51","52","53","54","55","56","57","58","59","6","61","62","63","64","65","66","67","68","69","7","70","71","8","9"],"in_reply_to":44,"msg_id":79}}
[RECEIVED] {"id":986,"src":"c10","dest":"n1","body":{"type":"broadcast","message":72,"msg_id":45}}
[CALLBACK MATCH] msg_id=45
[MATCH BROADCAST]
BEGIN GOSSIP
NEIGHBORS: n2, n4
GOSSIP LOOP
LOOP ITER
[BROADCAST] {"src":"n1","dest":"n2","body":{"type":"broadcast","message":"72","msg_id":79}}
LOOP ITER
[BROADCAST] {"src":"n1","dest":"n4","body":{"type":"broadcast","message":"72","msg_id":80}}
[BROADCAST_OK] {"src":"n1","dest":"c10","body":{"type":"broadcast_ok","in_reply_to":45,"msg_id":79}}
[RECEIVED] {"id":992,"src":"n4","dest":"n1","body":{"type":"broadcast_ok","in_reply_to":80,"msg_id":63}}
[RECEIVED] {"id":994,"src":"n2","dest":"n1","body":{"type":"broadcast_ok","in_reply_to":79,"msg_id":130}}
[MATCH UNKNOWN]
[MATCH UNKNOWN]
[RECEIVED] {"id":1006,"src":"c10","dest":"n1","body":{"type":"broadcast","message":73,"msg_id":46}}
[CALLBACK MATCH] msg_id=46
[MATCH BROADCAST]
BEGIN GOSSIP
NEIGHBORS: n2, n4
GOSSIP LOOP
LOOP ITER
[BROADCAST] {"src":"n1","dest":"n2","body":{"type":"broadcast","message":"73","msg_id":81}}
LOOP ITER
[BROADCAST] {"src":"n1","dest":"n4","body":{"type":"broadcast","message":"73","msg_id":82}}
[BROADCAST_OK] {"src":"n1","dest":"c10","body":{"type":"broadcast_ok","in_reply_to":46,"msg_id":81}}
[RECEIVED] {"id":1012,"src":"n4","dest":"n1","body":{"type":"broadcast_ok","in_reply_to":82,"msg_id":64}}
[MATCH UNKNOWN]
[RECEIVED] {"id":1014,"src":"n2","dest":"n1","body":{"type":"broadcast_ok","in_reply_to":81,"msg_id":132}}
[MATCH UNKNOWN]
[RECEIVED] {"id":1018,"src":"c10","dest":"n1","body":{"type":"read","msg_id":47}}
[MATCH READ]
[READ_OK] {"src":"n1","dest":"c10","body":{"type":"read_ok","messages":["0","1","10","11","12","13","14","15","17","18","19","2","20","21","22","23","24","25","26","27","28","29","3","30","31","33","34","35","36","37","38","39","4","40","41","42","43","44","45","46","47","48","49","5","50","51","52","53","54","55","56","57","58","59","6","61","62","63","64","65","66","67","68","69","7","70","71","72","73","8","9"],"in_reply_to":47,"msg_id":83}}
[RECEIVED] {"id":1021,"src":"n2","dest":"n1","body":{"type":"broadcast","message":"74","msg_id":134}}
[MATCH BROADCAST]
BEGIN GOSSIP
NEIGHBORS: n4
GOSSIP LOOP
LOOP ITER
[BROADCAST] {"src":"n1","dest":"n4","body":{"type":"broadcast","message":"74","msg_id":83}}
[BROADCAST_OK] {"src":"n1","dest":"n2","body":{"type":"broadcast_ok","in_reply_to":134,"msg_id":83}}
[RECEIVED] {"id":1031,"src":"n4","dest":"n1","body":{"type":"broadcast_ok","in_reply_to":83,"msg_id":65}}
[MATCH UNKNOWN]
[RECEIVED] {"id":1040,"src":"n4","dest":"n1","body":{"type":"broadcast","message":"75","msg_id":65}}
[RECEIVED] {"id":1041,"src":"n2","dest":"n1","body":{"type":"broadcast","message":"75","msg_id":137}}
[CALLBACK MATCH] msg_id=65
[MATCH BROADCAST]
[MATCH BROADCAST]
[BROADCAST_OK] {"src":"n1","dest":"n4","body":{"type":"broadcast_ok","in_reply_to":65,"msg_id":84}}
[BROADCAST_OK] {"src":"n1","dest":"n2","body":{"type":"broadcast_ok","in_reply_to":137,"msg_id":84}}
[RECEIVED] {"id":1048,"src":"c10","dest":"n1","body":{"type":"read","msg_id":48}}
[CALLBACK MATCH] msg_id=48
[MATCH READ]
[READ_OK] {"src":"n1","dest":"c10","body":{"type":"read_ok","messages":["0","1","10","11","12","13","14","15","17","18","19","2","20","21","22","23","24","25","26","27","28","29","3","30","31","33","34","35","36","37","38","39","4","40","41","42","43","44","45","46","47","48","49","5","50","51","52","53","54","55","56","57","58","59","6","61","62","63","64","65","66","67","68","69","7","70","71","72","73","74","75","8","9"],"in_reply_to":48,"msg_id":84}}
[RECEIVED] {"id":1050,"src":"c10","dest":"n1","body":{"type":"broadcast","message":76,"msg_id":49}}
[CALLBACK MATCH] msg_id=49
[MATCH BROADCAST]
BEGIN GOSSIP
NEIGHBORS: n2, n4
GOSSIP LOOP
LOOP ITER
[BROADCAST] {"src":"n1","dest":"n2","body":{"type":"broadcast","message":"76","msg_id":84}}
LOOP ITER
[BROADCAST] {"src":"n1","dest":"n4","body":{"type":"broadcast","message":"76","msg_id":85}}
[RECEIVED] {"id":1054,"src":"n2","dest":"n1","body":{"type":"broadcast_ok","in_reply_to":84,"msg_id":139}}
[RECEIVED] {"id":1058,"src":"n4","dest":"n1","body":{"type":"broadcast","message":"76","msg_id":66}}
[BROADCAST_OK] {"src":"n1","dest":"c10","body":{"type":"broadcast_ok","in_reply_to":49,"msg_id":84}}
[MATCH UNKNOWN]
[CALLBACK MATCH] msg_id=66
[MATCH BROADCAST]
[BROADCAST_OK] {"src":"n1","dest":"n4","body":{"type":"broadcast_ok","in_reply_to":66,"msg_id":86}}
[RECEIVED] {"id":1063,"src":"n4","dest":"n1","body":{"type":"broadcast_ok","in_reply_to":85,"msg_id":67}}
[MATCH UNKNOWN]
[RECEIVED] {"id":1065,"src":"n2","dest":"n1","body":{"type":"broadcast","message":"77","msg_id":141}}
[MATCH BROADCAST]
BEGIN GOSSIP
NEIGHBORS: n4
GOSSIP LOOP
LOOP ITER
[BROADCAST] {"src":"n1","dest":"n4","body":{"type":"broadcast","message":"77","msg_id":86}}
[BROADCAST_OK] {"src":"n1","dest":"n2","body":{"type":"broadcast_ok","in_reply_to":141,"msg_id":86}}
[RECEIVED] {"id":1074,"src":"n4","dest":"n1","body":{"type":"broadcast_ok","in_reply_to":86,"msg_id":67}}
[MATCH UNKNOWN]
[RECEIVED] {"id":1079,"src":"n2","dest":"n1","body":{"type":"broadcast","message":"78","msg_id":144}}
[MATCH BROADCAST]
BEGIN GOSSIP
NEIGHBORS: n4
GOSSIP LOOP
LOOP ITER
[BROADCAST] {"src":"n1","dest":"n4","body":{"type":"broadcast","message":"78","msg_id":87}}
[BROADCAST_OK] {"src":"n1","dest":"n2","body":{"type":"broadcast_ok","in_reply_to":144,"msg_id":87}}
[RECEIVED] {"id":1086,"src":"n4","dest":"n1","body":{"type":"broadcast_ok","in_reply_to":87,"msg_id":67}}
[MATCH UNKNOWN]
[RECEIVED] {"id":1094,"src":"n4","dest":"n1","body":{"type":"broadcast","message":"79","msg_id":67}}
[CALLBACK MATCH] msg_id=67
[MATCH BROADCAST]
BEGIN GOSSIP
NEIGHBORS: n2
GOSSIP LOOP
LOOP ITER
[BROADCAST] {"src":"n1","dest":"n2","body":{"type":"broadcast","message":"79","msg_id":88}}
[BROADCAST_OK] {"src":"n1","dest":"n4","body":{"type":"broadcast_ok","in_reply_to":67,"msg_id":88}}
[RECEIVED] {"id":1097,"src":"n2","dest":"n1","body":{"type":"broadcast","message":"79","msg_id":146}}
[MATCH BROADCAST]
[BROADCAST_OK] {"src":"n1","dest":"n2","body":{"type":"broadcast_ok","in_reply_to":146,"msg_id":89}}
[RECEIVED] {"id":1102,"src":"n2","dest":"n1","body":{"type":"broadcast_ok","in_reply_to":88,"msg_id":148}}
[MATCH UNKNOWN]
[RECEIVED] {"id":1104,"src":"c10","dest":"n1","body":{"type":"read","msg_id":50}}
[MATCH READ]
[READ_OK] {"src":"n1","dest":"c10","body":{"type":"read_ok","messages":["0","1","10","11","12","13","14","15","17","18","19","2","20","21","22","23","24","25","26","27","28","29","3","30","31","33","34","35","36","37","38","39","4","40","41","42","43","44","45","46","47","48","49","5","50","51","52","53","54","55","56","57","58","59","6","61","62","63","64","65","66","67","68","69","7","70","71","72","73","74","75","76","77","78","79","8","9"],"in_reply_to":50,"msg_id":89}}
[RECEIVED] {"id":1106,"src":"c10","dest":"n1","body":{"type":"broadcast","message":80,"msg_id":51}}
[CALLBACK MATCH] msg_id=51
[MATCH BROADCAST]
BEGIN GOSSIP
NEIGHBORS: n2, n4
GOSSIP LOOP
LOOP ITER
[BROADCAST] {"src":"n1","dest":"n2","body":{"type":"broadcast","message":"80","msg_id":89}}
LOOP ITER
[BROADCAST] {"src":"n1","dest":"n4","body":{"type":"broadcast","message":"80","msg_id":90}}
[BROADCAST_OK] {"src":"n1","dest":"c10","body":{"type":"broadcast_ok","in_reply_to":51,"msg_id":89}}
[RECEIVED] {"id":1112,"src":"n4","dest":"n1","body":{"type":"broadcast_ok","in_reply_to":90,"msg_id":68}}
[MATCH UNKNOWN]
[RECEIVED] {"id":1114,"src":"n2","dest":"n1","body":{"type":"broadcast_ok","in_reply_to":89,"msg_id":148}}
[MATCH UNKNOWN]
[RECEIVED] {"id":1125,"src":"n4","dest":"n1","body":{"type":"broadcast","message":"81","msg_id":69}}
[CALLBACK MATCH] msg_id=69
[MATCH BROADCAST]
BEGIN GOSSIP
NEIGHBORS: n2
GOSSIP LOOP
LOOP ITER
[BROADCAST] {"src":"n1","dest":"n2","body":{"type":"broadcast","message":"81","msg_id":91}}
[BROADCAST_OK] {"src":"n1","dest":"n4","body":{"type":"broadcast_ok","in_reply_to":69,"msg_id":91}}
[RECEIVED] {"id":1132,"src":"n2","dest":"n1","body":{"type":"broadcast_ok","in_reply_to":91,"msg_id":150}}
[MATCH UNKNOWN]
[RECEIVED] {"id":1136,"src":"c10","dest":"n1","body":{"type":"read","msg_id":52}}
[MATCH READ]
[READ_OK] {"src":"n1","dest":"c10","body":{"type":"read_ok","messages":["0","1","10","11","12","13","14","15","17","18","19","2","20","21","22","23","24","25","26","27","28","29","3","30","31","33","34","35","36","37","38","39","4","40","41","42","43","44","45","46","47","48","49","5","50","51","52","53","54","55","56","57","58","59","6","61","62","63","64","65","66","67","68","69","7","70","71","72","73","74","75","76","77","78","79","8","80","81","9"],"in_reply_to":52,"msg_id":92}}
[RECEIVED] {"id":1138,"src":"c10","dest":"n1","body":{"type":"broadcast","message":82,"msg_id":53}}
[CALLBACK MATCH] msg_id=53
[MATCH BROADCAST]
BEGIN GOSSIP
NEIGHBORS: n2, n4
GOSSIP LOOP
LOOP ITER
[BROADCAST] {"src":"n1","dest":"n2","body":{"type":"broadcast","message":"82","msg_id":92}}
LOOP ITER
[BROADCAST] {"src":"n1","dest":"n4","body":{"type":"broadcast","message":"82","msg_id":93}}
[BROADCAST_OK] {"src":"n1","dest":"c10","body":{"type":"broadcast_ok","in_reply_to":53,"msg_id":92}}
[RECEIVED] {"id":1144,"src":"n4","dest":"n1","body":{"type":"broadcast_ok","in_reply_to":93,"msg_id":71}}
[MATCH UNKNOWN]
[RECEIVED] {"id":1146,"src":"n2","dest":"n1","body":{"type":"broadcast_ok","in_reply_to":92,"msg_id":150}}
[MATCH UNKNOWN]
[RECEIVED] {"id":1155,"src":"n2","dest":"n1","body":{"type":"broadcast","message":"83","msg_id":152}}
[MATCH BROADCAST]
BEGIN GOSSIP
NEIGHBORS: n4
GOSSIP LOOP
LOOP ITER
[BROADCAST] {"src":"n1","dest":"n4","body":{"type":"broadcast","message":"83","msg_id":94}}
[BROADCAST_OK] {"src":"n1","dest":"n2","body":{"type":"broadcast_ok","in_reply_to":152,"msg_id":94}}
[RECEIVED] {"id":1163,"src":"n4","dest":"n1","body":{"type":"broadcast_ok","in_reply_to":94,"msg_id":72}}
[MATCH UNKNOWN]
[RECEIVED] {"id":1165,"src":"n4","dest":"n1","body":{"type":"broadcast","message":"84","msg_id":72}}
[CALLBACK MATCH] msg_id=72
[MATCH BROADCAST]
BEGIN GOSSIP
NEIGHBORS: n2
GOSSIP LOOP
LOOP ITER
[BROADCAST] {"src":"n1","dest":"n2","body":{"type":"broadcast","message":"84","msg_id":95}}
[BROADCAST_OK] {"src":"n1","dest":"n4","body":{"type":"broadcast_ok","in_reply_to":72,"msg_id":95}}
[RECEIVED] {"id":1172,"src":"n2","dest":"n1","body":{"type":"broadcast_ok","in_reply_to":95,"msg_id":154}}
[MATCH UNKNOWN]
[RECEIVED] {"id":1176,"src":"n2","dest":"n1","body":{"type":"broadcast","message":"85","msg_id":154}}
[MATCH BROADCAST]
BEGIN GOSSIP
NEIGHBORS: n4
GOSSIP LOOP
LOOP ITER
[BROADCAST] {"src":"n1","dest":"n4","body":{"type":"broadcast","message":"85","msg_id":96}}
[BROADCAST_OK] {"src":"n1","dest":"n2","body":{"type":"broadcast_ok","in_reply_to":154,"msg_id":96}}
[RECEIVED] {"id":1183,"src":"n4","dest":"n1","body":{"type":"broadcast_ok","in_reply_to":96,"msg_id":74}}
[MATCH UNKNOWN]
[RECEIVED] {"id":1188,"src":"c10","dest":"n1","body":{"type":"broadcast","message":86,"msg_id":54}}
[CALLBACK MATCH] msg_id=54
[MATCH BROADCAST]
BEGIN GOSSIP
NEIGHBORS: n2, n4
GOSSIP LOOP
LOOP ITER
[BROADCAST] {"src":"n1","dest":"n2","body":{"type":"broadcast","message":"86","msg_id":97}}
LOOP ITER
[BROADCAST] {"src":"n1","dest":"n4","body":{"type":"broadcast","message":"86","msg_id":98}}
[BROADCAST_OK] {"src":"n1","dest":"c10","body":{"type":"broadcast_ok","in_reply_to":54,"msg_id":97}}
[RECEIVED] {"id":1194,"src":"n2","dest":"n1","body":{"type":"broadcast_ok","in_reply_to":97,"msg_id":156}}
[MATCH UNKNOWN]
[RECEIVED] {"id":1198,"src":"n4","dest":"n1","body":{"type":"broadcast_ok","in_reply_to":98,"msg_id":75}}
[MATCH UNKNOWN]
[RECEIVED] {"id":1200,"src":"c10","dest":"n1","body":{"type":"read","msg_id":55}}
[MATCH READ]
[READ_OK] {"src":"n1","dest":"c10","body":{"type":"read_ok","messages":["0","1","10","11","12","13","14","15","17","18","19","2","20","21","22","23","24","25","26","27","28","29","3","30","31","33","34","35","36","37","38","39","4","40","41","42","43","44","45","46","47","48","49","5","50","51","52","53","54","55","56","57","58","59","6","61","62","63","64","65","66","67","68","69","7","70","71","72","73","74","75","76","77","78","79","8","80","81","82","83","84","85","86","9"],"in_reply_to":55,"msg_id":99}}
[RECEIVED] {"id":1203,"src":"n2","dest":"n1","body":{"type":"broadcast","message":"87","msg_id":158}}
[MATCH BROADCAST]
BEGIN GOSSIP
NEIGHBORS: n4
GOSSIP LOOP
LOOP ITER
[BROADCAST] {"src":"n1","dest":"n4","body":{"type":"broadcast","message":"87","msg_id":99}}
[BROADCAST_OK] {"src":"n1","dest":"n2","body":{"type":"broadcast_ok","in_reply_to":158,"msg_id":99}}
[RECEIVED] {"id":1212,"src":"n4","dest":"n1","body":{"type":"broadcast_ok","in_reply_to":99,"msg_id":75}}
[MATCH UNKNOWN]
[RECEIVED] {"id":1217,"src":"n4","dest":"n1","body":{"type":"broadcast","message":"88","msg_id":75}}
[CALLBACK MATCH] msg_id=75
[MATCH BROADCAST]
BEGIN GOSSIP
NEIGHBORS: n2
GOSSIP LOOP
LOOP ITER
[BROADCAST] {"src":"n1","dest":"n2","body":{"type":"broadcast","message":"88","msg_id":100}}
[BROADCAST_OK] {"src":"n1","dest":"n4","body":{"type":"broadcast_ok","in_reply_to":75,"msg_id":100}}
[RECEIVED] {"id":1224,"src":"n2","dest":"n1","body":{"type":"broadcast_ok","in_reply_to":100,"msg_id":161}}
[MATCH UNKNOWN]
[RECEIVED] {"id":1228,"src":"c10","dest":"n1","body":{"type":"read","msg_id":56}}
[CALLBACK MATCH] msg_id=56
[MATCH READ]
[READ_OK] {"src":"n1","dest":"c10","body":{"type":"read_ok","messages":["0","1","10","11","12","13","14","15","17","18","19","2","20","21","22","23","24","25","26","27","28","29","3","30","31","33","34","35","36","37","38","39","4","40","41","42","43","44","45","46","47","48","49","5","50","51","52","53","54","55","56","57","58","59","6","61","62","63","64","65","66","67","68","69","7","70","71","72","73","74","75","76","77","78","79","8","80","81","82","83","84","85","86","87","88","9"],"in_reply_to":56,"msg_id":101}}
[RECEIVED] {"id":1230,"src":"c10","dest":"n1","body":{"type":"read","msg_id":57}}
[MATCH READ]
[READ_OK] {"src":"n1","dest":"c10","body":{"type":"read_ok","messages":["0","1","10","11","12","13","14","15","17","18","19","2","20","21","22","23","24","25","26","27","28","29","3","30","31","33","34","35","36","37","38","39","4","40","41","42","43","44","45","46","47","48","49","5","50","51","52","53","54","55","56","57","58","59","6","61","62","63","64","65","66","67","68","69","7","70","71","72","73","74","75","76","77","78","79","8","80","81","82","83","84","85","86","87","88","9"],"in_reply_to":57,"msg_id":101}}
[RECEIVED] {"id":1237,"src":"n2","dest":"n1","body":{"type":"broadcast","message":"89","msg_id":161}}
[MATCH BROADCAST]
BEGIN GOSSIP
NEIGHBORS: n4
GOSSIP LOOP
LOOP ITER
[BROADCAST] {"src":"n1","dest":"n4","body":{"type":"broadcast","message":"89","msg_id":101}}
[BROADCAST_OK] {"src":"n1","dest":"n2","body":{"type":"broadcast_ok","in_reply_to":161,"msg_id":101}}
[RECEIVED] {"id":1244,"src":"n4","dest":"n1","body":{"type":"broadcast_ok","in_reply_to":101,"msg_id":77}}
[MATCH UNKNOWN]
[RECEIVED] {"id":1250,"src":"c10","dest":"n1","body":{"type":"read","msg_id":58}}
[CALLBACK MATCH] msg_id=58
[MATCH READ]
[READ_OK] {"src":"n1","dest":"c10","body":{"type":"read_ok","messages":["0","1","10","11","12","13","14","15","17","18","19","2","20","21","22","23","24","25","26","27","28","29","3","30","31","33","34","35","36","37","38","39","4","40","41","42","43","44","45","46","47","48","49","5","50","51","52","53","54","55","56","57","58","59","6","61","62","63","64","65","66","67","68","69","7","70","71","72","73","74","75","76","77","78","79","8","80","81","82","83","84","85","86","87","88","89","9"],"in_reply_to":58,"msg_id":102}}
[RECEIVED] {"id":1255,"src":"c10","dest":"n1","body":{"type":"read","msg_id":59}}
[CALLBACK MATCH] msg_id=59
[MATCH READ]
[READ_OK] {"src":"n1","dest":"c10","body":{"type":"read_ok","messages":["0","1","10","11","12","13","14","15","17","18","19","2","20","21","22","23","24","25","26","27","28","29","3","30","31","33","34","35","36","37","38","39","4","40","41","42","43","44","45","46","47","48","49","5","50","51","52","53","54","55","56","57","58","59","6","61","62","63","64","65","66","67","68","69","7","70","71","72","73","74","75","76","77","78","79","8","80","81","82","83","84","85","86","87","88","89","9"],"in_reply_to":59,"msg_id":102}}
