[RECEIVED] {"id":1,"src":"c2","dest":"n4","body":{"type":"init","node_id":"n4","node_ids":["n1","n2","n3","n4","n5"],"msg_id":1}}
[MATCH INIT]
[INIT_OK] {"src":"n4","dest":"c2","body":{"type":"init_ok","in_reply_to":1,"msg_id":0}}
[RECEIVED] {"id":14,"src":"c6","dest":"n4","body":{"type":"topology","topology":{"n1":["n4","n2"],"n2":["n5","n3","n1"],"n3":["n2"],"n4":["n1","n5"],"n5":["n2","n4"]},"msg_id":1}}
[MATCH TOPOLOGY]
[TOPOLOGY_OK] {"src":"n4","dest":"c6","body":{"type":"topology_ok","in_reply_to":1,"msg_id":0}}
[RECEIVED] {"id":22,"src":"n1","dest":"n4","body":{"type":"broadcast","message":"0","msg_id":1}}
[MATCH BROADCAST]
BEGIN GOSSIP
NEIGHBORS: n5
GOSSIP LOOP
LOOP ITER
[BROADCAST] {"src":"n4","dest":"n5","body":{"type":"broadcast","message":"0","msg_id":0}}
[BROADCAST_OK] {"src":"n4","dest":"n1","body":{"type":"broadcast_ok","in_reply_to":1,"msg_id":0}}
[RECEIVED] {"id":30,"src":"n5","dest":"n4","body":{"type":"broadcast_ok","in_reply_to":0,"msg_id":0}}
[MATCH UNKNOWN]
[RECEIVED] {"id":41,"src":"n1","dest":"n4","body":{"type":"broadcast","message":"1","msg_id":2}}
[MATCH BROADCAST]
[RECEIVED] {"id":40,"src":"n5","dest":"n4","body":{"type":"broadcast","message":"1","msg_id":0}}
BEGIN GOSSIP
[CALLBACK MATCH] msg_id=0
[BROADCAST_OK] {"src":"n4","dest":"n1","body":{"type":"broadcast_ok","in_reply_to":2,"msg_id":1}}
[MATCH BROADCAST]
[BROADCAST_OK] {"src":"n4","dest":"n5","body":{"type":"broadcast_ok","in_reply_to":0,"msg_id":1}}
[RECEIVED] {"id":46,"src":"c13","dest":"n4","body":{"type":"broadcast","message":2,"msg_id":1}}
[MATCH BROADCAST]
BEGIN GOSSIP
NEIGHBORS: n1, n5
GOSSIP LOOP
LOOP ITER
[BROADCAST] {"src":"n4","dest":"n1","body":{"type":"broadcast","message":"2","msg_id":1}}
LOOP ITER
[BROADCAST] {"src":"n4","dest":"n5","body":{"type":"broadcast","message":"2","msg_id":2}}
[BROADCAST_OK] {"src":"n4","dest":"c13","body":{"type":"broadcast_ok","in_reply_to":1,"msg_id":1}}
[RECEIVED] {"id":51,"src":"n5","dest":"n4","body":{"type":"broadcast_ok","in_reply_to":2,"msg_id":1}}
[MATCH UNKNOWN]
[RECEIVED] {"id":53,"src":"n1","dest":"n4","body":{"type":"broadcast_ok","in_reply_to":1,"msg_id":3}}
[MATCH UNKNOWN]
[RECEIVED] {"id":58,"src":"n5","dest":"n4","body":{"type":"broadcast","message":"3","msg_id":3}}
[MATCH BROADCAST]
BEGIN GOSSIP
NEIGHBORS: n1
GOSSIP LOOP
LOOP ITER
[BROADCAST] {"src":"n4","dest":"n1","body":{"type":"broadcast","message":"3","msg_id":3}}
[BROADCAST_OK] {"src":"n4","dest":"n5","body":{"type":"broadcast_ok","in_reply_to":3,"msg_id":3}}
[RECEIVED] {"id":66,"src":"n1","dest":"n4","body":{"type":"broadcast_ok","in_reply_to":3,"msg_id":4}}
[MATCH UNKNOWN]
[RECEIVED] {"id":72,"src":"n1","dest":"n4","body":{"type":"broadcast","message":"4","msg_id":5}}
[MATCH BROADCAST]
BEGIN GOSSIP
NEIGHBORS: n5
GOSSIP LOOP
LOOP ITER
[BROADCAST] {"src":"n4","dest":"n5","body":{"type":"broadcast","message":"4","msg_id":4}}
[BROADCAST_OK] {"src":"n4","dest":"n1","body":{"type":"broadcast_ok","in_reply_to":5,"msg_id":4}}
[RECEIVED] {"id":78,"src":"n1","dest":"n4","body":{"type":"broadcast","message":"5","msg_id":6}}
[RECEIVED] {"id":79,"src":"n5","dest":"n4","body":{"type":"broadcast","message":"5","msg_id":4}}
[MATCH BROADCAST]
[CALLBACK MATCH] msg_id=4
[MATCH BROADCAST]
[BROADCAST_OK] {"src":"n4","dest":"n5","body":{"type":"broadcast_ok","in_reply_to":4,"msg_id":5}}
[RECEIVED] {"id":88,"src":"n5","dest":"n4","body":{"type":"broadcast_ok","in_reply_to":4,"msg_id":5}}
[BROADCAST_OK] {"src":"n4","dest":"n1","body":{"type":"broadcast_ok","in_reply_to":6,"msg_id":5}}
[MATCH UNKNOWN]
[RECEIVED] {"id":102,"src":"n1","dest":"n4","body":{"type":"broadcast","message":"6","msg_id":7}}
[MATCH BROADCAST]
BEGIN GOSSIP
NEIGHBORS: n5
GOSSIP LOOP
LOOP ITER
[BROADCAST] {"src":"n4","dest":"n5","body":{"type":"broadcast","message":"6","msg_id":5}}
[RECEIVED] {"id":104,"src":"n5","dest":"n4","body":{"type":"broadcast","message":"6","msg_id":6}}
[BROADCAST_OK] {"src":"n4","dest":"n1","body":{"type":"broadcast_ok","in_reply_to":7,"msg_id":5}}
[MATCH BROADCAST]
[BROADCAST_OK] {"src":"n4","dest":"n5","body":{"type":"broadcast_ok","in_reply_to":6,"msg_id":6}}
[RECEIVED] {"id":109,"src":"n5","dest":"n4","body":{"type":"broadcast_ok","in_reply_to":5,"msg_id":7}}
[MATCH UNKNOWN]
[RECEIVED] {"id":110,"src":"c13","dest":"n4","body":{"type":"read","msg_id":2}}
[CALLBACK MATCH] msg_id=2
[MATCH READ]
[READ_OK] {"src":"n4","dest":"c13","body":{"type":"read_ok","messages":["0","1","2","3","4","5","6"],"in_reply_to":2,"msg_id":6}}
[RECEIVED] {"id":114,"src":"n5","dest":"n4","body":{"type":"broadcast","message":"7","msg_id":8}}
[MATCH BROADCAST]
BEGIN GOSSIP
NEIGHBORS: n1
GOSSIP LOOP
LOOP ITER
[BROADCAST] {"src":"n4","dest":"n1","body":{"type":"broadcast","message":"7","msg_id":6}}
[BROADCAST_OK] {"src":"n4","dest":"n5","body":{"type":"broadcast_ok","in_reply_to":8,"msg_id":6}}
[RECEIVED] {"id":122,"src":"n1","dest":"n4","body":{"type":"broadcast_ok","in_reply_to":6,"msg_id":8}}
[MATCH UNKNOWN]
[RECEIVED] {"id":128,"src":"n1","dest":"n4","body":{"type":"broadcast","message":"8","msg_id":9}}
[MATCH BROADCAST]
BEGIN GOSSIP
NEIGHBORS: n5
GOSSIP LOOP
LOOP ITER
[BROADCAST] {"src":"n4","dest":"n5","body":{"type":"broadcast","message":"8","msg_id":7}}
[BROADCAST_OK] {"src":"n4","dest":"n1","body":{"type":"broadcast_ok","in_reply_to":9,"msg_id":7}}
[RECEIVED] {"id":135,"src":"n5","dest":"n4","body":{"type":"broadcast_ok","in_reply_to":7,"msg_id":9}}
[MATCH UNKNOWN]
[RECEIVED] {"id":146,"src":"n1","dest":"n4","body":{"type":"broadcast","message":"9","msg_id":10}}
[MATCH BROADCAST]
BEGIN GOSSIP
NEIGHBORS: n5
GOSSIP LOOP
LOOP ITER
[BROADCAST] {"src":"n4","dest":"n5","body":{"type":"broadcast","message":"9","msg_id":8}}
[BROADCAST_OK] {"src":"n4","dest":"n1","body":{"type":"broadcast_ok","in_reply_to":10,"msg_id":8}}
[RECEIVED] {"id":148,"src":"n5","dest":"n4","body":{"type":"broadcast","message":"9","msg_id":9}}
[MATCH BROADCAST]
[BROADCAST_OK] {"src":"n4","dest":"n5","body":{"type":"broadcast_ok","in_reply_to":9,"msg_id":9}}
[RECEIVED] {"id":153,"src":"n5","dest":"n4","body":{"type":"broadcast_ok","in_reply_to":8,"msg_id":10}}
[MATCH UNKNOWN]
[RECEIVED] {"id":154,"src":"c13","dest":"n4","body":{"type":"read","msg_id":3}}
[CALLBACK MATCH] msg_id=3
[MATCH READ]
[READ_OK] {"src":"n4","dest":"c13","body":{"type":"read_ok","messages":["0","1","2","3","4","5","6","7","8","9"],"in_reply_to":3,"msg_id":9}}
[RECEIVED] {"id":160,"src":"n1","dest":"n4","body":{"type":"broadcast","message":"10","msg_id":12}}
[MATCH BROADCAST]
BEGIN GOSSIP
NEIGHBORS: n5
GOSSIP LOOP
LOOP ITER
[BROADCAST] {"src":"n4","dest":"n5","body":{"type":"broadcast","message":"10","msg_id":9}}
[BROADCAST_OK] {"src":"n4","dest":"n1","body":{"type":"broadcast_ok","in_reply_to":12,"msg_id":9}}
[RECEIVED] {"id":168,"src":"n5","dest":"n4","body":{"type":"broadcast_ok","in_reply_to":9,"msg_id":10}}
[MATCH UNKNOWN]
[RECEIVED] {"id":180,"src":"n1","dest":"n4","body":{"type":"broadcast","message":"11","msg_id":13}}
[RECEIVED] {"id":181,"src":"n5","dest":"n4","body":{"type":"broadcast","message":"11","msg_id":11}}
[MATCH BROADCAST]
[MATCH BROADCAST]
[BROADCAST_OK] {"src":"n4","dest":"n1","body":{"type":"broadcast_ok","in_reply_to":13,"msg_id":10}}
[BROADCAST_OK] {"src":"n4","dest":"n5","body":{"type":"broadcast_ok","in_reply_to":11,"msg_id":10}}
[RECEIVED] {"id":188,"src":"c13","dest":"n4","body":{"type":"read","msg_id":4}}
[MATCH READ]
[READ_OK] {"src":"n4","dest":"c13","body":{"type":"read_ok","messages":["0","1","10","11","2","3","4","5","6","7","8","9"],"in_reply_to":4,"msg_id":10}}
[RECEIVED] {"id":192,"src":"n5","dest":"n4","body":{"type":"broadcast","message":"12","msg_id":13}}
[MATCH BROADCAST]
BEGIN GOSSIP
NEIGHBORS: n1
GOSSIP LOOP
LOOP ITER
[BROADCAST] {"src":"n4","dest":"n1","body":{"type":"broadcast","message":"12","msg_id":10}}
[BROADCAST_OK] {"src":"n4","dest":"n5","body":{"type":"broadcast_ok","in_reply_to":13,"msg_id":10}}
[RECEIVED] {"id":200,"src":"n1","dest":"n4","body":{"type":"broadcast_ok","in_reply_to":10,"msg_id":14}}
[MATCH UNKNOWN]
[RECEIVED] {"id":211,"src":"n1","dest":"n4","body":{"type":"broadcast","message":"13","msg_id":14}}
[MATCH BROADCAST]
[RECEIVED] {"id":214,"src":"n5","dest":"n4","body":{"type":"broadcast","message":"13","msg_id":14}}
BEGIN GOSSIP
[MATCH BROADCAST]
[BROADCAST_OK] {"src":"n4","dest":"n1","body":{"type":"broadcast_ok","in_reply_to":14,"msg_id":11}}
[BROADCAST_OK] {"src":"n4","dest":"n5","body":{"type":"broadcast_ok","in_reply_to":14,"msg_id":11}}
[RECEIVED] {"id":220,"src":"c13","dest":"n4","body":{"type":"read","msg_id":5}}
[CALLBACK MATCH] msg_id=5
[MATCH READ]
[READ_OK] {"src":"n4","dest":"c13","body":{"type":"read_ok","messages":["0","1","10","11","12","13","2","3","4","5","6","7","8","9"],"in_reply_to":5,"msg_id":11}}
[RECEIVED] {"id":226,"src":"n1","dest":"n4","body":{"type":"broadcast","message":"14","msg_id":16}}
[MATCH BROADCAST]
BEGIN GOSSIP
NEIGHBORS: n5
GOSSIP LOOP
LOOP ITER
[BROADCAST] {"src":"n4","dest":"n5","body":{"type":"broadcast","message":"14","msg_id":11}}
[BROADCAST_OK] {"src":"n4","dest":"n1","body":{"type":"broadcast_ok","in_reply_to":16,"msg_id":11}}
[RECEIVED] {"id":234,"src":"n5","dest":"n4","body":{"type":"broadcast_ok","in_reply_to":11,"msg_id":15}}
[MATCH UNKNOWN]
[RECEIVED] {"id":242,"src":"c13","dest":"n4","body":{"type":"read","msg_id":6}}
[CALLBACK MATCH] msg_id=6
[MATCH READ]
[READ_OK] {"src":"n4","dest":"c13","body":{"type":"read_ok","messages":["0","1","10","11","12","13","14","2","3","4","5","6","7","8","9"],"in_reply_to":6,"msg_id":12}}
[RECEIVED] {"id":249,"src":"n1","dest":"n4","body":{"type":"broadcast","message":"15","msg_id":18}}
[MATCH BROADCAST]
BEGIN GOSSIP
NEIGHBORS: n5
GOSSIP LOOP
LOOP ITER
[BROADCAST] {"src":"n4","dest":"n5","body":{"type":"broadcast","message":"15","msg_id":12}}
[BROADCAST_OK] {"src":"n4","dest":"n1","body":{"type":"broadcast_ok","in_reply_to":18,"msg_id":12}}
[RECEIVED] {"id":257,"src":"n5","dest":"n4","body":{"type":"broadcast_ok","in_reply_to":12,"msg_id":15}}
[MATCH UNKNOWN]
[RECEIVED] {"id":268,"src":"n5","dest":"n4","body":{"type":"broadcast","message":"17","msg_id":15}}
[MATCH BROADCAST]
BEGIN GOSSIP
[RECEIVED] {"id":270,"src":"n1","dest":"n4","body":{"type":"broadcast","message":"17","msg_id":19}}
NEIGHBORS: n1
[MATCH BROADCAST]
[BROADCAST_OK] {"src":"n4","dest":"n5","body":{"type":"broadcast_ok","in_reply_to":15,"msg_id":13}}
[BROADCAST_OK] {"src":"n4","dest":"n1","body":{"type":"broadcast_ok","in_reply_to":19,"msg_id":13}}
[RECEIVED] {"id":274,"src":"c13","dest":"n4","body":{"type":"read","msg_id":7}}
[CALLBACK MATCH] msg_id=7
[MATCH READ]
[READ_OK] {"src":"n4","dest":"c13","body":{"type":"read_ok","messages":["0","1","10","11","12","13","14","15","17","2","3","4","5","6","7","8","9"],"in_reply_to":7,"msg_id":13}}
[RECEIVED] {"id":278,"src":"n5","dest":"n4","body":{"type":"broadcast","message":"18","msg_id":17}}
[MATCH BROADCAST]
BEGIN GOSSIP
NEIGHBORS: n1
GOSSIP LOOP
LOOP ITER
[BROADCAST] {"src":"n4","dest":"n1","body":{"type":"broadcast","message":"18","msg_id":13}}
[BROADCAST_OK] {"src":"n4","dest":"n5","body":{"type":"broadcast_ok","in_reply_to":17,"msg_id":13}}
[RECEIVED] {"id":285,"src":"n1","dest":"n4","body":{"type":"broadcast_ok","in_reply_to":13,"msg_id":20}}
[MATCH UNKNOWN]
[RECEIVED] {"id":296,"src":"c13","dest":"n4","body":{"type":"broadcast","message":19,"msg_id":8}}
[CALLBACK MATCH] msg_id=8
[MATCH BROADCAST]
BEGIN GOSSIP
NEIGHBORS: n1, n5
GOSSIP LOOP
LOOP ITER
[BROADCAST] {"src":"n4","dest":"n1","body":{"type":"broadcast","message":"19","msg_id":14}}
LOOP ITER
[BROADCAST] {"src":"n4","dest":"n5","body":{"type":"broadcast","message":"19","msg_id":15}}
[BROADCAST_OK] {"src":"n4","dest":"c13","body":{"type":"broadcast_ok","in_reply_to":8,"msg_id":14}}
[RECEIVED] {"id":301,"src":"n5","dest":"n4","body":{"type":"broadcast_ok","in_reply_to":15,"msg_id":18}}
[MATCH UNKNOWN]
[RECEIVED] {"id":303,"src":"n1","dest":"n4","body":{"type":"broadcast_ok","in_reply_to":14,"msg_id":20}}
[MATCH UNKNOWN]
[RECEIVED] {"id":312,"src":"n1","dest":"n4","body":{"type":"broadcast","message":"20","msg_id":22}}
[MATCH BROADCAST]
BEGIN GOSSIP
NEIGHBORS: n5
GOSSIP LOOP
LOOP ITER
[BROADCAST] {"src":"n4","dest":"n5","body":{"type":"broadcast","message":"20","msg_id":16}}
[BROADCAST_OK] {"src":"n4","dest":"n1","body":{"type":"broadcast_ok","in_reply_to":22,"msg_id":16}}
[RECEIVED] {"id":320,"src":"n5","dest":"n4","body":{"type":"broadcast_ok","in_reply_to":16,"msg_id":19}}
[MATCH UNKNOWN]
[RECEIVED] {"id":329,"src":"n5","dest":"n4","body":{"type":"broadcast","message":"21","msg_id":19}}
[RECEIVED] {"id":331,"src":"n1","dest":"n4","body":{"type":"broadcast","message":"21","msg_id":23}}
[MATCH BROADCAST]
[MATCH BROADCAST]
[BROADCAST_OK] {"src":"n4","dest":"n5","body":{"type":"broadcast_ok","in_reply_to":19,"msg_id":17}}
[BROADCAST_OK] {"src":"n4","dest":"n1","body":{"type":"broadcast_ok","in_reply_to":23,"msg_id":17}}
[RECEIVED] {"id":342,"src":"n1","dest":"n4","body":{"type":"broadcast","message":"22","msg_id":24}}
[MATCH BROADCAST]
[RECEIVED] {"id":344,"src":"n5","dest":"n4","body":{"type":"broadcast","message":"22","msg_id":20}}
BEGIN GOSSIP
[MATCH BROADCAST]
[BROADCAST_OK] {"src":"n4","dest":"n1","body":{"type":"broadcast_ok","in_reply_to":24,"msg_id":17}}
[BROADCAST_OK] {"src":"n4","dest":"n5","body":{"type":"broadcast_ok","in_reply_to":20,"msg_id":17}}
[RECEIVED] {"id":348,"src":"c13","dest":"n4","body":{"type":"read","msg_id":9}}
[CALLBACK MATCH] msg_id=9
[MATCH READ]
[READ_OK] {"src":"n4","dest":"c13","body":{"type":"read_ok","messages":["0","1","10","11","12","13","14","15","17","18","19","2","20","21","22","3","4","5","6","7","8","9"],"in_reply_to":9,"msg_id":17}}
[RECEIVED] {"id":356,"src":"n1","dest":"n4","body":{"type":"broadcast","message":"23","msg_id":26}}
[MATCH BROADCAST]
BEGIN GOSSIP
NEIGHBORS: n5
GOSSIP LOOP
LOOP ITER
[BROADCAST] {"src":"n4","dest":"n5","body":{"type":"broadcast","message":"23","msg_id":17}}
[BROADCAST_OK] {"src":"n4","dest":"n1","body":{"type":"broadcast_ok","in_reply_to":26,"msg_id":17}}
[RECEIVED] {"id":364,"src":"n5","dest":"n4","body":{"type":"broadcast_ok","in_reply_to":17,"msg_id":21}}
[MATCH UNKNOWN]
[RECEIVED] {"id":373,"src":"n1","dest":"n4","body":{"type":"broadcast","message":"24","msg_id":27}}
[RECEIVED] {"id":372,"src":"n5","dest":"n4","body":{"type":"broadcast","message":"24","msg_id":21}}
[MATCH BROADCAST]
[MATCH BROADCAST]
[BROADCAST_OK] {"src":"n4","dest":"n1","body":{"type":"broadcast_ok","in_reply_to":27,"msg_id":18}}
[BROADCAST_OK] {"src":"n4","dest":"n5","body":{"type":"broadcast_ok","in_reply_to":21,"msg_id":18}}
[RECEIVED] {"id":380,"src":"c13","dest":"n4","body":{"type":"broadcast","message":25,"msg_id":10}}
[CALLBACK MATCH] msg_id=10
[MATCH BROADCAST]
BEGIN GOSSIP
NEIGHBORS: n1, n5
GOSSIP LOOP
LOOP ITER
[BROADCAST] {"src":"n4","dest":"n1","body":{"type":"broadcast","message":"25","msg_id":18}}
LOOP ITER
[BROADCAST] {"src":"n4","dest":"n5","body":{"type":"broadcast","message":"25","msg_id":19}}
[BROADCAST_OK] {"src":"n4","dest":"c13","body":{"type":"broadcast_ok","in_reply_to":10,"msg_id":18}}
[RECEIVED] {"id":386,"src":"n1","dest":"n4","body":{"type":"broadcast_ok","in_reply_to":18,"msg_id":28}}
[MATCH UNKNOWN]
[RECEIVED] {"id":387,"src":"n5","dest":"n4","body":{"type":"broadcast_ok","in_reply_to":19,"msg_id":22}}
[MATCH UNKNOWN]
[RECEIVED] {"id":392,"src":"n5","dest":"n4","body":{"type":"broadcast","message":"26","msg_id":24}}
[MATCH BROADCAST]
BEGIN GOSSIP
NEIGHBORS: n1
GOSSIP LOOP
LOOP ITER
[BROADCAST] {"src":"n4","dest":"n1","body":{"type":"broadcast","message":"26","msg_id":20}}
[BROADCAST_OK] {"src":"n4","dest":"n5","body":{"type":"broadcast_ok","in_reply_to":24,"msg_id":20}}
[RECEIVED] {"id":401,"src":"n1","dest":"n4","body":{"type":"broadcast_ok","in_reply_to":20,"msg_id":29}}
[MATCH UNKNOWN]
[RECEIVED] {"id":404,"src":"n1","dest":"n4","body":{"type":"broadcast","message":"27","msg_id":30}}
[MATCH BROADCAST]
BEGIN GOSSIP
NEIGHBORS: n5
GOSSIP LOOP
LOOP ITER
[BROADCAST] {"src":"n4","dest":"n5","body":{"type":"broadcast","message":"27","msg_id":21}}
[BROADCAST_OK] {"src":"n4","dest":"n1","body":{"type":"broadcast_ok","in_reply_to":30,"msg_id":21}}
[RECEIVED] {"id":411,"src":"n5","dest":"n4","body":{"type":"broadcast_ok","in_reply_to":21,"msg_id":25}}
[MATCH UNKNOWN]
[RECEIVED] {"id":416,"src":"n1","dest":"n4","body":{"type":"broadcast","message":"28","msg_id":32}}
[MATCH BROADCAST]
BEGIN GOSSIP
NEIGHBORS: n5
GOSSIP LOOP
LOOP ITER
[BROADCAST] {"src":"n4","dest":"n5","body":{"type":"broadcast","message":"28","msg_id":22}}
[BROADCAST_OK] {"src":"n4","dest":"n1","body":{"type":"broadcast_ok","in_reply_to":32,"msg_id":22}}
[RECEIVED] {"id":423,"src":"n5","dest":"n4","body":{"type":"broadcast_ok","in_reply_to":22,"msg_id":25}}
[MATCH UNKNOWN]
[RECEIVED] {"id":431,"src":"n1","dest":"n4","body":{"type":"broadcast","message":"29","msg_id":33}}
[MATCH BROADCAST]
BEGIN GOSSIP
NEIGHBORS: n5
GOSSIP LOOP
LOOP ITER
[BROADCAST] {"src":"n4","dest":"n5","body":{"type":"broadcast","message":"29","msg_id":23}}
[BROADCAST_OK] {"src":"n4","dest":"n1","body":{"type":"broadcast_ok","in_reply_to":33,"msg_id":23}}
[RECEIVED] {"id":436,"src":"n5","dest":"n4","body":{"type":"broadcast","message":"29","msg_id":25}}
[RECEIVED] {"id":438,"src":"n5","dest":"n4","body":{"type":"broadcast_ok","in_reply_to":23,"msg_id":26}}
[MATCH BROADCAST]
[MATCH UNKNOWN]
[BROADCAST_OK] {"src":"n4","dest":"n5","body":{"type":"broadcast_ok","in_reply_to":25,"msg_id":24}}
[RECEIVED] {"id":446,"src":"n1","dest":"n4","body":{"type":"broadcast","message":"30","msg_id":34}}
[MATCH BROADCAST]
[RECEIVED] {"id":448,"src":"n5","dest":"n4","body":{"type":"broadcast","message":"30","msg_id":26}}
BEGIN GOSSIP
[MATCH BROADCAST]
[BROADCAST_OK] {"src":"n4","dest":"n1","body":{"type":"broadcast_ok","in_reply_to":34,"msg_id":24}}
[BROADCAST_OK] {"src":"n4","dest":"n5","body":{"type":"broadcast_ok","in_reply_to":26,"msg_id":24}}
[RECEIVED] {"id":452,"src":"c13","dest":"n4","body":{"type":"broadcast","message":31,"msg_id":11}}
[CALLBACK MATCH] msg_id=11
[MATCH BROADCAST]
BEGIN GOSSIP
NEIGHBORS: n1, n5
GOSSIP LOOP
LOOP ITER
[BROADCAST] {"src":"n4","dest":"n1","body":{"type":"broadcast","message":"31","msg_id":24}}
LOOP ITER
[BROADCAST] {"src":"n4","dest":"n5","body":{"type":"broadcast","message":"31","msg_id":25}}
[BROADCAST_OK] {"src":"n4","dest":"c13","body":{"type":"broadcast_ok","in_reply_to":11,"msg_id":24}}
[RECEIVED] {"id":458,"src":"n5","dest":"n4","body":{"type":"broadcast_ok","in_reply_to":25,"msg_id":27}}
[MATCH UNKNOWN]
[RECEIVED] {"id":460,"src":"n1","dest":"n4","body":{"type":"broadcast_ok","in_reply_to":24,"msg_id":35}}
[MATCH UNKNOWN]
[RECEIVED] {"id":470,"src":"n1","dest":"n4","body":{"type":"broadcast","message":"33","msg_id":37}}
[MATCH BROADCAST]
BEGIN GOSSIP
NEIGHBORS: n5
GOSSIP LOOP
LOOP ITER
[BROADCAST] {"src":"n4","dest":"n5","body":{"type":"broadcast","message":"33","msg_id":26}}
[BROADCAST_OK] {"src":"n4","dest":"n1","body":{"type":"broadcast_ok","in_reply_to":37,"msg_id":26}}
[RECEIVED] {"id":477,"src":"n5","dest":"n4","body":{"type":"broadcast_ok","in_reply_to":26,"msg_id":27}}
[MATCH UNKNOWN]
[RECEIVED] {"id":484,"src":"c13","dest":"n4","body":{"type":"read","msg_id":12}}
[CALLBACK MATCH] msg_id=12
[MATCH READ]
[READ_OK] {"src":"n4","dest":"c13","body":{"type":"read_ok","messages":["0","1","10","11","12","13","14","15","17","18","19","2","20","21","22","23","24","25","26","27","28","29","3","30","31","33","4","5","6","7","8","9"],"in_reply_to":12,"msg_id":27}}
[RECEIVED] {"id":490,"src":"n1","dest":"n4","body":{"type":"broadcast","message":"34","msg_id":39}}
[MATCH BROADCAST]
BEGIN GOSSIP
NEIGHBORS: n5
GOSSIP LOOP
LOOP ITER
[BROADCAST] {"src":"n4","dest":"n5","body":{"type":"broadcast","message":"34","msg_id":27}}
[BROADCAST_OK] {"src":"n4","dest":"n1","body":{"type":"broadcast_ok","in_reply_to":39,"msg_id":27}}
[RECEIVED] {"id":497,"src":"n5","dest":"n4","body":{"type":"broadcast_ok","in_reply_to":27,"msg_id":27}}
[MATCH UNKNOWN]
[RECEIVED] {"id":502,"src":"n1","dest":"n4","body":{"type":"broadcast","message":"35","msg_id":41}}
[MATCH BROADCAST]
BEGIN GOSSIP
NEIGHBORS: n5
GOSSIP LOOP
LOOP ITER
[BROADCAST] {"src":"n4","dest":"n5","body":{"type":"broadcast","message":"35","msg_id":28}}
[RECEIVED] {"id":508,"src":"n5","dest":"n4","body":{"type":"broadcast","message":"35","msg_id":27}}
[CALLBACK MATCH] msg_id=27
[BROADCAST_OK] {"src":"n4","dest":"n1","body":{"type":"broadcast_ok","in_reply_to":41,"msg_id":28}}
[MATCH BROADCAST]
[BROADCAST_OK] {"src":"n4","dest":"n5","body":{"type":"broadcast_ok","in_reply_to":27,"msg_id":29}}
[RECEIVED] {"id":513,"src":"n5","dest":"n4","body":{"type":"broadcast_ok","in_reply_to":28,"msg_id":28}}
[MATCH UNKNOWN]
[RECEIVED] {"id":522,"src":"n1","dest":"n4","body":{"type":"broadcast","message":"36","msg_id":42}}
[RECEIVED] {"id":523,"src":"n5","dest":"n4","body":{"type":"broadcast","message":"36","msg_id":28}}
[MATCH BROADCAST]
[CALLBACK MATCH] msg_id=28
[MATCH BROADCAST]
[BROADCAST_OK] {"src":"n4","dest":"n5","body":{"type":"broadcast_ok","in_reply_to":28,"msg_id":29}}
[BROADCAST_OK] {"src":"n4","dest":"n1","body":{"type":"broadcast_ok","in_reply_to":42,"msg_id":29}}
[RECEIVED] {"id":528,"src":"c13","dest":"n4","body":{"type":"broadcast","message":37,"msg_id":13}}
[CALLBACK MATCH] msg_id=13
[MATCH BROADCAST]
BEGIN GOSSIP
NEIGHBORS: n1, n5
GOSSIP LOOP
LOOP ITER
[BROADCAST] {"src":"n4","dest":"n1","body":{"type":"broadcast","message":"37","msg_id":29}}
LOOP ITER
[BROADCAST] {"src":"n4","dest":"n5","body":{"type":"broadcast","message":"37","msg_id":30}}
[BROADCAST_OK] {"src":"n4","dest":"c13","body":{"type":"broadcast_ok","in_reply_to":13,"msg_id":29}}
[RECEIVED] {"id":534,"src":"n1","dest":"n4","body":{"type":"broadcast_ok","in_reply_to":29,"msg_id":43}}
[RECEIVED] {"id":535,"src":"n5","dest":"n4","body":{"type":"broadcast_ok","in_reply_to":30,"msg_id":29}}
[MATCH UNKNOWN]
[MATCH UNKNOWN]
[RECEIVED] {"id":540,"src":"n5","dest":"n4","body":{"type":"broadcast","message":"38","msg_id":31}}
[MATCH BROADCAST]
BEGIN GOSSIP
NEIGHBORS: n1
GOSSIP LOOP
LOOP ITER
[BROADCAST] {"src":"n4","dest":"n1","body":{"type":"broadcast","message":"38","msg_id":31}}
[BROADCAST_OK] {"src":"n4","dest":"n5","body":{"type":"broadcast_ok","in_reply_to":31,"msg_id":31}}
[RECEIVED] {"id":545,"src":"n1","dest":"n4","body":{"type":"broadcast_ok","in_reply_to":31,"msg_id":44}}
[MATCH UNKNOWN]
[RECEIVED] {"id":554,"src":"n1","dest":"n4","body":{"type":"broadcast","message":"39","msg_id":46}}
[MATCH BROADCAST]
BEGIN GOSSIP
NEIGHBORS: n5
GOSSIP LOOP
LOOP ITER
[BROADCAST] {"src":"n4","dest":"n5","body":{"type":"broadcast","message":"39","msg_id":32}}
[BROADCAST_OK] {"src":"n4","dest":"n1","body":{"type":"broadcast_ok","in_reply_to":46,"msg_id":32}}
[RECEIVED] {"id":561,"src":"n5","dest":"n4","body":{"type":"broadcast_ok","in_reply_to":32,"msg_id":32}}
[MATCH UNKNOWN]
[RECEIVED] {"id":568,"src":"c13","dest":"n4","body":{"type":"read","msg_id":14}}
[CALLBACK MATCH] msg_id=14
[MATCH READ]
[READ_OK] {"src":"n4","dest":"c13","body":{"type":"read_ok","messages":["0","1","10","11","12","13","14","15","17","18","19","2","20","21","22","23","24","25","26","27","28","29","3","30","31","33","34","35","36","37","38","39","4","5","6","7","8","9"],"in_reply_to":14,"msg_id":33}}
[RECEIVED] {"id":580,"src":"c13","dest":"n4","body":{"type":"broadcast","message":40,"msg_id":15}}
[CALLBACK MATCH] msg_id=15
[MATCH BROADCAST]
BEGIN GOSSIP
NEIGHBORS: n1, n5
GOSSIP LOOP
LOOP ITER
[BROADCAST] {"src":"n4","dest":"n1","body":{"type":"broadcast","message":"40","msg_id":33}}
LOOP ITER
[BROADCAST] {"src":"n4","dest":"n5","body":{"type":"broadcast","message":"40","msg_id":34}}
[BROADCAST_OK] {"src":"n4","dest":"c13","body":{"type":"broadcast_ok","in_reply_to":15,"msg_id":33}}
[RECEIVED] {"id":586,"src":"n1","dest":"n4","body":{"type":"broadcast_ok","in_reply_to":33,"msg_id":47}}
[RECEIVED] {"id":587,"src":"n5","dest":"n4","body":{"type":"broadcast_ok","in_reply_to":34,"msg_id":32}}
[MATCH UNKNOWN]
[MATCH UNKNOWN]
[RECEIVED] {"id":594,"src":"n1","dest":"n4","body":{"type":"broadcast","message":"41","msg_id":49}}
[MATCH BROADCAST]
BEGIN GOSSIP
NEIGHBORS: n5
GOSSIP LOOP
LOOP ITER
[BROADCAST] {"src":"n4","dest":"n5","body":{"type":"broadcast","message":"41","msg_id":35}}
[BROADCAST_OK] {"src":"n4","dest":"n1","body":{"type":"broadcast_ok","in_reply_to":49,"msg_id":35}}
[RECEIVED] {"id":603,"src":"n5","dest":"n4","body":{"type":"broadcast_ok","in_reply_to":35,"msg_id":33}}
[MATCH UNKNOWN]
[RECEIVED] {"id":612,"src":"n1","dest":"n4","body":{"type":"broadcast","message":"42","msg_id":50}}
[MATCH BROADCAST]
BEGIN GOSSIP
NEIGHBORS: n5
GOSSIP LOOP
[RECEIVED] {"id":614,"src":"n5","dest":"n4","body":{"type":"broadcast","message":"42","msg_id":33}}
LOOP ITER
[CALLBACK MATCH] msg_id=33
[BROADCAST_OK] {"src":"n4","dest":"n1","body":{"type":"broadcast_ok","in_reply_to":50,"msg_id":36}}
[MATCH BROADCAST]
[BROADCAST_OK] {"src":"n4","dest":"n5","body":{"type":"broadcast_ok","in_reply_to":33,"msg_id":37}}
[RECEIVED] {"id":620,"src":"c13","dest":"n4","body":{"type":"broadcast","message":43,"msg_id":16}}
[CALLBACK MATCH] msg_id=16
[MATCH BROADCAST]
BEGIN GOSSIP
NEIGHBORS: n1, n5
GOSSIP LOOP
LOOP ITER
[BROADCAST] {"src":"n4","dest":"n1","body":{"type":"broadcast","message":"43","msg_id":37}}
LOOP ITER
[BROADCAST] {"src":"n4","dest":"n5","body":{"type":"broadcast","message":"43","msg_id":38}}
[BROADCAST_OK] {"src":"n4","dest":"c13","body":{"type":"broadcast_ok","in_reply_to":16,"msg_id":37}}
[RECEIVED] {"id":626,"src":"n1","dest":"n4","body":{"type":"broadcast_ok","in_reply_to":37,"msg_id":51}}
[RECEIVED] {"id":627,"src":"n5","dest":"n4","body":{"type":"broadcast_ok","in_reply_to":38,"msg_id":34}}
[MATCH UNKNOWN]
[MATCH UNKNOWN]
[RECEIVED] {"id":632,"src":"n5","dest":"n4","body":{"type":"broadcast","message":"44","msg_id":36}}
[MATCH BROADCAST]
BEGIN GOSSIP
NEIGHBORS: n1
GOSSIP LOOP
LOOP ITER
[BROADCAST] {"src":"n4","dest":"n1","body":{"type":"broadcast","message":"44","msg_id":39}}
[BROADCAST_OK] {"src":"n4","dest":"n5","body":{"type":"broadcast_ok","in_reply_to":36,"msg_id":39}}
[RECEIVED] {"id":639,"src":"n1","dest":"n4","body":{"type":"broadcast_ok","in_reply_to":39,"msg_id":52}}
[MATCH UNKNOWN]
[RECEIVED] {"id":652,"src":"n5","dest":"n4","body":{"type":"broadcast","message":"45","msg_id":37}}
[CALLBACK MATCH] msg_id=37
[MATCH BROADCAST]
BEGIN GOSSIP
NEIGHBORS: n1
GOSSIP LOOP
LOOP ITER
[BROADCAST] {"src":"n4","dest":"n1","body":{"type":"broadcast","message":"45","msg_id":40}}
[BROADCAST_OK] {"src":"n4","dest":"n5","body":{"type":"broadcast_ok","in_reply_to":37,"msg_id":40}}
[RECEIVED] {"id":657,"src":"n1","dest":"n4","body":{"type":"broadcast_ok","in_reply_to":40,"msg_id":52}}
[MATCH UNKNOWN]
[RECEIVED] {"id":664,"src":"n1","dest":"n4","body":{"type":"broadcast","message":"46","msg_id":52}}
[MATCH BROADCAST]
[RECEIVED] {"id":666,"src":"n5","dest":"n4","body":{"type":"broadcast","message":"46","msg_id":38}}
BEGIN GOSSIP
[CALLBACK MATCH] msg_id=38
[BROADCAST_OK] {"src":"n4","dest":"n1","body":{"type":"broadcast_ok","in_reply_to":52,"msg_id":41}}
[MATCH BROADCAST]
[BROADCAST_OK] {"src":"n4","dest":"n5","body":{"type":"broadcast_ok","in_reply_to":38,"msg_id":41}}
[RECEIVED] {"id":670,"src":"c13","dest":"n4","body":{"type":"broadcast","message":47,"msg_id":17}}
[CALLBACK MATCH] msg_id=17
[MATCH BROADCAST]
BEGIN GOSSIP
NEIGHBORS: n1, n5
GOSSIP LOOP
LOOP ITER
[BROADCAST] {"src":"n4","dest":"n1","body":{"type":"broadcast","message":"47","msg_id":41}}
LOOP ITER
[BROADCAST] {"src":"n4","dest":"n5","body":{"type":"broadcast","message":"47","msg_id":42}}
[BROADCAST_OK] {"src":"n4","dest":"c13","body":{"type":"broadcast_ok","in_reply_to":17,"msg_id":41}}
[RECEIVED] {"id":676,"src":"n5","dest":"n4","body":{"type":"broadcast_ok","in_reply_to":42,"msg_id":39}}
[RECEIVED] {"id":677,"src":"n1","dest":"n4","body":{"type":"broadcast_ok","in_reply_to":41,"msg_id":53}}
[MATCH UNKNOWN]
[MATCH UNKNOWN]
[RECEIVED] {"id":682,"src":"n5","dest":"n4","body":{"type":"broadcast","message":"48","msg_id":41}}
[CALLBACK MATCH] msg_id=41
[MATCH BROADCAST]
BEGIN GOSSIP
NEIGHBORS: n1
GOSSIP LOOP
LOOP ITER
[BROADCAST] {"src":"n4","dest":"n1","body":{"type":"broadcast","message":"48","msg_id":43}}
[BROADCAST_OK] {"src":"n4","dest":"n5","body":{"type":"broadcast_ok","in_reply_to":41,"msg_id":43}}
[RECEIVED] {"id":689,"src":"n1","dest":"n4","body":{"type":"broadcast_ok","in_reply_to":43,"msg_id":54}}
[MATCH UNKNOWN]
[RECEIVED] {"id":696,"src":"n1","dest":"n4","body":{"type":"broadcast","message":"49","msg_id":55}}
[MATCH BROADCAST]
BEGIN GOSSIP
NEIGHBORS: n5
GOSSIP LOOP
LOOP ITER
[BROADCAST] {"src":"n4","dest":"n5","body":{"type":"broadcast","message":"49","msg_id":44}}
[BROADCAST_OK] {"src":"n4","dest":"n1","body":{"type":"broadcast_ok","in_reply_to":55,"msg_id":44}}
[RECEIVED] {"id":703,"src":"n5","dest":"n4","body":{"type":"broadcast_ok","in_reply_to":44,"msg_id":42}}
[MATCH UNKNOWN]
[RECEIVED] {"id":711,"src":"n1","dest":"n4","body":{"type":"broadcast","message":"50","msg_id":56}}
[MATCH BROADCAST]
BEGIN GOSSIP
NEIGHBORS: n5
GOSSIP LOOP
[RECEIVED] {"id":714,"src":"n5","dest":"n4","body":{"type":"broadcast","message":"50","msg_id":42}}
LOOP ITER
[CALLBACK MATCH] msg_id=42
[BROADCAST_OK] {"src":"n4","dest":"n1","body":{"type":"broadcast_ok","in_reply_to":56,"msg_id":45}}
[MATCH BROADCAST]
[BROADCAST_OK] {"src":"n4","dest":"n5","body":{"type":"broadcast_ok","in_reply_to":42,"msg_id":46}}
[RECEIVED] {"id":724,"src":"n1","dest":"n4","body":{"type":"broadcast","message":"51","msg_id":57}}
[MATCH BROADCAST]
BEGIN GOSSIP
NEIGHBORS: n5
GOSSIP LOOP
LOOP ITER
[BROADCAST] {"src":"n4","dest":"n5","body":{"type":"broadcast","message":"51","msg_id":46}}
[BROADCAST_OK] {"src":"n4","dest":"n1","body":{"type":"broadcast_ok","in_reply_to":57,"msg_id":46}}
[RECEIVED] {"id":728,"src":"n5","dest":"n4","body":{"type":"broadcast","message":"51","msg_id":43}}
[CALLBACK MATCH] msg_id=43
[RECEIVED] {"id":730,"src":"n5","dest":"n4","body":{"type":"broadcast_ok","in_reply_to":46,"msg_id":44}}
[MATCH BROADCAST]
[MATCH UNKNOWN]
[BROADCAST_OK] {"src":"n4","dest":"n5","body":{"type":"broadcast_ok","in_reply_to":43,"msg_id":47}}
[RECEIVED] {"id":732,"src":"c13","dest":"n4","body":{"type":"broadcast","message":52,"msg_id":18}}
[CALLBACK MATCH] msg_id=18
[MATCH BROADCAST]
BEGIN GOSSIP
NEIGHBORS: n1, n5
GOSSIP LOOP
LOOP ITER
[BROADCAST] {"src":"n4","dest":"n1","body":{"type":"broadcast","message":"52","msg_id":47}}
LOOP ITER
[BROADCAST] {"src":"n4","dest":"n5","body":{"type":"broadcast","message":"52","msg_id":48}}
[BROADCAST_OK] {"src":"n4","dest":"c13","body":{"type":"broadcast_ok","in_reply_to":18,"msg_id":47}}
[RECEIVED] {"id":738,"src":"n1","dest":"n4","body":{"type":"broadcast_ok","in_reply_to":47,"msg_id":58}}
[RECEIVED] {"id":739,"src":"n5","dest":"n4","body":{"type":"broadcast_ok","in_reply_to":48,"msg_id":44}}
[MATCH UNKNOWN]
[MATCH UNKNOWN]
[RECEIVED] {"id":746,"src":"n1","dest":"n4","body":{"type":"broadcast","message":"53","msg_id":60}}
[MATCH BROADCAST]
BEGIN GOSSIP
NEIGHBORS: n5
GOSSIP LOOP
LOOP ITER
[BROADCAST] {"src":"n4","dest":"n5","body":{"type":"broadcast","message":"53","msg_id":49}}
[BROADCAST_OK] {"src":"n4","dest":"n1","body":{"type":"broadcast_ok","in_reply_to":60,"msg_id":49}}
[RECEIVED] {"id":753,"src":"n5","dest":"n4","body":{"type":"broadcast_ok","in_reply_to":49,"msg_id":45}}
[MATCH UNKNOWN]
[RECEIVED] {"id":763,"src":"n1","dest":"n4","body":{"type":"broadcast","message":"54","msg_id":61}}
[MATCH BROADCAST]
[RECEIVED] {"id":766,"src":"n5","dest":"n4","body":{"type":"broadcast","message":"54","msg_id":45}}
BEGIN GOSSIP
[MATCH BROADCAST]
[BROADCAST_OK] {"src":"n4","dest":"n1","body":{"type":"broadcast_ok","in_reply_to":61,"msg_id":50}}
[BROADCAST_OK] {"src":"n4","dest":"n5","body":{"type":"broadcast_ok","in_reply_to":45,"msg_id":50}}
[RECEIVED] {"id":776,"src":"n1","dest":"n4","body":{"type":"broadcast","message":"55","msg_id":62}}
[RECEIVED] {"id":777,"src":"n5","dest":"n4","body":{"type":"broadcast","message":"55","msg_id":46}}
[MATCH BROADCAST]
[CALLBACK MATCH] msg_id=46
[MATCH BROADCAST]
[BROADCAST_OK] {"src":"n4","dest":"n5","body":{"type":"broadcast_ok","in_reply_to":46,"msg_id":50}}
[BROADCAST_OK] {"src":"n4","dest":"n1","body":{"type":"broadcast_ok","in_reply_to":62,"msg_id":50}}
[RECEIVED] {"id":782,"src":"c13","dest":"n4","body":{"type":"broadcast","message":56,"msg_id":19}}
[CALLBACK MATCH] msg_id=19
[MATCH BROADCAST]
BEGIN GOSSIP
NEIGHBORS: n1, n5
GOSSIP LOOP
LOOP ITER
[BROADCAST] {"src":"n4","dest":"n1","body":{"type":"broadcast","message":"56","msg_id":50}}
LOOP ITER
[BROADCAST] {"src":"n4","dest":"n5","body":{"type":"broadcast","message":"56","msg_id":51}}
[BROADCAST_OK] {"src":"n4","dest":"c13","body":{"type":"broadcast_ok","in_reply_to":19,"msg_id":50}}
[RECEIVED] {"id":787,"src":"n1","dest":"n4","body":{"type":"broadcast_ok","in_reply_to":50,"msg_id":63}}
[MATCH UNKNOWN]
[RECEIVED] {"id":789,"src":"n5","dest":"n4","body":{"type":"broadcast_ok","in_reply_to":51,"msg_id":47}}
[MATCH UNKNOWN]
[RECEIVED] {"id":794,"src":"n5","dest":"n4","body":{"type":"broadcast","message":"57","msg_id":49}}
[CALLBACK MATCH] msg_id=49
[MATCH BROADCAST]
BEGIN GOSSIP
NEIGHBORS: n1
GOSSIP LOOP
LOOP ITER
[BROADCAST] {"src":"n4","dest":"n1","body":{"type":"broadcast","message":"57","msg_id":52}}
[BROADCAST_OK] {"src":"n4","dest":"n5","body":{"type":"broadcast_ok","in_reply_to":49,"msg_id":52}}
[RECEIVED] {"id":803,"src":"n1","dest":"n4","body":{"type":"broadcast_ok","in_reply_to":52,"msg_id":64}}
[MATCH UNKNOWN]
[RECEIVED] {"id":806,"src":"n1","dest":"n4","body":{"type":"broadcast","message":"58","msg_id":65}}
[MATCH BROADCAST]
BEGIN GOSSIP
NEIGHBORS: n5
GOSSIP LOOP
LOOP ITER
[BROADCAST] {"src":"n4","dest":"n5","body":{"type":"broadcast","message":"58","msg_id":53}}
[BROADCAST_OK] {"src":"n4","dest":"n1","body":{"type":"broadcast_ok","in_reply_to":65,"msg_id":53}}
[RECEIVED] {"id":814,"src":"n5","dest":"n4","body":{"type":"broadcast","message":"58","msg_id":50}}
[CALLBACK MATCH] msg_id=50
[RECEIVED] {"id":815,"src":"n5","dest":"n4","body":{"type":"broadcast_ok","in_reply_to":53,"msg_id":51}}
[MATCH BROADCAST]
[MATCH UNKNOWN]
[BROADCAST_OK] {"src":"n4","dest":"n5","body":{"type":"broadcast_ok","in_reply_to":50,"msg_id":54}}
[RECEIVED] {"id":820,"src":"n1","dest":"n4","body":{"type":"broadcast","message":"59","msg_id":67}}
[MATCH BROADCAST]
BEGIN GOSSIP
NEIGHBORS: n5
GOSSIP LOOP
LOOP ITER
[BROADCAST] {"src":"n4","dest":"n5","body":{"type":"broadcast","message":"59","msg_id":54}}
[BROADCAST_OK] {"src":"n4","dest":"n1","body":{"type":"broadcast_ok","in_reply_to":67,"msg_id":54}}
[RECEIVED] {"id":830,"src":"n5","dest":"n4","body":{"type":"broadcast_ok","in_reply_to":54,"msg_id":51}}
[MATCH UNKNOWN]
[RECEIVED] {"id":838,"src":"n1","dest":"n4","body":{"type":"broadcast","message":"61","msg_id":68}}
[MATCH BROADCAST]
BEGIN GOSSIP
[RECEIVED] {"id":840,"src":"n5","dest":"n4","body":{"type":"broadcast","message":"61","msg_id":52}}
NEIGHBORS: n5
[CALLBACK MATCH] msg_id=52
[BROADCAST_OK] {"src":"n4","dest":"n1","body":{"type":"broadcast_ok","in_reply_to":68,"msg_id":55}}
[MATCH BROADCAST]
[BROADCAST_OK] {"src":"n4","dest":"n5","body":{"type":"broadcast_ok","in_reply_to":52,"msg_id":55}}
[RECEIVED] {"id":844,"src":"c13","dest":"n4","body":{"type":"broadcast","message":62,"msg_id":20}}
[CALLBACK MATCH] msg_id=20
[MATCH BROADCAST]
BEGIN GOSSIP
NEIGHBORS: n1, n5
GOSSIP LOOP
LOOP ITER
[BROADCAST] {"src":"n4","dest":"n1","body":{"type":"broadcast","message":"62","msg_id":55}}
LOOP ITER
[BROADCAST] {"src":"n4","dest":"n5","body":{"type":"broadcast","message":"62","msg_id":56}}
[BROADCAST_OK] {"src":"n4","dest":"c13","body":{"type":"broadcast_ok","in_reply_to":20,"msg_id":55}}
[RECEIVED] {"id":850,"src":"n5","dest":"n4","body":{"type":"broadcast_ok","in_reply_to":56,"msg_id":53}}
[RECEIVED] {"id":851,"src":"n1","dest":"n4","body":{"type":"broadcast_ok","in_reply_to":55,"msg_id":69}}
[MATCH UNKNOWN]
[MATCH UNKNOWN]
[RECEIVED] {"id":856,"src":"n5","dest":"n4","body":{"type":"broadcast","message":"63","msg_id":55}}
[CALLBACK MATCH] msg_id=55
[MATCH BROADCAST]
BEGIN GOSSIP
NEIGHBORS: n1
GOSSIP LOOP
LOOP ITER
[BROADCAST] {"src":"n4","dest":"n1","body":{"type":"broadcast","message":"63","msg_id":57}}
[BROADCAST_OK] {"src":"n4","dest":"n5","body":{"type":"broadcast_ok","in_reply_to":55,"msg_id":57}}
[RECEIVED] {"id":864,"src":"n1","dest":"n4","body":{"type":"broadcast_ok","in_reply_to":57,"msg_id":70}}
[MATCH UNKNOWN]
[RECEIVED] {"id":868,"src":"n1","dest":"n4","body":{"type":"broadcast","message":"64","msg_id":71}}
[MATCH BROADCAST]
BEGIN GOSSIP
NEIGHBORS: n5
GOSSIP LOOP
LOOP ITER
[BROADCAST] {"src":"n4","dest":"n5","body":{"type":"broadcast","message":"64","msg_id":58}}
[BROADCAST_OK] {"src":"n4","dest":"n1","body":{"type":"broadcast_ok","in_reply_to":71,"msg_id":58}}
[RECEIVED] {"id":874,"src":"n5","dest":"n4","body":{"type":"broadcast_ok","in_reply_to":58,"msg_id":56}}
[MATCH UNKNOWN]
[RECEIVED] {"id":885,"src":"n1","dest":"n4","body":{"type":"broadcast","message":"65","msg_id":72}}
[MATCH BROADCAST]
[RECEIVED] {"id":887,"src":"n5","dest":"n4","body":{"type":"broadcast","message":"65","msg_id":56}}
BEGIN GOSSIP
[CALLBACK MATCH] msg_id=56
[BROADCAST_OK] {"src":"n4","dest":"n1","body":{"type":"broadcast_ok","in_reply_to":72,"msg_id":59}}
[MATCH BROADCAST]
[BROADCAST_OK] {"src":"n4","dest":"n5","body":{"type":"broadcast_ok","in_reply_to":56,"msg_id":59}}
[RECEIVED] {"id":898,"src":"n1","dest":"n4","body":{"type":"broadcast","message":"66","msg_id":73}}
[RECEIVED] {"id":899,"src":"n5","dest":"n4","body":{"type":"broadcast","message":"66","msg_id":57}}
[MATCH BROADCAST]
[CALLBACK MATCH] msg_id=57
[MATCH BROADCAST]
[BROADCAST_OK] {"src":"n4","dest":"n5","body":{"type":"broadcast_ok","in_reply_to":57,"msg_id":59}}
[BROADCAST_OK] {"src":"n4","dest":"n1","body":{"type":"broadcast_ok","in_reply_to":73,"msg_id":59}}
[RECEIVED] {"id":904,"src":"c13","dest":"n4","body":{"type":"read","msg_id":21}}
[CALLBACK MATCH] msg_id=21
[MATCH READ]
[READ_OK] {"src":"n4","dest":"c13","body":{"type":"read_ok","messages":["0","1","10","11","12","13","14","15","17","18","19","2","20","21","22","23","24","25","26","27","28","29","3","30","31","33","34","35","36","37","38","39","4","40","41","42","43","44","45","46","47","48","49","5","50","51","52","53","54","55","56","57","58","59","6","61","62","63","64","65","66","7","8","9"],"in_reply_to":21,"msg_id":59}}
[RECEIVED] {"id":920,"src":"n1","dest":"n4","body":{"type":"broadcast","message":"67","msg_id":74}}
[RECEIVED] {"id":921,"src":"n5","dest":"n4","body":{"type":"broadcast","message":"67","msg_id":58}}
[MATCH BROADCAST]
[CALLBACK MATCH] msg_id=58
[MATCH BROADCAST]
[BROADCAST_OK] {"src":"n4","dest":"n5","body":{"type":"broadcast_ok","in_reply_to":58,"msg_id":59}}
[BROADCAST_OK] {"src":"n4","dest":"n1","body":{"type":"broadcast_ok","in_reply_to":74,"msg_id":59}}
[RECEIVED] {"id":926,"src":"c13","dest":"n4","body":{"type":"read","msg_id":22}}
[CALLBACK MATCH] msg_id=22
[MATCH READ]
[READ_OK] {"src":"n4","dest":"c13","body":{"type":"read_ok","messages":["0","1","10","11","12","13","14","15","17","18","19","2","20","21","22","23","24","25","26","27","28","29","3","30","31","33","34","35","36","37","38","39","4","40","41","42","43","44","45","46","47","48","49","5","50","51","52","53","54","55","56","57","58","59","6","61","62","63","64","65","66","67","7","8","9"],"in_reply_to":22,"msg_id":59}}
[RECEIVED] {"id":934,"src":"n1","dest":"n4","body":{"type":"broadcast","message":"68","msg_id":76}}
[MATCH BROADCAST]
BEGIN GOSSIP
NEIGHBORS: n5
GOSSIP LOOP
LOOP ITER
[BROADCAST] {"src":"n4","dest":"n5","body":{"type":"broadcast","message":"68","msg_id":59}}
[BROADCAST_OK] {"src":"n4","dest":"n1","body":{"type":"broadcast_ok","in_reply_to":76,"msg_id":59}}
[RECEIVED] {"id":940,"src":"n5","dest":"n4","body":{"type":"broadcast_ok","in_reply_to":59,"msg_id":59}}
[MATCH UNKNOWN]
[RECEIVED] {"id":954,"src":"n1","dest":"n4","body":{"type":"broadcast","message":"69","msg_id":77}}
[RECEIVED] {"id":955,"src":"n5","dest":"n4","body":{"type":"broadcast","message":"69","msg_id":60}}
[MATCH BROADCAST]
[MATCH BROADCAST]
[BROADCAST_OK] {"src":"n4","dest":"n1","body":{"type":"broadcast_ok","in_reply_to":77,"msg_id":60}}
[BROADCAST_OK] {"src":"n4","dest":"n5","body":{"type":"broadcast_ok","in_reply_to":60,"msg_id":60}}
[RECEIVED] {"id":960,"src":"c13","dest":"n4","body":{"type":"broadcast","message":70,"msg_id":23}}
[CALLBACK MATCH] msg_id=23
[MATCH BROADCAST]
BEGIN GOSSIP
NEIGHBORS: n1, n5
GOSSIP LOOP
LOOP ITER
[BROADCAST] {"src":"n4","dest":"n1","body":{"type":"broadcast","message":"70","msg_id":60}}
LOOP ITER
[BROADCAST] {"src":"n4","dest":"n5","body":{"type":"broadcast","message":"70","msg_id":61}}
[BROADCAST_OK] {"src":"n4","dest":"c13","body":{"type":"broadcast_ok","in_reply_to":23,"msg_id":60}}
[RECEIVED] {"id":963,"src":"n1","dest":"n4","body":{"type":"broadcast_ok","in_reply_to":60,"msg_id":78}}
[MATCH UNKNOWN]
[RECEIVED] {"id":969,"src":"n5","dest":"n4","body":{"type":"broadcast_ok","in_reply_to":61,"msg_id":61}}
[MATCH UNKNOWN]
[RECEIVED] {"id":974,"src":"n5","dest":"n4","body":{"type":"broadcast","message":"71","msg_id":62}}
[MATCH BROADCAST]
BEGIN GOSSIP
NEIGHBORS: n1
GOSSIP LOOP
LOOP ITER
[BROADCAST] {"src":"n4","dest":"n1","body":{"type":"broadcast","message":"71","msg_id":62}}
[BROADCAST_OK] {"src":"n4","dest":"n5","body":{"type":"broadcast_ok","in_reply_to":62,"msg_id":62}}
[RECEIVED] {"id":981,"src":"n1","dest":"n4","body":{"type":"broadcast_ok","in_reply_to":62,"msg_id":79}}
[MATCH UNKNOWN]
[RECEIVED] {"id":988,"src":"n1","dest":"n4","body":{"type":"broadcast","message":"72","msg_id":80}}
[MATCH BROADCAST]
BEGIN GOSSIP
NEIGHBORS: n5
GOSSIP LOOP
LOOP ITER
[BROADCAST] {"src":"n4","dest":"n5","body":{"type":"broadcast","message":"72","msg_id":63}}
[BROADCAST_OK] {"src":"n4","dest":"n1","body":{"type":"broadcast_ok","in_reply_to":80,"msg_id":63}}
[RECEIVED] {"id":996,"src":"n5","dest":"n4","body":{"type":"broadcast_ok","in_reply_to":63,"msg_id":63}}
[MATCH UNKNOWN]
[RECEIVED] {"id":1002,"src":"c13","dest":"n4","body":{"type":"read","msg_id":24}}
[CALLBACK MATCH] msg_id=24
[MATCH READ]
[READ_OK] {"src":"n4","dest":"c13","body":{"type":"read_ok","messages":["0","1","10","11","12","13","14","15","17","18","19","2","20","21","22","23","24","25","26","27","28","29","3","30","31","33","34","35","36","37","38","39","4","40","41","42","43","44","45","46","47","48","49","5","50","51","52","53","54","55","56","57","58","59","6","61","62","63","64","65","66","67","68","69","7","70","71","72","8","9"],"in_reply_to":24,"msg_id":64}}
[RECEIVED] {"id":1008,"src":"n1","dest":"n4","body":{"type":"broadcast","message":"73","msg_id":82}}
[MATCH BROADCAST]
BEGIN GOSSIP
NEIGHBORS: n5
GOSSIP LOOP
LOOP ITER
[BROADCAST] {"src":"n4","dest":"n5","body":{"type":"broadcast","message":"73","msg_id":64}}
[BROADCAST_OK] {"src":"n4","dest":"n1","body":{"type":"broadcast_ok","in_reply_to":82,"msg_id":64}}
[RECEIVED] {"id":1015,"src":"n5","dest":"n4","body":{"type":"broadcast_ok","in_reply_to":64,"msg_id":63}}
[MATCH UNKNOWN]
[RECEIVED] {"id":1026,"src":"n1","dest":"n4","body":{"type":"broadcast","message":"74","msg_id":83}}
[RECEIVED] {"id":1027,"src":"n5","dest":"n4","body":{"type":"broadcast","message":"74","msg_id":63}}
[MATCH BROADCAST]
[CALLBACK MATCH] msg_id=63
[MATCH BROADCAST]
[BROADCAST_OK] {"src":"n4","dest":"n5","body":{"type":"broadcast_ok","in_reply_to":63,"msg_id":65}}
[BROADCAST_OK] {"src":"n4","dest":"n1","body":{"type":"broadcast_ok","in_reply_to":83,"msg_id":65}}
[RECEIVED] {"id":1034,"src":"c13","dest":"n4","body":{"type":"read","msg_id":25}}
[CALLBACK MATCH] msg_id=25
[MATCH READ]
[READ_OK] {"src":"n4","dest":"c13","body":{"type":"read_ok","messages":["0","1","10","11","12","13","14","15","17","18","19","2","20","21","22","23","24","25","26","27","28","29","3","30","31","33","34","35","36","37","38","39","4","40","41","42","43","44","45","46","47","48","49","5","50","51","52","53","54","55","56","57","58","59","6","61","62","63","64","65","66","67","68","69","7","70","71","72","73","74","8","9"],"in_reply_to":25,"msg_id":65}}
[RECEIVED] {"id":1038,"src":"n5","dest":"n4","body":{"type":"broadcast","message":"75","msg_id":65}}
[MATCH BROADCAST]
BEGIN GOSSIP
NEIGHBORS: n1
GOSSIP LOOP
LOOP ITER
[BROADCAST] {"src":"n4","dest":"n1","body":{"type":"broadcast","message":"75","msg_id":65}}
[BROADCAST_OK] {"src":"n4","dest":"n5","body":{"type":"broadcast_ok","in_reply_to":65,"msg_id":65}}
[RECEIVED] {"id":1045,"src":"n1","dest":"n4","body":{"type":"broadcast_ok","in_reply_to":65,"msg_id":84}}
[MATCH UNKNOWN]
[RECEIVED] {"id":1056,"src":"n5","dest":"n4","body":{"type":"broadcast","message":"76","msg_id":66}}
[MATCH BROADCAST]
BEGIN GOSSIP
NEIGHBORS: n1
GOSSIP LOOP
LOOP ITER
[BROADCAST] {"src":"n4","dest":"n1","body":{"type":"broadcast","message":"76","msg_id":66}}
[BROADCAST_OK] {"src":"n4","dest":"n5","body":{"type":"broadcast_ok","in_reply_to":66,"msg_id":66}}
[RECEIVED] {"id":1060,"src":"n1","dest":"n4","body":{"type":"broadcast","message":"76","msg_id":85}}
[RECEIVED] {"id":1062,"src":"n1","dest":"n4","body":{"type":"broadcast_ok","in_reply_to":66,"msg_id":86}}
[MATCH BROADCAST]
[MATCH UNKNOWN]
[BROADCAST_OK] {"src":"n4","dest":"n1","body":{"type":"broadcast_ok","in_reply_to":85,"msg_id":67}}
[RECEIVED] {"id":1069,"src":"n1","dest":"n4","body":{"type":"broadcast","message":"77","msg_id":86}}
[RECEIVED] {"id":1071,"src":"n5","dest":"n4","body":{"type":"broadcast","message":"77","msg_id":67}}
[MATCH BROADCAST]
[MATCH BROADCAST]
[BROADCAST_OK] {"src":"n4","dest":"n1","body":{"type":"broadcast_ok","in_reply_to":86,"msg_id":67}}
[BROADCAST_OK] {"src":"n4","dest":"n5","body":{"type":"broadcast_ok","in_reply_to":67,"msg_id":67}}
[RECEIVED] {"id":1082,"src":"n1","dest":"n4","body":{"type":"broadcast","message":"78","msg_id":87}}
[RECEIVED] {"id":1083,"src":"n5","dest":"n4","body":{"type":"broadcast","message":"78","msg_id":68}}
[MATCH BROADCAST]
[MATCH BROADCAST]
[BROADCAST_OK] {"src":"n4","dest":"n1","body":{"type":"broadcast_ok","in_reply_to":87,"msg_id":67}}
[BROADCAST_OK] {"src":"n4","dest":"n5","body":{"type":"broadcast_ok","in_reply_to":68,"msg_id":67}}
[RECEIVED] {"id":1088,"src":"c13","dest":"n4","body":{"type":"read","msg_id":26}}
[CALLBACK MATCH] msg_id=26
[MATCH READ]
[READ_OK] {"src":"n4","dest":"c13","body":{"type":"read_ok","messages":["0","1","10","11","12","13","14","15","17","18","19","2","20","21","22","23","24","25","26","27","28","29","3","30","31","33","34","35","36","37","38","39","4","40","41","42","43","44","45","46","47","48","49","5","50","51","52","53","54","55","56","57","58","59","6","61","62","63","64","65","66","67","68","69","7","70","71","72","73","74","75","76","77","78","8","9"],"in_reply_to":26,"msg_id":67}}
[RECEIVED] {"id":1092,"src":"n5","dest":"n4","body":{"type":"broadcast","message":"79","msg_id":70}}
[MATCH BROADCAST]
BEGIN GOSSIP
NEIGHBORS: n1
GOSSIP LOOP
LOOP ITER
[BROADCAST] {"src":"n4","dest":"n1","body":{"type":"broadcast","message":"79","msg_id":67}}
[BROADCAST_OK] {"src":"n4","dest":"n5","body":{"type":"broadcast_ok","in_reply_to":70,"msg_id":67}}
[RECEIVED] {"id":1098,"src":"n1","dest":"n4","body":{"type":"broadcast_ok","in_reply_to":67,"msg_id":88}}
[MATCH UNKNOWN]
[RECEIVED] {"id":1108,"src":"n1","dest":"n4","body":{"type":"broadcast","message":"80","msg_id":90}}
[MATCH BROADCAST]
BEGIN GOSSIP
NEIGHBORS: n5
GOSSIP LOOP
LOOP ITER
[BROADCAST] {"src":"n4","dest":"n5","body":{"type":"broadcast","message":"80","msg_id":68}}
[BROADCAST_OK] {"src":"n4","dest":"n1","body":{"type":"broadcast_ok","in_reply_to":90,"msg_id":68}}
[RECEIVED] {"id":1117,"src":"n5","dest":"n4","body":{"type":"broadcast_ok","in_reply_to":68,"msg_id":71}}
[MATCH UNKNOWN]
[RECEIVED] {"id":1124,"src":"c13","dest":"n4","body":{"type":"broadcast","message":81,"msg_id":27}}
[MATCH BROADCAST]
BEGIN GOSSIP
NEIGHBORS: n1, n5
GOSSIP LOOP
LOOP ITER
[BROADCAST] {"src":"n4","dest":"n1","body":{"type":"broadcast","message":"81","msg_id":69}}
LOOP ITER
[BROADCAST] {"src":"n4","dest":"n5","body":{"type":"broadcast","message":"81","msg_id":70}}
[BROADCAST_OK] {"src":"n4","dest":"c13","body":{"type":"broadcast_ok","in_reply_to":27,"msg_id":69}}
[RECEIVED] {"id":1130,"src":"n5","dest":"n4","body":{"type":"broadcast_ok","in_reply_to":70,"msg_id":72}}
[RECEIVED] {"id":1131,"src":"n1","dest":"n4","body":{"type":"broadcast_ok","in_reply_to":69,"msg_id":91}}
[MATCH UNKNOWN]
[MATCH UNKNOWN]
[RECEIVED] {"id":1140,"src":"n1","dest":"n4","body":{"type":"broadcast","message":"82","msg_id":93}}
[MATCH BROADCAST]
BEGIN GOSSIP
NEIGHBORS: n5
GOSSIP LOOP
LOOP ITER
[BROADCAST] {"src":"n4","dest":"n5","body":{"type":"broadcast","message":"82","msg_id":71}}
[BROADCAST_OK] {"src":"n4","dest":"n1","body":{"type":"broadcast_ok","in_reply_to":93,"msg_id":71}}
[RECEIVED] {"id":1147,"src":"n5","dest":"n4","body":{"type":"broadcast_ok","in_reply_to":71,"msg_id":73}}
[MATCH UNKNOWN]
[RECEIVED] {"id":1158,"src":"n5","dest":"n4","body":{"type":"broadcast","message":"83","msg_id":73}}
[RECEIVED] {"id":1159,"src":"n1","dest":"n4","body":{"type":"broadcast","message":"83","msg_id":94}}
[MATCH BROADCAST]
[MATCH BROADCAST]
[BROADCAST_OK] {"src":"n4","dest":"n5","body":{"type":"broadcast_ok","in_reply_to":73,"msg_id":72}}
[BROADCAST_OK] {"src":"n4","dest":"n1","body":{"type":"broadcast_ok","in_reply_to":94,"msg_id":72}}
[RECEIVED] {"id":1164,"src":"c13","dest":"n4","body":{"type":"broadcast","message":84,"msg_id":28}}
[MATCH BROADCAST]
BEGIN GOSSIP
NEIGHBORS: n1, n5
GOSSIP LOOP
LOOP ITER
[BROADCAST] {"src":"n4","dest":"n1","body":{"type":"broadcast","message":"84","msg_id":72}}
LOOP ITER
[BROADCAST] {"src":"n4","dest":"n5","body":{"type":"broadcast","message":"84","msg_id":73}}
[BROADCAST_OK] {"src":"n4","dest":"c13","body":{"type":"broadcast_ok","in_reply_to":28,"msg_id":72}}
[RECEIVED] {"id":1169,"src":"n1","dest":"n4","body":{"type":"broadcast_ok","in_reply_to":72,"msg_id":95}}
[MATCH UNKNOWN]
[RECEIVED] {"id":1171,"src":"n5","dest":"n4","body":{"type":"broadcast_ok","in_reply_to":73,"msg_id":74}}
[MATCH UNKNOWN]
[RECEIVED] {"id":1179,"src":"n1","dest":"n4","body":{"type":"broadcast","message":"85","msg_id":96}}
[MATCH BROADCAST]
BEGIN GOSSIP
NEIGHBORS: n5
GOSSIP LOOP
LOOP ITER
[BROADCAST] {"src":"n4","dest":"n5","body":{"type":"broadcast","message":"85","msg_id":74}}
[BROADCAST_OK] {"src":"n4","dest":"n1","body":{"type":"broadcast_ok","in_reply_to":96,"msg_id":74}}
[RECEIVED] {"id":1184,"src":"n5","dest":"n4","body":{"type":"broadcast","message":"85","msg_id":76}}
[MATCH BROADCAST]
[BROADCAST_OK] {"src":"n4","dest":"n5","body":{"type":"broadcast_ok","in_reply_to":76,"msg_id":75}}
[RECEIVED] {"id":1186,"src":"n5","dest":"n4","body":{"type":"broadcast_ok","in_reply_to":74,"msg_id":77}}
[MATCH UNKNOWN]
[RECEIVED] {"id":1190,"src":"n1","dest":"n4","body":{"type":"broadcast","message":"86","msg_id":98}}
[MATCH BROADCAST]
BEGIN GOSSIP
NEIGHBORS: n5
[RECEIVED] {"id":1196,"src":"n5","dest":"n4","body":{"type":"broadcast","message":"86","msg_id":77}}
GOSSIP LOOP
[MATCH BROADCAST]
[BROADCAST_OK] {"src":"n4","dest":"n1","body":{"type":"broadcast_ok","in_reply_to":98,"msg_id":75}}
[BROADCAST_OK] {"src":"n4","dest":"n5","body":{"type":"broadcast_ok","in_reply_to":77,"msg_id":75}}
[RECEIVED] {"id":1207,"src":"n1","dest":"n4","body":{"type":"broadcast","message":"87","msg_id":99}}
[MATCH BROADCAST]
[RECEIVED] {"id":1210,"src":"n5","dest":"n4","body":{"type":"broadcast","message":"87","msg_id":78}}
BEGIN GOSSIP
[MATCH BROADCAST]
[BROADCAST_OK] {"src":"n4","dest":"n1","body":{"type":"broadcast_ok","in_reply_to":99,"msg_id":75}}
[BROADCAST_OK] {"src":"n4","dest":"n5","body":{"type":"broadcast_ok","in_reply_to":78,"msg_id":75}}
[RECEIVED] {"id":1216,"src":"c13","dest":"n4","body":{"type":"broadcast","message":88,"msg_id":29}}
[CALLBACK MATCH] msg_id=29
[MATCH BROADCAST]
BEGIN GOSSIP
NEIGHBORS: n1, n5
GOSSIP LOOP
LOOP ITER
[BROADCAST] {"src":"n4","dest":"n1","body":{"type":"broadcast","message":"88","msg_id":75}}
LOOP ITER
[BROADCAST] {"src":"n4","dest":"n5","body":{"type":"broadcast","message":"88","msg_id":76}}
[BROADCAST_OK] {"src":"n4","dest":"c13","body":{"type":"broadcast_ok","in_reply_to":29,"msg_id":75}}
[RECEIVED] {"id":1222,"src":"n1","dest":"n4","body":{"type":"broadcast_ok","in_reply_to":75,"msg_id":100}}
[RECEIVED] {"id":1223,"src":"n5","dest":"n4","body":{"type":"broadcast_ok","in_reply_to":76,"msg_id":79}}
[MATCH UNKNOWN]
[MATCH UNKNOWN]
[RECEIVED] {"id":1240,"src":"n1","dest":"n4","body":{"type":"broadcast","message":"89","msg_id":101}}
[RECEIVED] {"id":1241,"src":"n5","dest":"n4","body":{"type":"broadcast","message":"89","msg_id":80}}
[MATCH BROADCAST]
[MATCH BROADCAST]
[BROADCAST_OK] {"src":"n4","dest":"n1","body":{"type":"broadcast_ok","in_reply_to":101,"msg_id":77}}
[BROADCAST_OK] {"src":"n4","dest":"n5","body":{"type":"broadcast_ok","in_reply_to":80,"msg_id":77}}
[RECEIVED] {"id":1246,"src":"c13","dest":"n4","body":{"type":"read","msg_id":30}}
[CALLBACK MATCH] msg_id=30
[MATCH READ]
[READ_OK] {"src":"n4","dest":"c13","body":{"type":"read_ok","messages":["0","1","10","11","12","13","14","15","17","18","19","2","20","21","22","23","24","25","26","27","28","29","3","30","31","33","34","35","36","37","38","39","4","40","41","42","43","44","45","46","47","48","49","5","50","51","52","53","54","55","56","57","58","59","6","61","62","63","64","65","66","67","68","69","7","70","71","72","73","74","75","76","77","78","79","8","80","81","82","83","84","85","86","87","88","89","9"],"in_reply_to":30,"msg_id":77}}
[RECEIVED] {"id":1253,"src":"c13","dest":"n4","body":{"type":"read","msg_id":31}}
[CALLBACK MATCH] msg_id=31
[MATCH READ]
[READ_OK] {"src":"n4","dest":"c13","body":{"type":"read_ok","messages":["0","1","10","11","12","13","14","15","17","18","19","2","20","21","22","23","24","25","26","27","28","29","3","30","31","33","34","35","36","37","38","39","4","40","41","42","43","44","45","46","47","48","49","5","50","51","52","53","54","55","56","57","58","59","6","61","62","63","64","65","66","67","68","69","7","70","71","72","73","74","75","76","77","78","79","8","80","81","82","83","84","85","86","87","88","89","9"],"in_reply_to":31,"msg_id":77}}
