[RECEIVED] {"id":3,"src":"c3","dest":"n2","body":{"type":"init","node_id":"n2","node_ids":["n1","n2","n3","n4","n5"],"msg_id":1}}
[MATCH INIT]
[INIT] {"src":"n2","dest":"c3","body":{"type":"init_ok","in_reply_to":1,"msg_id":0}}
[RECEIVED] {"id":14,"src":"c12","dest":"n2","body":{"echo":"Please echo 7","type":"echo","msg_id":1}}
[MATCH ECHO]
[ECHO] {"src":"n2","dest":"c12","body":{"type":"echo_ok","echo":"Please echo 7","msg_id":1,"in_reply_to":1}}
[RECEIVED] {"id":20,"src":"c12","dest":"n2","body":{"echo":"Please echo 85","type":"echo","msg_id":2}}
[MATCH ECHO]
[ECHO] {"src":"n2","dest":"c12","body":{"type":"echo_ok","echo":"Please echo 85","msg_id":2,"in_reply_to":2}}
[RECEIVED] {"id":28,"src":"c12","dest":"n2","body":{"echo":"Please echo 94","type":"echo","msg_id":3}}
[MATCH ECHO]
[ECHO] {"src":"n2","dest":"c12","body":{"type":"echo_ok","echo":"Please echo 94","msg_id":3,"in_reply_to":3}}
[RECEIVED] {"id":48,"src":"c12","dest":"n2","body":{"echo":"Please echo 14","type":"echo","msg_id":4}}
[MATCH ECHO]
[ECHO] {"src":"n2","dest":"c12","body":{"type":"echo_ok","echo":"Please echo 14","msg_id":4,"in_reply_to":4}}
[RECEIVED] {"id":52,"src":"c12","dest":"n2","body":{"echo":"Please echo 58","type":"echo","msg_id":5}}
[MATCH ECHO]
[ECHO] {"src":"n2","dest":"c12","body":{"type":"echo_ok","echo":"Please echo 58","msg_id":5,"in_reply_to":5}}
[RECEIVED] {"id":60,"src":"c12","dest":"n2","body":{"echo":"Please echo 34","type":"echo","msg_id":6}}
[MATCH ECHO]
[ECHO] {"src":"n2","dest":"c12","body":{"type":"echo_ok","echo":"Please echo 34","msg_id":6,"in_reply_to":6}}
[RECEIVED] {"id":76,"src":"c12","dest":"n2","body":{"echo":"Please echo 54","type":"echo","msg_id":7}}
[MATCH ECHO]
[ECHO] {"src":"n2","dest":"c12","body":{"type":"echo_ok","echo":"Please echo 54","msg_id":7,"in_reply_to":7}}
[RECEIVED] {"id":94,"src":"c12","dest":"n2","body":{"echo":"Please echo 114","type":"echo","msg_id":8}}
[MATCH ECHO]
[ECHO] {"src":"n2","dest":"c12","body":{"type":"echo_ok","echo":"Please echo 114","msg_id":8,"in_reply_to":8}}
[RECEIVED] {"id":118,"src":"c12","dest":"n2","body":{"echo":"Please echo 8","type":"echo","msg_id":9}}
[MATCH ECHO]
[ECHO] {"src":"n2","dest":"c12","body":{"type":"echo_ok","echo":"Please echo 8","msg_id":9,"in_reply_to":9}}
[RECEIVED] {"id":142,"src":"c12","dest":"n2","body":{"echo":"Please echo 10","type":"echo","msg_id":10}}
[MATCH ECHO]
[ECHO] {"src":"n2","dest":"c12","body":{"type":"echo_ok","echo":"Please echo 10","msg_id":10,"in_reply_to":10}}
[RECEIVED] {"id":150,"src":"c12","dest":"n2","body":{"echo":"Please echo 89","type":"echo","msg_id":11}}
[MATCH ECHO]
[ECHO] {"src":"n2","dest":"c12","body":{"type":"echo_ok","echo":"Please echo 89","msg_id":11,"in_reply_to":11}}
[RECEIVED] {"id":154,"src":"c12","dest":"n2","body":{"echo":"Please echo 38","type":"echo","msg_id":12}}
[MATCH ECHO]
[ECHO] {"src":"n2","dest":"c12","body":{"type":"echo_ok","echo":"Please echo 38","msg_id":12,"in_reply_to":12}}
[RECEIVED] {"id":172,"src":"c12","dest":"n2","body":{"echo":"Please echo 57","type":"echo","msg_id":13}}
[MATCH ECHO]
[ECHO] {"src":"n2","dest":"c12","body":{"type":"echo_ok","echo":"Please echo 57","msg_id":13,"in_reply_to":13}}
[RECEIVED] {"id":176,"src":"c12","dest":"n2","body":{"echo":"Please echo 42","type":"echo","msg_id":14}}
[MATCH ECHO]
[ECHO] {"src":"n2","dest":"c12","body":{"type":"echo_ok","echo":"Please echo 42","msg_id":14,"in_reply_to":14}}
[RECEIVED] {"id":188,"src":"c12","dest":"n2","body":{"echo":"Please echo 125","type":"echo","msg_id":15}}
[MATCH ECHO]
[ECHO] {"src":"n2","dest":"c12","body":{"type":"echo_ok","echo":"Please echo 125","msg_id":15,"in_reply_to":15}}
[RECEIVED] {"id":210,"src":"c12","dest":"n2","body":{"echo":"Please echo 38","type":"echo","msg_id":16}}
[MATCH ECHO]
[ECHO] {"src":"n2","dest":"c12","body":{"type":"echo_ok","echo":"Please echo 38","msg_id":16,"in_reply_to":16}}
[RECEIVED] {"id":212,"src":"c12","dest":"n2","body":{"echo":"Please echo 23","type":"echo","msg_id":17}}
[MATCH ECHO]
[ECHO] {"src":"n2","dest":"c12","body":{"type":"echo_ok","echo":"Please echo 23","msg_id":17,"in_reply_to":17}}
[RECEIVED] {"id":220,"src":"c12","dest":"n2","body":{"echo":"Please echo 37","type":"echo","msg_id":18}}
[MATCH ECHO]
[ECHO] {"src":"n2","dest":"c12","body":{"type":"echo_ok","echo":"Please echo 37","msg_id":18,"in_reply_to":18}}
[RECEIVED] {"id":240,"src":"c12","dest":"n2","body":{"echo":"Please echo 93","type":"echo","msg_id":19}}
[MATCH ECHO]
[ECHO] {"src":"n2","dest":"c12","body":{"type":"echo_ok","echo":"Please echo 93","msg_id":19,"in_reply_to":19}}
[RECEIVED] {"id":252,"src":"c12","dest":"n2","body":{"echo":"Please echo 123","type":"echo","msg_id":20}}
[MATCH ECHO]
[ECHO] {"src":"n2","dest":"c12","body":{"type":"echo_ok","echo":"Please echo 123","msg_id":20,"in_reply_to":20}}
[RECEIVED] {"id":292,"src":"c12","dest":"n2","body":{"echo":"Please echo 40","type":"echo","msg_id":21}}
[MATCH ECHO]
[ECHO] {"src":"n2","dest":"c12","body":{"type":"echo_ok","echo":"Please echo 40","msg_id":21,"in_reply_to":21}}
[RECEIVED] {"id":298,"src":"c12","dest":"n2","body":{"echo":"Please echo 125","type":"echo","msg_id":22}}
[MATCH ECHO]
[ECHO] {"src":"n2","dest":"c12","body":{"type":"echo_ok","echo":"Please echo 125","msg_id":22,"in_reply_to":22}}
[RECEIVED] {"id":330,"src":"c12","dest":"n2","body":{"echo":"Please echo 80","type":"echo","msg_id":23}}
[MATCH ECHO]
[ECHO] {"src":"n2","dest":"c12","body":{"type":"echo_ok","echo":"Please echo 80","msg_id":23,"in_reply_to":23}}
[RECEIVED] {"id":336,"src":"c12","dest":"n2","body":{"echo":"Please echo 127","type":"echo","msg_id":24}}
[MATCH ECHO]
[ECHO] {"src":"n2","dest":"c12","body":{"type":"echo_ok","echo":"Please echo 127","msg_id":24,"in_reply_to":24}}
[RECEIVED] {"id":362,"src":"c12","dest":"n2","body":{"echo":"Please echo 71","type":"echo","msg_id":25}}
[MATCH ECHO]
[ECHO] {"src":"n2","dest":"c12","body":{"type":"echo_ok","echo":"Please echo 71","msg_id":25,"in_reply_to":25}}
[RECEIVED] {"id":368,"src":"c12","dest":"n2","body":{"echo":"Please echo 89","type":"echo","msg_id":26}}
[MATCH ECHO]
[ECHO] {"src":"n2","dest":"c12","body":{"type":"echo_ok","echo":"Please echo 89","msg_id":26,"in_reply_to":26}}
[RECEIVED] {"id":380,"src":"c12","dest":"n2","body":{"echo":"Please echo 77","type":"echo","msg_id":27}}
[MATCH ECHO]
[ECHO] {"src":"n2","dest":"c12","body":{"type":"echo_ok","echo":"Please echo 77","msg_id":27,"in_reply_to":27}}
[RECEIVED] {"id":384,"src":"c12","dest":"n2","body":{"echo":"Please echo 63","type":"echo","msg_id":28}}
[MATCH ECHO]
[ECHO] {"src":"n2","dest":"c12","body":{"type":"echo_ok","echo":"Please echo 63","msg_id":28,"in_reply_to":28}}
