2025-06-02 15:56:59,383{GMT}	INFO	[jepsen test runner] jepsen.core: Test version b1870b0424f455f8940cc6fee1dc21df80da1060 (plus uncommitted changes)
2025-06-02 15:56:59,383{GMT}	INFO	[jepsen test runner] jepsen.core: Command line:
lein run test -w broadcast --node-count 1 --bin self/server/_build/default/bin/main.exe --time-limit 20 --rate 10
2025-06-02 15:56:59,424{GMT}	INFO	[jepsen test runner] jepsen.core: Running test:
{:args []
 :remote
 #jepsen.control.retry.Remote{:remote #jepsen.control.scp.Remote{:cmd-remote #jepsen.control.sshj.SSHJRemote{:concurrency-limit 6,
                                                                                                             :conn-spec nil,
                                                                                                             :client nil,
                                                                                                             :semaphore nil},
                                                                 :conn-spec nil},
                              :conn nil}
 :log-net-send false
 :node-count 1
 :availability nil
 :max-txn-length 4
 :concurrency 1
 :db
 #object[maelstrom.db$db$reify__16612
         "0x15a8b228"
         "maelstrom.db$db$reify__16612@15a8b228"]
 :max-writes-per-key 16
 :leave-db-running? false
 :name "broadcast"
 :logging-json? false
 :start-time
 #object[org.joda.time.DateTime "0x71737478" "2025-06-02T15:56:59.348-04:00"]
 :nemesis-interval 10
 :net
 #object[maelstrom.net$jepsen_net$reify__15721
         "0x64001530"
         "maelstrom.net$jepsen_net$reify__15721@64001530"]
 :client
 #object[maelstrom.workload.broadcast$client$reify__17142
         "0x1f9b8c23"
         "maelstrom.workload.broadcast$client$reify__17142@1f9b8c23"]
 :barrier
 #object[java.util.concurrent.CyclicBarrier
         "0x6b297a62"
         "java.util.concurrent.CyclicBarrier@6b297a62"]
 :log-stderr false
 :pure-generators true
 :ssh {:dummy? true}
 :rate 10.0
 :checker
 #object[jepsen.checker$compose$reify__11089
         "0x11303cb"
         "jepsen.checker$compose$reify__11089@11303cb"]
 :argv
 ("test"
  "-w"
  "broadcast"
  "--node-count"
  "1"
  "--bin"
  "self/server/_build/default/bin/main.exe"
  "--time-limit"
  "20"
  "--rate"
  "10")
 :nemesis
 (jepsen.nemesis.ReflCompose
  {:fm {:start-partition 0,
        :stop-partition 0,
        :kill 1,
        :start 1,
        :pause 1,
        :resume 1},
   :nemeses [#unprintable "jepsen.nemesis.combined$partition_nemesis$reify__16905@655e3f4c"
             #unprintable "jepsen.nemesis.combined$db_nemesis$reify__16886@26e74d50"]})
 :nodes ["n0"]
 :test-count 1
 :latency {:mean 0, :dist :constant}
 :bin "self/server/_build/default/bin/main.exe"
 :generator
 #object[jepsen.util.Forgettable
         "0x3a1dc432"
         ((jepsen.generator.Synchronize
           {:gen (jepsen.generator.TimeLimit
                  {:limit 20000000000,
                   :cutoff nil,
                   :gen (jepsen.generator.Any
                         {:gens [(jepsen.generator.OnThreads
                                  {:f #{:nemesis},
                                   :context-filter #object[jepsen.generator.context$make_thread_filter$lazy_filter__12077
                                                           "0x5d4f0fd5"
                                                           "jepsen.generator.context$make_thread_filter$lazy_filter__12077@5d4f0fd5"],
                                   :gen nil})
                                 (jepsen.generator.OnThreads
                                  {:f #jepsen.generator.context.AllBut{:element :nemesis},
                                   :context-filter #object[jepsen.generator.context$make_thread_filter$lazy_filter__12077
                                                           "0x2092b072"
                                                           "jepsen.generator.context$make_thread_filter$lazy_filter__12077@2092b072"],
                                   :gen (jepsen.generator.Stagger
                                         {:dt 200000000,
                                          :next-time nil,
                                          :gen (jepsen.generator.Mix
                                                {:i 0,
                                                 :gens [({:f :broadcast,
                                                          :value 0}
                                                         {:f :broadcast,
                                                          :value 1}
                                                         {:f :broadcast,
                                                          :value 2}
                                                         {:f :broadcast,
                                                          :value 3}
                                                         {:f :broadcast,
                                                          :value 4}
                                                         {:f :broadcast,
                                                          :value 5}
                                                         {:f :broadcast,
                                                          :value 6}
                                                         {:f :broadcast,
                                                          :value 7}
                                                         ...)
                                                        ({:f :read}
                                                         {:f :read}
                                                         {:f :read}
                                                         {:f :read}
                                                         {:f :read}
                                                         {:f :read}
                                                         {:f :read}
                                                         {:f :read}
                                                         ...)]})})})]})})})
          (jepsen.generator.Synchronize
           {:gen (jepsen.generator.OnThreads
                  {:f #{:nemesis},
                   :context-filter #object[jepsen.generator.context$make_thread_filter$lazy_filter__12077
                                           "0x4a9e6ea7"
                                           "jepsen.generator.context$make_thread_filter$lazy_filter__12077@4a9e6ea7"],
                   :gen ()})})
          (jepsen.generator.Synchronize
           {:gen {:type :log, :value "Waiting for recovery..."}})
          (jepsen.generator.Synchronize {:gen {:type :sleep, :value 10}})
          (jepsen.generator.Synchronize
           {:gen (jepsen.generator.OnThreads
                  {:f #jepsen.generator.context.AllBut{:element :nemesis},
                   :context-filter #object[jepsen.generator.context$make_thread_filter$lazy_filter__12077
                                           "0x6f8af186"
                                           "jepsen.generator.context$make_thread_filter$lazy_filter__12077@6f8af186"],
                   :gen (jepsen.generator.EachThread
                         {:fresh-gen {:f :read, :final? true},
                          :context-filters #object[clojure.core$promise$reify__8621
                                                   "0x5aaecd25"
                                                   {:status :pending, :val nil}],
                          :gens {}})})}))]
 :log-net-recv false
 :os
 #object[maelstrom.net$jepsen_os$reify__15724
         "0x239fdf8f"
         "maelstrom.net$jepsen_os$reify__15724@239fdf8f"]
 :time-limit 20
 :workload :broadcast
 :consistency-models [:strict-serializable]
 :topology :grid}

2025-06-02 15:57:00,589{GMT}	INFO	[jepsen node n0] maelstrom.net: Starting Maelstrom network
2025-06-02 15:57:00,590{GMT}	INFO	[jepsen test runner] jepsen.db: Tearing down DB
2025-06-02 15:57:00,591{GMT}	INFO	[jepsen test runner] jepsen.db: Setting up DB
2025-06-02 15:57:00,592{GMT}	INFO	[jepsen node n0] maelstrom.service: Starting services: (lin-kv lin-tso lww-kv seq-kv)
2025-06-02 15:57:00,593{GMT}	INFO	[jepsen node n0] maelstrom.db: Setting up n0
2025-06-02 15:57:00,593{GMT}	INFO	[jepsen node n0] maelstrom.process: launching self/server/_build/default/bin/main.exe []
2025-06-02 15:57:08,891{GMT}	INFO	[jepsen test runner] jepsen.core: Relative time begins now
2025-06-02 15:57:08,914{GMT}	INFO	[jepsen worker 0] jepsen.util: 0	:invoke	:broadcast	0
2025-06-02 15:57:08,917{GMT}	INFO	[jepsen worker 0] jepsen.util: 0	:ok	:broadcast	0
2025-06-02 15:57:09,110{GMT}	INFO	[jepsen worker 0] jepsen.util: 0	:invoke	:broadcast	1
2025-06-02 15:57:09,111{GMT}	INFO	[jepsen worker 0] jepsen.util: 0	:ok	:broadcast	1
2025-06-02 15:57:09,189{GMT}	INFO	[jepsen worker 0] jepsen.util: 0	:invoke	:broadcast	2
2025-06-02 15:57:09,190{GMT}	INFO	[jepsen worker 0] jepsen.util: 0	:ok	:broadcast	2
2025-06-02 15:57:09,285{GMT}	INFO	[jepsen worker 0] jepsen.util: 0	:invoke	:broadcast	3
2025-06-02 15:57:09,287{GMT}	INFO	[jepsen worker 0] jepsen.util: 0	:ok	:broadcast	3
2025-06-02 15:57:09,421{GMT}	INFO	[jepsen worker 0] jepsen.util: 0	:invoke	:read	nil
2025-06-02 15:57:09,423{GMT}	INFO	[jepsen worker 0] jepsen.util: 0	:ok	:read	["0" "1" "2" "3"]
2025-06-02 15:57:09,495{GMT}	INFO	[jepsen worker 0] jepsen.util: 0	:invoke	:read	nil
2025-06-02 15:57:09,497{GMT}	INFO	[jepsen worker 0] jepsen.util: 0	:ok	:read	["0" "1" "2" "3"]
2025-06-02 15:57:09,695{GMT}	INFO	[jepsen worker 0] jepsen.util: 0	:invoke	:read	nil
2025-06-02 15:57:09,697{GMT}	INFO	[jepsen worker 0] jepsen.util: 0	:ok	:read	["0" "1" "2" "3"]
2025-06-02 15:57:09,816{GMT}	INFO	[jepsen worker 0] jepsen.util: 0	:invoke	:read	nil
2025-06-02 15:57:09,818{GMT}	INFO	[jepsen worker 0] jepsen.util: 0	:ok	:read	["0" "1" "2" "3"]
2025-06-02 15:57:09,905{GMT}	INFO	[jepsen worker 0] jepsen.util: 0	:invoke	:read	nil
2025-06-02 15:57:09,907{GMT}	INFO	[jepsen worker 0] jepsen.util: 0	:ok	:read	["0" "1" "2" "3"]
2025-06-02 15:57:10,080{GMT}	INFO	[jepsen worker 0] jepsen.util: 0	:invoke	:read	nil
2025-06-02 15:57:10,082{GMT}	INFO	[jepsen worker 0] jepsen.util: 0	:ok	:read	["0" "1" "2" "3"]
2025-06-02 15:57:10,113{GMT}	INFO	[jepsen worker 0] jepsen.util: 0	:invoke	:broadcast	4
2025-06-02 15:57:10,115{GMT}	INFO	[jepsen worker 0] jepsen.util: 0	:ok	:broadcast	4
2025-06-02 15:57:10,273{GMT}	INFO	[jepsen worker 0] jepsen.util: 0	:invoke	:read	nil
2025-06-02 15:57:10,274{GMT}	INFO	[jepsen worker 0] jepsen.util: 0	:ok	:read	["0" "1" "2" "3" "4"]
2025-06-02 15:57:10,409{GMT}	INFO	[jepsen worker 0] jepsen.util: 0	:invoke	:read	nil
2025-06-02 15:57:10,410{GMT}	INFO	[jepsen worker 0] jepsen.util: 0	:ok	:read	["0" "1" "2" "3" "4"]
2025-06-02 15:57:10,433{GMT}	INFO	[jepsen worker 0] jepsen.util: 0	:invoke	:broadcast	5
2025-06-02 15:57:10,434{GMT}	INFO	[jepsen worker 0] jepsen.util: 0	:ok	:broadcast	5
2025-06-02 15:57:10,538{GMT}	INFO	[jepsen worker 0] jepsen.util: 0	:invoke	:broadcast	6
2025-06-02 15:57:10,540{GMT}	INFO	[jepsen worker 0] jepsen.util: 0	:ok	:broadcast	6
2025-06-02 15:57:10,576{GMT}	INFO	[jepsen worker 0] jepsen.util: 0	:invoke	:read	nil
2025-06-02 15:57:10,577{GMT}	INFO	[jepsen worker 0] jepsen.util: 0	:ok	:read	["0" "1" "2" "3" "4" "5" "6"]
2025-06-02 15:57:10,679{GMT}	INFO	[jepsen worker 0] jepsen.util: 0	:invoke	:broadcast	7
2025-06-02 15:57:10,680{GMT}	INFO	[jepsen worker 0] jepsen.util: 0	:ok	:broadcast	7
2025-06-02 15:57:10,723{GMT}	INFO	[jepsen worker 0] jepsen.util: 0	:invoke	:read	nil
2025-06-02 15:57:10,724{GMT}	INFO	[jepsen worker 0] jepsen.util: 0	:ok	:read	["0" "1" "2" "3" "4" "5" "6" "7"]
2025-06-02 15:57:10,917{GMT}	INFO	[jepsen worker 0] jepsen.util: 0	:invoke	:broadcast	8
2025-06-02 15:57:10,918{GMT}	INFO	[jepsen worker 0] jepsen.util: 0	:ok	:broadcast	8
2025-06-02 15:57:11,049{GMT}	INFO	[jepsen worker 0] jepsen.util: 0	:invoke	:read	nil
2025-06-02 15:57:11,052{GMT}	INFO	[jepsen worker 0] jepsen.util: 0	:ok	:read	["0" "1" "2" "3" "4" "5" "6" "7" "8"]
2025-06-02 15:57:11,207{GMT}	INFO	[jepsen worker 0] jepsen.util: 0	:invoke	:read	nil
2025-06-02 15:57:11,210{GMT}	INFO	[jepsen worker 0] jepsen.util: 0	:ok	:read	["0" "1" "2" "3" "4" "5" "6" "7" "8"]
2025-06-02 15:57:11,285{GMT}	INFO	[jepsen worker 0] jepsen.util: 0	:invoke	:broadcast	9
2025-06-02 15:57:11,288{GMT}	INFO	[jepsen worker 0] jepsen.util: 0	:ok	:broadcast	9
2025-06-02 15:57:11,416{GMT}	INFO	[jepsen worker 0] jepsen.util: 0	:invoke	:broadcast	10
2025-06-02 15:57:11,418{GMT}	INFO	[jepsen worker 0] jepsen.util: 0	:ok	:broadcast	10
2025-06-02 15:57:11,583{GMT}	INFO	[jepsen worker 0] jepsen.util: 0	:invoke	:read	nil
2025-06-02 15:57:11,586{GMT}	INFO	[jepsen worker 0] jepsen.util: 0	:ok	:read	["0" "1" "10" "2" "3" "4" "5" "6" "7" "8" "9"]
2025-06-02 15:57:11,740{GMT}	INFO	[jepsen worker 0] jepsen.util: 0	:invoke	:broadcast	11
2025-06-02 15:57:11,741{GMT}	INFO	[jepsen worker 0] jepsen.util: 0	:ok	:broadcast	11
2025-06-02 15:57:11,841{GMT}	INFO	[jepsen worker 0] jepsen.util: 0	:invoke	:read	nil
2025-06-02 15:57:11,842{GMT}	INFO	[jepsen worker 0] jepsen.util: 0	:ok	:read	["0" "1" "10" "11" "2" "3" "4" "5" "6" "7" "8" "9"]
2025-06-02 15:57:12,025{GMT}	INFO	[jepsen worker 0] jepsen.util: 0	:invoke	:read	nil
2025-06-02 15:57:12,027{GMT}	INFO	[jepsen worker 0] jepsen.util: 0	:ok	:read	["0" "1" "10" "11" "2" "3" "4" "5" "6" "7" "8" "9"]
2025-06-02 15:57:12,062{GMT}	INFO	[jepsen worker 0] jepsen.util: 0	:invoke	:broadcast	12
2025-06-02 15:57:12,063{GMT}	INFO	[jepsen worker 0] jepsen.util: 0	:ok	:broadcast	12
2025-06-02 15:57:12,266{GMT}	INFO	[jepsen worker 0] jepsen.util: 0	:invoke	:read	nil
2025-06-02 15:57:12,269{GMT}	INFO	[jepsen worker 0] jepsen.util: 0	:ok	:read	["0" "1" "10" "11" "12" "2" "3" "4" "5" "6" "7" "8" "9"]
2025-06-02 15:57:12,430{GMT}	INFO	[jepsen worker 0] jepsen.util: 0	:invoke	:broadcast	13
2025-06-02 15:57:12,433{GMT}	INFO	[jepsen worker 0] jepsen.util: 0	:ok	:broadcast	13
2025-06-02 15:57:12,473{GMT}	INFO	[jepsen worker 0] jepsen.util: 0	:invoke	:read	nil
2025-06-02 15:57:12,474{GMT}	INFO	[jepsen worker 0] jepsen.util: 0	:ok	:read	["0" "1" "10" "11" "12" "13" "2" "3" "4" "5" "6" "7" "8" "9"]
2025-06-02 15:57:12,516{GMT}	INFO	[jepsen worker 0] jepsen.util: 0	:invoke	:broadcast	14
2025-06-02 15:57:12,517{GMT}	INFO	[jepsen worker 0] jepsen.util: 0	:ok	:broadcast	14
2025-06-02 15:57:12,610{GMT}	INFO	[jepsen worker 0] jepsen.util: 0	:invoke	:broadcast	15
2025-06-02 15:57:12,611{GMT}	INFO	[jepsen worker 0] jepsen.util: 0	:ok	:broadcast	15
2025-06-02 15:57:12,616{GMT}	INFO	[jepsen worker 0] jepsen.util: 0	:invoke	:broadcast	16
2025-06-02 15:57:12,617{GMT}	INFO	[jepsen worker 0] jepsen.util: 0	:ok	:broadcast	16
2025-06-02 15:57:12,743{GMT}	INFO	[jepsen worker 0] jepsen.util: 0	:invoke	:broadcast	17
2025-06-02 15:57:12,744{GMT}	INFO	[jepsen worker 0] jepsen.util: 0	:ok	:broadcast	17
2025-06-02 15:57:12,752{GMT}	INFO	[jepsen worker 0] jepsen.util: 0	:invoke	:broadcast	18
2025-06-02 15:57:12,753{GMT}	INFO	[jepsen worker 0] jepsen.util: 0	:ok	:broadcast	18
2025-06-02 15:57:12,884{GMT}	INFO	[jepsen worker 0] jepsen.util: 0	:invoke	:read	nil
2025-06-02 15:57:12,885{GMT}	INFO	[jepsen worker 0] jepsen.util: 0	:ok	:read	["0" "1" "10" "11" "12" "13" "14" "15" "16" "17" "18" "2" "3" "4" "5" "6" "7" "8" "9"]
2025-06-02 15:57:12,951{GMT}	INFO	[jepsen worker 0] jepsen.util: 0	:invoke	:read	nil
2025-06-02 15:57:12,953{GMT}	INFO	[jepsen worker 0] jepsen.util: 0	:ok	:read	["0" "1" "10" "11" "12" "13" "14" "15" "16" "17" "18" "2" "3" "4" "5" "6" "7" "8" "9"]
2025-06-02 15:57:13,105{GMT}	INFO	[jepsen worker 0] jepsen.util: 0	:invoke	:read	nil
2025-06-02 15:57:13,106{GMT}	INFO	[jepsen worker 0] jepsen.util: 0	:ok	:read	["0" "1" "10" "11" "12" "13" "14" "15" "16" "17" "18" "2" "3" "4" "5" "6" "7" "8" "9"]
2025-06-02 15:57:13,188{GMT}	INFO	[jepsen worker 0] jepsen.util: 0	:invoke	:read	nil
2025-06-02 15:57:13,190{GMT}	INFO	[jepsen worker 0] jepsen.util: 0	:ok	:read	["0" "1" "10" "11" "12" "13" "14" "15" "16" "17" "18" "2" "3" "4" "5" "6" "7" "8" "9"]
2025-06-02 15:57:13,210{GMT}	INFO	[jepsen worker 0] jepsen.util: 0	:invoke	:broadcast	19
2025-06-02 15:57:13,211{GMT}	INFO	[jepsen worker 0] jepsen.util: 0	:ok	:broadcast	19
2025-06-02 15:57:13,258{GMT}	INFO	[jepsen worker 0] jepsen.util: 0	:invoke	:broadcast	20
2025-06-02 15:57:13,259{GMT}	INFO	[jepsen worker 0] jepsen.util: 0	:ok	:broadcast	20
2025-06-02 15:57:13,392{GMT}	INFO	[jepsen worker 0] jepsen.util: 0	:invoke	:read	nil
2025-06-02 15:57:13,393{GMT}	INFO	[jepsen worker 0] jepsen.util: 0	:ok	:read	["0" "1" "10" "11" "12" "13" "14" "15" "16" "17" "18" "19" "2" "20" "3" "4" "5" "6" "7" "8" "9"]
2025-06-02 15:57:13,455{GMT}	INFO	[jepsen worker 0] jepsen.util: 0	:invoke	:read	nil
2025-06-02 15:57:13,456{GMT}	INFO	[jepsen worker 0] jepsen.util: 0	:ok	:read	["0" "1" "10" "11" "12" "13" "14" "15" "16" "17" "18" "19" "2" "20" "3" "4" "5" "6" "7" "8" "9"]
2025-06-02 15:57:13,640{GMT}	INFO	[jepsen worker 0] jepsen.util: 0	:invoke	:read	nil
2025-06-02 15:57:13,641{GMT}	INFO	[jepsen worker 0] jepsen.util: 0	:ok	:read	["0" "1" "10" "11" "12" "13" "14" "15" "16" "17" "18" "19" "2" "20" "3" "4" "5" "6" "7" "8" "9"]
2025-06-02 15:57:13,747{GMT}	INFO	[jepsen worker 0] jepsen.util: 0	:invoke	:read	nil
2025-06-02 15:57:13,749{GMT}	INFO	[jepsen worker 0] jepsen.util: 0	:ok	:read	["0" "1" "10" "11" "12" "13" "14" "15" "16" "17" "18" "19" "2" "20" "3" "4" "5" "6" "7" "8" "9"]
2025-06-02 15:57:13,908{GMT}	INFO	[jepsen worker 0] jepsen.util: 0	:invoke	:broadcast	21
2025-06-02 15:57:13,909{GMT}	INFO	[jepsen worker 0] jepsen.util: 0	:ok	:broadcast	21
2025-06-02 15:57:14,087{GMT}	INFO	[jepsen worker 0] jepsen.util: 0	:invoke	:broadcast	22
2025-06-02 15:57:14,088{GMT}	INFO	[jepsen worker 0] jepsen.util: 0	:ok	:broadcast	22
2025-06-02 15:57:14,092{GMT}	INFO	[jepsen worker 0] jepsen.util: 0	:invoke	:read	nil
2025-06-02 15:57:14,093{GMT}	INFO	[jepsen worker 0] jepsen.util: 0	:ok	:read	["0" "1" "10" "11" "12" "13" "14" "15" "16" "17" "18" "19" "2" "20" "21" "22" "3" "4" "5" "6" "7" "8" "9"]
2025-06-02 15:57:14,211{GMT}	INFO	[jepsen worker 0] jepsen.util: 0	:invoke	:broadcast	23
2025-06-02 15:57:14,213{GMT}	INFO	[jepsen worker 0] jepsen.util: 0	:ok	:broadcast	23
2025-06-02 15:57:14,410{GMT}	INFO	[jepsen worker 0] jepsen.util: 0	:invoke	:broadcast	24
2025-06-02 15:57:14,411{GMT}	INFO	[jepsen worker 0] jepsen.util: 0	:ok	:broadcast	24
2025-06-02 15:57:14,461{GMT}	INFO	[jepsen worker 0] jepsen.util: 0	:invoke	:broadcast	25
2025-06-02 15:57:14,462{GMT}	INFO	[jepsen worker 0] jepsen.util: 0	:ok	:broadcast	25
2025-06-02 15:57:14,504{GMT}	INFO	[jepsen worker 0] jepsen.util: 0	:invoke	:read	nil
2025-06-02 15:57:14,505{GMT}	INFO	[jepsen worker 0] jepsen.util: 0	:ok	:read	["0" "1" "10" "11" "12" "13" "14" "15" "16" "17" "18" "19" "2" "20" "21" "22" "23" "24" "25" "3" "4" "5" "6" "7" "8" "9"]
2025-06-02 15:57:14,705{GMT}	INFO	[jepsen worker 0] jepsen.util: 0	:invoke	:read	nil
2025-06-02 15:57:14,706{GMT}	INFO	[jepsen worker 0] jepsen.util: 0	:ok	:read	["0" "1" "10" "11" "12" "13" "14" "15" "16" "17" "18" "19" "2" "20" "21" "22" "23" "24" "25" "3" "4" "5" "6" "7" "8" "9"]
2025-06-02 15:57:14,708{GMT}	INFO	[jepsen worker 0] jepsen.util: 0	:invoke	:read	nil
2025-06-02 15:57:14,709{GMT}	INFO	[jepsen worker 0] jepsen.util: 0	:ok	:read	["0" "1" "10" "11" "12" "13" "14" "15" "16" "17" "18" "19" "2" "20" "21" "22" "23" "24" "25" "3" "4" "5" "6" "7" "8" "9"]
2025-06-02 15:57:14,830{GMT}	INFO	[jepsen worker 0] jepsen.util: 0	:invoke	:broadcast	26
2025-06-02 15:57:14,831{GMT}	INFO	[jepsen worker 0] jepsen.util: 0	:ok	:broadcast	26
2025-06-02 15:57:15,013{GMT}	INFO	[jepsen worker 0] jepsen.util: 0	:invoke	:read	nil
2025-06-02 15:57:15,014{GMT}	INFO	[jepsen worker 0] jepsen.util: 0	:ok	:read	["0" "1" "10" "11" "12" "13" "14" "15" "16" "17" "18" "19" "2" "20" "21" "22" "23" "24" "25" "26" "3" "4" "5" "6" "7" "8" "9"]
2025-06-02 15:57:15,097{GMT}	INFO	[jepsen worker 0] jepsen.util: 0	:invoke	:read	nil
2025-06-02 15:57:15,098{GMT}	INFO	[jepsen worker 0] jepsen.util: 0	:ok	:read	["0" "1" "10" "11" "12" "13" "14" "15" "16" "17" "18" "19" "2" "20" "21" "22" "23" "24" "25" "26" "3" "4" "5" "6" "7" "8" "9"]
2025-06-02 15:57:15,180{GMT}	INFO	[jepsen worker 0] jepsen.util: 0	:invoke	:broadcast	27
2025-06-02 15:57:15,181{GMT}	INFO	[jepsen worker 0] jepsen.util: 0	:ok	:broadcast	27
2025-06-02 15:57:15,384{GMT}	INFO	[jepsen worker 0] jepsen.util: 0	:invoke	:broadcast	28
2025-06-02 15:57:15,386{GMT}	INFO	[jepsen worker 0] jepsen.util: 0	:ok	:broadcast	28
2025-06-02 15:57:15,559{GMT}	INFO	[jepsen worker 0] jepsen.util: 0	:invoke	:read	nil
2025-06-02 15:57:15,561{GMT}	INFO	[jepsen worker 0] jepsen.util: 0	:ok	:read	["0" "1" "10" "11" "12" "13" "14" "15" "16" "17" "18" "19" "2" "20" "21" "22" "23" "24" "25" "26" "27" "28" "3" "4" "5" "6" "7" "8" "9"]
2025-06-02 15:57:15,622{GMT}	INFO	[jepsen worker 0] jepsen.util: 0	:invoke	:broadcast	29
2025-06-02 15:57:15,623{GMT}	INFO	[jepsen worker 0] jepsen.util: 0	:ok	:broadcast	29
2025-06-02 15:57:15,716{GMT}	INFO	[jepsen worker 0] jepsen.util: 0	:invoke	:read	nil
2025-06-02 15:57:15,717{GMT}	INFO	[jepsen worker 0] jepsen.util: 0	:ok	:read	["0" "1" "10" "11" "12" "13" "14" "15" "16" "17" "18" "19" "2" "20" "21" "22" "23" "24" "25" "26" "27" "28" "29" "3" "4" "5" "6" "7" "8" "9"]
2025-06-02 15:57:15,810{GMT}	INFO	[jepsen worker 0] jepsen.util: 0	:invoke	:broadcast	30
2025-06-02 15:57:15,811{GMT}	INFO	[jepsen worker 0] jepsen.util: 0	:ok	:broadcast	30
2025-06-02 15:57:15,952{GMT}	INFO	[jepsen worker 0] jepsen.util: 0	:invoke	:broadcast	31
2025-06-02 15:57:15,953{GMT}	INFO	[jepsen worker 0] jepsen.util: 0	:ok	:broadcast	31
2025-06-02 15:57:15,957{GMT}	INFO	[jepsen worker 0] jepsen.util: 0	:invoke	:broadcast	32
2025-06-02 15:57:15,958{GMT}	INFO	[jepsen worker 0] jepsen.util: 0	:ok	:broadcast	32
2025-06-02 15:57:16,054{GMT}	INFO	[jepsen worker 0] jepsen.util: 0	:invoke	:broadcast	33
2025-06-02 15:57:16,055{GMT}	INFO	[jepsen worker 0] jepsen.util: 0	:ok	:broadcast	33
2025-06-02 15:57:16,129{GMT}	INFO	[jepsen worker 0] jepsen.util: 0	:invoke	:broadcast	34
2025-06-02 15:57:16,130{GMT}	INFO	[jepsen worker 0] jepsen.util: 0	:ok	:broadcast	34
2025-06-02 15:57:16,291{GMT}	INFO	[jepsen worker 0] jepsen.util: 0	:invoke	:read	nil
2025-06-02 15:57:16,292{GMT}	INFO	[jepsen worker 0] jepsen.util: 0	:ok	:read	["0" "1" "10" "11" "12" "13" "14" "15" "16" "17" "18" "19" "2" "20" "21" "22" "23" "24" "25" "26" "27" "28" "29" "3" "30" "31" "32" "33" "34" "4" "5" "6" "7" "8" "9"]
2025-06-02 15:57:16,350{GMT}	INFO	[jepsen worker 0] jepsen.util: 0	:invoke	:read	nil
2025-06-02 15:57:16,351{GMT}	INFO	[jepsen worker 0] jepsen.util: 0	:ok	:read	["0" "1" "10" "11" "12" "13" "14" "15" "16" "17" "18" "19" "2" "20" "21" "22" "23" "24" "25" "26" "27" "28" "29" "3" "30" "31" "32" "33" "34" "4" "5" "6" "7" "8" "9"]
2025-06-02 15:57:16,407{GMT}	INFO	[jepsen worker 0] jepsen.util: 0	:invoke	:read	nil
2025-06-02 15:57:16,409{GMT}	INFO	[jepsen worker 0] jepsen.util: 0	:ok	:read	["0" "1" "10" "11" "12" "13" "14" "15" "16" "17" "18" "19" "2" "20" "21" "22" "23" "24" "25" "26" "27" "28" "29" "3" "30" "31" "32" "33" "34" "4" "5" "6" "7" "8" "9"]
2025-06-02 15:57:16,500{GMT}	INFO	[jepsen worker 0] jepsen.util: 0	:invoke	:read	nil
2025-06-02 15:57:16,502{GMT}	INFO	[jepsen worker 0] jepsen.util: 0	:ok	:read	["0" "1" "10" "11" "12" "13" "14" "15" "16" "17" "18" "19" "2" "20" "21" "22" "23" "24" "25" "26" "27" "28" "29" "3" "30" "31" "32" "33" "34" "4" "5" "6" "7" "8" "9"]
2025-06-02 15:57:16,552{GMT}	INFO	[jepsen worker 0] jepsen.util: 0	:invoke	:broadcast	35
2025-06-02 15:57:16,555{GMT}	INFO	[jepsen worker 0] jepsen.util: 0	:ok	:broadcast	35
2025-06-02 15:57:16,675{GMT}	INFO	[jepsen worker 0] jepsen.util: 0	:invoke	:broadcast	36
2025-06-02 15:57:16,677{GMT}	INFO	[jepsen worker 0] jepsen.util: 0	:ok	:broadcast	36
2025-06-02 15:57:16,725{GMT}	INFO	[jepsen worker 0] jepsen.util: 0	:invoke	:read	nil
2025-06-02 15:57:16,726{GMT}	INFO	[jepsen worker 0] jepsen.util: 0	:ok	:read	["0" "1" "10" "11" "12" "13" "14" "15" "16" "17" "18" "19" "2" "20" "21" "22" "23" "24" "25" "26" "27" "28" "29" "3" "30" "31" "32" "33" "34" "35" "36" "4" "5" "6" "7" "8" "9"]
2025-06-02 15:57:16,836{GMT}	INFO	[jepsen worker 0] jepsen.util: 0	:invoke	:broadcast	37
2025-06-02 15:57:16,837{GMT}	INFO	[jepsen worker 0] jepsen.util: 0	:ok	:broadcast	37
2025-06-02 15:57:16,855{GMT}	INFO	[jepsen worker 0] jepsen.util: 0	:invoke	:broadcast	38
2025-06-02 15:57:16,856{GMT}	INFO	[jepsen worker 0] jepsen.util: 0	:ok	:broadcast	38
2025-06-02 15:57:16,932{GMT}	INFO	[jepsen worker 0] jepsen.util: 0	:invoke	:broadcast	39
2025-06-02 15:57:16,932{GMT}	INFO	[jepsen worker 0] jepsen.util: 0	:ok	:broadcast	39
2025-06-02 15:57:17,038{GMT}	INFO	[jepsen worker 0] jepsen.util: 0	:invoke	:broadcast	40
2025-06-02 15:57:17,039{GMT}	INFO	[jepsen worker 0] jepsen.util: 0	:ok	:broadcast	40
2025-06-02 15:57:17,116{GMT}	INFO	[jepsen worker 0] jepsen.util: 0	:invoke	:broadcast	41
2025-06-02 15:57:17,116{GMT}	INFO	[jepsen worker 0] jepsen.util: 0	:ok	:broadcast	41
2025-06-02 15:57:17,290{GMT}	INFO	[jepsen worker 0] jepsen.util: 0	:invoke	:broadcast	42
2025-06-02 15:57:17,291{GMT}	INFO	[jepsen worker 0] jepsen.util: 0	:ok	:broadcast	42
2025-06-02 15:57:17,483{GMT}	INFO	[jepsen worker 0] jepsen.util: 0	:invoke	:broadcast	43
2025-06-02 15:57:17,485{GMT}	INFO	[jepsen worker 0] jepsen.util: 0	:ok	:broadcast	43
2025-06-02 15:57:17,596{GMT}	INFO	[jepsen worker 0] jepsen.util: 0	:invoke	:broadcast	44
2025-06-02 15:57:17,597{GMT}	INFO	[jepsen worker 0] jepsen.util: 0	:ok	:broadcast	44
2025-06-02 15:57:17,789{GMT}	INFO	[jepsen worker 0] jepsen.util: 0	:invoke	:broadcast	45
2025-06-02 15:57:17,790{GMT}	INFO	[jepsen worker 0] jepsen.util: 0	:ok	:broadcast	45
2025-06-02 15:57:17,990{GMT}	INFO	[jepsen worker 0] jepsen.util: 0	:invoke	:broadcast	46
2025-06-02 15:57:17,993{GMT}	INFO	[jepsen worker 0] jepsen.util: 0	:ok	:broadcast	46
2025-06-02 15:57:18,100{GMT}	INFO	[jepsen worker 0] jepsen.util: 0	:invoke	:read	nil
2025-06-02 15:57:18,103{GMT}	INFO	[jepsen worker 0] jepsen.util: 0	:ok	:read	["0" "1" "10" "11" "12" "13" "14" "15" "16" "17" "18" "19" "2" "20" "21" "22" "23" "24" "25" "26" "27" "28" "29" "3" "30" "31" "32" "33" "34" "35" "36" "37" "38" "39" "4" "40" "41" "42" "43" "44" "45" "46" "5" "6" "7" "8" "9"]
2025-06-02 15:57:18,266{GMT}	INFO	[jepsen worker 0] jepsen.util: 0	:invoke	:read	nil
2025-06-02 15:57:18,267{GMT}	INFO	[jepsen worker 0] jepsen.util: 0	:ok	:read	["0" "1" "10" "11" "12" "13" "14" "15" "16" "17" "18" "19" "2" "20" "21" "22" "23" "24" "25" "26" "27" "28" "29" "3" "30" "31" "32" "33" "34" "35" "36" "37" "38" "39" "4" "40" "41" "42" "43" "44" "45" "46" "5" "6" "7" "8" "9"]
2025-06-02 15:57:18,413{GMT}	INFO	[jepsen worker 0] jepsen.util: 0	:invoke	:read	nil
2025-06-02 15:57:18,414{GMT}	INFO	[jepsen worker 0] jepsen.util: 0	:ok	:read	["0" "1" "10" "11" "12" "13" "14" "15" "16" "17" "18" "19" "2" "20" "21" "22" "23" "24" "25" "26" "27" "28" "29" "3" "30" "31" "32" "33" "34" "35" "36" "37" "38" "39" "4" "40" "41" "42" "43" "44" "45" "46" "5" "6" "7" "8" "9"]
2025-06-02 15:57:18,572{GMT}	INFO	[jepsen worker 0] jepsen.util: 0	:invoke	:broadcast	47
2025-06-02 15:57:18,573{GMT}	INFO	[jepsen worker 0] jepsen.util: 0	:ok	:broadcast	47
2025-06-02 15:57:18,637{GMT}	INFO	[jepsen worker 0] jepsen.util: 0	:invoke	:read	nil
2025-06-02 15:57:18,639{GMT}	INFO	[jepsen worker 0] jepsen.util: 0	:ok	:read	["0" "1" "10" "11" "12" "13" "14" "15" "16" "17" "18" "19" "2" "20" "21" "22" "23" "24" "25" "26" "27" "28" "29" "3" "30" "31" "32" "33" "34" "35" "36" "37" "38" "39" "4" "40" "41" "42" "43" "44" "45" "46" "47" "5" "6" "7" "8" "9"]
2025-06-02 15:57:18,730{GMT}	INFO	[jepsen worker 0] jepsen.util: 0	:invoke	:broadcast	48
2025-06-02 15:57:18,731{GMT}	INFO	[jepsen worker 0] jepsen.util: 0	:ok	:broadcast	48
2025-06-02 15:57:18,821{GMT}	INFO	[jepsen worker 0] jepsen.util: 0	:invoke	:broadcast	49
2025-06-02 15:57:18,822{GMT}	INFO	[jepsen worker 0] jepsen.util: 0	:ok	:broadcast	49
2025-06-02 15:57:18,902{GMT}	INFO	[jepsen worker 0] jepsen.util: 0	:invoke	:read	nil
2025-06-02 15:57:18,903{GMT}	INFO	[jepsen worker 0] jepsen.util: 0	:ok	:read	["0" "1" "10" "11" "12" "13" "14" "15" "16" "17" "18" "19" "2" "20" "21" "22" "23" "24" "25" "26" "27" "28" "29" "3" "30" "31" "32" "33" "34" "35" "36" "37" "38" "39" "4" "40" "41" "42" "43" "44" "45" "46" "47" "48" "49" "5" "6" "7" "8" "9"]
2025-06-02 15:57:18,953{GMT}	INFO	[jepsen worker 0] jepsen.util: 0	:invoke	:read	nil
2025-06-02 15:57:18,954{GMT}	INFO	[jepsen worker 0] jepsen.util: 0	:ok	:read	["0" "1" "10" "11" "12" "13" "14" "15" "16" "17" "18" "19" "2" "20" "21" "22" "23" "24" "25" "26" "27" "28" "29" "3" "30" "31" "32" "33" "34" "35" "36" "37" "38" "39" "4" "40" "41" "42" "43" "44" "45" "46" "47" "48" "49" "5" "6" "7" "8" "9"]
2025-06-02 15:57:18,972{GMT}	INFO	[jepsen worker 0] jepsen.util: 0	:invoke	:broadcast	50
2025-06-02 15:57:18,973{GMT}	INFO	[jepsen worker 0] jepsen.util: 0	:ok	:broadcast	50
2025-06-02 15:57:19,138{GMT}	INFO	[jepsen worker 0] jepsen.util: 0	:invoke	:broadcast	51
2025-06-02 15:57:19,139{GMT}	INFO	[jepsen worker 0] jepsen.util: 0	:ok	:broadcast	51
2025-06-02 15:57:19,152{GMT}	INFO	[jepsen worker 0] jepsen.util: 0	:invoke	:read	nil
2025-06-02 15:57:19,153{GMT}	INFO	[jepsen worker 0] jepsen.util: 0	:ok	:read	["0" "1" "10" "11" "12" "13" "14" "15" "16" "17" "18" "19" "2" "20" "21" "22" "23" "24" "25" "26" "27" "28" "29" "3" "30" "31" "32" "33" "34" "35" "36" "37" "38" "39" "4" "40" "41" "42" "43" "44" "45" "46" "47" "48" "49" "5" "50" "51" "6" "7" "8" "9"]
2025-06-02 15:57:19,344{GMT}	INFO	[jepsen worker 0] jepsen.util: 0	:invoke	:read	nil
2025-06-02 15:57:19,345{GMT}	INFO	[jepsen worker 0] jepsen.util: 0	:ok	:read	["0" "1" "10" "11" "12" "13" "14" "15" "16" "17" "18" "19" "2" "20" "21" "22" "23" "24" "25" "26" "27" "28" "29" "3" "30" "31" "32" "33" "34" "35" "36" "37" "38" "39" "4" "40" "41" "42" "43" "44" "45" "46" "47" "48" "49" "5" "50" "51" "6" "7" "8" "9"]
2025-06-02 15:57:19,466{GMT}	INFO	[jepsen worker 0] jepsen.util: 0	:invoke	:broadcast	52
2025-06-02 15:57:19,468{GMT}	INFO	[jepsen worker 0] jepsen.util: 0	:ok	:broadcast	52
2025-06-02 15:57:19,591{GMT}	INFO	[jepsen worker 0] jepsen.util: 0	:invoke	:read	nil
2025-06-02 15:57:19,594{GMT}	INFO	[jepsen worker 0] jepsen.util: 0	:ok	:read	["0" "1" "10" "11" "12" "13" "14" "15" "16" "17" "18" "19" "2" "20" "21" "22" "23" "24" "25" "26" "27" "28" "29" "3" "30" "31" "32" "33" "34" "35" "36" "37" "38" "39" "4" "40" "41" "42" "43" "44" "45" "46" "47" "48" "49" "5" "50" "51" "52" "6" "7" "8" "9"]
2025-06-02 15:57:19,618{GMT}	INFO	[jepsen worker 0] jepsen.util: 0	:invoke	:read	nil
2025-06-02 15:57:19,620{GMT}	INFO	[jepsen worker 0] jepsen.util: 0	:ok	:read	["0" "1" "10" "11" "12" "13" "14" "15" "16" "17" "18" "19" "2" "20" "21" "22" "23" "24" "25" "26" "27" "28" "29" "3" "30" "31" "32" "33" "34" "35" "36" "37" "38" "39" "4" "40" "41" "42" "43" "44" "45" "46" "47" "48" "49" "5" "50" "51" "52" "6" "7" "8" "9"]
2025-06-02 15:57:19,820{GMT}	INFO	[jepsen worker 0] jepsen.util: 0	:invoke	:broadcast	53
2025-06-02 15:57:19,821{GMT}	INFO	[jepsen worker 0] jepsen.util: 0	:ok	:broadcast	53
2025-06-02 15:57:19,861{GMT}	INFO	[jepsen worker 0] jepsen.util: 0	:invoke	:read	nil
2025-06-02 15:57:19,863{GMT}	INFO	[jepsen worker 0] jepsen.util: 0	:ok	:read	["0" "1" "10" "11" "12" "13" "14" "15" "16" "17" "18" "19" "2" "20" "21" "22" "23" "24" "25" "26" "27" "28" "29" "3" "30" "31" "32" "33" "34" "35" "36" "37" "38" "39" "4" "40" "41" "42" "43" "44" "45" "46" "47" "48" "49" "5" "50" "51" "52" "53" "6" "7" "8" "9"]
2025-06-02 15:57:19,907{GMT}	INFO	[jepsen worker 0] jepsen.util: 0	:invoke	:read	nil
2025-06-02 15:57:19,909{GMT}	INFO	[jepsen worker 0] jepsen.util: 0	:ok	:read	["0" "1" "10" "11" "12" "13" "14" "15" "16" "17" "18" "19" "2" "20" "21" "22" "23" "24" "25" "26" "27" "28" "29" "3" "30" "31" "32" "33" "34" "35" "36" "37" "38" "39" "4" "40" "41" "42" "43" "44" "45" "46" "47" "48" "49" "5" "50" "51" "52" "53" "6" "7" "8" "9"]
2025-06-02 15:57:19,966{GMT}	INFO	[jepsen worker 0] jepsen.util: 0	:invoke	:broadcast	54
2025-06-02 15:57:19,967{GMT}	INFO	[jepsen worker 0] jepsen.util: 0	:ok	:broadcast	54
2025-06-02 15:57:20,030{GMT}	INFO	[jepsen worker 0] jepsen.util: 0	:invoke	:read	nil
2025-06-02 15:57:20,031{GMT}	INFO	[jepsen worker 0] jepsen.util: 0	:ok	:read	["0" "1" "10" "11" "12" "13" "14" "15" "16" "17" "18" "19" "2" "20" "21" "22" "23" "24" "25" "26" "27" "28" "29" "3" "30" "31" "32" "33" "34" "35" "36" "37" "38" "39" "4" "40" "41" "42" "43" "44" "45" "46" "47" "48" "49" "5" "50" "51" "52" "53" "54" "6" "7" "8" "9"]
2025-06-02 15:57:20,063{GMT}	INFO	[jepsen worker 0] jepsen.util: 0	:invoke	:broadcast	55
2025-06-02 15:57:20,064{GMT}	INFO	[jepsen worker 0] jepsen.util: 0	:ok	:broadcast	55
2025-06-02 15:57:20,102{GMT}	INFO	[jepsen worker 0] jepsen.util: 0	:invoke	:read	nil
2025-06-02 15:57:20,103{GMT}	INFO	[jepsen worker 0] jepsen.util: 0	:ok	:read	["0" "1" "10" "11" "12" "13" "14" "15" "16" "17" "18" "19" "2" "20" "21" "22" "23" "24" "25" "26" "27" "28" "29" "3" "30" "31" "32" "33" "34" "35" "36" "37" "38" "39" "4" "40" "41" "42" "43" "44" "45" "46" "47" "48" "49" "5" "50" "51" "52" "53" "54" "55" "6" "7" "8" "9"]
2025-06-02 15:57:20,249{GMT}	INFO	[jepsen worker 0] jepsen.util: 0	:invoke	:read	nil
2025-06-02 15:57:20,250{GMT}	INFO	[jepsen worker 0] jepsen.util: 0	:ok	:read	["0" "1" "10" "11" "12" "13" "14" "15" "16" "17" "18" "19" "2" "20" "21" "22" "23" "24" "25" "26" "27" "28" "29" "3" "30" "31" "32" "33" "34" "35" "36" "37" "38" "39" "4" "40" "41" "42" "43" "44" "45" "46" "47" "48" "49" "5" "50" "51" "52" "53" "54" "55" "6" "7" "8" "9"]
2025-06-02 15:57:20,287{GMT}	INFO	[jepsen worker 0] jepsen.util: 0	:invoke	:read	nil
2025-06-02 15:57:20,288{GMT}	INFO	[jepsen worker 0] jepsen.util: 0	:ok	:read	["0" "1" "10" "11" "12" "13" "14" "15" "16" "17" "18" "19" "2" "20" "21" "22" "23" "24" "25" "26" "27" "28" "29" "3" "30" "31" "32" "33" "34" "35" "36" "37" "38" "39" "4" "40" "41" "42" "43" "44" "45" "46" "47" "48" "49" "5" "50" "51" "52" "53" "54" "55" "6" "7" "8" "9"]
2025-06-02 15:57:20,463{GMT}	INFO	[jepsen worker 0] jepsen.util: 0	:invoke	:read	nil
2025-06-02 15:57:20,465{GMT}	INFO	[jepsen worker 0] jepsen.util: 0	:ok	:read	["0" "1" "10" "11" "12" "13" "14" "15" "16" "17" "18" "19" "2" "20" "21" "22" "23" "24" "25" "26" "27" "28" "29" "3" "30" "31" "32" "33" "34" "35" "36" "37" "38" "39" "4" "40" "41" "42" "43" "44" "45" "46" "47" "48" "49" "5" "50" "51" "52" "53" "54" "55" "6" "7" "8" "9"]
2025-06-02 15:57:20,605{GMT}	INFO	[jepsen worker 0] jepsen.util: 0	:invoke	:read	nil
2025-06-02 15:57:20,606{GMT}	INFO	[jepsen worker 0] jepsen.util: 0	:ok	:read	["0" "1" "10" "11" "12" "13" "14" "15" "16" "17" "18" "19" "2" "20" "21" "22" "23" "24" "25" "26" "27" "28" "29" "3" "30" "31" "32" "33" "34" "35" "36" "37" "38" "39" "4" "40" "41" "42" "43" "44" "45" "46" "47" "48" "49" "5" "50" "51" "52" "53" "54" "55" "6" "7" "8" "9"]
2025-06-02 15:57:20,790{GMT}	INFO	[jepsen worker 0] jepsen.util: 0	:invoke	:broadcast	56
2025-06-02 15:57:20,791{GMT}	INFO	[jepsen worker 0] jepsen.util: 0	:ok	:broadcast	56
2025-06-02 15:57:20,855{GMT}	INFO	[jepsen worker 0] jepsen.util: 0	:invoke	:broadcast	57
2025-06-02 15:57:20,856{GMT}	INFO	[jepsen worker 0] jepsen.util: 0	:ok	:broadcast	57
2025-06-02 15:57:21,040{GMT}	INFO	[jepsen worker 0] jepsen.util: 0	:invoke	:read	nil
2025-06-02 15:57:21,042{GMT}	INFO	[jepsen worker 0] jepsen.util: 0	:ok	:read	["0" "1" "10" "11" "12" "13" "14" "15" "16" "17" "18" "19" "2" "20" "21" "22" "23" "24" "25" "26" "27" "28" "29" "3" "30" "31" "32" "33" "34" "35" "36" "37" "38" "39" "4" "40" "41" "42" "43" "44" "45" "46" "47" "48" "49" "5" "50" "51" "52" "53" "54" "55" "56" "57" "6" "7" "8" "9"]
2025-06-02 15:57:21,123{GMT}	INFO	[jepsen worker 0] jepsen.util: 0	:invoke	:read	nil
2025-06-02 15:57:21,124{GMT}	INFO	[jepsen worker 0] jepsen.util: 0	:ok	:read	["0" "1" "10" "11" "12" "13" "14" "15" "16" "17" "18" "19" "2" "20" "21" "22" "23" "24" "25" "26" "27" "28" "29" "3" "30" "31" "32" "33" "34" "35" "36" "37" "38" "39" "4" "40" "41" "42" "43" "44" "45" "46" "47" "48" "49" "5" "50" "51" "52" "53" "54" "55" "56" "57" "6" "7" "8" "9"]
2025-06-02 15:57:21,309{GMT}	INFO	[jepsen worker 0] jepsen.util: 0	:invoke	:broadcast	58
2025-06-02 15:57:21,310{GMT}	INFO	[jepsen worker 0] jepsen.util: 0	:ok	:broadcast	58
2025-06-02 15:57:21,405{GMT}	INFO	[jepsen worker 0] jepsen.util: 0	:invoke	:broadcast	59
2025-06-02 15:57:21,406{GMT}	INFO	[jepsen worker 0] jepsen.util: 0	:ok	:broadcast	59
2025-06-02 15:57:21,595{GMT}	INFO	[jepsen worker 0] jepsen.util: 0	:invoke	:read	nil
2025-06-02 15:57:21,596{GMT}	INFO	[jepsen worker 0] jepsen.util: 0	:ok	:read	["0" "1" "10" "11" "12" "13" "14" "15" "16" "17" "18" "19" "2" "20" "21" "22" "23" "24" "25" "26" "27" "28" "29" "3" "30" "31" "32" "33" "34" "35" "36" "37" "38" "39" "4" "40" "41" "42" "43" "44" "45" "46" "47" "48" "49" "5" "50" "51" "52" "53" "54" "55" "56" "57" "58" "59" "6" "7" "8" "9"]
2025-06-02 15:57:21,636{GMT}	INFO	[jepsen worker 0] jepsen.util: 0	:invoke	:read	nil
2025-06-02 15:57:21,637{GMT}	INFO	[jepsen worker 0] jepsen.util: 0	:ok	:read	["0" "1" "10" "11" "12" "13" "14" "15" "16" "17" "18" "19" "2" "20" "21" "22" "23" "24" "25" "26" "27" "28" "29" "3" "30" "31" "32" "33" "34" "35" "36" "37" "38" "39" "4" "40" "41" "42" "43" "44" "45" "46" "47" "48" "49" "5" "50" "51" "52" "53" "54" "55" "56" "57" "58" "59" "6" "7" "8" "9"]
2025-06-02 15:57:21,687{GMT}	INFO	[jepsen worker 0] jepsen.util: 0	:invoke	:broadcast	60
2025-06-02 15:57:21,688{GMT}	INFO	[jepsen worker 0] jepsen.util: 0	:ok	:broadcast	60
2025-06-02 15:57:21,851{GMT}	INFO	[jepsen worker 0] jepsen.util: 0	:invoke	:read	nil
2025-06-02 15:57:21,852{GMT}	INFO	[jepsen worker 0] jepsen.util: 0	:ok	:read	["0" "1" "10" "11" "12" "13" "14" "15" "16" "17" "18" "19" "2" "20" "21" "22" "23" "24" "25" "26" "27" "28" "29" "3" "30" "31" "32" "33" "34" "35" "36" "37" "38" "39" "4" "40" "41" "42" "43" "44" "45" "46" "47" "48" "49" "5" "50" "51" "52" "53" "54" "55" "56" "57" "58" "59" "6" "60" "7" "8" "9"]
2025-06-02 15:57:22,043{GMT}	INFO	[jepsen worker 0] jepsen.util: 0	:invoke	:broadcast	61
2025-06-02 15:57:22,044{GMT}	INFO	[jepsen worker 0] jepsen.util: 0	:ok	:broadcast	61
2025-06-02 15:57:22,197{GMT}	INFO	[jepsen worker 0] jepsen.util: 0	:invoke	:broadcast	62
2025-06-02 15:57:22,198{GMT}	INFO	[jepsen worker 0] jepsen.util: 0	:ok	:broadcast	62
2025-06-02 15:57:22,276{GMT}	INFO	[jepsen worker 0] jepsen.util: 0	:invoke	:read	nil
2025-06-02 15:57:22,277{GMT}	INFO	[jepsen worker 0] jepsen.util: 0	:ok	:read	["0" "1" "10" "11" "12" "13" "14" "15" "16" "17" "18" "19" "2" "20" "21" "22" "23" "24" "25" "26" "27" "28" "29" "3" "30" "31" "32" "33" "34" "35" "36" "37" "38" "39" "4" "40" "41" "42" "43" "44" "45" "46" "47" "48" "49" "5" "50" "51" "52" "53" "54" "55" "56" "57" "58" "59" "6" "60" "61" "62" "7" "8" "9"]
2025-06-02 15:57:22,285{GMT}	INFO	[jepsen worker 0] jepsen.util: 0	:invoke	:read	nil
2025-06-02 15:57:22,286{GMT}	INFO	[jepsen worker 0] jepsen.util: 0	:ok	:read	["0" "1" "10" "11" "12" "13" "14" "15" "16" "17" "18" "19" "2" "20" "21" "22" "23" "24" "25" "26" "27" "28" "29" "3" "30" "31" "32" "33" "34" "35" "36" "37" "38" "39" "4" "40" "41" "42" "43" "44" "45" "46" "47" "48" "49" "5" "50" "51" "52" "53" "54" "55" "56" "57" "58" "59" "6" "60" "61" "62" "7" "8" "9"]
2025-06-02 15:57:22,372{GMT}	INFO	[jepsen worker 0] jepsen.util: 0	:invoke	:broadcast	63
2025-06-02 15:57:22,373{GMT}	INFO	[jepsen worker 0] jepsen.util: 0	:ok	:broadcast	63
2025-06-02 15:57:22,382{GMT}	INFO	[jepsen worker 0] jepsen.util: 0	:invoke	:read	nil
2025-06-02 15:57:22,383{GMT}	INFO	[jepsen worker 0] jepsen.util: 0	:ok	:read	["0" "1" "10" "11" "12" "13" "14" "15" "16" "17" "18" "19" "2" "20" "21" "22" "23" "24" "25" "26" "27" "28" "29" "3" "30" "31" "32" "33" "34" "35" "36" "37" "38" "39" "4" "40" "41" "42" "43" "44" "45" "46" "47" "48" "49" "5" "50" "51" "52" "53" "54" "55" "56" "57" "58" "59" "6" "60" "61" "62" "63" "7" "8" "9"]
2025-06-02 15:57:22,559{GMT}	INFO	[jepsen worker 0] jepsen.util: 0	:invoke	:broadcast	64
2025-06-02 15:57:22,560{GMT}	INFO	[jepsen worker 0] jepsen.util: 0	:ok	:broadcast	64
2025-06-02 15:57:22,748{GMT}	INFO	[jepsen worker 0] jepsen.util: 0	:invoke	:broadcast	65
2025-06-02 15:57:22,749{GMT}	INFO	[jepsen worker 0] jepsen.util: 0	:ok	:broadcast	65
2025-06-02 15:57:22,878{GMT}	INFO	[jepsen worker 0] jepsen.util: 0	:invoke	:broadcast	66
2025-06-02 15:57:22,879{GMT}	INFO	[jepsen worker 0] jepsen.util: 0	:ok	:broadcast	66
2025-06-02 15:57:22,938{GMT}	INFO	[jepsen worker 0] jepsen.util: 0	:invoke	:read	nil
2025-06-02 15:57:22,939{GMT}	INFO	[jepsen worker 0] jepsen.util: 0	:ok	:read	["0" "1" "10" "11" "12" "13" "14" "15" "16" "17" "18" "19" "2" "20" "21" "22" "23" "24" "25" "26" "27" "28" "29" "3" "30" "31" "32" "33" "34" "35" "36" "37" "38" "39" "4" "40" "41" "42" "43" "44" "45" "46" "47" "48" "49" "5" "50" "51" "52" "53" "54" "55" "56" "57" "58" "59" "6" "60" "61" "62" "63" "64" "65" "66" "7" "8" "9"]
2025-06-02 15:57:23,046{GMT}	INFO	[jepsen worker 0] jepsen.util: 0	:invoke	:read	nil
2025-06-02 15:57:23,048{GMT}	INFO	[jepsen worker 0] jepsen.util: 0	:ok	:read	["0" "1" "10" "11" "12" "13" "14" "15" "16" "17" "18" "19" "2" "20" "21" "22" "23" "24" "25" "26" "27" "28" "29" "3" "30" "31" "32" "33" "34" "35" "36" "37" "38" "39" "4" "40" "41" "42" "43" "44" "45" "46" "47" "48" "49" "5" "50" "51" "52" "53" "54" "55" "56" "57" "58" "59" "6" "60" "61" "62" "63" "64" "65" "66" "7" "8" "9"]
2025-06-02 15:57:23,205{GMT}	INFO	[jepsen worker 0] jepsen.util: 0	:invoke	:broadcast	67
2025-06-02 15:57:23,206{GMT}	INFO	[jepsen worker 0] jepsen.util: 0	:ok	:broadcast	67
2025-06-02 15:57:23,306{GMT}	INFO	[jepsen worker 0] jepsen.util: 0	:invoke	:broadcast	68
2025-06-02 15:57:23,308{GMT}	INFO	[jepsen worker 0] jepsen.util: 0	:ok	:broadcast	68
2025-06-02 15:57:23,459{GMT}	INFO	[jepsen worker 0] jepsen.util: 0	:invoke	:read	nil
2025-06-02 15:57:23,462{GMT}	INFO	[jepsen worker 0] jepsen.util: 0	:ok	:read	["0" "1" "10" "11" "12" "13" "14" "15" "16" "17" "18" "19" "2" "20" "21" "22" "23" "24" "25" "26" "27" "28" "29" "3" "30" "31" "32" "33" "34" "35" "36" "37" "38" "39" "4" "40" "41" "42" "43" "44" "45" "46" "47" "48" "49" "5" "50" "51" "52" "53" "54" "55" "56" "57" "58" "59" "6" "60" "61" "62" "63" "64" "65" "66" "67" "68" "7" "8" "9"]
2025-06-02 15:57:23,658{GMT}	INFO	[jepsen worker 0] jepsen.util: 0	:invoke	:broadcast	69
2025-06-02 15:57:23,659{GMT}	INFO	[jepsen worker 0] jepsen.util: 0	:ok	:broadcast	69
2025-06-02 15:57:23,743{GMT}	INFO	[jepsen worker 0] jepsen.util: 0	:invoke	:read	nil
2025-06-02 15:57:23,744{GMT}	INFO	[jepsen worker 0] jepsen.util: 0	:ok	:read	["0" "1" "10" "11" "12" "13" "14" "15" "16" "17" "18" "19" "2" "20" "21" "22" "23" "24" "25" "26" "27" "28" "29" "3" "30" "31" "32" "33" "34" "35" "36" "37" "38" "39" "4" "40" "41" "42" "43" "44" "45" "46" "47" "48" "49" "5" "50" "51" "52" "53" "54" "55" "56" "57" "58" "59" "6" "60" "61" "62" "63" "64" "65" "66" "67" "68" "69" "7" "8" "9"]
2025-06-02 15:57:23,889{GMT}	INFO	[jepsen worker 0] jepsen.util: 0	:invoke	:broadcast	70
2025-06-02 15:57:23,891{GMT}	INFO	[jepsen worker 0] jepsen.util: 0	:ok	:broadcast	70
2025-06-02 15:57:23,900{GMT}	INFO	[jepsen worker 0] jepsen.util: 0	:invoke	:read	nil
2025-06-02 15:57:23,901{GMT}	INFO	[jepsen worker 0] jepsen.util: 0	:ok	:read	["0" "1" "10" "11" "12" "13" "14" "15" "16" "17" "18" "19" "2" "20" "21" "22" "23" "24" "25" "26" "27" "28" "29" "3" "30" "31" "32" "33" "34" "35" "36" "37" "38" "39" "4" "40" "41" "42" "43" "44" "45" "46" "47" "48" "49" "5" "50" "51" "52" "53" "54" "55" "56" "57" "58" "59" "6" "60" "61" "62" "63" "64" "65" "66" "67" "68" "69" "7" "70" "8" "9"]
2025-06-02 15:57:24,045{GMT}	INFO	[jepsen worker 0] jepsen.util: 0	:invoke	:broadcast	71
2025-06-02 15:57:24,046{GMT}	INFO	[jepsen worker 0] jepsen.util: 0	:ok	:broadcast	71
2025-06-02 15:57:24,227{GMT}	INFO	[jepsen worker 0] jepsen.util: 0	:invoke	:read	nil
2025-06-02 15:57:24,228{GMT}	INFO	[jepsen worker 0] jepsen.util: 0	:ok	:read	["0" "1" "10" "11" "12" "13" "14" "15" "16" "17" "18" "19" "2" "20" "21" "22" "23" "24" "25" "26" "27" "28" "29" "3" "30" "31" "32" "33" "34" "35" "36" "37" "38" "39" "4" "40" "41" "42" "43" "44" "45" "46" "47" "48" "49" "5" "50" "51" "52" "53" "54" "55" "56" "57" "58" "59" "6" "60" "61" "62" "63" "64" "65" "66" "67" "68" "69" "7" "70" "71" "8" "9"]
2025-06-02 15:57:24,257{GMT}	INFO	[jepsen worker 0] jepsen.util: 0	:invoke	:broadcast	72
2025-06-02 15:57:24,258{GMT}	INFO	[jepsen worker 0] jepsen.util: 0	:ok	:broadcast	72
2025-06-02 15:57:24,356{GMT}	INFO	[jepsen worker 0] jepsen.util: 0	:invoke	:read	nil
2025-06-02 15:57:24,357{GMT}	INFO	[jepsen worker 0] jepsen.util: 0	:ok	:read	["0" "1" "10" "11" "12" "13" "14" "15" "16" "17" "18" "19" "2" "20" "21" "22" "23" "24" "25" "26" "27" "28" "29" "3" "30" "31" "32" "33" "34" "35" "36" "37" "38" "39" "4" "40" "41" "42" "43" "44" "45" "46" "47" "48" "49" "5" "50" "51" "52" "53" "54" "55" "56" "57" "58" "59" "6" "60" "61" "62" "63" "64" "65" "66" "67" "68" "69" "7" "70" "71" "72" "8" "9"]
2025-06-02 15:57:24,425{GMT}	INFO	[jepsen worker 0] jepsen.util: 0	:invoke	:broadcast	73
2025-06-02 15:57:24,426{GMT}	INFO	[jepsen worker 0] jepsen.util: 0	:ok	:broadcast	73
2025-06-02 15:57:24,569{GMT}	INFO	[jepsen worker 0] jepsen.util: 0	:invoke	:broadcast	74
2025-06-02 15:57:24,570{GMT}	INFO	[jepsen worker 0] jepsen.util: 0	:ok	:broadcast	74
2025-06-02 15:57:24,713{GMT}	INFO	[jepsen worker 0] jepsen.util: 0	:invoke	:read	nil
2025-06-02 15:57:24,714{GMT}	INFO	[jepsen worker 0] jepsen.util: 0	:ok	:read	["0" "1" "10" "11" "12" "13" "14" "15" "16" "17" "18" "19" "2" "20" "21" "22" "23" "24" "25" "26" "27" "28" "29" "3" "30" "31" "32" "33" "34" "35" "36" "37" "38" "39" "4" "40" "41" "42" "43" "44" "45" "46" "47" "48" "49" "5" "50" "51" "52" "53" "54" "55" "56" "57" "58" "59" "6" "60" "61" "62" "63" "64" "65" "66" "67" "68" "69" "7" "70" "71" "72" "73" "74" "8" "9"]
2025-06-02 15:57:24,714{GMT}	INFO	[jepsen worker 0] jepsen.util: 0	:invoke	:read	nil
2025-06-02 15:57:24,714{GMT}	INFO	[jepsen worker 0] jepsen.util: 0	:ok	:read	["0" "1" "10" "11" "12" "13" "14" "15" "16" "17" "18" "19" "2" "20" "21" "22" "23" "24" "25" "26" "27" "28" "29" "3" "30" "31" "32" "33" "34" "35" "36" "37" "38" "39" "4" "40" "41" "42" "43" "44" "45" "46" "47" "48" "49" "5" "50" "51" "52" "53" "54" "55" "56" "57" "58" "59" "6" "60" "61" "62" "63" "64" "65" "66" "67" "68" "69" "7" "70" "71" "72" "73" "74" "8" "9"]
2025-06-02 15:57:24,862{GMT}	INFO	[jepsen worker 0] jepsen.util: 0	:invoke	:read	nil
2025-06-02 15:57:24,864{GMT}	INFO	[jepsen worker 0] jepsen.util: 0	:ok	:read	["0" "1" "10" "11" "12" "13" "14" "15" "16" "17" "18" "19" "2" "20" "21" "22" "23" "24" "25" "26" "27" "28" "29" "3" "30" "31" "32" "33" "34" "35" "36" "37" "38" "39" "4" "40" "41" "42" "43" "44" "45" "46" "47" "48" "49" "5" "50" "51" "52" "53" "54" "55" "56" "57" "58" "59" "6" "60" "61" "62" "63" "64" "65" "66" "67" "68" "69" "7" "70" "71" "72" "73" "74" "8" "9"]
2025-06-02 15:57:24,938{GMT}	INFO	[jepsen worker 0] jepsen.util: 0	:invoke	:read	nil
2025-06-02 15:57:24,940{GMT}	INFO	[jepsen worker 0] jepsen.util: 0	:ok	:read	["0" "1" "10" "11" "12" "13" "14" "15" "16" "17" "18" "19" "2" "20" "21" "22" "23" "24" "25" "26" "27" "28" "29" "3" "30" "31" "32" "33" "34" "35" "36" "37" "38" "39" "4" "40" "41" "42" "43" "44" "45" "46" "47" "48" "49" "5" "50" "51" "52" "53" "54" "55" "56" "57" "58" "59" "6" "60" "61" "62" "63" "64" "65" "66" "67" "68" "69" "7" "70" "71" "72" "73" "74" "8" "9"]
2025-06-02 15:57:25,016{GMT}	INFO	[jepsen worker 0] jepsen.util: 0	:invoke	:read	nil
2025-06-02 15:57:25,017{GMT}	INFO	[jepsen worker 0] jepsen.util: 0	:ok	:read	["0" "1" "10" "11" "12" "13" "14" "15" "16" "17" "18" "19" "2" "20" "21" "22" "23" "24" "25" "26" "27" "28" "29" "3" "30" "31" "32" "33" "34" "35" "36" "37" "38" "39" "4" "40" "41" "42" "43" "44" "45" "46" "47" "48" "49" "5" "50" "51" "52" "53" "54" "55" "56" "57" "58" "59" "6" "60" "61" "62" "63" "64" "65" "66" "67" "68" "69" "7" "70" "71" "72" "73" "74" "8" "9"]
2025-06-02 15:57:25,188{GMT}	INFO	[jepsen worker 0] jepsen.util: 0	:invoke	:broadcast	75
2025-06-02 15:57:25,189{GMT}	INFO	[jepsen worker 0] jepsen.util: 0	:ok	:broadcast	75
2025-06-02 15:57:25,222{GMT}	INFO	[jepsen worker 0] jepsen.util: 0	:invoke	:broadcast	76
2025-06-02 15:57:25,222{GMT}	INFO	[jepsen worker 0] jepsen.util: 0	:ok	:broadcast	76
2025-06-02 15:57:25,267{GMT}	INFO	[jepsen worker 0] jepsen.util: 0	:invoke	:broadcast	77
2025-06-02 15:57:25,268{GMT}	INFO	[jepsen worker 0] jepsen.util: 0	:ok	:broadcast	77
2025-06-02 15:57:25,306{GMT}	INFO	[jepsen worker 0] jepsen.util: 0	:invoke	:read	nil
2025-06-02 15:57:25,307{GMT}	INFO	[jepsen worker 0] jepsen.util: 0	:ok	:read	["0" "1" "10" "11" "12" "13" "14" "15" "16" "17" "18" "19" "2" "20" "21" "22" "23" "24" "25" "26" "27" "28" "29" "3" "30" "31" "32" "33" "34" "35" "36" "37" "38" "39" "4" "40" "41" "42" "43" "44" "45" "46" "47" "48" "49" "5" "50" "51" "52" "53" "54" "55" "56" "57" "58" "59" "6" "60" "61" "62" "63" "64" "65" "66" "67" "68" "69" "7" "70" "71" "72" "73" "74" "75" "76" "77" "8" "9"]
2025-06-02 15:57:25,401{GMT}	INFO	[jepsen worker 0] jepsen.util: 0	:invoke	:read	nil
2025-06-02 15:57:25,402{GMT}	INFO	[jepsen worker 0] jepsen.util: 0	:ok	:read	["0" "1" "10" "11" "12" "13" "14" "15" "16" "17" "18" "19" "2" "20" "21" "22" "23" "24" "25" "26" "27" "28" "29" "3" "30" "31" "32" "33" "34" "35" "36" "37" "38" "39" "4" "40" "41" "42" "43" "44" "45" "46" "47" "48" "49" "5" "50" "51" "52" "53" "54" "55" "56" "57" "58" "59" "6" "60" "61" "62" "63" "64" "65" "66" "67" "68" "69" "7" "70" "71" "72" "73" "74" "75" "76" "77" "8" "9"]
2025-06-02 15:57:25,598{GMT}	INFO	[jepsen worker 0] jepsen.util: 0	:invoke	:broadcast	78
2025-06-02 15:57:25,599{GMT}	INFO	[jepsen worker 0] jepsen.util: 0	:ok	:broadcast	78
2025-06-02 15:57:25,757{GMT}	INFO	[jepsen worker 0] jepsen.util: 0	:invoke	:read	nil
2025-06-02 15:57:25,758{GMT}	INFO	[jepsen worker 0] jepsen.util: 0	:ok	:read	["0" "1" "10" "11" "12" "13" "14" "15" "16" "17" "18" "19" "2" "20" "21" "22" "23" "24" "25" "26" "27" "28" "29" "3" "30" "31" "32" "33" "34" "35" "36" "37" "38" "39" "4" "40" "41" "42" "43" "44" "45" "46" "47" "48" "49" "5" "50" "51" "52" "53" "54" "55" "56" "57" "58" "59" "6" "60" "61" "62" "63" "64" "65" "66" "67" "68" "69" "7" "70" "71" "72" "73" "74" "75" "76" "77" "78" "8" "9"]
2025-06-02 15:57:25,888{GMT}	INFO	[jepsen worker 0] jepsen.util: 0	:invoke	:broadcast	79
2025-06-02 15:57:25,890{GMT}	INFO	[jepsen worker 0] jepsen.util: 0	:ok	:broadcast	79
2025-06-02 15:57:25,934{GMT}	INFO	[jepsen worker 0] jepsen.util: 0	:invoke	:read	nil
2025-06-02 15:57:25,935{GMT}	INFO	[jepsen worker 0] jepsen.util: 0	:ok	:read	["0" "1" "10" "11" "12" "13" "14" "15" "16" "17" "18" "19" "2" "20" "21" "22" "23" "24" "25" "26" "27" "28" "29" "3" "30" "31" "32" "33" "34" "35" "36" "37" "38" "39" "4" "40" "41" "42" "43" "44" "45" "46" "47" "48" "49" "5" "50" "51" "52" "53" "54" "55" "56" "57" "58" "59" "6" "60" "61" "62" "63" "64" "65" "66" "67" "68" "69" "7" "70" "71" "72" "73" "74" "75" "76" "77" "78" "79" "8" "9"]
2025-06-02 15:57:26,113{GMT}	INFO	[jepsen worker 0] jepsen.util: 0	:invoke	:broadcast	80
2025-06-02 15:57:26,114{GMT}	INFO	[jepsen worker 0] jepsen.util: 0	:ok	:broadcast	80
2025-06-02 15:57:26,221{GMT}	INFO	[jepsen worker 0] jepsen.util: 0	:invoke	:broadcast	81
2025-06-02 15:57:26,222{GMT}	INFO	[jepsen worker 0] jepsen.util: 0	:ok	:broadcast	81
2025-06-02 15:57:26,374{GMT}	INFO	[jepsen worker 0] jepsen.util: 0	:invoke	:read	nil
2025-06-02 15:57:26,376{GMT}	INFO	[jepsen worker 0] jepsen.util: 0	:ok	:read	["0" "1" "10" "11" "12" "13" "14" "15" "16" "17" "18" "19" "2" "20" "21" "22" "23" "24" "25" "26" "27" "28" "29" "3" "30" "31" "32" "33" "34" "35" "36" "37" "38" "39" "4" "40" "41" "42" "43" "44" "45" "46" "47" "48" "49" "5" "50" "51" "52" "53" "54" "55" "56" "57" "58" "59" "6" "60" "61" "62" "63" "64" "65" "66" "67" "68" "69" "7" "70" "71" "72" "73" "74" "75" "76" "77" "78" "79" "8" "80" "81" "9"]
2025-06-02 15:57:26,446{GMT}	INFO	[jepsen worker 0] jepsen.util: 0	:invoke	:read	nil
2025-06-02 15:57:26,449{GMT}	INFO	[jepsen worker 0] jepsen.util: 0	:ok	:read	["0" "1" "10" "11" "12" "13" "14" "15" "16" "17" "18" "19" "2" "20" "21" "22" "23" "24" "25" "26" "27" "28" "29" "3" "30" "31" "32" "33" "34" "35" "36" "37" "38" "39" "4" "40" "41" "42" "43" "44" "45" "46" "47" "48" "49" "5" "50" "51" "52" "53" "54" "55" "56" "57" "58" "59" "6" "60" "61" "62" "63" "64" "65" "66" "67" "68" "69" "7" "70" "71" "72" "73" "74" "75" "76" "77" "78" "79" "8" "80" "81" "9"]
2025-06-02 15:57:26,544{GMT}	INFO	[jepsen worker 0] jepsen.util: 0	:invoke	:broadcast	82
2025-06-02 15:57:26,545{GMT}	INFO	[jepsen worker 0] jepsen.util: 0	:ok	:broadcast	82
2025-06-02 15:57:26,620{GMT}	INFO	[jepsen worker 0] jepsen.util: 0	:invoke	:broadcast	83
2025-06-02 15:57:26,622{GMT}	INFO	[jepsen worker 0] jepsen.util: 0	:ok	:broadcast	83
2025-06-02 15:57:26,701{GMT}	INFO	[jepsen worker 0] jepsen.util: 0	:invoke	:read	nil
2025-06-02 15:57:26,703{GMT}	INFO	[jepsen worker 0] jepsen.util: 0	:ok	:read	["0" "1" "10" "11" "12" "13" "14" "15" "16" "17" "18" "19" "2" "20" "21" "22" "23" "24" "25" "26" "27" "28" "29" "3" "30" "31" "32" "33" "34" "35" "36" "37" "38" "39" "4" "40" "41" "42" "43" "44" "45" "46" "47" "48" "49" "5" "50" "51" "52" "53" "54" "55" "56" "57" "58" "59" "6" "60" "61" "62" "63" "64" "65" "66" "67" "68" "69" "7" "70" "71" "72" "73" "74" "75" "76" "77" "78" "79" "8" "80" "81" "82" "83" "9"]
2025-06-02 15:57:26,797{GMT}	INFO	[jepsen worker 0] jepsen.util: 0	:invoke	:broadcast	84
2025-06-02 15:57:26,797{GMT}	INFO	[jepsen worker 0] jepsen.util: 0	:ok	:broadcast	84
2025-06-02 15:57:26,841{GMT}	INFO	[jepsen worker 0] jepsen.util: 0	:invoke	:broadcast	85
2025-06-02 15:57:26,842{GMT}	INFO	[jepsen worker 0] jepsen.util: 0	:ok	:broadcast	85
2025-06-02 15:57:26,957{GMT}	INFO	[jepsen worker 0] jepsen.util: 0	:invoke	:read	nil
2025-06-02 15:57:26,958{GMT}	INFO	[jepsen worker 0] jepsen.util: 0	:ok	:read	["0" "1" "10" "11" "12" "13" "14" "15" "16" "17" "18" "19" "2" "20" "21" "22" "23" "24" "25" "26" "27" "28" "29" "3" "30" "31" "32" "33" "34" "35" "36" "37" "38" "39" "4" "40" "41" "42" "43" "44" "45" "46" "47" "48" "49" "5" "50" "51" "52" "53" "54" "55" "56" "57" "58" "59" "6" "60" "61" "62" "63" "64" "65" "66" "67" "68" "69" "7" "70" "71" "72" "73" "74" "75" "76" "77" "78" "79" "8" "80" "81" "82" "83" "84" "85" "9"]
2025-06-02 15:57:27,132{GMT}	INFO	[jepsen worker 0] jepsen.util: 0	:invoke	:broadcast	86
2025-06-02 15:57:27,133{GMT}	INFO	[jepsen worker 0] jepsen.util: 0	:ok	:broadcast	86
2025-06-02 15:57:27,279{GMT}	INFO	[jepsen worker 0] jepsen.util: 0	:invoke	:broadcast	87
2025-06-02 15:57:27,280{GMT}	INFO	[jepsen worker 0] jepsen.util: 0	:ok	:broadcast	87
2025-06-02 15:57:27,421{GMT}	INFO	[jepsen worker 0] jepsen.util: 0	:invoke	:read	nil
2025-06-02 15:57:27,422{GMT}	INFO	[jepsen worker 0] jepsen.util: 0	:ok	:read	["0" "1" "10" "11" "12" "13" "14" "15" "16" "17" "18" "19" "2" "20" "21" "22" "23" "24" "25" "26" "27" "28" "29" "3" "30" "31" "32" "33" "34" "35" "36" "37" "38" "39" "4" "40" "41" "42" "43" "44" "45" "46" "47" "48" "49" "5" "50" "51" "52" "53" "54" "55" "56" "57" "58" "59" "6" "60" "61" "62" "63" "64" "65" "66" "67" "68" "69" "7" "70" "71" "72" "73" "74" "75" "76" "77" "78" "79" "8" "80" "81" "82" "83" "84" "85" "86" "87" "9"]
2025-06-02 15:57:27,494{GMT}	INFO	[jepsen worker 0] jepsen.util: 0	:invoke	:broadcast	88
2025-06-02 15:57:27,494{GMT}	INFO	[jepsen worker 0] jepsen.util: 0	:ok	:broadcast	88
2025-06-02 15:57:27,629{GMT}	INFO	[jepsen worker 0] jepsen.util: 0	:invoke	:broadcast	89
2025-06-02 15:57:27,630{GMT}	INFO	[jepsen worker 0] jepsen.util: 0	:ok	:broadcast	89
2025-06-02 15:57:27,674{GMT}	INFO	[jepsen worker 0] jepsen.util: 0	:invoke	:read	nil
2025-06-02 15:57:27,675{GMT}	INFO	[jepsen worker 0] jepsen.util: 0	:ok	:read	["0" "1" "10" "11" "12" "13" "14" "15" "16" "17" "18" "19" "2" "20" "21" "22" "23" "24" "25" "26" "27" "28" "29" "3" "30" "31" "32" "33" "34" "35" "36" "37" "38" "39" "4" "40" "41" "42" "43" "44" "45" "46" "47" "48" "49" "5" "50" "51" "52" "53" "54" "55" "56" "57" "58" "59" "6" "60" "61" "62" "63" "64" "65" "66" "67" "68" "69" "7" "70" "71" "72" "73" "74" "75" "76" "77" "78" "79" "8" "80" "81" "82" "83" "84" "85" "86" "87" "88" "89" "9"]
2025-06-02 15:57:27,738{GMT}	INFO	[jepsen worker 0] jepsen.util: 0	:invoke	:read	nil
2025-06-02 15:57:27,739{GMT}	INFO	[jepsen worker 0] jepsen.util: 0	:ok	:read	["0" "1" "10" "11" "12" "13" "14" "15" "16" "17" "18" "19" "2" "20" "21" "22" "23" "24" "25" "26" "27" "28" "29" "3" "30" "31" "32" "33" "34" "35" "36" "37" "38" "39" "4" "40" "41" "42" "43" "44" "45" "46" "47" "48" "49" "5" "50" "51" "52" "53" "54" "55" "56" "57" "58" "59" "6" "60" "61" "62" "63" "64" "65" "66" "67" "68" "69" "7" "70" "71" "72" "73" "74" "75" "76" "77" "78" "79" "8" "80" "81" "82" "83" "84" "85" "86" "87" "88" "89" "9"]
2025-06-02 15:57:27,773{GMT}	INFO	[jepsen worker 0] jepsen.util: 0	:invoke	:broadcast	90
2025-06-02 15:57:27,773{GMT}	INFO	[jepsen worker 0] jepsen.util: 0	:ok	:broadcast	90
2025-06-02 15:57:27,845{GMT}	INFO	[jepsen worker 0] jepsen.util: 0	:invoke	:broadcast	91
2025-06-02 15:57:27,846{GMT}	INFO	[jepsen worker 0] jepsen.util: 0	:ok	:broadcast	91
2025-06-02 15:57:28,005{GMT}	INFO	[jepsen worker 0] jepsen.util: 0	:invoke	:read	nil
2025-06-02 15:57:28,006{GMT}	INFO	[jepsen worker 0] jepsen.util: 0	:ok	:read	["0" "1" "10" "11" "12" "13" "14" "15" "16" "17" "18" "19" "2" "20" "21" "22" "23" "24" "25" "26" "27" "28" "29" "3" "30" "31" "32" "33" "34" "35" "36" "37" "38" "39" "4" "40" "41" "42" "43" "44" "45" "46" "47" "48" "49" "5" "50" "51" "52" "53" "54" "55" "56" "57" "58" "59" "6" "60" "61" "62" "63" "64" "65" "66" "67" "68" "69" "7" "70" "71" "72" "73" "74" "75" "76" "77" "78" "79" "8" "80" "81" "82" "83" "84" "85" "86" "87" "88" "89" "9" "90" "91"]
2025-06-02 15:57:28,145{GMT}	INFO	[jepsen worker 0] jepsen.util: 0	:invoke	:read	nil
2025-06-02 15:57:28,146{GMT}	INFO	[jepsen worker 0] jepsen.util: 0	:ok	:read	["0" "1" "10" "11" "12" "13" "14" "15" "16" "17" "18" "19" "2" "20" "21" "22" "23" "24" "25" "26" "27" "28" "29" "3" "30" "31" "32" "33" "34" "35" "36" "37" "38" "39" "4" "40" "41" "42" "43" "44" "45" "46" "47" "48" "49" "5" "50" "51" "52" "53" "54" "55" "56" "57" "58" "59" "6" "60" "61" "62" "63" "64" "65" "66" "67" "68" "69" "7" "70" "71" "72" "73" "74" "75" "76" "77" "78" "79" "8" "80" "81" "82" "83" "84" "85" "86" "87" "88" "89" "9" "90" "91"]
2025-06-02 15:57:28,238{GMT}	INFO	[jepsen worker 0] jepsen.util: 0	:invoke	:read	nil
2025-06-02 15:57:28,240{GMT}	INFO	[jepsen worker 0] jepsen.util: 0	:ok	:read	["0" "1" "10" "11" "12" "13" "14" "15" "16" "17" "18" "19" "2" "20" "21" "22" "23" "24" "25" "26" "27" "28" "29" "3" "30" "31" "32" "33" "34" "35" "36" "37" "38" "39" "4" "40" "41" "42" "43" "44" "45" "46" "47" "48" "49" "5" "50" "51" "52" "53" "54" "55" "56" "57" "58" "59" "6" "60" "61" "62" "63" "64" "65" "66" "67" "68" "69" "7" "70" "71" "72" "73" "74" "75" "76" "77" "78" "79" "8" "80" "81" "82" "83" "84" "85" "86" "87" "88" "89" "9" "90" "91"]
2025-06-02 15:57:28,423{GMT}	INFO	[jepsen worker 0] jepsen.util: 0	:invoke	:read	nil
2025-06-02 15:57:28,424{GMT}	INFO	[jepsen worker 0] jepsen.util: 0	:ok	:read	["0" "1" "10" "11" "12" "13" "14" "15" "16" "17" "18" "19" "2" "20" "21" "22" "23" "24" "25" "26" "27" "28" "29" "3" "30" "31" "32" "33" "34" "35" "36" "37" "38" "39" "4" "40" "41" "42" "43" "44" "45" "46" "47" "48" "49" "5" "50" "51" "52" "53" "54" "55" "56" "57" "58" "59" "6" "60" "61" "62" "63" "64" "65" "66" "67" "68" "69" "7" "70" "71" "72" "73" "74" "75" "76" "77" "78" "79" "8" "80" "81" "82" "83" "84" "85" "86" "87" "88" "89" "9" "90" "91"]
2025-06-02 15:57:28,445{GMT}	INFO	[jepsen worker 0] jepsen.util: 0	:invoke	:broadcast	92
2025-06-02 15:57:28,446{GMT}	INFO	[jepsen worker 0] jepsen.util: 0	:ok	:broadcast	92
2025-06-02 15:57:28,529{GMT}	INFO	[jepsen worker 0] jepsen.util: 0	:invoke	:broadcast	93
2025-06-02 15:57:28,530{GMT}	INFO	[jepsen worker 0] jepsen.util: 0	:ok	:broadcast	93
2025-06-02 15:57:28,623{GMT}	INFO	[jepsen worker 0] jepsen.util: 0	:invoke	:read	nil
2025-06-02 15:57:28,624{GMT}	INFO	[jepsen worker 0] jepsen.util: 0	:ok	:read	["0" "1" "10" "11" "12" "13" "14" "15" "16" "17" "18" "19" "2" "20" "21" "22" "23" "24" "25" "26" "27" "28" "29" "3" "30" "31" "32" "33" "34" "35" "36" "37" "38" "39" "4" "40" "41" "42" "43" "44" "45" "46" "47" "48" "49" "5" "50" "51" "52" "53" "54" "55" "56" "57" "58" "59" "6" "60" "61" "62" "63" "64" "65" "66" "67" "68" "69" "7" "70" "71" "72" "73" "74" "75" "76" "77" "78" "79" "8" "80" "81" "82" "83" "84" "85" "86" "87" "88" "89" "9" "90" "91" "92" "93"]
2025-06-02 15:57:28,811{GMT}	INFO	[jepsen worker 0] jepsen.util: 0	:invoke	:broadcast	94
2025-06-02 15:57:28,812{GMT}	INFO	[jepsen worker 0] jepsen.util: 0	:ok	:broadcast	94
2025-06-02 15:57:28,876{GMT}	INFO	[jepsen worker 0] jepsen.util: 0	:invoke	:read	nil
2025-06-02 15:57:28,877{GMT}	INFO	[jepsen worker 0] jepsen.util: 0	:ok	:read	["0" "1" "10" "11" "12" "13" "14" "15" "16" "17" "18" "19" "2" "20" "21" "22" "23" "24" "25" "26" "27" "28" "29" "3" "30" "31" "32" "33" "34" "35" "36" "37" "38" "39" "4" "40" "41" "42" "43" "44" "45" "46" "47" "48" "49" "5" "50" "51" "52" "53" "54" "55" "56" "57" "58" "59" "6" "60" "61" "62" "63" "64" "65" "66" "67" "68" "69" "7" "70" "71" "72" "73" "74" "75" "76" "77" "78" "79" "8" "80" "81" "82" "83" "84" "85" "86" "87" "88" "89" "9" "90" "91" "92" "93" "94"]
2025-06-02 15:57:28,877{GMT}	INFO	[jepsen worker 0] jepsen.generator.interpreter: Waiting for recovery...
2025-06-02 15:57:38,888{GMT}	INFO	[jepsen worker 0] jepsen.util: 0	:invoke	:read	nil
2025-06-02 15:57:38,890{GMT}	INFO	[jepsen worker 0] jepsen.util: 0	:ok	:read	["0" "1" "10" "11" "12" "13" "14" "15" "16" "17" "18" "19" "2" "20" "21" "22" "23" "24" "25" "26" "27" "28" "29" "3" "30" "31" "32" "33" "34" "35" "36" "37" "38" "39" "4" "40" "41" "42" "43" "44" "45" "46" "47" "48" "49" "5" "50" "51" "52" "53" "54" "55" "56" "57" "58" "59" "6" "60" "61" "62" "63" "64" "65" "66" "67" "68" "69" "7" "70" "71" "72" "73" "74" "75" "76" "77" "78" "79" "8" "80" "81" "82" "83" "84" "85" "86" "87" "88" "89" "9" "90" "91" "92" "93" "94"]
2025-06-02 15:57:38,908{GMT}	INFO	[jepsen test runner] jepsen.core: Run complete, writing
2025-06-02 15:57:38,963{GMT}	INFO	[jepsen node n0] maelstrom.db: Tearing down n0
2025-06-02 15:57:40,755{GMT}	INFO	[jepsen node n0] maelstrom.net: Shutting down Maelstrom network
2025-06-02 15:57:40,756{GMT}	INFO	[jepsen test runner] jepsen.core: Analyzing...
2025-06-02 15:57:40,937{GMT}	INFO	[jepsen test runner] jepsen.core: Analysis complete
2025-06-02 15:57:40,949{GMT}	INFO	[jepsen results] jepsen.store: Wrote /Users/adr/code/maelstrom/store/broadcast/20250602T155659.348-0400/results.edn
2025-06-02 15:57:40,964{GMT}	INFO	[jepsen test runner] jepsen.core: {:perf {:latency-graph {:valid? true},
        :rate-graph {:valid? true},
        :valid? true},
 :timeline {:valid? true},
 :exceptions {:valid? true},
 :stats {:valid? true,
         :count 189,
         :ok-count 189,
         :fail-count 0,
         :info-count 0,
         :by-f {:broadcast {:valid? true,
                            :count 95,
                            :ok-count 95,
                            :fail-count 0,
                            :info-count 0},
                :read {:valid? true,
                       :count 94,
                       :ok-count 94,
                       :fail-count 0,
                       :info-count 0}}},
 :availability {:valid? true, :ok-fraction 1.0},
 :net {:all {:send-count 382,
             :recv-count 382,
             :msg-count 382,
             :msgs-per-op 2.021164},
       :clients {:send-count 382, :recv-count 382, :msg-count 382},
       :servers {:send-count 0,
                 :recv-count 0,
                 :msg-count 0,
                 :msgs-per-op 0.0},
       :valid? true},
 :workload {:worst-stale (),
            :duplicated-count 0,
            :valid? false,
            :lost-count 95,
            :lost (0
                   1
                   2
                   3
                   4
                   5
                   6
                   7
                   8
                   9
                   10
                   11
                   12
                   13
                   14
                   15
                   16
                   17
                   18
                   19
                   20
                   21
                   22
                   23
                   24
                   25
                   26
                   27
                   28
                   29
                   30
                   31
                   32
                   33
                   34
                   35
                   36
                   37
                   38
                   39
                   40
                   41
                   42
                   43
                   44
                   45
                   46
                   47
                   48
                   49
                   50
                   51
                   52
                   53
                   54
                   55
                   56
                   57
                   58
                   59
                   60
                   61
                   62
                   63
                   64
                   65
                   66
                   67
                   68
                   69
                   70
                   71
                   72
                   73
                   74
                   75
                   76
                   77
                   78
                   79
                   80
                   81
                   82
                   83
                   84
                   85
                   86
                   87
                   88
                   89
                   90
                   91
                   92
                   93
                   94),
            :stable-count 0,
            :stale-count 0,
            :stale (),
            :never-read-count 0,
            :attempt-count 95,
            :lost-latencies {0 0, 0.5 0, 0.95 0, 0.99 0, 1 0},
            :never-read (),
            :duplicated {}},
 :valid? false}


Analysis invalid! ( 
