[RECEIVED] {"id":4,"src":"c4","dest":"n4","body":{"type":"init","node_id":"n4","node_ids":["n1","n2","n3","n4","n5"],"msg_id":1}}
[MATCH] InitBody
Initialized node n4
Init send {"src":"n4","dest":"c4","body":{"type":"init_ok","in_reply_to":1,"msg_id":0}}
[RECEIVED] {"id":14,"src":"c7","dest":"n4","body":{"type":"topology","topology":{"n1":["n4","n2"],"n2":["n5","n3","n1"],"n3":["n2"],"n4":["n1","n5"],"n5":["n2","n4"]},"msg_id":1}}
[MATCH] TopologyBody
[TOPOLOGY RESPONSE] {"src":"n4","dest":"c7","body":{"type":"topology_ok","in_reply_to":1,"msg_id":1}}
[RECEIVED] {"id":21,"src":"n1","dest":"n4","body":{"type":"broadcast","message":"0","msg_id":null}}
[MATCH] BroadcastBody
[INSIDE BROADCAST LOOP]
[BROADCAST REQUEST] {"id":0,"src":"n4","dest":"n1","body":{"type":"broadcast","message":"0","msg_id":null}}
[BROADCAST REQUEST] {"id":0,"src":"n4","dest":"n5","body":{"type":"broadcast","message":"0","msg_id":null}}
[BROADCAST RESPONSE] {"src":"n4","dest":"n1","body":{"type":"broadcast_ok","in_reply_to":0,"msg_id":2}}
[RECEIVED] {"id":31,"src":"n5","dest":"n4","body":{"type":"broadcast","message":"0","msg_id":null}}
[MATCH] BroadcastBody
[RECEIVED] {"id":33,"src":"n5","dest":"n4","body":{"type":"broadcast","message":"0","msg_id":null}}
[BROADCAST RESPONSE] {"src":"n4","dest":"n5","body":{"type":"broadcast_ok","in_reply_to":0,"msg_id":3}}
[MATCH] BroadcastBody
[BROADCAST RESPONSE] {"src":"n4","dest":"n5","body":{"type":"broadcast_ok","in_reply_to":0,"msg_id":4}}
[RECEIVED] {"id":40,"src":"n5","dest":"n4","body":{"type":"broadcast","message":"1","msg_id":null}}
[MATCH] BroadcastBody
[INSIDE BROADCAST LOOP]
[BROADCAST REQUEST] {"id":0,"src":"n4","dest":"n1","body":{"type":"broadcast","message":"1","msg_id":null}}
[BROADCAST REQUEST] {"id":0,"src":"n4","dest":"n5","body":{"type":"broadcast","message":"1","msg_id":null}}
[RECEIVED] {"id":42,"src":"n1","dest":"n4","body":{"type":"broadcast","message":"1","msg_id":null}}
[MATCH] BroadcastBody
[BROADCAST RESPONSE] {"src":"n4","dest":"n5","body":{"type":"broadcast_ok","in_reply_to":0,"msg_id":5}}
[INSIDE BROADCAST LOOP]
[BROADCAST REQUEST] {"id":0,"src":"n4","dest":"n1","body":{"type":"broadcast","message":"1","msg_id":null}}
[BROADCAST REQUEST] {"id":0,"src":"n4","dest":"n5","body":{"type":"broadcast","message":"1","msg_id":null}}
[BROADCAST RESPONSE] {"src":"n4","dest":"n1","body":{"type":"broadcast_ok","in_reply_to":0,"msg_id":6}}
[RECEIVED] {"id":50,"src":"c13","dest":"n4","body":{"type":"broadcast","message":2,"msg_id":1}}
[MATCH] BroadcastBody
[INSIDE BROADCAST LOOP]
[BROADCAST REQUEST] {"id":0,"src":"n4","dest":"n1","body":{"type":"broadcast","message":"2","msg_id":null}}
[BROADCAST REQUEST] {"id":0,"src":"n4","dest":"n5","body":{"type":"broadcast","message":"2","msg_id":null}}
[BROADCAST RESPONSE] {"src":"n4","dest":"c13","body":{"type":"broadcast_ok","in_reply_to":1,"msg_id":7}}
[RECEIVED] {"id":54,"src":"n1","dest":"n4","body":{"type":"broadcast","message":"2","msg_id":null}}
[MATCH] BroadcastBody
[BROADCAST RESPONSE] {"src":"n4","dest":"n1","body":{"type":"broadcast_ok","in_reply_to":0,"msg_id":8}}
[RECEIVED] {"id":57,"src":"n5","dest":"n4","body":{"type":"broadcast","message":"2","msg_id":null}}
[MATCH] BroadcastBody
[BROADCAST RESPONSE] {"src":"n4","dest":"n5","body":{"type":"broadcast_ok","in_reply_to":0,"msg_id":9}}
[RECEIVED] {"id":69,"src":"n1","dest":"n4","body":{"type":"broadcast","message":"3","msg_id":null}}
[MATCH] BroadcastBody
[INSIDE BROADCAST LOOP]
[BROADCAST REQUEST] {"id":0,"src":"n4","dest":"n1","body":{"type":"broadcast","message":"3","msg_id":null}}
[BROADCAST REQUEST] {"id":0,"src":"n4","dest":"n5","body":{"type":"broadcast","message":"3","msg_id":null}}
[BROADCAST RESPONSE] {"src":"n4","dest":"n1","body":{"type":"broadcast_ok","in_reply_to":0,"msg_id":10}}
[RECEIVED] {"id":79,"src":"n5","dest":"n4","body":{"type":"broadcast","message":"3","msg_id":null}}
[RECEIVED] {"id":80,"src":"n5","dest":"n4","body":{"type":"broadcast","message":"3","msg_id":null}}
[MATCH] BroadcastBody
[MATCH] BroadcastBody
[BROADCAST RESPONSE] {"src":"n4","dest":"n5","body":{"type":"broadcast_ok","in_reply_to":0,"msg_id":11}}
[BROADCAST RESPONSE] {"src":"n4","dest":"n5","body":{"type":"broadcast_ok","in_reply_to":0,"msg_id":12}}
[RECEIVED] {"id":83,"src":"n1","dest":"n4","body":{"type":"broadcast","message":"4","msg_id":null}}
[MATCH] BroadcastBody
[INSIDE BROADCAST LOOP]
[BROADCAST REQUEST] {"id":0,"src":"n4","dest":"n1","body":{"type":"broadcast","message":"4","msg_id":null}}
[BROADCAST REQUEST] {"id":0,"src":"n4","dest":"n5","body":{"type":"broadcast","message":"4","msg_id":null}}
[BROADCAST RESPONSE] {"src":"n4","dest":"n1","body":{"type":"broadcast_ok","in_reply_to":0,"msg_id":13}}
[RECEIVED] {"id":94,"src":"n5","dest":"n4","body":{"type":"broadcast","message":"4","msg_id":null}}
[RECEIVED] {"id":95,"src":"n5","dest":"n4","body":{"type":"broadcast","message":"4","msg_id":null}}
[MATCH] BroadcastBody
[MATCH] BroadcastBody
[BROADCAST RESPONSE] {"src":"n4","dest":"n5","body":{"type":"broadcast_ok","in_reply_to":0,"msg_id":14}}
[BROADCAST RESPONSE] {"src":"n4","dest":"n5","body":{"type":"broadcast_ok","in_reply_to":0,"msg_id":15}}
[RECEIVED] {"id":100,"src":"c13","dest":"n4","body":{"type":"read","msg_id":2}}
[MATCH] ReadBody
[READ RESPONSE] {"src":"n4","dest":"c13","body":{"type":"read_ok","messages":["4","4","4","3","3","3","2","2","2","1","1","0","0","0"],"in_reply_to":2,"msg_id":16}}
[RECEIVED] {"id":104,"src":"n5","dest":"n4","body":{"type":"broadcast","message":"5","msg_id":null}}
[MATCH] BroadcastBody
[INSIDE BROADCAST LOOP]
[BROADCAST REQUEST] {"id":0,"src":"n4","dest":"n1","body":{"type":"broadcast","message":"5","msg_id":null}}
[BROADCAST REQUEST] {"id":0,"src":"n4","dest":"n5","body":{"type":"broadcast","message":"5","msg_id":null}}
[BROADCAST RESPONSE] {"src":"n4","dest":"n5","body":{"type":"broadcast_ok","in_reply_to":0,"msg_id":17}}
[RECEIVED] {"id":112,"src":"n1","dest":"n4","body":{"type":"broadcast","message":"5","msg_id":null}}
[MATCH] BroadcastBody
[BROADCAST RESPONSE] {"src":"n4","dest":"n1","body":{"type":"broadcast_ok","in_reply_to":0,"msg_id":18}}
[RECEIVED] {"id":114,"src":"n1","dest":"n4","body":{"type":"broadcast","message":"5","msg_id":null}}
[MATCH] BroadcastBody
[BROADCAST RESPONSE] {"src":"n4","dest":"n1","body":{"type":"broadcast_ok","in_reply_to":0,"msg_id":19}}
[RECEIVED] {"id":117,"src":"n1","dest":"n4","body":{"type":"broadcast","message":"6","msg_id":null}}
[MATCH] BroadcastBody
[INSIDE BROADCAST LOOP]
[BROADCAST REQUEST] {"id":0,"src":"n4","dest":"n1","body":{"type":"broadcast","message":"6","msg_id":null}}
[BROADCAST REQUEST] {"id":0,"src":"n4","dest":"n5","body":{"type":"broadcast","message":"6","msg_id":null}}
[BROADCAST RESPONSE] {"src":"n4","dest":"n1","body":{"type":"broadcast_ok","in_reply_to":0,"msg_id":20}}
[RECEIVED] {"id":127,"src":"n5","dest":"n4","body":{"type":"broadcast","message":"6","msg_id":null}}
[MATCH] BroadcastBody
[RECEIVED] {"id":129,"src":"n5","dest":"n4","body":{"type":"broadcast","message":"6","msg_id":null}}
[BROADCAST RESPONSE] {"src":"n4","dest":"n5","body":{"type":"broadcast_ok","in_reply_to":0,"msg_id":21}}
[MATCH] BroadcastBody
[BROADCAST RESPONSE] {"src":"n4","dest":"n5","body":{"type":"broadcast_ok","in_reply_to":0,"msg_id":22}}
[RECEIVED] {"id":131,"src":"n1","dest":"n4","body":{"type":"broadcast","message":"7","msg_id":null}}
[MATCH] BroadcastBody
[INSIDE BROADCAST LOOP]
[BROADCAST REQUEST] {"id":0,"src":"n4","dest":"n1","body":{"type":"broadcast","message":"7","msg_id":null}}
[BROADCAST REQUEST] {"id":0,"src":"n4","dest":"n5","body":{"type":"broadcast","message":"7","msg_id":null}}
[BROADCAST RESPONSE] {"src":"n4","dest":"n1","body":{"type":"broadcast_ok","in_reply_to":0,"msg_id":23}}
[RECEIVED] {"id":140,"src":"n5","dest":"n4","body":{"type":"broadcast","message":"7","msg_id":null}}
[MATCH] BroadcastBody
[RECEIVED] {"id":143,"src":"n5","dest":"n4","body":{"type":"broadcast","message":"7","msg_id":null}}
[BROADCAST RESPONSE] {"src":"n4","dest":"n5","body":{"type":"broadcast_ok","in_reply_to":0,"msg_id":24}}
[MATCH] BroadcastBody
[BROADCAST RESPONSE] {"src":"n4","dest":"n5","body":{"type":"broadcast_ok","in_reply_to":0,"msg_id":25}}
[RECEIVED] {"id":150,"src":"n5","dest":"n4","body":{"type":"broadcast","message":"8","msg_id":null}}
[MATCH] BroadcastBody
[RECEIVED] {"id":152,"src":"n1","dest":"n4","body":{"type":"broadcast","message":"8","msg_id":null}}
[INSIDE BROADCAST LOOP]
[MATCH] BroadcastBody
[BROADCAST REQUEST] {"id":0,"src":"n4","dest":"n1","body":{"type":"broadcast","message":"8","msg_id":null}}
[INSIDE BROADCAST LOOP]
[BROADCAST REQUEST] {"id":0,"src":"n4","dest":"n1","body":{"type":"broadcast","message":"8","msg_id":null}}
[BROADCAST REQUEST] {"id":0,"src":"n4","dest":"n5","body":{"type":"broadcast","message":"8","msg_id":null}}
[BROADCAST REQUEST] {"id":0,"src":"n4","dest":"n5","body":{"type":"broadcast","message":"8","msg_id":null}}
[BROADCAST RESPONSE] {"src":"n4","dest":"n5","body":{"type":"broadcast_ok","in_reply_to":0,"msg_id":26}}
[BROADCAST RESPONSE] {"src":"n4","dest":"n1","body":{"type":"broadcast_ok","in_reply_to":0,"msg_id":27}}
[RECEIVED] {"id":165,"src":"n5","dest":"n4","body":{"type":"broadcast","message":"9","msg_id":null}}
[MATCH] BroadcastBody
[RECEIVED] {"id":166,"src":"n1","dest":"n4","body":{"type":"broadcast","message":"9","msg_id":null}}
[INSIDE BROADCAST LOOP]
[MATCH] BroadcastBody
[BROADCAST REQUEST] {"id":0,"src":"n4","dest":"n1","body":{"type":"broadcast","message":"9","msg_id":null}}
[INSIDE BROADCAST LOOP]
[BROADCAST REQUEST] {"id":0,"src":"n4","dest":"n1","body":{"type":"broadcast","message":"9","msg_id":null}}
[BROADCAST REQUEST] {"id":0,"src":"n4","dest":"n5","body":{"type":"broadcast","message":"9","msg_id":null}}
[BROADCAST REQUEST] {"id":0,"src":"n4","dest":"n5","body":{"type":"broadcast","message":"9","msg_id":null}}
[BROADCAST RESPONSE] {"src":"n4","dest":"n5","body":{"type":"broadcast_ok","in_reply_to":0,"msg_id":28}}
[BROADCAST RESPONSE] {"src":"n4","dest":"n1","body":{"type":"broadcast_ok","in_reply_to":0,"msg_id":29}}
[RECEIVED] {"id":172,"src":"c13","dest":"n4","body":{"type":"read","msg_id":3}}
[MATCH] ReadBody
[READ RESPONSE] {"src":"n4","dest":"c13","body":{"type":"read_ok","messages":["9","9","8","8","7","7","7","6","6","6","5","5","5","4","4","4","3","3","3","2","2","2","1","1","0","0","0"],"in_reply_to":3,"msg_id":30}}
[RECEIVED] {"id":179,"src":"n1","dest":"n4","body":{"type":"broadcast","message":"10","msg_id":null}}
[MATCH] BroadcastBody
[INSIDE BROADCAST LOOP]
[BROADCAST REQUEST] {"id":0,"src":"n4","dest":"n1","body":{"type":"broadcast","message":"10","msg_id":null}}
[BROADCAST REQUEST] {"id":0,"src":"n4","dest":"n5","body":{"type":"broadcast","message":"10","msg_id":null}}
[BROADCAST RESPONSE] {"src":"n4","dest":"n1","body":{"type":"broadcast_ok","in_reply_to":0,"msg_id":31}}
[RECEIVED] {"id":188,"src":"n5","dest":"n4","body":{"type":"broadcast","message":"10","msg_id":null}}
[MATCH] BroadcastBody
[BROADCAST RESPONSE] {"src":"n4","dest":"n5","body":{"type":"broadcast_ok","in_reply_to":0,"msg_id":32}}
[RECEIVED] {"id":191,"src":"n5","dest":"n4","body":{"type":"broadcast","message":"10","msg_id":null}}
[MATCH] BroadcastBody
[BROADCAST RESPONSE] {"src":"n4","dest":"n5","body":{"type":"broadcast_ok","in_reply_to":0,"msg_id":33}}
[RECEIVED] {"id":199,"src":"n5","dest":"n4","body":{"type":"broadcast","message":"11","msg_id":null}}
[RECEIVED] {"id":200,"src":"n1","dest":"n4","body":{"type":"broadcast","message":"11","msg_id":null}}
[MATCH] BroadcastBody
[MATCH] BroadcastBody
[INSIDE BROADCAST LOOP]
[INSIDE BROADCAST LOOP]
[BROADCAST REQUEST] {"id":0,"src":"n4","dest":"n1","body":{"type":"broadcast","message":"11","msg_id":null}}
[BROADCAST REQUEST] {"id":0,"src":"n4","dest":"n1","body":{"type":"broadcast","message":"11","msg_id":null}}
[BROADCAST REQUEST] {"id":0,"src":"n4","dest":"n5","body":{"type":"broadcast","message":"11","msg_id":null}}
[BROADCAST REQUEST] {"id":0,"src":"n4","dest":"n5","body":{"type":"broadcast","message":"11","msg_id":null}}
[BROADCAST RESPONSE] {"src":"n4","dest":"n5","body":{"type":"broadcast_ok","in_reply_to":0,"msg_id":34}}
[BROADCAST RESPONSE] {"src":"n4","dest":"n1","body":{"type":"broadcast_ok","in_reply_to":0,"msg_id":35}}
[RECEIVED] {"id":208,"src":"c13","dest":"n4","body":{"type":"broadcast","message":12,"msg_id":4}}
[MATCH] BroadcastBody
[INSIDE BROADCAST LOOP]
[BROADCAST REQUEST] {"id":0,"src":"n4","dest":"n1","body":{"type":"broadcast","message":"12","msg_id":null}}
[BROADCAST REQUEST] {"id":0,"src":"n4","dest":"n5","body":{"type":"broadcast","message":"12","msg_id":null}}
[BROADCAST RESPONSE] {"src":"n4","dest":"c13","body":{"type":"broadcast_ok","in_reply_to":4,"msg_id":36}}
[RECEIVED] {"id":212,"src":"n1","dest":"n4","body":{"type":"broadcast","message":"12","msg_id":null}}
[MATCH] BroadcastBody
[BROADCAST RESPONSE] {"src":"n4","dest":"n1","body":{"type":"broadcast_ok","in_reply_to":0,"msg_id":37}}
[RECEIVED] {"id":215,"src":"n5","dest":"n4","body":{"type":"broadcast","message":"12","msg_id":null}}
[MATCH] BroadcastBody
[BROADCAST RESPONSE] {"src":"n4","dest":"n5","body":{"type":"broadcast_ok","in_reply_to":0,"msg_id":38}}
[RECEIVED] {"id":227,"src":"n1","dest":"n4","body":{"type":"broadcast","message":"13","msg_id":null}}
[MATCH] BroadcastBody
[INSIDE BROADCAST LOOP]
[BROADCAST REQUEST] {"id":0,"src":"n4","dest":"n1","body":{"type":"broadcast","message":"13","msg_id":null}}
[BROADCAST REQUEST] {"id":0,"src":"n4","dest":"n5","body":{"type":"broadcast","message":"13","msg_id":null}}
[BROADCAST RESPONSE] {"src":"n4","dest":"n1","body":{"type":"broadcast_ok","in_reply_to":0,"msg_id":39}}
[RECEIVED] {"id":238,"src":"n5","dest":"n4","body":{"type":"broadcast","message":"13","msg_id":null}}
[RECEIVED] {"id":239,"src":"n5","dest":"n4","body":{"type":"broadcast","message":"13","msg_id":null}}
[MATCH] BroadcastBody
[MATCH] BroadcastBody
[BROADCAST RESPONSE] {"src":"n4","dest":"n5","body":{"type":"broadcast_ok","in_reply_to":0,"msg_id":40}}
[BROADCAST RESPONSE] {"src":"n4","dest":"n5","body":{"type":"broadcast_ok","in_reply_to":0,"msg_id":41}}
[RECEIVED] {"id":241,"src":"n1","dest":"n4","body":{"type":"broadcast","message":"14","msg_id":null}}
[MATCH] BroadcastBody
[INSIDE BROADCAST LOOP]
[BROADCAST REQUEST] {"id":0,"src":"n4","dest":"n1","body":{"type":"broadcast","message":"14","msg_id":null}}
[BROADCAST REQUEST] {"id":0,"src":"n4","dest":"n5","body":{"type":"broadcast","message":"14","msg_id":null}}
[BROADCAST RESPONSE] {"src":"n4","dest":"n1","body":{"type":"broadcast_ok","in_reply_to":0,"msg_id":42}}
[RECEIVED] {"id":252,"src":"n5","dest":"n4","body":{"type":"broadcast","message":"14","msg_id":null}}
[RECEIVED] {"id":253,"src":"n5","dest":"n4","body":{"type":"broadcast","message":"14","msg_id":null}}
[MATCH] BroadcastBody
[MATCH] BroadcastBody
[BROADCAST RESPONSE] {"src":"n4","dest":"n5","body":{"type":"broadcast_ok","in_reply_to":0,"msg_id":43}}
[BROADCAST RESPONSE] {"src":"n4","dest":"n5","body":{"type":"broadcast_ok","in_reply_to":0,"msg_id":44}}
[RECEIVED] {"id":261,"src":"n1","dest":"n4","body":{"type":"broadcast","message":"15","msg_id":null}}
[RECEIVED] {"id":262,"src":"n5","dest":"n4","body":{"type":"broadcast","message":"15","msg_id":null}}
[MATCH] BroadcastBody
[MATCH] BroadcastBody
[INSIDE BROADCAST LOOP]
[INSIDE BROADCAST LOOP]
[BROADCAST REQUEST] {"id":0,"src":"n4","dest":"n1","body":{"type":"broadcast","message":"15","msg_id":null}}
[BROADCAST REQUEST] {"id":0,"src":"n4","dest":"n1","body":{"type":"broadcast","message":"15","msg_id":null}}
[BROADCAST REQUEST] {"id":0,"src":"n4","dest":"n5","body":{"type":"broadcast","message":"15","msg_id":null}}
[BROADCAST REQUEST] {"id":0,"src":"n4","dest":"n5","body":{"type":"broadcast","message":"15","msg_id":null}}
[BROADCAST RESPONSE] {"src":"n4","dest":"n1","body":{"type":"broadcast_ok","in_reply_to":0,"msg_id":45}}
[BROADCAST RESPONSE] {"src":"n4","dest":"n5","body":{"type":"broadcast_ok","in_reply_to":0,"msg_id":46}}
[RECEIVED] {"id":275,"src":"n5","dest":"n4","body":{"type":"broadcast","message":"16","msg_id":null}}
[RECEIVED] {"id":276,"src":"n1","dest":"n4","body":{"type":"broadcast","message":"16","msg_id":null}}
[MATCH] BroadcastBody
[MATCH] BroadcastBody
[INSIDE BROADCAST LOOP]
[INSIDE BROADCAST LOOP]
[BROADCAST REQUEST] {"id":0,"src":"n4","dest":"n1","body":{"type":"broadcast","message":"16","msg_id":null}}
[BROADCAST REQUEST] {"id":0,"src":"n4","dest":"n1","body":{"type":"broadcast","message":"16","msg_id":null}}
[BROADCAST REQUEST] {"id":0,"src":"n4","dest":"n5","body":{"type":"broadcast","message":"16","msg_id":null}}
[BROADCAST REQUEST] {"id":0,"src":"n4","dest":"n5","body":{"type":"broadcast","message":"16","msg_id":null}}
[BROADCAST RESPONSE] {"src":"n4","dest":"n5","body":{"type":"broadcast_ok","in_reply_to":0,"msg_id":47}}
[BROADCAST RESPONSE] {"src":"n4","dest":"n1","body":{"type":"broadcast_ok","in_reply_to":0,"msg_id":48}}
[RECEIVED] {"id":282,"src":"c13","dest":"n4","body":{"type":"read","msg_id":5}}
[MATCH] ReadBody
[READ RESPONSE] {"src":"n4","dest":"c13","body":{"type":"read_ok","messages":["16","16","15","15","14","14","14","13","13","13","12","12","12","11","11","10","10","10","9","9","8","8","7","7","7","6","6","6","5","5","5","4","4","4","3","3","3","2","2","2","1","1","0","0","0"],"in_reply_to":5,"msg_id":49}}
[RECEIVED] {"id":289,"src":"n1","dest":"n4","body":{"type":"broadcast","message":"17","msg_id":null}}
[MATCH] BroadcastBody
[INSIDE BROADCAST LOOP]
[BROADCAST REQUEST] {"id":0,"src":"n4","dest":"n1","body":{"type":"broadcast","message":"17","msg_id":null}}
[BROADCAST REQUEST] {"id":0,"src":"n4","dest":"n5","body":{"type":"broadcast","message":"17","msg_id":null}}
[BROADCAST RESPONSE] {"src":"n4","dest":"n1","body":{"type":"broadcast_ok","in_reply_to":0,"msg_id":50}}
[RECEIVED] {"id":298,"src":"n5","dest":"n4","body":{"type":"broadcast","message":"17","msg_id":null}}
[MATCH] BroadcastBody
[BROADCAST RESPONSE] {"src":"n4","dest":"n5","body":{"type":"broadcast_ok","in_reply_to":0,"msg_id":51}}
[RECEIVED] {"id":300,"src":"n5","dest":"n4","body":{"type":"broadcast","message":"17","msg_id":null}}
[MATCH] BroadcastBody
[BROADCAST RESPONSE] {"src":"n4","dest":"n5","body":{"type":"broadcast_ok","in_reply_to":0,"msg_id":52}}
[RECEIVED] {"id":311,"src":"n5","dest":"n4","body":{"type":"broadcast","message":"18","msg_id":null}}
[MATCH] BroadcastBody
[RECEIVED] {"id":312,"src":"n1","dest":"n4","body":{"type":"broadcast","message":"18","msg_id":null}}
[INSIDE BROADCAST LOOP]
[MATCH] BroadcastBody
[BROADCAST REQUEST] {"id":0,"src":"n4","dest":"n1","body":{"type":"broadcast","message":"18","msg_id":null}}
[INSIDE BROADCAST LOOP]
[BROADCAST REQUEST] {"id":0,"src":"n4","dest":"n1","body":{"type":"broadcast","message":"18","msg_id":null}}
[BROADCAST REQUEST] {"id":0,"src":"n4","dest":"n5","body":{"type":"broadcast","message":"18","msg_id":null}}
[BROADCAST REQUEST] {"id":0,"src":"n4","dest":"n5","body":{"type":"broadcast","message":"18","msg_id":null}}
[BROADCAST RESPONSE] {"src":"n4","dest":"n5","body":{"type":"broadcast_ok","in_reply_to":0,"msg_id":53}}
[BROADCAST RESPONSE] {"src":"n4","dest":"n1","body":{"type":"broadcast_ok","in_reply_to":0,"msg_id":54}}
[RECEIVED] {"id":318,"src":"c13","dest":"n4","body":{"type":"broadcast","message":19,"msg_id":6}}
[MATCH] BroadcastBody
[INSIDE BROADCAST LOOP]
[BROADCAST REQUEST] {"id":0,"src":"n4","dest":"n1","body":{"type":"broadcast","message":"19","msg_id":null}}
[BROADCAST REQUEST] {"id":0,"src":"n4","dest":"n5","body":{"type":"broadcast","message":"19","msg_id":null}}
[BROADCAST RESPONSE] {"src":"n4","dest":"c13","body":{"type":"broadcast_ok","in_reply_to":6,"msg_id":55}}
[RECEIVED] {"id":322,"src":"n1","dest":"n4","body":{"type":"broadcast","message":"19","msg_id":null}}
[MATCH] BroadcastBody
[RECEIVED] {"id":325,"src":"n5","dest":"n4","body":{"type":"broadcast","message":"19","msg_id":null}}
[BROADCAST RESPONSE] {"src":"n4","dest":"n1","body":{"type":"broadcast_ok","in_reply_to":0,"msg_id":56}}
[MATCH] BroadcastBody
[BROADCAST RESPONSE] {"src":"n4","dest":"n5","body":{"type":"broadcast_ok","in_reply_to":0,"msg_id":57}}
[RECEIVED] {"id":344,"src":"c13","dest":"n4","body":{"type":"read","msg_id":7}}
[MATCH] ReadBody
[READ RESPONSE] {"src":"n4","dest":"c13","body":{"type":"read_ok","messages":["19","19","19","18","18","17","17","17","16","16","15","15","14","14","14","13","13","13","12","12","12","11","11","10","10","10","9","9","8","8","7","7","7","6","6","6","5","5","5","4","4","4","3","3","3","2","2","2","1","1","0","0","0"],"in_reply_to":7,"msg_id":58}}
[RECEIVED] {"id":356,"src":"c13","dest":"n4","body":{"type":"read","msg_id":8}}
[MATCH] ReadBody
[READ RESPONSE] {"src":"n4","dest":"c13","body":{"type":"read_ok","messages":["19","19","19","18","18","17","17","17","16","16","15","15","14","14","14","13","13","13","12","12","12","11","11","10","10","10","9","9","8","8","7","7","7","6","6","6","5","5","5","4","4","4","3","3","3","2","2","2","1","1","0","0","0"],"in_reply_to":8,"msg_id":59}}
[RECEIVED] {"id":358,"src":"c13","dest":"n4","body":{"type":"read","msg_id":9}}
[MATCH] ReadBody
[READ RESPONSE] {"src":"n4","dest":"c13","body":{"type":"read_ok","messages":["19","19","19","18","18","17","17","17","16","16","15","15","14","14","14","13","13","13","12","12","12","11","11","10","10","10","9","9","8","8","7","7","7","6","6","6","5","5","5","4","4","4","3","3","3","2","2","2","1","1","0","0","0"],"in_reply_to":9,"msg_id":60}}
