[RECEIVED] {"id":2,"src":"c2","dest":"n5","body":{"type":"init","node_id":"n5","node_ids":["n1","n2","n3","n4","n5"],"msg_id":1}}
[MATCH INIT]
[INIT] {"src":"n5","dest":"c2","body":{"type":"init_ok","in_reply_to":1,"msg_id":0}}
[RECEIVED] {"id":11,"src":"c5","dest":"n5","body":{"type":"topology","topology":{"n1":["n4","n2"],"n2":["n5","n3","n1"],"n3":["n2"],"n4":["n1","n5"],"n5":["n2","n4"]},"msg_id":1}}
[MATCH TOPOLOGY]
[TOPOLOGY] {"src":"n5","dest":"c5","body":{"type":"topology_ok","in_reply_to":1,"msg_id":1}}
[RECEIVED] {"id":27,"src":"n2","dest":"n5","body":{"type":"broadcast","message":"0","msg_id":null}}
[MATCH BROADCAST]
[BROADCAST REQUEST: n5 -> n2] {"id":0,"src":"n5","dest":"n2","body":{"type":"broadcast","message":"0","msg_id":null}}
[BROADCAST REQUEST: n5 -> n4] {"id":0,"src":"n5","dest":"n4","body":{"type":"broadcast","message":"0","msg_id":null}}
[RECEIVED] {"id":35,"src":"n4","dest":"n5","body":{"type":"broadcast","message":"0","msg_id":null}}
[MATCH BROADCAST]
[RECEIVED] {"id":38,"src":"c14","dest":"n5","body":{"type":"broadcast","message":1,"msg_id":1}}
[MATCH BROADCAST]
[BROADCAST REQUEST: n5 -> n2] {"id":0,"src":"n5","dest":"n2","body":{"type":"broadcast","message":"1","msg_id":null}}
[BROADCAST REQUEST: n5 -> n4] {"id":0,"src":"n5","dest":"n4","body":{"type":"broadcast","message":"1","msg_id":null}}
[BROADCAST] {"src":"n5","dest":"c14","body":{"type":"broadcast_ok","in_reply_to":1,"msg_id":4}}
[RECEIVED] {"id":42,"src":"n2","dest":"n5","body":{"type":"broadcast","message":"1","msg_id":null}}
[RECEIVED] {"id":44,"src":"n4","dest":"n5","body":{"type":"broadcast","message":"1","msg_id":null}}
[MATCH BROADCAST]
[MATCH BROADCAST]
[RECEIVED] {"id":59,"src":"n2","dest":"n5","body":{"type":"broadcast","message":"2","msg_id":null}}
[MATCH BROADCAST]
[BROADCAST REQUEST: n5 -> n2] {"id":0,"src":"n5","dest":"n2","body":{"type":"broadcast","message":"2","msg_id":null}}
[BROADCAST REQUEST: n5 -> n4] {"id":0,"src":"n5","dest":"n4","body":{"type":"broadcast","message":"2","msg_id":null}}
[RECEIVED] {"id":67,"src":"n4","dest":"n5","body":{"type":"broadcast","message":"2","msg_id":null}}
[MATCH BROADCAST]
[RECEIVED] {"id":70,"src":"n4","dest":"n5","body":{"type":"broadcast","message":"3","msg_id":null}}
[MATCH BROADCAST]
[BROADCAST REQUEST: n5 -> n2] {"id":0,"src":"n5","dest":"n2","body":{"type":"broadcast","message":"3","msg_id":null}}
[BROADCAST REQUEST: n5 -> n4] {"id":0,"src":"n5","dest":"n4","body":{"type":"broadcast","message":"3","msg_id":null}}
[RECEIVED] {"id":76,"src":"n2","dest":"n5","body":{"type":"broadcast","message":"3","msg_id":null}}
[MATCH BROADCAST]
[RECEIVED] {"id":80,"src":"c14","dest":"n5","body":{"type":"read","msg_id":2}}
[MATCH READ]
[READ] {"src":"n5","dest":"c14","body":{"type":"read_ok","messages":["0","1","2","3"],"in_reply_to":2,"msg_id":11}}
[RECEIVED] {"id":87,"src":"n4","dest":"n5","body":{"type":"broadcast","message":"4","msg_id":null}}
[MATCH BROADCAST]
[BROADCAST REQUEST: n5 -> n2] {"id":0,"src":"n5","dest":"n2","body":{"type":"broadcast","message":"4","msg_id":null}}
[BROADCAST REQUEST: n5 -> n4] {"id":0,"src":"n5","dest":"n4","body":{"type":"broadcast","message":"4","msg_id":null}}
[RECEIVED] {"id":91,"src":"n2","dest":"n5","body":{"type":"broadcast","message":"4","msg_id":null}}
[MATCH BROADCAST]
[RECEIVED] {"id":101,"src":"n2","dest":"n5","body":{"type":"broadcast","message":"5","msg_id":null}}
[MATCH BROADCAST]
[BROADCAST REQUEST: n5 -> n2] {"id":0,"src":"n5","dest":"n2","body":{"type":"broadcast","message":"5","msg_id":null}}
[BROADCAST REQUEST: n5 -> n4] {"id":0,"src":"n5","dest":"n4","body":{"type":"broadcast","message":"5","msg_id":null}}
[RECEIVED] {"id":109,"src":"n4","dest":"n5","body":{"type":"broadcast","message":"5","msg_id":null}}
[MATCH BROADCAST]
[RECEIVED] {"id":112,"src":"n4","dest":"n5","body":{"type":"broadcast","message":"6","msg_id":null}}
[MATCH BROADCAST]
[BROADCAST REQUEST: n5 -> n2] {"id":0,"src":"n5","dest":"n2","body":{"type":"broadcast","message":"6","msg_id":null}}
[BROADCAST REQUEST: n5 -> n4] {"id":0,"src":"n5","dest":"n4","body":{"type":"broadcast","message":"6","msg_id":null}}
[RECEIVED] {"id":118,"src":"n2","dest":"n5","body":{"type":"broadcast","message":"6","msg_id":null}}
[MATCH BROADCAST]
[RECEIVED] {"id":122,"src":"c14","dest":"n5","body":{"type":"broadcast","message":7,"msg_id":3}}
[MATCH BROADCAST]
[BROADCAST REQUEST: n5 -> n2] {"id":0,"src":"n5","dest":"n2","body":{"type":"broadcast","message":"7","msg_id":null}}
[BROADCAST REQUEST: n5 -> n4] {"id":0,"src":"n5","dest":"n4","body":{"type":"broadcast","message":"7","msg_id":null}}
[BROADCAST] {"src":"n5","dest":"c14","body":{"type":"broadcast_ok","in_reply_to":3,"msg_id":18}}
[RECEIVED] {"id":126,"src":"n2","dest":"n5","body":{"type":"broadcast","message":"7","msg_id":null}}
[MATCH BROADCAST]
[RECEIVED] {"id":130,"src":"n4","dest":"n5","body":{"type":"broadcast","message":"7","msg_id":null}}
[MATCH BROADCAST]
[RECEIVED] {"id":138,"src":"n2","dest":"n5","body":{"type":"broadcast","message":"8","msg_id":null}}
[RECEIVED] {"id":140,"src":"n4","dest":"n5","body":{"type":"broadcast","message":"8","msg_id":null}}
[MATCH BROADCAST]
[MATCH BROADCAST]
[BROADCAST REQUEST: n5 -> n2] {"id":0,"src":"n5","dest":"n2","body":{"type":"broadcast","message":"8","msg_id":null}}
[BROADCAST REQUEST: n5 -> n4] {"id":0,"src":"n5","dest":"n4","body":{"type":"broadcast","message":"8","msg_id":null}}
[RECEIVED] {"id":149,"src":"n4","dest":"n5","body":{"type":"broadcast","message":"9","msg_id":null}}
[MATCH BROADCAST]
[BROADCAST REQUEST: n5 -> n2] {"id":0,"src":"n5","dest":"n2","body":{"type":"broadcast","message":"9","msg_id":null}}
[BROADCAST REQUEST: n5 -> n4] {"id":0,"src":"n5","dest":"n4","body":{"type":"broadcast","message":"9","msg_id":null}}
[RECEIVED] {"id":153,"src":"n2","dest":"n5","body":{"type":"broadcast","message":"9","msg_id":null}}
[MATCH BROADCAST]
[RECEIVED] {"id":159,"src":"n2","dest":"n5","body":{"type":"broadcast","message":"10","msg_id":null}}
[MATCH BROADCAST]
[BROADCAST REQUEST: n5 -> n2] {"id":0,"src":"n5","dest":"n2","body":{"type":"broadcast","message":"10","msg_id":null}}
[BROADCAST REQUEST: n5 -> n4] {"id":0,"src":"n5","dest":"n4","body":{"type":"broadcast","message":"10","msg_id":null}}
[RECEIVED] {"id":169,"src":"n4","dest":"n5","body":{"type":"broadcast","message":"10","msg_id":null}}
[MATCH BROADCAST]
[RECEIVED] {"id":174,"src":"n4","dest":"n5","body":{"type":"broadcast","message":"11","msg_id":null}}
[MATCH BROADCAST]
[BROADCAST REQUEST: n5 -> n2] {"id":0,"src":"n5","dest":"n2","body":{"type":"broadcast","message":"11","msg_id":null}}
[BROADCAST REQUEST: n5 -> n4] {"id":0,"src":"n5","dest":"n4","body":{"type":"broadcast","message":"11","msg_id":null}}
[RECEIVED] {"id":178,"src":"n2","dest":"n5","body":{"type":"broadcast","message":"11","msg_id":null}}
[MATCH BROADCAST]
[RECEIVED] {"id":184,"src":"c14","dest":"n5","body":{"type":"broadcast","message":12,"msg_id":4}}
[MATCH BROADCAST]
[BROADCAST REQUEST: n5 -> n2] {"id":0,"src":"n5","dest":"n2","body":{"type":"broadcast","message":"12","msg_id":null}}
[BROADCAST REQUEST: n5 -> n4] {"id":0,"src":"n5","dest":"n4","body":{"type":"broadcast","message":"12","msg_id":null}}
[BROADCAST] {"src":"n5","dest":"c14","body":{"type":"broadcast_ok","in_reply_to":4,"msg_id":29}}
[RECEIVED] {"id":190,"src":"n4","dest":"n5","body":{"type":"broadcast","message":"12","msg_id":null}}
[MATCH BROADCAST]
[RECEIVED] {"id":191,"src":"n2","dest":"n5","body":{"type":"broadcast","message":"12","msg_id":null}}
[MATCH BROADCAST]
[RECEIVED] {"id":201,"src":"n4","dest":"n5","body":{"type":"broadcast","message":"13","msg_id":null}}
[MATCH BROADCAST]
[BROADCAST REQUEST: n5 -> n2] {"id":0,"src":"n5","dest":"n2","body":{"type":"broadcast","message":"13","msg_id":null}}
[RECEIVED] {"id":202,"src":"n2","dest":"n5","body":{"type":"broadcast","message":"13","msg_id":null}}
[BROADCAST REQUEST: n5 -> n4] {"id":0,"src":"n5","dest":"n4","body":{"type":"broadcast","message":"13","msg_id":null}}
[MATCH BROADCAST]
[RECEIVED] {"id":213,"src":"n4","dest":"n5","body":{"type":"broadcast","message":"14","msg_id":null}}
[MATCH BROADCAST]
[BROADCAST REQUEST: n5 -> n2] {"id":0,"src":"n5","dest":"n2","body":{"type":"broadcast","message":"14","msg_id":null}}
[BROADCAST REQUEST: n5 -> n4] {"id":0,"src":"n5","dest":"n4","body":{"type":"broadcast","message":"14","msg_id":null}}
[RECEIVED] {"id":216,"src":"n2","dest":"n5","body":{"type":"broadcast","message":"14","msg_id":null}}
[MATCH BROADCAST]
[RECEIVED] {"id":226,"src":"c14","dest":"n5","body":{"type":"read","msg_id":5}}
[MATCH READ]
[READ] {"src":"n5","dest":"c14","body":{"type":"read_ok","messages":["0","1","10","11","12","13","14","2","3","4","5","6","7","8","9"],"in_reply_to":5,"msg_id":36}}
[RECEIVED] {"id":233,"src":"n2","dest":"n5","body":{"type":"broadcast","message":"15","msg_id":null}}
[MATCH BROADCAST]
[BROADCAST REQUEST: n5 -> n2] {"id":0,"src":"n5","dest":"n2","body":{"type":"broadcast","message":"15","msg_id":null}}
[BROADCAST REQUEST: n5 -> n4] {"id":0,"src":"n5","dest":"n4","body":{"type":"broadcast","message":"15","msg_id":null}}
[RECEIVED] {"id":239,"src":"n4","dest":"n5","body":{"type":"broadcast","message":"15","msg_id":null}}
[MATCH BROADCAST]
[RECEIVED] {"id":243,"src":"n2","dest":"n5","body":{"type":"broadcast","message":"16","msg_id":null}}
[MATCH BROADCAST]
[BROADCAST REQUEST: n5 -> n2] {"id":0,"src":"n5","dest":"n2","body":{"type":"broadcast","message":"16","msg_id":null}}
[BROADCAST REQUEST: n5 -> n4] {"id":0,"src":"n5","dest":"n4","body":{"type":"broadcast","message":"16","msg_id":null}}
[RECEIVED] {"id":253,"src":"n4","dest":"n5","body":{"type":"broadcast","message":"16","msg_id":null}}
[MATCH BROADCAST]
[RECEIVED] {"id":257,"src":"n2","dest":"n5","body":{"type":"broadcast","message":"17","msg_id":null}}
[MATCH BROADCAST]
[BROADCAST REQUEST: n5 -> n2] {"id":0,"src":"n5","dest":"n2","body":{"type":"broadcast","message":"17","msg_id":null}}
[BROADCAST REQUEST: n5 -> n4] {"id":0,"src":"n5","dest":"n4","body":{"type":"broadcast","message":"17","msg_id":null}}
[RECEIVED] {"id":265,"src":"n4","dest":"n5","body":{"type":"broadcast","message":"17","msg_id":null}}
[MATCH BROADCAST]
[RECEIVED] {"id":268,"src":"c14","dest":"n5","body":{"type":"read","msg_id":6}}
[MATCH READ]
[READ] {"src":"n5","dest":"c14","body":{"type":"read_ok","messages":["0","1","10","11","12","13","14","15","16","17","2","3","4","5","6","7","8","9"],"in_reply_to":6,"msg_id":43}}
[RECEIVED] {"id":274,"src":"n4","dest":"n5","body":{"type":"broadcast","message":"18","msg_id":null}}
[RECEIVED] {"id":275,"src":"n2","dest":"n5","body":{"type":"broadcast","message":"18","msg_id":null}}
[MATCH BROADCAST]
[MATCH BROADCAST]
[BROADCAST REQUEST: n5 -> n2] {"id":0,"src":"n5","dest":"n2","body":{"type":"broadcast","message":"18","msg_id":null}}
[BROADCAST REQUEST: n5 -> n4] {"id":0,"src":"n5","dest":"n4","body":{"type":"broadcast","message":"18","msg_id":null}}
[RECEIVED] {"id":289,"src":"n2","dest":"n5","body":{"type":"broadcast","message":"19","msg_id":null}}
[MATCH BROADCAST]
[BROADCAST REQUEST: n5 -> n2] {"id":0,"src":"n5","dest":"n2","body":{"type":"broadcast","message":"19","msg_id":null}}
[BROADCAST REQUEST: n5 -> n4] {"id":0,"src":"n5","dest":"n4","body":{"type":"broadcast","message":"19","msg_id":null}}
[RECEIVED] {"id":297,"src":"n4","dest":"n5","body":{"type":"broadcast","message":"19","msg_id":null}}
[MATCH BROADCAST]
[RECEIVED] {"id":300,"src":"n4","dest":"n5","body":{"type":"broadcast","message":"20","msg_id":null}}
[MATCH BROADCAST]
[BROADCAST REQUEST: n5 -> n2] {"id":0,"src":"n5","dest":"n2","body":{"type":"broadcast","message":"20","msg_id":null}}
[BROADCAST REQUEST: n5 -> n4] {"id":0,"src":"n5","dest":"n4","body":{"type":"broadcast","message":"20","msg_id":null}}
[RECEIVED] {"id":306,"src":"n2","dest":"n5","body":{"type":"broadcast","message":"20","msg_id":null}}
[MATCH BROADCAST]
[RECEIVED] {"id":310,"src":"c14","dest":"n5","body":{"type":"broadcast","message":21,"msg_id":7}}
[MATCH BROADCAST]
[BROADCAST REQUEST: n5 -> n2] {"id":0,"src":"n5","dest":"n2","body":{"type":"broadcast","message":"21","msg_id":null}}
[BROADCAST REQUEST: n5 -> n4] {"id":0,"src":"n5","dest":"n4","body":{"type":"broadcast","message":"21","msg_id":null}}
[BROADCAST] {"src":"n5","dest":"c14","body":{"type":"broadcast_ok","in_reply_to":7,"msg_id":50}}
[RECEIVED] {"id":314,"src":"n2","dest":"n5","body":{"type":"broadcast","message":"21","msg_id":null}}
[MATCH BROADCAST]
[RECEIVED] {"id":318,"src":"n4","dest":"n5","body":{"type":"broadcast","message":"21","msg_id":null}}
[MATCH BROADCAST]
[RECEIVED] {"id":327,"src":"n2","dest":"n5","body":{"type":"broadcast","message":"22","msg_id":null}}
[MATCH BROADCAST]
[BROADCAST REQUEST: n5 -> n2] {"id":0,"src":"n5","dest":"n2","body":{"type":"broadcast","message":"22","msg_id":null}}
[BROADCAST REQUEST: n5 -> n4] {"id":0,"src":"n5","dest":"n4","body":{"type":"broadcast","message":"22","msg_id":null}}
[RECEIVED] {"id":337,"src":"n4","dest":"n5","body":{"type":"broadcast","message":"22","msg_id":null}}
[MATCH BROADCAST]
[RECEIVED] {"id":341,"src":"n2","dest":"n5","body":{"type":"broadcast","message":"23","msg_id":null}}
[MATCH BROADCAST]
[BROADCAST REQUEST: n5 -> n2] {"id":0,"src":"n5","dest":"n2","body":{"type":"broadcast","message":"23","msg_id":null}}
[BROADCAST REQUEST: n5 -> n4] {"id":0,"src":"n5","dest":"n4","body":{"type":"broadcast","message":"23","msg_id":null}}
[RECEIVED] {"id":349,"src":"n4","dest":"n5","body":{"type":"broadcast","message":"23","msg_id":null}}
[MATCH BROADCAST]
[RECEIVED] {"id":352,"src":"c14","dest":"n5","body":{"type":"read","msg_id":8}}
[MATCH READ]
[READ] {"src":"n5","dest":"c14","body":{"type":"read_ok","messages":["0","1","10","11","12","13","14","15","16","17","18","19","2","20","21","22","23","3","4","5","6","7","8","9"],"in_reply_to":8,"msg_id":57}}
