2025-06-02 13:01:01,258{GMT}	INFO	[jepsen test runner] jepsen.core: Test version 979cec7719eb53217b758a589bde94e8412a4326 (plus uncommitted changes)
2025-06-02 13:01:01,259{GMT}	INFO	[jepsen test runner] jepsen.core: Command line:
lein run test -w unique-ids --bin self/server/_build/default/bin/main.exe --time-limit 5 --rate 10
2025-06-02 13:01:01,280{GMT}	INFO	[jepsen test runner] jepsen.core: Running test:
{:args []
 :remote
 #jepsen.control.retry.Remote{:remote #jepsen.control.scp.Remote{:cmd-remote #jepsen.control.sshj.SSHJRemote{:concurrency-limit 6,
                                                                                                             :conn-spec nil,
                                                                                                             :client nil,
                                                                                                             :semaphore nil},
                                                                 :conn-spec nil},
                              :conn nil}
 :log-net-send false
 :node-count nil
 :availability nil
 :max-txn-length 4
 :concurrency 5
 :db
 #object[maelstrom.db$db$reify__16612
         "0xecd3a9b"
         "maelstrom.db$db$reify__16612@ecd3a9b"]
 :max-writes-per-key 16
 :leave-db-running? false
 :name "unique-ids"
 :logging-json? false
 :start-time
 #object[org.joda.time.DateTime "0x354d5692" "2025-06-02T13:01:01.232-04:00"]
 :nemesis-interval 10
 :net
 #object[maelstrom.net$jepsen_net$reify__15721
         "0x5c4f07c1"
         "maelstrom.net$jepsen_net$reify__15721@5c4f07c1"]
 :client
 #object[maelstrom.workload.unique_ids$client$reify__21401
         "0x15a8b228"
         "maelstrom.workload.unique_ids$client$reify__21401@15a8b228"]
 :barrier
 #object[java.util.concurrent.CyclicBarrier
         "0x5a69f1ef"
         "java.util.concurrent.CyclicBarrier@5a69f1ef"]
 :log-stderr false
 :pure-generators true
 :ssh {:dummy? true}
 :rate 10.0
 :checker
 #object[jepsen.checker$compose$reify__11089
         "0x54fd5f6"
         "jepsen.checker$compose$reify__11089@54fd5f6"]
 :argv
 ("test"
  "-w"
  "unique-ids"
  "--bin"
  "self/server/_build/default/bin/main.exe"
  "--time-limit"
  "5"
  "--rate"
  "10")
 :nemesis
 (jepsen.nemesis.ReflCompose
  {:fm {:start-partition 0,
        :stop-partition 0,
        :kill 1,
        :start 1,
        :pause 1,
        :resume 1},
   :nemeses [#unprintable "jepsen.nemesis.combined$partition_nemesis$reify__16905@219aab91"
             #unprintable "jepsen.nemesis.combined$db_nemesis$reify__16886@71737478"]})
 :nodes ["n1" "n2" "n3" "n4" "n5"]
 :test-count 1
 :latency {:mean 0, :dist :constant}
 :bin "self/server/_build/default/bin/main.exe"
 :generator
 #object[jepsen.util.Forgettable
         "0x1f299fc3"
         (jepsen.generator.TimeLimit
          {:limit 5000000000,
           :cutoff nil,
           :gen (jepsen.generator.Any
                 {:gens [(jepsen.generator.OnThreads
                          {:f #{:nemesis},
                           :context-filter #object[jepsen.generator.context$make_thread_filter$lazy_filter__12077
                                                   "0x4c18b432"
                                                   "jepsen.generator.context$make_thread_filter$lazy_filter__12077@4c18b432"],
                           :gen nil})
                         (jepsen.generator.OnThreads
                          {:f #jepsen.generator.context.AllBut{:element :nemesis},
                           :context-filter #object[jepsen.generator.context$make_thread_filter$lazy_filter__12077
                                                   "0x4b954cbb"
                                                   "jepsen.generator.context$make_thread_filter$lazy_filter__12077@4b954cbb"],
                           :gen (jepsen.generator.Stagger
                                 {:dt 200000000,
                                  :next-time nil,
                                  :gen (jepsen.generator.Repeat
                                        {:remaining -1, :gen {:f :generate}})})})]})})]
 :log-net-recv false
 :os
 #object[maelstrom.net$jepsen_os$reify__15724
         "0xbec2d81"
         "maelstrom.net$jepsen_os$reify__15724@bec2d81"]
 :time-limit 5
 :workload :unique-ids
 :consistency-models [:strict-serializable]
 :topology :grid}

2025-06-02 13:01:02,092{GMT}	INFO	[jepsen node n1] maelstrom.net: Starting Maelstrom network
2025-06-02 13:01:02,092{GMT}	INFO	[jepsen test runner] jepsen.db: Tearing down DB
2025-06-02 13:01:02,093{GMT}	INFO	[jepsen test runner] jepsen.db: Setting up DB
2025-06-02 13:01:02,093{GMT}	INFO	[jepsen node n3] maelstrom.db: Setting up n3
2025-06-02 13:01:02,093{GMT}	INFO	[jepsen node n4] maelstrom.db: Setting up n4
2025-06-02 13:01:02,093{GMT}	INFO	[jepsen node n2] maelstrom.db: Setting up n2
2025-06-02 13:01:02,093{GMT}	INFO	[jepsen node n5] maelstrom.db: Setting up n5
2025-06-02 13:01:02,093{GMT}	INFO	[jepsen node n4] maelstrom.process: launching self/server/_build/default/bin/main.exe []
2025-06-02 13:01:02,093{GMT}	INFO	[jepsen node n5] maelstrom.process: launching self/server/_build/default/bin/main.exe []
2025-06-02 13:01:02,093{GMT}	INFO	[jepsen node n3] maelstrom.process: launching self/server/_build/default/bin/main.exe []
2025-06-02 13:01:02,094{GMT}	INFO	[jepsen node n2] maelstrom.process: launching self/server/_build/default/bin/main.exe []
2025-06-02 13:01:02,094{GMT}	INFO	[jepsen node n1] maelstrom.service: Starting services: (lin-kv lin-tso lww-kv seq-kv)
2025-06-02 13:01:02,094{GMT}	INFO	[jepsen node n1] maelstrom.db: Setting up n1
2025-06-02 13:01:02,095{GMT}	INFO	[jepsen node n1] maelstrom.process: launching self/server/_build/default/bin/main.exe []
2025-06-02 13:01:10,925{GMT}	INFO	[jepsen test runner] jepsen.core: Relative time begins now
2025-06-02 13:01:10,956{GMT}	INFO	[jepsen worker 0] jepsen.util: 0	:invoke	:generate	nil
2025-06-02 13:01:10,959{GMT}	INFO	[jepsen worker 0] jepsen.util: 0	:ok	:generate	"n11"
2025-06-02 13:01:11,147{GMT}	INFO	[jepsen worker 1] jepsen.util: 1	:invoke	:generate	nil
2025-06-02 13:01:11,150{GMT}	INFO	[jepsen worker 1] jepsen.util: 1	:ok	:generate	"n21"
2025-06-02 13:01:11,252{GMT}	INFO	[jepsen worker 2] jepsen.util: 2	:invoke	:generate	nil
2025-06-02 13:01:11,256{GMT}	INFO	[jepsen worker 2] jepsen.util: 2	:ok	:generate	"n31"
2025-06-02 13:01:11,422{GMT}	INFO	[jepsen worker 3] jepsen.util: 3	:invoke	:generate	nil
2025-06-02 13:01:11,427{GMT}	INFO	[jepsen worker 3] jepsen.util: 3	:ok	:generate	"n41"
2025-06-02 13:01:11,610{GMT}	INFO	[jepsen worker 4] jepsen.util: 4	:invoke	:generate	nil
2025-06-02 13:01:11,616{GMT}	INFO	[jepsen worker 4] jepsen.util: 4	:ok	:generate	"n51"
2025-06-02 13:01:11,732{GMT}	INFO	[jepsen worker 0] jepsen.util: 0	:invoke	:generate	nil
2025-06-02 13:01:11,735{GMT}	INFO	[jepsen worker 0] jepsen.util: 0	:ok	:generate	"n12"
2025-06-02 13:01:11,851{GMT}	INFO	[jepsen worker 0] jepsen.util: 0	:invoke	:generate	nil
2025-06-02 13:01:11,853{GMT}	INFO	[jepsen worker 0] jepsen.util: 0	:ok	:generate	"n13"
2025-06-02 13:01:12,009{GMT}	INFO	[jepsen worker 1] jepsen.util: 1	:invoke	:generate	nil
2025-06-02 13:01:12,011{GMT}	INFO	[jepsen worker 1] jepsen.util: 1	:ok	:generate	"n22"
2025-06-02 13:01:12,180{GMT}	INFO	[jepsen worker 2] jepsen.util: 2	:invoke	:generate	nil
2025-06-02 13:01:12,183{GMT}	INFO	[jepsen worker 2] jepsen.util: 2	:ok	:generate	"n32"
2025-06-02 13:01:12,317{GMT}	INFO	[jepsen worker 3] jepsen.util: 3	:invoke	:generate	nil
2025-06-02 13:01:12,320{GMT}	INFO	[jepsen worker 3] jepsen.util: 3	:ok	:generate	"n42"
2025-06-02 13:01:12,431{GMT}	INFO	[jepsen worker 4] jepsen.util: 4	:invoke	:generate	nil
2025-06-02 13:01:12,434{GMT}	INFO	[jepsen worker 4] jepsen.util: 4	:ok	:generate	"n52"
2025-06-02 13:01:12,452{GMT}	INFO	[jepsen worker 0] jepsen.util: 0	:invoke	:generate	nil
2025-06-02 13:01:12,455{GMT}	INFO	[jepsen worker 0] jepsen.util: 0	:ok	:generate	"n14"
2025-06-02 13:01:12,483{GMT}	INFO	[jepsen worker 0] jepsen.util: 0	:invoke	:generate	nil
2025-06-02 13:01:12,485{GMT}	INFO	[jepsen worker 0] jepsen.util: 0	:ok	:generate	"n15"
2025-06-02 13:01:12,680{GMT}	INFO	[jepsen worker 1] jepsen.util: 1	:invoke	:generate	nil
2025-06-02 13:01:12,684{GMT}	INFO	[jepsen worker 1] jepsen.util: 1	:ok	:generate	"n23"
2025-06-02 13:01:12,863{GMT}	INFO	[jepsen worker 2] jepsen.util: 2	:invoke	:generate	nil
2025-06-02 13:01:12,864{GMT}	INFO	[jepsen worker 2] jepsen.util: 2	:ok	:generate	"n33"
2025-06-02 13:01:12,895{GMT}	INFO	[jepsen worker 3] jepsen.util: 3	:invoke	:generate	nil
2025-06-02 13:01:12,896{GMT}	INFO	[jepsen worker 3] jepsen.util: 3	:ok	:generate	"n43"
2025-06-02 13:01:12,961{GMT}	INFO	[jepsen worker 4] jepsen.util: 4	:invoke	:generate	nil
2025-06-02 13:01:12,963{GMT}	INFO	[jepsen worker 4] jepsen.util: 4	:ok	:generate	"n53"
2025-06-02 13:01:13,028{GMT}	INFO	[jepsen worker 0] jepsen.util: 0	:invoke	:generate	nil
2025-06-02 13:01:13,030{GMT}	INFO	[jepsen worker 0] jepsen.util: 0	:ok	:generate	"n16"
2025-06-02 13:01:13,140{GMT}	INFO	[jepsen worker 0] jepsen.util: 0	:invoke	:generate	nil
2025-06-02 13:01:13,141{GMT}	INFO	[jepsen worker 0] jepsen.util: 0	:ok	:generate	"n17"
2025-06-02 13:01:13,174{GMT}	INFO	[jepsen worker 1] jepsen.util: 1	:invoke	:generate	nil
2025-06-02 13:01:13,175{GMT}	INFO	[jepsen worker 1] jepsen.util: 1	:ok	:generate	"n24"
2025-06-02 13:01:13,180{GMT}	INFO	[jepsen worker 2] jepsen.util: 2	:invoke	:generate	nil
2025-06-02 13:01:13,181{GMT}	INFO	[jepsen worker 2] jepsen.util: 2	:ok	:generate	"n34"
2025-06-02 13:01:13,321{GMT}	INFO	[jepsen worker 3] jepsen.util: 3	:invoke	:generate	nil
2025-06-02 13:01:13,322{GMT}	INFO	[jepsen worker 3] jepsen.util: 3	:ok	:generate	"n44"
2025-06-02 13:01:13,487{GMT}	INFO	[jepsen worker 4] jepsen.util: 4	:invoke	:generate	nil
2025-06-02 13:01:13,489{GMT}	INFO	[jepsen worker 4] jepsen.util: 4	:ok	:generate	"n54"
2025-06-02 13:01:13,685{GMT}	INFO	[jepsen worker 0] jepsen.util: 0	:invoke	:generate	nil
2025-06-02 13:01:13,687{GMT}	INFO	[jepsen worker 0] jepsen.util: 0	:ok	:generate	"n18"
2025-06-02 13:01:13,822{GMT}	INFO	[jepsen worker 0] jepsen.util: 0	:invoke	:generate	nil
2025-06-02 13:01:13,824{GMT}	INFO	[jepsen worker 0] jepsen.util: 0	:ok	:generate	"n19"
2025-06-02 13:01:13,901{GMT}	INFO	[jepsen worker 1] jepsen.util: 1	:invoke	:generate	nil
2025-06-02 13:01:13,904{GMT}	INFO	[jepsen worker 1] jepsen.util: 1	:ok	:generate	"n25"
2025-06-02 13:01:14,072{GMT}	INFO	[jepsen worker 2] jepsen.util: 2	:invoke	:generate	nil
2025-06-02 13:01:14,074{GMT}	INFO	[jepsen worker 2] jepsen.util: 2	:ok	:generate	"n35"
2025-06-02 13:01:14,092{GMT}	INFO	[jepsen worker 3] jepsen.util: 3	:invoke	:generate	nil
2025-06-02 13:01:14,094{GMT}	INFO	[jepsen worker 3] jepsen.util: 3	:ok	:generate	"n45"
2025-06-02 13:01:14,174{GMT}	INFO	[jepsen worker 4] jepsen.util: 4	:invoke	:generate	nil
2025-06-02 13:01:14,176{GMT}	INFO	[jepsen worker 4] jepsen.util: 4	:ok	:generate	"n55"
2025-06-02 13:01:14,216{GMT}	INFO	[jepsen worker 0] jepsen.util: 0	:invoke	:generate	nil
2025-06-02 13:01:14,217{GMT}	INFO	[jepsen worker 0] jepsen.util: 0	:ok	:generate	"n110"
2025-06-02 13:01:14,328{GMT}	INFO	[jepsen worker 0] jepsen.util: 0	:invoke	:generate	nil
2025-06-02 13:01:14,330{GMT}	INFO	[jepsen worker 0] jepsen.util: 0	:ok	:generate	"n111"
2025-06-02 13:01:14,348{GMT}	INFO	[jepsen worker 1] jepsen.util: 1	:invoke	:generate	nil
2025-06-02 13:01:14,350{GMT}	INFO	[jepsen worker 1] jepsen.util: 1	:ok	:generate	"n26"
2025-06-02 13:01:14,356{GMT}	INFO	[jepsen worker 2] jepsen.util: 2	:invoke	:generate	nil
2025-06-02 13:01:14,357{GMT}	INFO	[jepsen worker 2] jepsen.util: 2	:ok	:generate	"n36"
2025-06-02 13:01:14,532{GMT}	INFO	[jepsen worker 3] jepsen.util: 3	:invoke	:generate	nil
2025-06-02 13:01:14,535{GMT}	INFO	[jepsen worker 3] jepsen.util: 3	:ok	:generate	"n46"
2025-06-02 13:01:14,557{GMT}	INFO	[jepsen worker 4] jepsen.util: 4	:invoke	:generate	nil
2025-06-02 13:01:14,559{GMT}	INFO	[jepsen worker 4] jepsen.util: 4	:ok	:generate	"n56"
2025-06-02 13:01:14,601{GMT}	INFO	[jepsen worker 0] jepsen.util: 0	:invoke	:generate	nil
2025-06-02 13:01:14,604{GMT}	INFO	[jepsen worker 0] jepsen.util: 0	:ok	:generate	"n112"
2025-06-02 13:01:14,715{GMT}	INFO	[jepsen worker 0] jepsen.util: 0	:invoke	:generate	nil
2025-06-02 13:01:14,719{GMT}	INFO	[jepsen worker 0] jepsen.util: 0	:ok	:generate	"n113"
2025-06-02 13:01:14,783{GMT}	INFO	[jepsen worker 1] jepsen.util: 1	:invoke	:generate	nil
2025-06-02 13:01:14,787{GMT}	INFO	[jepsen worker 1] jepsen.util: 1	:ok	:generate	"n27"
2025-06-02 13:01:14,951{GMT}	INFO	[jepsen worker 2] jepsen.util: 2	:invoke	:generate	nil
2025-06-02 13:01:14,955{GMT}	INFO	[jepsen worker 2] jepsen.util: 2	:ok	:generate	"n37"
2025-06-02 13:01:14,986{GMT}	INFO	[jepsen worker 3] jepsen.util: 3	:invoke	:generate	nil
2025-06-02 13:01:14,990{GMT}	INFO	[jepsen worker 3] jepsen.util: 3	:ok	:generate	"n47"
2025-06-02 13:01:15,058{GMT}	INFO	[jepsen worker 4] jepsen.util: 4	:invoke	:generate	nil
2025-06-02 13:01:15,060{GMT}	INFO	[jepsen worker 4] jepsen.util: 4	:ok	:generate	"n57"
2025-06-02 13:01:15,152{GMT}	INFO	[jepsen worker 0] jepsen.util: 0	:invoke	:generate	nil
2025-06-02 13:01:15,155{GMT}	INFO	[jepsen worker 0] jepsen.util: 0	:ok	:generate	"n114"
2025-06-02 13:01:15,159{GMT}	INFO	[jepsen worker 0] jepsen.util: 0	:invoke	:generate	nil
2025-06-02 13:01:15,162{GMT}	INFO	[jepsen worker 0] jepsen.util: 0	:ok	:generate	"n115"
2025-06-02 13:01:15,289{GMT}	INFO	[jepsen worker 1] jepsen.util: 1	:invoke	:generate	nil
2025-06-02 13:01:15,292{GMT}	INFO	[jepsen worker 1] jepsen.util: 1	:ok	:generate	"n28"
2025-06-02 13:01:15,347{GMT}	INFO	[jepsen worker 2] jepsen.util: 2	:invoke	:generate	nil
2025-06-02 13:01:15,350{GMT}	INFO	[jepsen worker 2] jepsen.util: 2	:ok	:generate	"n38"
2025-06-02 13:01:15,504{GMT}	INFO	[jepsen worker 3] jepsen.util: 3	:invoke	:generate	nil
2025-06-02 13:01:15,507{GMT}	INFO	[jepsen worker 3] jepsen.util: 3	:ok	:generate	"n48"
2025-06-02 13:01:15,563{GMT}	INFO	[jepsen worker 4] jepsen.util: 4	:invoke	:generate	nil
2025-06-02 13:01:15,567{GMT}	INFO	[jepsen worker 4] jepsen.util: 4	:ok	:generate	"n58"
2025-06-02 13:01:15,601{GMT}	INFO	[jepsen worker 0] jepsen.util: 0	:invoke	:generate	nil
2025-06-02 13:01:15,603{GMT}	INFO	[jepsen worker 0] jepsen.util: 0	:ok	:generate	"n116"
2025-06-02 13:01:15,630{GMT}	INFO	[jepsen worker 0] jepsen.util: 0	:invoke	:generate	nil
2025-06-02 13:01:15,632{GMT}	INFO	[jepsen worker 0] jepsen.util: 0	:ok	:generate	"n117"
2025-06-02 13:01:15,790{GMT}	INFO	[jepsen worker 1] jepsen.util: 1	:invoke	:generate	nil
2025-06-02 13:01:15,793{GMT}	INFO	[jepsen worker 1] jepsen.util: 1	:ok	:generate	"n29"
2025-06-02 13:01:15,876{GMT}	INFO	[jepsen worker 2] jepsen.util: 2	:invoke	:generate	nil
2025-06-02 13:01:15,878{GMT}	INFO	[jepsen worker 2] jepsen.util: 2	:ok	:generate	"n39"
2025-06-02 13:01:15,895{GMT}	INFO	[jepsen test runner] jepsen.core: Run complete, writing
2025-06-02 13:01:15,933{GMT}	INFO	[jepsen node n5] maelstrom.db: Tearing down n5
2025-06-02 13:01:15,933{GMT}	INFO	[jepsen node n2] maelstrom.db: Tearing down n2
2025-06-02 13:01:15,933{GMT}	INFO	[jepsen node n4] maelstrom.db: Tearing down n4
2025-06-02 13:01:15,933{GMT}	INFO	[jepsen node n1] maelstrom.db: Tearing down n1
2025-06-02 13:01:15,933{GMT}	INFO	[jepsen node n3] maelstrom.db: Tearing down n3
2025-06-02 13:01:17,144{GMT}	INFO	[jepsen node n1] maelstrom.net: Shutting down Maelstrom network
2025-06-02 13:01:17,147{GMT}	INFO	[jepsen test runner] jepsen.core: Analyzing...
2025-06-02 13:01:17,289{GMT}	INFO	[jepsen test runner] jepsen.core: Analysis complete
2025-06-02 13:01:17,297{GMT}	INFO	[jepsen results] jepsen.store: Wrote /Users/adr/code/maelstrom/store/unique-ids/20250602T130101.232-0400/results.edn
2025-06-02 13:01:17,314{GMT}	INFO	[jepsen test runner] jepsen.core: {:perf {:latency-graph {:valid? true},
        :rate-graph {:valid? true},
        :valid? true},
 :timeline {:valid? true},
 :exceptions {:valid? true},
 :stats {:valid? true,
         :count 51,
         :ok-count 51,
         :fail-count 0,
         :info-count 0,
         :by-f {:generate {:valid? true,
                           :count 51,
                           :ok-count 51,
                           :fail-count 0,
                           :info-count 0}}},
 :availability {:valid? true, :ok-fraction 1.0},
 :net {:all {:send-count 112,
             :recv-count 112,
             :msg-count 112,
             :msgs-per-op 2.1960785},
       :clients {:send-count 112, :recv-count 112, :msg-count 112},
       :servers {:send-count 0,
                 :recv-count 0,
                 :msg-count 0,
                 :msgs-per-op 0.0},
       :valid? true},
 :workload {:valid? true,
            :attempted-count 51,
            :acknowledged-count 51,
            :duplicated-count 0,
            :duplicated {},
            :range ["n11" "n58"]},
 :valid? true}


Everything looks good! ヽ(‘ー`)ノ
