[RECEIVED] {"id":1,"src":"c0","dest":"n1","body":{"type":"init","node_id":"n1","node_ids":["n1","n2","n3","n4","n5"],"msg_id":1}}
[MATCH INIT]
[INIT] {"src":"n1","dest":"c0","body":{"type":"init_ok","in_reply_to":1,"msg_id":0}}
[RECEIVED] {"id":12,"src":"c5","dest":"n1","body":{"type":"topology","topology":{"n1":["n4","n2"],"n2":["n5","n3","n1"],"n3":["n2"],"n4":["n1","n5"],"n5":["n2","n4"]},"msg_id":1}}
[MATCH TOPOLOGY]
[TOPOLOGY] {"src":"n1","dest":"c5","body":{"type":"topology_ok","in_reply_to":1,"msg_id":1}}
[RECEIVED] {"id":20,"src":"c10","dest":"n1","body":{"type":"read","msg_id":1}}
[MATCH READ]
[READ] {"src":"n1","dest":"c10","body":{"type":"read_ok","messages":[],"in_reply_to":1,"msg_id":2}}
[RECEIVED] {"id":25,"src":"n2","dest":"n1","body":{"type":"broadcast","message":"0","msg_id":null}}
[MATCH BROADCAST]
[BROADCAST REQUEST: n1 -> n4] {"id":0,"src":"n1","dest":"n4","body":{"type":"broadcast","message":"0","msg_id":null}}
[BROADCAST REQUEST: n1 -> n2] {"id":0,"src":"n1","dest":"n2","body":{"type":"broadcast","message":"0","msg_id":null}}
[RECEIVED] {"id":32,"src":"n4","dest":"n1","body":{"type":"broadcast","message":"0","msg_id":null}}
[MATCH BROADCAST]
[RECEIVED] {"id":37,"src":"n4","dest":"n1","body":{"type":"broadcast","message":"1","msg_id":null}}
[MATCH BROADCAST]
[BROADCAST REQUEST: n1 -> n4] {"id":0,"src":"n1","dest":"n4","body":{"type":"broadcast","message":"1","msg_id":null}}
[BROADCAST REQUEST: n1 -> n2] {"id":0,"src":"n1","dest":"n2","body":{"type":"broadcast","message":"1","msg_id":null}}
[RECEIVED] {"id":46,"src":"n2","dest":"n1","body":{"type":"broadcast","message":"1","msg_id":null}}
[MATCH BROADCAST]
[RECEIVED] {"id":50,"src":"c10","dest":"n1","body":{"type":"broadcast","message":2,"msg_id":2}}
[MATCH BROADCAST]
[BROADCAST REQUEST: n1 -> n4] {"id":0,"src":"n1","dest":"n4","body":{"type":"broadcast","message":"2","msg_id":null}}
[BROADCAST REQUEST: n1 -> n2] {"id":0,"src":"n1","dest":"n2","body":{"type":"broadcast","message":"2","msg_id":null}}
[BROADCAST] {"src":"n1","dest":"c10","body":{"type":"broadcast_ok","in_reply_to":2,"msg_id":7}}
[RECEIVED] {"id":54,"src":"n4","dest":"n1","body":{"type":"broadcast","message":"2","msg_id":null}}
[MATCH BROADCAST]
[RECEIVED] {"id":58,"src":"n2","dest":"n1","body":{"type":"broadcast","message":"2","msg_id":null}}
[MATCH BROADCAST]
[RECEIVED] {"id":62,"src":"c10","dest":"n1","body":{"type":"broadcast","message":3,"msg_id":3}}
[MATCH BROADCAST]
[BROADCAST REQUEST: n1 -> n4] {"id":0,"src":"n1","dest":"n4","body":{"type":"broadcast","message":"3","msg_id":null}}
[BROADCAST REQUEST: n1 -> n2] {"id":0,"src":"n1","dest":"n2","body":{"type":"broadcast","message":"3","msg_id":null}}
[BROADCAST] {"src":"n1","dest":"c10","body":{"type":"broadcast_ok","in_reply_to":3,"msg_id":10}}
[RECEIVED] {"id":66,"src":"n4","dest":"n1","body":{"type":"broadcast","message":"3","msg_id":null}}
[MATCH BROADCAST]
[RECEIVED] {"id":70,"src":"n2","dest":"n1","body":{"type":"broadcast","message":"3","msg_id":null}}
[MATCH BROADCAST]
[RECEIVED] {"id":79,"src":"n4","dest":"n1","body":{"type":"broadcast","message":"4","msg_id":null}}
[MATCH BROADCAST]
[BROADCAST REQUEST: n1 -> n4] {"id":0,"src":"n1","dest":"n4","body":{"type":"broadcast","message":"4","msg_id":null}}
[BROADCAST REQUEST: n1 -> n2] {"id":0,"src":"n1","dest":"n2","body":{"type":"broadcast","message":"4","msg_id":null}}
[RECEIVED] {"id":88,"src":"n2","dest":"n1","body":{"type":"broadcast","message":"4","msg_id":null}}
[MATCH BROADCAST]
[RECEIVED] {"id":92,"src":"c10","dest":"n1","body":{"type":"read","msg_id":4}}
[MATCH READ]
[READ] {"src":"n1","dest":"c10","body":{"type":"read_ok","messages":["0","1","2","3","4"],"in_reply_to":4,"msg_id":15}}
[RECEIVED] {"id":94,"src":"c10","dest":"n1","body":{"type":"broadcast","message":5,"msg_id":5}}
[MATCH BROADCAST]
[BROADCAST REQUEST: n1 -> n4] {"id":0,"src":"n1","dest":"n4","body":{"type":"broadcast","message":"5","msg_id":null}}
[BROADCAST REQUEST: n1 -> n2] {"id":0,"src":"n1","dest":"n2","body":{"type":"broadcast","message":"5","msg_id":null}}
[BROADCAST] {"src":"n1","dest":"c10","body":{"type":"broadcast_ok","in_reply_to":5,"msg_id":16}}
[RECEIVED] {"id":98,"src":"n4","dest":"n1","body":{"type":"broadcast","message":"5","msg_id":null}}
[MATCH BROADCAST]
[RECEIVED] {"id":102,"src":"n2","dest":"n1","body":{"type":"broadcast","message":"5","msg_id":null}}
[MATCH BROADCAST]
[RECEIVED] {"id":112,"src":"n4","dest":"n1","body":{"type":"broadcast","message":"6","msg_id":null}}
[MATCH BROADCAST]
[BROADCAST REQUEST: n1 -> n4] {"id":0,"src":"n1","dest":"n4","body":{"type":"broadcast","message":"6","msg_id":null}}
[BROADCAST REQUEST: n1 -> n2] {"id":0,"src":"n1","dest":"n2","body":{"type":"broadcast","message":"6","msg_id":null}}
[RECEIVED] {"id":122,"src":"n2","dest":"n1","body":{"type":"broadcast","message":"6","msg_id":null}}
[MATCH BROADCAST]
[RECEIVED] {"id":124,"src":"c10","dest":"n1","body":{"type":"read","msg_id":6}}
[MATCH READ]
[READ] {"src":"n1","dest":"c10","body":{"type":"read_ok","messages":["0","1","2","3","4","5","6"],"in_reply_to":6,"msg_id":21}}
[RECEIVED] {"id":126,"src":"c10","dest":"n1","body":{"type":"read","msg_id":7}}
[MATCH READ]
[READ] {"src":"n1","dest":"c10","body":{"type":"read_ok","messages":["0","1","2","3","4","5","6"],"in_reply_to":7,"msg_id":22}}
[RECEIVED] {"id":133,"src":"n4","dest":"n1","body":{"type":"broadcast","message":"7","msg_id":null}}
[MATCH BROADCAST]
[BROADCAST REQUEST: n1 -> n4] {"id":0,"src":"n1","dest":"n4","body":{"type":"broadcast","message":"7","msg_id":null}}
[BROADCAST REQUEST: n1 -> n2] {"id":0,"src":"n1","dest":"n2","body":{"type":"broadcast","message":"7","msg_id":null}}
[RECEIVED] {"id":142,"src":"n2","dest":"n1","body":{"type":"broadcast","message":"7","msg_id":null}}
[MATCH BROADCAST]
[RECEIVED] {"id":150,"src":"n4","dest":"n1","body":{"type":"broadcast","message":"8","msg_id":null}}
[RECEIVED] {"id":151,"src":"n2","dest":"n1","body":{"type":"broadcast","message":"8","msg_id":null}}
[MATCH BROADCAST]
[MATCH BROADCAST]
[BROADCAST REQUEST: n1 -> n4] {"id":0,"src":"n1","dest":"n4","body":{"type":"broadcast","message":"8","msg_id":null}}
[BROADCAST REQUEST: n1 -> n2] {"id":0,"src":"n1","dest":"n2","body":{"type":"broadcast","message":"8","msg_id":null}}
[RECEIVED] {"id":156,"src":"c10","dest":"n1","body":{"type":"broadcast","message":9,"msg_id":8}}
[MATCH BROADCAST]
[BROADCAST REQUEST: n1 -> n4] {"id":0,"src":"n1","dest":"n4","body":{"type":"broadcast","message":"9","msg_id":null}}
[BROADCAST REQUEST: n1 -> n2] {"id":0,"src":"n1","dest":"n2","body":{"type":"broadcast","message":"9","msg_id":null}}
[BROADCAST] {"src":"n1","dest":"c10","body":{"type":"broadcast_ok","in_reply_to":8,"msg_id":27}}
[RECEIVED] {"id":160,"src":"n4","dest":"n1","body":{"type":"broadcast","message":"9","msg_id":null}}
[MATCH BROADCAST]
[RECEIVED] {"id":164,"src":"n2","dest":"n1","body":{"type":"broadcast","message":"9","msg_id":null}}
[MATCH BROADCAST]
[RECEIVED] {"id":168,"src":"c10","dest":"n1","body":{"type":"read","msg_id":9}}
[MATCH READ]
[READ] {"src":"n1","dest":"c10","body":{"type":"read_ok","messages":["0","1","2","3","4","5","6","7","8","9"],"in_reply_to":9,"msg_id":30}}
[RECEIVED] {"id":177,"src":"n2","dest":"n1","body":{"type":"broadcast","message":"10","msg_id":null}}
[MATCH BROADCAST]
[BROADCAST REQUEST: n1 -> n4] {"id":0,"src":"n1","dest":"n4","body":{"type":"broadcast","message":"10","msg_id":null}}
[BROADCAST REQUEST: n1 -> n2] {"id":0,"src":"n1","dest":"n2","body":{"type":"broadcast","message":"10","msg_id":null}}
[RECEIVED] {"id":182,"src":"n4","dest":"n1","body":{"type":"broadcast","message":"10","msg_id":null}}
[MATCH BROADCAST]
[RECEIVED] {"id":185,"src":"n4","dest":"n1","body":{"type":"broadcast","message":"11","msg_id":null}}
[MATCH BROADCAST]
[BROADCAST REQUEST: n1 -> n4] {"id":0,"src":"n1","dest":"n4","body":{"type":"broadcast","message":"11","msg_id":null}}
[BROADCAST REQUEST: n1 -> n2] {"id":0,"src":"n1","dest":"n2","body":{"type":"broadcast","message":"11","msg_id":null}}
[RECEIVED] {"id":194,"src":"n2","dest":"n1","body":{"type":"broadcast","message":"11","msg_id":null}}
[MATCH BROADCAST]
[RECEIVED] {"id":198,"src":"c10","dest":"n1","body":{"type":"broadcast","message":12,"msg_id":10}}
[MATCH BROADCAST]
[BROADCAST REQUEST: n1 -> n4] {"id":0,"src":"n1","dest":"n4","body":{"type":"broadcast","message":"12","msg_id":null}}
[BROADCAST REQUEST: n1 -> n2] {"id":0,"src":"n1","dest":"n2","body":{"type":"broadcast","message":"12","msg_id":null}}
[BROADCAST] {"src":"n1","dest":"c10","body":{"type":"broadcast_ok","in_reply_to":10,"msg_id":35}}
[RECEIVED] {"id":202,"src":"n4","dest":"n1","body":{"type":"broadcast","message":"12","msg_id":null}}
[MATCH BROADCAST]
[RECEIVED] {"id":206,"src":"n2","dest":"n1","body":{"type":"broadcast","message":"12","msg_id":null}}
[MATCH BROADCAST]
[RECEIVED] {"id":210,"src":"c10","dest":"n1","body":{"type":"read","msg_id":11}}
[MATCH READ]
[READ] {"src":"n1","dest":"c10","body":{"type":"read_ok","messages":["0","1","10","11","12","2","3","4","5","6","7","8","9"],"in_reply_to":11,"msg_id":38}}
[RECEIVED] {"id":223,"src":"n4","dest":"n1","body":{"type":"broadcast","message":"13","msg_id":null}}
[MATCH BROADCAST]
[BROADCAST REQUEST: n1 -> n4] {"id":0,"src":"n1","dest":"n4","body":{"type":"broadcast","message":"13","msg_id":null}}
[RECEIVED] {"id":226,"src":"n2","dest":"n1","body":{"type":"broadcast","message":"13","msg_id":null}}
[BROADCAST REQUEST: n1 -> n2] {"id":0,"src":"n1","dest":"n2","body":{"type":"broadcast","message":"13","msg_id":null}}
[MATCH BROADCAST]
[RECEIVED] {"id":230,"src":"c10","dest":"n1","body":{"type":"read","msg_id":12}}
[MATCH READ]
[READ] {"src":"n1","dest":"c10","body":{"type":"read_ok","messages":["0","1","10","11","12","13","2","3","4","5","6","7","8","9"],"in_reply_to":12,"msg_id":41}}
[RECEIVED] {"id":232,"src":"c10","dest":"n1","body":{"type":"read","msg_id":13}}
[MATCH READ]
[READ] {"src":"n1","dest":"c10","body":{"type":"read_ok","messages":["0","1","10","11","12","13","2","3","4","5","6","7","8","9"],"in_reply_to":13,"msg_id":42}}
[RECEIVED] {"id":241,"src":"n2","dest":"n1","body":{"type":"broadcast","message":"14","msg_id":null}}
[MATCH BROADCAST]
[BROADCAST REQUEST: n1 -> n4] {"id":0,"src":"n1","dest":"n4","body":{"type":"broadcast","message":"14","msg_id":null}}
[BROADCAST REQUEST: n1 -> n2] {"id":0,"src":"n1","dest":"n2","body":{"type":"broadcast","message":"14","msg_id":null}}
[RECEIVED] {"id":246,"src":"n4","dest":"n1","body":{"type":"broadcast","message":"14","msg_id":null}}
[MATCH BROADCAST]
[RECEIVED] {"id":255,"src":"n4","dest":"n1","body":{"type":"broadcast","message":"15","msg_id":null}}
[MATCH BROADCAST]
[BROADCAST REQUEST: n1 -> n4] {"id":0,"src":"n1","dest":"n4","body":{"type":"broadcast","message":"15","msg_id":null}}
[BROADCAST REQUEST: n1 -> n2] {"id":0,"src":"n1","dest":"n2","body":{"type":"broadcast","message":"15","msg_id":null}}
[RECEIVED] {"id":258,"src":"n2","dest":"n1","body":{"type":"broadcast","message":"15","msg_id":null}}
[MATCH BROADCAST]
[RECEIVED] {"id":262,"src":"c10","dest":"n1","body":{"type":"broadcast","message":16,"msg_id":14}}
[MATCH BROADCAST]
[BROADCAST REQUEST: n1 -> n4] {"id":0,"src":"n1","dest":"n4","body":{"type":"broadcast","message":"16","msg_id":null}}
[BROADCAST REQUEST: n1 -> n2] {"id":0,"src":"n1","dest":"n2","body":{"type":"broadcast","message":"16","msg_id":null}}
[BROADCAST] {"src":"n1","dest":"c10","body":{"type":"broadcast_ok","in_reply_to":14,"msg_id":47}}
[RECEIVED] {"id":266,"src":"n4","dest":"n1","body":{"type":"broadcast","message":"16","msg_id":null}}
[MATCH BROADCAST]
[RECEIVED] {"id":270,"src":"n2","dest":"n1","body":{"type":"broadcast","message":"16","msg_id":null}}
[MATCH BROADCAST]
[RECEIVED] {"id":274,"src":"c10","dest":"n1","body":{"type":"read","msg_id":15}}
[MATCH READ]
[READ] {"src":"n1","dest":"c10","body":{"type":"read_ok","messages":["0","1","10","11","12","13","14","15","16","2","3","4","5","6","7","8","9"],"in_reply_to":15,"msg_id":50}}
[RECEIVED] {"id":279,"src":"n2","dest":"n1","body":{"type":"broadcast","message":"17","msg_id":null}}
[MATCH BROADCAST]
[BROADCAST REQUEST: n1 -> n4] {"id":0,"src":"n1","dest":"n4","body":{"type":"broadcast","message":"17","msg_id":null}}
[BROADCAST REQUEST: n1 -> n2] {"id":0,"src":"n1","dest":"n2","body":{"type":"broadcast","message":"17","msg_id":null}}
[RECEIVED] {"id":286,"src":"n4","dest":"n1","body":{"type":"broadcast","message":"17","msg_id":null}}
[MATCH BROADCAST]
[RECEIVED] {"id":293,"src":"n2","dest":"n1","body":{"type":"broadcast","message":"18","msg_id":null}}
[MATCH BROADCAST]
[BROADCAST REQUEST: n1 -> n4] {"id":0,"src":"n1","dest":"n4","body":{"type":"broadcast","message":"18","msg_id":null}}
[BROADCAST REQUEST: n1 -> n2] {"id":0,"src":"n1","dest":"n2","body":{"type":"broadcast","message":"18","msg_id":null}}
[RECEIVED] {"id":298,"src":"n4","dest":"n1","body":{"type":"broadcast","message":"18","msg_id":null}}
[MATCH BROADCAST]
[RECEIVED] {"id":304,"src":"c10","dest":"n1","body":{"type":"read","msg_id":16}}
[MATCH READ]
[READ] {"src":"n1","dest":"c10","body":{"type":"read_ok","messages":["0","1","10","11","12","13","14","15","16","17","18","2","3","4","5","6","7","8","9"],"in_reply_to":16,"msg_id":55}}
[RECEIVED] {"id":306,"src":"c10","dest":"n1","body":{"type":"read","msg_id":17}}
[MATCH READ]
[READ] {"src":"n1","dest":"c10","body":{"type":"read_ok","messages":["0","1","10","11","12","13","14","15","16","17","18","2","3","4","5","6","7","8","9"],"in_reply_to":17,"msg_id":56}}
[RECEIVED] {"id":313,"src":"n4","dest":"n1","body":{"type":"broadcast","message":"19","msg_id":null}}
[MATCH BROADCAST]
[BROADCAST REQUEST: n1 -> n4] {"id":0,"src":"n1","dest":"n4","body":{"type":"broadcast","message":"19","msg_id":null}}
[BROADCAST REQUEST: n1 -> n2] {"id":0,"src":"n1","dest":"n2","body":{"type":"broadcast","message":"19","msg_id":null}}
[RECEIVED] {"id":322,"src":"n2","dest":"n1","body":{"type":"broadcast","message":"19","msg_id":null}}
[MATCH BROADCAST]
[RECEIVED] {"id":326,"src":"c10","dest":"n1","body":{"type":"broadcast","message":20,"msg_id":18}}
[MATCH BROADCAST]
[BROADCAST REQUEST: n1 -> n4] {"id":0,"src":"n1","dest":"n4","body":{"type":"broadcast","message":"20","msg_id":null}}
[BROADCAST REQUEST: n1 -> n2] {"id":0,"src":"n1","dest":"n2","body":{"type":"broadcast","message":"20","msg_id":null}}
[BROADCAST] {"src":"n1","dest":"c10","body":{"type":"broadcast_ok","in_reply_to":18,"msg_id":59}}
[RECEIVED] {"id":330,"src":"n4","dest":"n1","body":{"type":"broadcast","message":"20","msg_id":null}}
[MATCH BROADCAST]
[RECEIVED] {"id":334,"src":"n2","dest":"n1","body":{"type":"broadcast","message":"20","msg_id":null}}
[MATCH BROADCAST]
[RECEIVED] {"id":338,"src":"c10","dest":"n1","body":{"type":"read","msg_id":19}}
[MATCH READ]
[READ] {"src":"n1","dest":"c10","body":{"type":"read_ok","messages":["0","1","10","11","12","13","14","15","16","17","18","19","2","20","3","4","5","6","7","8","9"],"in_reply_to":19,"msg_id":62}}
[RECEIVED] {"id":347,"src":"n2","dest":"n1","body":{"type":"broadcast","message":"21","msg_id":null}}
[MATCH BROADCAST]
[BROADCAST REQUEST: n1 -> n4] {"id":0,"src":"n1","dest":"n4","body":{"type":"broadcast","message":"21","msg_id":null}}
[BROADCAST REQUEST: n1 -> n2] {"id":0,"src":"n1","dest":"n2","body":{"type":"broadcast","message":"21","msg_id":null}}
[RECEIVED] {"id":352,"src":"n4","dest":"n1","body":{"type":"broadcast","message":"21","msg_id":null}}
[MATCH BROADCAST]
[RECEIVED] {"id":355,"src":"n4","dest":"n1","body":{"type":"broadcast","message":"22","msg_id":null}}
[MATCH BROADCAST]
[BROADCAST REQUEST: n1 -> n4] {"id":0,"src":"n1","dest":"n4","body":{"type":"broadcast","message":"22","msg_id":null}}
[BROADCAST REQUEST: n1 -> n2] {"id":0,"src":"n1","dest":"n2","body":{"type":"broadcast","message":"22","msg_id":null}}
[RECEIVED] {"id":364,"src":"n2","dest":"n1","body":{"type":"broadcast","message":"22","msg_id":null}}
[MATCH BROADCAST]
[RECEIVED] {"id":368,"src":"c10","dest":"n1","body":{"type":"broadcast","message":23,"msg_id":20}}
[MATCH BROADCAST]
[BROADCAST REQUEST: n1 -> n4] {"id":0,"src":"n1","dest":"n4","body":{"type":"broadcast","message":"23","msg_id":null}}
[BROADCAST REQUEST: n1 -> n2] {"id":0,"src":"n1","dest":"n2","body":{"type":"broadcast","message":"23","msg_id":null}}
[BROADCAST] {"src":"n1","dest":"c10","body":{"type":"broadcast_ok","in_reply_to":20,"msg_id":67}}
[RECEIVED] {"id":372,"src":"n4","dest":"n1","body":{"type":"broadcast","message":"23","msg_id":null}}
[MATCH BROADCAST]
[RECEIVED] {"id":376,"src":"n2","dest":"n1","body":{"type":"broadcast","message":"23","msg_id":null}}
[MATCH BROADCAST]
[RECEIVED] {"id":380,"src":"c10","dest":"n1","body":{"type":"read","msg_id":21}}
[MATCH READ]
[READ] {"src":"n1","dest":"c10","body":{"type":"read_ok","messages":["0","1","10","11","12","13","14","15","16","17","18","19","2","20","21","22","23","3","4","5","6","7","8","9"],"in_reply_to":21,"msg_id":70}}
[RECEIVED] {"id":385,"src":"n2","dest":"n1","body":{"type":"broadcast","message":"24","msg_id":null}}
[MATCH BROADCAST]
[BROADCAST REQUEST: n1 -> n4] {"id":0,"src":"n1","dest":"n4","body":{"type":"broadcast","message":"24","msg_id":null}}
[BROADCAST REQUEST: n1 -> n2] {"id":0,"src":"n1","dest":"n2","body":{"type":"broadcast","message":"24","msg_id":null}}
[RECEIVED] {"id":392,"src":"n4","dest":"n1","body":{"type":"broadcast","message":"24","msg_id":null}}
[MATCH BROADCAST]
[RECEIVED] {"id":399,"src":"n2","dest":"n1","body":{"type":"broadcast","message":"25","msg_id":null}}
[MATCH BROADCAST]
[BROADCAST REQUEST: n1 -> n4] {"id":0,"src":"n1","dest":"n4","body":{"type":"broadcast","message":"25","msg_id":null}}
[BROADCAST REQUEST: n1 -> n2] {"id":0,"src":"n1","dest":"n2","body":{"type":"broadcast","message":"25","msg_id":null}}
[RECEIVED] {"id":404,"src":"n4","dest":"n1","body":{"type":"broadcast","message":"25","msg_id":null}}
[MATCH BROADCAST]
[RECEIVED] {"id":412,"src":"n4","dest":"n1","body":{"type":"broadcast","message":"26","msg_id":null}}
[MATCH BROADCAST]
[RECEIVED] {"id":416,"src":"n2","dest":"n1","body":{"type":"broadcast","message":"26","msg_id":null}}
[BROADCAST REQUEST: n1 -> n4] {"id":0,"src":"n1","dest":"n4","body":{"type":"broadcast","message":"26","msg_id":null}}
[MATCH BROADCAST]
[BROADCAST REQUEST: n1 -> n2] {"id":0,"src":"n1","dest":"n2","body":{"type":"broadcast","message":"26","msg_id":null}}
[RECEIVED] {"id":420,"src":"c10","dest":"n1","body":{"type":"broadcast","message":27,"msg_id":22}}
[MATCH BROADCAST]
[BROADCAST REQUEST: n1 -> n4] {"id":0,"src":"n1","dest":"n4","body":{"type":"broadcast","message":"27","msg_id":null}}
[BROADCAST REQUEST: n1 -> n2] {"id":0,"src":"n1","dest":"n2","body":{"type":"broadcast","message":"27","msg_id":null}}
[BROADCAST] {"src":"n1","dest":"c10","body":{"type":"broadcast_ok","in_reply_to":22,"msg_id":77}}
[RECEIVED] {"id":424,"src":"n4","dest":"n1","body":{"type":"broadcast","message":"27","msg_id":null}}
[MATCH BROADCAST]
[RECEIVED] {"id":428,"src":"n2","dest":"n1","body":{"type":"broadcast","message":"27","msg_id":null}}
[MATCH BROADCAST]
[RECEIVED] {"id":432,"src":"c10","dest":"n1","body":{"type":"broadcast","message":28,"msg_id":23}}
[MATCH BROADCAST]
[BROADCAST REQUEST: n1 -> n4] {"id":0,"src":"n1","dest":"n4","body":{"type":"broadcast","message":"28","msg_id":null}}
[BROADCAST REQUEST: n1 -> n2] {"id":0,"src":"n1","dest":"n2","body":{"type":"broadcast","message":"28","msg_id":null}}
[BROADCAST] {"src":"n1","dest":"c10","body":{"type":"broadcast_ok","in_reply_to":23,"msg_id":80}}
[RECEIVED] {"id":436,"src":"n4","dest":"n1","body":{"type":"broadcast","message":"28","msg_id":null}}
[MATCH BROADCAST]
[RECEIVED] {"id":440,"src":"n2","dest":"n1","body":{"type":"broadcast","message":"28","msg_id":null}}
[MATCH BROADCAST]
[RECEIVED] {"id":451,"src":"n2","dest":"n1","body":{"type":"broadcast","message":"29","msg_id":null}}
[MATCH BROADCAST]
[BROADCAST REQUEST: n1 -> n4] {"id":0,"src":"n1","dest":"n4","body":{"type":"broadcast","message":"29","msg_id":null}}
[BROADCAST REQUEST: n1 -> n2] {"id":0,"src":"n1","dest":"n2","body":{"type":"broadcast","message":"29","msg_id":null}}
[RECEIVED] {"id":456,"src":"n4","dest":"n1","body":{"type":"broadcast","message":"29","msg_id":null}}
[MATCH BROADCAST]
[RECEIVED] {"id":459,"src":"n4","dest":"n1","body":{"type":"broadcast","message":"30","msg_id":null}}
[MATCH BROADCAST]
[BROADCAST REQUEST: n1 -> n4] {"id":0,"src":"n1","dest":"n4","body":{"type":"broadcast","message":"30","msg_id":null}}
[BROADCAST REQUEST: n1 -> n2] {"id":0,"src":"n1","dest":"n2","body":{"type":"broadcast","message":"30","msg_id":null}}
[RECEIVED] {"id":468,"src":"n2","dest":"n1","body":{"type":"broadcast","message":"30","msg_id":null}}
[MATCH BROADCAST]
[RECEIVED] {"id":472,"src":"c10","dest":"n1","body":{"type":"read","msg_id":24}}
[MATCH READ]
[READ] {"src":"n1","dest":"c10","body":{"type":"read_ok","messages":["0","1","10","11","12","13","14","15","16","17","18","19","2","20","21","22","23","24","25","26","27","28","29","3","30","4","5","6","7","8","9"],"in_reply_to":24,"msg_id":87}}
[RECEIVED] {"id":474,"src":"c10","dest":"n1","body":{"type":"read","msg_id":25}}
[MATCH READ]
[READ] {"src":"n1","dest":"c10","body":{"type":"read_ok","messages":["0","1","10","11","12","13","14","15","16","17","18","19","2","20","21","22","23","24","25","26","27","28","29","3","30","4","5","6","7","8","9"],"in_reply_to":25,"msg_id":88}}
[RECEIVED] {"id":481,"src":"n4","dest":"n1","body":{"type":"broadcast","message":"31","msg_id":null}}
[MATCH BROADCAST]
[BROADCAST REQUEST: n1 -> n4] {"id":0,"src":"n1","dest":"n4","body":{"type":"broadcast","message":"31","msg_id":null}}
[BROADCAST REQUEST: n1 -> n2] {"id":0,"src":"n1","dest":"n2","body":{"type":"broadcast","message":"31","msg_id":null}}
[RECEIVED] {"id":490,"src":"n2","dest":"n1","body":{"type":"broadcast","message":"31","msg_id":null}}
[MATCH BROADCAST]
[RECEIVED] {"id":494,"src":"c10","dest":"n1","body":{"type":"read","msg_id":26}}
[MATCH READ]
[READ] {"src":"n1","dest":"c10","body":{"type":"read_ok","messages":["0","1","10","11","12","13","14","15","16","17","18","19","2","20","21","22","23","24","25","26","27","28","29","3","30","31","4","5","6","7","8","9"],"in_reply_to":26,"msg_id":91}}
[RECEIVED] {"id":496,"src":"c10","dest":"n1","body":{"type":"broadcast","message":32,"msg_id":27}}
[MATCH BROADCAST]
[BROADCAST REQUEST: n1 -> n4] {"id":0,"src":"n1","dest":"n4","body":{"type":"broadcast","message":"32","msg_id":null}}
[BROADCAST REQUEST: n1 -> n2] {"id":0,"src":"n1","dest":"n2","body":{"type":"broadcast","message":"32","msg_id":null}}
[BROADCAST] {"src":"n1","dest":"c10","body":{"type":"broadcast_ok","in_reply_to":27,"msg_id":92}}
[RECEIVED] {"id":500,"src":"n4","dest":"n1","body":{"type":"broadcast","message":"32","msg_id":null}}
[MATCH BROADCAST]
[RECEIVED] {"id":504,"src":"n2","dest":"n1","body":{"type":"broadcast","message":"32","msg_id":null}}
[MATCH BROADCAST]
[RECEIVED] {"id":516,"src":"c10","dest":"n1","body":{"type":"read","msg_id":28}}
[MATCH READ]
[READ] {"src":"n1","dest":"c10","body":{"type":"read_ok","messages":["0","1","10","11","12","13","14","15","16","17","18","19","2","20","21","22","23","24","25","26","27","28","29","3","30","31","32","4","5","6","7","8","9"],"in_reply_to":28,"msg_id":95}}
[RECEIVED] {"id":518,"src":"c10","dest":"n1","body":{"type":"read","msg_id":29}}
[MATCH READ]
[READ] {"src":"n1","dest":"c10","body":{"type":"read_ok","messages":["0","1","10","11","12","13","14","15","16","17","18","19","2","20","21","22","23","24","25","26","27","28","29","3","30","31","32","4","5","6","7","8","9"],"in_reply_to":29,"msg_id":96}}
[RECEIVED] {"id":523,"src":"n2","dest":"n1","body":{"type":"broadcast","message":"33","msg_id":null}}
[MATCH BROADCAST]
[BROADCAST REQUEST: n1 -> n4] {"id":0,"src":"n1","dest":"n4","body":{"type":"broadcast","message":"33","msg_id":null}}
[BROADCAST REQUEST: n1 -> n2] {"id":0,"src":"n1","dest":"n2","body":{"type":"broadcast","message":"33","msg_id":null}}
[RECEIVED] {"id":529,"src":"n4","dest":"n1","body":{"type":"broadcast","message":"33","msg_id":null}}
[MATCH BROADCAST]
[RECEIVED] {"id":537,"src":"n2","dest":"n1","body":{"type":"broadcast","message":"34","msg_id":null}}
[MATCH BROADCAST]
[BROADCAST REQUEST: n1 -> n4] {"id":0,"src":"n1","dest":"n4","body":{"type":"broadcast","message":"34","msg_id":null}}
[BROADCAST REQUEST: n1 -> n2] {"id":0,"src":"n1","dest":"n2","body":{"type":"broadcast","message":"34","msg_id":null}}
[RECEIVED] {"id":542,"src":"n4","dest":"n1","body":{"type":"broadcast","message":"34","msg_id":null}}
[MATCH BROADCAST]
[RECEIVED] {"id":551,"src":"n4","dest":"n1","body":{"type":"broadcast","message":"35","msg_id":null}}
[MATCH BROADCAST]
[RECEIVED] {"id":554,"src":"n2","dest":"n1","body":{"type":"broadcast","message":"35","msg_id":null}}
[BROADCAST REQUEST: n1 -> n4] {"id":0,"src":"n1","dest":"n4","body":{"type":"broadcast","message":"35","msg_id":null}}
[MATCH BROADCAST]
[BROADCAST REQUEST: n1 -> n2] {"id":0,"src":"n1","dest":"n2","body":{"type":"broadcast","message":"35","msg_id":null}}
[RECEIVED] {"id":558,"src":"c10","dest":"n1","body":{"type":"read","msg_id":30}}
[MATCH READ]
[READ] {"src":"n1","dest":"c10","body":{"type":"read_ok","messages":["0","1","10","11","12","13","14","15","16","17","18","19","2","20","21","22","23","24","25","26","27","28","29","3","30","31","32","33","34","35","4","5","6","7","8","9"],"in_reply_to":30,"msg_id":103}}
[RECEIVED] {"id":560,"src":"c10","dest":"n1","body":{"type":"read","msg_id":31}}
[MATCH READ]
[READ] {"src":"n1","dest":"c10","body":{"type":"read_ok","messages":["0","1","10","11","12","13","14","15","16","17","18","19","2","20","21","22","23","24","25","26","27","28","29","3","30","31","32","33","34","35","4","5","6","7","8","9"],"in_reply_to":31,"msg_id":104}}
[RECEIVED] {"id":565,"src":"n2","dest":"n1","body":{"type":"broadcast","message":"36","msg_id":null}}
[MATCH BROADCAST]
[BROADCAST REQUEST: n1 -> n4] {"id":0,"src":"n1","dest":"n4","body":{"type":"broadcast","message":"36","msg_id":null}}
[BROADCAST REQUEST: n1 -> n2] {"id":0,"src":"n1","dest":"n2","body":{"type":"broadcast","message":"36","msg_id":null}}
[RECEIVED] {"id":572,"src":"n4","dest":"n1","body":{"type":"broadcast","message":"36","msg_id":null}}
[MATCH BROADCAST]
[RECEIVED] {"id":579,"src":"n2","dest":"n1","body":{"type":"broadcast","message":"37","msg_id":null}}
[MATCH BROADCAST]
[BROADCAST REQUEST: n1 -> n4] {"id":0,"src":"n1","dest":"n4","body":{"type":"broadcast","message":"37","msg_id":null}}
[BROADCAST REQUEST: n1 -> n2] {"id":0,"src":"n1","dest":"n2","body":{"type":"broadcast","message":"37","msg_id":null}}
[RECEIVED] {"id":584,"src":"n4","dest":"n1","body":{"type":"broadcast","message":"37","msg_id":null}}
[MATCH BROADCAST]
[RECEIVED] {"id":590,"src":"c10","dest":"n1","body":{"type":"read","msg_id":32}}
[MATCH READ]
[READ] {"src":"n1","dest":"c10","body":{"type":"read_ok","messages":["0","1","10","11","12","13","14","15","16","17","18","19","2","20","21","22","23","24","25","26","27","28","29","3","30","31","32","33","34","35","36","37","4","5","6","7","8","9"],"in_reply_to":32,"msg_id":109}}
[RECEIVED] {"id":592,"src":"c10","dest":"n1","body":{"type":"read","msg_id":33}}
[MATCH READ]
[READ] {"src":"n1","dest":"c10","body":{"type":"read_ok","messages":["0","1","10","11","12","13","14","15","16","17","18","19","2","20","21","22","23","24","25","26","27","28","29","3","30","31","32","33","34","35","36","37","4","5","6","7","8","9"],"in_reply_to":33,"msg_id":110}}
[RECEIVED] {"id":597,"src":"n2","dest":"n1","body":{"type":"broadcast","message":"38","msg_id":null}}
[MATCH BROADCAST]
[BROADCAST REQUEST: n1 -> n4] {"id":0,"src":"n1","dest":"n4","body":{"type":"broadcast","message":"38","msg_id":null}}
[BROADCAST REQUEST: n1 -> n2] {"id":0,"src":"n1","dest":"n2","body":{"type":"broadcast","message":"38","msg_id":null}}
[RECEIVED] {"id":604,"src":"n4","dest":"n1","body":{"type":"broadcast","message":"38","msg_id":null}}
[MATCH BROADCAST]
[RECEIVED] {"id":611,"src":"n2","dest":"n1","body":{"type":"broadcast","message":"39","msg_id":null}}
[MATCH BROADCAST]
[BROADCAST REQUEST: n1 -> n4] {"id":0,"src":"n1","dest":"n4","body":{"type":"broadcast","message":"39","msg_id":null}}
[BROADCAST REQUEST: n1 -> n2] {"id":0,"src":"n1","dest":"n2","body":{"type":"broadcast","message":"39","msg_id":null}}
[RECEIVED] {"id":616,"src":"n4","dest":"n1","body":{"type":"broadcast","message":"39","msg_id":null}}
[MATCH BROADCAST]
[RECEIVED] {"id":624,"src":"n4","dest":"n1","body":{"type":"broadcast","message":"40","msg_id":null}}
[MATCH BROADCAST]
[BROADCAST REQUEST: n1 -> n4] {"id":0,"src":"n1","dest":"n4","body":{"type":"broadcast","message":"40","msg_id":null}}
[RECEIVED] {"id":628,"src":"n2","dest":"n1","body":{"type":"broadcast","message":"40","msg_id":null}}
[MATCH BROADCAST]
[BROADCAST REQUEST: n1 -> n2] {"id":0,"src":"n1","dest":"n2","body":{"type":"broadcast","message":"40","msg_id":null}}
[RECEIVED] {"id":632,"src":"c10","dest":"n1","body":{"type":"broadcast","message":41,"msg_id":34}}
[MATCH BROADCAST]
[BROADCAST REQUEST: n1 -> n4] {"id":0,"src":"n1","dest":"n4","body":{"type":"broadcast","message":"41","msg_id":null}}
[BROADCAST REQUEST: n1 -> n2] {"id":0,"src":"n1","dest":"n2","body":{"type":"broadcast","message":"41","msg_id":null}}
[BROADCAST] {"src":"n1","dest":"c10","body":{"type":"broadcast_ok","in_reply_to":34,"msg_id":117}}
[RECEIVED] {"id":636,"src":"n4","dest":"n1","body":{"type":"broadcast","message":"41","msg_id":null}}
[MATCH BROADCAST]
[RECEIVED] {"id":640,"src":"n2","dest":"n1","body":{"type":"broadcast","message":"41","msg_id":null}}
[MATCH BROADCAST]
[RECEIVED] {"id":644,"src":"c10","dest":"n1","body":{"type":"broadcast","message":42,"msg_id":35}}
[MATCH BROADCAST]
[BROADCAST REQUEST: n1 -> n4] {"id":0,"src":"n1","dest":"n4","body":{"type":"broadcast","message":"42","msg_id":null}}
[BROADCAST REQUEST: n1 -> n2] {"id":0,"src":"n1","dest":"n2","body":{"type":"broadcast","message":"42","msg_id":null}}
[BROADCAST] {"src":"n1","dest":"c10","body":{"type":"broadcast_ok","in_reply_to":35,"msg_id":120}}
[RECEIVED] {"id":648,"src":"n4","dest":"n1","body":{"type":"broadcast","message":"42","msg_id":null}}
[MATCH BROADCAST]
[RECEIVED] {"id":652,"src":"n2","dest":"n1","body":{"type":"broadcast","message":"42","msg_id":null}}
[MATCH BROADCAST]
[RECEIVED] {"id":659,"src":"n2","dest":"n1","body":{"type":"broadcast","message":"43","msg_id":null}}
[MATCH BROADCAST]
[BROADCAST REQUEST: n1 -> n4] {"id":0,"src":"n1","dest":"n4","body":{"type":"broadcast","message":"43","msg_id":null}}
[BROADCAST REQUEST: n1 -> n2] {"id":0,"src":"n1","dest":"n2","body":{"type":"broadcast","message":"43","msg_id":null}}
[RECEIVED] {"id":666,"src":"n4","dest":"n1","body":{"type":"broadcast","message":"43","msg_id":null}}
[MATCH BROADCAST]
[RECEIVED] {"id":673,"src":"n2","dest":"n1","body":{"type":"broadcast","message":"44","msg_id":null}}
[MATCH BROADCAST]
[BROADCAST REQUEST: n1 -> n4] {"id":0,"src":"n1","dest":"n4","body":{"type":"broadcast","message":"44","msg_id":null}}
[BROADCAST REQUEST: n1 -> n2] {"id":0,"src":"n1","dest":"n2","body":{"type":"broadcast","message":"44","msg_id":null}}
[RECEIVED] {"id":676,"src":"n4","dest":"n1","body":{"type":"broadcast","message":"44","msg_id":null}}
[MATCH BROADCAST]
[RECEIVED] {"id":687,"src":"n4","dest":"n1","body":{"type":"broadcast","message":"45","msg_id":null}}
[MATCH BROADCAST]
[BROADCAST REQUEST: n1 -> n4] {"id":0,"src":"n1","dest":"n4","body":{"type":"broadcast","message":"45","msg_id":null}}
[RECEIVED] {"id":690,"src":"n2","dest":"n1","body":{"type":"broadcast","message":"45","msg_id":null}}
[BROADCAST REQUEST: n1 -> n2] {"id":0,"src":"n1","dest":"n2","body":{"type":"broadcast","message":"45","msg_id":null}}
[MATCH BROADCAST]
[RECEIVED] {"id":694,"src":"c10","dest":"n1","body":{"type":"broadcast","message":46,"msg_id":36}}
[MATCH BROADCAST]
[BROADCAST REQUEST: n1 -> n4] {"id":0,"src":"n1","dest":"n4","body":{"type":"broadcast","message":"46","msg_id":null}}
[BROADCAST REQUEST: n1 -> n2] {"id":0,"src":"n1","dest":"n2","body":{"type":"broadcast","message":"46","msg_id":null}}
[BROADCAST] {"src":"n1","dest":"c10","body":{"type":"broadcast_ok","in_reply_to":36,"msg_id":129}}
[RECEIVED] {"id":698,"src":"n4","dest":"n1","body":{"type":"broadcast","message":"46","msg_id":null}}
[MATCH BROADCAST]
[RECEIVED] {"id":702,"src":"n2","dest":"n1","body":{"type":"broadcast","message":"46","msg_id":null}}
[MATCH BROADCAST]
[RECEIVED] {"id":706,"src":"c10","dest":"n1","body":{"type":"broadcast","message":47,"msg_id":37}}
[MATCH BROADCAST]
[BROADCAST REQUEST: n1 -> n4] {"id":0,"src":"n1","dest":"n4","body":{"type":"broadcast","message":"47","msg_id":null}}
[BROADCAST REQUEST: n1 -> n2] {"id":0,"src":"n1","dest":"n2","body":{"type":"broadcast","message":"47","msg_id":null}}
[BROADCAST] {"src":"n1","dest":"c10","body":{"type":"broadcast_ok","in_reply_to":37,"msg_id":132}}
[RECEIVED] {"id":710,"src":"n4","dest":"n1","body":{"type":"broadcast","message":"47","msg_id":null}}
[MATCH BROADCAST]
[RECEIVED] {"id":714,"src":"n2","dest":"n1","body":{"type":"broadcast","message":"47","msg_id":null}}
[MATCH BROADCAST]
[RECEIVED] {"id":723,"src":"n4","dest":"n1","body":{"type":"broadcast","message":"48","msg_id":null}}
[MATCH BROADCAST]
[BROADCAST REQUEST: n1 -> n4] {"id":0,"src":"n1","dest":"n4","body":{"type":"broadcast","message":"48","msg_id":null}}
[BROADCAST REQUEST: n1 -> n2] {"id":0,"src":"n1","dest":"n2","body":{"type":"broadcast","message":"48","msg_id":null}}
[RECEIVED] {"id":732,"src":"n2","dest":"n1","body":{"type":"broadcast","message":"48","msg_id":null}}
[MATCH BROADCAST]
[RECEIVED] {"id":736,"src":"c10","dest":"n1","body":{"type":"read","msg_id":38}}
[MATCH READ]
[READ] {"src":"n1","dest":"c10","body":{"type":"read_ok","messages":["0","1","10","11","12","13","14","15","16","17","18","19","2","20","21","22","23","24","25","26","27","28","29","3","30","31","32","33","34","35","36","37","38","39","4","40","41","42","43","44","45","46","47","48","5","6","7","8","9"],"in_reply_to":38,"msg_id":137}}
[RECEIVED] {"id":738,"src":"c10","dest":"n1","body":{"type":"broadcast","message":49,"msg_id":39}}
[MATCH BROADCAST]
[BROADCAST REQUEST: n1 -> n4] {"id":0,"src":"n1","dest":"n4","body":{"type":"broadcast","message":"49","msg_id":null}}
[BROADCAST REQUEST: n1 -> n2] {"id":0,"src":"n1","dest":"n2","body":{"type":"broadcast","message":"49","msg_id":null}}
[BROADCAST] {"src":"n1","dest":"c10","body":{"type":"broadcast_ok","in_reply_to":39,"msg_id":138}}
[RECEIVED] {"id":742,"src":"n4","dest":"n1","body":{"type":"broadcast","message":"49","msg_id":null}}
[MATCH BROADCAST]
[RECEIVED] {"id":746,"src":"n2","dest":"n1","body":{"type":"broadcast","message":"49","msg_id":null}}
[MATCH BROADCAST]
[RECEIVED] {"id":753,"src":"n2","dest":"n1","body":{"type":"broadcast","message":"50","msg_id":null}}
[MATCH BROADCAST]
[BROADCAST REQUEST: n1 -> n4] {"id":0,"src":"n1","dest":"n4","body":{"type":"broadcast","message":"50","msg_id":null}}
[BROADCAST REQUEST: n1 -> n2] {"id":0,"src":"n1","dest":"n2","body":{"type":"broadcast","message":"50","msg_id":null}}
[RECEIVED] {"id":760,"src":"n4","dest":"n1","body":{"type":"broadcast","message":"50","msg_id":null}}
[MATCH BROADCAST]
[RECEIVED] {"id":768,"src":"c10","dest":"n1","body":{"type":"broadcast","message":51,"msg_id":40}}
[MATCH BROADCAST]
[BROADCAST REQUEST: n1 -> n4] {"id":0,"src":"n1","dest":"n4","body":{"type":"broadcast","message":"51","msg_id":null}}
[BROADCAST REQUEST: n1 -> n2] {"id":0,"src":"n1","dest":"n2","body":{"type":"broadcast","message":"51","msg_id":null}}
[BROADCAST] {"src":"n1","dest":"c10","body":{"type":"broadcast_ok","in_reply_to":40,"msg_id":143}}
[RECEIVED] {"id":772,"src":"n4","dest":"n1","body":{"type":"broadcast","message":"51","msg_id":null}}
[MATCH BROADCAST]
[RECEIVED] {"id":776,"src":"n2","dest":"n1","body":{"type":"broadcast","message":"51","msg_id":null}}
[MATCH BROADCAST]
[RECEIVED] {"id":780,"src":"c10","dest":"n1","body":{"type":"read","msg_id":41}}
[MATCH READ]
[READ] {"src":"n1","dest":"c10","body":{"type":"read_ok","messages":["0","1","10","11","12","13","14","15","16","17","18","19","2","20","21","22","23","24","25","26","27","28","29","3","30","31","32","33","34","35","36","37","38","39","4","40","41","42","43","44","45","46","47","48","49","5","50","51","6","7","8","9"],"in_reply_to":41,"msg_id":146}}
[RECEIVED] {"id":785,"src":"n2","dest":"n1","body":{"type":"broadcast","message":"52","msg_id":null}}
[MATCH BROADCAST]
[BROADCAST REQUEST: n1 -> n4] {"id":0,"src":"n1","dest":"n4","body":{"type":"broadcast","message":"52","msg_id":null}}
[BROADCAST REQUEST: n1 -> n2] {"id":0,"src":"n1","dest":"n2","body":{"type":"broadcast","message":"52","msg_id":null}}
[RECEIVED] {"id":792,"src":"n4","dest":"n1","body":{"type":"broadcast","message":"52","msg_id":null}}
[MATCH BROADCAST]
[RECEIVED] {"id":799,"src":"n2","dest":"n1","body":{"type":"broadcast","message":"53","msg_id":null}}
[MATCH BROADCAST]
[BROADCAST REQUEST: n1 -> n4] {"id":0,"src":"n1","dest":"n4","body":{"type":"broadcast","message":"53","msg_id":null}}
[BROADCAST REQUEST: n1 -> n2] {"id":0,"src":"n1","dest":"n2","body":{"type":"broadcast","message":"53","msg_id":null}}
[RECEIVED] {"id":804,"src":"n4","dest":"n1","body":{"type":"broadcast","message":"53","msg_id":null}}
[MATCH BROADCAST]
[RECEIVED] {"id":807,"src":"n4","dest":"n1","body":{"type":"broadcast","message":"54","msg_id":null}}
[MATCH BROADCAST]
[BROADCAST REQUEST: n1 -> n4] {"id":0,"src":"n1","dest":"n4","body":{"type":"broadcast","message":"54","msg_id":null}}
[BROADCAST REQUEST: n1 -> n2] {"id":0,"src":"n1","dest":"n2","body":{"type":"broadcast","message":"54","msg_id":null}}
[RECEIVED] {"id":816,"src":"n2","dest":"n1","body":{"type":"broadcast","message":"54","msg_id":null}}
[MATCH BROADCAST]
[RECEIVED] {"id":820,"src":"c10","dest":"n1","body":{"type":"broadcast","message":55,"msg_id":42}}
[MATCH BROADCAST]
[BROADCAST REQUEST: n1 -> n4] {"id":0,"src":"n1","dest":"n4","body":{"type":"broadcast","message":"55","msg_id":null}}
[BROADCAST REQUEST: n1 -> n2] {"id":0,"src":"n1","dest":"n2","body":{"type":"broadcast","message":"55","msg_id":null}}
[BROADCAST] {"src":"n1","dest":"c10","body":{"type":"broadcast_ok","in_reply_to":42,"msg_id":153}}
[RECEIVED] {"id":825,"src":"n4","dest":"n1","body":{"type":"broadcast","message":"55","msg_id":null}}
[MATCH BROADCAST]
[RECEIVED] {"id":828,"src":"n2","dest":"n1","body":{"type":"broadcast","message":"55","msg_id":null}}
[MATCH BROADCAST]
[RECEIVED] {"id":832,"src":"c10","dest":"n1","body":{"type":"read","msg_id":43}}
[MATCH READ]
[READ] {"src":"n1","dest":"c10","body":{"type":"read_ok","messages":["0","1","10","11","12","13","14","15","16","17","18","19","2","20","21","22","23","24","25","26","27","28","29","3","30","31","32","33","34","35","36","37","38","39","4","40","41","42","43","44","45","46","47","48","49","5","50","51","52","53","54","55","6","7","8","9"],"in_reply_to":43,"msg_id":156}}
[RECEIVED] {"id":839,"src":"n4","dest":"n1","body":{"type":"broadcast","message":"56","msg_id":null}}
[MATCH BROADCAST]
[BROADCAST REQUEST: n1 -> n4] {"id":0,"src":"n1","dest":"n4","body":{"type":"broadcast","message":"56","msg_id":null}}
[BROADCAST REQUEST: n1 -> n2] {"id":0,"src":"n1","dest":"n2","body":{"type":"broadcast","message":"56","msg_id":null}}
[RECEIVED] {"id":848,"src":"n2","dest":"n1","body":{"type":"broadcast","message":"56","msg_id":null}}
[MATCH BROADCAST]
[RECEIVED] {"id":852,"src":"c10","dest":"n1","body":{"type":"broadcast","message":57,"msg_id":44}}
[MATCH BROADCAST]
[BROADCAST REQUEST: n1 -> n4] {"id":0,"src":"n1","dest":"n4","body":{"type":"broadcast","message":"57","msg_id":null}}
[BROADCAST REQUEST: n1 -> n2] {"id":0,"src":"n1","dest":"n2","body":{"type":"broadcast","message":"57","msg_id":null}}
[BROADCAST] {"src":"n1","dest":"c10","body":{"type":"broadcast_ok","in_reply_to":44,"msg_id":159}}
[RECEIVED] {"id":856,"src":"n4","dest":"n1","body":{"type":"broadcast","message":"57","msg_id":null}}
[MATCH BROADCAST]
[RECEIVED] {"id":860,"src":"n2","dest":"n1","body":{"type":"broadcast","message":"57","msg_id":null}}
[MATCH BROADCAST]
[RECEIVED] {"id":864,"src":"c10","dest":"n1","body":{"type":"broadcast","message":58,"msg_id":45}}
[MATCH BROADCAST]
[BROADCAST REQUEST: n1 -> n4] {"id":0,"src":"n1","dest":"n4","body":{"type":"broadcast","message":"58","msg_id":null}}
[BROADCAST REQUEST: n1 -> n2] {"id":0,"src":"n1","dest":"n2","body":{"type":"broadcast","message":"58","msg_id":null}}
[BROADCAST] {"src":"n1","dest":"c10","body":{"type":"broadcast_ok","in_reply_to":45,"msg_id":162}}
[RECEIVED] {"id":868,"src":"n4","dest":"n1","body":{"type":"broadcast","message":"58","msg_id":null}}
[MATCH BROADCAST]
[RECEIVED] {"id":872,"src":"n2","dest":"n1","body":{"type":"broadcast","message":"58","msg_id":null}}
[MATCH BROADCAST]
[RECEIVED] {"id":887,"src":"n4","dest":"n1","body":{"type":"broadcast","message":"59","msg_id":null}}
[MATCH BROADCAST]
[BROADCAST REQUEST: n1 -> n4] {"id":0,"src":"n1","dest":"n4","body":{"type":"broadcast","message":"59","msg_id":null}}
[RECEIVED] {"id":890,"src":"n2","dest":"n1","body":{"type":"broadcast","message":"59","msg_id":null}}
[MATCH BROADCAST]
[BROADCAST REQUEST: n1 -> n2] {"id":0,"src":"n1","dest":"n2","body":{"type":"broadcast","message":"59","msg_id":null}}
[RECEIVED] {"id":894,"src":"c10","dest":"n1","body":{"type":"broadcast","message":60,"msg_id":46}}
[MATCH BROADCAST]
[BROADCAST REQUEST: n1 -> n4] {"id":0,"src":"n1","dest":"n4","body":{"type":"broadcast","message":"60","msg_id":null}}
[BROADCAST REQUEST: n1 -> n2] {"id":0,"src":"n1","dest":"n2","body":{"type":"broadcast","message":"60","msg_id":null}}
[BROADCAST] {"src":"n1","dest":"c10","body":{"type":"broadcast_ok","in_reply_to":46,"msg_id":167}}
[RECEIVED] {"id":898,"src":"n4","dest":"n1","body":{"type":"broadcast","message":"60","msg_id":null}}
[MATCH BROADCAST]
[RECEIVED] {"id":902,"src":"n2","dest":"n1","body":{"type":"broadcast","message":"60","msg_id":null}}
[MATCH BROADCAST]
[RECEIVED] {"id":906,"src":"c10","dest":"n1","body":{"type":"broadcast","message":61,"msg_id":47}}
[MATCH BROADCAST]
[BROADCAST REQUEST: n1 -> n4] {"id":0,"src":"n1","dest":"n4","body":{"type":"broadcast","message":"61","msg_id":null}}
[BROADCAST REQUEST: n1 -> n2] {"id":0,"src":"n1","dest":"n2","body":{"type":"broadcast","message":"61","msg_id":null}}
[BROADCAST] {"src":"n1","dest":"c10","body":{"type":"broadcast_ok","in_reply_to":47,"msg_id":170}}
[RECEIVED] {"id":910,"src":"n4","dest":"n1","body":{"type":"broadcast","message":"61","msg_id":null}}
[MATCH BROADCAST]
[RECEIVED] {"id":914,"src":"n2","dest":"n1","body":{"type":"broadcast","message":"61","msg_id":null}}
[MATCH BROADCAST]
[RECEIVED] {"id":921,"src":"n2","dest":"n1","body":{"type":"broadcast","message":"62","msg_id":null}}
[MATCH BROADCAST]
[BROADCAST REQUEST: n1 -> n4] {"id":0,"src":"n1","dest":"n4","body":{"type":"broadcast","message":"62","msg_id":null}}
[BROADCAST REQUEST: n1 -> n2] {"id":0,"src":"n1","dest":"n2","body":{"type":"broadcast","message":"62","msg_id":null}}
[RECEIVED] {"id":928,"src":"n4","dest":"n1","body":{"type":"broadcast","message":"62","msg_id":null}}
[MATCH BROADCAST]
[RECEIVED] {"id":933,"src":"n4","dest":"n1","body":{"type":"broadcast","message":"63","msg_id":null}}
[MATCH BROADCAST]
[BROADCAST REQUEST: n1 -> n4] {"id":0,"src":"n1","dest":"n4","body":{"type":"broadcast","message":"63","msg_id":null}}
[BROADCAST REQUEST: n1 -> n2] {"id":0,"src":"n1","dest":"n2","body":{"type":"broadcast","message":"63","msg_id":null}}
[RECEIVED] {"id":942,"src":"n2","dest":"n1","body":{"type":"broadcast","message":"63","msg_id":null}}
[MATCH BROADCAST]
[RECEIVED] {"id":946,"src":"c10","dest":"n1","body":{"type":"read","msg_id":48}}
[MATCH READ]
[READ] {"src":"n1","dest":"c10","body":{"type":"read_ok","messages":["0","1","10","11","12","13","14","15","16","17","18","19","2","20","21","22","23","24","25","26","27","28","29","3","30","31","32","33","34","35","36","37","38","39","4","40","41","42","43","44","45","46","47","48","49","5","50","51","52","53","54","55","56","57","58","59","6","60","61","62","63","7","8","9"],"in_reply_to":48,"msg_id":177}}
[RECEIVED] {"id":948,"src":"c10","dest":"n1","body":{"type":"broadcast","message":64,"msg_id":49}}
[MATCH BROADCAST]
[BROADCAST REQUEST: n1 -> n4] {"id":0,"src":"n1","dest":"n4","body":{"type":"broadcast","message":"64","msg_id":null}}
[BROADCAST REQUEST: n1 -> n2] {"id":0,"src":"n1","dest":"n2","body":{"type":"broadcast","message":"64","msg_id":null}}
[BROADCAST] {"src":"n1","dest":"c10","body":{"type":"broadcast_ok","in_reply_to":49,"msg_id":178}}
[RECEIVED] {"id":952,"src":"n4","dest":"n1","body":{"type":"broadcast","message":"64","msg_id":null}}
[MATCH BROADCAST]
[RECEIVED] {"id":956,"src":"n2","dest":"n1","body":{"type":"broadcast","message":"64","msg_id":null}}
[MATCH BROADCAST]
[RECEIVED] {"id":963,"src":"n2","dest":"n1","body":{"type":"broadcast","message":"65","msg_id":null}}
[MATCH BROADCAST]
[BROADCAST REQUEST: n1 -> n4] {"id":0,"src":"n1","dest":"n4","body":{"type":"broadcast","message":"65","msg_id":null}}
[BROADCAST REQUEST: n1 -> n2] {"id":0,"src":"n1","dest":"n2","body":{"type":"broadcast","message":"65","msg_id":null}}
[RECEIVED] {"id":970,"src":"n4","dest":"n1","body":{"type":"broadcast","message":"65","msg_id":null}}
[MATCH BROADCAST]
[RECEIVED] {"id":975,"src":"n4","dest":"n1","body":{"type":"broadcast","message":"66","msg_id":null}}
[MATCH BROADCAST]
[BROADCAST REQUEST: n1 -> n4] {"id":0,"src":"n1","dest":"n4","body":{"type":"broadcast","message":"66","msg_id":null}}
[BROADCAST REQUEST: n1 -> n2] {"id":0,"src":"n1","dest":"n2","body":{"type":"broadcast","message":"66","msg_id":null}}
[RECEIVED] {"id":984,"src":"n2","dest":"n1","body":{"type":"broadcast","message":"66","msg_id":null}}
[MATCH BROADCAST]
[RECEIVED] {"id":988,"src":"c10","dest":"n1","body":{"type":"read","msg_id":50}}
[MATCH READ]
[READ] {"src":"n1","dest":"c10","body":{"type":"read_ok","messages":["0","1","10","11","12","13","14","15","16","17","18","19","2","20","21","22","23","24","25","26","27","28","29","3","30","31","32","33","34","35","36","37","38","39","4","40","41","42","43","44","45","46","47","48","49","5","50","51","52","53","54","55","56","57","58","59","6","60","61","62","63","64","65","66","7","8","9"],"in_reply_to":50,"msg_id":185}}
[RECEIVED] {"id":990,"src":"c10","dest":"n1","body":{"type":"broadcast","message":67,"msg_id":51}}
[MATCH BROADCAST]
[BROADCAST REQUEST: n1 -> n4] {"id":0,"src":"n1","dest":"n4","body":{"type":"broadcast","message":"67","msg_id":null}}
[BROADCAST REQUEST: n1 -> n2] {"id":0,"src":"n1","dest":"n2","body":{"type":"broadcast","message":"67","msg_id":null}}
[BROADCAST] {"src":"n1","dest":"c10","body":{"type":"broadcast_ok","in_reply_to":51,"msg_id":186}}
[RECEIVED] {"id":994,"src":"n4","dest":"n1","body":{"type":"broadcast","message":"67","msg_id":null}}
[MATCH BROADCAST]
[RECEIVED] {"id":998,"src":"n2","dest":"n1","body":{"type":"broadcast","message":"67","msg_id":null}}
[MATCH BROADCAST]
[RECEIVED] {"id":1009,"src":"n2","dest":"n1","body":{"type":"broadcast","message":"68","msg_id":null}}
[MATCH BROADCAST]
[BROADCAST REQUEST: n1 -> n4] {"id":0,"src":"n1","dest":"n4","body":{"type":"broadcast","message":"68","msg_id":null}}
[BROADCAST REQUEST: n1 -> n2] {"id":0,"src":"n1","dest":"n2","body":{"type":"broadcast","message":"68","msg_id":null}}
[RECEIVED] {"id":1014,"src":"n4","dest":"n1","body":{"type":"broadcast","message":"68","msg_id":null}}
[MATCH BROADCAST]
[RECEIVED] {"id":1020,"src":"c10","dest":"n1","body":{"type":"broadcast","message":69,"msg_id":52}}
[MATCH BROADCAST]
[BROADCAST REQUEST: n1 -> n4] {"id":0,"src":"n1","dest":"n4","body":{"type":"broadcast","message":"69","msg_id":null}}
[BROADCAST REQUEST: n1 -> n2] {"id":0,"src":"n1","dest":"n2","body":{"type":"broadcast","message":"69","msg_id":null}}
[BROADCAST] {"src":"n1","dest":"c10","body":{"type":"broadcast_ok","in_reply_to":52,"msg_id":191}}
[RECEIVED] {"id":1024,"src":"n4","dest":"n1","body":{"type":"broadcast","message":"69","msg_id":null}}
[MATCH BROADCAST]
[RECEIVED] {"id":1028,"src":"n2","dest":"n1","body":{"type":"broadcast","message":"69","msg_id":null}}
[MATCH BROADCAST]
[RECEIVED] {"id":1032,"src":"c10","dest":"n1","body":{"type":"read","msg_id":53}}
[MATCH READ]
[READ] {"src":"n1","dest":"c10","body":{"type":"read_ok","messages":["0","1","10","11","12","13","14","15","16","17","18","19","2","20","21","22","23","24","25","26","27","28","29","3","30","31","32","33","34","35","36","37","38","39","4","40","41","42","43","44","45","46","47","48","49","5","50","51","52","53","54","55","56","57","58","59","6","60","61","62","63","64","65","66","67","68","69","7","8","9"],"in_reply_to":53,"msg_id":194}}
[RECEIVED] {"id":1041,"src":"n2","dest":"n1","body":{"type":"broadcast","message":"70","msg_id":null}}
[MATCH BROADCAST]
[BROADCAST REQUEST: n1 -> n4] {"id":0,"src":"n1","dest":"n4","body":{"type":"broadcast","message":"70","msg_id":null}}
[BROADCAST REQUEST: n1 -> n2] {"id":0,"src":"n1","dest":"n2","body":{"type":"broadcast","message":"70","msg_id":null}}
[RECEIVED] {"id":1046,"src":"n4","dest":"n1","body":{"type":"broadcast","message":"70","msg_id":null}}
[MATCH BROADCAST]
[RECEIVED] {"id":1049,"src":"n4","dest":"n1","body":{"type":"broadcast","message":"71","msg_id":null}}
[MATCH BROADCAST]
[BROADCAST REQUEST: n1 -> n4] {"id":0,"src":"n1","dest":"n4","body":{"type":"broadcast","message":"71","msg_id":null}}
[BROADCAST REQUEST: n1 -> n2] {"id":0,"src":"n1","dest":"n2","body":{"type":"broadcast","message":"71","msg_id":null}}
[RECEIVED] {"id":1058,"src":"n2","dest":"n1","body":{"type":"broadcast","message":"71","msg_id":null}}
[MATCH BROADCAST]
[RECEIVED] {"id":1062,"src":"c10","dest":"n1","body":{"type":"broadcast","message":72,"msg_id":54}}
[MATCH BROADCAST]
[BROADCAST REQUEST: n1 -> n4] {"id":0,"src":"n1","dest":"n4","body":{"type":"broadcast","message":"72","msg_id":null}}
[BROADCAST REQUEST: n1 -> n2] {"id":0,"src":"n1","dest":"n2","body":{"type":"broadcast","message":"72","msg_id":null}}
[BROADCAST] {"src":"n1","dest":"c10","body":{"type":"broadcast_ok","in_reply_to":54,"msg_id":199}}
[RECEIVED] {"id":1066,"src":"n4","dest":"n1","body":{"type":"broadcast","message":"72","msg_id":null}}
[MATCH BROADCAST]
[RECEIVED] {"id":1070,"src":"n2","dest":"n1","body":{"type":"broadcast","message":"72","msg_id":null}}
[MATCH BROADCAST]
[RECEIVED] {"id":1074,"src":"c10","dest":"n1","body":{"type":"read","msg_id":55}}
[MATCH READ]
[READ] {"src":"n1","dest":"c10","body":{"type":"read_ok","messages":["0","1","10","11","12","13","14","15","16","17","18","19","2","20","21","22","23","24","25","26","27","28","29","3","30","31","32","33","34","35","36","37","38","39","4","40","41","42","43","44","45","46","47","48","49","5","50","51","52","53","54","55","56","57","58","59","6","60","61","62","63","64","65","66","67","68","69","7","70","71","72","8","9"],"in_reply_to":55,"msg_id":202}}
[RECEIVED] {"id":1079,"src":"n2","dest":"n1","body":{"type":"broadcast","message":"73","msg_id":null}}
[MATCH BROADCAST]
[BROADCAST REQUEST: n1 -> n4] {"id":0,"src":"n1","dest":"n4","body":{"type":"broadcast","message":"73","msg_id":null}}
[BROADCAST REQUEST: n1 -> n2] {"id":0,"src":"n1","dest":"n2","body":{"type":"broadcast","message":"73","msg_id":null}}
[RECEIVED] {"id":1085,"src":"n4","dest":"n1","body":{"type":"broadcast","message":"73","msg_id":null}}
[MATCH BROADCAST]
[RECEIVED] {"id":1093,"src":"n2","dest":"n1","body":{"type":"broadcast","message":"74","msg_id":null}}
[MATCH BROADCAST]
[BROADCAST REQUEST: n1 -> n4] {"id":0,"src":"n1","dest":"n4","body":{"type":"broadcast","message":"74","msg_id":null}}
[BROADCAST REQUEST: n1 -> n2] {"id":0,"src":"n1","dest":"n2","body":{"type":"broadcast","message":"74","msg_id":null}}
[RECEIVED] {"id":1098,"src":"n4","dest":"n1","body":{"type":"broadcast","message":"74","msg_id":null}}
[MATCH BROADCAST]
[RECEIVED] {"id":1104,"src":"c10","dest":"n1","body":{"type":"read","msg_id":56}}
[MATCH READ]
[READ] {"src":"n1","dest":"c10","body":{"type":"read_ok","messages":["0","1","10","11","12","13","14","15","16","17","18","19","2","20","21","22","23","24","25","26","27","28","29","3","30","31","32","33","34","35","36","37","38","39","4","40","41","42","43","44","45","46","47","48","49","5","50","51","52","53","54","55","56","57","58","59","6","60","61","62","63","64","65","66","67","68","69","7","70","71","72","73","74","8","9"],"in_reply_to":56,"msg_id":207}}
[RECEIVED] {"id":1106,"src":"c10","dest":"n1","body":{"type":"broadcast","message":75,"msg_id":57}}
[MATCH BROADCAST]
[BROADCAST REQUEST: n1 -> n4] {"id":0,"src":"n1","dest":"n4","body":{"type":"broadcast","message":"75","msg_id":null}}
[BROADCAST REQUEST: n1 -> n2] {"id":0,"src":"n1","dest":"n2","body":{"type":"broadcast","message":"75","msg_id":null}}
[BROADCAST] {"src":"n1","dest":"c10","body":{"type":"broadcast_ok","in_reply_to":57,"msg_id":208}}
[RECEIVED] {"id":1110,"src":"n4","dest":"n1","body":{"type":"broadcast","message":"75","msg_id":null}}
[MATCH BROADCAST]
[RECEIVED] {"id":1114,"src":"n2","dest":"n1","body":{"type":"broadcast","message":"75","msg_id":null}}
[MATCH BROADCAST]
[RECEIVED] {"id":1125,"src":"n2","dest":"n1","body":{"type":"broadcast","message":"76","msg_id":null}}
[MATCH BROADCAST]
[BROADCAST REQUEST: n1 -> n4] {"id":0,"src":"n1","dest":"n4","body":{"type":"broadcast","message":"76","msg_id":null}}
[BROADCAST REQUEST: n1 -> n2] {"id":0,"src":"n1","dest":"n2","body":{"type":"broadcast","message":"76","msg_id":null}}
[RECEIVED] {"id":1130,"src":"n4","dest":"n1","body":{"type":"broadcast","message":"76","msg_id":null}}
[MATCH BROADCAST]
[RECEIVED] {"id":1136,"src":"c10","dest":"n1","body":{"type":"read","msg_id":58}}
[MATCH READ]
[READ] {"src":"n1","dest":"c10","body":{"type":"read_ok","messages":["0","1","10","11","12","13","14","15","16","17","18","19","2","20","21","22","23","24","25","26","27","28","29","3","30","31","32","33","34","35","36","37","38","39","4","40","41","42","43","44","45","46","47","48","49","5","50","51","52","53","54","55","56","57","58","59","6","60","61","62","63","64","65","66","67","68","69","7","70","71","72","73","74","75","76","8","9"],"in_reply_to":58,"msg_id":213}}
[RECEIVED] {"id":1138,"src":"c10","dest":"n1","body":{"type":"broadcast","message":77,"msg_id":59}}
[MATCH BROADCAST]
[BROADCAST REQUEST: n1 -> n4] {"id":0,"src":"n1","dest":"n4","body":{"type":"broadcast","message":"77","msg_id":null}}
[BROADCAST REQUEST: n1 -> n2] {"id":0,"src":"n1","dest":"n2","body":{"type":"broadcast","message":"77","msg_id":null}}
[BROADCAST] {"src":"n1","dest":"c10","body":{"type":"broadcast_ok","in_reply_to":59,"msg_id":214}}
[RECEIVED] {"id":1142,"src":"n4","dest":"n1","body":{"type":"broadcast","message":"77","msg_id":null}}
[MATCH BROADCAST]
[RECEIVED] {"id":1146,"src":"n2","dest":"n1","body":{"type":"broadcast","message":"77","msg_id":null}}
[MATCH BROADCAST]
[RECEIVED] {"id":1153,"src":"n2","dest":"n1","body":{"type":"broadcast","message":"78","msg_id":null}}
[MATCH BROADCAST]
[BROADCAST REQUEST: n1 -> n4] {"id":0,"src":"n1","dest":"n4","body":{"type":"broadcast","message":"78","msg_id":null}}
[BROADCAST REQUEST: n1 -> n2] {"id":0,"src":"n1","dest":"n2","body":{"type":"broadcast","message":"78","msg_id":null}}
[RECEIVED] {"id":1160,"src":"n4","dest":"n1","body":{"type":"broadcast","message":"78","msg_id":null}}
[MATCH BROADCAST]
[RECEIVED] {"id":1167,"src":"n2","dest":"n1","body":{"type":"broadcast","message":"79","msg_id":null}}
[MATCH BROADCAST]
[BROADCAST REQUEST: n1 -> n4] {"id":0,"src":"n1","dest":"n4","body":{"type":"broadcast","message":"79","msg_id":null}}
[BROADCAST REQUEST: n1 -> n2] {"id":0,"src":"n1","dest":"n2","body":{"type":"broadcast","message":"79","msg_id":null}}
[RECEIVED] {"id":1172,"src":"n4","dest":"n1","body":{"type":"broadcast","message":"79","msg_id":null}}
[MATCH BROADCAST]
[RECEIVED] {"id":1178,"src":"c10","dest":"n1","body":{"type":"read","msg_id":60}}
[MATCH READ]
[READ] {"src":"n1","dest":"c10","body":{"type":"read_ok","messages":["0","1","10","11","12","13","14","15","16","17","18","19","2","20","21","22","23","24","25","26","27","28","29","3","30","31","32","33","34","35","36","37","38","39","4","40","41","42","43","44","45","46","47","48","49","5","50","51","52","53","54","55","56","57","58","59","6","60","61","62","63","64","65","66","67","68","69","7","70","71","72","73","74","75","76","77","78","79","8","9"],"in_reply_to":60,"msg_id":221}}
[RECEIVED] {"id":1180,"src":"c10","dest":"n1","body":{"type":"read","msg_id":61}}
[MATCH READ]
[READ] {"src":"n1","dest":"c10","body":{"type":"read_ok","messages":["0","1","10","11","12","13","14","15","16","17","18","19","2","20","21","22","23","24","25","26","27","28","29","3","30","31","32","33","34","35","36","37","38","39","4","40","41","42","43","44","45","46","47","48","49","5","50","51","52","53","54","55","56","57","58","59","6","60","61","62","63","64","65","66","67","68","69","7","70","71","72","73","74","75","76","77","78","79","8","9"],"in_reply_to":61,"msg_id":222}}
[RECEIVED] {"id":1185,"src":"n2","dest":"n1","body":{"type":"broadcast","message":"80","msg_id":null}}
[MATCH BROADCAST]
[BROADCAST REQUEST: n1 -> n4] {"id":0,"src":"n1","dest":"n4","body":{"type":"broadcast","message":"80","msg_id":null}}
[BROADCAST REQUEST: n1 -> n2] {"id":0,"src":"n1","dest":"n2","body":{"type":"broadcast","message":"80","msg_id":null}}
[RECEIVED] {"id":1192,"src":"n4","dest":"n1","body":{"type":"broadcast","message":"80","msg_id":null}}
[MATCH BROADCAST]
[RECEIVED] {"id":1203,"src":"n4","dest":"n1","body":{"type":"broadcast","message":"81","msg_id":null}}
[MATCH BROADCAST]
[BROADCAST REQUEST: n1 -> n4] {"id":0,"src":"n1","dest":"n4","body":{"type":"broadcast","message":"81","msg_id":null}}
[RECEIVED] {"id":1206,"src":"n2","dest":"n1","body":{"type":"broadcast","message":"81","msg_id":null}}
[MATCH BROADCAST]
[BROADCAST REQUEST: n1 -> n2] {"id":0,"src":"n1","dest":"n2","body":{"type":"broadcast","message":"81","msg_id":null}}
[RECEIVED] {"id":1210,"src":"c10","dest":"n1","body":{"type":"read","msg_id":62}}
[MATCH READ]
[READ] {"src":"n1","dest":"c10","body":{"type":"read_ok","messages":["0","1","10","11","12","13","14","15","16","17","18","19","2","20","21","22","23","24","25","26","27","28","29","3","30","31","32","33","34","35","36","37","38","39","4","40","41","42","43","44","45","46","47","48","49","5","50","51","52","53","54","55","56","57","58","59","6","60","61","62","63","64","65","66","67","68","69","7","70","71","72","73","74","75","76","77","78","79","8","80","81","9"],"in_reply_to":62,"msg_id":227}}
[RECEIVED] {"id":1212,"src":"c10","dest":"n1","body":{"type":"read","msg_id":63}}
[MATCH READ]
[READ] {"src":"n1","dest":"c10","body":{"type":"read_ok","messages":["0","1","10","11","12","13","14","15","16","17","18","19","2","20","21","22","23","24","25","26","27","28","29","3","30","31","32","33","34","35","36","37","38","39","4","40","41","42","43","44","45","46","47","48","49","5","50","51","52","53","54","55","56","57","58","59","6","60","61","62","63","64","65","66","67","68","69","7","70","71","72","73","74","75","76","77","78","79","8","80","81","9"],"in_reply_to":63,"msg_id":228}}
[RECEIVED] {"id":1219,"src":"n4","dest":"n1","body":{"type":"broadcast","message":"82","msg_id":null}}
[MATCH BROADCAST]
[BROADCAST REQUEST: n1 -> n4] {"id":0,"src":"n1","dest":"n4","body":{"type":"broadcast","message":"82","msg_id":null}}
[BROADCAST REQUEST: n1 -> n2] {"id":0,"src":"n1","dest":"n2","body":{"type":"broadcast","message":"82","msg_id":null}}
[RECEIVED] {"id":1228,"src":"n2","dest":"n1","body":{"type":"broadcast","message":"82","msg_id":null}}
[MATCH BROADCAST]
[RECEIVED] {"id":1234,"src":"n4","dest":"n1","body":{"type":"broadcast","message":"83","msg_id":null}}
[MATCH BROADCAST]
[BROADCAST REQUEST: n1 -> n4] {"id":0,"src":"n1","dest":"n4","body":{"type":"broadcast","message":"83","msg_id":null}}
[RECEIVED] {"id":1238,"src":"n2","dest":"n1","body":{"type":"broadcast","message":"83","msg_id":null}}
[BROADCAST REQUEST: n1 -> n2] {"id":0,"src":"n1","dest":"n2","body":{"type":"broadcast","message":"83","msg_id":null}}
[MATCH BROADCAST]
[RECEIVED] {"id":1242,"src":"c10","dest":"n1","body":{"type":"broadcast","message":84,"msg_id":64}}
[MATCH BROADCAST]
[BROADCAST REQUEST: n1 -> n4] {"id":0,"src":"n1","dest":"n4","body":{"type":"broadcast","message":"84","msg_id":null}}
[BROADCAST REQUEST: n1 -> n2] {"id":0,"src":"n1","dest":"n2","body":{"type":"broadcast","message":"84","msg_id":null}}
[BROADCAST] {"src":"n1","dest":"c10","body":{"type":"broadcast_ok","in_reply_to":64,"msg_id":233}}
[RECEIVED] {"id":1246,"src":"n4","dest":"n1","body":{"type":"broadcast","message":"84","msg_id":null}}
[MATCH BROADCAST]
[RECEIVED] {"id":1250,"src":"n2","dest":"n1","body":{"type":"broadcast","message":"84","msg_id":null}}
[MATCH BROADCAST]
[RECEIVED] {"id":1254,"src":"c10","dest":"n1","body":{"type":"broadcast","message":85,"msg_id":65}}
[MATCH BROADCAST]
[BROADCAST REQUEST: n1 -> n4] {"id":0,"src":"n1","dest":"n4","body":{"type":"broadcast","message":"85","msg_id":null}}
[BROADCAST REQUEST: n1 -> n2] {"id":0,"src":"n1","dest":"n2","body":{"type":"broadcast","message":"85","msg_id":null}}
[BROADCAST] {"src":"n1","dest":"c10","body":{"type":"broadcast_ok","in_reply_to":65,"msg_id":236}}
[RECEIVED] {"id":1258,"src":"n4","dest":"n1","body":{"type":"broadcast","message":"85","msg_id":null}}
[MATCH BROADCAST]
[RECEIVED] {"id":1262,"src":"n2","dest":"n1","body":{"type":"broadcast","message":"85","msg_id":null}}
[MATCH BROADCAST]
[RECEIVED] {"id":1273,"src":"n2","dest":"n1","body":{"type":"broadcast","message":"86","msg_id":null}}
[MATCH BROADCAST]
[BROADCAST REQUEST: n1 -> n4] {"id":0,"src":"n1","dest":"n4","body":{"type":"broadcast","message":"86","msg_id":null}}
[BROADCAST REQUEST: n1 -> n2] {"id":0,"src":"n1","dest":"n2","body":{"type":"broadcast","message":"86","msg_id":null}}
[RECEIVED] {"id":1278,"src":"n4","dest":"n1","body":{"type":"broadcast","message":"86","msg_id":null}}
[MATCH BROADCAST]
[RECEIVED] {"id":1286,"src":"n4","dest":"n1","body":{"type":"broadcast","message":"87","msg_id":null}}
[MATCH BROADCAST]
[BROADCAST REQUEST: n1 -> n4] {"id":0,"src":"n1","dest":"n4","body":{"type":"broadcast","message":"87","msg_id":null}}
[RECEIVED] {"id":1290,"src":"n2","dest":"n1","body":{"type":"broadcast","message":"87","msg_id":null}}
[MATCH BROADCAST]
[BROADCAST REQUEST: n1 -> n2] {"id":0,"src":"n1","dest":"n2","body":{"type":"broadcast","message":"87","msg_id":null}}
[RECEIVED] {"id":1294,"src":"c10","dest":"n1","body":{"type":"broadcast","message":88,"msg_id":66}}
[MATCH BROADCAST]
[BROADCAST REQUEST: n1 -> n4] {"id":0,"src":"n1","dest":"n4","body":{"type":"broadcast","message":"88","msg_id":null}}
[BROADCAST REQUEST: n1 -> n2] {"id":0,"src":"n1","dest":"n2","body":{"type":"broadcast","message":"88","msg_id":null}}
[BROADCAST] {"src":"n1","dest":"c10","body":{"type":"broadcast_ok","in_reply_to":66,"msg_id":243}}
[RECEIVED] {"id":1298,"src":"n4","dest":"n1","body":{"type":"broadcast","message":"88","msg_id":null}}
[MATCH BROADCAST]
[RECEIVED] {"id":1302,"src":"n2","dest":"n1","body":{"type":"broadcast","message":"88","msg_id":null}}
[MATCH BROADCAST]
[RECEIVED] {"id":1306,"src":"c10","dest":"n1","body":{"type":"broadcast","message":89,"msg_id":67}}
[MATCH BROADCAST]
[BROADCAST REQUEST: n1 -> n4] {"id":0,"src":"n1","dest":"n4","body":{"type":"broadcast","message":"89","msg_id":null}}
[BROADCAST REQUEST: n1 -> n2] {"id":0,"src":"n1","dest":"n2","body":{"type":"broadcast","message":"89","msg_id":null}}
[BROADCAST] {"src":"n1","dest":"c10","body":{"type":"broadcast_ok","in_reply_to":67,"msg_id":246}}
[RECEIVED] {"id":1310,"src":"n4","dest":"n1","body":{"type":"broadcast","message":"89","msg_id":null}}
[MATCH BROADCAST]
[RECEIVED] {"id":1314,"src":"n2","dest":"n1","body":{"type":"broadcast","message":"89","msg_id":null}}
[MATCH BROADCAST]
[RECEIVED] {"id":1321,"src":"n2","dest":"n1","body":{"type":"broadcast","message":"90","msg_id":null}}
[MATCH BROADCAST]
[BROADCAST REQUEST: n1 -> n4] {"id":0,"src":"n1","dest":"n4","body":{"type":"broadcast","message":"90","msg_id":null}}
[BROADCAST REQUEST: n1 -> n2] {"id":0,"src":"n1","dest":"n2","body":{"type":"broadcast","message":"90","msg_id":null}}
[RECEIVED] {"id":1328,"src":"n4","dest":"n1","body":{"type":"broadcast","message":"90","msg_id":null}}
[MATCH BROADCAST]
[RECEIVED] {"id":1335,"src":"n2","dest":"n1","body":{"type":"broadcast","message":"91","msg_id":null}}
[MATCH BROADCAST]
[BROADCAST REQUEST: n1 -> n4] {"id":0,"src":"n1","dest":"n4","body":{"type":"broadcast","message":"91","msg_id":null}}
[BROADCAST REQUEST: n1 -> n2] {"id":0,"src":"n1","dest":"n2","body":{"type":"broadcast","message":"91","msg_id":null}}
[RECEIVED] {"id":1340,"src":"n4","dest":"n1","body":{"type":"broadcast","message":"91","msg_id":null}}
[MATCH BROADCAST]
[RECEIVED] {"id":1349,"src":"n4","dest":"n1","body":{"type":"broadcast","message":"92","msg_id":null}}
[MATCH BROADCAST]
[RECEIVED] {"id":1352,"src":"n2","dest":"n1","body":{"type":"broadcast","message":"92","msg_id":null}}
[BROADCAST REQUEST: n1 -> n4] {"id":0,"src":"n1","dest":"n4","body":{"type":"broadcast","message":"92","msg_id":null}}
[MATCH BROADCAST]
[BROADCAST REQUEST: n1 -> n2] {"id":0,"src":"n1","dest":"n2","body":{"type":"broadcast","message":"92","msg_id":null}}
[RECEIVED] {"id":1356,"src":"c10","dest":"n1","body":{"type":"read","msg_id":68}}
[MATCH READ]
[READ] {"src":"n1","dest":"c10","body":{"type":"read_ok","messages":["0","1","10","11","12","13","14","15","16","17","18","19","2","20","21","22","23","24","25","26","27","28","29","3","30","31","32","33","34","35","36","37","38","39","4","40","41","42","43","44","45","46","47","48","49","5","50","51","52","53","54","55","56","57","58","59","6","60","61","62","63","64","65","66","67","68","69","7","70","71","72","73","74","75","76","77","78","79","8","80","81","82","83","84","85","86","87","88","89","9","90","91","92"],"in_reply_to":68,"msg_id":255}}
[RECEIVED] {"id":1361,"src":"c10","dest":"n1","body":{"type":"read","msg_id":69}}
[MATCH READ]
[READ] {"src":"n1","dest":"c10","body":{"type":"read_ok","messages":["0","1","10","11","12","13","14","15","16","17","18","19","2","20","21","22","23","24","25","26","27","28","29","3","30","31","32","33","34","35","36","37","38","39","4","40","41","42","43","44","45","46","47","48","49","5","50","51","52","53","54","55","56","57","58","59","6","60","61","62","63","64","65","66","67","68","69","7","70","71","72","73","74","75","76","77","78","79","8","80","81","82","83","84","85","86","87","88","89","9","90","91","92"],"in_reply_to":69,"msg_id":256}}
