[RECEIVED] {"id":0,"src":"c1","dest":"n2","body":{"type":"init","node_id":"n2","node_ids":["n1","n2","n3","n4","n5"],"msg_id":1}}
[MATCH INIT]
[INIT] {"src":"n2","dest":"c1","body":{"type":"init_ok","in_reply_to":1,"msg_id":0}}
[RECEIVED] {"id":13,"src":"c6","dest":"n2","body":{"type":"topology","topology":{"n1":["n4","n2"],"n2":["n5","n3","n1"],"n3":["n2"],"n4":["n1","n5"],"n5":["n2","n4"]},"msg_id":1}}
[MATCH TOPOLOGY]
[TOPOLOGY] {"src":"n2","dest":"c6","body":{"type":"topology_ok","in_reply_to":1,"msg_id":1}}
[RECEIVED] {"id":22,"src":"c11","dest":"n2","body":{"type":"broadcast","message":0,"msg_id":1}}
[MATCH BROADCAST]
[BROADCAST REQUEST: n2 -> n5] {"id":0,"src":"n2","dest":"n5","body":{"type":"broadcast","message":"0","msg_id":null}}
[BROADCAST REQUEST: n2 -> n3] {"id":0,"src":"n2","dest":"n3","body":{"type":"broadcast","message":"0","msg_id":null}}
[BROADCAST REQUEST: n2 -> n1] {"id":0,"src":"n2","dest":"n1","body":{"type":"broadcast","message":"0","msg_id":null}}
[BROADCAST] {"src":"n2","dest":"c11","body":{"type":"broadcast_ok","in_reply_to":1,"msg_id":2}}
[RECEIVED] {"id":27,"src":"n5","dest":"n2","body":{"type":"broadcast","message":"0","msg_id":null}}
[RECEIVED] {"id":28,"src":"n3","dest":"n2","body":{"type":"broadcast","message":"0","msg_id":null}}
[MATCH BROADCAST]
[MATCH BROADCAST]
[RECEIVED] {"id":31,"src":"n1","dest":"n2","body":{"type":"broadcast","message":"0","msg_id":null}}
[MATCH BROADCAST]
[RECEIVED] {"id":41,"src":"n1","dest":"n2","body":{"type":"broadcast","message":"1","msg_id":null}}
[RECEIVED] {"id":42,"src":"n5","dest":"n2","body":{"type":"broadcast","message":"1","msg_id":null}}
[MATCH BROADCAST]
[MATCH BROADCAST]
[BROADCAST REQUEST: n2 -> n5] {"id":0,"src":"n2","dest":"n5","body":{"type":"broadcast","message":"1","msg_id":null}}
[BROADCAST REQUEST: n2 -> n3] {"id":0,"src":"n2","dest":"n3","body":{"type":"broadcast","message":"1","msg_id":null}}
[BROADCAST REQUEST: n2 -> n1] {"id":0,"src":"n2","dest":"n1","body":{"type":"broadcast","message":"1","msg_id":null}}
[RECEIVED] {"id":47,"src":"n3","dest":"n2","body":{"type":"broadcast","message":"1","msg_id":null}}
[MATCH BROADCAST]
[RECEIVED] {"id":52,"src":"n1","dest":"n2","body":{"type":"broadcast","message":"2","msg_id":null}}
[MATCH BROADCAST]
[BROADCAST REQUEST: n2 -> n5] {"id":0,"src":"n2","dest":"n5","body":{"type":"broadcast","message":"2","msg_id":null}}
[BROADCAST REQUEST: n2 -> n3] {"id":0,"src":"n2","dest":"n3","body":{"type":"broadcast","message":"2","msg_id":null}}
[BROADCAST REQUEST: n2 -> n1] {"id":0,"src":"n2","dest":"n1","body":{"type":"broadcast","message":"2","msg_id":null}}
[RECEIVED] {"id":59,"src":"n3","dest":"n2","body":{"type":"broadcast","message":"2","msg_id":null}}
[MATCH BROADCAST]
[RECEIVED] {"id":60,"src":"n5","dest":"n2","body":{"type":"broadcast","message":"2","msg_id":null}}
[MATCH BROADCAST]
[RECEIVED] {"id":64,"src":"n1","dest":"n2","body":{"type":"broadcast","message":"3","msg_id":null}}
[MATCH BROADCAST]
[BROADCAST REQUEST: n2 -> n5] {"id":0,"src":"n2","dest":"n5","body":{"type":"broadcast","message":"3","msg_id":null}}
[BROADCAST REQUEST: n2 -> n3] {"id":0,"src":"n2","dest":"n3","body":{"type":"broadcast","message":"3","msg_id":null}}
[BROADCAST REQUEST: n2 -> n1] {"id":0,"src":"n2","dest":"n1","body":{"type":"broadcast","message":"3","msg_id":null}}
[RECEIVED] {"id":71,"src":"n5","dest":"n2","body":{"type":"broadcast","message":"3","msg_id":null}}
[RECEIVED] {"id":72,"src":"n3","dest":"n2","body":{"type":"broadcast","message":"3","msg_id":null}}
[MATCH BROADCAST]
[MATCH BROADCAST]
[RECEIVED] {"id":74,"src":"c11","dest":"n2","body":{"type":"read","msg_id":2}}
[MATCH READ]
[READ] {"src":"n2","dest":"c11","body":{"type":"read_ok","messages":["0","1","2","3"],"in_reply_to":2,"msg_id":15}}
[RECEIVED] {"id":82,"src":"n5","dest":"n2","body":{"type":"broadcast","message":"4","msg_id":null}}
[MATCH BROADCAST]
[RECEIVED] {"id":85,"src":"n1","dest":"n2","body":{"type":"broadcast","message":"4","msg_id":null}}
[BROADCAST REQUEST: n2 -> n5] {"id":0,"src":"n2","dest":"n5","body":{"type":"broadcast","message":"4","msg_id":null}}
[MATCH BROADCAST]
[BROADCAST REQUEST: n2 -> n3] {"id":0,"src":"n2","dest":"n3","body":{"type":"broadcast","message":"4","msg_id":null}}
[BROADCAST REQUEST: n2 -> n1] {"id":0,"src":"n2","dest":"n1","body":{"type":"broadcast","message":"4","msg_id":null}}
[RECEIVED] {"id":89,"src":"n3","dest":"n2","body":{"type":"broadcast","message":"4","msg_id":null}}
[MATCH BROADCAST]
[RECEIVED] {"id":96,"src":"n1","dest":"n2","body":{"type":"broadcast","message":"5","msg_id":null}}
[MATCH BROADCAST]
[BROADCAST REQUEST: n2 -> n5] {"id":0,"src":"n2","dest":"n5","body":{"type":"broadcast","message":"5","msg_id":null}}
[BROADCAST REQUEST: n2 -> n3] {"id":0,"src":"n2","dest":"n3","body":{"type":"broadcast","message":"5","msg_id":null}}
[BROADCAST REQUEST: n2 -> n1] {"id":0,"src":"n2","dest":"n1","body":{"type":"broadcast","message":"5","msg_id":null}}
[RECEIVED] {"id":103,"src":"n3","dest":"n2","body":{"type":"broadcast","message":"5","msg_id":null}}
[MATCH BROADCAST]
[RECEIVED] {"id":104,"src":"n5","dest":"n2","body":{"type":"broadcast","message":"5","msg_id":null}}
[MATCH BROADCAST]
[RECEIVED] {"id":106,"src":"c11","dest":"n2","body":{"type":"read","msg_id":3}}
[MATCH READ]
[READ] {"src":"n2","dest":"c11","body":{"type":"read_ok","messages":["0","1","2","3","4","5"],"in_reply_to":3,"msg_id":22}}
[RECEIVED] {"id":116,"src":"n5","dest":"n2","body":{"type":"broadcast","message":"6","msg_id":null}}
[MATCH BROADCAST]
[RECEIVED] {"id":118,"src":"n1","dest":"n2","body":{"type":"broadcast","message":"6","msg_id":null}}
[BROADCAST REQUEST: n2 -> n5] {"id":0,"src":"n2","dest":"n5","body":{"type":"broadcast","message":"6","msg_id":null}}
[MATCH BROADCAST]
[BROADCAST REQUEST: n2 -> n3] {"id":0,"src":"n2","dest":"n3","body":{"type":"broadcast","message":"6","msg_id":null}}
[BROADCAST REQUEST: n2 -> n1] {"id":0,"src":"n2","dest":"n1","body":{"type":"broadcast","message":"6","msg_id":null}}
[RECEIVED] {"id":123,"src":"n3","dest":"n2","body":{"type":"broadcast","message":"6","msg_id":null}}
[MATCH BROADCAST]
[RECEIVED] {"id":128,"src":"c11","dest":"n2","body":{"type":"read","msg_id":4}}
[MATCH READ]
[READ] {"src":"n2","dest":"c11","body":{"type":"read_ok","messages":["0","1","2","3","4","5","6"],"in_reply_to":4,"msg_id":26}}
[RECEIVED] {"id":137,"src":"n5","dest":"n2","body":{"type":"broadcast","message":"7","msg_id":null}}
[MATCH BROADCAST]
[BROADCAST REQUEST: n2 -> n5] {"id":0,"src":"n2","dest":"n5","body":{"type":"broadcast","message":"7","msg_id":null}}
[BROADCAST REQUEST: n2 -> n3] {"id":0,"src":"n2","dest":"n3","body":{"type":"broadcast","message":"7","msg_id":null}}
[BROADCAST REQUEST: n2 -> n1] {"id":0,"src":"n2","dest":"n1","body":{"type":"broadcast","message":"7","msg_id":null}}
[RECEIVED] {"id":141,"src":"n1","dest":"n2","body":{"type":"broadcast","message":"7","msg_id":null}}
[MATCH BROADCAST]
[RECEIVED] {"id":143,"src":"n3","dest":"n2","body":{"type":"broadcast","message":"7","msg_id":null}}
[MATCH BROADCAST]
[RECEIVED] {"id":145,"src":"n5","dest":"n2","body":{"type":"broadcast","message":"8","msg_id":null}}
[MATCH BROADCAST]
[BROADCAST REQUEST: n2 -> n5] {"id":0,"src":"n2","dest":"n5","body":{"type":"broadcast","message":"8","msg_id":null}}
[BROADCAST REQUEST: n2 -> n3] {"id":0,"src":"n2","dest":"n3","body":{"type":"broadcast","message":"8","msg_id":null}}
[BROADCAST REQUEST: n2 -> n1] {"id":0,"src":"n2","dest":"n1","body":{"type":"broadcast","message":"8","msg_id":null}}
[RECEIVED] {"id":154,"src":"n3","dest":"n2","body":{"type":"broadcast","message":"8","msg_id":null}}
[MATCH BROADCAST]
[RECEIVED] {"id":155,"src":"n1","dest":"n2","body":{"type":"broadcast","message":"8","msg_id":null}}
[MATCH BROADCAST]
[RECEIVED] {"id":158,"src":"n1","dest":"n2","body":{"type":"broadcast","message":"9","msg_id":null}}
[MATCH BROADCAST]
[BROADCAST REQUEST: n2 -> n5] {"id":0,"src":"n2","dest":"n5","body":{"type":"broadcast","message":"9","msg_id":null}}
[BROADCAST REQUEST: n2 -> n3] {"id":0,"src":"n2","dest":"n3","body":{"type":"broadcast","message":"9","msg_id":null}}
[BROADCAST REQUEST: n2 -> n1] {"id":0,"src":"n2","dest":"n1","body":{"type":"broadcast","message":"9","msg_id":null}}
[RECEIVED] {"id":165,"src":"n5","dest":"n2","body":{"type":"broadcast","message":"9","msg_id":null}}
[MATCH BROADCAST]
[RECEIVED] {"id":167,"src":"n3","dest":"n2","body":{"type":"broadcast","message":"9","msg_id":null}}
[MATCH BROADCAST]
[RECEIVED] {"id":170,"src":"c11","dest":"n2","body":{"type":"read","msg_id":5}}
[MATCH READ]
[READ] {"src":"n2","dest":"c11","body":{"type":"read_ok","messages":["0","1","2","3","4","5","6","7","8","9"],"in_reply_to":5,"msg_id":36}}
[RECEIVED] {"id":173,"src":"n3","dest":"n2","body":{"type":"broadcast","message":"10","msg_id":null}}
[MATCH BROADCAST]
[BROADCAST REQUEST: n2 -> n5] {"id":0,"src":"n2","dest":"n5","body":{"type":"broadcast","message":"10","msg_id":null}}
[BROADCAST REQUEST: n2 -> n3] {"id":0,"src":"n2","dest":"n3","body":{"type":"broadcast","message":"10","msg_id":null}}
[BROADCAST REQUEST: n2 -> n1] {"id":0,"src":"n2","dest":"n1","body":{"type":"broadcast","message":"10","msg_id":null}}
[RECEIVED] {"id":178,"src":"n5","dest":"n2","body":{"type":"broadcast","message":"10","msg_id":null}}
[MATCH BROADCAST]
[RECEIVED] {"id":181,"src":"n1","dest":"n2","body":{"type":"broadcast","message":"10","msg_id":null}}
[MATCH BROADCAST]
[RECEIVED] {"id":189,"src":"n5","dest":"n2","body":{"type":"broadcast","message":"11","msg_id":null}}
[MATCH BROADCAST]
[RECEIVED] {"id":190,"src":"n1","dest":"n2","body":{"type":"broadcast","message":"11","msg_id":null}}
[BROADCAST REQUEST: n2 -> n5] {"id":0,"src":"n2","dest":"n5","body":{"type":"broadcast","message":"11","msg_id":null}}
[MATCH BROADCAST]
[BROADCAST REQUEST: n2 -> n3] {"id":0,"src":"n2","dest":"n3","body":{"type":"broadcast","message":"11","msg_id":null}}
[BROADCAST REQUEST: n2 -> n1] {"id":0,"src":"n2","dest":"n1","body":{"type":"broadcast","message":"11","msg_id":null}}
[RECEIVED] {"id":195,"src":"n3","dest":"n2","body":{"type":"broadcast","message":"11","msg_id":null}}
[MATCH BROADCAST]
[RECEIVED] {"id":200,"src":"n1","dest":"n2","body":{"type":"broadcast","message":"12","msg_id":null}}
[MATCH BROADCAST]
[BROADCAST REQUEST: n2 -> n5] {"id":0,"src":"n2","dest":"n5","body":{"type":"broadcast","message":"12","msg_id":null}}
[BROADCAST REQUEST: n2 -> n3] {"id":0,"src":"n2","dest":"n3","body":{"type":"broadcast","message":"12","msg_id":null}}
[BROADCAST REQUEST: n2 -> n1] {"id":0,"src":"n2","dest":"n1","body":{"type":"broadcast","message":"12","msg_id":null}}
[RECEIVED] {"id":207,"src":"n3","dest":"n2","body":{"type":"broadcast","message":"12","msg_id":null}}
[RECEIVED] {"id":208,"src":"n5","dest":"n2","body":{"type":"broadcast","message":"12","msg_id":null}}
[MATCH BROADCAST]
[MATCH BROADCAST]
[RECEIVED] {"id":212,"src":"c11","dest":"n2","body":{"type":"read","msg_id":6}}
[MATCH READ]
[READ] {"src":"n2","dest":"c11","body":{"type":"read_ok","messages":["0","1","10","11","12","2","3","4","5","6","7","8","9"],"in_reply_to":6,"msg_id":46}}
[RECEIVED] {"id":219,"src":"n5","dest":"n2","body":{"type":"broadcast","message":"13","msg_id":null}}
[MATCH BROADCAST]
[BROADCAST REQUEST: n2 -> n5] {"id":0,"src":"n2","dest":"n5","body":{"type":"broadcast","message":"13","msg_id":null}}
[BROADCAST REQUEST: n2 -> n3] {"id":0,"src":"n2","dest":"n3","body":{"type":"broadcast","message":"13","msg_id":null}}
[BROADCAST REQUEST: n2 -> n1] {"id":0,"src":"n2","dest":"n1","body":{"type":"broadcast","message":"13","msg_id":null}}
[RECEIVED] {"id":228,"src":"n1","dest":"n2","body":{"type":"broadcast","message":"13","msg_id":null}}
[RECEIVED] {"id":229,"src":"n3","dest":"n2","body":{"type":"broadcast","message":"13","msg_id":null}}
[MATCH BROADCAST]
[MATCH BROADCAST]
[RECEIVED] {"id":234,"src":"c11","dest":"n2","body":{"type":"read","msg_id":7}}
[MATCH READ]
[READ] {"src":"n2","dest":"c11","body":{"type":"read_ok","messages":["0","1","10","11","12","13","2","3","4","5","6","7","8","9"],"in_reply_to":7,"msg_id":50}}
[RECEIVED] {"id":237,"src":"n3","dest":"n2","body":{"type":"broadcast","message":"14","msg_id":null}}
[MATCH BROADCAST]
[BROADCAST REQUEST: n2 -> n5] {"id":0,"src":"n2","dest":"n5","body":{"type":"broadcast","message":"14","msg_id":null}}
[BROADCAST REQUEST: n2 -> n3] {"id":0,"src":"n2","dest":"n3","body":{"type":"broadcast","message":"14","msg_id":null}}
[BROADCAST REQUEST: n2 -> n1] {"id":0,"src":"n2","dest":"n1","body":{"type":"broadcast","message":"14","msg_id":null}}
[RECEIVED] {"id":242,"src":"n5","dest":"n2","body":{"type":"broadcast","message":"14","msg_id":null}}
[MATCH BROADCAST]
[RECEIVED] {"id":245,"src":"n1","dest":"n2","body":{"type":"broadcast","message":"14","msg_id":null}}
[MATCH BROADCAST]
[RECEIVED] {"id":251,"src":"n5","dest":"n2","body":{"type":"broadcast","message":"15","msg_id":null}}
[MATCH BROADCAST]
[BROADCAST REQUEST: n2 -> n5] {"id":0,"src":"n2","dest":"n5","body":{"type":"broadcast","message":"15","msg_id":null}}
[BROADCAST REQUEST: n2 -> n3] {"id":0,"src":"n2","dest":"n3","body":{"type":"broadcast","message":"15","msg_id":null}}
[BROADCAST REQUEST: n2 -> n1] {"id":0,"src":"n2","dest":"n1","body":{"type":"broadcast","message":"15","msg_id":null}}
[RECEIVED] {"id":260,"src":"n1","dest":"n2","body":{"type":"broadcast","message":"15","msg_id":null}}
[MATCH BROADCAST]
[RECEIVED] {"id":261,"src":"n3","dest":"n2","body":{"type":"broadcast","message":"15","msg_id":null}}
[MATCH BROADCAST]
[RECEIVED] {"id":264,"src":"n1","dest":"n2","body":{"type":"broadcast","message":"16","msg_id":null}}
[MATCH BROADCAST]
[BROADCAST REQUEST: n2 -> n5] {"id":0,"src":"n2","dest":"n5","body":{"type":"broadcast","message":"16","msg_id":null}}
[BROADCAST REQUEST: n2 -> n3] {"id":0,"src":"n2","dest":"n3","body":{"type":"broadcast","message":"16","msg_id":null}}
[BROADCAST REQUEST: n2 -> n1] {"id":0,"src":"n2","dest":"n1","body":{"type":"broadcast","message":"16","msg_id":null}}
[RECEIVED] {"id":271,"src":"n5","dest":"n2","body":{"type":"broadcast","message":"16","msg_id":null}}
[RECEIVED] {"id":272,"src":"n3","dest":"n2","body":{"type":"broadcast","message":"16","msg_id":null}}
[MATCH BROADCAST]
[MATCH BROADCAST]
[RECEIVED] {"id":276,"src":"c11","dest":"n2","body":{"type":"broadcast","message":17,"msg_id":8}}
[MATCH BROADCAST]
[BROADCAST REQUEST: n2 -> n5] {"id":0,"src":"n2","dest":"n5","body":{"type":"broadcast","message":"17","msg_id":null}}
[BROADCAST REQUEST: n2 -> n3] {"id":0,"src":"n2","dest":"n3","body":{"type":"broadcast","message":"17","msg_id":null}}
[BROADCAST REQUEST: n2 -> n1] {"id":0,"src":"n2","dest":"n1","body":{"type":"broadcast","message":"17","msg_id":null}}
[BROADCAST] {"src":"n2","dest":"c11","body":{"type":"broadcast_ok","in_reply_to":8,"msg_id":60}}
[RECEIVED] {"id":281,"src":"n5","dest":"n2","body":{"type":"broadcast","message":"17","msg_id":null}}
[RECEIVED] {"id":283,"src":"n3","dest":"n2","body":{"type":"broadcast","message":"17","msg_id":null}}
[RECEIVED] {"id":285,"src":"n1","dest":"n2","body":{"type":"broadcast","message":"17","msg_id":null}}
[MATCH BROADCAST]
[MATCH BROADCAST]
[MATCH BROADCAST]
[RECEIVED] {"id":289,"src":"n3","dest":"n2","body":{"type":"broadcast","message":"18","msg_id":null}}
[MATCH BROADCAST]
[BROADCAST REQUEST: n2 -> n5] {"id":0,"src":"n2","dest":"n5","body":{"type":"broadcast","message":"18","msg_id":null}}
[BROADCAST REQUEST: n2 -> n3] {"id":0,"src":"n2","dest":"n3","body":{"type":"broadcast","message":"18","msg_id":null}}
[BROADCAST REQUEST: n2 -> n1] {"id":0,"src":"n2","dest":"n1","body":{"type":"broadcast","message":"18","msg_id":null}}
[RECEIVED] {"id":294,"src":"n5","dest":"n2","body":{"type":"broadcast","message":"18","msg_id":null}}
[MATCH BROADCAST]
[RECEIVED] {"id":297,"src":"n1","dest":"n2","body":{"type":"broadcast","message":"18","msg_id":null}}
[MATCH BROADCAST]
[RECEIVED] {"id":308,"src":"c11","dest":"n2","body":{"type":"read","msg_id":9}}
[MATCH READ]
[READ] {"src":"n2","dest":"c11","body":{"type":"read_ok","messages":["0","1","10","11","12","13","14","15","16","17","18","2","3","4","5","6","7","8","9"],"in_reply_to":9,"msg_id":67}}
[RECEIVED] {"id":317,"src":"n1","dest":"n2","body":{"type":"broadcast","message":"19","msg_id":null}}
[RECEIVED] {"id":318,"src":"n5","dest":"n2","body":{"type":"broadcast","message":"19","msg_id":null}}
[MATCH BROADCAST]
[MATCH BROADCAST]
[BROADCAST REQUEST: n2 -> n5] {"id":0,"src":"n2","dest":"n5","body":{"type":"broadcast","message":"19","msg_id":null}}
[BROADCAST REQUEST: n2 -> n3] {"id":0,"src":"n2","dest":"n3","body":{"type":"broadcast","message":"19","msg_id":null}}
[BROADCAST REQUEST: n2 -> n1] {"id":0,"src":"n2","dest":"n1","body":{"type":"broadcast","message":"19","msg_id":null}}
[RECEIVED] {"id":323,"src":"n3","dest":"n2","body":{"type":"broadcast","message":"19","msg_id":null}}
[MATCH BROADCAST]
[RECEIVED] {"id":328,"src":"n1","dest":"n2","body":{"type":"broadcast","message":"20","msg_id":null}}
[MATCH BROADCAST]
[BROADCAST REQUEST: n2 -> n5] {"id":0,"src":"n2","dest":"n5","body":{"type":"broadcast","message":"20","msg_id":null}}
[BROADCAST REQUEST: n2 -> n3] {"id":0,"src":"n2","dest":"n3","body":{"type":"broadcast","message":"20","msg_id":null}}
[BROADCAST REQUEST: n2 -> n1] {"id":0,"src":"n2","dest":"n1","body":{"type":"broadcast","message":"20","msg_id":null}}
[RECEIVED] {"id":335,"src":"n3","dest":"n2","body":{"type":"broadcast","message":"20","msg_id":null}}
[RECEIVED] {"id":336,"src":"n5","dest":"n2","body":{"type":"broadcast","message":"20","msg_id":null}}
[MATCH BROADCAST]
[MATCH BROADCAST]
[RECEIVED] {"id":340,"src":"c11","dest":"n2","body":{"type":"read","msg_id":10}}
[MATCH READ]
[READ] {"src":"n2","dest":"c11","body":{"type":"read_ok","messages":["0","1","10","11","12","13","14","15","16","17","18","19","2","20","3","4","5","6","7","8","9"],"in_reply_to":10,"msg_id":74}}
[RECEIVED] {"id":343,"src":"n3","dest":"n2","body":{"type":"broadcast","message":"21","msg_id":null}}
[MATCH BROADCAST]
[BROADCAST REQUEST: n2 -> n5] {"id":0,"src":"n2","dest":"n5","body":{"type":"broadcast","message":"21","msg_id":null}}
[BROADCAST REQUEST: n2 -> n3] {"id":0,"src":"n2","dest":"n3","body":{"type":"broadcast","message":"21","msg_id":null}}
[BROADCAST REQUEST: n2 -> n1] {"id":0,"src":"n2","dest":"n1","body":{"type":"broadcast","message":"21","msg_id":null}}
[RECEIVED] {"id":348,"src":"n5","dest":"n2","body":{"type":"broadcast","message":"21","msg_id":null}}
[MATCH BROADCAST]
[RECEIVED] {"id":351,"src":"n1","dest":"n2","body":{"type":"broadcast","message":"21","msg_id":null}}
[MATCH BROADCAST]
[RECEIVED] {"id":359,"src":"n5","dest":"n2","body":{"type":"broadcast","message":"22","msg_id":null}}
[RECEIVED] {"id":361,"src":"n1","dest":"n2","body":{"type":"broadcast","message":"22","msg_id":null}}
[MATCH BROADCAST]
[MATCH BROADCAST]
[BROADCAST REQUEST: n2 -> n5] {"id":0,"src":"n2","dest":"n5","body":{"type":"broadcast","message":"22","msg_id":null}}
[BROADCAST REQUEST: n2 -> n3] {"id":0,"src":"n2","dest":"n3","body":{"type":"broadcast","message":"22","msg_id":null}}
[BROADCAST REQUEST: n2 -> n1] {"id":0,"src":"n2","dest":"n1","body":{"type":"broadcast","message":"22","msg_id":null}}
[RECEIVED] {"id":365,"src":"n3","dest":"n2","body":{"type":"broadcast","message":"22","msg_id":null}}
[MATCH BROADCAST]
[RECEIVED] {"id":370,"src":"n1","dest":"n2","body":{"type":"broadcast","message":"23","msg_id":null}}
[MATCH BROADCAST]
[BROADCAST REQUEST: n2 -> n5] {"id":0,"src":"n2","dest":"n5","body":{"type":"broadcast","message":"23","msg_id":null}}
[BROADCAST REQUEST: n2 -> n3] {"id":0,"src":"n2","dest":"n3","body":{"type":"broadcast","message":"23","msg_id":null}}
[BROADCAST REQUEST: n2 -> n1] {"id":0,"src":"n2","dest":"n1","body":{"type":"broadcast","message":"23","msg_id":null}}
[RECEIVED] {"id":377,"src":"n5","dest":"n2","body":{"type":"broadcast","message":"23","msg_id":null}}
[RECEIVED] {"id":378,"src":"n3","dest":"n2","body":{"type":"broadcast","message":"23","msg_id":null}}
[MATCH BROADCAST]
[MATCH BROADCAST]
[RECEIVED] {"id":382,"src":"c11","dest":"n2","body":{"type":"broadcast","message":24,"msg_id":11}}
[MATCH BROADCAST]
[BROADCAST REQUEST: n2 -> n5] {"id":0,"src":"n2","dest":"n5","body":{"type":"broadcast","message":"24","msg_id":null}}
[BROADCAST REQUEST: n2 -> n3] {"id":0,"src":"n2","dest":"n3","body":{"type":"broadcast","message":"24","msg_id":null}}
[BROADCAST REQUEST: n2 -> n1] {"id":0,"src":"n2","dest":"n1","body":{"type":"broadcast","message":"24","msg_id":null}}
[BROADCAST] {"src":"n2","dest":"c11","body":{"type":"broadcast_ok","in_reply_to":11,"msg_id":84}}
[RECEIVED] {"id":387,"src":"n5","dest":"n2","body":{"type":"broadcast","message":"24","msg_id":null}}
[RECEIVED] {"id":388,"src":"n3","dest":"n2","body":{"type":"broadcast","message":"24","msg_id":null}}
[MATCH BROADCAST]
[MATCH BROADCAST]
[RECEIVED] {"id":391,"src":"n1","dest":"n2","body":{"type":"broadcast","message":"24","msg_id":null}}
[MATCH BROADCAST]
[RECEIVED] {"id":395,"src":"n3","dest":"n2","body":{"type":"broadcast","message":"25","msg_id":null}}
[MATCH BROADCAST]
[BROADCAST REQUEST: n2 -> n5] {"id":0,"src":"n2","dest":"n5","body":{"type":"broadcast","message":"25","msg_id":null}}
[BROADCAST REQUEST: n2 -> n3] {"id":0,"src":"n2","dest":"n3","body":{"type":"broadcast","message":"25","msg_id":null}}
[BROADCAST REQUEST: n2 -> n1] {"id":0,"src":"n2","dest":"n1","body":{"type":"broadcast","message":"25","msg_id":null}}
[RECEIVED] {"id":400,"src":"n5","dest":"n2","body":{"type":"broadcast","message":"25","msg_id":null}}
[MATCH BROADCAST]
[RECEIVED] {"id":403,"src":"n1","dest":"n2","body":{"type":"broadcast","message":"25","msg_id":null}}
[MATCH BROADCAST]
[RECEIVED] {"id":409,"src":"n5","dest":"n2","body":{"type":"broadcast","message":"26","msg_id":null}}
[MATCH BROADCAST]
[BROADCAST REQUEST: n2 -> n5] {"id":0,"src":"n2","dest":"n5","body":{"type":"broadcast","message":"26","msg_id":null}}
[BROADCAST REQUEST: n2 -> n3] {"id":0,"src":"n2","dest":"n3","body":{"type":"broadcast","message":"26","msg_id":null}}
[BROADCAST REQUEST: n2 -> n1] {"id":0,"src":"n2","dest":"n1","body":{"type":"broadcast","message":"26","msg_id":null}}
[RECEIVED] {"id":418,"src":"n3","dest":"n2","body":{"type":"broadcast","message":"26","msg_id":null}}
[MATCH BROADCAST]
[RECEIVED] {"id":419,"src":"n1","dest":"n2","body":{"type":"broadcast","message":"26","msg_id":null}}
[MATCH BROADCAST]
[RECEIVED] {"id":422,"src":"n1","dest":"n2","body":{"type":"broadcast","message":"27","msg_id":null}}
[MATCH BROADCAST]
[BROADCAST REQUEST: n2 -> n5] {"id":0,"src":"n2","dest":"n5","body":{"type":"broadcast","message":"27","msg_id":null}}
[BROADCAST REQUEST: n2 -> n3] {"id":0,"src":"n2","dest":"n3","body":{"type":"broadcast","message":"27","msg_id":null}}
[BROADCAST REQUEST: n2 -> n1] {"id":0,"src":"n2","dest":"n1","body":{"type":"broadcast","message":"27","msg_id":null}}
[RECEIVED] {"id":429,"src":"n3","dest":"n2","body":{"type":"broadcast","message":"27","msg_id":null}}
[RECEIVED] {"id":430,"src":"n5","dest":"n2","body":{"type":"broadcast","message":"27","msg_id":null}}
[MATCH BROADCAST]
[MATCH BROADCAST]
[RECEIVED] {"id":434,"src":"n1","dest":"n2","body":{"type":"broadcast","message":"28","msg_id":null}}
[MATCH BROADCAST]
[BROADCAST REQUEST: n2 -> n5] {"id":0,"src":"n2","dest":"n5","body":{"type":"broadcast","message":"28","msg_id":null}}
[BROADCAST REQUEST: n2 -> n3] {"id":0,"src":"n2","dest":"n3","body":{"type":"broadcast","message":"28","msg_id":null}}
[BROADCAST REQUEST: n2 -> n1] {"id":0,"src":"n2","dest":"n1","body":{"type":"broadcast","message":"28","msg_id":null}}
[RECEIVED] {"id":441,"src":"n3","dest":"n2","body":{"type":"broadcast","message":"28","msg_id":null}}
[RECEIVED] {"id":442,"src":"n5","dest":"n2","body":{"type":"broadcast","message":"28","msg_id":null}}
[MATCH BROADCAST]
[MATCH BROADCAST]
[RECEIVED] {"id":444,"src":"c11","dest":"n2","body":{"type":"read","msg_id":12}}
[MATCH READ]
[READ] {"src":"n2","dest":"c11","body":{"type":"read_ok","messages":["0","1","10","11","12","13","14","15","16","17","18","19","2","20","21","22","23","24","25","26","27","28","3","4","5","6","7","8","9"],"in_reply_to":12,"msg_id":100}}
[RECEIVED] {"id":447,"src":"n3","dest":"n2","body":{"type":"broadcast","message":"29","msg_id":null}}
[MATCH BROADCAST]
[BROADCAST REQUEST: n2 -> n5] {"id":0,"src":"n2","dest":"n5","body":{"type":"broadcast","message":"29","msg_id":null}}
[BROADCAST REQUEST: n2 -> n3] {"id":0,"src":"n2","dest":"n3","body":{"type":"broadcast","message":"29","msg_id":null}}
[BROADCAST REQUEST: n2 -> n1] {"id":0,"src":"n2","dest":"n1","body":{"type":"broadcast","message":"29","msg_id":null}}
[RECEIVED] {"id":452,"src":"n5","dest":"n2","body":{"type":"broadcast","message":"29","msg_id":null}}
[MATCH BROADCAST]
[RECEIVED] {"id":455,"src":"n1","dest":"n2","body":{"type":"broadcast","message":"29","msg_id":null}}
[MATCH BROADCAST]
[RECEIVED] {"id":463,"src":"n5","dest":"n2","body":{"type":"broadcast","message":"30","msg_id":null}}
[RECEIVED] {"id":464,"src":"n1","dest":"n2","body":{"type":"broadcast","message":"30","msg_id":null}}
[MATCH BROADCAST]
[MATCH BROADCAST]
[BROADCAST REQUEST: n2 -> n5] {"id":0,"src":"n2","dest":"n5","body":{"type":"broadcast","message":"30","msg_id":null}}
[BROADCAST REQUEST: n2 -> n3] {"id":0,"src":"n2","dest":"n3","body":{"type":"broadcast","message":"30","msg_id":null}}
[BROADCAST REQUEST: n2 -> n1] {"id":0,"src":"n2","dest":"n1","body":{"type":"broadcast","message":"30","msg_id":null}}
[RECEIVED] {"id":469,"src":"n3","dest":"n2","body":{"type":"broadcast","message":"30","msg_id":null}}
[MATCH BROADCAST]
[RECEIVED] {"id":476,"src":"c11","dest":"n2","body":{"type":"read","msg_id":13}}
[MATCH READ]
[READ] {"src":"n2","dest":"c11","body":{"type":"read_ok","messages":["0","1","10","11","12","13","14","15","16","17","18","19","2","20","21","22","23","24","25","26","27","28","29","3","30","4","5","6","7","8","9"],"in_reply_to":13,"msg_id":107}}
[RECEIVED] {"id":485,"src":"n5","dest":"n2","body":{"type":"broadcast","message":"31","msg_id":null}}
[RECEIVED] {"id":486,"src":"n1","dest":"n2","body":{"type":"broadcast","message":"31","msg_id":null}}
[MATCH BROADCAST]
[MATCH BROADCAST]
[BROADCAST REQUEST: n2 -> n5] {"id":0,"src":"n2","dest":"n5","body":{"type":"broadcast","message":"31","msg_id":null}}
[BROADCAST REQUEST: n2 -> n3] {"id":0,"src":"n2","dest":"n3","body":{"type":"broadcast","message":"31","msg_id":null}}
[BROADCAST REQUEST: n2 -> n1] {"id":0,"src":"n2","dest":"n1","body":{"type":"broadcast","message":"31","msg_id":null}}
[RECEIVED] {"id":491,"src":"n3","dest":"n2","body":{"type":"broadcast","message":"31","msg_id":null}}
[MATCH BROADCAST]
[RECEIVED] {"id":498,"src":"n1","dest":"n2","body":{"type":"broadcast","message":"32","msg_id":null}}
[MATCH BROADCAST]
[BROADCAST REQUEST: n2 -> n5] {"id":0,"src":"n2","dest":"n5","body":{"type":"broadcast","message":"32","msg_id":null}}
[BROADCAST REQUEST: n2 -> n3] {"id":0,"src":"n2","dest":"n3","body":{"type":"broadcast","message":"32","msg_id":null}}
[BROADCAST REQUEST: n2 -> n1] {"id":0,"src":"n2","dest":"n1","body":{"type":"broadcast","message":"32","msg_id":null}}
[RECEIVED] {"id":505,"src":"n3","dest":"n2","body":{"type":"broadcast","message":"32","msg_id":null}}
[RECEIVED] {"id":506,"src":"n5","dest":"n2","body":{"type":"broadcast","message":"32","msg_id":null}}
[MATCH BROADCAST]
[MATCH BROADCAST]
[RECEIVED] {"id":508,"src":"c11","dest":"n2","body":{"type":"read","msg_id":14}}
[MATCH READ]
[READ] {"src":"n2","dest":"c11","body":{"type":"read_ok","messages":["0","1","10","11","12","13","14","15","16","17","18","19","2","20","21","22","23","24","25","26","27","28","29","3","30","31","32","4","5","6","7","8","9"],"in_reply_to":14,"msg_id":114}}
[RECEIVED] {"id":520,"src":"c11","dest":"n2","body":{"type":"broadcast","message":33,"msg_id":15}}
[MATCH BROADCAST]
[BROADCAST REQUEST: n2 -> n5] {"id":0,"src":"n2","dest":"n5","body":{"type":"broadcast","message":"33","msg_id":null}}
[BROADCAST REQUEST: n2 -> n3] {"id":0,"src":"n2","dest":"n3","body":{"type":"broadcast","message":"33","msg_id":null}}
[BROADCAST REQUEST: n2 -> n1] {"id":0,"src":"n2","dest":"n1","body":{"type":"broadcast","message":"33","msg_id":null}}
[BROADCAST] {"src":"n2","dest":"c11","body":{"type":"broadcast_ok","in_reply_to":15,"msg_id":115}}
[RECEIVED] {"id":526,"src":"n3","dest":"n2","body":{"type":"broadcast","message":"33","msg_id":null}}
[MATCH BROADCAST]
[RECEIVED] {"id":527,"src":"n1","dest":"n2","body":{"type":"broadcast","message":"33","msg_id":null}}
[MATCH BROADCAST]
[RECEIVED] {"id":528,"src":"n5","dest":"n2","body":{"type":"broadcast","message":"33","msg_id":null}}
[MATCH BROADCAST]
[RECEIVED] {"id":533,"src":"n3","dest":"n2","body":{"type":"broadcast","message":"34","msg_id":null}}
[MATCH BROADCAST]
[BROADCAST REQUEST: n2 -> n5] {"id":0,"src":"n2","dest":"n5","body":{"type":"broadcast","message":"34","msg_id":null}}
[BROADCAST REQUEST: n2 -> n3] {"id":0,"src":"n2","dest":"n3","body":{"type":"broadcast","message":"34","msg_id":null}}
[BROADCAST REQUEST: n2 -> n1] {"id":0,"src":"n2","dest":"n1","body":{"type":"broadcast","message":"34","msg_id":null}}
[RECEIVED] {"id":538,"src":"n5","dest":"n2","body":{"type":"broadcast","message":"34","msg_id":null}}
[MATCH BROADCAST]
[RECEIVED] {"id":541,"src":"n1","dest":"n2","body":{"type":"broadcast","message":"34","msg_id":null}}
[MATCH BROADCAST]
[RECEIVED] {"id":547,"src":"n5","dest":"n2","body":{"type":"broadcast","message":"35","msg_id":null}}
[MATCH BROADCAST]
[BROADCAST REQUEST: n2 -> n5] {"id":0,"src":"n2","dest":"n5","body":{"type":"broadcast","message":"35","msg_id":null}}
[BROADCAST REQUEST: n2 -> n3] {"id":0,"src":"n2","dest":"n3","body":{"type":"broadcast","message":"35","msg_id":null}}
[BROADCAST REQUEST: n2 -> n1] {"id":0,"src":"n2","dest":"n1","body":{"type":"broadcast","message":"35","msg_id":null}}
[RECEIVED] {"id":555,"src":"n3","dest":"n2","body":{"type":"broadcast","message":"35","msg_id":null}}
[MATCH BROADCAST]
[RECEIVED] {"id":557,"src":"n1","dest":"n2","body":{"type":"broadcast","message":"35","msg_id":null}}
[MATCH BROADCAST]
[RECEIVED] {"id":562,"src":"c11","dest":"n2","body":{"type":"broadcast","message":36,"msg_id":16}}
[MATCH BROADCAST]
[BROADCAST REQUEST: n2 -> n5] {"id":0,"src":"n2","dest":"n5","body":{"type":"broadcast","message":"36","msg_id":null}}
[BROADCAST REQUEST: n2 -> n3] {"id":0,"src":"n2","dest":"n3","body":{"type":"broadcast","message":"36","msg_id":null}}
[BROADCAST REQUEST: n2 -> n1] {"id":0,"src":"n2","dest":"n1","body":{"type":"broadcast","message":"36","msg_id":null}}
[BROADCAST] {"src":"n2","dest":"c11","body":{"type":"broadcast_ok","in_reply_to":16,"msg_id":125}}
[RECEIVED] {"id":567,"src":"n5","dest":"n2","body":{"type":"broadcast","message":"36","msg_id":null}}
[RECEIVED] {"id":568,"src":"n3","dest":"n2","body":{"type":"broadcast","message":"36","msg_id":null}}
[MATCH BROADCAST]
[MATCH BROADCAST]
[RECEIVED] {"id":571,"src":"n1","dest":"n2","body":{"type":"broadcast","message":"36","msg_id":null}}
[MATCH BROADCAST]
[RECEIVED] {"id":575,"src":"n3","dest":"n2","body":{"type":"broadcast","message":"37","msg_id":null}}
[MATCH BROADCAST]
[BROADCAST REQUEST: n2 -> n5] {"id":0,"src":"n2","dest":"n5","body":{"type":"broadcast","message":"37","msg_id":null}}
[BROADCAST REQUEST: n2 -> n3] {"id":0,"src":"n2","dest":"n3","body":{"type":"broadcast","message":"37","msg_id":null}}
[BROADCAST REQUEST: n2 -> n1] {"id":0,"src":"n2","dest":"n1","body":{"type":"broadcast","message":"37","msg_id":null}}
[RECEIVED] {"id":580,"src":"n5","dest":"n2","body":{"type":"broadcast","message":"37","msg_id":null}}
[MATCH BROADCAST]
[RECEIVED] {"id":583,"src":"n1","dest":"n2","body":{"type":"broadcast","message":"37","msg_id":null}}
[MATCH BROADCAST]
[RECEIVED] {"id":594,"src":"c11","dest":"n2","body":{"type":"broadcast","message":38,"msg_id":17}}
[MATCH BROADCAST]
[BROADCAST REQUEST: n2 -> n5] {"id":0,"src":"n2","dest":"n5","body":{"type":"broadcast","message":"38","msg_id":null}}
[BROADCAST REQUEST: n2 -> n3] {"id":0,"src":"n2","dest":"n3","body":{"type":"broadcast","message":"38","msg_id":null}}
[BROADCAST REQUEST: n2 -> n1] {"id":0,"src":"n2","dest":"n1","body":{"type":"broadcast","message":"38","msg_id":null}}
[BROADCAST] {"src":"n2","dest":"c11","body":{"type":"broadcast_ok","in_reply_to":17,"msg_id":132}}
[RECEIVED] {"id":599,"src":"n5","dest":"n2","body":{"type":"broadcast","message":"38","msg_id":null}}
[RECEIVED] {"id":600,"src":"n3","dest":"n2","body":{"type":"broadcast","message":"38","msg_id":null}}
[MATCH BROADCAST]
[MATCH BROADCAST]
[RECEIVED] {"id":603,"src":"n1","dest":"n2","body":{"type":"broadcast","message":"38","msg_id":null}}
[MATCH BROADCAST]
[RECEIVED] {"id":607,"src":"n3","dest":"n2","body":{"type":"broadcast","message":"39","msg_id":null}}
[MATCH BROADCAST]
[BROADCAST REQUEST: n2 -> n5] {"id":0,"src":"n2","dest":"n5","body":{"type":"broadcast","message":"39","msg_id":null}}
[BROADCAST REQUEST: n2 -> n3] {"id":0,"src":"n2","dest":"n3","body":{"type":"broadcast","message":"39","msg_id":null}}
[BROADCAST REQUEST: n2 -> n1] {"id":0,"src":"n2","dest":"n1","body":{"type":"broadcast","message":"39","msg_id":null}}
[RECEIVED] {"id":612,"src":"n5","dest":"n2","body":{"type":"broadcast","message":"39","msg_id":null}}
[MATCH BROADCAST]
[RECEIVED] {"id":615,"src":"n1","dest":"n2","body":{"type":"broadcast","message":"39","msg_id":null}}
[MATCH BROADCAST]
[RECEIVED] {"id":621,"src":"n5","dest":"n2","body":{"type":"broadcast","message":"40","msg_id":null}}
[MATCH BROADCAST]
[BROADCAST REQUEST: n2 -> n5] {"id":0,"src":"n2","dest":"n5","body":{"type":"broadcast","message":"40","msg_id":null}}
[BROADCAST REQUEST: n2 -> n3] {"id":0,"src":"n2","dest":"n3","body":{"type":"broadcast","message":"40","msg_id":null}}
[BROADCAST REQUEST: n2 -> n1] {"id":0,"src":"n2","dest":"n1","body":{"type":"broadcast","message":"40","msg_id":null}}
[RECEIVED] {"id":630,"src":"n3","dest":"n2","body":{"type":"broadcast","message":"40","msg_id":null}}
[RECEIVED] {"id":631,"src":"n1","dest":"n2","body":{"type":"broadcast","message":"40","msg_id":null}}
[MATCH BROADCAST]
[MATCH BROADCAST]
[RECEIVED] {"id":634,"src":"n1","dest":"n2","body":{"type":"broadcast","message":"41","msg_id":null}}
[MATCH BROADCAST]
[BROADCAST REQUEST: n2 -> n5] {"id":0,"src":"n2","dest":"n5","body":{"type":"broadcast","message":"41","msg_id":null}}
[BROADCAST REQUEST: n2 -> n3] {"id":0,"src":"n2","dest":"n3","body":{"type":"broadcast","message":"41","msg_id":null}}
[BROADCAST REQUEST: n2 -> n1] {"id":0,"src":"n2","dest":"n1","body":{"type":"broadcast","message":"41","msg_id":null}}
[RECEIVED] {"id":641,"src":"n5","dest":"n2","body":{"type":"broadcast","message":"41","msg_id":null}}
[MATCH BROADCAST]
[RECEIVED] {"id":642,"src":"n3","dest":"n2","body":{"type":"broadcast","message":"41","msg_id":null}}
[MATCH BROADCAST]
[RECEIVED] {"id":646,"src":"n1","dest":"n2","body":{"type":"broadcast","message":"42","msg_id":null}}
[MATCH BROADCAST]
[BROADCAST REQUEST: n2 -> n5] {"id":0,"src":"n2","dest":"n5","body":{"type":"broadcast","message":"42","msg_id":null}}
[BROADCAST REQUEST: n2 -> n3] {"id":0,"src":"n2","dest":"n3","body":{"type":"broadcast","message":"42","msg_id":null}}
[BROADCAST REQUEST: n2 -> n1] {"id":0,"src":"n2","dest":"n1","body":{"type":"broadcast","message":"42","msg_id":null}}
[RECEIVED] {"id":653,"src":"n5","dest":"n2","body":{"type":"broadcast","message":"42","msg_id":null}}
[MATCH BROADCAST]
[RECEIVED] {"id":654,"src":"n3","dest":"n2","body":{"type":"broadcast","message":"42","msg_id":null}}
[MATCH BROADCAST]
[RECEIVED] {"id":656,"src":"c11","dest":"n2","body":{"type":"broadcast","message":43,"msg_id":18}}
[MATCH BROADCAST]
[BROADCAST REQUEST: n2 -> n5] {"id":0,"src":"n2","dest":"n5","body":{"type":"broadcast","message":"43","msg_id":null}}
[BROADCAST REQUEST: n2 -> n3] {"id":0,"src":"n2","dest":"n3","body":{"type":"broadcast","message":"43","msg_id":null}}
[BROADCAST REQUEST: n2 -> n1] {"id":0,"src":"n2","dest":"n1","body":{"type":"broadcast","message":"43","msg_id":null}}
[BROADCAST] {"src":"n2","dest":"c11","body":{"type":"broadcast_ok","in_reply_to":18,"msg_id":148}}
[RECEIVED] {"id":661,"src":"n5","dest":"n2","body":{"type":"broadcast","message":"43","msg_id":null}}
[RECEIVED] {"id":662,"src":"n3","dest":"n2","body":{"type":"broadcast","message":"43","msg_id":null}}
[MATCH BROADCAST]
[MATCH BROADCAST]
[RECEIVED] {"id":665,"src":"n1","dest":"n2","body":{"type":"broadcast","message":"43","msg_id":null}}
[MATCH BROADCAST]
[RECEIVED] {"id":669,"src":"n3","dest":"n2","body":{"type":"broadcast","message":"44","msg_id":null}}
[MATCH BROADCAST]
[BROADCAST REQUEST: n2 -> n5] {"id":0,"src":"n2","dest":"n5","body":{"type":"broadcast","message":"44","msg_id":null}}
[BROADCAST REQUEST: n2 -> n3] {"id":0,"src":"n2","dest":"n3","body":{"type":"broadcast","message":"44","msg_id":null}}
[BROADCAST REQUEST: n2 -> n1] {"id":0,"src":"n2","dest":"n1","body":{"type":"broadcast","message":"44","msg_id":null}}
[RECEIVED] {"id":675,"src":"n1","dest":"n2","body":{"type":"broadcast","message":"44","msg_id":null}}
[MATCH BROADCAST]
[RECEIVED] {"id":678,"src":"n5","dest":"n2","body":{"type":"broadcast","message":"44","msg_id":null}}
[MATCH BROADCAST]
[RECEIVED] {"id":683,"src":"n5","dest":"n2","body":{"type":"broadcast","message":"45","msg_id":null}}
[MATCH BROADCAST]
[BROADCAST REQUEST: n2 -> n5] {"id":0,"src":"n2","dest":"n5","body":{"type":"broadcast","message":"45","msg_id":null}}
[BROADCAST REQUEST: n2 -> n3] {"id":0,"src":"n2","dest":"n3","body":{"type":"broadcast","message":"45","msg_id":null}}
[BROADCAST REQUEST: n2 -> n1] {"id":0,"src":"n2","dest":"n1","body":{"type":"broadcast","message":"45","msg_id":null}}
[RECEIVED] {"id":692,"src":"n1","dest":"n2","body":{"type":"broadcast","message":"45","msg_id":null}}
[RECEIVED] {"id":693,"src":"n3","dest":"n2","body":{"type":"broadcast","message":"45","msg_id":null}}
[MATCH BROADCAST]
[MATCH BROADCAST]
[RECEIVED] {"id":696,"src":"n1","dest":"n2","body":{"type":"broadcast","message":"46","msg_id":null}}
[MATCH BROADCAST]
[BROADCAST REQUEST: n2 -> n5] {"id":0,"src":"n2","dest":"n5","body":{"type":"broadcast","message":"46","msg_id":null}}
[BROADCAST REQUEST: n2 -> n3] {"id":0,"src":"n2","dest":"n3","body":{"type":"broadcast","message":"46","msg_id":null}}
[BROADCAST REQUEST: n2 -> n1] {"id":0,"src":"n2","dest":"n1","body":{"type":"broadcast","message":"46","msg_id":null}}
[RECEIVED] {"id":703,"src":"n5","dest":"n2","body":{"type":"broadcast","message":"46","msg_id":null}}
[RECEIVED] {"id":704,"src":"n3","dest":"n2","body":{"type":"broadcast","message":"46","msg_id":null}}
[MATCH BROADCAST]
[MATCH BROADCAST]
[RECEIVED] {"id":708,"src":"n1","dest":"n2","body":{"type":"broadcast","message":"47","msg_id":null}}
[MATCH BROADCAST]
[BROADCAST REQUEST: n2 -> n5] {"id":0,"src":"n2","dest":"n5","body":{"type":"broadcast","message":"47","msg_id":null}}
[BROADCAST REQUEST: n2 -> n3] {"id":0,"src":"n2","dest":"n3","body":{"type":"broadcast","message":"47","msg_id":null}}
[BROADCAST REQUEST: n2 -> n1] {"id":0,"src":"n2","dest":"n1","body":{"type":"broadcast","message":"47","msg_id":null}}
[RECEIVED] {"id":715,"src":"n5","dest":"n2","body":{"type":"broadcast","message":"47","msg_id":null}}
[RECEIVED] {"id":716,"src":"n3","dest":"n2","body":{"type":"broadcast","message":"47","msg_id":null}}
[MATCH BROADCAST]
[MATCH BROADCAST]
[RECEIVED] {"id":718,"src":"c11","dest":"n2","body":{"type":"read","msg_id":19}}
[MATCH READ]
[READ] {"src":"n2","dest":"c11","body":{"type":"read_ok","messages":["0","1","10","11","12","13","14","15","16","17","18","19","2","20","21","22","23","24","25","26","27","28","29","3","30","31","32","33","34","35","36","37","38","39","4","40","41","42","43","44","45","46","47","5","6","7","8","9"],"in_reply_to":19,"msg_id":164}}
[RECEIVED] {"id":727,"src":"n5","dest":"n2","body":{"type":"broadcast","message":"48","msg_id":null}}
[RECEIVED] {"id":728,"src":"n1","dest":"n2","body":{"type":"broadcast","message":"48","msg_id":null}}
[MATCH BROADCAST]
[MATCH BROADCAST]
[BROADCAST REQUEST: n2 -> n5] {"id":0,"src":"n2","dest":"n5","body":{"type":"broadcast","message":"48","msg_id":null}}
[BROADCAST REQUEST: n2 -> n3] {"id":0,"src":"n2","dest":"n3","body":{"type":"broadcast","message":"48","msg_id":null}}
[BROADCAST REQUEST: n2 -> n1] {"id":0,"src":"n2","dest":"n1","body":{"type":"broadcast","message":"48","msg_id":null}}
[RECEIVED] {"id":733,"src":"n3","dest":"n2","body":{"type":"broadcast","message":"48","msg_id":null}}
[MATCH BROADCAST]
[RECEIVED] {"id":740,"src":"n1","dest":"n2","body":{"type":"broadcast","message":"49","msg_id":null}}
[MATCH BROADCAST]
[BROADCAST REQUEST: n2 -> n5] {"id":0,"src":"n2","dest":"n5","body":{"type":"broadcast","message":"49","msg_id":null}}
[BROADCAST REQUEST: n2 -> n3] {"id":0,"src":"n2","dest":"n3","body":{"type":"broadcast","message":"49","msg_id":null}}
[BROADCAST REQUEST: n2 -> n1] {"id":0,"src":"n2","dest":"n1","body":{"type":"broadcast","message":"49","msg_id":null}}
[RECEIVED] {"id":747,"src":"n3","dest":"n2","body":{"type":"broadcast","message":"49","msg_id":null}}
[RECEIVED] {"id":748,"src":"n5","dest":"n2","body":{"type":"broadcast","message":"49","msg_id":null}}
[MATCH BROADCAST]
[MATCH BROADCAST]
[RECEIVED] {"id":750,"src":"c11","dest":"n2","body":{"type":"broadcast","message":50,"msg_id":20}}
[MATCH BROADCAST]
[BROADCAST REQUEST: n2 -> n5] {"id":0,"src":"n2","dest":"n5","body":{"type":"broadcast","message":"50","msg_id":null}}
[BROADCAST REQUEST: n2 -> n3] {"id":0,"src":"n2","dest":"n3","body":{"type":"broadcast","message":"50","msg_id":null}}
[BROADCAST REQUEST: n2 -> n1] {"id":0,"src":"n2","dest":"n1","body":{"type":"broadcast","message":"50","msg_id":null}}
[BROADCAST] {"src":"n2","dest":"c11","body":{"type":"broadcast_ok","in_reply_to":20,"msg_id":171}}
[RECEIVED] {"id":755,"src":"n5","dest":"n2","body":{"type":"broadcast","message":"50","msg_id":null}}
[MATCH BROADCAST]
[RECEIVED] {"id":758,"src":"n3","dest":"n2","body":{"type":"broadcast","message":"50","msg_id":null}}
[MATCH BROADCAST]
[RECEIVED] {"id":759,"src":"n1","dest":"n2","body":{"type":"broadcast","message":"50","msg_id":null}}
[MATCH BROADCAST]
[RECEIVED] {"id":770,"src":"n1","dest":"n2","body":{"type":"broadcast","message":"51","msg_id":null}}
[MATCH BROADCAST]
[BROADCAST REQUEST: n2 -> n5] {"id":0,"src":"n2","dest":"n5","body":{"type":"broadcast","message":"51","msg_id":null}}
[BROADCAST REQUEST: n2 -> n3] {"id":0,"src":"n2","dest":"n3","body":{"type":"broadcast","message":"51","msg_id":null}}
[BROADCAST REQUEST: n2 -> n1] {"id":0,"src":"n2","dest":"n1","body":{"type":"broadcast","message":"51","msg_id":null}}
[RECEIVED] {"id":777,"src":"n5","dest":"n2","body":{"type":"broadcast","message":"51","msg_id":null}}
[RECEIVED] {"id":778,"src":"n3","dest":"n2","body":{"type":"broadcast","message":"51","msg_id":null}}
[MATCH BROADCAST]
[MATCH BROADCAST]
[RECEIVED] {"id":782,"src":"c11","dest":"n2","body":{"type":"broadcast","message":52,"msg_id":21}}
[MATCH BROADCAST]
[BROADCAST REQUEST: n2 -> n5] {"id":0,"src":"n2","dest":"n5","body":{"type":"broadcast","message":"52","msg_id":null}}
[BROADCAST REQUEST: n2 -> n3] {"id":0,"src":"n2","dest":"n3","body":{"type":"broadcast","message":"52","msg_id":null}}
[BROADCAST REQUEST: n2 -> n1] {"id":0,"src":"n2","dest":"n1","body":{"type":"broadcast","message":"52","msg_id":null}}
[BROADCAST] {"src":"n2","dest":"c11","body":{"type":"broadcast_ok","in_reply_to":21,"msg_id":178}}
[RECEIVED] {"id":787,"src":"n5","dest":"n2","body":{"type":"broadcast","message":"52","msg_id":null}}
[RECEIVED] {"id":788,"src":"n3","dest":"n2","body":{"type":"broadcast","message":"52","msg_id":null}}
[MATCH BROADCAST]
[MATCH BROADCAST]
[RECEIVED] {"id":791,"src":"n1","dest":"n2","body":{"type":"broadcast","message":"52","msg_id":null}}
[MATCH BROADCAST]
[RECEIVED] {"id":795,"src":"n3","dest":"n2","body":{"type":"broadcast","message":"53","msg_id":null}}
[MATCH BROADCAST]
[BROADCAST REQUEST: n2 -> n5] {"id":0,"src":"n2","dest":"n5","body":{"type":"broadcast","message":"53","msg_id":null}}
[BROADCAST REQUEST: n2 -> n3] {"id":0,"src":"n2","dest":"n3","body":{"type":"broadcast","message":"53","msg_id":null}}
[BROADCAST REQUEST: n2 -> n1] {"id":0,"src":"n2","dest":"n1","body":{"type":"broadcast","message":"53","msg_id":null}}
[RECEIVED] {"id":800,"src":"n5","dest":"n2","body":{"type":"broadcast","message":"53","msg_id":null}}
[MATCH BROADCAST]
[RECEIVED] {"id":803,"src":"n1","dest":"n2","body":{"type":"broadcast","message":"53","msg_id":null}}
[MATCH BROADCAST]
[RECEIVED] {"id":811,"src":"n5","dest":"n2","body":{"type":"broadcast","message":"54","msg_id":null}}
[RECEIVED] {"id":812,"src":"n1","dest":"n2","body":{"type":"broadcast","message":"54","msg_id":null}}
[MATCH BROADCAST]
[MATCH BROADCAST]
[BROADCAST REQUEST: n2 -> n5] {"id":0,"src":"n2","dest":"n5","body":{"type":"broadcast","message":"54","msg_id":null}}
[BROADCAST REQUEST: n2 -> n3] {"id":0,"src":"n2","dest":"n3","body":{"type":"broadcast","message":"54","msg_id":null}}
[BROADCAST REQUEST: n2 -> n1] {"id":0,"src":"n2","dest":"n1","body":{"type":"broadcast","message":"54","msg_id":null}}
[RECEIVED] {"id":817,"src":"n3","dest":"n2","body":{"type":"broadcast","message":"54","msg_id":null}}
[MATCH BROADCAST]
[RECEIVED] {"id":822,"src":"n1","dest":"n2","body":{"type":"broadcast","message":"55","msg_id":null}}
[MATCH BROADCAST]
[BROADCAST REQUEST: n2 -> n5] {"id":0,"src":"n2","dest":"n5","body":{"type":"broadcast","message":"55","msg_id":null}}
[BROADCAST REQUEST: n2 -> n3] {"id":0,"src":"n2","dest":"n3","body":{"type":"broadcast","message":"55","msg_id":null}}
[BROADCAST REQUEST: n2 -> n1] {"id":0,"src":"n2","dest":"n1","body":{"type":"broadcast","message":"55","msg_id":null}}
[RECEIVED] {"id":829,"src":"n5","dest":"n2","body":{"type":"broadcast","message":"55","msg_id":null}}
[MATCH BROADCAST]
[RECEIVED] {"id":831,"src":"n3","dest":"n2","body":{"type":"broadcast","message":"55","msg_id":null}}
[MATCH BROADCAST]
[RECEIVED] {"id":834,"src":"c11","dest":"n2","body":{"type":"read","msg_id":22}}
[MATCH READ]
[READ] {"src":"n2","dest":"c11","body":{"type":"read_ok","messages":["0","1","10","11","12","13","14","15","16","17","18","19","2","20","21","22","23","24","25","26","27","28","29","3","30","31","32","33","34","35","36","37","38","39","4","40","41","42","43","44","45","46","47","48","49","5","50","51","52","53","54","55","6","7","8","9"],"in_reply_to":22,"msg_id":191}}
[RECEIVED] {"id":843,"src":"n5","dest":"n2","body":{"type":"broadcast","message":"56","msg_id":null}}
[MATCH BROADCAST]
[RECEIVED] {"id":844,"src":"n1","dest":"n2","body":{"type":"broadcast","message":"56","msg_id":null}}
[BROADCAST REQUEST: n2 -> n5] {"id":0,"src":"n2","dest":"n5","body":{"type":"broadcast","message":"56","msg_id":null}}
[MATCH BROADCAST]
[BROADCAST REQUEST: n2 -> n3] {"id":0,"src":"n2","dest":"n3","body":{"type":"broadcast","message":"56","msg_id":null}}
[BROADCAST REQUEST: n2 -> n1] {"id":0,"src":"n2","dest":"n1","body":{"type":"broadcast","message":"56","msg_id":null}}
[RECEIVED] {"id":849,"src":"n3","dest":"n2","body":{"type":"broadcast","message":"56","msg_id":null}}
[MATCH BROADCAST]
[RECEIVED] {"id":854,"src":"n1","dest":"n2","body":{"type":"broadcast","message":"57","msg_id":null}}
[MATCH BROADCAST]
[BROADCAST REQUEST: n2 -> n5] {"id":0,"src":"n2","dest":"n5","body":{"type":"broadcast","message":"57","msg_id":null}}
[BROADCAST REQUEST: n2 -> n3] {"id":0,"src":"n2","dest":"n3","body":{"type":"broadcast","message":"57","msg_id":null}}
[BROADCAST REQUEST: n2 -> n1] {"id":0,"src":"n2","dest":"n1","body":{"type":"broadcast","message":"57","msg_id":null}}
[RECEIVED] {"id":861,"src":"n5","dest":"n2","body":{"type":"broadcast","message":"57","msg_id":null}}
[RECEIVED] {"id":862,"src":"n3","dest":"n2","body":{"type":"broadcast","message":"57","msg_id":null}}
[MATCH BROADCAST]
[MATCH BROADCAST]
[RECEIVED] {"id":866,"src":"n1","dest":"n2","body":{"type":"broadcast","message":"58","msg_id":null}}
[MATCH BROADCAST]
[BROADCAST REQUEST: n2 -> n5] {"id":0,"src":"n2","dest":"n5","body":{"type":"broadcast","message":"58","msg_id":null}}
[BROADCAST REQUEST: n2 -> n3] {"id":0,"src":"n2","dest":"n3","body":{"type":"broadcast","message":"58","msg_id":null}}
[BROADCAST REQUEST: n2 -> n1] {"id":0,"src":"n2","dest":"n1","body":{"type":"broadcast","message":"58","msg_id":null}}
[RECEIVED] {"id":873,"src":"n5","dest":"n2","body":{"type":"broadcast","message":"58","msg_id":null}}
[RECEIVED] {"id":874,"src":"n3","dest":"n2","body":{"type":"broadcast","message":"58","msg_id":null}}
[MATCH BROADCAST]
[MATCH BROADCAST]
[RECEIVED] {"id":876,"src":"c11","dest":"n2","body":{"type":"read","msg_id":23}}
[MATCH READ]
[READ] {"src":"n2","dest":"c11","body":{"type":"read_ok","messages":["0","1","10","11","12","13","14","15","16","17","18","19","2","20","21","22","23","24","25","26","27","28","29","3","30","31","32","33","34","35","36","37","38","39","4","40","41","42","43","44","45","46","47","48","49","5","50","51","52","53","54","55","56","57","58","6","7","8","9"],"in_reply_to":23,"msg_id":201}}
[RECEIVED] {"id":883,"src":"n5","dest":"n2","body":{"type":"broadcast","message":"59","msg_id":null}}
[MATCH BROADCAST]
[BROADCAST REQUEST: n2 -> n5] {"id":0,"src":"n2","dest":"n5","body":{"type":"broadcast","message":"59","msg_id":null}}
[BROADCAST REQUEST: n2 -> n3] {"id":0,"src":"n2","dest":"n3","body":{"type":"broadcast","message":"59","msg_id":null}}
[BROADCAST REQUEST: n2 -> n1] {"id":0,"src":"n2","dest":"n1","body":{"type":"broadcast","message":"59","msg_id":null}}
[RECEIVED] {"id":892,"src":"n3","dest":"n2","body":{"type":"broadcast","message":"59","msg_id":null}}
[RECEIVED] {"id":893,"src":"n1","dest":"n2","body":{"type":"broadcast","message":"59","msg_id":null}}
[MATCH BROADCAST]
[MATCH BROADCAST]
[RECEIVED] {"id":896,"src":"n1","dest":"n2","body":{"type":"broadcast","message":"60","msg_id":null}}
[MATCH BROADCAST]
[BROADCAST REQUEST: n2 -> n5] {"id":0,"src":"n2","dest":"n5","body":{"type":"broadcast","message":"60","msg_id":null}}
[BROADCAST REQUEST: n2 -> n3] {"id":0,"src":"n2","dest":"n3","body":{"type":"broadcast","message":"60","msg_id":null}}
[BROADCAST REQUEST: n2 -> n1] {"id":0,"src":"n2","dest":"n1","body":{"type":"broadcast","message":"60","msg_id":null}}
[RECEIVED] {"id":903,"src":"n3","dest":"n2","body":{"type":"broadcast","message":"60","msg_id":null}}
[RECEIVED] {"id":904,"src":"n5","dest":"n2","body":{"type":"broadcast","message":"60","msg_id":null}}
[MATCH BROADCAST]
[MATCH BROADCAST]
[RECEIVED] {"id":908,"src":"n1","dest":"n2","body":{"type":"broadcast","message":"61","msg_id":null}}
[MATCH BROADCAST]
[BROADCAST REQUEST: n2 -> n5] {"id":0,"src":"n2","dest":"n5","body":{"type":"broadcast","message":"61","msg_id":null}}
[BROADCAST REQUEST: n2 -> n3] {"id":0,"src":"n2","dest":"n3","body":{"type":"broadcast","message":"61","msg_id":null}}
[BROADCAST REQUEST: n2 -> n1] {"id":0,"src":"n2","dest":"n1","body":{"type":"broadcast","message":"61","msg_id":null}}
[RECEIVED] {"id":915,"src":"n5","dest":"n2","body":{"type":"broadcast","message":"61","msg_id":null}}
[RECEIVED] {"id":916,"src":"n3","dest":"n2","body":{"type":"broadcast","message":"61","msg_id":null}}
[MATCH BROADCAST]
[MATCH BROADCAST]
[RECEIVED] {"id":918,"src":"c11","dest":"n2","body":{"type":"broadcast","message":62,"msg_id":24}}
[MATCH BROADCAST]
[BROADCAST REQUEST: n2 -> n5] {"id":0,"src":"n2","dest":"n5","body":{"type":"broadcast","message":"62","msg_id":null}}
[BROADCAST REQUEST: n2 -> n3] {"id":0,"src":"n2","dest":"n3","body":{"type":"broadcast","message":"62","msg_id":null}}
[BROADCAST REQUEST: n2 -> n1] {"id":0,"src":"n2","dest":"n1","body":{"type":"broadcast","message":"62","msg_id":null}}
[BROADCAST] {"src":"n2","dest":"c11","body":{"type":"broadcast_ok","in_reply_to":24,"msg_id":211}}
[RECEIVED] {"id":923,"src":"n5","dest":"n2","body":{"type":"broadcast","message":"62","msg_id":null}}
[RECEIVED] {"id":924,"src":"n3","dest":"n2","body":{"type":"broadcast","message":"62","msg_id":null}}
[MATCH BROADCAST]
[MATCH BROADCAST]
[RECEIVED] {"id":927,"src":"n1","dest":"n2","body":{"type":"broadcast","message":"62","msg_id":null}}
[MATCH BROADCAST]
[RECEIVED] {"id":937,"src":"n5","dest":"n2","body":{"type":"broadcast","message":"63","msg_id":null}}
[RECEIVED] {"id":938,"src":"n1","dest":"n2","body":{"type":"broadcast","message":"63","msg_id":null}}
[MATCH BROADCAST]
[MATCH BROADCAST]
[BROADCAST REQUEST: n2 -> n5] {"id":0,"src":"n2","dest":"n5","body":{"type":"broadcast","message":"63","msg_id":null}}
[BROADCAST REQUEST: n2 -> n3] {"id":0,"src":"n2","dest":"n3","body":{"type":"broadcast","message":"63","msg_id":null}}
[BROADCAST REQUEST: n2 -> n1] {"id":0,"src":"n2","dest":"n1","body":{"type":"broadcast","message":"63","msg_id":null}}
[RECEIVED] {"id":943,"src":"n3","dest":"n2","body":{"type":"broadcast","message":"63","msg_id":null}}
[MATCH BROADCAST]
[RECEIVED] {"id":950,"src":"n1","dest":"n2","body":{"type":"broadcast","message":"64","msg_id":null}}
[MATCH BROADCAST]
[BROADCAST REQUEST: n2 -> n5] {"id":0,"src":"n2","dest":"n5","body":{"type":"broadcast","message":"64","msg_id":null}}
[BROADCAST REQUEST: n2 -> n3] {"id":0,"src":"n2","dest":"n3","body":{"type":"broadcast","message":"64","msg_id":null}}
[BROADCAST REQUEST: n2 -> n1] {"id":0,"src":"n2","dest":"n1","body":{"type":"broadcast","message":"64","msg_id":null}}
[RECEIVED] {"id":957,"src":"n3","dest":"n2","body":{"type":"broadcast","message":"64","msg_id":null}}
[RECEIVED] {"id":958,"src":"n5","dest":"n2","body":{"type":"broadcast","message":"64","msg_id":null}}
[MATCH BROADCAST]
[MATCH BROADCAST]
[RECEIVED] {"id":960,"src":"c11","dest":"n2","body":{"type":"broadcast","message":65,"msg_id":25}}
[MATCH BROADCAST]
[BROADCAST REQUEST: n2 -> n5] {"id":0,"src":"n2","dest":"n5","body":{"type":"broadcast","message":"65","msg_id":null}}
[BROADCAST REQUEST: n2 -> n3] {"id":0,"src":"n2","dest":"n3","body":{"type":"broadcast","message":"65","msg_id":null}}
[BROADCAST REQUEST: n2 -> n1] {"id":0,"src":"n2","dest":"n1","body":{"type":"broadcast","message":"65","msg_id":null}}
[BROADCAST] {"src":"n2","dest":"c11","body":{"type":"broadcast_ok","in_reply_to":25,"msg_id":221}}
[RECEIVED] {"id":965,"src":"n5","dest":"n2","body":{"type":"broadcast","message":"65","msg_id":null}}
[RECEIVED] {"id":967,"src":"n3","dest":"n2","body":{"type":"broadcast","message":"65","msg_id":null}}
[MATCH BROADCAST]
[RECEIVED] {"id":969,"src":"n1","dest":"n2","body":{"type":"broadcast","message":"65","msg_id":null}}
[MATCH BROADCAST]
[MATCH BROADCAST]
[RECEIVED] {"id":978,"src":"n5","dest":"n2","body":{"type":"broadcast","message":"66","msg_id":null}}
[RECEIVED] {"id":979,"src":"n1","dest":"n2","body":{"type":"broadcast","message":"66","msg_id":null}}
[MATCH BROADCAST]
[MATCH BROADCAST]
[BROADCAST REQUEST: n2 -> n5] {"id":0,"src":"n2","dest":"n5","body":{"type":"broadcast","message":"66","msg_id":null}}
[BROADCAST REQUEST: n2 -> n3] {"id":0,"src":"n2","dest":"n3","body":{"type":"broadcast","message":"66","msg_id":null}}
[BROADCAST REQUEST: n2 -> n1] {"id":0,"src":"n2","dest":"n1","body":{"type":"broadcast","message":"66","msg_id":null}}
[RECEIVED] {"id":985,"src":"n3","dest":"n2","body":{"type":"broadcast","message":"66","msg_id":null}}
[MATCH BROADCAST]
[RECEIVED] {"id":992,"src":"n1","dest":"n2","body":{"type":"broadcast","message":"67","msg_id":null}}
[MATCH BROADCAST]
[BROADCAST REQUEST: n2 -> n5] {"id":0,"src":"n2","dest":"n5","body":{"type":"broadcast","message":"67","msg_id":null}}
[BROADCAST REQUEST: n2 -> n3] {"id":0,"src":"n2","dest":"n3","body":{"type":"broadcast","message":"67","msg_id":null}}
[BROADCAST REQUEST: n2 -> n1] {"id":0,"src":"n2","dest":"n1","body":{"type":"broadcast","message":"67","msg_id":null}}
[RECEIVED] {"id":999,"src":"n5","dest":"n2","body":{"type":"broadcast","message":"67","msg_id":null}}
[MATCH BROADCAST]
[RECEIVED] {"id":1000,"src":"n3","dest":"n2","body":{"type":"broadcast","message":"67","msg_id":null}}
[MATCH BROADCAST]
[RECEIVED] {"id":1002,"src":"c11","dest":"n2","body":{"type":"read","msg_id":26}}
[MATCH READ]
[READ] {"src":"n2","dest":"c11","body":{"type":"read_ok","messages":["0","1","10","11","12","13","14","15","16","17","18","19","2","20","21","22","23","24","25","26","27","28","29","3","30","31","32","33","34","35","36","37","38","39","4","40","41","42","43","44","45","46","47","48","49","5","50","51","52","53","54","55","56","57","58","59","6","60","61","62","63","64","65","66","67","7","8","9"],"in_reply_to":26,"msg_id":231}}
[RECEIVED] {"id":1005,"src":"n3","dest":"n2","body":{"type":"broadcast","message":"68","msg_id":null}}
[MATCH BROADCAST]
[BROADCAST REQUEST: n2 -> n5] {"id":0,"src":"n2","dest":"n5","body":{"type":"broadcast","message":"68","msg_id":null}}
[BROADCAST REQUEST: n2 -> n3] {"id":0,"src":"n2","dest":"n3","body":{"type":"broadcast","message":"68","msg_id":null}}
[BROADCAST REQUEST: n2 -> n1] {"id":0,"src":"n2","dest":"n1","body":{"type":"broadcast","message":"68","msg_id":null}}
[RECEIVED] {"id":1010,"src":"n5","dest":"n2","body":{"type":"broadcast","message":"68","msg_id":null}}
[MATCH BROADCAST]
[RECEIVED] {"id":1013,"src":"n1","dest":"n2","body":{"type":"broadcast","message":"68","msg_id":null}}
[MATCH BROADCAST]
[RECEIVED] {"id":1022,"src":"n1","dest":"n2","body":{"type":"broadcast","message":"69","msg_id":null}}
[MATCH BROADCAST]
[BROADCAST REQUEST: n2 -> n5] {"id":0,"src":"n2","dest":"n5","body":{"type":"broadcast","message":"69","msg_id":null}}
[BROADCAST REQUEST: n2 -> n3] {"id":0,"src":"n2","dest":"n3","body":{"type":"broadcast","message":"69","msg_id":null}}
[BROADCAST REQUEST: n2 -> n1] {"id":0,"src":"n2","dest":"n1","body":{"type":"broadcast","message":"69","msg_id":null}}
[RECEIVED] {"id":1029,"src":"n5","dest":"n2","body":{"type":"broadcast","message":"69","msg_id":null}}
[RECEIVED] {"id":1030,"src":"n3","dest":"n2","body":{"type":"broadcast","message":"69","msg_id":null}}
[MATCH BROADCAST]
[MATCH BROADCAST]
[RECEIVED] {"id":1034,"src":"c11","dest":"n2","body":{"type":"read","msg_id":27}}
[MATCH READ]
[READ] {"src":"n2","dest":"c11","body":{"type":"read_ok","messages":["0","1","10","11","12","13","14","15","16","17","18","19","2","20","21","22","23","24","25","26","27","28","29","3","30","31","32","33","34","35","36","37","38","39","4","40","41","42","43","44","45","46","47","48","49","5","50","51","52","53","54","55","56","57","58","59","6","60","61","62","63","64","65","66","67","68","69","7","8","9"],"in_reply_to":27,"msg_id":238}}
[RECEIVED] {"id":1037,"src":"n3","dest":"n2","body":{"type":"broadcast","message":"70","msg_id":null}}
[MATCH BROADCAST]
[BROADCAST REQUEST: n2 -> n5] {"id":0,"src":"n2","dest":"n5","body":{"type":"broadcast","message":"70","msg_id":null}}
[BROADCAST REQUEST: n2 -> n3] {"id":0,"src":"n2","dest":"n3","body":{"type":"broadcast","message":"70","msg_id":null}}
[BROADCAST REQUEST: n2 -> n1] {"id":0,"src":"n2","dest":"n1","body":{"type":"broadcast","message":"70","msg_id":null}}
[RECEIVED] {"id":1042,"src":"n5","dest":"n2","body":{"type":"broadcast","message":"70","msg_id":null}}
[MATCH BROADCAST]
[RECEIVED] {"id":1045,"src":"n1","dest":"n2","body":{"type":"broadcast","message":"70","msg_id":null}}
[MATCH BROADCAST]
[RECEIVED] {"id":1053,"src":"n5","dest":"n2","body":{"type":"broadcast","message":"71","msg_id":null}}
[RECEIVED] {"id":1054,"src":"n1","dest":"n2","body":{"type":"broadcast","message":"71","msg_id":null}}
[MATCH BROADCAST]
[MATCH BROADCAST]
[BROADCAST REQUEST: n2 -> n5] {"id":0,"src":"n2","dest":"n5","body":{"type":"broadcast","message":"71","msg_id":null}}
[BROADCAST REQUEST: n2 -> n3] {"id":0,"src":"n2","dest":"n3","body":{"type":"broadcast","message":"71","msg_id":null}}
[BROADCAST REQUEST: n2 -> n1] {"id":0,"src":"n2","dest":"n1","body":{"type":"broadcast","message":"71","msg_id":null}}
[RECEIVED] {"id":1059,"src":"n3","dest":"n2","body":{"type":"broadcast","message":"71","msg_id":null}}
[MATCH BROADCAST]
[RECEIVED] {"id":1064,"src":"n1","dest":"n2","body":{"type":"broadcast","message":"72","msg_id":null}}
[MATCH BROADCAST]
[BROADCAST REQUEST: n2 -> n5] {"id":0,"src":"n2","dest":"n5","body":{"type":"broadcast","message":"72","msg_id":null}}
[BROADCAST REQUEST: n2 -> n3] {"id":0,"src":"n2","dest":"n3","body":{"type":"broadcast","message":"72","msg_id":null}}
[BROADCAST REQUEST: n2 -> n1] {"id":0,"src":"n2","dest":"n1","body":{"type":"broadcast","message":"72","msg_id":null}}
[RECEIVED] {"id":1071,"src":"n3","dest":"n2","body":{"type":"broadcast","message":"72","msg_id":null}}
[RECEIVED] {"id":1072,"src":"n5","dest":"n2","body":{"type":"broadcast","message":"72","msg_id":null}}
[MATCH BROADCAST]
[MATCH BROADCAST]
[RECEIVED] {"id":1076,"src":"c11","dest":"n2","body":{"type":"broadcast","message":73,"msg_id":28}}
[MATCH BROADCAST]
[BROADCAST REQUEST: n2 -> n5] {"id":0,"src":"n2","dest":"n5","body":{"type":"broadcast","message":"73","msg_id":null}}
[BROADCAST REQUEST: n2 -> n3] {"id":0,"src":"n2","dest":"n3","body":{"type":"broadcast","message":"73","msg_id":null}}
[BROADCAST REQUEST: n2 -> n1] {"id":0,"src":"n2","dest":"n1","body":{"type":"broadcast","message":"73","msg_id":null}}
[BROADCAST] {"src":"n2","dest":"c11","body":{"type":"broadcast_ok","in_reply_to":28,"msg_id":248}}
[RECEIVED] {"id":1080,"src":"n5","dest":"n2","body":{"type":"broadcast","message":"73","msg_id":null}}
[RECEIVED] {"id":1082,"src":"n3","dest":"n2","body":{"type":"broadcast","message":"73","msg_id":null}}
[MATCH BROADCAST]
[MATCH BROADCAST]
[RECEIVED] {"id":1086,"src":"n1","dest":"n2","body":{"type":"broadcast","message":"73","msg_id":null}}
[MATCH BROADCAST]
[RECEIVED] {"id":1089,"src":"n3","dest":"n2","body":{"type":"broadcast","message":"74","msg_id":null}}
[MATCH BROADCAST]
[BROADCAST REQUEST: n2 -> n5] {"id":0,"src":"n2","dest":"n5","body":{"type":"broadcast","message":"74","msg_id":null}}
[BROADCAST REQUEST: n2 -> n3] {"id":0,"src":"n2","dest":"n3","body":{"type":"broadcast","message":"74","msg_id":null}}
[BROADCAST REQUEST: n2 -> n1] {"id":0,"src":"n2","dest":"n1","body":{"type":"broadcast","message":"74","msg_id":null}}
[RECEIVED] {"id":1094,"src":"n5","dest":"n2","body":{"type":"broadcast","message":"74","msg_id":null}}
[MATCH BROADCAST]
[RECEIVED] {"id":1097,"src":"n1","dest":"n2","body":{"type":"broadcast","message":"74","msg_id":null}}
[MATCH BROADCAST]
[RECEIVED] {"id":1108,"src":"n1","dest":"n2","body":{"type":"broadcast","message":"75","msg_id":null}}
[MATCH BROADCAST]
[BROADCAST REQUEST: n2 -> n5] {"id":0,"src":"n2","dest":"n5","body":{"type":"broadcast","message":"75","msg_id":null}}
[BROADCAST REQUEST: n2 -> n3] {"id":0,"src":"n2","dest":"n3","body":{"type":"broadcast","message":"75","msg_id":null}}
[BROADCAST REQUEST: n2 -> n1] {"id":0,"src":"n2","dest":"n1","body":{"type":"broadcast","message":"75","msg_id":null}}
[RECEIVED] {"id":1115,"src":"n5","dest":"n2","body":{"type":"broadcast","message":"75","msg_id":null}}
[RECEIVED] {"id":1116,"src":"n3","dest":"n2","body":{"type":"broadcast","message":"75","msg_id":null}}
[MATCH BROADCAST]
[MATCH BROADCAST]
[RECEIVED] {"id":1118,"src":"c11","dest":"n2","body":{"type":"read","msg_id":29}}
[MATCH READ]
[READ] {"src":"n2","dest":"c11","body":{"type":"read_ok","messages":["0","1","10","11","12","13","14","15","16","17","18","19","2","20","21","22","23","24","25","26","27","28","29","3","30","31","32","33","34","35","36","37","38","39","4","40","41","42","43","44","45","46","47","48","49","5","50","51","52","53","54","55","56","57","58","59","6","60","61","62","63","64","65","66","67","68","69","7","70","71","72","73","74","75","8","9"],"in_reply_to":29,"msg_id":258}}
[RECEIVED] {"id":1121,"src":"n3","dest":"n2","body":{"type":"broadcast","message":"76","msg_id":null}}
[MATCH BROADCAST]
[BROADCAST REQUEST: n2 -> n5] {"id":0,"src":"n2","dest":"n5","body":{"type":"broadcast","message":"76","msg_id":null}}
[BROADCAST REQUEST: n2 -> n3] {"id":0,"src":"n2","dest":"n3","body":{"type":"broadcast","message":"76","msg_id":null}}
[BROADCAST REQUEST: n2 -> n1] {"id":0,"src":"n2","dest":"n1","body":{"type":"broadcast","message":"76","msg_id":null}}
[RECEIVED] {"id":1126,"src":"n5","dest":"n2","body":{"type":"broadcast","message":"76","msg_id":null}}
[MATCH BROADCAST]
[RECEIVED] {"id":1129,"src":"n1","dest":"n2","body":{"type":"broadcast","message":"76","msg_id":null}}
[MATCH BROADCAST]
[RECEIVED] {"id":1140,"src":"n1","dest":"n2","body":{"type":"broadcast","message":"77","msg_id":null}}
[MATCH BROADCAST]
[BROADCAST REQUEST: n2 -> n5] {"id":0,"src":"n2","dest":"n5","body":{"type":"broadcast","message":"77","msg_id":null}}
[BROADCAST REQUEST: n2 -> n3] {"id":0,"src":"n2","dest":"n3","body":{"type":"broadcast","message":"77","msg_id":null}}
[BROADCAST REQUEST: n2 -> n1] {"id":0,"src":"n2","dest":"n1","body":{"type":"broadcast","message":"77","msg_id":null}}
[RECEIVED] {"id":1147,"src":"n3","dest":"n2","body":{"type":"broadcast","message":"77","msg_id":null}}
[RECEIVED] {"id":1148,"src":"n5","dest":"n2","body":{"type":"broadcast","message":"77","msg_id":null}}
[MATCH BROADCAST]
[MATCH BROADCAST]
[RECEIVED] {"id":1150,"src":"c11","dest":"n2","body":{"type":"broadcast","message":78,"msg_id":30}}
[MATCH BROADCAST]
[BROADCAST REQUEST: n2 -> n5] {"id":0,"src":"n2","dest":"n5","body":{"type":"broadcast","message":"78","msg_id":null}}
[BROADCAST REQUEST: n2 -> n3] {"id":0,"src":"n2","dest":"n3","body":{"type":"broadcast","message":"78","msg_id":null}}
[BROADCAST REQUEST: n2 -> n1] {"id":0,"src":"n2","dest":"n1","body":{"type":"broadcast","message":"78","msg_id":null}}
[BROADCAST] {"src":"n2","dest":"c11","body":{"type":"broadcast_ok","in_reply_to":30,"msg_id":265}}
[RECEIVED] {"id":1155,"src":"n5","dest":"n2","body":{"type":"broadcast","message":"78","msg_id":null}}
[MATCH BROADCAST]
[RECEIVED] {"id":1156,"src":"n3","dest":"n2","body":{"type":"broadcast","message":"78","msg_id":null}}
[MATCH BROADCAST]
[RECEIVED] {"id":1159,"src":"n1","dest":"n2","body":{"type":"broadcast","message":"78","msg_id":null}}
[MATCH BROADCAST]
[RECEIVED] {"id":1163,"src":"n3","dest":"n2","body":{"type":"broadcast","message":"79","msg_id":null}}
[MATCH BROADCAST]
[BROADCAST REQUEST: n2 -> n5] {"id":0,"src":"n2","dest":"n5","body":{"type":"broadcast","message":"79","msg_id":null}}
[BROADCAST REQUEST: n2 -> n3] {"id":0,"src":"n2","dest":"n3","body":{"type":"broadcast","message":"79","msg_id":null}}
[BROADCAST REQUEST: n2 -> n1] {"id":0,"src":"n2","dest":"n1","body":{"type":"broadcast","message":"79","msg_id":null}}
[RECEIVED] {"id":1168,"src":"n5","dest":"n2","body":{"type":"broadcast","message":"79","msg_id":null}}
[MATCH BROADCAST]
[RECEIVED] {"id":1171,"src":"n1","dest":"n2","body":{"type":"broadcast","message":"79","msg_id":null}}
[MATCH BROADCAST]
[RECEIVED] {"id":1182,"src":"c11","dest":"n2","body":{"type":"broadcast","message":80,"msg_id":31}}
[MATCH BROADCAST]
[BROADCAST REQUEST: n2 -> n5] {"id":0,"src":"n2","dest":"n5","body":{"type":"broadcast","message":"80","msg_id":null}}
[BROADCAST REQUEST: n2 -> n3] {"id":0,"src":"n2","dest":"n3","body":{"type":"broadcast","message":"80","msg_id":null}}
[BROADCAST REQUEST: n2 -> n1] {"id":0,"src":"n2","dest":"n1","body":{"type":"broadcast","message":"80","msg_id":null}}
[BROADCAST] {"src":"n2","dest":"c11","body":{"type":"broadcast_ok","in_reply_to":31,"msg_id":272}}
[RECEIVED] {"id":1187,"src":"n5","dest":"n2","body":{"type":"broadcast","message":"80","msg_id":null}}
[RECEIVED] {"id":1188,"src":"n3","dest":"n2","body":{"type":"broadcast","message":"80","msg_id":null}}
[MATCH BROADCAST]
[MATCH BROADCAST]
[RECEIVED] {"id":1191,"src":"n1","dest":"n2","body":{"type":"broadcast","message":"80","msg_id":null}}
[MATCH BROADCAST]
[RECEIVED] {"id":1199,"src":"n5","dest":"n2","body":{"type":"broadcast","message":"81","msg_id":null}}
[MATCH BROADCAST]
[BROADCAST REQUEST: n2 -> n5] {"id":0,"src":"n2","dest":"n5","body":{"type":"broadcast","message":"81","msg_id":null}}
[BROADCAST REQUEST: n2 -> n3] {"id":0,"src":"n2","dest":"n3","body":{"type":"broadcast","message":"81","msg_id":null}}
[BROADCAST REQUEST: n2 -> n1] {"id":0,"src":"n2","dest":"n1","body":{"type":"broadcast","message":"81","msg_id":null}}
[RECEIVED] {"id":1208,"src":"n1","dest":"n2","body":{"type":"broadcast","message":"81","msg_id":null}}
[RECEIVED] {"id":1209,"src":"n3","dest":"n2","body":{"type":"broadcast","message":"81","msg_id":null}}
[MATCH BROADCAST]
[MATCH BROADCAST]
[RECEIVED] {"id":1214,"src":"c11","dest":"n2","body":{"type":"read","msg_id":32}}
[MATCH READ]
[READ] {"src":"n2","dest":"c11","body":{"type":"read_ok","messages":["0","1","10","11","12","13","14","15","16","17","18","19","2","20","21","22","23","24","25","26","27","28","29","3","30","31","32","33","34","35","36","37","38","39","4","40","41","42","43","44","45","46","47","48","49","5","50","51","52","53","54","55","56","57","58","59","6","60","61","62","63","64","65","66","67","68","69","7","70","71","72","73","74","75","76","77","78","79","8","80","81","9"],"in_reply_to":32,"msg_id":279}}
[RECEIVED] {"id":1223,"src":"n5","dest":"n2","body":{"type":"broadcast","message":"82","msg_id":null}}
[RECEIVED] {"id":1224,"src":"n1","dest":"n2","body":{"type":"broadcast","message":"82","msg_id":null}}
[MATCH BROADCAST]
[MATCH BROADCAST]
[BROADCAST REQUEST: n2 -> n5] {"id":0,"src":"n2","dest":"n5","body":{"type":"broadcast","message":"82","msg_id":null}}
[BROADCAST REQUEST: n2 -> n3] {"id":0,"src":"n2","dest":"n3","body":{"type":"broadcast","message":"82","msg_id":null}}
[BROADCAST REQUEST: n2 -> n1] {"id":0,"src":"n2","dest":"n1","body":{"type":"broadcast","message":"82","msg_id":null}}
[RECEIVED] {"id":1229,"src":"n3","dest":"n2","body":{"type":"broadcast","message":"82","msg_id":null}}
[MATCH BROADCAST]
[RECEIVED] {"id":1231,"src":"n5","dest":"n2","body":{"type":"broadcast","message":"83","msg_id":null}}
[MATCH BROADCAST]
[BROADCAST REQUEST: n2 -> n5] {"id":0,"src":"n2","dest":"n5","body":{"type":"broadcast","message":"83","msg_id":null}}
[BROADCAST REQUEST: n2 -> n3] {"id":0,"src":"n2","dest":"n3","body":{"type":"broadcast","message":"83","msg_id":null}}
[BROADCAST REQUEST: n2 -> n1] {"id":0,"src":"n2","dest":"n1","body":{"type":"broadcast","message":"83","msg_id":null}}
[RECEIVED] {"id":1240,"src":"n3","dest":"n2","body":{"type":"broadcast","message":"83","msg_id":null}}
[MATCH BROADCAST]
[RECEIVED] {"id":1241,"src":"n1","dest":"n2","body":{"type":"broadcast","message":"83","msg_id":null}}
[MATCH BROADCAST]
[RECEIVED] {"id":1244,"src":"n1","dest":"n2","body":{"type":"broadcast","message":"84","msg_id":null}}
[MATCH BROADCAST]
[BROADCAST REQUEST: n2 -> n5] {"id":0,"src":"n2","dest":"n5","body":{"type":"broadcast","message":"84","msg_id":null}}
[BROADCAST REQUEST: n2 -> n3] {"id":0,"src":"n2","dest":"n3","body":{"type":"broadcast","message":"84","msg_id":null}}
[BROADCAST REQUEST: n2 -> n1] {"id":0,"src":"n2","dest":"n1","body":{"type":"broadcast","message":"84","msg_id":null}}
[RECEIVED] {"id":1251,"src":"n5","dest":"n2","body":{"type":"broadcast","message":"84","msg_id":null}}
[RECEIVED] {"id":1252,"src":"n3","dest":"n2","body":{"type":"broadcast","message":"84","msg_id":null}}
[MATCH BROADCAST]
[MATCH BROADCAST]
[RECEIVED] {"id":1256,"src":"n1","dest":"n2","body":{"type":"broadcast","message":"85","msg_id":null}}
[MATCH BROADCAST]
[BROADCAST REQUEST: n2 -> n5] {"id":0,"src":"n2","dest":"n5","body":{"type":"broadcast","message":"85","msg_id":null}}
[BROADCAST REQUEST: n2 -> n3] {"id":0,"src":"n2","dest":"n3","body":{"type":"broadcast","message":"85","msg_id":null}}
[BROADCAST REQUEST: n2 -> n1] {"id":0,"src":"n2","dest":"n1","body":{"type":"broadcast","message":"85","msg_id":null}}
[RECEIVED] {"id":1263,"src":"n3","dest":"n2","body":{"type":"broadcast","message":"85","msg_id":null}}
[RECEIVED] {"id":1264,"src":"n5","dest":"n2","body":{"type":"broadcast","message":"85","msg_id":null}}
[MATCH BROADCAST]
[MATCH BROADCAST]
[RECEIVED] {"id":1266,"src":"c11","dest":"n2","body":{"type":"read","msg_id":33}}
[MATCH READ]
[READ] {"src":"n2","dest":"c11","body":{"type":"read_ok","messages":["0","1","10","11","12","13","14","15","16","17","18","19","2","20","21","22","23","24","25","26","27","28","29","3","30","31","32","33","34","35","36","37","38","39","4","40","41","42","43","44","45","46","47","48","49","5","50","51","52","53","54","55","56","57","58","59","6","60","61","62","63","64","65","66","67","68","69","7","70","71","72","73","74","75","76","77","78","79","8","80","81","82","83","84","85","9"],"in_reply_to":33,"msg_id":292}}
[RECEIVED] {"id":1269,"src":"n3","dest":"n2","body":{"type":"broadcast","message":"86","msg_id":null}}
[MATCH BROADCAST]
[BROADCAST REQUEST: n2 -> n5] {"id":0,"src":"n2","dest":"n5","body":{"type":"broadcast","message":"86","msg_id":null}}
[BROADCAST REQUEST: n2 -> n3] {"id":0,"src":"n2","dest":"n3","body":{"type":"broadcast","message":"86","msg_id":null}}
[BROADCAST REQUEST: n2 -> n1] {"id":0,"src":"n2","dest":"n1","body":{"type":"broadcast","message":"86","msg_id":null}}
[RECEIVED] {"id":1274,"src":"n5","dest":"n2","body":{"type":"broadcast","message":"86","msg_id":null}}
[MATCH BROADCAST]
[RECEIVED] {"id":1277,"src":"n1","dest":"n2","body":{"type":"broadcast","message":"86","msg_id":null}}
[MATCH BROADCAST]
[RECEIVED] {"id":1283,"src":"n5","dest":"n2","body":{"type":"broadcast","message":"87","msg_id":null}}
[MATCH BROADCAST]
[BROADCAST REQUEST: n2 -> n5] {"id":0,"src":"n2","dest":"n5","body":{"type":"broadcast","message":"87","msg_id":null}}
[BROADCAST REQUEST: n2 -> n3] {"id":0,"src":"n2","dest":"n3","body":{"type":"broadcast","message":"87","msg_id":null}}
[BROADCAST REQUEST: n2 -> n1] {"id":0,"src":"n2","dest":"n1","body":{"type":"broadcast","message":"87","msg_id":null}}
[RECEIVED] {"id":1292,"src":"n3","dest":"n2","body":{"type":"broadcast","message":"87","msg_id":null}}
[RECEIVED] {"id":1293,"src":"n1","dest":"n2","body":{"type":"broadcast","message":"87","msg_id":null}}
[MATCH BROADCAST]
[MATCH BROADCAST]
[RECEIVED] {"id":1296,"src":"n1","dest":"n2","body":{"type":"broadcast","message":"88","msg_id":null}}
[MATCH BROADCAST]
[BROADCAST REQUEST: n2 -> n5] {"id":0,"src":"n2","dest":"n5","body":{"type":"broadcast","message":"88","msg_id":null}}
[BROADCAST REQUEST: n2 -> n3] {"id":0,"src":"n2","dest":"n3","body":{"type":"broadcast","message":"88","msg_id":null}}
[BROADCAST REQUEST: n2 -> n1] {"id":0,"src":"n2","dest":"n1","body":{"type":"broadcast","message":"88","msg_id":null}}
[RECEIVED] {"id":1303,"src":"n5","dest":"n2","body":{"type":"broadcast","message":"88","msg_id":null}}
[MATCH BROADCAST]
[RECEIVED] {"id":1304,"src":"n3","dest":"n2","body":{"type":"broadcast","message":"88","msg_id":null}}
[MATCH BROADCAST]
[RECEIVED] {"id":1308,"src":"n1","dest":"n2","body":{"type":"broadcast","message":"89","msg_id":null}}
[MATCH BROADCAST]
[BROADCAST REQUEST: n2 -> n5] {"id":0,"src":"n2","dest":"n5","body":{"type":"broadcast","message":"89","msg_id":null}}
[BROADCAST REQUEST: n2 -> n3] {"id":0,"src":"n2","dest":"n3","body":{"type":"broadcast","message":"89","msg_id":null}}
[BROADCAST REQUEST: n2 -> n1] {"id":0,"src":"n2","dest":"n1","body":{"type":"broadcast","message":"89","msg_id":null}}
[RECEIVED] {"id":1315,"src":"n3","dest":"n2","body":{"type":"broadcast","message":"89","msg_id":null}}
[RECEIVED] {"id":1316,"src":"n5","dest":"n2","body":{"type":"broadcast","message":"89","msg_id":null}}
[MATCH BROADCAST]
[MATCH BROADCAST]
[RECEIVED] {"id":1318,"src":"c11","dest":"n2","body":{"type":"broadcast","message":90,"msg_id":34}}
[MATCH BROADCAST]
[BROADCAST REQUEST: n2 -> n5] {"id":0,"src":"n2","dest":"n5","body":{"type":"broadcast","message":"90","msg_id":null}}
[BROADCAST REQUEST: n2 -> n3] {"id":0,"src":"n2","dest":"n3","body":{"type":"broadcast","message":"90","msg_id":null}}
[BROADCAST REQUEST: n2 -> n1] {"id":0,"src":"n2","dest":"n1","body":{"type":"broadcast","message":"90","msg_id":null}}
[BROADCAST] {"src":"n2","dest":"c11","body":{"type":"broadcast_ok","in_reply_to":34,"msg_id":305}}
[RECEIVED] {"id":1323,"src":"n5","dest":"n2","body":{"type":"broadcast","message":"90","msg_id":null}}
[RECEIVED] {"id":1324,"src":"n3","dest":"n2","body":{"type":"broadcast","message":"90","msg_id":null}}
[MATCH BROADCAST]
[RECEIVED] {"id":1327,"src":"n1","dest":"n2","body":{"type":"broadcast","message":"90","msg_id":null}}
[MATCH BROADCAST]
[MATCH BROADCAST]
[RECEIVED] {"id":1331,"src":"n3","dest":"n2","body":{"type":"broadcast","message":"91","msg_id":null}}
[MATCH BROADCAST]
[BROADCAST REQUEST: n2 -> n5] {"id":0,"src":"n2","dest":"n5","body":{"type":"broadcast","message":"91","msg_id":null}}
[BROADCAST REQUEST: n2 -> n3] {"id":0,"src":"n2","dest":"n3","body":{"type":"broadcast","message":"91","msg_id":null}}
[BROADCAST REQUEST: n2 -> n1] {"id":0,"src":"n2","dest":"n1","body":{"type":"broadcast","message":"91","msg_id":null}}
[RECEIVED] {"id":1336,"src":"n5","dest":"n2","body":{"type":"broadcast","message":"91","msg_id":null}}
[MATCH BROADCAST]
[RECEIVED] {"id":1339,"src":"n1","dest":"n2","body":{"type":"broadcast","message":"91","msg_id":null}}
[MATCH BROADCAST]
[RECEIVED] {"id":1345,"src":"n5","dest":"n2","body":{"type":"broadcast","message":"92","msg_id":null}}
[MATCH BROADCAST]
[BROADCAST REQUEST: n2 -> n5] {"id":0,"src":"n2","dest":"n5","body":{"type":"broadcast","message":"92","msg_id":null}}
[BROADCAST REQUEST: n2 -> n3] {"id":0,"src":"n2","dest":"n3","body":{"type":"broadcast","message":"92","msg_id":null}}
[BROADCAST REQUEST: n2 -> n1] {"id":0,"src":"n2","dest":"n1","body":{"type":"broadcast","message":"92","msg_id":null}}
[RECEIVED] {"id":1354,"src":"n3","dest":"n2","body":{"type":"broadcast","message":"92","msg_id":null}}
[MATCH BROADCAST]
[RECEIVED] {"id":1355,"src":"n1","dest":"n2","body":{"type":"broadcast","message":"92","msg_id":null}}
[MATCH BROADCAST]
[RECEIVED] {"id":1360,"src":"c11","dest":"n2","body":{"type":"read","msg_id":35}}
[MATCH READ]
[READ] {"src":"n2","dest":"c11","body":{"type":"read_ok","messages":["0","1","10","11","12","13","14","15","16","17","18","19","2","20","21","22","23","24","25","26","27","28","29","3","30","31","32","33","34","35","36","37","38","39","4","40","41","42","43","44","45","46","47","48","49","5","50","51","52","53","54","55","56","57","58","59","6","60","61","62","63","64","65","66","67","68","69","7","70","71","72","73","74","75","76","77","78","79","8","80","81","82","83","84","85","86","87","88","89","9","90","91","92"],"in_reply_to":35,"msg_id":315}}
