[RECEIVED] {"id":3,"src":"c3","dest":"n4","body":{"type":"init","node_id":"n4","node_ids":["n1","n2","n3","n4","n5"],"msg_id":1}}
[MATCH INIT]
[INIT] {"src":"n4","dest":"c3","body":{"type":"init_ok","in_reply_to":1,"msg_id":0}}
[RECEIVED] {"id":11,"src":"c8","dest":"n4","body":{"type":"topology","topology":{"n1":["n4","n2"],"n2":["n5","n3","n1"],"n3":["n2"],"n4":["n1","n5"],"n5":["n2","n4"]},"msg_id":1}}
[MATCH TOPOLOGY]
[TOPOLOGY] {"src":"n4","dest":"c8","body":{"type":"topology_ok","in_reply_to":1,"msg_id":1}}
[RECEIVED] {"id":29,"src":"n5","dest":"n4","body":{"type":"broadcast","message":"0","msg_id":null}}
[MATCH BROADCAST]
[RECEIVED] {"id":30,"src":"n1","dest":"n4","body":{"type":"broadcast","message":"0","msg_id":null}}
[BROADCAST REQUEST: n4 -> n1] {"id":0,"src":"n4","dest":"n1","body":{"type":"broadcast","message":"0","msg_id":null}}
[MATCH BROADCAST]
[BROADCAST REQUEST: n4 -> n5] {"id":0,"src":"n4","dest":"n5","body":{"type":"broadcast","message":"0","msg_id":null}}
[RECEIVED] {"id":36,"src":"c13","dest":"n4","body":{"type":"broadcast","message":1,"msg_id":1}}
[MATCH BROADCAST]
[BROADCAST REQUEST: n4 -> n1] {"id":0,"src":"n4","dest":"n1","body":{"type":"broadcast","message":"1","msg_id":null}}
[BROADCAST REQUEST: n4 -> n5] {"id":0,"src":"n4","dest":"n5","body":{"type":"broadcast","message":"1","msg_id":null}}
[BROADCAST] {"src":"n4","dest":"c13","body":{"type":"broadcast_ok","in_reply_to":1,"msg_id":4}}
[RECEIVED] {"id":40,"src":"n1","dest":"n4","body":{"type":"broadcast","message":"1","msg_id":null}}
[MATCH BROADCAST]
[RECEIVED] {"id":43,"src":"n5","dest":"n4","body":{"type":"broadcast","message":"1","msg_id":null}}
[MATCH BROADCAST]
[RECEIVED] {"id":51,"src":"n1","dest":"n4","body":{"type":"broadcast","message":"2","msg_id":null}}
[MATCH BROADCAST]
[BROADCAST REQUEST: n4 -> n1] {"id":0,"src":"n4","dest":"n1","body":{"type":"broadcast","message":"2","msg_id":null}}
[BROADCAST REQUEST: n4 -> n5] {"id":0,"src":"n4","dest":"n5","body":{"type":"broadcast","message":"2","msg_id":null}}
[RECEIVED] {"id":61,"src":"n5","dest":"n4","body":{"type":"broadcast","message":"2","msg_id":null}}
[MATCH BROADCAST]
[RECEIVED] {"id":63,"src":"n1","dest":"n4","body":{"type":"broadcast","message":"3","msg_id":null}}
[MATCH BROADCAST]
[BROADCAST REQUEST: n4 -> n1] {"id":0,"src":"n4","dest":"n1","body":{"type":"broadcast","message":"3","msg_id":null}}
[BROADCAST REQUEST: n4 -> n5] {"id":0,"src":"n4","dest":"n5","body":{"type":"broadcast","message":"3","msg_id":null}}
[RECEIVED] {"id":73,"src":"n5","dest":"n4","body":{"type":"broadcast","message":"3","msg_id":null}}
[MATCH BROADCAST]
[RECEIVED] {"id":78,"src":"c13","dest":"n4","body":{"type":"broadcast","message":4,"msg_id":2}}
[MATCH BROADCAST]
[BROADCAST REQUEST: n4 -> n1] {"id":0,"src":"n4","dest":"n1","body":{"type":"broadcast","message":"4","msg_id":null}}
[BROADCAST REQUEST: n4 -> n5] {"id":0,"src":"n4","dest":"n5","body":{"type":"broadcast","message":"4","msg_id":null}}
[BROADCAST] {"src":"n4","dest":"c13","body":{"type":"broadcast_ok","in_reply_to":2,"msg_id":11}}
[RECEIVED] {"id":83,"src":"n1","dest":"n4","body":{"type":"broadcast","message":"4","msg_id":null}}
[MATCH BROADCAST]
[RECEIVED] {"id":84,"src":"n5","dest":"n4","body":{"type":"broadcast","message":"4","msg_id":null}}
[MATCH BROADCAST]
[RECEIVED] {"id":95,"src":"n1","dest":"n4","body":{"type":"broadcast","message":"5","msg_id":null}}
[MATCH BROADCAST]
[BROADCAST REQUEST: n4 -> n1] {"id":0,"src":"n4","dest":"n1","body":{"type":"broadcast","message":"5","msg_id":null}}
[BROADCAST REQUEST: n4 -> n5] {"id":0,"src":"n4","dest":"n5","body":{"type":"broadcast","message":"5","msg_id":null}}
[RECEIVED] {"id":105,"src":"n5","dest":"n4","body":{"type":"broadcast","message":"5","msg_id":null}}
[MATCH BROADCAST]
[RECEIVED] {"id":110,"src":"c13","dest":"n4","body":{"type":"broadcast","message":6,"msg_id":3}}
[MATCH BROADCAST]
[BROADCAST REQUEST: n4 -> n1] {"id":0,"src":"n4","dest":"n1","body":{"type":"broadcast","message":"6","msg_id":null}}
[BROADCAST REQUEST: n4 -> n5] {"id":0,"src":"n4","dest":"n5","body":{"type":"broadcast","message":"6","msg_id":null}}
[BROADCAST] {"src":"n4","dest":"c13","body":{"type":"broadcast_ok","in_reply_to":3,"msg_id":16}}
[RECEIVED] {"id":117,"src":"n1","dest":"n4","body":{"type":"broadcast","message":"6","msg_id":null}}
[MATCH BROADCAST]
[RECEIVED] {"id":119,"src":"n5","dest":"n4","body":{"type":"broadcast","message":"6","msg_id":null}}
[MATCH BROADCAST]
[RECEIVED] {"id":132,"src":"c13","dest":"n4","body":{"type":"broadcast","message":7,"msg_id":4}}
[MATCH BROADCAST]
[BROADCAST REQUEST: n4 -> n1] {"id":0,"src":"n4","dest":"n1","body":{"type":"broadcast","message":"7","msg_id":null}}
[BROADCAST REQUEST: n4 -> n5] {"id":0,"src":"n4","dest":"n5","body":{"type":"broadcast","message":"7","msg_id":null}}
[BROADCAST] {"src":"n4","dest":"c13","body":{"type":"broadcast_ok","in_reply_to":4,"msg_id":19}}
[RECEIVED] {"id":136,"src":"n1","dest":"n4","body":{"type":"broadcast","message":"7","msg_id":null}}
[MATCH BROADCAST]
[RECEIVED] {"id":138,"src":"n5","dest":"n4","body":{"type":"broadcast","message":"7","msg_id":null}}
[MATCH BROADCAST]
[RECEIVED] {"id":146,"src":"n5","dest":"n4","body":{"type":"broadcast","message":"8","msg_id":null}}
[MATCH BROADCAST]
[BROADCAST REQUEST: n4 -> n1] {"id":0,"src":"n4","dest":"n1","body":{"type":"broadcast","message":"8","msg_id":null}}
[BROADCAST REQUEST: n4 -> n5] {"id":0,"src":"n4","dest":"n5","body":{"type":"broadcast","message":"8","msg_id":null}}
[RECEIVED] {"id":153,"src":"n1","dest":"n4","body":{"type":"broadcast","message":"8","msg_id":null}}
[MATCH BROADCAST]
[RECEIVED] {"id":157,"src":"n1","dest":"n4","body":{"type":"broadcast","message":"9","msg_id":null}}
[MATCH BROADCAST]
[BROADCAST REQUEST: n4 -> n1] {"id":0,"src":"n4","dest":"n1","body":{"type":"broadcast","message":"9","msg_id":null}}
[BROADCAST REQUEST: n4 -> n5] {"id":0,"src":"n4","dest":"n5","body":{"type":"broadcast","message":"9","msg_id":null}}
[RECEIVED] {"id":166,"src":"n5","dest":"n4","body":{"type":"broadcast","message":"9","msg_id":null}}
[MATCH BROADCAST]
[RECEIVED] {"id":179,"src":"n5","dest":"n4","body":{"type":"broadcast","message":"10","msg_id":null}}
[MATCH BROADCAST]
[BROADCAST REQUEST: n4 -> n1] {"id":0,"src":"n4","dest":"n1","body":{"type":"broadcast","message":"10","msg_id":null}}
[BROADCAST REQUEST: n4 -> n5] {"id":0,"src":"n4","dest":"n5","body":{"type":"broadcast","message":"10","msg_id":null}}
[RECEIVED] {"id":180,"src":"n1","dest":"n4","body":{"type":"broadcast","message":"10","msg_id":null}}
[MATCH BROADCAST]
[RECEIVED] {"id":184,"src":"c13","dest":"n4","body":{"type":"broadcast","message":11,"msg_id":5}}
[MATCH BROADCAST]
[BROADCAST REQUEST: n4 -> n1] {"id":0,"src":"n4","dest":"n1","body":{"type":"broadcast","message":"11","msg_id":null}}
[BROADCAST REQUEST: n4 -> n5] {"id":0,"src":"n4","dest":"n5","body":{"type":"broadcast","message":"11","msg_id":null}}
[BROADCAST] {"src":"n4","dest":"c13","body":{"type":"broadcast_ok","in_reply_to":5,"msg_id":28}}
[RECEIVED] {"id":188,"src":"n1","dest":"n4","body":{"type":"broadcast","message":"11","msg_id":null}}
[MATCH BROADCAST]
[RECEIVED] {"id":191,"src":"n5","dest":"n4","body":{"type":"broadcast","message":"11","msg_id":null}}
[MATCH BROADCAST]
[RECEIVED] {"id":199,"src":"n1","dest":"n4","body":{"type":"broadcast","message":"12","msg_id":null}}
[MATCH BROADCAST]
[BROADCAST REQUEST: n4 -> n1] {"id":0,"src":"n4","dest":"n1","body":{"type":"broadcast","message":"12","msg_id":null}}
[BROADCAST REQUEST: n4 -> n5] {"id":0,"src":"n4","dest":"n5","body":{"type":"broadcast","message":"12","msg_id":null}}
[RECEIVED] {"id":209,"src":"n5","dest":"n4","body":{"type":"broadcast","message":"12","msg_id":null}}
[MATCH BROADCAST]
[RECEIVED] {"id":216,"src":"c13","dest":"n4","body":{"type":"read","msg_id":6}}
[MATCH READ]
[READ] {"src":"n4","dest":"c13","body":{"type":"read_ok","messages":["0","1","10","11","12","2","3","4","5","6","7","8","9"],"in_reply_to":6,"msg_id":33}}
[RECEIVED] {"id":220,"src":"n5","dest":"n4","body":{"type":"broadcast","message":"13","msg_id":null}}
[MATCH BROADCAST]
[BROADCAST REQUEST: n4 -> n1] {"id":0,"src":"n4","dest":"n1","body":{"type":"broadcast","message":"13","msg_id":null}}
[BROADCAST REQUEST: n4 -> n5] {"id":0,"src":"n4","dest":"n5","body":{"type":"broadcast","message":"13","msg_id":null}}
[RECEIVED] {"id":227,"src":"n1","dest":"n4","body":{"type":"broadcast","message":"13","msg_id":null}}
[MATCH BROADCAST]
[RECEIVED] {"id":243,"src":"n5","dest":"n4","body":{"type":"broadcast","message":"14","msg_id":null}}
[RECEIVED] {"id":244,"src":"n1","dest":"n4","body":{"type":"broadcast","message":"14","msg_id":null}}
[MATCH BROADCAST]
[MATCH BROADCAST]
[BROADCAST REQUEST: n4 -> n1] {"id":0,"src":"n4","dest":"n1","body":{"type":"broadcast","message":"14","msg_id":null}}
[BROADCAST REQUEST: n4 -> n5] {"id":0,"src":"n4","dest":"n5","body":{"type":"broadcast","message":"14","msg_id":null}}
[RECEIVED] {"id":248,"src":"c13","dest":"n4","body":{"type":"read","msg_id":7}}
[MATCH READ]
[READ] {"src":"n4","dest":"c13","body":{"type":"read_ok","messages":["0","1","10","11","12","13","14","2","3","4","5","6","7","8","9"],"in_reply_to":7,"msg_id":38}}
[RECEIVED] {"id":252,"src":"n5","dest":"n4","body":{"type":"broadcast","message":"15","msg_id":null}}
[MATCH BROADCAST]
[BROADCAST REQUEST: n4 -> n1] {"id":0,"src":"n4","dest":"n1","body":{"type":"broadcast","message":"15","msg_id":null}}
[BROADCAST REQUEST: n4 -> n5] {"id":0,"src":"n4","dest":"n5","body":{"type":"broadcast","message":"15","msg_id":null}}
[RECEIVED] {"id":259,"src":"n1","dest":"n4","body":{"type":"broadcast","message":"15","msg_id":null}}
[MATCH BROADCAST]
[RECEIVED] {"id":263,"src":"n1","dest":"n4","body":{"type":"broadcast","message":"16","msg_id":null}}
[MATCH BROADCAST]
[BROADCAST REQUEST: n4 -> n1] {"id":0,"src":"n4","dest":"n1","body":{"type":"broadcast","message":"16","msg_id":null}}
[BROADCAST REQUEST: n4 -> n5] {"id":0,"src":"n4","dest":"n5","body":{"type":"broadcast","message":"16","msg_id":null}}
[RECEIVED] {"id":273,"src":"n5","dest":"n4","body":{"type":"broadcast","message":"16","msg_id":null}}
[MATCH BROADCAST]
[RECEIVED] {"id":282,"src":"n1","dest":"n4","body":{"type":"broadcast","message":"17","msg_id":null}}
[RECEIVED] {"id":284,"src":"n5","dest":"n4","body":{"type":"broadcast","message":"17","msg_id":null}}
[MATCH BROADCAST]
[MATCH BROADCAST]
[BROADCAST REQUEST: n4 -> n1] {"id":0,"src":"n4","dest":"n1","body":{"type":"broadcast","message":"17","msg_id":null}}
[BROADCAST REQUEST: n4 -> n5] {"id":0,"src":"n4","dest":"n5","body":{"type":"broadcast","message":"17","msg_id":null}}
[RECEIVED] {"id":295,"src":"n5","dest":"n4","body":{"type":"broadcast","message":"18","msg_id":null}}
[RECEIVED] {"id":296,"src":"n1","dest":"n4","body":{"type":"broadcast","message":"18","msg_id":null}}
[MATCH BROADCAST]
[MATCH BROADCAST]
[BROADCAST REQUEST: n4 -> n1] {"id":0,"src":"n4","dest":"n1","body":{"type":"broadcast","message":"18","msg_id":null}}
[BROADCAST REQUEST: n4 -> n5] {"id":0,"src":"n4","dest":"n5","body":{"type":"broadcast","message":"18","msg_id":null}}
[RECEIVED] {"id":300,"src":"c13","dest":"n4","body":{"type":"read","msg_id":8}}
[MATCH READ]
[READ] {"src":"n4","dest":"c13","body":{"type":"read_ok","messages":["0","1","10","11","12","13","14","15","16","17","18","2","3","4","5","6","7","8","9"],"in_reply_to":8,"msg_id":47}}
[RECEIVED] {"id":312,"src":"c13","dest":"n4","body":{"type":"broadcast","message":19,"msg_id":9}}
[MATCH BROADCAST]
[BROADCAST REQUEST: n4 -> n1] {"id":0,"src":"n4","dest":"n1","body":{"type":"broadcast","message":"19","msg_id":null}}
[BROADCAST REQUEST: n4 -> n5] {"id":0,"src":"n4","dest":"n5","body":{"type":"broadcast","message":"19","msg_id":null}}
[BROADCAST] {"src":"n4","dest":"c13","body":{"type":"broadcast_ok","in_reply_to":9,"msg_id":48}}
[RECEIVED] {"id":316,"src":"n1","dest":"n4","body":{"type":"broadcast","message":"19","msg_id":null}}
[MATCH BROADCAST]
[RECEIVED] {"id":319,"src":"n5","dest":"n4","body":{"type":"broadcast","message":"19","msg_id":null}}
[MATCH BROADCAST]
[RECEIVED] {"id":327,"src":"n1","dest":"n4","body":{"type":"broadcast","message":"20","msg_id":null}}
[MATCH BROADCAST]
[BROADCAST REQUEST: n4 -> n1] {"id":0,"src":"n4","dest":"n1","body":{"type":"broadcast","message":"20","msg_id":null}}
[BROADCAST REQUEST: n4 -> n5] {"id":0,"src":"n4","dest":"n5","body":{"type":"broadcast","message":"20","msg_id":null}}
[RECEIVED] {"id":337,"src":"n5","dest":"n4","body":{"type":"broadcast","message":"20","msg_id":null}}
[MATCH BROADCAST]
[RECEIVED] {"id":349,"src":"n5","dest":"n4","body":{"type":"broadcast","message":"21","msg_id":null}}
[RECEIVED] {"id":350,"src":"n1","dest":"n4","body":{"type":"broadcast","message":"21","msg_id":null}}
[MATCH BROADCAST]
[MATCH BROADCAST]
[BROADCAST REQUEST: n4 -> n1] {"id":0,"src":"n4","dest":"n1","body":{"type":"broadcast","message":"21","msg_id":null}}
[BROADCAST REQUEST: n4 -> n5] {"id":0,"src":"n4","dest":"n5","body":{"type":"broadcast","message":"21","msg_id":null}}
[RECEIVED] {"id":354,"src":"c13","dest":"n4","body":{"type":"broadcast","message":22,"msg_id":10}}
[MATCH BROADCAST]
[BROADCAST REQUEST: n4 -> n1] {"id":0,"src":"n4","dest":"n1","body":{"type":"broadcast","message":"22","msg_id":null}}
[BROADCAST REQUEST: n4 -> n5] {"id":0,"src":"n4","dest":"n5","body":{"type":"broadcast","message":"22","msg_id":null}}
[BROADCAST] {"src":"n4","dest":"c13","body":{"type":"broadcast_ok","in_reply_to":10,"msg_id":55}}
[RECEIVED] {"id":358,"src":"n1","dest":"n4","body":{"type":"broadcast","message":"22","msg_id":null}}
[MATCH BROADCAST]
[RECEIVED] {"id":360,"src":"n5","dest":"n4","body":{"type":"broadcast","message":"22","msg_id":null}}
[MATCH BROADCAST]
[RECEIVED] {"id":369,"src":"n1","dest":"n4","body":{"type":"broadcast","message":"23","msg_id":null}}
[MATCH BROADCAST]
[BROADCAST REQUEST: n4 -> n1] {"id":0,"src":"n4","dest":"n1","body":{"type":"broadcast","message":"23","msg_id":null}}
[BROADCAST REQUEST: n4 -> n5] {"id":0,"src":"n4","dest":"n5","body":{"type":"broadcast","message":"23","msg_id":null}}
[RECEIVED] {"id":379,"src":"n5","dest":"n4","body":{"type":"broadcast","message":"23","msg_id":null}}
[MATCH BROADCAST]
[RECEIVED] {"id":389,"src":"n5","dest":"n4","body":{"type":"broadcast","message":"24","msg_id":null}}
[RECEIVED] {"id":390,"src":"n1","dest":"n4","body":{"type":"broadcast","message":"24","msg_id":null}}
[MATCH BROADCAST]
[MATCH BROADCAST]
[BROADCAST REQUEST: n4 -> n1] {"id":0,"src":"n4","dest":"n1","body":{"type":"broadcast","message":"24","msg_id":null}}
[BROADCAST REQUEST: n4 -> n5] {"id":0,"src":"n4","dest":"n5","body":{"type":"broadcast","message":"24","msg_id":null}}
[RECEIVED] {"id":401,"src":"n5","dest":"n4","body":{"type":"broadcast","message":"25","msg_id":null}}
[RECEIVED] {"id":402,"src":"n1","dest":"n4","body":{"type":"broadcast","message":"25","msg_id":null}}
[MATCH BROADCAST]
[MATCH BROADCAST]
[BROADCAST REQUEST: n4 -> n1] {"id":0,"src":"n4","dest":"n1","body":{"type":"broadcast","message":"25","msg_id":null}}
[BROADCAST REQUEST: n4 -> n5] {"id":0,"src":"n4","dest":"n5","body":{"type":"broadcast","message":"25","msg_id":null}}
[RECEIVED] {"id":406,"src":"c13","dest":"n4","body":{"type":"read","msg_id":11}}
[MATCH READ]
[READ] {"src":"n4","dest":"c13","body":{"type":"read_ok","messages":["0","1","10","11","12","13","14","15","16","17","18","19","2","20","21","22","23","24","25","3","4","5","6","7","8","9"],"in_reply_to":11,"msg_id":64}}
[RECEIVED] {"id":410,"src":"n5","dest":"n4","body":{"type":"broadcast","message":"26","msg_id":null}}
[MATCH BROADCAST]
[BROADCAST REQUEST: n4 -> n1] {"id":0,"src":"n4","dest":"n1","body":{"type":"broadcast","message":"26","msg_id":null}}
[BROADCAST REQUEST: n4 -> n5] {"id":0,"src":"n4","dest":"n5","body":{"type":"broadcast","message":"26","msg_id":null}}
[RECEIVED] {"id":417,"src":"n1","dest":"n4","body":{"type":"broadcast","message":"26","msg_id":null}}
[MATCH BROADCAST]
[RECEIVED] {"id":421,"src":"n1","dest":"n4","body":{"type":"broadcast","message":"27","msg_id":null}}
[MATCH BROADCAST]
[BROADCAST REQUEST: n4 -> n1] {"id":0,"src":"n4","dest":"n1","body":{"type":"broadcast","message":"27","msg_id":null}}
[BROADCAST REQUEST: n4 -> n5] {"id":0,"src":"n4","dest":"n5","body":{"type":"broadcast","message":"27","msg_id":null}}
[RECEIVED] {"id":431,"src":"n5","dest":"n4","body":{"type":"broadcast","message":"27","msg_id":null}}
[MATCH BROADCAST]
[RECEIVED] {"id":433,"src":"n1","dest":"n4","body":{"type":"broadcast","message":"28","msg_id":null}}
[MATCH BROADCAST]
[BROADCAST REQUEST: n4 -> n1] {"id":0,"src":"n4","dest":"n1","body":{"type":"broadcast","message":"28","msg_id":null}}
[BROADCAST REQUEST: n4 -> n5] {"id":0,"src":"n4","dest":"n5","body":{"type":"broadcast","message":"28","msg_id":null}}
[RECEIVED] {"id":443,"src":"n5","dest":"n4","body":{"type":"broadcast","message":"28","msg_id":null}}
[MATCH BROADCAST]
[RECEIVED] {"id":453,"src":"n5","dest":"n4","body":{"type":"broadcast","message":"29","msg_id":null}}
[RECEIVED] {"id":454,"src":"n1","dest":"n4","body":{"type":"broadcast","message":"29","msg_id":null}}
[MATCH BROADCAST]
[MATCH BROADCAST]
[BROADCAST REQUEST: n4 -> n1] {"id":0,"src":"n4","dest":"n1","body":{"type":"broadcast","message":"29","msg_id":null}}
[BROADCAST REQUEST: n4 -> n5] {"id":0,"src":"n4","dest":"n5","body":{"type":"broadcast","message":"29","msg_id":null}}
[RECEIVED] {"id":458,"src":"c13","dest":"n4","body":{"type":"broadcast","message":30,"msg_id":12}}
[MATCH BROADCAST]
[BROADCAST REQUEST: n4 -> n1] {"id":0,"src":"n4","dest":"n1","body":{"type":"broadcast","message":"30","msg_id":null}}
[BROADCAST REQUEST: n4 -> n5] {"id":0,"src":"n4","dest":"n5","body":{"type":"broadcast","message":"30","msg_id":null}}
[BROADCAST] {"src":"n4","dest":"c13","body":{"type":"broadcast_ok","in_reply_to":12,"msg_id":73}}
[RECEIVED] {"id":462,"src":"n1","dest":"n4","body":{"type":"broadcast","message":"30","msg_id":null}}
[MATCH BROADCAST]
[RECEIVED] {"id":465,"src":"n5","dest":"n4","body":{"type":"broadcast","message":"30","msg_id":null}}
[MATCH BROADCAST]
[RECEIVED] {"id":480,"src":"c13","dest":"n4","body":{"type":"broadcast","message":31,"msg_id":13}}
[MATCH BROADCAST]
[BROADCAST REQUEST: n4 -> n1] {"id":0,"src":"n4","dest":"n1","body":{"type":"broadcast","message":"31","msg_id":null}}
[BROADCAST REQUEST: n4 -> n5] {"id":0,"src":"n4","dest":"n5","body":{"type":"broadcast","message":"31","msg_id":null}}
[BROADCAST] {"src":"n4","dest":"c13","body":{"type":"broadcast_ok","in_reply_to":13,"msg_id":76}}
[RECEIVED] {"id":484,"src":"n1","dest":"n4","body":{"type":"broadcast","message":"31","msg_id":null}}
[MATCH BROADCAST]
[RECEIVED] {"id":487,"src":"n5","dest":"n4","body":{"type":"broadcast","message":"31","msg_id":null}}
[MATCH BROADCAST]
[RECEIVED] {"id":497,"src":"n1","dest":"n4","body":{"type":"broadcast","message":"32","msg_id":null}}
[MATCH BROADCAST]
[BROADCAST REQUEST: n4 -> n1] {"id":0,"src":"n4","dest":"n1","body":{"type":"broadcast","message":"32","msg_id":null}}
[BROADCAST REQUEST: n4 -> n5] {"id":0,"src":"n4","dest":"n5","body":{"type":"broadcast","message":"32","msg_id":null}}
[RECEIVED] {"id":507,"src":"n5","dest":"n4","body":{"type":"broadcast","message":"32","msg_id":null}}
[MATCH BROADCAST]
[RECEIVED] {"id":512,"src":"c13","dest":"n4","body":{"type":"read","msg_id":14}}
[MATCH READ]
[READ] {"src":"n4","dest":"c13","body":{"type":"read_ok","messages":["0","1","10","11","12","13","14","15","16","17","18","19","2","20","21","22","23","24","25","26","27","28","29","3","30","31","32","4","5","6","7","8","9"],"in_reply_to":14,"msg_id":81}}
[RECEIVED] {"id":525,"src":"n1","dest":"n4","body":{"type":"broadcast","message":"33","msg_id":null}}
[MATCH BROADCAST]
[BROADCAST REQUEST: n4 -> n1] {"id":0,"src":"n4","dest":"n1","body":{"type":"broadcast","message":"33","msg_id":null}}
[BROADCAST REQUEST: n4 -> n5] {"id":0,"src":"n4","dest":"n5","body":{"type":"broadcast","message":"33","msg_id":null}}
[RECEIVED] {"id":530,"src":"n5","dest":"n4","body":{"type":"broadcast","message":"33","msg_id":null}}
[MATCH BROADCAST]
[RECEIVED] {"id":539,"src":"n5","dest":"n4","body":{"type":"broadcast","message":"34","msg_id":null}}
[RECEIVED] {"id":540,"src":"n1","dest":"n4","body":{"type":"broadcast","message":"34","msg_id":null}}
[MATCH BROADCAST]
[MATCH BROADCAST]
[BROADCAST REQUEST: n4 -> n1] {"id":0,"src":"n4","dest":"n1","body":{"type":"broadcast","message":"34","msg_id":null}}
[BROADCAST REQUEST: n4 -> n5] {"id":0,"src":"n4","dest":"n5","body":{"type":"broadcast","message":"34","msg_id":null}}
[RECEIVED] {"id":544,"src":"c13","dest":"n4","body":{"type":"read","msg_id":15}}
[MATCH READ]
[READ] {"src":"n4","dest":"c13","body":{"type":"read_ok","messages":["0","1","10","11","12","13","14","15","16","17","18","19","2","20","21","22","23","24","25","26","27","28","29","3","30","31","32","33","34","4","5","6","7","8","9"],"in_reply_to":15,"msg_id":86}}
[RECEIVED] {"id":548,"src":"n5","dest":"n4","body":{"type":"broadcast","message":"35","msg_id":null}}
[MATCH BROADCAST]
[BROADCAST REQUEST: n4 -> n1] {"id":0,"src":"n4","dest":"n1","body":{"type":"broadcast","message":"35","msg_id":null}}
[BROADCAST REQUEST: n4 -> n5] {"id":0,"src":"n4","dest":"n5","body":{"type":"broadcast","message":"35","msg_id":null}}
[RECEIVED] {"id":556,"src":"n1","dest":"n4","body":{"type":"broadcast","message":"35","msg_id":null}}
[MATCH BROADCAST]
[RECEIVED] {"id":569,"src":"n5","dest":"n4","body":{"type":"broadcast","message":"36","msg_id":null}}
[RECEIVED] {"id":570,"src":"n1","dest":"n4","body":{"type":"broadcast","message":"36","msg_id":null}}
[MATCH BROADCAST]
[MATCH BROADCAST]
[BROADCAST REQUEST: n4 -> n1] {"id":0,"src":"n4","dest":"n1","body":{"type":"broadcast","message":"36","msg_id":null}}
[BROADCAST REQUEST: n4 -> n5] {"id":0,"src":"n4","dest":"n5","body":{"type":"broadcast","message":"36","msg_id":null}}
[RECEIVED] {"id":581,"src":"n1","dest":"n4","body":{"type":"broadcast","message":"37","msg_id":null}}
[RECEIVED] {"id":582,"src":"n5","dest":"n4","body":{"type":"broadcast","message":"37","msg_id":null}}
[MATCH BROADCAST]
[MATCH BROADCAST]
[BROADCAST REQUEST: n4 -> n1] {"id":0,"src":"n4","dest":"n1","body":{"type":"broadcast","message":"37","msg_id":null}}
[BROADCAST REQUEST: n4 -> n5] {"id":0,"src":"n4","dest":"n5","body":{"type":"broadcast","message":"37","msg_id":null}}
[RECEIVED] {"id":586,"src":"c13","dest":"n4","body":{"type":"read","msg_id":16}}
[MATCH READ]
[READ] {"src":"n4","dest":"c13","body":{"type":"read_ok","messages":["0","1","10","11","12","13","14","15","16","17","18","19","2","20","21","22","23","24","25","26","27","28","29","3","30","31","32","33","34","35","36","37","4","5","6","7","8","9"],"in_reply_to":16,"msg_id":93}}
[RECEIVED] {"id":601,"src":"n5","dest":"n4","body":{"type":"broadcast","message":"38","msg_id":null}}
[RECEIVED] {"id":602,"src":"n1","dest":"n4","body":{"type":"broadcast","message":"38","msg_id":null}}
[MATCH BROADCAST]
[MATCH BROADCAST]
[BROADCAST REQUEST: n4 -> n1] {"id":0,"src":"n4","dest":"n1","body":{"type":"broadcast","message":"38","msg_id":null}}
[BROADCAST REQUEST: n4 -> n5] {"id":0,"src":"n4","dest":"n5","body":{"type":"broadcast","message":"38","msg_id":null}}
[RECEIVED] {"id":613,"src":"n5","dest":"n4","body":{"type":"broadcast","message":"39","msg_id":null}}
[RECEIVED] {"id":614,"src":"n1","dest":"n4","body":{"type":"broadcast","message":"39","msg_id":null}}
[MATCH BROADCAST]
[MATCH BROADCAST]
[BROADCAST REQUEST: n4 -> n1] {"id":0,"src":"n4","dest":"n1","body":{"type":"broadcast","message":"39","msg_id":null}}
[BROADCAST REQUEST: n4 -> n5] {"id":0,"src":"n4","dest":"n5","body":{"type":"broadcast","message":"39","msg_id":null}}
[RECEIVED] {"id":618,"src":"c13","dest":"n4","body":{"type":"read","msg_id":17}}
[MATCH READ]
[READ] {"src":"n4","dest":"c13","body":{"type":"read_ok","messages":["0","1","10","11","12","13","14","15","16","17","18","19","2","20","21","22","23","24","25","26","27","28","29","3","30","31","32","33","34","35","36","37","38","39","4","5","6","7","8","9"],"in_reply_to":17,"msg_id":98}}
[RECEIVED] {"id":622,"src":"n5","dest":"n4","body":{"type":"broadcast","message":"40","msg_id":null}}
[MATCH BROADCAST]
[BROADCAST REQUEST: n4 -> n1] {"id":0,"src":"n4","dest":"n1","body":{"type":"broadcast","message":"40","msg_id":null}}
[BROADCAST REQUEST: n4 -> n5] {"id":0,"src":"n4","dest":"n5","body":{"type":"broadcast","message":"40","msg_id":null}}
[RECEIVED] {"id":629,"src":"n1","dest":"n4","body":{"type":"broadcast","message":"40","msg_id":null}}
[MATCH BROADCAST]
[RECEIVED] {"id":633,"src":"n1","dest":"n4","body":{"type":"broadcast","message":"41","msg_id":null}}
[MATCH BROADCAST]
[BROADCAST REQUEST: n4 -> n1] {"id":0,"src":"n4","dest":"n1","body":{"type":"broadcast","message":"41","msg_id":null}}
[BROADCAST REQUEST: n4 -> n5] {"id":0,"src":"n4","dest":"n5","body":{"type":"broadcast","message":"41","msg_id":null}}
[RECEIVED] {"id":643,"src":"n5","dest":"n4","body":{"type":"broadcast","message":"41","msg_id":null}}
[MATCH BROADCAST]
[RECEIVED] {"id":645,"src":"n1","dest":"n4","body":{"type":"broadcast","message":"42","msg_id":null}}
[MATCH BROADCAST]
[BROADCAST REQUEST: n4 -> n1] {"id":0,"src":"n4","dest":"n1","body":{"type":"broadcast","message":"42","msg_id":null}}
[BROADCAST REQUEST: n4 -> n5] {"id":0,"src":"n4","dest":"n5","body":{"type":"broadcast","message":"42","msg_id":null}}
[RECEIVED] {"id":655,"src":"n5","dest":"n4","body":{"type":"broadcast","message":"42","msg_id":null}}
[MATCH BROADCAST]
[RECEIVED] {"id":663,"src":"n1","dest":"n4","body":{"type":"broadcast","message":"43","msg_id":null}}
[RECEIVED] {"id":664,"src":"n5","dest":"n4","body":{"type":"broadcast","message":"43","msg_id":null}}
[MATCH BROADCAST]
[MATCH BROADCAST]
[BROADCAST REQUEST: n4 -> n1] {"id":0,"src":"n4","dest":"n1","body":{"type":"broadcast","message":"43","msg_id":null}}
[BROADCAST REQUEST: n4 -> n5] {"id":0,"src":"n4","dest":"n5","body":{"type":"broadcast","message":"43","msg_id":null}}
[RECEIVED] {"id":674,"src":"n1","dest":"n4","body":{"type":"broadcast","message":"44","msg_id":null}}
[MATCH BROADCAST]
[BROADCAST REQUEST: n4 -> n1] {"id":0,"src":"n4","dest":"n1","body":{"type":"broadcast","message":"44","msg_id":null}}
[BROADCAST REQUEST: n4 -> n5] {"id":0,"src":"n4","dest":"n5","body":{"type":"broadcast","message":"44","msg_id":null}}
[RECEIVED] {"id":679,"src":"n5","dest":"n4","body":{"type":"broadcast","message":"44","msg_id":null}}
[MATCH BROADCAST]
[RECEIVED] {"id":680,"src":"c13","dest":"n4","body":{"type":"read","msg_id":18}}
[MATCH READ]
[READ] {"src":"n4","dest":"c13","body":{"type":"read_ok","messages":["0","1","10","11","12","13","14","15","16","17","18","19","2","20","21","22","23","24","25","26","27","28","29","3","30","31","32","33","34","35","36","37","38","39","4","40","41","42","43","44","5","6","7","8","9"],"in_reply_to":18,"msg_id":109}}
[RECEIVED] {"id":684,"src":"n5","dest":"n4","body":{"type":"broadcast","message":"45","msg_id":null}}
[MATCH BROADCAST]
[BROADCAST REQUEST: n4 -> n1] {"id":0,"src":"n4","dest":"n1","body":{"type":"broadcast","message":"45","msg_id":null}}
[BROADCAST REQUEST: n4 -> n5] {"id":0,"src":"n4","dest":"n5","body":{"type":"broadcast","message":"45","msg_id":null}}
[RECEIVED] {"id":691,"src":"n1","dest":"n4","body":{"type":"broadcast","message":"45","msg_id":null}}
[MATCH BROADCAST]
[RECEIVED] {"id":695,"src":"n1","dest":"n4","body":{"type":"broadcast","message":"46","msg_id":null}}
[MATCH BROADCAST]
[BROADCAST REQUEST: n4 -> n1] {"id":0,"src":"n4","dest":"n1","body":{"type":"broadcast","message":"46","msg_id":null}}
[BROADCAST REQUEST: n4 -> n5] {"id":0,"src":"n4","dest":"n5","body":{"type":"broadcast","message":"46","msg_id":null}}
[RECEIVED] {"id":705,"src":"n5","dest":"n4","body":{"type":"broadcast","message":"46","msg_id":null}}
[MATCH BROADCAST]
[RECEIVED] {"id":707,"src":"n1","dest":"n4","body":{"type":"broadcast","message":"47","msg_id":null}}
[MATCH BROADCAST]
[BROADCAST REQUEST: n4 -> n1] {"id":0,"src":"n4","dest":"n1","body":{"type":"broadcast","message":"47","msg_id":null}}
[BROADCAST REQUEST: n4 -> n5] {"id":0,"src":"n4","dest":"n5","body":{"type":"broadcast","message":"47","msg_id":null}}
[RECEIVED] {"id":717,"src":"n5","dest":"n4","body":{"type":"broadcast","message":"47","msg_id":null}}
[MATCH BROADCAST]
[RECEIVED] {"id":722,"src":"c13","dest":"n4","body":{"type":"broadcast","message":48,"msg_id":19}}
[MATCH BROADCAST]
[BROADCAST REQUEST: n4 -> n1] {"id":0,"src":"n4","dest":"n1","body":{"type":"broadcast","message":"48","msg_id":null}}
[BROADCAST REQUEST: n4 -> n5] {"id":0,"src":"n4","dest":"n5","body":{"type":"broadcast","message":"48","msg_id":null}}
[BROADCAST] {"src":"n4","dest":"c13","body":{"type":"broadcast_ok","in_reply_to":19,"msg_id":116}}
[RECEIVED] {"id":726,"src":"n1","dest":"n4","body":{"type":"broadcast","message":"48","msg_id":null}}
[MATCH BROADCAST]
[RECEIVED] {"id":729,"src":"n5","dest":"n4","body":{"type":"broadcast","message":"48","msg_id":null}}
[MATCH BROADCAST]
[RECEIVED] {"id":739,"src":"n1","dest":"n4","body":{"type":"broadcast","message":"49","msg_id":null}}
[MATCH BROADCAST]
[BROADCAST REQUEST: n4 -> n1] {"id":0,"src":"n4","dest":"n1","body":{"type":"broadcast","message":"49","msg_id":null}}
[BROADCAST REQUEST: n4 -> n5] {"id":0,"src":"n4","dest":"n5","body":{"type":"broadcast","message":"49","msg_id":null}}
[RECEIVED] {"id":749,"src":"n5","dest":"n4","body":{"type":"broadcast","message":"49","msg_id":null}}
[MATCH BROADCAST]
[RECEIVED] {"id":756,"src":"n5","dest":"n4","body":{"type":"broadcast","message":"50","msg_id":null}}
[RECEIVED] {"id":757,"src":"n1","dest":"n4","body":{"type":"broadcast","message":"50","msg_id":null}}
[MATCH BROADCAST]
[MATCH BROADCAST]
[BROADCAST REQUEST: n4 -> n1] {"id":0,"src":"n4","dest":"n1","body":{"type":"broadcast","message":"50","msg_id":null}}
[BROADCAST REQUEST: n4 -> n5] {"id":0,"src":"n4","dest":"n5","body":{"type":"broadcast","message":"50","msg_id":null}}
[RECEIVED] {"id":764,"src":"c13","dest":"n4","body":{"type":"read","msg_id":20}}
[MATCH READ]
[READ] {"src":"n4","dest":"c13","body":{"type":"read_ok","messages":["0","1","10","11","12","13","14","15","16","17","18","19","2","20","21","22","23","24","25","26","27","28","29","3","30","31","32","33","34","35","36","37","38","39","4","40","41","42","43","44","45","46","47","48","49","5","50","6","7","8","9"],"in_reply_to":20,"msg_id":123}}
[RECEIVED] {"id":769,"src":"n1","dest":"n4","body":{"type":"broadcast","message":"51","msg_id":null}}
[MATCH BROADCAST]
[BROADCAST REQUEST: n4 -> n1] {"id":0,"src":"n4","dest":"n1","body":{"type":"broadcast","message":"51","msg_id":null}}
[BROADCAST REQUEST: n4 -> n5] {"id":0,"src":"n4","dest":"n5","body":{"type":"broadcast","message":"51","msg_id":null}}
[RECEIVED] {"id":779,"src":"n5","dest":"n4","body":{"type":"broadcast","message":"51","msg_id":null}}
[MATCH BROADCAST]
[RECEIVED] {"id":789,"src":"n5","dest":"n4","body":{"type":"broadcast","message":"52","msg_id":null}}
[RECEIVED] {"id":790,"src":"n1","dest":"n4","body":{"type":"broadcast","message":"52","msg_id":null}}
[MATCH BROADCAST]
[MATCH BROADCAST]
[BROADCAST REQUEST: n4 -> n1] {"id":0,"src":"n4","dest":"n1","body":{"type":"broadcast","message":"52","msg_id":null}}
[BROADCAST REQUEST: n4 -> n5] {"id":0,"src":"n4","dest":"n5","body":{"type":"broadcast","message":"52","msg_id":null}}
[RECEIVED] {"id":801,"src":"n5","dest":"n4","body":{"type":"broadcast","message":"53","msg_id":null}}
[MATCH BROADCAST]
[RECEIVED] {"id":802,"src":"n1","dest":"n4","body":{"type":"broadcast","message":"53","msg_id":null}}
[BROADCAST REQUEST: n4 -> n1] {"id":0,"src":"n4","dest":"n1","body":{"type":"broadcast","message":"53","msg_id":null}}
[MATCH BROADCAST]
[BROADCAST REQUEST: n4 -> n5] {"id":0,"src":"n4","dest":"n5","body":{"type":"broadcast","message":"53","msg_id":null}}
[RECEIVED] {"id":806,"src":"c13","dest":"n4","body":{"type":"broadcast","message":54,"msg_id":21}}
[MATCH BROADCAST]
[BROADCAST REQUEST: n4 -> n1] {"id":0,"src":"n4","dest":"n1","body":{"type":"broadcast","message":"54","msg_id":null}}
[BROADCAST REQUEST: n4 -> n5] {"id":0,"src":"n4","dest":"n5","body":{"type":"broadcast","message":"54","msg_id":null}}
[BROADCAST] {"src":"n4","dest":"c13","body":{"type":"broadcast_ok","in_reply_to":21,"msg_id":130}}
[RECEIVED] {"id":810,"src":"n1","dest":"n4","body":{"type":"broadcast","message":"54","msg_id":null}}
[MATCH BROADCAST]
[RECEIVED] {"id":813,"src":"n5","dest":"n4","body":{"type":"broadcast","message":"54","msg_id":null}}
[MATCH BROADCAST]
[RECEIVED] {"id":821,"src":"n1","dest":"n4","body":{"type":"broadcast","message":"55","msg_id":null}}
[MATCH BROADCAST]
[BROADCAST REQUEST: n4 -> n1] {"id":0,"src":"n4","dest":"n1","body":{"type":"broadcast","message":"55","msg_id":null}}
[BROADCAST REQUEST: n4 -> n5] {"id":0,"src":"n4","dest":"n5","body":{"type":"broadcast","message":"55","msg_id":null}}
[RECEIVED] {"id":830,"src":"n5","dest":"n4","body":{"type":"broadcast","message":"55","msg_id":null}}
[MATCH BROADCAST]
[RECEIVED] {"id":838,"src":"c13","dest":"n4","body":{"type":"broadcast","message":56,"msg_id":22}}
[MATCH BROADCAST]
[BROADCAST REQUEST: n4 -> n1] {"id":0,"src":"n4","dest":"n1","body":{"type":"broadcast","message":"56","msg_id":null}}
[BROADCAST REQUEST: n4 -> n5] {"id":0,"src":"n4","dest":"n5","body":{"type":"broadcast","message":"56","msg_id":null}}
[BROADCAST] {"src":"n4","dest":"c13","body":{"type":"broadcast_ok","in_reply_to":22,"msg_id":135}}
[RECEIVED] {"id":842,"src":"n1","dest":"n4","body":{"type":"broadcast","message":"56","msg_id":null}}
[MATCH BROADCAST]
[RECEIVED] {"id":845,"src":"n5","dest":"n4","body":{"type":"broadcast","message":"56","msg_id":null}}
[MATCH BROADCAST]
[RECEIVED] {"id":853,"src":"n1","dest":"n4","body":{"type":"broadcast","message":"57","msg_id":null}}
[MATCH BROADCAST]
[BROADCAST REQUEST: n4 -> n1] {"id":0,"src":"n4","dest":"n1","body":{"type":"broadcast","message":"57","msg_id":null}}
[BROADCAST REQUEST: n4 -> n5] {"id":0,"src":"n4","dest":"n5","body":{"type":"broadcast","message":"57","msg_id":null}}
[RECEIVED] {"id":863,"src":"n5","dest":"n4","body":{"type":"broadcast","message":"57","msg_id":null}}
[MATCH BROADCAST]
[RECEIVED] {"id":865,"src":"n1","dest":"n4","body":{"type":"broadcast","message":"58","msg_id":null}}
[MATCH BROADCAST]
[BROADCAST REQUEST: n4 -> n1] {"id":0,"src":"n4","dest":"n1","body":{"type":"broadcast","message":"58","msg_id":null}}
[BROADCAST REQUEST: n4 -> n5] {"id":0,"src":"n4","dest":"n5","body":{"type":"broadcast","message":"58","msg_id":null}}
[RECEIVED] {"id":875,"src":"n5","dest":"n4","body":{"type":"broadcast","message":"58","msg_id":null}}
[MATCH BROADCAST]
[RECEIVED] {"id":880,"src":"c13","dest":"n4","body":{"type":"read","msg_id":23}}
[MATCH READ]
[READ] {"src":"n4","dest":"c13","body":{"type":"read_ok","messages":["0","1","10","11","12","13","14","15","16","17","18","19","2","20","21","22","23","24","25","26","27","28","29","3","30","31","32","33","34","35","36","37","38","39","4","40","41","42","43","44","45","46","47","48","49","5","50","51","52","53","54","55","56","57","58","6","7","8","9"],"in_reply_to":23,"msg_id":142}}
[RECEIVED] {"id":884,"src":"n5","dest":"n4","body":{"type":"broadcast","message":"59","msg_id":null}}
[MATCH BROADCAST]
[BROADCAST REQUEST: n4 -> n1] {"id":0,"src":"n4","dest":"n1","body":{"type":"broadcast","message":"59","msg_id":null}}
[BROADCAST REQUEST: n4 -> n5] {"id":0,"src":"n4","dest":"n5","body":{"type":"broadcast","message":"59","msg_id":null}}
[RECEIVED] {"id":891,"src":"n1","dest":"n4","body":{"type":"broadcast","message":"59","msg_id":null}}
[MATCH BROADCAST]
[RECEIVED] {"id":895,"src":"n1","dest":"n4","body":{"type":"broadcast","message":"60","msg_id":null}}
[MATCH BROADCAST]
[BROADCAST REQUEST: n4 -> n1] {"id":0,"src":"n4","dest":"n1","body":{"type":"broadcast","message":"60","msg_id":null}}
[BROADCAST REQUEST: n4 -> n5] {"id":0,"src":"n4","dest":"n5","body":{"type":"broadcast","message":"60","msg_id":null}}
[RECEIVED] {"id":905,"src":"n5","dest":"n4","body":{"type":"broadcast","message":"60","msg_id":null}}
[MATCH BROADCAST]
[RECEIVED] {"id":907,"src":"n1","dest":"n4","body":{"type":"broadcast","message":"61","msg_id":null}}
[MATCH BROADCAST]
[BROADCAST REQUEST: n4 -> n1] {"id":0,"src":"n4","dest":"n1","body":{"type":"broadcast","message":"61","msg_id":null}}
[BROADCAST REQUEST: n4 -> n5] {"id":0,"src":"n4","dest":"n5","body":{"type":"broadcast","message":"61","msg_id":null}}
[RECEIVED] {"id":917,"src":"n5","dest":"n4","body":{"type":"broadcast","message":"61","msg_id":null}}
[MATCH BROADCAST]
[RECEIVED] {"id":925,"src":"n1","dest":"n4","body":{"type":"broadcast","message":"62","msg_id":null}}
[RECEIVED] {"id":926,"src":"n5","dest":"n4","body":{"type":"broadcast","message":"62","msg_id":null}}
[MATCH BROADCAST]
[MATCH BROADCAST]
[BROADCAST REQUEST: n4 -> n1] {"id":0,"src":"n4","dest":"n1","body":{"type":"broadcast","message":"62","msg_id":null}}
[BROADCAST REQUEST: n4 -> n5] {"id":0,"src":"n4","dest":"n5","body":{"type":"broadcast","message":"62","msg_id":null}}
[RECEIVED] {"id":932,"src":"c13","dest":"n4","body":{"type":"broadcast","message":63,"msg_id":24}}
[MATCH BROADCAST]
[BROADCAST REQUEST: n4 -> n1] {"id":0,"src":"n4","dest":"n1","body":{"type":"broadcast","message":"63","msg_id":null}}
[BROADCAST REQUEST: n4 -> n5] {"id":0,"src":"n4","dest":"n5","body":{"type":"broadcast","message":"63","msg_id":null}}
[BROADCAST] {"src":"n4","dest":"c13","body":{"type":"broadcast_ok","in_reply_to":24,"msg_id":151}}
[RECEIVED] {"id":936,"src":"n1","dest":"n4","body":{"type":"broadcast","message":"63","msg_id":null}}
[MATCH BROADCAST]
[RECEIVED] {"id":939,"src":"n5","dest":"n4","body":{"type":"broadcast","message":"63","msg_id":null}}
[MATCH BROADCAST]
[RECEIVED] {"id":949,"src":"n1","dest":"n4","body":{"type":"broadcast","message":"64","msg_id":null}}
[MATCH BROADCAST]
[BROADCAST REQUEST: n4 -> n1] {"id":0,"src":"n4","dest":"n1","body":{"type":"broadcast","message":"64","msg_id":null}}
[BROADCAST REQUEST: n4 -> n5] {"id":0,"src":"n4","dest":"n5","body":{"type":"broadcast","message":"64","msg_id":null}}
[RECEIVED] {"id":959,"src":"n5","dest":"n4","body":{"type":"broadcast","message":"64","msg_id":null}}
[MATCH BROADCAST]
[RECEIVED] {"id":966,"src":"n1","dest":"n4","body":{"type":"broadcast","message":"65","msg_id":null}}
[RECEIVED] {"id":968,"src":"n5","dest":"n4","body":{"type":"broadcast","message":"65","msg_id":null}}
[MATCH BROADCAST]
[MATCH BROADCAST]
[BROADCAST REQUEST: n4 -> n1] {"id":0,"src":"n4","dest":"n1","body":{"type":"broadcast","message":"65","msg_id":null}}
[BROADCAST REQUEST: n4 -> n5] {"id":0,"src":"n4","dest":"n5","body":{"type":"broadcast","message":"65","msg_id":null}}
[RECEIVED] {"id":974,"src":"c13","dest":"n4","body":{"type":"broadcast","message":66,"msg_id":25}}
[MATCH BROADCAST]
[BROADCAST REQUEST: n4 -> n1] {"id":0,"src":"n4","dest":"n1","body":{"type":"broadcast","message":"66","msg_id":null}}
[BROADCAST REQUEST: n4 -> n5] {"id":0,"src":"n4","dest":"n5","body":{"type":"broadcast","message":"66","msg_id":null}}
[BROADCAST] {"src":"n4","dest":"c13","body":{"type":"broadcast_ok","in_reply_to":25,"msg_id":158}}
[RECEIVED] {"id":977,"src":"n1","dest":"n4","body":{"type":"broadcast","message":"66","msg_id":null}}
[RECEIVED] {"id":980,"src":"n5","dest":"n4","body":{"type":"broadcast","message":"66","msg_id":null}}
[MATCH BROADCAST]
[MATCH BROADCAST]
[RECEIVED] {"id":991,"src":"n1","dest":"n4","body":{"type":"broadcast","message":"67","msg_id":null}}
[MATCH BROADCAST]
[BROADCAST REQUEST: n4 -> n1] {"id":0,"src":"n4","dest":"n1","body":{"type":"broadcast","message":"67","msg_id":null}}
[BROADCAST REQUEST: n4 -> n5] {"id":0,"src":"n4","dest":"n5","body":{"type":"broadcast","message":"67","msg_id":null}}
[RECEIVED] {"id":1001,"src":"n5","dest":"n4","body":{"type":"broadcast","message":"67","msg_id":null}}
[MATCH BROADCAST]
[RECEIVED] {"id":1011,"src":"n5","dest":"n4","body":{"type":"broadcast","message":"68","msg_id":null}}
[MATCH BROADCAST]
[RECEIVED] {"id":1012,"src":"n1","dest":"n4","body":{"type":"broadcast","message":"68","msg_id":null}}
[BROADCAST REQUEST: n4 -> n1] {"id":0,"src":"n4","dest":"n1","body":{"type":"broadcast","message":"68","msg_id":null}}
[MATCH BROADCAST]
[BROADCAST REQUEST: n4 -> n5] {"id":0,"src":"n4","dest":"n5","body":{"type":"broadcast","message":"68","msg_id":null}}
[RECEIVED] {"id":1016,"src":"c13","dest":"n4","body":{"type":"read","msg_id":26}}
[MATCH READ]
[READ] {"src":"n4","dest":"c13","body":{"type":"read_ok","messages":["0","1","10","11","12","13","14","15","16","17","18","19","2","20","21","22","23","24","25","26","27","28","29","3","30","31","32","33","34","35","36","37","38","39","4","40","41","42","43","44","45","46","47","48","49","5","50","51","52","53","54","55","56","57","58","59","6","60","61","62","63","64","65","66","67","68","7","8","9"],"in_reply_to":26,"msg_id":165}}
[RECEIVED] {"id":1021,"src":"n1","dest":"n4","body":{"type":"broadcast","message":"69","msg_id":null}}
[MATCH BROADCAST]
[BROADCAST REQUEST: n4 -> n1] {"id":0,"src":"n4","dest":"n1","body":{"type":"broadcast","message":"69","msg_id":null}}
[BROADCAST REQUEST: n4 -> n5] {"id":0,"src":"n4","dest":"n5","body":{"type":"broadcast","message":"69","msg_id":null}}
[RECEIVED] {"id":1031,"src":"n5","dest":"n4","body":{"type":"broadcast","message":"69","msg_id":null}}
[MATCH BROADCAST]
[RECEIVED] {"id":1043,"src":"n5","dest":"n4","body":{"type":"broadcast","message":"70","msg_id":null}}
[RECEIVED] {"id":1044,"src":"n1","dest":"n4","body":{"type":"broadcast","message":"70","msg_id":null}}
[MATCH BROADCAST]
[MATCH BROADCAST]
[BROADCAST REQUEST: n4 -> n1] {"id":0,"src":"n4","dest":"n1","body":{"type":"broadcast","message":"70","msg_id":null}}
[BROADCAST REQUEST: n4 -> n5] {"id":0,"src":"n4","dest":"n5","body":{"type":"broadcast","message":"70","msg_id":null}}
[RECEIVED] {"id":1048,"src":"c13","dest":"n4","body":{"type":"broadcast","message":71,"msg_id":27}}
[MATCH BROADCAST]
[BROADCAST REQUEST: n4 -> n1] {"id":0,"src":"n4","dest":"n1","body":{"type":"broadcast","message":"71","msg_id":null}}
[BROADCAST REQUEST: n4 -> n5] {"id":0,"src":"n4","dest":"n5","body":{"type":"broadcast","message":"71","msg_id":null}}
[BROADCAST] {"src":"n4","dest":"c13","body":{"type":"broadcast_ok","in_reply_to":27,"msg_id":170}}
[RECEIVED] {"id":1052,"src":"n1","dest":"n4","body":{"type":"broadcast","message":"71","msg_id":null}}
[MATCH BROADCAST]
[RECEIVED] {"id":1055,"src":"n5","dest":"n4","body":{"type":"broadcast","message":"71","msg_id":null}}
[MATCH BROADCAST]
[RECEIVED] {"id":1063,"src":"n1","dest":"n4","body":{"type":"broadcast","message":"72","msg_id":null}}
[MATCH BROADCAST]
[BROADCAST REQUEST: n4 -> n1] {"id":0,"src":"n4","dest":"n1","body":{"type":"broadcast","message":"72","msg_id":null}}
[BROADCAST REQUEST: n4 -> n5] {"id":0,"src":"n4","dest":"n5","body":{"type":"broadcast","message":"72","msg_id":null}}
[RECEIVED] {"id":1073,"src":"n5","dest":"n4","body":{"type":"broadcast","message":"72","msg_id":null}}
[MATCH BROADCAST]
[RECEIVED] {"id":1083,"src":"n5","dest":"n4","body":{"type":"broadcast","message":"73","msg_id":null}}
[MATCH BROADCAST]
[BROADCAST REQUEST: n4 -> n1] {"id":0,"src":"n4","dest":"n1","body":{"type":"broadcast","message":"73","msg_id":null}}
[BROADCAST REQUEST: n4 -> n5] {"id":0,"src":"n4","dest":"n5","body":{"type":"broadcast","message":"73","msg_id":null}}
[RECEIVED] {"id":1084,"src":"n1","dest":"n4","body":{"type":"broadcast","message":"73","msg_id":null}}
[MATCH BROADCAST]
[RECEIVED] {"id":1095,"src":"n5","dest":"n4","body":{"type":"broadcast","message":"74","msg_id":null}}
[RECEIVED] {"id":1096,"src":"n1","dest":"n4","body":{"type":"broadcast","message":"74","msg_id":null}}
[MATCH BROADCAST]
[MATCH BROADCAST]
[BROADCAST REQUEST: n4 -> n1] {"id":0,"src":"n4","dest":"n1","body":{"type":"broadcast","message":"74","msg_id":null}}
[BROADCAST REQUEST: n4 -> n5] {"id":0,"src":"n4","dest":"n5","body":{"type":"broadcast","message":"74","msg_id":null}}
[RECEIVED] {"id":1100,"src":"c13","dest":"n4","body":{"type":"read","msg_id":28}}
[MATCH READ]
[READ] {"src":"n4","dest":"c13","body":{"type":"read_ok","messages":["0","1","10","11","12","13","14","15","16","17","18","19","2","20","21","22","23","24","25","26","27","28","29","3","30","31","32","33","34","35","36","37","38","39","4","40","41","42","43","44","45","46","47","48","49","5","50","51","52","53","54","55","56","57","58","59","6","60","61","62","63","64","65","66","67","68","69","7","70","71","72","73","74","8","9"],"in_reply_to":28,"msg_id":179}}
[RECEIVED] {"id":1107,"src":"n1","dest":"n4","body":{"type":"broadcast","message":"75","msg_id":null}}
[MATCH BROADCAST]
[BROADCAST REQUEST: n4 -> n1] {"id":0,"src":"n4","dest":"n1","body":{"type":"broadcast","message":"75","msg_id":null}}
[BROADCAST REQUEST: n4 -> n5] {"id":0,"src":"n4","dest":"n5","body":{"type":"broadcast","message":"75","msg_id":null}}
[RECEIVED] {"id":1117,"src":"n5","dest":"n4","body":{"type":"broadcast","message":"75","msg_id":null}}
[MATCH BROADCAST]
[RECEIVED] {"id":1127,"src":"n5","dest":"n4","body":{"type":"broadcast","message":"76","msg_id":null}}
[RECEIVED] {"id":1128,"src":"n1","dest":"n4","body":{"type":"broadcast","message":"76","msg_id":null}}
[MATCH BROADCAST]
[MATCH BROADCAST]
[BROADCAST REQUEST: n4 -> n1] {"id":0,"src":"n4","dest":"n1","body":{"type":"broadcast","message":"76","msg_id":null}}
[BROADCAST REQUEST: n4 -> n5] {"id":0,"src":"n4","dest":"n5","body":{"type":"broadcast","message":"76","msg_id":null}}
[RECEIVED] {"id":1132,"src":"c13","dest":"n4","body":{"type":"read","msg_id":29}}
[MATCH READ]
[READ] {"src":"n4","dest":"c13","body":{"type":"read_ok","messages":["0","1","10","11","12","13","14","15","16","17","18","19","2","20","21","22","23","24","25","26","27","28","29","3","30","31","32","33","34","35","36","37","38","39","4","40","41","42","43","44","45","46","47","48","49","5","50","51","52","53","54","55","56","57","58","59","6","60","61","62","63","64","65","66","67","68","69","7","70","71","72","73","74","75","76","8","9"],"in_reply_to":29,"msg_id":184}}
[RECEIVED] {"id":1139,"src":"n1","dest":"n4","body":{"type":"broadcast","message":"77","msg_id":null}}
[MATCH BROADCAST]
[BROADCAST REQUEST: n4 -> n1] {"id":0,"src":"n4","dest":"n1","body":{"type":"broadcast","message":"77","msg_id":null}}
[BROADCAST REQUEST: n4 -> n5] {"id":0,"src":"n4","dest":"n5","body":{"type":"broadcast","message":"77","msg_id":null}}
[RECEIVED] {"id":1149,"src":"n5","dest":"n4","body":{"type":"broadcast","message":"77","msg_id":null}}
[MATCH BROADCAST]
[RECEIVED] {"id":1157,"src":"n5","dest":"n4","body":{"type":"broadcast","message":"78","msg_id":null}}
[RECEIVED] {"id":1158,"src":"n1","dest":"n4","body":{"type":"broadcast","message":"78","msg_id":null}}
[MATCH BROADCAST]
[MATCH BROADCAST]
[BROADCAST REQUEST: n4 -> n1] {"id":0,"src":"n4","dest":"n1","body":{"type":"broadcast","message":"78","msg_id":null}}
[BROADCAST REQUEST: n4 -> n5] {"id":0,"src":"n4","dest":"n5","body":{"type":"broadcast","message":"78","msg_id":null}}
[RECEIVED] {"id":1169,"src":"n1","dest":"n4","body":{"type":"broadcast","message":"79","msg_id":null}}
[RECEIVED] {"id":1170,"src":"n5","dest":"n4","body":{"type":"broadcast","message":"79","msg_id":null}}
[MATCH BROADCAST]
[MATCH BROADCAST]
[BROADCAST REQUEST: n4 -> n1] {"id":0,"src":"n4","dest":"n1","body":{"type":"broadcast","message":"79","msg_id":null}}
[BROADCAST REQUEST: n4 -> n5] {"id":0,"src":"n4","dest":"n5","body":{"type":"broadcast","message":"79","msg_id":null}}
[RECEIVED] {"id":1174,"src":"c13","dest":"n4","body":{"type":"read","msg_id":30}}
[MATCH READ]
[READ] {"src":"n4","dest":"c13","body":{"type":"read_ok","messages":["0","1","10","11","12","13","14","15","16","17","18","19","2","20","21","22","23","24","25","26","27","28","29","3","30","31","32","33","34","35","36","37","38","39","4","40","41","42","43","44","45","46","47","48","49","5","50","51","52","53","54","55","56","57","58","59","6","60","61","62","63","64","65","66","67","68","69","7","70","71","72","73","74","75","76","77","78","79","8","9"],"in_reply_to":30,"msg_id":191}}
[RECEIVED] {"id":1189,"src":"n5","dest":"n4","body":{"type":"broadcast","message":"80","msg_id":null}}
[RECEIVED] {"id":1190,"src":"n1","dest":"n4","body":{"type":"broadcast","message":"80","msg_id":null}}
[MATCH BROADCAST]
[MATCH BROADCAST]
[BROADCAST REQUEST: n4 -> n1] {"id":0,"src":"n4","dest":"n1","body":{"type":"broadcast","message":"80","msg_id":null}}
[BROADCAST REQUEST: n4 -> n5] {"id":0,"src":"n4","dest":"n5","body":{"type":"broadcast","message":"80","msg_id":null}}
[RECEIVED] {"id":1196,"src":"c13","dest":"n4","body":{"type":"read","msg_id":31}}
[MATCH READ]
[READ] {"src":"n4","dest":"c13","body":{"type":"read_ok","messages":["0","1","10","11","12","13","14","15","16","17","18","19","2","20","21","22","23","24","25","26","27","28","29","3","30","31","32","33","34","35","36","37","38","39","4","40","41","42","43","44","45","46","47","48","49","5","50","51","52","53","54","55","56","57","58","59","6","60","61","62","63","64","65","66","67","68","69","7","70","71","72","73","74","75","76","77","78","79","8","80","9"],"in_reply_to":31,"msg_id":194}}
[RECEIVED] {"id":1200,"src":"n5","dest":"n4","body":{"type":"broadcast","message":"81","msg_id":null}}
[MATCH BROADCAST]
[BROADCAST REQUEST: n4 -> n1] {"id":0,"src":"n4","dest":"n1","body":{"type":"broadcast","message":"81","msg_id":null}}
[BROADCAST REQUEST: n4 -> n5] {"id":0,"src":"n4","dest":"n5","body":{"type":"broadcast","message":"81","msg_id":null}}
[RECEIVED] {"id":1207,"src":"n1","dest":"n4","body":{"type":"broadcast","message":"81","msg_id":null}}
[MATCH BROADCAST]
[RECEIVED] {"id":1218,"src":"c13","dest":"n4","body":{"type":"broadcast","message":82,"msg_id":32}}
[MATCH BROADCAST]
[BROADCAST REQUEST: n4 -> n1] {"id":0,"src":"n4","dest":"n1","body":{"type":"broadcast","message":"82","msg_id":null}}
[BROADCAST REQUEST: n4 -> n5] {"id":0,"src":"n4","dest":"n5","body":{"type":"broadcast","message":"82","msg_id":null}}
[BROADCAST] {"src":"n4","dest":"c13","body":{"type":"broadcast_ok","in_reply_to":32,"msg_id":197}}
[RECEIVED] {"id":1222,"src":"n1","dest":"n4","body":{"type":"broadcast","message":"82","msg_id":null}}
[MATCH BROADCAST]
[RECEIVED] {"id":1225,"src":"n5","dest":"n4","body":{"type":"broadcast","message":"82","msg_id":null}}
[MATCH BROADCAST]
[RECEIVED] {"id":1232,"src":"n5","dest":"n4","body":{"type":"broadcast","message":"83","msg_id":null}}
[MATCH BROADCAST]
[BROADCAST REQUEST: n4 -> n1] {"id":0,"src":"n4","dest":"n1","body":{"type":"broadcast","message":"83","msg_id":null}}
[BROADCAST REQUEST: n4 -> n5] {"id":0,"src":"n4","dest":"n5","body":{"type":"broadcast","message":"83","msg_id":null}}
[RECEIVED] {"id":1239,"src":"n1","dest":"n4","body":{"type":"broadcast","message":"83","msg_id":null}}
[MATCH BROADCAST]
[RECEIVED] {"id":1243,"src":"n1","dest":"n4","body":{"type":"broadcast","message":"84","msg_id":null}}
[MATCH BROADCAST]
[BROADCAST REQUEST: n4 -> n1] {"id":0,"src":"n4","dest":"n1","body":{"type":"broadcast","message":"84","msg_id":null}}
[BROADCAST REQUEST: n4 -> n5] {"id":0,"src":"n4","dest":"n5","body":{"type":"broadcast","message":"84","msg_id":null}}
[RECEIVED] {"id":1253,"src":"n5","dest":"n4","body":{"type":"broadcast","message":"84","msg_id":null}}
[MATCH BROADCAST]
[RECEIVED] {"id":1255,"src":"n1","dest":"n4","body":{"type":"broadcast","message":"85","msg_id":null}}
[MATCH BROADCAST]
[BROADCAST REQUEST: n4 -> n1] {"id":0,"src":"n4","dest":"n1","body":{"type":"broadcast","message":"85","msg_id":null}}
[BROADCAST REQUEST: n4 -> n5] {"id":0,"src":"n4","dest":"n5","body":{"type":"broadcast","message":"85","msg_id":null}}
[RECEIVED] {"id":1265,"src":"n5","dest":"n4","body":{"type":"broadcast","message":"85","msg_id":null}}
[MATCH BROADCAST]
[RECEIVED] {"id":1275,"src":"n1","dest":"n4","body":{"type":"broadcast","message":"86","msg_id":null}}
[RECEIVED] {"id":1276,"src":"n5","dest":"n4","body":{"type":"broadcast","message":"86","msg_id":null}}
[MATCH BROADCAST]
[MATCH BROADCAST]
[BROADCAST REQUEST: n4 -> n1] {"id":0,"src":"n4","dest":"n1","body":{"type":"broadcast","message":"86","msg_id":null}}
[BROADCAST REQUEST: n4 -> n5] {"id":0,"src":"n4","dest":"n5","body":{"type":"broadcast","message":"86","msg_id":null}}
[RECEIVED] {"id":1280,"src":"c13","dest":"n4","body":{"type":"read","msg_id":33}}
[MATCH READ]
[READ] {"src":"n4","dest":"c13","body":{"type":"read_ok","messages":["0","1","10","11","12","13","14","15","16","17","18","19","2","20","21","22","23","24","25","26","27","28","29","3","30","31","32","33","34","35","36","37","38","39","4","40","41","42","43","44","45","46","47","48","49","5","50","51","52","53","54","55","56","57","58","59","6","60","61","62","63","64","65","66","67","68","69","7","70","71","72","73","74","75","76","77","78","79","8","80","81","82","83","84","85","86","9"],"in_reply_to":33,"msg_id":208}}
[RECEIVED] {"id":1284,"src":"n5","dest":"n4","body":{"type":"broadcast","message":"87","msg_id":null}}
[MATCH BROADCAST]
[BROADCAST REQUEST: n4 -> n1] {"id":0,"src":"n4","dest":"n1","body":{"type":"broadcast","message":"87","msg_id":null}}
[BROADCAST REQUEST: n4 -> n5] {"id":0,"src":"n4","dest":"n5","body":{"type":"broadcast","message":"87","msg_id":null}}
[RECEIVED] {"id":1291,"src":"n1","dest":"n4","body":{"type":"broadcast","message":"87","msg_id":null}}
[MATCH BROADCAST]
[RECEIVED] {"id":1295,"src":"n1","dest":"n4","body":{"type":"broadcast","message":"88","msg_id":null}}
[MATCH BROADCAST]
[BROADCAST REQUEST: n4 -> n1] {"id":0,"src":"n4","dest":"n1","body":{"type":"broadcast","message":"88","msg_id":null}}
[BROADCAST REQUEST: n4 -> n5] {"id":0,"src":"n4","dest":"n5","body":{"type":"broadcast","message":"88","msg_id":null}}
[RECEIVED] {"id":1305,"src":"n5","dest":"n4","body":{"type":"broadcast","message":"88","msg_id":null}}
[MATCH BROADCAST]
[RECEIVED] {"id":1307,"src":"n1","dest":"n4","body":{"type":"broadcast","message":"89","msg_id":null}}
[MATCH BROADCAST]
[BROADCAST REQUEST: n4 -> n1] {"id":0,"src":"n4","dest":"n1","body":{"type":"broadcast","message":"89","msg_id":null}}
[BROADCAST REQUEST: n4 -> n5] {"id":0,"src":"n4","dest":"n5","body":{"type":"broadcast","message":"89","msg_id":null}}
[RECEIVED] {"id":1317,"src":"n5","dest":"n4","body":{"type":"broadcast","message":"89","msg_id":null}}
[MATCH BROADCAST]
[RECEIVED] {"id":1326,"src":"n5","dest":"n4","body":{"type":"broadcast","message":"90","msg_id":null}}
[RECEIVED] {"id":1325,"src":"n1","dest":"n4","body":{"type":"broadcast","message":"90","msg_id":null}}
[MATCH BROADCAST]
[MATCH BROADCAST]
[BROADCAST REQUEST: n4 -> n1] {"id":0,"src":"n4","dest":"n1","body":{"type":"broadcast","message":"90","msg_id":null}}
[BROADCAST REQUEST: n4 -> n5] {"id":0,"src":"n4","dest":"n5","body":{"type":"broadcast","message":"90","msg_id":null}}
[RECEIVED] {"id":1337,"src":"n5","dest":"n4","body":{"type":"broadcast","message":"91","msg_id":null}}
[RECEIVED] {"id":1338,"src":"n1","dest":"n4","body":{"type":"broadcast","message":"91","msg_id":null}}
[MATCH BROADCAST]
[MATCH BROADCAST]
[BROADCAST REQUEST: n4 -> n1] {"id":0,"src":"n4","dest":"n1","body":{"type":"broadcast","message":"91","msg_id":null}}
[BROADCAST REQUEST: n4 -> n5] {"id":0,"src":"n4","dest":"n5","body":{"type":"broadcast","message":"91","msg_id":null}}
[RECEIVED] {"id":1342,"src":"c13","dest":"n4","body":{"type":"read","msg_id":34}}
[MATCH READ]
[READ] {"src":"n4","dest":"c13","body":{"type":"read_ok","messages":["0","1","10","11","12","13","14","15","16","17","18","19","2","20","21","22","23","24","25","26","27","28","29","3","30","31","32","33","34","35","36","37","38","39","4","40","41","42","43","44","45","46","47","48","49","5","50","51","52","53","54","55","56","57","58","59","6","60","61","62","63","64","65","66","67","68","69","7","70","71","72","73","74","75","76","77","78","79","8","80","81","82","83","84","85","86","87","88","89","9","90","91"],"in_reply_to":34,"msg_id":219}}
[RECEIVED] {"id":1346,"src":"n5","dest":"n4","body":{"type":"broadcast","message":"92","msg_id":null}}
[MATCH BROADCAST]
[BROADCAST REQUEST: n4 -> n1] {"id":0,"src":"n4","dest":"n1","body":{"type":"broadcast","message":"92","msg_id":null}}
[BROADCAST REQUEST: n4 -> n5] {"id":0,"src":"n4","dest":"n5","body":{"type":"broadcast","message":"92","msg_id":null}}
[RECEIVED] {"id":1353,"src":"n1","dest":"n4","body":{"type":"broadcast","message":"92","msg_id":null}}
[MATCH BROADCAST]
[RECEIVED] {"id":1362,"src":"c13","dest":"n4","body":{"type":"read","msg_id":35}}
[MATCH READ]
[READ] {"src":"n4","dest":"c13","body":{"type":"read_ok","messages":["0","1","10","11","12","13","14","15","16","17","18","19","2","20","21","22","23","24","25","26","27","28","29","3","30","31","32","33","34","35","36","37","38","39","4","40","41","42","43","44","45","46","47","48","49","5","50","51","52","53","54","55","56","57","58","59","6","60","61","62","63","64","65","66","67","68","69","7","70","71","72","73","74","75","76","77","78","79","8","80","81","82","83","84","85","86","87","88","89","9","90","91","92"],"in_reply_to":35,"msg_id":222}}
