[RECEIVED] {"id":2,"src":"c2","dest":"n5","body":{"type":"init","node_id":"n5","node_ids":["n1","n2","n3","n4","n5"],"msg_id":1}}
[MATCH INIT]
[INIT] {"src":"n5","dest":"c2","body":{"type":"init_ok","in_reply_to":1,"msg_id":0}}
[RECEIVED] {"id":10,"src":"c9","dest":"n5","body":{"type":"topology","topology":{"n1":["n4","n2"],"n2":["n5","n3","n1"],"n3":["n2"],"n4":["n1","n5"],"n5":["n2","n4"]},"msg_id":1}}
[MATCH TOPOLOGY]
[TOPOLOGY] {"src":"n5","dest":"c9","body":{"type":"topology_ok","in_reply_to":1,"msg_id":1}}
[RECEIVED] {"id":23,"src":"n2","dest":"n5","body":{"type":"broadcast","message":"0","msg_id":null}}
[MATCH BROADCAST]
[BROADCAST REQUEST: n5 -> n2] {"id":0,"src":"n5","dest":"n2","body":{"type":"broadcast","message":"0","msg_id":null}}
[BROADCAST REQUEST: n5 -> n4] {"id":0,"src":"n5","dest":"n4","body":{"type":"broadcast","message":"0","msg_id":null}}
[RECEIVED] {"id":33,"src":"n4","dest":"n5","body":{"type":"broadcast","message":"0","msg_id":null}}
[MATCH BROADCAST]
[RECEIVED] {"id":38,"src":"n4","dest":"n5","body":{"type":"broadcast","message":"1","msg_id":null}}
[MATCH BROADCAST]
[BROADCAST REQUEST: n5 -> n2] {"id":0,"src":"n5","dest":"n2","body":{"type":"broadcast","message":"1","msg_id":null}}
[BROADCAST REQUEST: n5 -> n4] {"id":0,"src":"n5","dest":"n4","body":{"type":"broadcast","message":"1","msg_id":null}}
[RECEIVED] {"id":44,"src":"n2","dest":"n5","body":{"type":"broadcast","message":"1","msg_id":null}}
[MATCH BROADCAST]
[RECEIVED] {"id":48,"src":"c14","dest":"n5","body":{"type":"read","msg_id":1}}
[MATCH READ]
[READ] {"src":"n5","dest":"c14","body":{"type":"read_ok","messages":["0","1"],"in_reply_to":1,"msg_id":6}}
[RECEIVED] {"id":55,"src":"n2","dest":"n5","body":{"type":"broadcast","message":"2","msg_id":null}}
[RECEIVED] {"id":57,"src":"n4","dest":"n5","body":{"type":"broadcast","message":"2","msg_id":null}}
[MATCH BROADCAST]
[MATCH BROADCAST]
[BROADCAST REQUEST: n5 -> n2] {"id":0,"src":"n5","dest":"n2","body":{"type":"broadcast","message":"2","msg_id":null}}
[BROADCAST REQUEST: n5 -> n4] {"id":0,"src":"n5","dest":"n4","body":{"type":"broadcast","message":"2","msg_id":null}}
[RECEIVED] {"id":67,"src":"n2","dest":"n5","body":{"type":"broadcast","message":"3","msg_id":null}}
[RECEIVED] {"id":68,"src":"n4","dest":"n5","body":{"type":"broadcast","message":"3","msg_id":null}}
[MATCH BROADCAST]
[MATCH BROADCAST]
[BROADCAST REQUEST: n5 -> n2] {"id":0,"src":"n5","dest":"n2","body":{"type":"broadcast","message":"3","msg_id":null}}
[BROADCAST REQUEST: n5 -> n4] {"id":0,"src":"n5","dest":"n4","body":{"type":"broadcast","message":"3","msg_id":null}}
[RECEIVED] {"id":80,"src":"n4","dest":"n5","body":{"type":"broadcast","message":"4","msg_id":null}}
[MATCH BROADCAST]
[BROADCAST REQUEST: n5 -> n2] {"id":0,"src":"n5","dest":"n2","body":{"type":"broadcast","message":"4","msg_id":null}}
[BROADCAST REQUEST: n5 -> n4] {"id":0,"src":"n5","dest":"n4","body":{"type":"broadcast","message":"4","msg_id":null}}
[RECEIVED] {"id":86,"src":"n2","dest":"n5","body":{"type":"broadcast","message":"4","msg_id":null}}
[MATCH BROADCAST]
[RECEIVED] {"id":90,"src":"c14","dest":"n5","body":{"type":"read","msg_id":2}}
[MATCH READ]
[READ] {"src":"n5","dest":"c14","body":{"type":"read_ok","messages":["0","1","2","3","4"],"in_reply_to":2,"msg_id":13}}
[RECEIVED] {"id":99,"src":"n2","dest":"n5","body":{"type":"broadcast","message":"5","msg_id":null}}
[RECEIVED] {"id":100,"src":"n4","dest":"n5","body":{"type":"broadcast","message":"5","msg_id":null}}
[MATCH BROADCAST]
[MATCH BROADCAST]
[BROADCAST REQUEST: n5 -> n2] {"id":0,"src":"n5","dest":"n2","body":{"type":"broadcast","message":"5","msg_id":null}}
[BROADCAST REQUEST: n5 -> n4] {"id":0,"src":"n5","dest":"n4","body":{"type":"broadcast","message":"5","msg_id":null}}
[RECEIVED] {"id":111,"src":"c14","dest":"n5","body":{"type":"read","msg_id":3}}
[MATCH READ]
[READ] {"src":"n5","dest":"c14","body":{"type":"read_ok","messages":["0","1","2","3","4","5"],"in_reply_to":3,"msg_id":16}}
[RECEIVED] {"id":114,"src":"n4","dest":"n5","body":{"type":"broadcast","message":"6","msg_id":null}}
[MATCH BROADCAST]
[BROADCAST REQUEST: n5 -> n2] {"id":0,"src":"n5","dest":"n2","body":{"type":"broadcast","message":"6","msg_id":null}}
[BROADCAST REQUEST: n5 -> n4] {"id":0,"src":"n5","dest":"n4","body":{"type":"broadcast","message":"6","msg_id":null}}
[RECEIVED] {"id":120,"src":"n2","dest":"n5","body":{"type":"broadcast","message":"6","msg_id":null}}
[MATCH BROADCAST]
[RECEIVED] {"id":134,"src":"n4","dest":"n5","body":{"type":"broadcast","message":"7","msg_id":null}}
[MATCH BROADCAST]
[BROADCAST REQUEST: n5 -> n2] {"id":0,"src":"n5","dest":"n2","body":{"type":"broadcast","message":"7","msg_id":null}}
[BROADCAST REQUEST: n5 -> n4] {"id":0,"src":"n5","dest":"n4","body":{"type":"broadcast","message":"7","msg_id":null}}
[RECEIVED] {"id":139,"src":"n2","dest":"n5","body":{"type":"broadcast","message":"7","msg_id":null}}
[MATCH BROADCAST]
[RECEIVED] {"id":144,"src":"c14","dest":"n5","body":{"type":"broadcast","message":8,"msg_id":4}}
[MATCH BROADCAST]
[BROADCAST REQUEST: n5 -> n2] {"id":0,"src":"n5","dest":"n2","body":{"type":"broadcast","message":"8","msg_id":null}}
[BROADCAST REQUEST: n5 -> n4] {"id":0,"src":"n5","dest":"n4","body":{"type":"broadcast","message":"8","msg_id":null}}
[BROADCAST] {"src":"n5","dest":"c14","body":{"type":"broadcast_ok","in_reply_to":4,"msg_id":21}}
[RECEIVED] {"id":148,"src":"n2","dest":"n5","body":{"type":"broadcast","message":"8","msg_id":null}}
[MATCH BROADCAST]
[RECEIVED] {"id":152,"src":"n4","dest":"n5","body":{"type":"broadcast","message":"8","msg_id":null}}
[MATCH BROADCAST]
[RECEIVED] {"id":161,"src":"n4","dest":"n5","body":{"type":"broadcast","message":"9","msg_id":null}}
[RECEIVED] {"id":162,"src":"n2","dest":"n5","body":{"type":"broadcast","message":"9","msg_id":null}}
[MATCH BROADCAST]
[MATCH BROADCAST]
[BROADCAST REQUEST: n5 -> n2] {"id":0,"src":"n5","dest":"n2","body":{"type":"broadcast","message":"9","msg_id":null}}
[BROADCAST REQUEST: n5 -> n4] {"id":0,"src":"n5","dest":"n4","body":{"type":"broadcast","message":"9","msg_id":null}}
[RECEIVED] {"id":175,"src":"n2","dest":"n5","body":{"type":"broadcast","message":"10","msg_id":null}}
[MATCH BROADCAST]
[BROADCAST REQUEST: n5 -> n2] {"id":0,"src":"n5","dest":"n2","body":{"type":"broadcast","message":"10","msg_id":null}}
[BROADCAST REQUEST: n5 -> n4] {"id":0,"src":"n5","dest":"n4","body":{"type":"broadcast","message":"10","msg_id":null}}
[RECEIVED] {"id":183,"src":"n4","dest":"n5","body":{"type":"broadcast","message":"10","msg_id":null}}
[MATCH BROADCAST]
[RECEIVED] {"id":186,"src":"n4","dest":"n5","body":{"type":"broadcast","message":"11","msg_id":null}}
[MATCH BROADCAST]
[BROADCAST REQUEST: n5 -> n2] {"id":0,"src":"n5","dest":"n2","body":{"type":"broadcast","message":"11","msg_id":null}}
[BROADCAST REQUEST: n5 -> n4] {"id":0,"src":"n5","dest":"n4","body":{"type":"broadcast","message":"11","msg_id":null}}
[RECEIVED] {"id":192,"src":"n2","dest":"n5","body":{"type":"broadcast","message":"11","msg_id":null}}
[MATCH BROADCAST]
[RECEIVED] {"id":196,"src":"c14","dest":"n5","body":{"type":"read","msg_id":5}}
[MATCH READ]
[READ] {"src":"n5","dest":"c14","body":{"type":"read_ok","messages":["0","1","10","11","2","3","4","5","6","7","8","9"],"in_reply_to":5,"msg_id":30}}
[RECEIVED] {"id":203,"src":"n2","dest":"n5","body":{"type":"broadcast","message":"12","msg_id":null}}
[RECEIVED] {"id":205,"src":"n4","dest":"n5","body":{"type":"broadcast","message":"12","msg_id":null}}
[MATCH BROADCAST]
[MATCH BROADCAST]
[BROADCAST REQUEST: n5 -> n2] {"id":0,"src":"n5","dest":"n2","body":{"type":"broadcast","message":"12","msg_id":null}}
[BROADCAST REQUEST: n5 -> n4] {"id":0,"src":"n5","dest":"n4","body":{"type":"broadcast","message":"12","msg_id":null}}
[RECEIVED] {"id":218,"src":"c14","dest":"n5","body":{"type":"broadcast","message":13,"msg_id":6}}
[MATCH BROADCAST]
[BROADCAST REQUEST: n5 -> n2] {"id":0,"src":"n5","dest":"n2","body":{"type":"broadcast","message":"13","msg_id":null}}
[BROADCAST REQUEST: n5 -> n4] {"id":0,"src":"n5","dest":"n4","body":{"type":"broadcast","message":"13","msg_id":null}}
[BROADCAST] {"src":"n5","dest":"c14","body":{"type":"broadcast_ok","in_reply_to":6,"msg_id":33}}
[RECEIVED] {"id":222,"src":"n2","dest":"n5","body":{"type":"broadcast","message":"13","msg_id":null}}
[MATCH BROADCAST]
[RECEIVED] {"id":225,"src":"n4","dest":"n5","body":{"type":"broadcast","message":"13","msg_id":null}}
[MATCH BROADCAST]
[RECEIVED] {"id":239,"src":"n2","dest":"n5","body":{"type":"broadcast","message":"14","msg_id":null}}
[MATCH BROADCAST]
[BROADCAST REQUEST: n5 -> n2] {"id":0,"src":"n5","dest":"n2","body":{"type":"broadcast","message":"14","msg_id":null}}
[BROADCAST REQUEST: n5 -> n4] {"id":0,"src":"n5","dest":"n4","body":{"type":"broadcast","message":"14","msg_id":null}}
[RECEIVED] {"id":247,"src":"n4","dest":"n5","body":{"type":"broadcast","message":"14","msg_id":null}}
[MATCH BROADCAST]
[RECEIVED] {"id":250,"src":"c14","dest":"n5","body":{"type":"broadcast","message":15,"msg_id":7}}
[MATCH BROADCAST]
[BROADCAST REQUEST: n5 -> n2] {"id":0,"src":"n5","dest":"n2","body":{"type":"broadcast","message":"15","msg_id":null}}
[BROADCAST REQUEST: n5 -> n4] {"id":0,"src":"n5","dest":"n4","body":{"type":"broadcast","message":"15","msg_id":null}}
[BROADCAST] {"src":"n5","dest":"c14","body":{"type":"broadcast_ok","in_reply_to":7,"msg_id":38}}
[RECEIVED] {"id":254,"src":"n2","dest":"n5","body":{"type":"broadcast","message":"15","msg_id":null}}
[MATCH BROADCAST]
[RECEIVED] {"id":256,"src":"n4","dest":"n5","body":{"type":"broadcast","message":"15","msg_id":null}}
[MATCH BROADCAST]
[RECEIVED] {"id":267,"src":"n2","dest":"n5","body":{"type":"broadcast","message":"16","msg_id":null}}
[RECEIVED] {"id":268,"src":"n4","dest":"n5","body":{"type":"broadcast","message":"16","msg_id":null}}
[MATCH BROADCAST]
[MATCH BROADCAST]
[BROADCAST REQUEST: n5 -> n2] {"id":0,"src":"n5","dest":"n2","body":{"type":"broadcast","message":"16","msg_id":null}}
[BROADCAST REQUEST: n5 -> n4] {"id":0,"src":"n5","dest":"n4","body":{"type":"broadcast","message":"16","msg_id":null}}
[RECEIVED] {"id":277,"src":"n2","dest":"n5","body":{"type":"broadcast","message":"17","msg_id":null}}
[MATCH BROADCAST]
[BROADCAST REQUEST: n5 -> n2] {"id":0,"src":"n5","dest":"n2","body":{"type":"broadcast","message":"17","msg_id":null}}
[BROADCAST REQUEST: n5 -> n4] {"id":0,"src":"n5","dest":"n4","body":{"type":"broadcast","message":"17","msg_id":null}}
[RECEIVED] {"id":287,"src":"n4","dest":"n5","body":{"type":"broadcast","message":"17","msg_id":null}}
[MATCH BROADCAST]
[RECEIVED] {"id":291,"src":"n2","dest":"n5","body":{"type":"broadcast","message":"18","msg_id":null}}
[MATCH BROADCAST]
[BROADCAST REQUEST: n5 -> n2] {"id":0,"src":"n5","dest":"n2","body":{"type":"broadcast","message":"18","msg_id":null}}
[BROADCAST REQUEST: n5 -> n4] {"id":0,"src":"n5","dest":"n4","body":{"type":"broadcast","message":"18","msg_id":null}}
[RECEIVED] {"id":299,"src":"n4","dest":"n5","body":{"type":"broadcast","message":"18","msg_id":null}}
[MATCH BROADCAST]
[RECEIVED] {"id":302,"src":"c14","dest":"n5","body":{"type":"read","msg_id":8}}
[MATCH READ]
[READ] {"src":"n5","dest":"c14","body":{"type":"read_ok","messages":["0","1","10","11","12","13","14","15","16","17","18","2","3","4","5","6","7","8","9"],"in_reply_to":8,"msg_id":47}}
[RECEIVED] {"id":314,"src":"n4","dest":"n5","body":{"type":"broadcast","message":"19","msg_id":null}}
[MATCH BROADCAST]
[BROADCAST REQUEST: n5 -> n2] {"id":0,"src":"n5","dest":"n2","body":{"type":"broadcast","message":"19","msg_id":null}}
[BROADCAST REQUEST: n5 -> n4] {"id":0,"src":"n5","dest":"n4","body":{"type":"broadcast","message":"19","msg_id":null}}
[RECEIVED] {"id":320,"src":"n2","dest":"n5","body":{"type":"broadcast","message":"19","msg_id":null}}
[MATCH BROADCAST]
[RECEIVED] {"id":324,"src":"c14","dest":"n5","body":{"type":"read","msg_id":9}}
[MATCH READ]
[READ] {"src":"n5","dest":"c14","body":{"type":"read_ok","messages":["0","1","10","11","12","13","14","15","16","17","18","19","2","3","4","5","6","7","8","9"],"in_reply_to":9,"msg_id":50}}
[RECEIVED] {"id":331,"src":"n2","dest":"n5","body":{"type":"broadcast","message":"20","msg_id":null}}
[RECEIVED] {"id":332,"src":"n4","dest":"n5","body":{"type":"broadcast","message":"20","msg_id":null}}
[MATCH BROADCAST]
[MATCH BROADCAST]
[BROADCAST REQUEST: n5 -> n2] {"id":0,"src":"n5","dest":"n2","body":{"type":"broadcast","message":"20","msg_id":null}}
[BROADCAST REQUEST: n5 -> n4] {"id":0,"src":"n5","dest":"n4","body":{"type":"broadcast","message":"20","msg_id":null}}
[RECEIVED] {"id":345,"src":"n2","dest":"n5","body":{"type":"broadcast","message":"21","msg_id":null}}
[MATCH BROADCAST]
[BROADCAST REQUEST: n5 -> n2] {"id":0,"src":"n5","dest":"n2","body":{"type":"broadcast","message":"21","msg_id":null}}
[BROADCAST REQUEST: n5 -> n4] {"id":0,"src":"n5","dest":"n4","body":{"type":"broadcast","message":"21","msg_id":null}}
[RECEIVED] {"id":353,"src":"n4","dest":"n5","body":{"type":"broadcast","message":"21","msg_id":null}}
[MATCH BROADCAST]
[RECEIVED] {"id":356,"src":"n4","dest":"n5","body":{"type":"broadcast","message":"22","msg_id":null}}
[MATCH BROADCAST]
[BROADCAST REQUEST: n5 -> n2] {"id":0,"src":"n5","dest":"n2","body":{"type":"broadcast","message":"22","msg_id":null}}
[BROADCAST REQUEST: n5 -> n4] {"id":0,"src":"n5","dest":"n4","body":{"type":"broadcast","message":"22","msg_id":null}}
[RECEIVED] {"id":362,"src":"n2","dest":"n5","body":{"type":"broadcast","message":"22","msg_id":null}}
[MATCH BROADCAST]
[RECEIVED] {"id":366,"src":"c14","dest":"n5","body":{"type":"read","msg_id":10}}
[MATCH READ]
[READ] {"src":"n5","dest":"c14","body":{"type":"read_ok","messages":["0","1","10","11","12","13","14","15","16","17","18","19","2","20","21","22","3","4","5","6","7","8","9"],"in_reply_to":10,"msg_id":57}}
[RECEIVED] {"id":373,"src":"n2","dest":"n5","body":{"type":"broadcast","message":"23","msg_id":null}}
[RECEIVED] {"id":374,"src":"n4","dest":"n5","body":{"type":"broadcast","message":"23","msg_id":null}}
[MATCH BROADCAST]
[MATCH BROADCAST]
[BROADCAST REQUEST: n5 -> n2] {"id":0,"src":"n5","dest":"n2","body":{"type":"broadcast","message":"23","msg_id":null}}
[BROADCAST REQUEST: n5 -> n4] {"id":0,"src":"n5","dest":"n4","body":{"type":"broadcast","message":"23","msg_id":null}}
[RECEIVED] {"id":383,"src":"n2","dest":"n5","body":{"type":"broadcast","message":"24","msg_id":null}}
[MATCH BROADCAST]
[BROADCAST REQUEST: n5 -> n2] {"id":0,"src":"n5","dest":"n2","body":{"type":"broadcast","message":"24","msg_id":null}}
[BROADCAST REQUEST: n5 -> n4] {"id":0,"src":"n5","dest":"n4","body":{"type":"broadcast","message":"24","msg_id":null}}
[RECEIVED] {"id":393,"src":"n4","dest":"n5","body":{"type":"broadcast","message":"24","msg_id":null}}
[MATCH BROADCAST]
[RECEIVED] {"id":397,"src":"n2","dest":"n5","body":{"type":"broadcast","message":"25","msg_id":null}}
[MATCH BROADCAST]
[BROADCAST REQUEST: n5 -> n2] {"id":0,"src":"n5","dest":"n2","body":{"type":"broadcast","message":"25","msg_id":null}}
[BROADCAST REQUEST: n5 -> n4] {"id":0,"src":"n5","dest":"n4","body":{"type":"broadcast","message":"25","msg_id":null}}
[RECEIVED] {"id":405,"src":"n4","dest":"n5","body":{"type":"broadcast","message":"25","msg_id":null}}
[MATCH BROADCAST]
[RECEIVED] {"id":408,"src":"c14","dest":"n5","body":{"type":"broadcast","message":26,"msg_id":11}}
[MATCH BROADCAST]
[BROADCAST REQUEST: n5 -> n2] {"id":0,"src":"n5","dest":"n2","body":{"type":"broadcast","message":"26","msg_id":null}}
[BROADCAST REQUEST: n5 -> n4] {"id":0,"src":"n5","dest":"n4","body":{"type":"broadcast","message":"26","msg_id":null}}
[BROADCAST] {"src":"n5","dest":"c14","body":{"type":"broadcast_ok","in_reply_to":11,"msg_id":64}}
[RECEIVED] {"id":411,"src":"n2","dest":"n5","body":{"type":"broadcast","message":"26","msg_id":null}}
[MATCH BROADCAST]
[RECEIVED] {"id":414,"src":"n4","dest":"n5","body":{"type":"broadcast","message":"26","msg_id":null}}
[MATCH BROADCAST]
[RECEIVED] {"id":425,"src":"n2","dest":"n5","body":{"type":"broadcast","message":"27","msg_id":null}}
[RECEIVED] {"id":427,"src":"n4","dest":"n5","body":{"type":"broadcast","message":"27","msg_id":null}}
[MATCH BROADCAST]
[MATCH BROADCAST]
[BROADCAST REQUEST: n5 -> n2] {"id":0,"src":"n5","dest":"n2","body":{"type":"broadcast","message":"27","msg_id":null}}
[BROADCAST REQUEST: n5 -> n4] {"id":0,"src":"n5","dest":"n4","body":{"type":"broadcast","message":"27","msg_id":null}}
[RECEIVED] {"id":437,"src":"n2","dest":"n5","body":{"type":"broadcast","message":"28","msg_id":null}}
[RECEIVED] {"id":439,"src":"n4","dest":"n5","body":{"type":"broadcast","message":"28","msg_id":null}}
[MATCH BROADCAST]
[MATCH BROADCAST]
[BROADCAST REQUEST: n5 -> n2] {"id":0,"src":"n5","dest":"n2","body":{"type":"broadcast","message":"28","msg_id":null}}
[BROADCAST REQUEST: n5 -> n4] {"id":0,"src":"n5","dest":"n4","body":{"type":"broadcast","message":"28","msg_id":null}}
[RECEIVED] {"id":449,"src":"n2","dest":"n5","body":{"type":"broadcast","message":"29","msg_id":null}}
[MATCH BROADCAST]
[BROADCAST REQUEST: n5 -> n2] {"id":0,"src":"n5","dest":"n2","body":{"type":"broadcast","message":"29","msg_id":null}}
[BROADCAST REQUEST: n5 -> n4] {"id":0,"src":"n5","dest":"n4","body":{"type":"broadcast","message":"29","msg_id":null}}
[RECEIVED] {"id":457,"src":"n4","dest":"n5","body":{"type":"broadcast","message":"29","msg_id":null}}
[MATCH BROADCAST]
[RECEIVED] {"id":460,"src":"n4","dest":"n5","body":{"type":"broadcast","message":"30","msg_id":null}}
[MATCH BROADCAST]
[BROADCAST REQUEST: n5 -> n2] {"id":0,"src":"n5","dest":"n2","body":{"type":"broadcast","message":"30","msg_id":null}}
[BROADCAST REQUEST: n5 -> n4] {"id":0,"src":"n5","dest":"n4","body":{"type":"broadcast","message":"30","msg_id":null}}
[RECEIVED] {"id":466,"src":"n2","dest":"n5","body":{"type":"broadcast","message":"30","msg_id":null}}
[MATCH BROADCAST]
[RECEIVED] {"id":470,"src":"c14","dest":"n5","body":{"type":"read","msg_id":12}}
[MATCH READ]
[READ] {"src":"n5","dest":"c14","body":{"type":"read_ok","messages":["0","1","10","11","12","13","14","15","16","17","18","19","2","20","21","22","23","24","25","26","27","28","29","3","30","4","5","6","7","8","9"],"in_reply_to":12,"msg_id":75}}
[RECEIVED] {"id":482,"src":"n4","dest":"n5","body":{"type":"broadcast","message":"31","msg_id":null}}
[MATCH BROADCAST]
[BROADCAST REQUEST: n5 -> n2] {"id":0,"src":"n5","dest":"n2","body":{"type":"broadcast","message":"31","msg_id":null}}
[BROADCAST REQUEST: n5 -> n4] {"id":0,"src":"n5","dest":"n4","body":{"type":"broadcast","message":"31","msg_id":null}}
[RECEIVED] {"id":488,"src":"n2","dest":"n5","body":{"type":"broadcast","message":"31","msg_id":null}}
[MATCH BROADCAST]
[RECEIVED] {"id":492,"src":"c14","dest":"n5","body":{"type":"read","msg_id":13}}
[MATCH READ]
[READ] {"src":"n5","dest":"c14","body":{"type":"read_ok","messages":["0","1","10","11","12","13","14","15","16","17","18","19","2","20","21","22","23","24","25","26","27","28","29","3","30","31","4","5","6","7","8","9"],"in_reply_to":13,"msg_id":78}}
[RECEIVED] {"id":501,"src":"n2","dest":"n5","body":{"type":"broadcast","message":"32","msg_id":null}}
[RECEIVED] {"id":502,"src":"n4","dest":"n5","body":{"type":"broadcast","message":"32","msg_id":null}}
[MATCH BROADCAST]
[MATCH BROADCAST]
[BROADCAST REQUEST: n5 -> n2] {"id":0,"src":"n5","dest":"n2","body":{"type":"broadcast","message":"32","msg_id":null}}
[BROADCAST REQUEST: n5 -> n4] {"id":0,"src":"n5","dest":"n4","body":{"type":"broadcast","message":"32","msg_id":null}}
[RECEIVED] {"id":514,"src":"c14","dest":"n5","body":{"type":"read","msg_id":14}}
[MATCH READ]
[READ] {"src":"n5","dest":"c14","body":{"type":"read_ok","messages":["0","1","10","11","12","13","14","15","16","17","18","19","2","20","21","22","23","24","25","26","27","28","29","3","30","31","32","4","5","6","7","8","9"],"in_reply_to":14,"msg_id":81}}
[RECEIVED] {"id":521,"src":"n2","dest":"n5","body":{"type":"broadcast","message":"33","msg_id":null}}
[MATCH BROADCAST]
[BROADCAST REQUEST: n5 -> n2] {"id":0,"src":"n5","dest":"n2","body":{"type":"broadcast","message":"33","msg_id":null}}
[BROADCAST REQUEST: n5 -> n4] {"id":0,"src":"n5","dest":"n4","body":{"type":"broadcast","message":"33","msg_id":null}}
[RECEIVED] {"id":531,"src":"n4","dest":"n5","body":{"type":"broadcast","message":"33","msg_id":null}}
[MATCH BROADCAST]
[RECEIVED] {"id":535,"src":"n2","dest":"n5","body":{"type":"broadcast","message":"34","msg_id":null}}
[MATCH BROADCAST]
[BROADCAST REQUEST: n5 -> n2] {"id":0,"src":"n5","dest":"n2","body":{"type":"broadcast","message":"34","msg_id":null}}
[BROADCAST REQUEST: n5 -> n4] {"id":0,"src":"n5","dest":"n4","body":{"type":"broadcast","message":"34","msg_id":null}}
[RECEIVED] {"id":543,"src":"n4","dest":"n5","body":{"type":"broadcast","message":"34","msg_id":null}}
[MATCH BROADCAST]
[RECEIVED] {"id":546,"src":"c14","dest":"n5","body":{"type":"broadcast","message":35,"msg_id":15}}
[MATCH BROADCAST]
[BROADCAST REQUEST: n5 -> n2] {"id":0,"src":"n5","dest":"n2","body":{"type":"broadcast","message":"35","msg_id":null}}
[BROADCAST REQUEST: n5 -> n4] {"id":0,"src":"n5","dest":"n4","body":{"type":"broadcast","message":"35","msg_id":null}}
[BROADCAST] {"src":"n5","dest":"c14","body":{"type":"broadcast_ok","in_reply_to":15,"msg_id":86}}
[RECEIVED] {"id":550,"src":"n2","dest":"n5","body":{"type":"broadcast","message":"35","msg_id":null}}
[MATCH BROADCAST]
[RECEIVED] {"id":553,"src":"n4","dest":"n5","body":{"type":"broadcast","message":"35","msg_id":null}}
[MATCH BROADCAST]
[RECEIVED] {"id":563,"src":"n2","dest":"n5","body":{"type":"broadcast","message":"36","msg_id":null}}
[MATCH BROADCAST]
[BROADCAST REQUEST: n5 -> n2] {"id":0,"src":"n5","dest":"n2","body":{"type":"broadcast","message":"36","msg_id":null}}
[BROADCAST REQUEST: n5 -> n4] {"id":0,"src":"n5","dest":"n4","body":{"type":"broadcast","message":"36","msg_id":null}}
[RECEIVED] {"id":573,"src":"n4","dest":"n5","body":{"type":"broadcast","message":"36","msg_id":null}}
[MATCH BROADCAST]
[RECEIVED] {"id":577,"src":"n2","dest":"n5","body":{"type":"broadcast","message":"37","msg_id":null}}
[MATCH BROADCAST]
[BROADCAST REQUEST: n5 -> n2] {"id":0,"src":"n5","dest":"n2","body":{"type":"broadcast","message":"37","msg_id":null}}
[BROADCAST REQUEST: n5 -> n4] {"id":0,"src":"n5","dest":"n4","body":{"type":"broadcast","message":"37","msg_id":null}}
[RECEIVED] {"id":585,"src":"n4","dest":"n5","body":{"type":"broadcast","message":"37","msg_id":null}}
[MATCH BROADCAST]
[RECEIVED] {"id":588,"src":"c14","dest":"n5","body":{"type":"read","msg_id":16}}
[MATCH READ]
[READ] {"src":"n5","dest":"c14","body":{"type":"read_ok","messages":["0","1","10","11","12","13","14","15","16","17","18","19","2","20","21","22","23","24","25","26","27","28","29","3","30","31","32","33","34","35","36","37","4","5","6","7","8","9"],"in_reply_to":16,"msg_id":93}}
[RECEIVED] {"id":595,"src":"n2","dest":"n5","body":{"type":"broadcast","message":"38","msg_id":null}}
[MATCH BROADCAST]
[BROADCAST REQUEST: n5 -> n2] {"id":0,"src":"n5","dest":"n2","body":{"type":"broadcast","message":"38","msg_id":null}}
[BROADCAST REQUEST: n5 -> n4] {"id":0,"src":"n5","dest":"n4","body":{"type":"broadcast","message":"38","msg_id":null}}
[RECEIVED] {"id":605,"src":"n4","dest":"n5","body":{"type":"broadcast","message":"38","msg_id":null}}
[MATCH BROADCAST]
[RECEIVED] {"id":609,"src":"n2","dest":"n5","body":{"type":"broadcast","message":"39","msg_id":null}}
[MATCH BROADCAST]
[BROADCAST REQUEST: n5 -> n2] {"id":0,"src":"n5","dest":"n2","body":{"type":"broadcast","message":"39","msg_id":null}}
[BROADCAST REQUEST: n5 -> n4] {"id":0,"src":"n5","dest":"n4","body":{"type":"broadcast","message":"39","msg_id":null}}
[RECEIVED] {"id":617,"src":"n4","dest":"n5","body":{"type":"broadcast","message":"39","msg_id":null}}
[MATCH BROADCAST]
[RECEIVED] {"id":620,"src":"c14","dest":"n5","body":{"type":"broadcast","message":40,"msg_id":17}}
[MATCH BROADCAST]
[BROADCAST REQUEST: n5 -> n2] {"id":0,"src":"n5","dest":"n2","body":{"type":"broadcast","message":"40","msg_id":null}}
[BROADCAST REQUEST: n5 -> n4] {"id":0,"src":"n5","dest":"n4","body":{"type":"broadcast","message":"40","msg_id":null}}
[BROADCAST] {"src":"n5","dest":"c14","body":{"type":"broadcast_ok","in_reply_to":17,"msg_id":98}}
[RECEIVED] {"id":625,"src":"n2","dest":"n5","body":{"type":"broadcast","message":"40","msg_id":null}}
[RECEIVED] {"id":627,"src":"n4","dest":"n5","body":{"type":"broadcast","message":"40","msg_id":null}}
[MATCH BROADCAST]
[MATCH BROADCAST]
[RECEIVED] {"id":637,"src":"n2","dest":"n5","body":{"type":"broadcast","message":"41","msg_id":null}}
[MATCH BROADCAST]
[RECEIVED] {"id":638,"src":"n4","dest":"n5","body":{"type":"broadcast","message":"41","msg_id":null}}
[BROADCAST REQUEST: n5 -> n2] {"id":0,"src":"n5","dest":"n2","body":{"type":"broadcast","message":"41","msg_id":null}}
[MATCH BROADCAST]
[BROADCAST REQUEST: n5 -> n4] {"id":0,"src":"n5","dest":"n4","body":{"type":"broadcast","message":"41","msg_id":null}}
[RECEIVED] {"id":649,"src":"n2","dest":"n5","body":{"type":"broadcast","message":"42","msg_id":null}}
[MATCH BROADCAST]
[RECEIVED] {"id":651,"src":"n4","dest":"n5","body":{"type":"broadcast","message":"42","msg_id":null}}
[BROADCAST REQUEST: n5 -> n2] {"id":0,"src":"n5","dest":"n2","body":{"type":"broadcast","message":"42","msg_id":null}}
[MATCH BROADCAST]
[BROADCAST REQUEST: n5 -> n4] {"id":0,"src":"n5","dest":"n4","body":{"type":"broadcast","message":"42","msg_id":null}}
[RECEIVED] {"id":657,"src":"n2","dest":"n5","body":{"type":"broadcast","message":"43","msg_id":null}}
[MATCH BROADCAST]
[BROADCAST REQUEST: n5 -> n2] {"id":0,"src":"n5","dest":"n2","body":{"type":"broadcast","message":"43","msg_id":null}}
[BROADCAST REQUEST: n5 -> n4] {"id":0,"src":"n5","dest":"n4","body":{"type":"broadcast","message":"43","msg_id":null}}
[RECEIVED] {"id":667,"src":"n4","dest":"n5","body":{"type":"broadcast","message":"43","msg_id":null}}
[MATCH BROADCAST]
[RECEIVED] {"id":671,"src":"n2","dest":"n5","body":{"type":"broadcast","message":"44","msg_id":null}}
[MATCH BROADCAST]
[BROADCAST REQUEST: n5 -> n2] {"id":0,"src":"n5","dest":"n2","body":{"type":"broadcast","message":"44","msg_id":null}}
[RECEIVED] {"id":677,"src":"n4","dest":"n5","body":{"type":"broadcast","message":"44","msg_id":null}}
[BROADCAST REQUEST: n5 -> n4] {"id":0,"src":"n5","dest":"n4","body":{"type":"broadcast","message":"44","msg_id":null}}
[MATCH BROADCAST]
[RECEIVED] {"id":682,"src":"c14","dest":"n5","body":{"type":"broadcast","message":45,"msg_id":18}}
[MATCH BROADCAST]
[BROADCAST REQUEST: n5 -> n2] {"id":0,"src":"n5","dest":"n2","body":{"type":"broadcast","message":"45","msg_id":null}}
[BROADCAST REQUEST: n5 -> n4] {"id":0,"src":"n5","dest":"n4","body":{"type":"broadcast","message":"45","msg_id":null}}
[BROADCAST] {"src":"n5","dest":"c14","body":{"type":"broadcast_ok","in_reply_to":18,"msg_id":109}}
[RECEIVED] {"id":686,"src":"n2","dest":"n5","body":{"type":"broadcast","message":"45","msg_id":null}}
[RECEIVED] {"id":688,"src":"n4","dest":"n5","body":{"type":"broadcast","message":"45","msg_id":null}}
[MATCH BROADCAST]
[MATCH BROADCAST]
[RECEIVED] {"id":699,"src":"n2","dest":"n5","body":{"type":"broadcast","message":"46","msg_id":null}}
[RECEIVED] {"id":700,"src":"n4","dest":"n5","body":{"type":"broadcast","message":"46","msg_id":null}}
[MATCH BROADCAST]
[MATCH BROADCAST]
[BROADCAST REQUEST: n5 -> n2] {"id":0,"src":"n5","dest":"n2","body":{"type":"broadcast","message":"46","msg_id":null}}
[BROADCAST REQUEST: n5 -> n4] {"id":0,"src":"n5","dest":"n4","body":{"type":"broadcast","message":"46","msg_id":null}}
[RECEIVED] {"id":711,"src":"n2","dest":"n5","body":{"type":"broadcast","message":"47","msg_id":null}}
[RECEIVED] {"id":712,"src":"n4","dest":"n5","body":{"type":"broadcast","message":"47","msg_id":null}}
[MATCH BROADCAST]
[MATCH BROADCAST]
[BROADCAST REQUEST: n5 -> n2] {"id":0,"src":"n5","dest":"n2","body":{"type":"broadcast","message":"47","msg_id":null}}
[BROADCAST REQUEST: n5 -> n4] {"id":0,"src":"n5","dest":"n4","body":{"type":"broadcast","message":"47","msg_id":null}}
[RECEIVED] {"id":724,"src":"n4","dest":"n5","body":{"type":"broadcast","message":"48","msg_id":null}}
[MATCH BROADCAST]
[BROADCAST REQUEST: n5 -> n2] {"id":0,"src":"n5","dest":"n2","body":{"type":"broadcast","message":"48","msg_id":null}}
[BROADCAST REQUEST: n5 -> n4] {"id":0,"src":"n5","dest":"n4","body":{"type":"broadcast","message":"48","msg_id":null}}
[RECEIVED] {"id":730,"src":"n2","dest":"n5","body":{"type":"broadcast","message":"48","msg_id":null}}
[MATCH BROADCAST]
[RECEIVED] {"id":734,"src":"c14","dest":"n5","body":{"type":"read","msg_id":19}}
[MATCH READ]
[READ] {"src":"n5","dest":"c14","body":{"type":"read_ok","messages":["0","1","10","11","12","13","14","15","16","17","18","19","2","20","21","22","23","24","25","26","27","28","29","3","30","31","32","33","34","35","36","37","38","39","4","40","41","42","43","44","45","46","47","48","5","6","7","8","9"],"in_reply_to":19,"msg_id":118}}
[RECEIVED] {"id":743,"src":"n2","dest":"n5","body":{"type":"broadcast","message":"49","msg_id":null}}
[RECEIVED] {"id":744,"src":"n4","dest":"n5","body":{"type":"broadcast","message":"49","msg_id":null}}
[MATCH BROADCAST]
[MATCH BROADCAST]
[BROADCAST REQUEST: n5 -> n2] {"id":0,"src":"n5","dest":"n2","body":{"type":"broadcast","message":"49","msg_id":null}}
[BROADCAST REQUEST: n5 -> n4] {"id":0,"src":"n5","dest":"n4","body":{"type":"broadcast","message":"49","msg_id":null}}
[RECEIVED] {"id":751,"src":"n2","dest":"n5","body":{"type":"broadcast","message":"50","msg_id":null}}
[MATCH BROADCAST]
[BROADCAST REQUEST: n5 -> n2] {"id":0,"src":"n5","dest":"n2","body":{"type":"broadcast","message":"50","msg_id":null}}
[BROADCAST REQUEST: n5 -> n4] {"id":0,"src":"n5","dest":"n4","body":{"type":"broadcast","message":"50","msg_id":null}}
[RECEIVED] {"id":761,"src":"n4","dest":"n5","body":{"type":"broadcast","message":"50","msg_id":null}}
[MATCH BROADCAST]
[RECEIVED] {"id":766,"src":"c14","dest":"n5","body":{"type":"read","msg_id":20}}
[MATCH READ]
[READ] {"src":"n5","dest":"c14","body":{"type":"read_ok","messages":["0","1","10","11","12","13","14","15","16","17","18","19","2","20","21","22","23","24","25","26","27","28","29","3","30","31","32","33","34","35","36","37","38","39","4","40","41","42","43","44","45","46","47","48","49","5","50","6","7","8","9"],"in_reply_to":20,"msg_id":123}}
[RECEIVED] {"id":773,"src":"n2","dest":"n5","body":{"type":"broadcast","message":"51","msg_id":null}}
[RECEIVED] {"id":774,"src":"n4","dest":"n5","body":{"type":"broadcast","message":"51","msg_id":null}}
[MATCH BROADCAST]
[MATCH BROADCAST]
[BROADCAST REQUEST: n5 -> n2] {"id":0,"src":"n5","dest":"n2","body":{"type":"broadcast","message":"51","msg_id":null}}
[BROADCAST REQUEST: n5 -> n4] {"id":0,"src":"n5","dest":"n4","body":{"type":"broadcast","message":"51","msg_id":null}}
[RECEIVED] {"id":783,"src":"n2","dest":"n5","body":{"type":"broadcast","message":"52","msg_id":null}}
[MATCH BROADCAST]
[BROADCAST REQUEST: n5 -> n2] {"id":0,"src":"n5","dest":"n2","body":{"type":"broadcast","message":"52","msg_id":null}}
[BROADCAST REQUEST: n5 -> n4] {"id":0,"src":"n5","dest":"n4","body":{"type":"broadcast","message":"52","msg_id":null}}
[RECEIVED] {"id":793,"src":"n4","dest":"n5","body":{"type":"broadcast","message":"52","msg_id":null}}
[MATCH BROADCAST]
[RECEIVED] {"id":797,"src":"n2","dest":"n5","body":{"type":"broadcast","message":"53","msg_id":null}}
[MATCH BROADCAST]
[BROADCAST REQUEST: n5 -> n2] {"id":0,"src":"n5","dest":"n2","body":{"type":"broadcast","message":"53","msg_id":null}}
[BROADCAST REQUEST: n5 -> n4] {"id":0,"src":"n5","dest":"n4","body":{"type":"broadcast","message":"53","msg_id":null}}
[RECEIVED] {"id":805,"src":"n4","dest":"n5","body":{"type":"broadcast","message":"53","msg_id":null}}
[MATCH BROADCAST]
[RECEIVED] {"id":808,"src":"n4","dest":"n5","body":{"type":"broadcast","message":"54","msg_id":null}}
[MATCH BROADCAST]
[BROADCAST REQUEST: n5 -> n2] {"id":0,"src":"n5","dest":"n2","body":{"type":"broadcast","message":"54","msg_id":null}}
[BROADCAST REQUEST: n5 -> n4] {"id":0,"src":"n5","dest":"n4","body":{"type":"broadcast","message":"54","msg_id":null}}
[RECEIVED] {"id":814,"src":"n2","dest":"n5","body":{"type":"broadcast","message":"54","msg_id":null}}
[MATCH BROADCAST]
[RECEIVED] {"id":818,"src":"c14","dest":"n5","body":{"type":"read","msg_id":21}}
[MATCH READ]
[READ] {"src":"n5","dest":"c14","body":{"type":"read_ok","messages":["0","1","10","11","12","13","14","15","16","17","18","19","2","20","21","22","23","24","25","26","27","28","29","3","30","31","32","33","34","35","36","37","38","39","4","40","41","42","43","44","45","46","47","48","49","5","50","51","52","53","54","6","7","8","9"],"in_reply_to":21,"msg_id":132}}
[RECEIVED] {"id":824,"src":"n2","dest":"n5","body":{"type":"broadcast","message":"55","msg_id":null}}
[MATCH BROADCAST]
[BROADCAST REQUEST: n5 -> n2] {"id":0,"src":"n5","dest":"n2","body":{"type":"broadcast","message":"55","msg_id":null}}
[RECEIVED] {"id":827,"src":"n4","dest":"n5","body":{"type":"broadcast","message":"55","msg_id":null}}
[MATCH BROADCAST]
[BROADCAST REQUEST: n5 -> n4] {"id":0,"src":"n5","dest":"n4","body":{"type":"broadcast","message":"55","msg_id":null}}
[RECEIVED] {"id":840,"src":"n4","dest":"n5","body":{"type":"broadcast","message":"56","msg_id":null}}
[MATCH BROADCAST]
[BROADCAST REQUEST: n5 -> n2] {"id":0,"src":"n5","dest":"n2","body":{"type":"broadcast","message":"56","msg_id":null}}
[BROADCAST REQUEST: n5 -> n4] {"id":0,"src":"n5","dest":"n4","body":{"type":"broadcast","message":"56","msg_id":null}}
[RECEIVED] {"id":846,"src":"n2","dest":"n5","body":{"type":"broadcast","message":"56","msg_id":null}}
[MATCH BROADCAST]
[RECEIVED] {"id":850,"src":"c14","dest":"n5","body":{"type":"read","msg_id":22}}
[MATCH READ]
[READ] {"src":"n5","dest":"c14","body":{"type":"read_ok","messages":["0","1","10","11","12","13","14","15","16","17","18","19","2","20","21","22","23","24","25","26","27","28","29","3","30","31","32","33","34","35","36","37","38","39","4","40","41","42","43","44","45","46","47","48","49","5","50","51","52","53","54","55","56","6","7","8","9"],"in_reply_to":22,"msg_id":137}}
[RECEIVED] {"id":857,"src":"n4","dest":"n5","body":{"type":"broadcast","message":"57","msg_id":null}}
[RECEIVED] {"id":858,"src":"n2","dest":"n5","body":{"type":"broadcast","message":"57","msg_id":null}}
[MATCH BROADCAST]
[MATCH BROADCAST]
[BROADCAST REQUEST: n5 -> n2] {"id":0,"src":"n5","dest":"n2","body":{"type":"broadcast","message":"57","msg_id":null}}
[BROADCAST REQUEST: n5 -> n4] {"id":0,"src":"n5","dest":"n4","body":{"type":"broadcast","message":"57","msg_id":null}}
[RECEIVED] {"id":869,"src":"n4","dest":"n5","body":{"type":"broadcast","message":"58","msg_id":null}}
[RECEIVED] {"id":870,"src":"n2","dest":"n5","body":{"type":"broadcast","message":"58","msg_id":null}}
[MATCH BROADCAST]
[MATCH BROADCAST]
[BROADCAST REQUEST: n5 -> n2] {"id":0,"src":"n5","dest":"n2","body":{"type":"broadcast","message":"58","msg_id":null}}
[BROADCAST REQUEST: n5 -> n4] {"id":0,"src":"n5","dest":"n4","body":{"type":"broadcast","message":"58","msg_id":null}}
[RECEIVED] {"id":882,"src":"c14","dest":"n5","body":{"type":"broadcast","message":59,"msg_id":23}}
[MATCH BROADCAST]
[BROADCAST REQUEST: n5 -> n2] {"id":0,"src":"n5","dest":"n2","body":{"type":"broadcast","message":"59","msg_id":null}}
[BROADCAST REQUEST: n5 -> n4] {"id":0,"src":"n5","dest":"n4","body":{"type":"broadcast","message":"59","msg_id":null}}
[BROADCAST] {"src":"n5","dest":"c14","body":{"type":"broadcast_ok","in_reply_to":23,"msg_id":142}}
[RECEIVED] {"id":886,"src":"n2","dest":"n5","body":{"type":"broadcast","message":"59","msg_id":null}}
[MATCH BROADCAST]
[RECEIVED] {"id":889,"src":"n4","dest":"n5","body":{"type":"broadcast","message":"59","msg_id":null}}
[MATCH BROADCAST]
[RECEIVED] {"id":899,"src":"n2","dest":"n5","body":{"type":"broadcast","message":"60","msg_id":null}}
[RECEIVED] {"id":901,"src":"n4","dest":"n5","body":{"type":"broadcast","message":"60","msg_id":null}}
[MATCH BROADCAST]
[MATCH BROADCAST]
[BROADCAST REQUEST: n5 -> n2] {"id":0,"src":"n5","dest":"n2","body":{"type":"broadcast","message":"60","msg_id":null}}
[BROADCAST REQUEST: n5 -> n4] {"id":0,"src":"n5","dest":"n4","body":{"type":"broadcast","message":"60","msg_id":null}}
[RECEIVED] {"id":911,"src":"n2","dest":"n5","body":{"type":"broadcast","message":"61","msg_id":null}}
[RECEIVED] {"id":912,"src":"n4","dest":"n5","body":{"type":"broadcast","message":"61","msg_id":null}}
[MATCH BROADCAST]
[MATCH BROADCAST]
[BROADCAST REQUEST: n5 -> n2] {"id":0,"src":"n5","dest":"n2","body":{"type":"broadcast","message":"61","msg_id":null}}
[BROADCAST REQUEST: n5 -> n4] {"id":0,"src":"n5","dest":"n4","body":{"type":"broadcast","message":"61","msg_id":null}}
[RECEIVED] {"id":919,"src":"n2","dest":"n5","body":{"type":"broadcast","message":"62","msg_id":null}}
[MATCH BROADCAST]
[BROADCAST REQUEST: n5 -> n2] {"id":0,"src":"n5","dest":"n2","body":{"type":"broadcast","message":"62","msg_id":null}}
[BROADCAST REQUEST: n5 -> n4] {"id":0,"src":"n5","dest":"n4","body":{"type":"broadcast","message":"62","msg_id":null}}
[RECEIVED] {"id":929,"src":"n4","dest":"n5","body":{"type":"broadcast","message":"62","msg_id":null}}
[MATCH BROADCAST]
[RECEIVED] {"id":934,"src":"n4","dest":"n5","body":{"type":"broadcast","message":"63","msg_id":null}}
[MATCH BROADCAST]
[BROADCAST REQUEST: n5 -> n2] {"id":0,"src":"n5","dest":"n2","body":{"type":"broadcast","message":"63","msg_id":null}}
[BROADCAST REQUEST: n5 -> n4] {"id":0,"src":"n5","dest":"n4","body":{"type":"broadcast","message":"63","msg_id":null}}
[RECEIVED] {"id":940,"src":"n2","dest":"n5","body":{"type":"broadcast","message":"63","msg_id":null}}
[MATCH BROADCAST]
[RECEIVED] {"id":944,"src":"c14","dest":"n5","body":{"type":"read","msg_id":24}}
[MATCH READ]
[READ] {"src":"n5","dest":"c14","body":{"type":"read_ok","messages":["0","1","10","11","12","13","14","15","16","17","18","19","2","20","21","22","23","24","25","26","27","28","29","3","30","31","32","33","34","35","36","37","38","39","4","40","41","42","43","44","45","46","47","48","49","5","50","51","52","53","54","55","56","57","58","59","6","60","61","62","63","7","8","9"],"in_reply_to":24,"msg_id":153}}
[RECEIVED] {"id":953,"src":"n2","dest":"n5","body":{"type":"broadcast","message":"64","msg_id":null}}
[RECEIVED] {"id":954,"src":"n4","dest":"n5","body":{"type":"broadcast","message":"64","msg_id":null}}
[MATCH BROADCAST]
[MATCH BROADCAST]
[BROADCAST REQUEST: n5 -> n2] {"id":0,"src":"n5","dest":"n2","body":{"type":"broadcast","message":"64","msg_id":null}}
[BROADCAST REQUEST: n5 -> n4] {"id":0,"src":"n5","dest":"n4","body":{"type":"broadcast","message":"64","msg_id":null}}
[RECEIVED] {"id":961,"src":"n2","dest":"n5","body":{"type":"broadcast","message":"65","msg_id":null}}
[MATCH BROADCAST]
[BROADCAST REQUEST: n5 -> n2] {"id":0,"src":"n5","dest":"n2","body":{"type":"broadcast","message":"65","msg_id":null}}
[BROADCAST REQUEST: n5 -> n4] {"id":0,"src":"n5","dest":"n4","body":{"type":"broadcast","message":"65","msg_id":null}}
[RECEIVED] {"id":971,"src":"n4","dest":"n5","body":{"type":"broadcast","message":"65","msg_id":null}}
[MATCH BROADCAST]
[RECEIVED] {"id":976,"src":"n4","dest":"n5","body":{"type":"broadcast","message":"66","msg_id":null}}
[MATCH BROADCAST]
[BROADCAST REQUEST: n5 -> n2] {"id":0,"src":"n5","dest":"n2","body":{"type":"broadcast","message":"66","msg_id":null}}
[BROADCAST REQUEST: n5 -> n4] {"id":0,"src":"n5","dest":"n4","body":{"type":"broadcast","message":"66","msg_id":null}}
[RECEIVED] {"id":982,"src":"n2","dest":"n5","body":{"type":"broadcast","message":"66","msg_id":null}}
[MATCH BROADCAST]
[RECEIVED] {"id":986,"src":"c14","dest":"n5","body":{"type":"read","msg_id":25}}
[MATCH READ]
[READ] {"src":"n5","dest":"c14","body":{"type":"read_ok","messages":["0","1","10","11","12","13","14","15","16","17","18","19","2","20","21","22","23","24","25","26","27","28","29","3","30","31","32","33","34","35","36","37","38","39","4","40","41","42","43","44","45","46","47","48","49","5","50","51","52","53","54","55","56","57","58","59","6","60","61","62","63","64","65","66","7","8","9"],"in_reply_to":25,"msg_id":160}}
[RECEIVED] {"id":995,"src":"n2","dest":"n5","body":{"type":"broadcast","message":"67","msg_id":null}}
[RECEIVED] {"id":996,"src":"n4","dest":"n5","body":{"type":"broadcast","message":"67","msg_id":null}}
[MATCH BROADCAST]
[MATCH BROADCAST]
[BROADCAST REQUEST: n5 -> n2] {"id":0,"src":"n5","dest":"n2","body":{"type":"broadcast","message":"67","msg_id":null}}
[BROADCAST REQUEST: n5 -> n4] {"id":0,"src":"n5","dest":"n4","body":{"type":"broadcast","message":"67","msg_id":null}}
[RECEIVED] {"id":1007,"src":"n2","dest":"n5","body":{"type":"broadcast","message":"68","msg_id":null}}
[MATCH BROADCAST]
[BROADCAST REQUEST: n5 -> n2] {"id":0,"src":"n5","dest":"n2","body":{"type":"broadcast","message":"68","msg_id":null}}
[BROADCAST REQUEST: n5 -> n4] {"id":0,"src":"n5","dest":"n4","body":{"type":"broadcast","message":"68","msg_id":null}}
[RECEIVED] {"id":1015,"src":"n4","dest":"n5","body":{"type":"broadcast","message":"68","msg_id":null}}
[MATCH BROADCAST]
[RECEIVED] {"id":1018,"src":"c14","dest":"n5","body":{"type":"read","msg_id":26}}
[MATCH READ]
[READ] {"src":"n5","dest":"c14","body":{"type":"read_ok","messages":["0","1","10","11","12","13","14","15","16","17","18","19","2","20","21","22","23","24","25","26","27","28","29","3","30","31","32","33","34","35","36","37","38","39","4","40","41","42","43","44","45","46","47","48","49","5","50","51","52","53","54","55","56","57","58","59","6","60","61","62","63","64","65","66","67","68","7","8","9"],"in_reply_to":26,"msg_id":165}}
[RECEIVED] {"id":1025,"src":"n2","dest":"n5","body":{"type":"broadcast","message":"69","msg_id":null}}
[RECEIVED] {"id":1026,"src":"n4","dest":"n5","body":{"type":"broadcast","message":"69","msg_id":null}}
[MATCH BROADCAST]
[MATCH BROADCAST]
[BROADCAST REQUEST: n5 -> n2] {"id":0,"src":"n5","dest":"n2","body":{"type":"broadcast","message":"69","msg_id":null}}
[BROADCAST REQUEST: n5 -> n4] {"id":0,"src":"n5","dest":"n4","body":{"type":"broadcast","message":"69","msg_id":null}}
[RECEIVED] {"id":1039,"src":"n2","dest":"n5","body":{"type":"broadcast","message":"70","msg_id":null}}
[MATCH BROADCAST]
[BROADCAST REQUEST: n5 -> n2] {"id":0,"src":"n5","dest":"n2","body":{"type":"broadcast","message":"70","msg_id":null}}
[BROADCAST REQUEST: n5 -> n4] {"id":0,"src":"n5","dest":"n4","body":{"type":"broadcast","message":"70","msg_id":null}}
[RECEIVED] {"id":1047,"src":"n4","dest":"n5","body":{"type":"broadcast","message":"70","msg_id":null}}
[MATCH BROADCAST]
[RECEIVED] {"id":1050,"src":"n4","dest":"n5","body":{"type":"broadcast","message":"71","msg_id":null}}
[MATCH BROADCAST]
[BROADCAST REQUEST: n5 -> n2] {"id":0,"src":"n5","dest":"n2","body":{"type":"broadcast","message":"71","msg_id":null}}
[BROADCAST REQUEST: n5 -> n4] {"id":0,"src":"n5","dest":"n4","body":{"type":"broadcast","message":"71","msg_id":null}}
[RECEIVED] {"id":1056,"src":"n2","dest":"n5","body":{"type":"broadcast","message":"71","msg_id":null}}
[MATCH BROADCAST]
[RECEIVED] {"id":1060,"src":"c14","dest":"n5","body":{"type":"read","msg_id":27}}
[MATCH READ]
[READ] {"src":"n5","dest":"c14","body":{"type":"read_ok","messages":["0","1","10","11","12","13","14","15","16","17","18","19","2","20","21","22","23","24","25","26","27","28","29","3","30","31","32","33","34","35","36","37","38","39","4","40","41","42","43","44","45","46","47","48","49","5","50","51","52","53","54","55","56","57","58","59","6","60","61","62","63","64","65","66","67","68","69","7","70","71","8","9"],"in_reply_to":27,"msg_id":172}}
[RECEIVED] {"id":1067,"src":"n2","dest":"n5","body":{"type":"broadcast","message":"72","msg_id":null}}
[RECEIVED] {"id":1068,"src":"n4","dest":"n5","body":{"type":"broadcast","message":"72","msg_id":null}}
[MATCH BROADCAST]
[MATCH BROADCAST]
[BROADCAST REQUEST: n5 -> n2] {"id":0,"src":"n5","dest":"n2","body":{"type":"broadcast","message":"72","msg_id":null}}
[BROADCAST REQUEST: n5 -> n4] {"id":0,"src":"n5","dest":"n4","body":{"type":"broadcast","message":"72","msg_id":null}}
[RECEIVED] {"id":1077,"src":"n2","dest":"n5","body":{"type":"broadcast","message":"73","msg_id":null}}
[MATCH BROADCAST]
[BROADCAST REQUEST: n5 -> n2] {"id":0,"src":"n5","dest":"n2","body":{"type":"broadcast","message":"73","msg_id":null}}
[BROADCAST REQUEST: n5 -> n4] {"id":0,"src":"n5","dest":"n4","body":{"type":"broadcast","message":"73","msg_id":null}}
[RECEIVED] {"id":1087,"src":"n4","dest":"n5","body":{"type":"broadcast","message":"73","msg_id":null}}
[MATCH BROADCAST]
[RECEIVED] {"id":1091,"src":"n2","dest":"n5","body":{"type":"broadcast","message":"74","msg_id":null}}
[MATCH BROADCAST]
[BROADCAST REQUEST: n5 -> n2] {"id":0,"src":"n5","dest":"n2","body":{"type":"broadcast","message":"74","msg_id":null}}
[BROADCAST REQUEST: n5 -> n4] {"id":0,"src":"n5","dest":"n4","body":{"type":"broadcast","message":"74","msg_id":null}}
[RECEIVED] {"id":1099,"src":"n4","dest":"n5","body":{"type":"broadcast","message":"74","msg_id":null}}
[MATCH BROADCAST]
[RECEIVED] {"id":1102,"src":"c14","dest":"n5","body":{"type":"read","msg_id":28}}
[MATCH READ]
[READ] {"src":"n5","dest":"c14","body":{"type":"read_ok","messages":["0","1","10","11","12","13","14","15","16","17","18","19","2","20","21","22","23","24","25","26","27","28","29","3","30","31","32","33","34","35","36","37","38","39","4","40","41","42","43","44","45","46","47","48","49","5","50","51","52","53","54","55","56","57","58","59","6","60","61","62","63","64","65","66","67","68","69","7","70","71","72","73","74","8","9"],"in_reply_to":28,"msg_id":179}}
[RECEIVED] {"id":1111,"src":"n2","dest":"n5","body":{"type":"broadcast","message":"75","msg_id":null}}
[RECEIVED] {"id":1112,"src":"n4","dest":"n5","body":{"type":"broadcast","message":"75","msg_id":null}}
[MATCH BROADCAST]
[MATCH BROADCAST]
[BROADCAST REQUEST: n5 -> n2] {"id":0,"src":"n5","dest":"n2","body":{"type":"broadcast","message":"75","msg_id":null}}
[BROADCAST REQUEST: n5 -> n4] {"id":0,"src":"n5","dest":"n4","body":{"type":"broadcast","message":"75","msg_id":null}}
[RECEIVED] {"id":1123,"src":"n2","dest":"n5","body":{"type":"broadcast","message":"76","msg_id":null}}
[MATCH BROADCAST]
[BROADCAST REQUEST: n5 -> n2] {"id":0,"src":"n5","dest":"n2","body":{"type":"broadcast","message":"76","msg_id":null}}
[BROADCAST REQUEST: n5 -> n4] {"id":0,"src":"n5","dest":"n4","body":{"type":"broadcast","message":"76","msg_id":null}}
[RECEIVED] {"id":1131,"src":"n4","dest":"n5","body":{"type":"broadcast","message":"76","msg_id":null}}
[MATCH BROADCAST]
[RECEIVED] {"id":1134,"src":"c14","dest":"n5","body":{"type":"read","msg_id":29}}
[MATCH READ]
[READ] {"src":"n5","dest":"c14","body":{"type":"read_ok","messages":["0","1","10","11","12","13","14","15","16","17","18","19","2","20","21","22","23","24","25","26","27","28","29","3","30","31","32","33","34","35","36","37","38","39","4","40","41","42","43","44","45","46","47","48","49","5","50","51","52","53","54","55","56","57","58","59","6","60","61","62","63","64","65","66","67","68","69","7","70","71","72","73","74","75","76","8","9"],"in_reply_to":29,"msg_id":184}}
[RECEIVED] {"id":1143,"src":"n2","dest":"n5","body":{"type":"broadcast","message":"77","msg_id":null}}
[RECEIVED] {"id":1145,"src":"n4","dest":"n5","body":{"type":"broadcast","message":"77","msg_id":null}}
[MATCH BROADCAST]
[MATCH BROADCAST]
[BROADCAST REQUEST: n5 -> n2] {"id":0,"src":"n5","dest":"n2","body":{"type":"broadcast","message":"77","msg_id":null}}
[BROADCAST REQUEST: n5 -> n4] {"id":0,"src":"n5","dest":"n4","body":{"type":"broadcast","message":"77","msg_id":null}}
[RECEIVED] {"id":1151,"src":"n2","dest":"n5","body":{"type":"broadcast","message":"78","msg_id":null}}
[MATCH BROADCAST]
[BROADCAST REQUEST: n5 -> n2] {"id":0,"src":"n5","dest":"n2","body":{"type":"broadcast","message":"78","msg_id":null}}
[BROADCAST REQUEST: n5 -> n4] {"id":0,"src":"n5","dest":"n4","body":{"type":"broadcast","message":"78","msg_id":null}}
[RECEIVED] {"id":1161,"src":"n4","dest":"n5","body":{"type":"broadcast","message":"78","msg_id":null}}
[MATCH BROADCAST]
[RECEIVED] {"id":1165,"src":"n2","dest":"n5","body":{"type":"broadcast","message":"79","msg_id":null}}
[MATCH BROADCAST]
[BROADCAST REQUEST: n5 -> n2] {"id":0,"src":"n5","dest":"n2","body":{"type":"broadcast","message":"79","msg_id":null}}
[BROADCAST REQUEST: n5 -> n4] {"id":0,"src":"n5","dest":"n4","body":{"type":"broadcast","message":"79","msg_id":null}}
[RECEIVED] {"id":1173,"src":"n4","dest":"n5","body":{"type":"broadcast","message":"79","msg_id":null}}
[MATCH BROADCAST]
[RECEIVED] {"id":1176,"src":"c14","dest":"n5","body":{"type":"read","msg_id":30}}
[MATCH READ]
[READ] {"src":"n5","dest":"c14","body":{"type":"read_ok","messages":["0","1","10","11","12","13","14","15","16","17","18","19","2","20","21","22","23","24","25","26","27","28","29","3","30","31","32","33","34","35","36","37","38","39","4","40","41","42","43","44","45","46","47","48","49","5","50","51","52","53","54","55","56","57","58","59","6","60","61","62","63","64","65","66","67","68","69","7","70","71","72","73","74","75","76","77","78","79","8","9"],"in_reply_to":30,"msg_id":191}}
[RECEIVED] {"id":1183,"src":"n2","dest":"n5","body":{"type":"broadcast","message":"80","msg_id":null}}
[MATCH BROADCAST]
[BROADCAST REQUEST: n5 -> n2] {"id":0,"src":"n5","dest":"n2","body":{"type":"broadcast","message":"80","msg_id":null}}
[BROADCAST REQUEST: n5 -> n4] {"id":0,"src":"n5","dest":"n4","body":{"type":"broadcast","message":"80","msg_id":null}}
[RECEIVED] {"id":1193,"src":"n4","dest":"n5","body":{"type":"broadcast","message":"80","msg_id":null}}
[MATCH BROADCAST]
[RECEIVED] {"id":1198,"src":"c14","dest":"n5","body":{"type":"broadcast","message":81,"msg_id":31}}
[MATCH BROADCAST]
[BROADCAST REQUEST: n5 -> n2] {"id":0,"src":"n5","dest":"n2","body":{"type":"broadcast","message":"81","msg_id":null}}
[BROADCAST REQUEST: n5 -> n4] {"id":0,"src":"n5","dest":"n4","body":{"type":"broadcast","message":"81","msg_id":null}}
[BROADCAST] {"src":"n5","dest":"c14","body":{"type":"broadcast_ok","in_reply_to":31,"msg_id":194}}
[RECEIVED] {"id":1202,"src":"n2","dest":"n5","body":{"type":"broadcast","message":"81","msg_id":null}}
[RECEIVED] {"id":1204,"src":"n4","dest":"n5","body":{"type":"broadcast","message":"81","msg_id":null}}
[MATCH BROADCAST]
[MATCH BROADCAST]
[RECEIVED] {"id":1220,"src":"n4","dest":"n5","body":{"type":"broadcast","message":"82","msg_id":null}}
[MATCH BROADCAST]
[BROADCAST REQUEST: n5 -> n2] {"id":0,"src":"n5","dest":"n2","body":{"type":"broadcast","message":"82","msg_id":null}}
[BROADCAST REQUEST: n5 -> n4] {"id":0,"src":"n5","dest":"n4","body":{"type":"broadcast","message":"82","msg_id":null}}
[RECEIVED] {"id":1226,"src":"n2","dest":"n5","body":{"type":"broadcast","message":"82","msg_id":null}}
[MATCH BROADCAST]
[RECEIVED] {"id":1230,"src":"c14","dest":"n5","body":{"type":"broadcast","message":83,"msg_id":32}}
[MATCH BROADCAST]
[BROADCAST REQUEST: n5 -> n2] {"id":0,"src":"n5","dest":"n2","body":{"type":"broadcast","message":"83","msg_id":null}}
[BROADCAST REQUEST: n5 -> n4] {"id":0,"src":"n5","dest":"n4","body":{"type":"broadcast","message":"83","msg_id":null}}
[BROADCAST] {"src":"n5","dest":"c14","body":{"type":"broadcast_ok","in_reply_to":32,"msg_id":199}}
[RECEIVED] {"id":1235,"src":"n2","dest":"n5","body":{"type":"broadcast","message":"83","msg_id":null}}
[MATCH BROADCAST]
[RECEIVED] {"id":1237,"src":"n4","dest":"n5","body":{"type":"broadcast","message":"83","msg_id":null}}
[MATCH BROADCAST]
[RECEIVED] {"id":1247,"src":"n2","dest":"n5","body":{"type":"broadcast","message":"84","msg_id":null}}
[RECEIVED] {"id":1248,"src":"n4","dest":"n5","body":{"type":"broadcast","message":"84","msg_id":null}}
[MATCH BROADCAST]
[MATCH BROADCAST]
[BROADCAST REQUEST: n5 -> n2] {"id":0,"src":"n5","dest":"n2","body":{"type":"broadcast","message":"84","msg_id":null}}
[BROADCAST REQUEST: n5 -> n4] {"id":0,"src":"n5","dest":"n4","body":{"type":"broadcast","message":"84","msg_id":null}}
[RECEIVED] {"id":1259,"src":"n2","dest":"n5","body":{"type":"broadcast","message":"85","msg_id":null}}
[RECEIVED] {"id":1260,"src":"n4","dest":"n5","body":{"type":"broadcast","message":"85","msg_id":null}}
[MATCH BROADCAST]
[MATCH BROADCAST]
[BROADCAST REQUEST: n5 -> n2] {"id":0,"src":"n5","dest":"n2","body":{"type":"broadcast","message":"85","msg_id":null}}
[BROADCAST REQUEST: n5 -> n4] {"id":0,"src":"n5","dest":"n4","body":{"type":"broadcast","message":"85","msg_id":null}}
[RECEIVED] {"id":1271,"src":"n2","dest":"n5","body":{"type":"broadcast","message":"86","msg_id":null}}
[MATCH BROADCAST]
[BROADCAST REQUEST: n5 -> n2] {"id":0,"src":"n5","dest":"n2","body":{"type":"broadcast","message":"86","msg_id":null}}
[BROADCAST REQUEST: n5 -> n4] {"id":0,"src":"n5","dest":"n4","body":{"type":"broadcast","message":"86","msg_id":null}}
[RECEIVED] {"id":1279,"src":"n4","dest":"n5","body":{"type":"broadcast","message":"86","msg_id":null}}
[MATCH BROADCAST]
[RECEIVED] {"id":1282,"src":"c14","dest":"n5","body":{"type":"broadcast","message":87,"msg_id":33}}
[MATCH BROADCAST]
[BROADCAST REQUEST: n5 -> n2] {"id":0,"src":"n5","dest":"n2","body":{"type":"broadcast","message":"87","msg_id":null}}
[BROADCAST REQUEST: n5 -> n4] {"id":0,"src":"n5","dest":"n4","body":{"type":"broadcast","message":"87","msg_id":null}}
[BROADCAST] {"src":"n5","dest":"c14","body":{"type":"broadcast_ok","in_reply_to":33,"msg_id":208}}
[RECEIVED] {"id":1287,"src":"n2","dest":"n5","body":{"type":"broadcast","message":"87","msg_id":null}}
[RECEIVED] {"id":1288,"src":"n4","dest":"n5","body":{"type":"broadcast","message":"87","msg_id":null}}
[MATCH BROADCAST]
[MATCH BROADCAST]
[RECEIVED] {"id":1299,"src":"n2","dest":"n5","body":{"type":"broadcast","message":"88","msg_id":null}}
[MATCH BROADCAST]
[RECEIVED] {"id":1301,"src":"n4","dest":"n5","body":{"type":"broadcast","message":"88","msg_id":null}}
[BROADCAST REQUEST: n5 -> n2] {"id":0,"src":"n5","dest":"n2","body":{"type":"broadcast","message":"88","msg_id":null}}
[MATCH BROADCAST]
[BROADCAST REQUEST: n5 -> n4] {"id":0,"src":"n5","dest":"n4","body":{"type":"broadcast","message":"88","msg_id":null}}
[RECEIVED] {"id":1311,"src":"n2","dest":"n5","body":{"type":"broadcast","message":"89","msg_id":null}}
[RECEIVED] {"id":1312,"src":"n4","dest":"n5","body":{"type":"broadcast","message":"89","msg_id":null}}
[MATCH BROADCAST]
[MATCH BROADCAST]
[BROADCAST REQUEST: n5 -> n2] {"id":0,"src":"n5","dest":"n2","body":{"type":"broadcast","message":"89","msg_id":null}}
[BROADCAST REQUEST: n5 -> n4] {"id":0,"src":"n5","dest":"n4","body":{"type":"broadcast","message":"89","msg_id":null}}
[RECEIVED] {"id":1319,"src":"n2","dest":"n5","body":{"type":"broadcast","message":"90","msg_id":null}}
[MATCH BROADCAST]
[BROADCAST REQUEST: n5 -> n2] {"id":0,"src":"n5","dest":"n2","body":{"type":"broadcast","message":"90","msg_id":null}}
[BROADCAST REQUEST: n5 -> n4] {"id":0,"src":"n5","dest":"n4","body":{"type":"broadcast","message":"90","msg_id":null}}
[RECEIVED] {"id":1329,"src":"n4","dest":"n5","body":{"type":"broadcast","message":"90","msg_id":null}}
[MATCH BROADCAST]
[RECEIVED] {"id":1333,"src":"n2","dest":"n5","body":{"type":"broadcast","message":"91","msg_id":null}}
[MATCH BROADCAST]
[BROADCAST REQUEST: n5 -> n2] {"id":0,"src":"n5","dest":"n2","body":{"type":"broadcast","message":"91","msg_id":null}}
[BROADCAST REQUEST: n5 -> n4] {"id":0,"src":"n5","dest":"n4","body":{"type":"broadcast","message":"91","msg_id":null}}
[RECEIVED] {"id":1341,"src":"n4","dest":"n5","body":{"type":"broadcast","message":"91","msg_id":null}}
[MATCH BROADCAST]
[RECEIVED] {"id":1344,"src":"c14","dest":"n5","body":{"type":"broadcast","message":92,"msg_id":34}}
[MATCH BROADCAST]
[BROADCAST REQUEST: n5 -> n2] {"id":0,"src":"n5","dest":"n2","body":{"type":"broadcast","message":"92","msg_id":null}}
[BROADCAST REQUEST: n5 -> n4] {"id":0,"src":"n5","dest":"n4","body":{"type":"broadcast","message":"92","msg_id":null}}
[BROADCAST] {"src":"n5","dest":"c14","body":{"type":"broadcast_ok","in_reply_to":34,"msg_id":219}}
[RECEIVED] {"id":1348,"src":"n2","dest":"n5","body":{"type":"broadcast","message":"92","msg_id":null}}
[MATCH BROADCAST]
[RECEIVED] {"id":1351,"src":"n4","dest":"n5","body":{"type":"broadcast","message":"92","msg_id":null}}
[MATCH BROADCAST]
[RECEIVED] {"id":1358,"src":"c14","dest":"n5","body":{"type":"read","msg_id":35}}
[MATCH READ]
[READ] {"src":"n5","dest":"c14","body":{"type":"read_ok","messages":["0","1","10","11","12","13","14","15","16","17","18","19","2","20","21","22","23","24","25","26","27","28","29","3","30","31","32","33","34","35","36","37","38","39","4","40","41","42","43","44","45","46","47","48","49","5","50","51","52","53","54","55","56","57","58","59","6","60","61","62","63","64","65","66","67","68","69","7","70","71","72","73","74","75","76","77","78","79","8","80","81","82","83","84","85","86","87","88","89","9","90","91","92"],"in_reply_to":35,"msg_id":222}}
