2025-06-02 11:42:58,574{GMT}	INFO	[jepsen test runner] jepsen.core: Test version 9c9bbdfd60f614614ba86cf415b5dc43daf0d73d (plus uncommitted changes)
2025-06-02 11:42:58,574{GMT}	INFO	[jepsen test runner] jepsen.core: Command line:
lein run test -w broadcast --bin self/server/_build/default/bin/main.exe --time-limit 5 --rate 10
2025-06-02 11:42:58,614{GMT}	INFO	[jepsen test runner] jepsen.core: Running test:
{:args []
 :remote
 #jepsen.control.retry.Remote{:remote #jepsen.control.scp.Remote{:cmd-remote #jepsen.control.sshj.SSHJRemote{:concurrency-limit 6,
                                                                                                             :conn-spec nil,
                                                                                                             :client nil,
                                                                                                             :semaphore nil},
                                                                 :conn-spec nil},
                              :conn nil}
 :log-net-send false
 :node-count nil
 :availability nil
 :max-txn-length 4
 :concurrency 5
 :db
 #object[maelstrom.db$db$reify__16612
         "0x54fd5f6"
         "maelstrom.db$db$reify__16612@54fd5f6"]
 :max-writes-per-key 16
 :leave-db-running? false
 :name "broadcast"
 :logging-json? false
 :start-time
 #object[org.joda.time.DateTime "0x1f9b8c23" "2025-06-02T11:42:58.539-04:00"]
 :nemesis-interval 10
 :net
 #object[maelstrom.net$jepsen_net$reify__15721
         "0x6b297a62"
         "maelstrom.net$jepsen_net$reify__15721@6b297a62"]
 :client
 #object[maelstrom.workload.broadcast$client$reify__17142
         "0x11303cb"
         "maelstrom.workload.broadcast$client$reify__17142@11303cb"]
 :barrier
 #object[java.util.concurrent.CyclicBarrier
         "0x655e3f4c"
         "java.util.concurrent.CyclicBarrier@655e3f4c"]
 :log-stderr false
 :pure-generators true
 :ssh {:dummy? true}
 :rate 10.0
 :checker
 #object[jepsen.checker$compose$reify__11089
         "0x26e74d50"
         "jepsen.checker$compose$reify__11089@26e74d50"]
 :argv
 ("test"
  "-w"
  "broadcast"
  "--bin"
  "self/server/_build/default/bin/main.exe"
  "--time-limit"
  "5"
  "--rate"
  "10")
 :nemesis
 (jepsen.nemesis.ReflCompose
  {:fm {:start-partition 0,
        :stop-partition 0,
        :kill 1,
        :start 1,
        :pause 1,
        :resume 1},
   :nemeses [#unprintable "jepsen.nemesis.combined$partition_nemesis$reify__16905@6bdc984"
             #unprintable "jepsen.nemesis.combined$db_nemesis$reify__16886@1f299fc3"]})
 :nodes ["n1" "n2" "n3" "n4" "n5"]
 :test-count 1
 :latency {:mean 0, :dist :constant}
 :bin "self/server/_build/default/bin/main.exe"
 :generator
 #object[jepsen.util.Forgettable
         "0x4b954cbb"
         ((jepsen.generator.Synchronize
           {:gen (jepsen.generator.TimeLimit
                  {:limit 5000000000,
                   :cutoff nil,
                   :gen (jepsen.generator.Any
                         {:gens [(jepsen.generator.OnThreads
                                  {:f #{:nemesis},
                                   :context-filter #object[jepsen.generator.context$make_thread_filter$lazy_filter__12077
                                                           "0x504521ae"
                                                           "jepsen.generator.context$make_thread_filter$lazy_filter__12077@504521ae"],
                                   :gen nil})
                                 (jepsen.generator.OnThreads
                                  {:f #jepsen.generator.context.AllBut{:element :nemesis},
                                   :context-filter #object[jepsen.generator.context$make_thread_filter$lazy_filter__12077
                                                           "0x4a9e6ea7"
                                                           "jepsen.generator.context$make_thread_filter$lazy_filter__12077@4a9e6ea7"],
                                   :gen (jepsen.generator.Stagger
                                         {:dt 200000000,
                                          :next-time nil,
                                          :gen (jepsen.generator.Mix
                                                {:i 1,
                                                 :gens [({:f :broadcast,
                                                          :value 0}
                                                         {:f :broadcast,
                                                          :value 1}
                                                         {:f :broadcast,
                                                          :value 2}
                                                         {:f :broadcast,
                                                          :value 3}
                                                         {:f :broadcast,
                                                          :value 4}
                                                         {:f :broadcast,
                                                          :value 5}
                                                         {:f :broadcast,
                                                          :value 6}
                                                         {:f :broadcast,
                                                          :value 7}
                                                         ...)
                                                        ({:f :read}
                                                         {:f :read}
                                                         {:f :read}
                                                         {:f :read}
                                                         {:f :read}
                                                         {:f :read}
                                                         {:f :read}
                                                         {:f :read}
                                                         ...)]})})})]})})})
          (jepsen.generator.Synchronize
           {:gen (jepsen.generator.OnThreads
                  {:f #{:nemesis},
                   :context-filter #object[jepsen.generator.context$make_thread_filter$lazy_filter__12077
                                           "0x5aaecd25"
                                           "jepsen.generator.context$make_thread_filter$lazy_filter__12077@5aaecd25"],
                   :gen ()})})
          (jepsen.generator.Synchronize
           {:gen {:type :log, :value "Waiting for recovery..."}})
          (jepsen.generator.Synchronize {:gen {:type :sleep, :value 10}})
          (jepsen.generator.Synchronize
           {:gen (jepsen.generator.OnThreads
                  {:f #jepsen.generator.context.AllBut{:element :nemesis},
                   :context-filter #object[jepsen.generator.context$make_thread_filter$lazy_filter__12077
                                           "0x239fdf8f"
                                           "jepsen.generator.context$make_thread_filter$lazy_filter__12077@239fdf8f"],
                   :gen (jepsen.generator.EachThread
                         {:fresh-gen {:f :read, :final? true},
                          :context-filters #object[clojure.core$promise$reify__8621
                                                   "0x1acd660d"
                                                   {:status :pending, :val nil}],
                          :gens {}})})}))]
 :log-net-recv false
 :os
 #object[maelstrom.net$jepsen_os$reify__15724
         "0x22f3b213"
         "maelstrom.net$jepsen_os$reify__15724@22f3b213"]
 :time-limit 5
 :workload :broadcast
 :consistency-models [:strict-serializable]
 :topology :grid}

2025-06-02 11:42:59,737{GMT}	INFO	[jepsen node n1] maelstrom.net: Starting Maelstrom network
2025-06-02 11:42:59,738{GMT}	INFO	[jepsen test runner] jepsen.db: Tearing down DB
2025-06-02 11:42:59,739{GMT}	INFO	[jepsen test runner] jepsen.db: Setting up DB
2025-06-02 11:42:59,739{GMT}	INFO	[jepsen node n2] maelstrom.db: Setting up n2
2025-06-02 11:42:59,739{GMT}	INFO	[jepsen node n3] maelstrom.db: Setting up n3
2025-06-02 11:42:59,739{GMT}	INFO	[jepsen node n5] maelstrom.db: Setting up n5
2025-06-02 11:42:59,739{GMT}	INFO	[jepsen node n4] maelstrom.db: Setting up n4
2025-06-02 11:42:59,739{GMT}	INFO	[jepsen node n2] maelstrom.process: launching self/server/_build/default/bin/main.exe []
2025-06-02 11:42:59,739{GMT}	INFO	[jepsen node n3] maelstrom.process: launching self/server/_build/default/bin/main.exe []
2025-06-02 11:42:59,739{GMT}	INFO	[jepsen node n4] maelstrom.process: launching self/server/_build/default/bin/main.exe []
2025-06-02 11:42:59,740{GMT}	INFO	[jepsen node n5] maelstrom.process: launching self/server/_build/default/bin/main.exe []
2025-06-02 11:42:59,740{GMT}	INFO	[jepsen node n1] maelstrom.service: Starting services: (lin-kv lin-tso lww-kv seq-kv)
2025-06-02 11:42:59,741{GMT}	INFO	[jepsen node n1] maelstrom.db: Setting up n1
2025-06-02 11:42:59,741{GMT}	INFO	[jepsen node n1] maelstrom.process: launching self/server/_build/default/bin/main.exe []
2025-06-02 11:43:09,998{GMT}	INFO	[jepsen node n4] maelstrom.db: Tearing down n4
2025-06-02 11:43:09,998{GMT}	INFO	[jepsen node n5] maelstrom.db: Tearing down n5
2025-06-02 11:43:09,998{GMT}	INFO	[jepsen node n1] maelstrom.db: Tearing down n1
2025-06-02 11:43:09,998{GMT}	INFO	[jepsen node n2] maelstrom.db: Tearing down n2
2025-06-02 11:43:09,998{GMT}	INFO	[jepsen node n3] maelstrom.db: Tearing down n3
2025-06-02 11:43:10,048{GMT}	WARN	[n1 stdout] maelstrom.process: Error!
java.lang.AssertionError: Assert failed: Invalid dest for message #maelstrom.net.message.Message{:id 5, :src "n1", :dest "c3", :body {:type "init_ok", :in_reply_to 1, :msg_id 0}}
(get queues (:dest m))
	at maelstrom.net$validate_msg.invokeStatic(net.clj:174)
	at maelstrom.net$validate_msg.invoke(net.clj:166)
	at maelstrom.net$send_BANG_.invokeStatic(net.clj:201)
	at maelstrom.net$send_BANG_.invoke(net.clj:189)
	at maelstrom.process$stdout_thread$fn__16348$fn__16349$fn__16351.invoke(process.clj:147)
	at maelstrom.process$stdout_thread$fn__16348$fn__16349.invoke(process.clj:146)
	at maelstrom.process$stdout_thread$fn__16348.invoke(process.clj:140)
	at clojure.core$binding_conveyor_fn$fn__5842.invoke(core.clj:2047)
	at clojure.lang.AFn.call(AFn.java:18)
	at java.base/java.util.concurrent.FutureTask.run(FutureTask.java:317)
	at java.base/java.util.concurrent.ThreadPoolExecutor.runWorker(ThreadPoolExecutor.java:1144)
	at java.base/java.util.concurrent.ThreadPoolExecutor$Worker.run(ThreadPoolExecutor.java:642)
	at java.base/java.lang.Thread.run(Thread.java:1583)
2025-06-02 11:43:10,048{GMT}	WARN	[n2 stdout] maelstrom.process: Error!
java.lang.AssertionError: Assert failed: Invalid dest for message #maelstrom.net.message.Message{:id 9, :src "n2", :dest "c4", :body {:type "init_ok", :in_reply_to 1, :msg_id 0}}
(get queues (:dest m))
	at maelstrom.net$validate_msg.invokeStatic(net.clj:174)
	at maelstrom.net$validate_msg.invoke(net.clj:166)
	at maelstrom.net$send_BANG_.invokeStatic(net.clj:201)
	at maelstrom.net$send_BANG_.invoke(net.clj:189)
	at maelstrom.process$stdout_thread$fn__16348$fn__16349$fn__16351.invoke(process.clj:147)
	at maelstrom.process$stdout_thread$fn__16348$fn__16349.invoke(process.clj:146)
	at maelstrom.process$stdout_thread$fn__16348.invoke(process.clj:140)
	at clojure.core$binding_conveyor_fn$fn__5842.invoke(core.clj:2047)
	at clojure.lang.AFn.call(AFn.java:18)
	at java.base/java.util.concurrent.FutureTask.run(FutureTask.java:317)
	at java.base/java.util.concurrent.ThreadPoolExecutor.runWorker(ThreadPoolExecutor.java:1144)
	at java.base/java.util.concurrent.ThreadPoolExecutor$Worker.run(ThreadPoolExecutor.java:642)
	at java.base/java.lang.Thread.run(Thread.java:1583)
2025-06-02 11:43:10,048{GMT}	WARN	[n5 stdout] maelstrom.process: Error!
java.lang.AssertionError: Assert failed: Invalid dest for message #maelstrom.net.message.Message{:id 7, :src "n5", :dest "c2", :body {:type "init_ok", :in_reply_to 1, :msg_id 0}}
(get queues (:dest m))
	at maelstrom.net$validate_msg.invokeStatic(net.clj:174)
	at maelstrom.net$validate_msg.invoke(net.clj:166)
	at maelstrom.net$send_BANG_.invokeStatic(net.clj:201)
	at maelstrom.net$send_BANG_.invoke(net.clj:189)
	at maelstrom.process$stdout_thread$fn__16348$fn__16349$fn__16351.invoke(process.clj:147)
	at maelstrom.process$stdout_thread$fn__16348$fn__16349.invoke(process.clj:146)
	at maelstrom.process$stdout_thread$fn__16348.invoke(process.clj:140)
	at clojure.core$binding_conveyor_fn$fn__5842.invoke(core.clj:2047)
	at clojure.lang.AFn.call(AFn.java:18)
	at java.base/java.util.concurrent.FutureTask.run(FutureTask.java:317)
	at java.base/java.util.concurrent.ThreadPoolExecutor.runWorker(ThreadPoolExecutor.java:1144)
	at java.base/java.util.concurrent.ThreadPoolExecutor$Worker.run(ThreadPoolExecutor.java:642)
	at java.base/java.lang.Thread.run(Thread.java:1583)
2025-06-02 11:43:10,048{GMT}	WARN	[n4 stdout] maelstrom.process: Error!
java.lang.AssertionError: Assert failed: Invalid dest for message #maelstrom.net.message.Message{:id 8, :src "n4", :dest "c1", :body {:type "init_ok", :in_reply_to 1, :msg_id 0}}
(get queues (:dest m))
	at maelstrom.net$validate_msg.invokeStatic(net.clj:174)
	at maelstrom.net$validate_msg.invoke(net.clj:166)
	at maelstrom.net$send_BANG_.invokeStatic(net.clj:201)
	at maelstrom.net$send_BANG_.invoke(net.clj:189)
	at maelstrom.process$stdout_thread$fn__16348$fn__16349$fn__16351.invoke(process.clj:147)
	at maelstrom.process$stdout_thread$fn__16348$fn__16349.invoke(process.clj:146)
	at maelstrom.process$stdout_thread$fn__16348.invoke(process.clj:140)
	at clojure.core$binding_conveyor_fn$fn__5842.invoke(core.clj:2047)
	at clojure.lang.AFn.call(AFn.java:18)
	at java.base/java.util.concurrent.FutureTask.run(FutureTask.java:317)
	at java.base/java.util.concurrent.ThreadPoolExecutor.runWorker(ThreadPoolExecutor.java:1144)
	at java.base/java.util.concurrent.ThreadPoolExecutor$Worker.run(ThreadPoolExecutor.java:642)
	at java.base/java.lang.Thread.run(Thread.java:1583)
2025-06-02 11:43:10,048{GMT}	WARN	[n3 stdout] maelstrom.process: Error!
java.lang.AssertionError: Assert failed: Invalid dest for message #maelstrom.net.message.Message{:id 6, :src "n3", :dest "c0", :body {:type "init_ok", :in_reply_to 1, :msg_id 0}}
(get queues (:dest m))
	at maelstrom.net$validate_msg.invokeStatic(net.clj:174)
	at maelstrom.net$validate_msg.invoke(net.clj:166)
	at maelstrom.net$send_BANG_.invokeStatic(net.clj:201)
	at maelstrom.net$send_BANG_.invoke(net.clj:189)
	at maelstrom.process$stdout_thread$fn__16348$fn__16349$fn__16351.invoke(process.clj:147)
	at maelstrom.process$stdout_thread$fn__16348$fn__16349.invoke(process.clj:146)
	at maelstrom.process$stdout_thread$fn__16348.invoke(process.clj:140)
	at clojure.core$binding_conveyor_fn$fn__5842.invoke(core.clj:2047)
	at clojure.lang.AFn.call(AFn.java:18)
	at java.base/java.util.concurrent.FutureTask.run(FutureTask.java:317)
	at java.base/java.util.concurrent.ThreadPoolExecutor.runWorker(ThreadPoolExecutor.java:1144)
	at java.base/java.util.concurrent.ThreadPoolExecutor$Worker.run(ThreadPoolExecutor.java:642)
	at java.base/java.lang.Thread.run(Thread.java:1583)
2025-06-02 11:43:11,992{GMT}	INFO	[jepsen node n1] maelstrom.net: Shutting down Maelstrom network
2025-06-02 11:43:12,005{GMT}	WARN	[jepsen test runner] jepsen.core: Test crashed!
clojure.lang.ExceptionInfo: Expected node n4 to respond to an init message, but node did not respond.
	at slingshot.support$stack_trace.invoke(support.clj:201)
	at maelstrom.db$db$reify__16612.setup_BANG_(db.clj:63)
	at jepsen.db$fn__11614$G__11608__11618.invoke(db.clj:12)
	at jepsen.db$fn__11614$G__11607__11623.invoke(db.clj:12)
	at clojure.core$partial$fn__5927.invoke(core.clj:2642)
	at jepsen.control$on_nodes$fn__9552.invoke(control.clj:319)
	at clojure.lang.AFn.applyToHelper(AFn.java:154)
	at clojure.lang.AFn.applyTo(AFn.java:144)
	at clojure.core$apply.invokeStatic(core.clj:667)
	at clojure.core$with_bindings_STAR_.invokeStatic(core.clj:1990)
	at clojure.core$with_bindings_STAR_.doInvoke(core.clj:1990)
	at clojure.lang.RestFn.applyTo(RestFn.java:145)
	at clojure.core$apply.invokeStatic(core.clj:671)
	at clojure.core$bound_fn_STAR_$fn__5837.doInvoke(core.clj:2020)
	at clojure.lang.RestFn.invoke(RestFn.java:411)
	at dom_top.core$real_pmap_helper$build_thread__730$fn__731.invoke(core.clj:163)
	at clojure.lang.AFn.applyToHelper(AFn.java:152)
	at clojure.lang.AFn.applyTo(AFn.java:144)
	at clojure.core$apply.invokeStatic(core.clj:667)
	at clojure.core$with_bindings_STAR_.invokeStatic(core.clj:1990)
	at clojure.core$with_bindings_STAR_.doInvoke(core.clj:1990)
	at clojure.lang.RestFn.invoke(RestFn.java:428)
	at clojure.lang.AFn.applyToHelper(AFn.java:156)
	at clojure.lang.RestFn.applyTo(RestFn.java:135)
	at clojure.core$apply.invokeStatic(core.clj:671)
	at clojure.core$bound_fn_STAR_$fn__5837.doInvoke(core.clj:2020)
	at clojure.lang.RestFn.invoke(RestFn.java:400)
	at clojure.lang.AFn.run(AFn.java:22)
	at java.base/java.lang.Thread.run(Thread.java:1583)
Caused by: clojure.lang.ExceptionInfo: Client read timeout
	at slingshot.support$stack_trace.invoke(support.clj:201)
	at maelstrom.client$recv_BANG_.invokeStatic(client.clj:98)
	at maelstrom.client$recv_BANG_.invoke(client.clj:81)
	at maelstrom.client$send_PLUS_recv_BANG_.invokeStatic(client.clj:123)
	at maelstrom.client$send_PLUS_recv_BANG_.invoke(client.clj:119)
	at maelstrom.client$rpc_BANG_.invokeStatic(client.clj:149)
	at maelstrom.client$rpc_BANG_.invoke(client.clj:140)
	at maelstrom.db$db$reify__16612.setup_BANG_(db.clj:48)
	... 27 common frames omitted
