2025-06-02 15:21:05,185{GMT}	INFO	[jepsen test runner] jepsen.core: Test version b1870b0424f455f8940cc6fee1dc21df80da1060 (plus uncommitted changes)
2025-06-02 15:21:05,185{GMT}	INFO	[jepsen test runner] jepsen.core: Command line:
lein run test -w broadcast --bin self/server/_build/default/bin/main.exe --time-limit 20 --rate 10
2025-06-02 15:21:05,233{GMT}	INFO	[jepsen test runner] jepsen.core: Running test:
{:args []
 :remote
 #jepsen.control.retry.Remote{:remote #jepsen.control.scp.Remote{:cmd-remote #jepsen.control.sshj.SSHJRemote{:concurrency-limit 6,
                                                                                                             :conn-spec nil,
                                                                                                             :client nil,
                                                                                                             :semaphore nil},
                                                                 :conn-spec nil},
                              :conn nil}
 :log-net-send false
 :node-count nil
 :availability nil
 :max-txn-length 4
 :concurrency 5
 :db
 #object[maelstrom.db$db$reify__16612
         "0x54fd5f6"
         "maelstrom.db$db$reify__16612@54fd5f6"]
 :max-writes-per-key 16
 :leave-db-running? false
 :name "broadcast"
 :logging-json? false
 :start-time
 #object[org.joda.time.DateTime "0x1f9b8c23" "2025-06-02T15:21:05.149-04:00"]
 :nemesis-interval 10
 :net
 #object[maelstrom.net$jepsen_net$reify__15721
         "0x6b297a62"
         "maelstrom.net$jepsen_net$reify__15721@6b297a62"]
 :client
 #object[maelstrom.workload.broadcast$client$reify__17142
         "0x11303cb"
         "maelstrom.workload.broadcast$client$reify__17142@11303cb"]
 :barrier
 #object[java.util.concurrent.CyclicBarrier
         "0x655e3f4c"
         "java.util.concurrent.CyclicBarrier@655e3f4c"]
 :log-stderr false
 :pure-generators true
 :ssh {:dummy? true}
 :rate 10.0
 :checker
 #object[jepsen.checker$compose$reify__11089
         "0x26e74d50"
         "jepsen.checker$compose$reify__11089@26e74d50"]
 :argv
 ("test"
  "-w"
  "broadcast"
  "--bin"
  "self/server/_build/default/bin/main.exe"
  "--time-limit"
  "20"
  "--rate"
  "10")
 :nemesis
 (jepsen.nemesis.ReflCompose
  {:fm {:start-partition 0,
        :stop-partition 0,
        :kill 1,
        :start 1,
        :pause 1,
        :resume 1},
   :nemeses [#unprintable "jepsen.nemesis.combined$partition_nemesis$reify__16905@6bdc984"
             #unprintable "jepsen.nemesis.combined$db_nemesis$reify__16886@1f299fc3"]})
 :nodes ["n1" "n2" "n3" "n4" "n5"]
 :test-count 1
 :latency {:mean 0, :dist :constant}
 :bin "self/server/_build/default/bin/main.exe"
 :generator
 #object[jepsen.util.Forgettable
         "0x4b954cbb"
         ((jepsen.generator.Synchronize
           {:gen (jepsen.generator.TimeLimit
                  {:limit 20000000000,
                   :cutoff nil,
                   :gen (jepsen.generator.Any
                         {:gens [(jepsen.generator.OnThreads
                                  {:f #{:nemesis},
                                   :context-filter #object[jepsen.generator.context$make_thread_filter$lazy_filter__12077
                                                           "0x504521ae"
                                                           "jepsen.generator.context$make_thread_filter$lazy_filter__12077@504521ae"],
                                   :gen nil})
                                 (jepsen.generator.OnThreads
                                  {:f #jepsen.generator.context.AllBut{:element :nemesis},
                                   :context-filter #object[jepsen.generator.context$make_thread_filter$lazy_filter__12077
                                                           "0x4a9e6ea7"
                                                           "jepsen.generator.context$make_thread_filter$lazy_filter__12077@4a9e6ea7"],
                                   :gen (jepsen.generator.Stagger
                                         {:dt 200000000,
                                          :next-time nil,
                                          :gen (jepsen.generator.Mix
                                                {:i 1,
                                                 :gens [({:f :broadcast,
                                                          :value 0}
                                                         {:f :broadcast,
                                                          :value 1}
                                                         {:f :broadcast,
                                                          :value 2}
                                                         {:f :broadcast,
                                                          :value 3}
                                                         {:f :broadcast,
                                                          :value 4}
                                                         {:f :broadcast,
                                                          :value 5}
                                                         {:f :broadcast,
                                                          :value 6}
                                                         {:f :broadcast,
                                                          :value 7}
                                                         ...)
                                                        ({:f :read}
                                                         {:f :read}
                                                         {:f :read}
                                                         {:f :read}
                                                         {:f :read}
                                                         {:f :read}
                                                         {:f :read}
                                                         {:f :read}
                                                         ...)]})})})]})})})
          (jepsen.generator.Synchronize
           {:gen (jepsen.generator.OnThreads
                  {:f #{:nemesis},
                   :context-filter #object[jepsen.generator.context$make_thread_filter$lazy_filter__12077
                                           "0x5aaecd25"
                                           "jepsen.generator.context$make_thread_filter$lazy_filter__12077@5aaecd25"],
                   :gen ()})})
          (jepsen.generator.Synchronize
           {:gen {:type :log, :value "Waiting for recovery..."}})
          (jepsen.generator.Synchronize {:gen {:type :sleep, :value 10}})
          (jepsen.generator.Synchronize
           {:gen (jepsen.generator.OnThreads
                  {:f #jepsen.generator.context.AllBut{:element :nemesis},
                   :context-filter #object[jepsen.generator.context$make_thread_filter$lazy_filter__12077
                                           "0x239fdf8f"
                                           "jepsen.generator.context$make_thread_filter$lazy_filter__12077@239fdf8f"],
                   :gen (jepsen.generator.EachThread
                         {:fresh-gen {:f :read, :final? true},
                          :context-filters #object[clojure.core$promise$reify__8621
                                                   "0x1acd660d"
                                                   {:status :pending, :val nil}],
                          :gens {}})})}))]
 :log-net-recv false
 :os
 #object[maelstrom.net$jepsen_os$reify__15724
         "0x22f3b213"
         "maelstrom.net$jepsen_os$reify__15724@22f3b213"]
 :time-limit 20
 :workload :broadcast
 :consistency-models [:strict-serializable]
 :topology :grid}

2025-06-02 15:21:06,396{GMT}	INFO	[jepsen node n1] maelstrom.net: Starting Maelstrom network
2025-06-02 15:21:06,397{GMT}	INFO	[jepsen test runner] jepsen.db: Tearing down DB
2025-06-02 15:21:06,399{GMT}	INFO	[jepsen test runner] jepsen.db: Setting up DB
2025-06-02 15:21:06,400{GMT}	INFO	[jepsen node n2] maelstrom.db: Setting up n2
2025-06-02 15:21:06,400{GMT}	INFO	[jepsen node n5] maelstrom.db: Setting up n5
2025-06-02 15:21:06,400{GMT}	INFO	[jepsen node n4] maelstrom.db: Setting up n4
2025-06-02 15:21:06,400{GMT}	INFO	[jepsen node n3] maelstrom.db: Setting up n3
2025-06-02 15:21:06,401{GMT}	INFO	[jepsen node n5] maelstrom.process: launching self/server/_build/default/bin/main.exe []
2025-06-02 15:21:06,401{GMT}	INFO	[jepsen node n3] maelstrom.process: launching self/server/_build/default/bin/main.exe []
2025-06-02 15:21:06,401{GMT}	INFO	[jepsen node n2] maelstrom.process: launching self/server/_build/default/bin/main.exe []
2025-06-02 15:21:06,401{GMT}	INFO	[jepsen node n4] maelstrom.process: launching self/server/_build/default/bin/main.exe []
2025-06-02 15:21:06,402{GMT}	INFO	[jepsen node n1] maelstrom.service: Starting services: (lin-kv lin-tso lww-kv seq-kv)
2025-06-02 15:21:06,403{GMT}	INFO	[jepsen node n1] maelstrom.db: Setting up n1
2025-06-02 15:21:06,404{GMT}	INFO	[jepsen node n1] maelstrom.process: launching self/server/_build/default/bin/main.exe []
2025-06-02 15:21:15,960{GMT}	INFO	[jepsen test runner] jepsen.core: Relative time begins now
2025-06-02 15:21:16,003{GMT}	INFO	[jepsen worker 0] jepsen.util: 0	:invoke	:read	nil
2025-06-02 15:21:16,008{GMT}	INFO	[jepsen worker 0] jepsen.util: 0	:ok	:read	[]
2025-06-02 15:21:16,038{GMT}	INFO	[jepsen worker 1] jepsen.util: 1	:invoke	:read	nil
2025-06-02 15:21:16,040{GMT}	INFO	[jepsen worker 1] jepsen.util: 1	:ok	:read	[]
2025-06-02 15:21:16,190{GMT}	INFO	[jepsen worker 2] jepsen.util: 2	:invoke	:broadcast	0
2025-06-02 15:21:16,192{GMT}	INFO	[jepsen worker 2] jepsen.util: 2	:ok	:broadcast	0
2025-06-02 15:21:16,379{GMT}	INFO	[jepsen worker 3] jepsen.util: 3	:invoke	:broadcast	1
2025-06-02 15:21:16,381{GMT}	INFO	[jepsen worker 3] jepsen.util: 3	:ok	:broadcast	1
2025-06-02 15:21:16,495{GMT}	INFO	[jepsen worker 4] jepsen.util: 4	:invoke	:broadcast	2
2025-06-02 15:21:16,499{GMT}	INFO	[jepsen worker 4] jepsen.util: 4	:ok	:broadcast	2
2025-06-02 15:21:16,614{GMT}	INFO	[jepsen worker 0] jepsen.util: 0	:invoke	:broadcast	3
2025-06-02 15:21:16,615{GMT}	INFO	[jepsen worker 0] jepsen.util: 0	:ok	:broadcast	3
2025-06-02 15:21:16,638{GMT}	INFO	[jepsen worker 0] jepsen.util: 0	:invoke	:read	nil
2025-06-02 15:21:16,640{GMT}	INFO	[jepsen worker 0] jepsen.util: 0	:ok	:read	["0" "1" "2" "3"]
2025-06-02 15:21:16,758{GMT}	INFO	[jepsen worker 1] jepsen.util: 1	:invoke	:broadcast	4
2025-06-02 15:21:16,760{GMT}	INFO	[jepsen worker 1] jepsen.util: 1	:ok	:broadcast	4
2025-06-02 15:21:16,930{GMT}	INFO	[jepsen worker 2] jepsen.util: 2	:invoke	:broadcast	5
2025-06-02 15:21:16,932{GMT}	INFO	[jepsen worker 2] jepsen.util: 2	:ok	:broadcast	5
2025-06-02 15:21:17,080{GMT}	INFO	[jepsen worker 3] jepsen.util: 3	:invoke	:broadcast	6
2025-06-02 15:21:17,082{GMT}	INFO	[jepsen worker 3] jepsen.util: 3	:ok	:broadcast	6
2025-06-02 15:21:17,161{GMT}	INFO	[jepsen worker 4] jepsen.util: 4	:invoke	:broadcast	7
2025-06-02 15:21:17,164{GMT}	INFO	[jepsen worker 4] jepsen.util: 4	:ok	:broadcast	7
2025-06-02 15:21:17,272{GMT}	INFO	[jepsen worker 0] jepsen.util: 0	:invoke	:read	nil
2025-06-02 15:21:17,274{GMT}	INFO	[jepsen worker 0] jepsen.util: 0	:ok	:read	["0" "1" "2" "3" "4" "5" "6" "7"]
2025-06-02 15:21:17,306{GMT}	INFO	[jepsen worker 0] jepsen.util: 0	:invoke	:broadcast	8
2025-06-02 15:21:17,307{GMT}	INFO	[jepsen worker 0] jepsen.util: 0	:ok	:broadcast	8
2025-06-02 15:21:17,338{GMT}	INFO	[jepsen worker 1] jepsen.util: 1	:invoke	:read	nil
2025-06-02 15:21:17,339{GMT}	INFO	[jepsen worker 1] jepsen.util: 1	:ok	:read	["0" "1" "2" "3" "4" "5" "6" "7" "8"]
2025-06-02 15:21:17,360{GMT}	INFO	[jepsen worker 2] jepsen.util: 2	:invoke	:broadcast	9
2025-06-02 15:21:17,361{GMT}	INFO	[jepsen worker 2] jepsen.util: 2	:ok	:broadcast	9
2025-06-02 15:21:17,470{GMT}	INFO	[jepsen worker 3] jepsen.util: 3	:invoke	:read	nil
2025-06-02 15:21:17,471{GMT}	INFO	[jepsen worker 3] jepsen.util: 3	:ok	:read	["0" "1" "2" "3" "4" "5" "6" "7" "8" "9"]
2025-06-02 15:21:17,541{GMT}	INFO	[jepsen worker 4] jepsen.util: 4	:invoke	:broadcast	10
2025-06-02 15:21:17,542{GMT}	INFO	[jepsen worker 4] jepsen.util: 4	:ok	:broadcast	10
2025-06-02 15:21:17,735{GMT}	INFO	[jepsen worker 0] jepsen.util: 0	:invoke	:broadcast	11
2025-06-02 15:21:17,737{GMT}	INFO	[jepsen worker 0] jepsen.util: 0	:ok	:broadcast	11
2025-06-02 15:21:17,765{GMT}	INFO	[jepsen worker 0] jepsen.util: 0	:invoke	:read	nil
2025-06-02 15:21:17,766{GMT}	INFO	[jepsen worker 0] jepsen.util: 0	:ok	:read	["0" "1" "10" "11" "2" "3" "4" "5" "6" "7" "8" "9"]
2025-06-02 15:21:17,883{GMT}	INFO	[jepsen worker 1] jepsen.util: 1	:invoke	:read	nil
2025-06-02 15:21:17,885{GMT}	INFO	[jepsen worker 1] jepsen.util: 1	:ok	:read	["0" "1" "10" "11" "2" "3" "4" "5" "6" "7" "8" "9"]
2025-06-02 15:21:17,931{GMT}	INFO	[jepsen worker 2] jepsen.util: 2	:invoke	:broadcast	12
2025-06-02 15:21:17,933{GMT}	INFO	[jepsen worker 2] jepsen.util: 2	:ok	:broadcast	12
2025-06-02 15:21:17,942{GMT}	INFO	[jepsen worker 3] jepsen.util: 3	:invoke	:broadcast	13
2025-06-02 15:21:17,943{GMT}	INFO	[jepsen worker 3] jepsen.util: 3	:ok	:broadcast	13
2025-06-02 15:21:18,082{GMT}	INFO	[jepsen worker 4] jepsen.util: 4	:invoke	:read	nil
2025-06-02 15:21:18,085{GMT}	INFO	[jepsen worker 4] jepsen.util: 4	:ok	:read	["0" "1" "10" "11" "12" "13" "2" "3" "4" "5" "6" "7" "8" "9"]
2025-06-02 15:21:18,132{GMT}	INFO	[jepsen worker 0] jepsen.util: 0	:invoke	:read	nil
2025-06-02 15:21:18,135{GMT}	INFO	[jepsen worker 0] jepsen.util: 0	:ok	:read	["0" "1" "10" "11" "12" "13" "2" "3" "4" "5" "6" "7" "8" "9"]
2025-06-02 15:21:18,255{GMT}	INFO	[jepsen worker 0] jepsen.util: 0	:invoke	:broadcast	14
2025-06-02 15:21:18,257{GMT}	INFO	[jepsen worker 0] jepsen.util: 0	:ok	:broadcast	14
2025-06-02 15:21:18,328{GMT}	INFO	[jepsen worker 1] jepsen.util: 1	:invoke	:broadcast	15
2025-06-02 15:21:18,329{GMT}	INFO	[jepsen worker 1] jepsen.util: 1	:ok	:broadcast	15
2025-06-02 15:21:18,416{GMT}	INFO	[jepsen worker 2] jepsen.util: 2	:invoke	:read	nil
2025-06-02 15:21:18,419{GMT}	INFO	[jepsen worker 2] jepsen.util: 2	:ok	:read	["0" "1" "10" "11" "12" "13" "14" "15" "2" "3" "4" "5" "6" "7" "8" "9"]
2025-06-02 15:21:18,578{GMT}	INFO	[jepsen worker 3] jepsen.util: 3	:invoke	:broadcast	16
2025-06-02 15:21:18,581{GMT}	INFO	[jepsen worker 3] jepsen.util: 3	:ok	:broadcast	16
2025-06-02 15:21:18,723{GMT}	INFO	[jepsen worker 4] jepsen.util: 4	:invoke	:read	nil
2025-06-02 15:21:18,726{GMT}	INFO	[jepsen worker 4] jepsen.util: 4	:ok	:read	["0" "1" "10" "11" "12" "13" "14" "15" "16" "2" "3" "4" "5" "6" "7" "8" "9"]
2025-06-02 15:21:18,733{GMT}	INFO	[jepsen worker 0] jepsen.util: 0	:invoke	:read	nil
2025-06-02 15:21:18,736{GMT}	INFO	[jepsen worker 0] jepsen.util: 0	:ok	:read	["0" "1" "10" "11" "12" "13" "14" "15" "16" "2" "3" "4" "5" "6" "7" "8" "9"]
2025-06-02 15:21:18,897{GMT}	INFO	[jepsen worker 0] jepsen.util: 0	:invoke	:broadcast	17
2025-06-02 15:21:18,899{GMT}	INFO	[jepsen worker 0] jepsen.util: 0	:ok	:broadcast	17
2025-06-02 15:21:19,070{GMT}	INFO	[jepsen worker 1] jepsen.util: 1	:invoke	:read	nil
2025-06-02 15:21:19,071{GMT}	INFO	[jepsen worker 1] jepsen.util: 1	:ok	:read	["0" "1" "10" "11" "12" "13" "14" "15" "16" "17" "2" "3" "4" "5" "6" "7" "8" "9"]
2025-06-02 15:21:19,239{GMT}	INFO	[jepsen worker 2] jepsen.util: 2	:invoke	:broadcast	18
2025-06-02 15:21:19,241{GMT}	INFO	[jepsen worker 2] jepsen.util: 2	:ok	:broadcast	18
2025-06-02 15:21:19,307{GMT}	INFO	[jepsen worker 3] jepsen.util: 3	:invoke	:read	nil
2025-06-02 15:21:19,310{GMT}	INFO	[jepsen worker 3] jepsen.util: 3	:ok	:read	["0" "1" "10" "11" "12" "13" "14" "15" "16" "17" "18" "2" "3" "4" "5" "6" "7" "8" "9"]
2025-06-02 15:21:19,435{GMT}	INFO	[jepsen worker 4] jepsen.util: 4	:invoke	:read	nil
2025-06-02 15:21:19,437{GMT}	INFO	[jepsen worker 4] jepsen.util: 4	:ok	:read	["0" "1" "10" "11" "12" "13" "14" "15" "16" "17" "18" "2" "3" "4" "5" "6" "7" "8" "9"]
2025-06-02 15:21:19,487{GMT}	INFO	[jepsen worker 0] jepsen.util: 0	:invoke	:read	nil
2025-06-02 15:21:19,489{GMT}	INFO	[jepsen worker 0] jepsen.util: 0	:ok	:read	["0" "1" "10" "11" "12" "13" "14" "15" "16" "17" "18" "2" "3" "4" "5" "6" "7" "8" "9"]
2025-06-02 15:21:19,589{GMT}	INFO	[jepsen worker 0] jepsen.util: 0	:invoke	:broadcast	19
2025-06-02 15:21:19,592{GMT}	INFO	[jepsen worker 0] jepsen.util: 0	:ok	:broadcast	19
2025-06-02 15:21:19,785{GMT}	INFO	[jepsen worker 1] jepsen.util: 1	:invoke	:read	nil
2025-06-02 15:21:19,788{GMT}	INFO	[jepsen worker 1] jepsen.util: 1	:ok	:read	["0" "1" "10" "11" "12" "13" "14" "15" "16" "17" "18" "19" "2" "3" "4" "5" "6" "7" "8" "9"]
2025-06-02 15:21:19,824{GMT}	INFO	[jepsen worker 2] jepsen.util: 2	:invoke	:broadcast	20
2025-06-02 15:21:19,827{GMT}	INFO	[jepsen worker 2] jepsen.util: 2	:ok	:broadcast	20
2025-06-02 15:21:19,969{GMT}	INFO	[jepsen worker 3] jepsen.util: 3	:invoke	:read	nil
2025-06-02 15:21:19,971{GMT}	INFO	[jepsen worker 3] jepsen.util: 3	:ok	:read	["0" "1" "10" "11" "12" "13" "14" "15" "16" "17" "18" "19" "2" "20" "3" "4" "5" "6" "7" "8" "9"]
2025-06-02 15:21:20,028{GMT}	INFO	[jepsen worker 4] jepsen.util: 4	:invoke	:broadcast	21
2025-06-02 15:21:20,031{GMT}	INFO	[jepsen worker 4] jepsen.util: 4	:ok	:broadcast	21
2025-06-02 15:21:20,127{GMT}	INFO	[jepsen worker 0] jepsen.util: 0	:invoke	:read	nil
2025-06-02 15:21:20,130{GMT}	INFO	[jepsen worker 0] jepsen.util: 0	:ok	:read	["0" "1" "10" "11" "12" "13" "14" "15" "16" "17" "18" "19" "2" "20" "21" "3" "4" "5" "6" "7" "8" "9"]
2025-06-02 15:21:20,139{GMT}	INFO	[jepsen worker 0] jepsen.util: 0	:invoke	:read	nil
2025-06-02 15:21:20,142{GMT}	INFO	[jepsen worker 0] jepsen.util: 0	:ok	:read	["0" "1" "10" "11" "12" "13" "14" "15" "16" "17" "18" "19" "2" "20" "21" "3" "4" "5" "6" "7" "8" "9"]
2025-06-02 15:21:20,274{GMT}	INFO	[jepsen worker 1] jepsen.util: 1	:invoke	:broadcast	22
2025-06-02 15:21:20,277{GMT}	INFO	[jepsen worker 1] jepsen.util: 1	:ok	:broadcast	22
2025-06-02 15:21:20,297{GMT}	INFO	[jepsen worker 2] jepsen.util: 2	:invoke	:broadcast	23
2025-06-02 15:21:20,298{GMT}	INFO	[jepsen worker 2] jepsen.util: 2	:ok	:broadcast	23
2025-06-02 15:21:20,379{GMT}	INFO	[jepsen worker 3] jepsen.util: 3	:invoke	:broadcast	24
2025-06-02 15:21:20,380{GMT}	INFO	[jepsen worker 3] jepsen.util: 3	:ok	:broadcast	24
2025-06-02 15:21:20,495{GMT}	INFO	[jepsen worker 4] jepsen.util: 4	:invoke	:broadcast	25
2025-06-02 15:21:20,498{GMT}	INFO	[jepsen worker 4] jepsen.util: 4	:ok	:broadcast	25
2025-06-02 15:21:20,692{GMT}	INFO	[jepsen worker 0] jepsen.util: 0	:invoke	:read	nil
2025-06-02 15:21:20,694{GMT}	INFO	[jepsen worker 0] jepsen.util: 0	:ok	:read	["0" "1" "10" "11" "12" "13" "14" "15" "16" "17" "18" "19" "2" "20" "21" "22" "23" "24" "25" "3" "4" "5" "6" "7" "8" "9"]
2025-06-02 15:21:20,790{GMT}	INFO	[jepsen worker 0] jepsen.util: 0	:invoke	:read	nil
2025-06-02 15:21:20,791{GMT}	INFO	[jepsen worker 0] jepsen.util: 0	:ok	:read	["0" "1" "10" "11" "12" "13" "14" "15" "16" "17" "18" "19" "2" "20" "21" "22" "23" "24" "25" "3" "4" "5" "6" "7" "8" "9"]
2025-06-02 15:21:20,835{GMT}	INFO	[jepsen worker 1] jepsen.util: 1	:invoke	:read	nil
2025-06-02 15:21:20,837{GMT}	INFO	[jepsen worker 1] jepsen.util: 1	:ok	:read	["0" "1" "10" "11" "12" "13" "14" "15" "16" "17" "18" "19" "2" "20" "21" "22" "23" "24" "25" "3" "4" "5" "6" "7" "8" "9"]
2025-06-02 15:21:20,979{GMT}	INFO	[jepsen worker 2] jepsen.util: 2	:invoke	:read	nil
2025-06-02 15:21:20,981{GMT}	INFO	[jepsen worker 2] jepsen.util: 2	:ok	:read	["0" "1" "10" "11" "12" "13" "14" "15" "16" "17" "18" "19" "2" "20" "21" "22" "23" "24" "25" "3" "4" "5" "6" "7" "8" "9"]
2025-06-02 15:21:21,065{GMT}	INFO	[jepsen worker 3] jepsen.util: 3	:invoke	:broadcast	26
2025-06-02 15:21:21,066{GMT}	INFO	[jepsen worker 3] jepsen.util: 3	:ok	:broadcast	26
2025-06-02 15:21:21,262{GMT}	INFO	[jepsen worker 4] jepsen.util: 4	:invoke	:broadcast	27
2025-06-02 15:21:21,263{GMT}	INFO	[jepsen worker 4] jepsen.util: 4	:ok	:broadcast	27
2025-06-02 15:21:21,456{GMT}	INFO	[jepsen worker 0] jepsen.util: 0	:invoke	:broadcast	28
2025-06-02 15:21:21,458{GMT}	INFO	[jepsen worker 0] jepsen.util: 0	:ok	:broadcast	28
2025-06-02 15:21:21,529{GMT}	INFO	[jepsen worker 0] jepsen.util: 0	:invoke	:broadcast	29
2025-06-02 15:21:21,530{GMT}	INFO	[jepsen worker 0] jepsen.util: 0	:ok	:broadcast	29
2025-06-02 15:21:21,668{GMT}	INFO	[jepsen worker 1] jepsen.util: 1	:invoke	:broadcast	30
2025-06-02 15:21:21,670{GMT}	INFO	[jepsen worker 1] jepsen.util: 1	:ok	:broadcast	30
2025-06-02 15:21:21,827{GMT}	INFO	[jepsen worker 2] jepsen.util: 2	:invoke	:read	nil
2025-06-02 15:21:21,829{GMT}	INFO	[jepsen worker 2] jepsen.util: 2	:ok	:read	["0" "1" "10" "11" "12" "13" "14" "15" "16" "17" "18" "19" "2" "20" "21" "22" "23" "24" "25" "26" "27" "28" "29" "3" "30" "4" "5" "6" "7" "8" "9"]
2025-06-02 15:21:21,857{GMT}	INFO	[jepsen worker 3] jepsen.util: 3	:invoke	:read	nil
2025-06-02 15:21:21,858{GMT}	INFO	[jepsen worker 3] jepsen.util: 3	:ok	:read	["0" "1" "10" "11" "12" "13" "14" "15" "16" "17" "18" "19" "2" "20" "21" "22" "23" "24" "25" "26" "27" "28" "29" "3" "30" "4" "5" "6" "7" "8" "9"]
2025-06-02 15:21:22,041{GMT}	INFO	[jepsen worker 4] jepsen.util: 4	:invoke	:broadcast	31
2025-06-02 15:21:22,042{GMT}	INFO	[jepsen worker 4] jepsen.util: 4	:ok	:broadcast	31
2025-06-02 15:21:22,153{GMT}	INFO	[jepsen worker 0] jepsen.util: 0	:invoke	:broadcast	32
2025-06-02 15:21:22,154{GMT}	INFO	[jepsen worker 0] jepsen.util: 0	:ok	:broadcast	32
2025-06-02 15:21:22,304{GMT}	INFO	[jepsen worker 0] jepsen.util: 0	:invoke	:broadcast	33
2025-06-02 15:21:22,305{GMT}	INFO	[jepsen worker 0] jepsen.util: 0	:ok	:broadcast	33
2025-06-02 15:21:22,506{GMT}	INFO	[jepsen worker 1] jepsen.util: 1	:invoke	:broadcast	34
2025-06-02 15:21:22,507{GMT}	INFO	[jepsen worker 1] jepsen.util: 1	:ok	:broadcast	34
2025-06-02 15:21:22,552{GMT}	INFO	[jepsen worker 2] jepsen.util: 2	:invoke	:broadcast	35
2025-06-02 15:21:22,553{GMT}	INFO	[jepsen worker 2] jepsen.util: 2	:ok	:broadcast	35
2025-06-02 15:21:22,654{GMT}	INFO	[jepsen worker 3] jepsen.util: 3	:invoke	:read	nil
2025-06-02 15:21:22,655{GMT}	INFO	[jepsen worker 3] jepsen.util: 3	:ok	:read	["0" "1" "10" "11" "12" "13" "14" "15" "16" "17" "18" "19" "2" "20" "21" "22" "23" "24" "25" "26" "27" "28" "29" "3" "30" "31" "32" "33" "34" "35" "4" "5" "6" "7" "8" "9"]
2025-06-02 15:21:22,820{GMT}	INFO	[jepsen worker 4] jepsen.util: 4	:invoke	:broadcast	36
2025-06-02 15:21:22,822{GMT}	INFO	[jepsen worker 4] jepsen.util: 4	:ok	:broadcast	36
2025-06-02 15:21:22,844{GMT}	INFO	[jepsen worker 0] jepsen.util: 0	:invoke	:read	nil
2025-06-02 15:21:22,845{GMT}	INFO	[jepsen worker 0] jepsen.util: 0	:ok	:read	["0" "1" "10" "11" "12" "13" "14" "15" "16" "17" "18" "19" "2" "20" "21" "22" "23" "24" "25" "26" "27" "28" "29" "3" "30" "31" "32" "33" "34" "35" "36" "4" "5" "6" "7" "8" "9"]
2025-06-02 15:21:23,012{GMT}	INFO	[jepsen worker 0] jepsen.util: 0	:invoke	:broadcast	37
2025-06-02 15:21:23,013{GMT}	INFO	[jepsen worker 0] jepsen.util: 0	:ok	:broadcast	37
2025-06-02 15:21:23,048{GMT}	INFO	[jepsen worker 1] jepsen.util: 1	:invoke	:broadcast	38
2025-06-02 15:21:23,050{GMT}	INFO	[jepsen worker 1] jepsen.util: 1	:ok	:broadcast	38
2025-06-02 15:21:23,056{GMT}	INFO	[jepsen worker 2] jepsen.util: 2	:invoke	:read	nil
2025-06-02 15:21:23,057{GMT}	INFO	[jepsen worker 2] jepsen.util: 2	:ok	:read	["0" "1" "10" "11" "12" "13" "14" "15" "16" "17" "18" "19" "2" "20" "21" "22" "23" "24" "25" "26" "27" "28" "29" "3" "30" "31" "32" "33" "34" "35" "36" "37" "38" "4" "5" "6" "7" "8" "9"]
2025-06-02 15:21:23,193{GMT}	INFO	[jepsen worker 3] jepsen.util: 3	:invoke	:broadcast	39
2025-06-02 15:21:23,194{GMT}	INFO	[jepsen worker 3] jepsen.util: 3	:ok	:broadcast	39
2025-06-02 15:21:23,354{GMT}	INFO	[jepsen worker 4] jepsen.util: 4	:invoke	:read	nil
2025-06-02 15:21:23,355{GMT}	INFO	[jepsen worker 4] jepsen.util: 4	:ok	:read	["0" "1" "10" "11" "12" "13" "14" "15" "16" "17" "18" "19" "2" "20" "21" "22" "23" "24" "25" "26" "27" "28" "29" "3" "30" "31" "32" "33" "34" "35" "36" "37" "38" "39" "4" "5" "6" "7" "8" "9"]
2025-06-02 15:21:23,454{GMT}	INFO	[jepsen worker 0] jepsen.util: 0	:invoke	:broadcast	40
2025-06-02 15:21:23,455{GMT}	INFO	[jepsen worker 0] jepsen.util: 0	:ok	:broadcast	40
2025-06-02 15:21:23,479{GMT}	INFO	[jepsen worker 0] jepsen.util: 0	:invoke	:broadcast	41
2025-06-02 15:21:23,480{GMT}	INFO	[jepsen worker 0] jepsen.util: 0	:ok	:broadcast	41
2025-06-02 15:21:23,620{GMT}	INFO	[jepsen worker 1] jepsen.util: 1	:invoke	:broadcast	42
2025-06-02 15:21:23,621{GMT}	INFO	[jepsen worker 1] jepsen.util: 1	:ok	:broadcast	42
2025-06-02 15:21:23,670{GMT}	INFO	[jepsen worker 2] jepsen.util: 2	:invoke	:read	nil
2025-06-02 15:21:23,671{GMT}	INFO	[jepsen worker 2] jepsen.util: 2	:ok	:read	["0" "1" "10" "11" "12" "13" "14" "15" "16" "17" "18" "19" "2" "20" "21" "22" "23" "24" "25" "26" "27" "28" "29" "3" "30" "31" "32" "33" "34" "35" "36" "37" "38" "39" "4" "40" "41" "42" "5" "6" "7" "8" "9"]
2025-06-02 15:21:23,727{GMT}	INFO	[jepsen worker 3] jepsen.util: 3	:invoke	:broadcast	43
2025-06-02 15:21:23,728{GMT}	INFO	[jepsen worker 3] jepsen.util: 3	:ok	:broadcast	43
2025-06-02 15:21:23,768{GMT}	INFO	[jepsen worker 4] jepsen.util: 4	:invoke	:read	nil
2025-06-02 15:21:23,768{GMT}	INFO	[jepsen worker 4] jepsen.util: 4	:ok	:read	["0" "1" "10" "11" "12" "13" "14" "15" "16" "17" "18" "19" "2" "20" "21" "22" "23" "24" "25" "26" "27" "28" "29" "3" "30" "31" "32" "33" "34" "35" "36" "37" "38" "39" "4" "40" "41" "42" "43" "5" "6" "7" "8" "9"]
2025-06-02 15:21:23,954{GMT}	INFO	[jepsen worker 0] jepsen.util: 0	:invoke	:broadcast	44
2025-06-02 15:21:23,955{GMT}	INFO	[jepsen worker 0] jepsen.util: 0	:ok	:broadcast	44
2025-06-02 15:21:24,145{GMT}	INFO	[jepsen worker 0] jepsen.util: 0	:invoke	:read	nil
2025-06-02 15:21:24,146{GMT}	INFO	[jepsen worker 0] jepsen.util: 0	:ok	:read	["0" "1" "10" "11" "12" "13" "14" "15" "16" "17" "18" "19" "2" "20" "21" "22" "23" "24" "25" "26" "27" "28" "29" "3" "30" "31" "32" "33" "34" "35" "36" "37" "38" "39" "4" "40" "41" "42" "43" "44" "5" "6" "7" "8" "9"]
2025-06-02 15:21:24,258{GMT}	INFO	[jepsen worker 1] jepsen.util: 1	:invoke	:broadcast	45
2025-06-02 15:21:24,265{GMT}	INFO	[jepsen worker 1] jepsen.util: 1	:ok	:broadcast	45
2025-06-02 15:21:24,279{GMT}	INFO	[jepsen worker 2] jepsen.util: 2	:invoke	:broadcast	46
2025-06-02 15:21:24,281{GMT}	INFO	[jepsen worker 2] jepsen.util: 2	:ok	:broadcast	46
2025-06-02 15:21:24,306{GMT}	INFO	[jepsen worker 3] jepsen.util: 3	:invoke	:read	nil
2025-06-02 15:21:24,306{GMT}	INFO	[jepsen worker 3] jepsen.util: 3	:ok	:read	["0" "1" "10" "11" "12" "13" "14" "15" "16" "17" "18" "19" "2" "20" "21" "22" "23" "24" "25" "26" "27" "28" "29" "3" "30" "31" "32" "33" "34" "35" "36" "37" "38" "39" "4" "40" "41" "42" "43" "44" "45" "46" "5" "6" "7" "8" "9"]
2025-06-02 15:21:24,509{GMT}	INFO	[jepsen worker 4] jepsen.util: 4	:invoke	:read	nil
2025-06-02 15:21:24,510{GMT}	INFO	[jepsen worker 4] jepsen.util: 4	:ok	:read	["0" "1" "10" "11" "12" "13" "14" "15" "16" "17" "18" "19" "2" "20" "21" "22" "23" "24" "25" "26" "27" "28" "29" "3" "30" "31" "32" "33" "34" "35" "36" "37" "38" "39" "4" "40" "41" "42" "43" "44" "45" "46" "5" "6" "7" "8" "9"]
2025-06-02 15:21:24,624{GMT}	INFO	[jepsen worker 0] jepsen.util: 0	:invoke	:broadcast	47
2025-06-02 15:21:24,625{GMT}	INFO	[jepsen worker 0] jepsen.util: 0	:ok	:broadcast	47
2025-06-02 15:21:24,725{GMT}	INFO	[jepsen worker 0] jepsen.util: 0	:invoke	:broadcast	48
2025-06-02 15:21:24,726{GMT}	INFO	[jepsen worker 0] jepsen.util: 0	:ok	:broadcast	48
2025-06-02 15:21:24,803{GMT}	INFO	[jepsen worker 1] jepsen.util: 1	:invoke	:read	nil
2025-06-02 15:21:24,804{GMT}	INFO	[jepsen worker 1] jepsen.util: 1	:ok	:read	["0" "1" "10" "11" "12" "13" "14" "15" "16" "17" "18" "19" "2" "20" "21" "22" "23" "24" "25" "26" "27" "28" "29" "3" "30" "31" "32" "33" "34" "35" "36" "37" "38" "39" "4" "40" "41" "42" "43" "44" "45" "46" "47" "48" "5" "6" "7" "8" "9"]
2025-06-02 15:21:24,920{GMT}	INFO	[jepsen worker 2] jepsen.util: 2	:invoke	:read	nil
2025-06-02 15:21:24,922{GMT}	INFO	[jepsen worker 2] jepsen.util: 2	:ok	:read	["0" "1" "10" "11" "12" "13" "14" "15" "16" "17" "18" "19" "2" "20" "21" "22" "23" "24" "25" "26" "27" "28" "29" "3" "30" "31" "32" "33" "34" "35" "36" "37" "38" "39" "4" "40" "41" "42" "43" "44" "45" "46" "47" "48" "5" "6" "7" "8" "9"]
2025-06-02 15:21:25,019{GMT}	INFO	[jepsen worker 3] jepsen.util: 3	:invoke	:broadcast	49
2025-06-02 15:21:25,020{GMT}	INFO	[jepsen worker 3] jepsen.util: 3	:ok	:broadcast	49
2025-06-02 15:21:25,182{GMT}	INFO	[jepsen worker 4] jepsen.util: 4	:invoke	:read	nil
2025-06-02 15:21:25,184{GMT}	INFO	[jepsen worker 4] jepsen.util: 4	:ok	:read	["0" "1" "10" "11" "12" "13" "14" "15" "16" "17" "18" "19" "2" "20" "21" "22" "23" "24" "25" "26" "27" "28" "29" "3" "30" "31" "32" "33" "34" "35" "36" "37" "38" "39" "4" "40" "41" "42" "43" "44" "45" "46" "47" "48" "49" "5" "6" "7" "8" "9"]
2025-06-02 15:21:25,255{GMT}	INFO	[jepsen worker 0] jepsen.util: 0	:invoke	:read	nil
2025-06-02 15:21:25,256{GMT}	INFO	[jepsen worker 0] jepsen.util: 0	:ok	:read	["0" "1" "10" "11" "12" "13" "14" "15" "16" "17" "18" "19" "2" "20" "21" "22" "23" "24" "25" "26" "27" "28" "29" "3" "30" "31" "32" "33" "34" "35" "36" "37" "38" "39" "4" "40" "41" "42" "43" "44" "45" "46" "47" "48" "49" "5" "6" "7" "8" "9"]
2025-06-02 15:21:25,347{GMT}	INFO	[jepsen worker 0] jepsen.util: 0	:invoke	:broadcast	50
2025-06-02 15:21:25,349{GMT}	INFO	[jepsen worker 0] jepsen.util: 0	:ok	:broadcast	50
2025-06-02 15:21:25,368{GMT}	INFO	[jepsen worker 1] jepsen.util: 1	:invoke	:read	nil
2025-06-02 15:21:25,369{GMT}	INFO	[jepsen worker 1] jepsen.util: 1	:ok	:read	["0" "1" "10" "11" "12" "13" "14" "15" "16" "17" "18" "19" "2" "20" "21" "22" "23" "24" "25" "26" "27" "28" "29" "3" "30" "31" "32" "33" "34" "35" "36" "37" "38" "39" "4" "40" "41" "42" "43" "44" "45" "46" "47" "48" "49" "5" "50" "6" "7" "8" "9"]
2025-06-02 15:21:25,435{GMT}	INFO	[jepsen worker 2] jepsen.util: 2	:invoke	:broadcast	51
2025-06-02 15:21:25,436{GMT}	INFO	[jepsen worker 2] jepsen.util: 2	:ok	:broadcast	51
2025-06-02 15:21:25,443{GMT}	INFO	[jepsen worker 3] jepsen.util: 3	:invoke	:broadcast	52
2025-06-02 15:21:25,443{GMT}	INFO	[jepsen worker 3] jepsen.util: 3	:ok	:broadcast	52
2025-06-02 15:21:25,593{GMT}	INFO	[jepsen worker 4] jepsen.util: 4	:invoke	:read	nil
2025-06-02 15:21:25,594{GMT}	INFO	[jepsen worker 4] jepsen.util: 4	:ok	:read	["0" "1" "10" "11" "12" "13" "14" "15" "16" "17" "18" "19" "2" "20" "21" "22" "23" "24" "25" "26" "27" "28" "29" "3" "30" "31" "32" "33" "34" "35" "36" "37" "38" "39" "4" "40" "41" "42" "43" "44" "45" "46" "47" "48" "49" "5" "50" "51" "52" "6" "7" "8" "9"]
2025-06-02 15:21:25,624{GMT}	INFO	[jepsen worker 0] jepsen.util: 0	:invoke	:read	nil
2025-06-02 15:21:25,625{GMT}	INFO	[jepsen worker 0] jepsen.util: 0	:ok	:read	["0" "1" "10" "11" "12" "13" "14" "15" "16" "17" "18" "19" "2" "20" "21" "22" "23" "24" "25" "26" "27" "28" "29" "3" "30" "31" "32" "33" "34" "35" "36" "37" "38" "39" "4" "40" "41" "42" "43" "44" "45" "46" "47" "48" "49" "5" "50" "51" "52" "6" "7" "8" "9"]
2025-06-02 15:21:25,711{GMT}	INFO	[jepsen worker 0] jepsen.util: 0	:invoke	:read	nil
2025-06-02 15:21:25,712{GMT}	INFO	[jepsen worker 0] jepsen.util: 0	:ok	:read	["0" "1" "10" "11" "12" "13" "14" "15" "16" "17" "18" "19" "2" "20" "21" "22" "23" "24" "25" "26" "27" "28" "29" "3" "30" "31" "32" "33" "34" "35" "36" "37" "38" "39" "4" "40" "41" "42" "43" "44" "45" "46" "47" "48" "49" "5" "50" "51" "52" "6" "7" "8" "9"]
2025-06-02 15:21:25,763{GMT}	INFO	[jepsen worker 1] jepsen.util: 1	:invoke	:broadcast	53
2025-06-02 15:21:25,764{GMT}	INFO	[jepsen worker 1] jepsen.util: 1	:ok	:broadcast	53
2025-06-02 15:21:25,853{GMT}	INFO	[jepsen worker 2] jepsen.util: 2	:invoke	:read	nil
2025-06-02 15:21:25,854{GMT}	INFO	[jepsen worker 2] jepsen.util: 2	:ok	:read	["0" "1" "10" "11" "12" "13" "14" "15" "16" "17" "18" "19" "2" "20" "21" "22" "23" "24" "25" "26" "27" "28" "29" "3" "30" "31" "32" "33" "34" "35" "36" "37" "38" "39" "4" "40" "41" "42" "43" "44" "45" "46" "47" "48" "49" "5" "50" "51" "52" "53" "6" "7" "8" "9"]
2025-06-02 15:21:26,049{GMT}	INFO	[jepsen worker 3] jepsen.util: 3	:invoke	:broadcast	54
2025-06-02 15:21:26,050{GMT}	INFO	[jepsen worker 3] jepsen.util: 3	:ok	:broadcast	54
2025-06-02 15:21:26,120{GMT}	INFO	[jepsen worker 4] jepsen.util: 4	:invoke	:read	nil
2025-06-02 15:21:26,122{GMT}	INFO	[jepsen worker 4] jepsen.util: 4	:ok	:read	["0" "1" "10" "11" "12" "13" "14" "15" "16" "17" "18" "19" "2" "20" "21" "22" "23" "24" "25" "26" "27" "28" "29" "3" "30" "31" "32" "33" "34" "35" "36" "37" "38" "39" "4" "40" "41" "42" "43" "44" "45" "46" "47" "48" "49" "5" "50" "51" "52" "53" "54" "6" "7" "8" "9"]
2025-06-02 15:21:26,219{GMT}	INFO	[jepsen worker 0] jepsen.util: 0	:invoke	:broadcast	55
2025-06-02 15:21:26,221{GMT}	INFO	[jepsen worker 0] jepsen.util: 0	:ok	:broadcast	55
2025-06-02 15:21:26,299{GMT}	INFO	[jepsen worker 0] jepsen.util: 0	:invoke	:broadcast	56
2025-06-02 15:21:26,300{GMT}	INFO	[jepsen worker 0] jepsen.util: 0	:ok	:broadcast	56
2025-06-02 15:21:26,400{GMT}	INFO	[jepsen worker 1] jepsen.util: 1	:invoke	:read	nil
2025-06-02 15:21:26,401{GMT}	INFO	[jepsen worker 1] jepsen.util: 1	:ok	:read	["0" "1" "10" "11" "12" "13" "14" "15" "16" "17" "18" "19" "2" "20" "21" "22" "23" "24" "25" "26" "27" "28" "29" "3" "30" "31" "32" "33" "34" "35" "36" "37" "38" "39" "4" "40" "41" "42" "43" "44" "45" "46" "47" "48" "49" "5" "50" "51" "52" "53" "54" "55" "56" "6" "7" "8" "9"]
2025-06-02 15:21:26,454{GMT}	INFO	[jepsen worker 2] jepsen.util: 2	:invoke	:read	nil
2025-06-02 15:21:26,455{GMT}	INFO	[jepsen worker 2] jepsen.util: 2	:ok	:read	["0" "1" "10" "11" "12" "13" "14" "15" "16" "17" "18" "19" "2" "20" "21" "22" "23" "24" "25" "26" "27" "28" "29" "3" "30" "31" "32" "33" "34" "35" "36" "37" "38" "39" "4" "40" "41" "42" "43" "44" "45" "46" "47" "48" "49" "5" "50" "51" "52" "53" "54" "55" "56" "6" "7" "8" "9"]
2025-06-02 15:21:26,629{GMT}	INFO	[jepsen worker 3] jepsen.util: 3	:invoke	:broadcast	57
2025-06-02 15:21:26,629{GMT}	INFO	[jepsen worker 3] jepsen.util: 3	:ok	:broadcast	57
2025-06-02 15:21:26,677{GMT}	INFO	[jepsen worker 4] jepsen.util: 4	:invoke	:read	nil
2025-06-02 15:21:26,678{GMT}	INFO	[jepsen worker 4] jepsen.util: 4	:ok	:read	["0" "1" "10" "11" "12" "13" "14" "15" "16" "17" "18" "19" "2" "20" "21" "22" "23" "24" "25" "26" "27" "28" "29" "3" "30" "31" "32" "33" "34" "35" "36" "37" "38" "39" "4" "40" "41" "42" "43" "44" "45" "46" "47" "48" "49" "5" "50" "51" "52" "53" "54" "55" "56" "57" "6" "7" "8" "9"]
2025-06-02 15:21:26,793{GMT}	INFO	[jepsen worker 0] jepsen.util: 0	:invoke	:broadcast	58
2025-06-02 15:21:26,795{GMT}	INFO	[jepsen worker 0] jepsen.util: 0	:ok	:broadcast	58
2025-06-02 15:21:26,919{GMT}	INFO	[jepsen worker 0] jepsen.util: 0	:invoke	:read	nil
2025-06-02 15:21:26,922{GMT}	INFO	[jepsen worker 0] jepsen.util: 0	:ok	:read	["0" "1" "10" "11" "12" "13" "14" "15" "16" "17" "18" "19" "2" "20" "21" "22" "23" "24" "25" "26" "27" "28" "29" "3" "30" "31" "32" "33" "34" "35" "36" "37" "38" "39" "4" "40" "41" "42" "43" "44" "45" "46" "47" "48" "49" "5" "50" "51" "52" "53" "54" "55" "56" "57" "58" "6" "7" "8" "9"]
2025-06-02 15:21:27,028{GMT}	INFO	[jepsen worker 1] jepsen.util: 1	:invoke	:read	nil
2025-06-02 15:21:27,029{GMT}	INFO	[jepsen worker 1] jepsen.util: 1	:ok	:read	["0" "1" "10" "11" "12" "13" "14" "15" "16" "17" "18" "19" "2" "20" "21" "22" "23" "24" "25" "26" "27" "28" "29" "3" "30" "31" "32" "33" "34" "35" "36" "37" "38" "39" "4" "40" "41" "42" "43" "44" "45" "46" "47" "48" "49" "5" "50" "51" "52" "53" "54" "55" "56" "57" "58" "6" "7" "8" "9"]
2025-06-02 15:21:27,198{GMT}	INFO	[jepsen worker 2] jepsen.util: 2	:invoke	:read	nil
2025-06-02 15:21:27,200{GMT}	INFO	[jepsen worker 2] jepsen.util: 2	:ok	:read	["0" "1" "10" "11" "12" "13" "14" "15" "16" "17" "18" "19" "2" "20" "21" "22" "23" "24" "25" "26" "27" "28" "29" "3" "30" "31" "32" "33" "34" "35" "36" "37" "38" "39" "4" "40" "41" "42" "43" "44" "45" "46" "47" "48" "49" "5" "50" "51" "52" "53" "54" "55" "56" "57" "58" "6" "7" "8" "9"]
2025-06-02 15:21:27,357{GMT}	INFO	[jepsen worker 3] jepsen.util: 3	:invoke	:broadcast	59
2025-06-02 15:21:27,359{GMT}	INFO	[jepsen worker 3] jepsen.util: 3	:ok	:broadcast	59
2025-06-02 15:21:27,433{GMT}	INFO	[jepsen worker 4] jepsen.util: 4	:invoke	:broadcast	60
2025-06-02 15:21:27,435{GMT}	INFO	[jepsen worker 4] jepsen.util: 4	:ok	:broadcast	60
2025-06-02 15:21:27,511{GMT}	INFO	[jepsen worker 0] jepsen.util: 0	:invoke	:broadcast	61
2025-06-02 15:21:27,512{GMT}	INFO	[jepsen worker 0] jepsen.util: 0	:ok	:broadcast	61
2025-06-02 15:21:27,545{GMT}	INFO	[jepsen worker 0] jepsen.util: 0	:invoke	:broadcast	62
2025-06-02 15:21:27,546{GMT}	INFO	[jepsen worker 0] jepsen.util: 0	:ok	:broadcast	62
2025-06-02 15:21:27,608{GMT}	INFO	[jepsen worker 1] jepsen.util: 1	:invoke	:broadcast	63
2025-06-02 15:21:27,609{GMT}	INFO	[jepsen worker 1] jepsen.util: 1	:ok	:broadcast	63
2025-06-02 15:21:27,749{GMT}	INFO	[jepsen worker 2] jepsen.util: 2	:invoke	:broadcast	64
2025-06-02 15:21:27,751{GMT}	INFO	[jepsen worker 2] jepsen.util: 2	:ok	:broadcast	64
2025-06-02 15:21:27,799{GMT}	INFO	[jepsen worker 3] jepsen.util: 3	:invoke	:broadcast	65
2025-06-02 15:21:27,800{GMT}	INFO	[jepsen worker 3] jepsen.util: 3	:ok	:broadcast	65
2025-06-02 15:21:28,002{GMT}	INFO	[jepsen worker 4] jepsen.util: 4	:invoke	:read	nil
2025-06-02 15:21:28,003{GMT}	INFO	[jepsen worker 4] jepsen.util: 4	:ok	:read	["0" "1" "10" "11" "12" "13" "14" "15" "16" "17" "18" "19" "2" "20" "21" "22" "23" "24" "25" "26" "27" "28" "29" "3" "30" "31" "32" "33" "34" "35" "36" "37" "38" "39" "4" "40" "41" "42" "43" "44" "45" "46" "47" "48" "49" "5" "50" "51" "52" "53" "54" "55" "56" "57" "58" "59" "6" "60" "61" "62" "63" "64" "65" "7" "8" "9"]
2025-06-02 15:21:28,191{GMT}	INFO	[jepsen worker 0] jepsen.util: 0	:invoke	:broadcast	66
2025-06-02 15:21:28,192{GMT}	INFO	[jepsen worker 0] jepsen.util: 0	:ok	:broadcast	66
2025-06-02 15:21:28,351{GMT}	INFO	[jepsen worker 0] jepsen.util: 0	:invoke	:broadcast	67
2025-06-02 15:21:28,352{GMT}	INFO	[jepsen worker 0] jepsen.util: 0	:ok	:broadcast	67
2025-06-02 15:21:28,481{GMT}	INFO	[jepsen worker 1] jepsen.util: 1	:invoke	:broadcast	68
2025-06-02 15:21:28,483{GMT}	INFO	[jepsen worker 1] jepsen.util: 1	:ok	:broadcast	68
2025-06-02 15:21:28,672{GMT}	INFO	[jepsen worker 2] jepsen.util: 2	:invoke	:broadcast	69
2025-06-02 15:21:28,674{GMT}	INFO	[jepsen worker 2] jepsen.util: 2	:ok	:broadcast	69
2025-06-02 15:21:28,712{GMT}	INFO	[jepsen worker 3] jepsen.util: 3	:invoke	:broadcast	70
2025-06-02 15:21:28,713{GMT}	INFO	[jepsen worker 3] jepsen.util: 3	:ok	:broadcast	70
2025-06-02 15:21:28,899{GMT}	INFO	[jepsen worker 4] jepsen.util: 4	:invoke	:broadcast	71
2025-06-02 15:21:28,901{GMT}	INFO	[jepsen worker 4] jepsen.util: 4	:ok	:broadcast	71
2025-06-02 15:21:28,908{GMT}	INFO	[jepsen worker 0] jepsen.util: 0	:invoke	:read	nil
2025-06-02 15:21:28,910{GMT}	INFO	[jepsen worker 0] jepsen.util: 0	:ok	:read	["0" "1" "10" "11" "12" "13" "14" "15" "16" "17" "18" "19" "2" "20" "21" "22" "23" "24" "25" "26" "27" "28" "29" "3" "30" "31" "32" "33" "34" "35" "36" "37" "38" "39" "4" "40" "41" "42" "43" "44" "45" "46" "47" "48" "49" "5" "50" "51" "52" "53" "54" "55" "56" "57" "58" "59" "6" "60" "61" "62" "63" "64" "65" "66" "67" "68" "69" "7" "70" "71" "8" "9"]
2025-06-02 15:21:28,913{GMT}	INFO	[jepsen worker 0] jepsen.util: 0	:invoke	:broadcast	72
2025-06-02 15:21:28,914{GMT}	INFO	[jepsen worker 0] jepsen.util: 0	:ok	:broadcast	72
2025-06-02 15:21:29,089{GMT}	INFO	[jepsen worker 1] jepsen.util: 1	:invoke	:read	nil
2025-06-02 15:21:29,091{GMT}	INFO	[jepsen worker 1] jepsen.util: 1	:ok	:read	["0" "1" "10" "11" "12" "13" "14" "15" "16" "17" "18" "19" "2" "20" "21" "22" "23" "24" "25" "26" "27" "28" "29" "3" "30" "31" "32" "33" "34" "35" "36" "37" "38" "39" "4" "40" "41" "42" "43" "44" "45" "46" "47" "48" "49" "5" "50" "51" "52" "53" "54" "55" "56" "57" "58" "59" "6" "60" "61" "62" "63" "64" "65" "66" "67" "68" "69" "7" "70" "71" "72" "8" "9"]
2025-06-02 15:21:29,277{GMT}	INFO	[jepsen worker 2] jepsen.util: 2	:invoke	:broadcast	73
2025-06-02 15:21:29,278{GMT}	INFO	[jepsen worker 2] jepsen.util: 2	:ok	:broadcast	73
2025-06-02 15:21:29,338{GMT}	INFO	[jepsen worker 3] jepsen.util: 3	:invoke	:read	nil
2025-06-02 15:21:29,339{GMT}	INFO	[jepsen worker 3] jepsen.util: 3	:ok	:read	["0" "1" "10" "11" "12" "13" "14" "15" "16" "17" "18" "19" "2" "20" "21" "22" "23" "24" "25" "26" "27" "28" "29" "3" "30" "31" "32" "33" "34" "35" "36" "37" "38" "39" "4" "40" "41" "42" "43" "44" "45" "46" "47" "48" "49" "5" "50" "51" "52" "53" "54" "55" "56" "57" "58" "59" "6" "60" "61" "62" "63" "64" "65" "66" "67" "68" "69" "7" "70" "71" "72" "73" "8" "9"]
2025-06-02 15:21:29,503{GMT}	INFO	[jepsen worker 4] jepsen.util: 4	:invoke	:read	nil
2025-06-02 15:21:29,505{GMT}	INFO	[jepsen worker 4] jepsen.util: 4	:ok	:read	["0" "1" "10" "11" "12" "13" "14" "15" "16" "17" "18" "19" "2" "20" "21" "22" "23" "24" "25" "26" "27" "28" "29" "3" "30" "31" "32" "33" "34" "35" "36" "37" "38" "39" "4" "40" "41" "42" "43" "44" "45" "46" "47" "48" "49" "5" "50" "51" "52" "53" "54" "55" "56" "57" "58" "59" "6" "60" "61" "62" "63" "64" "65" "66" "67" "68" "69" "7" "70" "71" "72" "73" "8" "9"]
2025-06-02 15:21:29,659{GMT}	INFO	[jepsen worker 0] jepsen.util: 0	:invoke	:broadcast	74
2025-06-02 15:21:29,660{GMT}	INFO	[jepsen worker 0] jepsen.util: 0	:ok	:broadcast	74
2025-06-02 15:21:29,812{GMT}	INFO	[jepsen worker 0] jepsen.util: 0	:invoke	:read	nil
2025-06-02 15:21:29,813{GMT}	INFO	[jepsen worker 0] jepsen.util: 0	:ok	:read	["0" "1" "10" "11" "12" "13" "14" "15" "16" "17" "18" "19" "2" "20" "21" "22" "23" "24" "25" "26" "27" "28" "29" "3" "30" "31" "32" "33" "34" "35" "36" "37" "38" "39" "4" "40" "41" "42" "43" "44" "45" "46" "47" "48" "49" "5" "50" "51" "52" "53" "54" "55" "56" "57" "58" "59" "6" "60" "61" "62" "63" "64" "65" "66" "67" "68" "69" "7" "70" "71" "72" "73" "74" "8" "9"]
2025-06-02 15:21:29,830{GMT}	INFO	[jepsen worker 1] jepsen.util: 1	:invoke	:read	nil
2025-06-02 15:21:29,833{GMT}	INFO	[jepsen worker 1] jepsen.util: 1	:ok	:read	["0" "1" "10" "11" "12" "13" "14" "15" "16" "17" "18" "19" "2" "20" "21" "22" "23" "24" "25" "26" "27" "28" "29" "3" "30" "31" "32" "33" "34" "35" "36" "37" "38" "39" "4" "40" "41" "42" "43" "44" "45" "46" "47" "48" "49" "5" "50" "51" "52" "53" "54" "55" "56" "57" "58" "59" "6" "60" "61" "62" "63" "64" "65" "66" "67" "68" "69" "7" "70" "71" "72" "73" "74" "8" "9"]
2025-06-02 15:21:29,960{GMT}	INFO	[jepsen worker 2] jepsen.util: 2	:invoke	:read	nil
2025-06-02 15:21:29,961{GMT}	INFO	[jepsen worker 2] jepsen.util: 2	:ok	:read	["0" "1" "10" "11" "12" "13" "14" "15" "16" "17" "18" "19" "2" "20" "21" "22" "23" "24" "25" "26" "27" "28" "29" "3" "30" "31" "32" "33" "34" "35" "36" "37" "38" "39" "4" "40" "41" "42" "43" "44" "45" "46" "47" "48" "49" "5" "50" "51" "52" "53" "54" "55" "56" "57" "58" "59" "6" "60" "61" "62" "63" "64" "65" "66" "67" "68" "69" "7" "70" "71" "72" "73" "74" "8" "9"]
2025-06-02 15:21:30,037{GMT}	INFO	[jepsen worker 3] jepsen.util: 3	:invoke	:read	nil
2025-06-02 15:21:30,038{GMT}	INFO	[jepsen worker 3] jepsen.util: 3	:ok	:read	["0" "1" "10" "11" "12" "13" "14" "15" "16" "17" "18" "19" "2" "20" "21" "22" "23" "24" "25" "26" "27" "28" "29" "3" "30" "31" "32" "33" "34" "35" "36" "37" "38" "39" "4" "40" "41" "42" "43" "44" "45" "46" "47" "48" "49" "5" "50" "51" "52" "53" "54" "55" "56" "57" "58" "59" "6" "60" "61" "62" "63" "64" "65" "66" "67" "68" "69" "7" "70" "71" "72" "73" "74" "8" "9"]
2025-06-02 15:21:30,166{GMT}	INFO	[jepsen worker 4] jepsen.util: 4	:invoke	:broadcast	75
2025-06-02 15:21:30,168{GMT}	INFO	[jepsen worker 4] jepsen.util: 4	:ok	:broadcast	75
2025-06-02 15:21:30,217{GMT}	INFO	[jepsen worker 0] jepsen.util: 0	:invoke	:broadcast	76
2025-06-02 15:21:30,218{GMT}	INFO	[jepsen worker 0] jepsen.util: 0	:ok	:broadcast	76
2025-06-02 15:21:30,383{GMT}	INFO	[jepsen worker 0] jepsen.util: 0	:invoke	:read	nil
2025-06-02 15:21:30,384{GMT}	INFO	[jepsen worker 0] jepsen.util: 0	:ok	:read	["0" "1" "10" "11" "12" "13" "14" "15" "16" "17" "18" "19" "2" "20" "21" "22" "23" "24" "25" "26" "27" "28" "29" "3" "30" "31" "32" "33" "34" "35" "36" "37" "38" "39" "4" "40" "41" "42" "43" "44" "45" "46" "47" "48" "49" "5" "50" "51" "52" "53" "54" "55" "56" "57" "58" "59" "6" "60" "61" "62" "63" "64" "65" "66" "67" "68" "69" "7" "70" "71" "72" "73" "74" "75" "76" "8" "9"]
2025-06-02 15:21:30,388{GMT}	INFO	[jepsen worker 1] jepsen.util: 1	:invoke	:read	nil
2025-06-02 15:21:30,389{GMT}	INFO	[jepsen worker 1] jepsen.util: 1	:ok	:read	["0" "1" "10" "11" "12" "13" "14" "15" "16" "17" "18" "19" "2" "20" "21" "22" "23" "24" "25" "26" "27" "28" "29" "3" "30" "31" "32" "33" "34" "35" "36" "37" "38" "39" "4" "40" "41" "42" "43" "44" "45" "46" "47" "48" "49" "5" "50" "51" "52" "53" "54" "55" "56" "57" "58" "59" "6" "60" "61" "62" "63" "64" "65" "66" "67" "68" "69" "7" "70" "71" "72" "73" "74" "75" "76" "8" "9"]
2025-06-02 15:21:30,481{GMT}	INFO	[jepsen worker 2] jepsen.util: 2	:invoke	:read	nil
2025-06-02 15:21:30,482{GMT}	INFO	[jepsen worker 2] jepsen.util: 2	:ok	:read	["0" "1" "10" "11" "12" "13" "14" "15" "16" "17" "18" "19" "2" "20" "21" "22" "23" "24" "25" "26" "27" "28" "29" "3" "30" "31" "32" "33" "34" "35" "36" "37" "38" "39" "4" "40" "41" "42" "43" "44" "45" "46" "47" "48" "49" "5" "50" "51" "52" "53" "54" "55" "56" "57" "58" "59" "6" "60" "61" "62" "63" "64" "65" "66" "67" "68" "69" "7" "70" "71" "72" "73" "74" "75" "76" "8" "9"]
2025-06-02 15:21:30,482{GMT}	INFO	[jepsen worker 3] jepsen.util: 3	:invoke	:broadcast	77
2025-06-02 15:21:30,483{GMT}	INFO	[jepsen worker 3] jepsen.util: 3	:ok	:broadcast	77
2025-06-02 15:21:30,572{GMT}	INFO	[jepsen worker 4] jepsen.util: 4	:invoke	:broadcast	78
2025-06-02 15:21:30,573{GMT}	INFO	[jepsen worker 4] jepsen.util: 4	:ok	:broadcast	78
2025-06-02 15:21:30,687{GMT}	INFO	[jepsen worker 0] jepsen.util: 0	:invoke	:read	nil
2025-06-02 15:21:30,689{GMT}	INFO	[jepsen worker 0] jepsen.util: 0	:ok	:read	["0" "1" "10" "11" "12" "13" "14" "15" "16" "17" "18" "19" "2" "20" "21" "22" "23" "24" "25" "26" "27" "28" "29" "3" "30" "31" "32" "33" "34" "35" "36" "37" "38" "39" "4" "40" "41" "42" "43" "44" "45" "46" "47" "48" "49" "5" "50" "51" "52" "53" "54" "55" "56" "57" "58" "59" "6" "60" "61" "62" "63" "64" "65" "66" "67" "68" "69" "7" "70" "71" "72" "73" "74" "75" "76" "77" "78" "8" "9"]
2025-06-02 15:21:30,768{GMT}	INFO	[jepsen worker 0] jepsen.util: 0	:invoke	:broadcast	79
2025-06-02 15:21:30,769{GMT}	INFO	[jepsen worker 0] jepsen.util: 0	:ok	:broadcast	79
2025-06-02 15:21:30,827{GMT}	INFO	[jepsen worker 1] jepsen.util: 1	:invoke	:broadcast	80
2025-06-02 15:21:30,828{GMT}	INFO	[jepsen worker 1] jepsen.util: 1	:ok	:broadcast	80
2025-06-02 15:21:30,947{GMT}	INFO	[jepsen worker 2] jepsen.util: 2	:invoke	:broadcast	81
2025-06-02 15:21:30,948{GMT}	INFO	[jepsen worker 2] jepsen.util: 2	:ok	:broadcast	81
2025-06-02 15:21:31,091{GMT}	INFO	[jepsen worker 3] jepsen.util: 3	:invoke	:broadcast	82
2025-06-02 15:21:31,094{GMT}	INFO	[jepsen worker 3] jepsen.util: 3	:ok	:broadcast	82
2025-06-02 15:21:31,119{GMT}	INFO	[jepsen worker 4] jepsen.util: 4	:invoke	:read	nil
2025-06-02 15:21:31,120{GMT}	INFO	[jepsen worker 4] jepsen.util: 4	:ok	:read	["0" "1" "10" "11" "12" "13" "14" "15" "16" "17" "18" "19" "2" "20" "21" "22" "23" "24" "25" "26" "27" "28" "29" "3" "30" "31" "32" "33" "34" "35" "36" "37" "38" "39" "4" "40" "41" "42" "43" "44" "45" "46" "47" "48" "49" "5" "50" "51" "52" "53" "54" "55" "56" "57" "58" "59" "6" "60" "61" "62" "63" "64" "65" "66" "67" "68" "69" "7" "70" "71" "72" "73" "74" "75" "76" "77" "78" "79" "8" "80" "81" "82" "9"]
2025-06-02 15:21:31,254{GMT}	INFO	[jepsen worker 0] jepsen.util: 0	:invoke	:broadcast	83
2025-06-02 15:21:31,261{GMT}	INFO	[jepsen worker 0] jepsen.util: 0	:ok	:broadcast	83
2025-06-02 15:21:31,372{GMT}	INFO	[jepsen worker 0] jepsen.util: 0	:invoke	:read	nil
2025-06-02 15:21:31,373{GMT}	INFO	[jepsen worker 0] jepsen.util: 0	:ok	:read	["0" "1" "10" "11" "12" "13" "14" "15" "16" "17" "18" "19" "2" "20" "21" "22" "23" "24" "25" "26" "27" "28" "29" "3" "30" "31" "32" "33" "34" "35" "36" "37" "38" "39" "4" "40" "41" "42" "43" "44" "45" "46" "47" "48" "49" "5" "50" "51" "52" "53" "54" "55" "56" "57" "58" "59" "6" "60" "61" "62" "63" "64" "65" "66" "67" "68" "69" "7" "70" "71" "72" "73" "74" "75" "76" "77" "78" "79" "8" "80" "81" "82" "83" "9"]
2025-06-02 15:21:31,477{GMT}	INFO	[jepsen worker 1] jepsen.util: 1	:invoke	:broadcast	84
2025-06-02 15:21:31,478{GMT}	INFO	[jepsen worker 1] jepsen.util: 1	:ok	:broadcast	84
2025-06-02 15:21:31,649{GMT}	INFO	[jepsen worker 2] jepsen.util: 2	:invoke	:read	nil
2025-06-02 15:21:31,650{GMT}	INFO	[jepsen worker 2] jepsen.util: 2	:ok	:read	["0" "1" "10" "11" "12" "13" "14" "15" "16" "17" "18" "19" "2" "20" "21" "22" "23" "24" "25" "26" "27" "28" "29" "3" "30" "31" "32" "33" "34" "35" "36" "37" "38" "39" "4" "40" "41" "42" "43" "44" "45" "46" "47" "48" "49" "5" "50" "51" "52" "53" "54" "55" "56" "57" "58" "59" "6" "60" "61" "62" "63" "64" "65" "66" "67" "68" "69" "7" "70" "71" "72" "73" "74" "75" "76" "77" "78" "79" "8" "80" "81" "82" "83" "84" "9"]
2025-06-02 15:21:31,726{GMT}	INFO	[jepsen worker 3] jepsen.util: 3	:invoke	:read	nil
2025-06-02 15:21:31,728{GMT}	INFO	[jepsen worker 3] jepsen.util: 3	:ok	:read	["0" "1" "10" "11" "12" "13" "14" "15" "16" "17" "18" "19" "2" "20" "21" "22" "23" "24" "25" "26" "27" "28" "29" "3" "30" "31" "32" "33" "34" "35" "36" "37" "38" "39" "4" "40" "41" "42" "43" "44" "45" "46" "47" "48" "49" "5" "50" "51" "52" "53" "54" "55" "56" "57" "58" "59" "6" "60" "61" "62" "63" "64" "65" "66" "67" "68" "69" "7" "70" "71" "72" "73" "74" "75" "76" "77" "78" "79" "8" "80" "81" "82" "83" "84" "9"]
2025-06-02 15:21:31,763{GMT}	INFO	[jepsen worker 4] jepsen.util: 4	:invoke	:read	nil
2025-06-02 15:21:31,765{GMT}	INFO	[jepsen worker 4] jepsen.util: 4	:ok	:read	["0" "1" "10" "11" "12" "13" "14" "15" "16" "17" "18" "19" "2" "20" "21" "22" "23" "24" "25" "26" "27" "28" "29" "3" "30" "31" "32" "33" "34" "35" "36" "37" "38" "39" "4" "40" "41" "42" "43" "44" "45" "46" "47" "48" "49" "5" "50" "51" "52" "53" "54" "55" "56" "57" "58" "59" "6" "60" "61" "62" "63" "64" "65" "66" "67" "68" "69" "7" "70" "71" "72" "73" "74" "75" "76" "77" "78" "79" "8" "80" "81" "82" "83" "84" "9"]
2025-06-02 15:21:31,812{GMT}	INFO	[jepsen worker 0] jepsen.util: 0	:invoke	:broadcast	85
2025-06-02 15:21:31,813{GMT}	INFO	[jepsen worker 0] jepsen.util: 0	:ok	:broadcast	85
2025-06-02 15:21:31,840{GMT}	INFO	[jepsen worker 0] jepsen.util: 0	:invoke	:broadcast	86
2025-06-02 15:21:31,841{GMT}	INFO	[jepsen worker 0] jepsen.util: 0	:ok	:broadcast	86
2025-06-02 15:21:32,013{GMT}	INFO	[jepsen worker 1] jepsen.util: 1	:invoke	:read	nil
2025-06-02 15:21:32,014{GMT}	INFO	[jepsen worker 1] jepsen.util: 1	:ok	:read	["0" "1" "10" "11" "12" "13" "14" "15" "16" "17" "18" "19" "2" "20" "21" "22" "23" "24" "25" "26" "27" "28" "29" "3" "30" "31" "32" "33" "34" "35" "36" "37" "38" "39" "4" "40" "41" "42" "43" "44" "45" "46" "47" "48" "49" "5" "50" "51" "52" "53" "54" "55" "56" "57" "58" "59" "6" "60" "61" "62" "63" "64" "65" "66" "67" "68" "69" "7" "70" "71" "72" "73" "74" "75" "76" "77" "78" "79" "8" "80" "81" "82" "83" "84" "85" "86" "9"]
2025-06-02 15:21:32,143{GMT}	INFO	[jepsen worker 2] jepsen.util: 2	:invoke	:broadcast	87
2025-06-02 15:21:32,145{GMT}	INFO	[jepsen worker 2] jepsen.util: 2	:ok	:broadcast	87
2025-06-02 15:21:32,318{GMT}	INFO	[jepsen worker 3] jepsen.util: 3	:invoke	:broadcast	88
2025-06-02 15:21:32,320{GMT}	INFO	[jepsen worker 3] jepsen.util: 3	:ok	:broadcast	88
2025-06-02 15:21:32,363{GMT}	INFO	[jepsen worker 4] jepsen.util: 4	:invoke	:read	nil
2025-06-02 15:21:32,365{GMT}	INFO	[jepsen worker 4] jepsen.util: 4	:ok	:read	["0" "1" "10" "11" "12" "13" "14" "15" "16" "17" "18" "19" "2" "20" "21" "22" "23" "24" "25" "26" "27" "28" "29" "3" "30" "31" "32" "33" "34" "35" "36" "37" "38" "39" "4" "40" "41" "42" "43" "44" "45" "46" "47" "48" "49" "5" "50" "51" "52" "53" "54" "55" "56" "57" "58" "59" "6" "60" "61" "62" "63" "64" "65" "66" "67" "68" "69" "7" "70" "71" "72" "73" "74" "75" "76" "77" "78" "79" "8" "80" "81" "82" "83" "84" "85" "86" "87" "88" "9"]
2025-06-02 15:21:32,489{GMT}	INFO	[jepsen worker 0] jepsen.util: 0	:invoke	:broadcast	89
2025-06-02 15:21:32,490{GMT}	INFO	[jepsen worker 0] jepsen.util: 0	:ok	:broadcast	89
2025-06-02 15:21:32,680{GMT}	INFO	[jepsen worker 0] jepsen.util: 0	:invoke	:read	nil
2025-06-02 15:21:32,682{GMT}	INFO	[jepsen worker 0] jepsen.util: 0	:ok	:read	["0" "1" "10" "11" "12" "13" "14" "15" "16" "17" "18" "19" "2" "20" "21" "22" "23" "24" "25" "26" "27" "28" "29" "3" "30" "31" "32" "33" "34" "35" "36" "37" "38" "39" "4" "40" "41" "42" "43" "44" "45" "46" "47" "48" "49" "5" "50" "51" "52" "53" "54" "55" "56" "57" "58" "59" "6" "60" "61" "62" "63" "64" "65" "66" "67" "68" "69" "7" "70" "71" "72" "73" "74" "75" "76" "77" "78" "79" "8" "80" "81" "82" "83" "84" "85" "86" "87" "88" "89" "9"]
2025-06-02 15:21:32,839{GMT}	INFO	[jepsen worker 1] jepsen.util: 1	:invoke	:broadcast	90
2025-06-02 15:21:32,842{GMT}	INFO	[jepsen worker 1] jepsen.util: 1	:ok	:broadcast	90
2025-06-02 15:21:32,926{GMT}	INFO	[jepsen worker 2] jepsen.util: 2	:invoke	:broadcast	91
2025-06-02 15:21:32,929{GMT}	INFO	[jepsen worker 2] jepsen.util: 2	:ok	:broadcast	91
2025-06-02 15:21:33,110{GMT}	INFO	[jepsen worker 3] jepsen.util: 3	:invoke	:broadcast	92
2025-06-02 15:21:33,113{GMT}	INFO	[jepsen worker 3] jepsen.util: 3	:ok	:broadcast	92
2025-06-02 15:21:33,229{GMT}	INFO	[jepsen worker 4] jepsen.util: 4	:invoke	:read	nil
2025-06-02 15:21:33,231{GMT}	INFO	[jepsen worker 4] jepsen.util: 4	:ok	:read	["0" "1" "10" "11" "12" "13" "14" "15" "16" "17" "18" "19" "2" "20" "21" "22" "23" "24" "25" "26" "27" "28" "29" "3" "30" "31" "32" "33" "34" "35" "36" "37" "38" "39" "4" "40" "41" "42" "43" "44" "45" "46" "47" "48" "49" "5" "50" "51" "52" "53" "54" "55" "56" "57" "58" "59" "6" "60" "61" "62" "63" "64" "65" "66" "67" "68" "69" "7" "70" "71" "72" "73" "74" "75" "76" "77" "78" "79" "8" "80" "81" "82" "83" "84" "85" "86" "87" "88" "89" "9" "90" "91" "92"]
2025-06-02 15:21:33,277{GMT}	INFO	[jepsen worker 0] jepsen.util: 0	:invoke	:broadcast	93
2025-06-02 15:21:33,280{GMT}	INFO	[jepsen worker 0] jepsen.util: 0	:ok	:broadcast	93
2025-06-02 15:21:33,364{GMT}	INFO	[jepsen worker 0] jepsen.util: 0	:invoke	:broadcast	94
2025-06-02 15:21:33,366{GMT}	INFO	[jepsen worker 0] jepsen.util: 0	:ok	:broadcast	94
2025-06-02 15:21:33,530{GMT}	INFO	[jepsen worker 1] jepsen.util: 1	:invoke	:read	nil
2025-06-02 15:21:33,534{GMT}	INFO	[jepsen worker 1] jepsen.util: 1	:ok	:read	["0" "1" "10" "11" "12" "13" "14" "15" "16" "17" "18" "19" "2" "20" "21" "22" "23" "24" "25" "26" "27" "28" "29" "3" "30" "31" "32" "33" "34" "35" "36" "37" "38" "39" "4" "40" "41" "42" "43" "44" "45" "46" "47" "48" "49" "5" "50" "51" "52" "53" "54" "55" "56" "57" "58" "59" "6" "60" "61" "62" "63" "64" "65" "66" "67" "68" "69" "7" "70" "71" "72" "73" "74" "75" "76" "77" "78" "79" "8" "80" "81" "82" "83" "84" "85" "86" "87" "88" "89" "9" "90" "91" "92" "93" "94"]
2025-06-02 15:21:33,716{GMT}	INFO	[jepsen worker 2] jepsen.util: 2	:invoke	:read	nil
2025-06-02 15:21:33,718{GMT}	INFO	[jepsen worker 2] jepsen.util: 2	:ok	:read	["0" "1" "10" "11" "12" "13" "14" "15" "16" "17" "18" "19" "2" "20" "21" "22" "23" "24" "25" "26" "27" "28" "29" "3" "30" "31" "32" "33" "34" "35" "36" "37" "38" "39" "4" "40" "41" "42" "43" "44" "45" "46" "47" "48" "49" "5" "50" "51" "52" "53" "54" "55" "56" "57" "58" "59" "6" "60" "61" "62" "63" "64" "65" "66" "67" "68" "69" "7" "70" "71" "72" "73" "74" "75" "76" "77" "78" "79" "8" "80" "81" "82" "83" "84" "85" "86" "87" "88" "89" "9" "90" "91" "92" "93" "94"]
2025-06-02 15:21:33,888{GMT}	INFO	[jepsen worker 3] jepsen.util: 3	:invoke	:broadcast	95
2025-06-02 15:21:33,890{GMT}	INFO	[jepsen worker 3] jepsen.util: 3	:ok	:broadcast	95
2025-06-02 15:21:33,968{GMT}	INFO	[jepsen worker 4] jepsen.util: 4	:invoke	:broadcast	96
2025-06-02 15:21:33,970{GMT}	INFO	[jepsen worker 4] jepsen.util: 4	:ok	:broadcast	96
2025-06-02 15:21:34,012{GMT}	INFO	[jepsen worker 0] jepsen.util: 0	:invoke	:broadcast	97
2025-06-02 15:21:34,014{GMT}	INFO	[jepsen worker 0] jepsen.util: 0	:ok	:broadcast	97
2025-06-02 15:21:34,187{GMT}	INFO	[jepsen worker 0] jepsen.util: 0	:invoke	:read	nil
2025-06-02 15:21:34,189{GMT}	INFO	[jepsen worker 0] jepsen.util: 0	:ok	:read	["0" "1" "10" "11" "12" "13" "14" "15" "16" "17" "18" "19" "2" "20" "21" "22" "23" "24" "25" "26" "27" "28" "29" "3" "30" "31" "32" "33" "34" "35" "36" "37" "38" "39" "4" "40" "41" "42" "43" "44" "45" "46" "47" "48" "49" "5" "50" "51" "52" "53" "54" "55" "56" "57" "58" "59" "6" "60" "61" "62" "63" "64" "65" "66" "67" "68" "69" "7" "70" "71" "72" "73" "74" "75" "76" "77" "78" "79" "8" "80" "81" "82" "83" "84" "85" "86" "87" "88" "89" "9" "90" "91" "92" "93" "94" "95" "96" "97"]
2025-06-02 15:21:34,357{GMT}	INFO	[jepsen worker 1] jepsen.util: 1	:invoke	:read	nil
2025-06-02 15:21:34,360{GMT}	INFO	[jepsen worker 1] jepsen.util: 1	:ok	:read	["0" "1" "10" "11" "12" "13" "14" "15" "16" "17" "18" "19" "2" "20" "21" "22" "23" "24" "25" "26" "27" "28" "29" "3" "30" "31" "32" "33" "34" "35" "36" "37" "38" "39" "4" "40" "41" "42" "43" "44" "45" "46" "47" "48" "49" "5" "50" "51" "52" "53" "54" "55" "56" "57" "58" "59" "6" "60" "61" "62" "63" "64" "65" "66" "67" "68" "69" "7" "70" "71" "72" "73" "74" "75" "76" "77" "78" "79" "8" "80" "81" "82" "83" "84" "85" "86" "87" "88" "89" "9" "90" "91" "92" "93" "94" "95" "96" "97"]
2025-06-02 15:21:34,548{GMT}	INFO	[jepsen worker 2] jepsen.util: 2	:invoke	:read	nil
2025-06-02 15:21:34,550{GMT}	INFO	[jepsen worker 2] jepsen.util: 2	:ok	:read	["0" "1" "10" "11" "12" "13" "14" "15" "16" "17" "18" "19" "2" "20" "21" "22" "23" "24" "25" "26" "27" "28" "29" "3" "30" "31" "32" "33" "34" "35" "36" "37" "38" "39" "4" "40" "41" "42" "43" "44" "45" "46" "47" "48" "49" "5" "50" "51" "52" "53" "54" "55" "56" "57" "58" "59" "6" "60" "61" "62" "63" "64" "65" "66" "67" "68" "69" "7" "70" "71" "72" "73" "74" "75" "76" "77" "78" "79" "8" "80" "81" "82" "83" "84" "85" "86" "87" "88" "89" "9" "90" "91" "92" "93" "94" "95" "96" "97"]
2025-06-02 15:21:34,714{GMT}	INFO	[jepsen worker 3] jepsen.util: 3	:invoke	:broadcast	98
2025-06-02 15:21:34,716{GMT}	INFO	[jepsen worker 3] jepsen.util: 3	:ok	:broadcast	98
2025-06-02 15:21:34,867{GMT}	INFO	[jepsen worker 4] jepsen.util: 4	:invoke	:read	nil
2025-06-02 15:21:34,869{GMT}	INFO	[jepsen worker 4] jepsen.util: 4	:ok	:read	["0" "1" "10" "11" "12" "13" "14" "15" "16" "17" "18" "19" "2" "20" "21" "22" "23" "24" "25" "26" "27" "28" "29" "3" "30" "31" "32" "33" "34" "35" "36" "37" "38" "39" "4" "40" "41" "42" "43" "44" "45" "46" "47" "48" "49" "5" "50" "51" "52" "53" "54" "55" "56" "57" "58" "59" "6" "60" "61" "62" "63" "64" "65" "66" "67" "68" "69" "7" "70" "71" "72" "73" "74" "75" "76" "77" "78" "79" "8" "80" "81" "82" "83" "84" "85" "86" "87" "88" "89" "9" "90" "91" "92" "93" "94" "95" "96" "97" "98"]
2025-06-02 15:21:35,039{GMT}	INFO	[jepsen worker 0] jepsen.util: 0	:invoke	:read	nil
2025-06-02 15:21:35,042{GMT}	INFO	[jepsen worker 0] jepsen.util: 0	:ok	:read	["0" "1" "10" "11" "12" "13" "14" "15" "16" "17" "18" "19" "2" "20" "21" "22" "23" "24" "25" "26" "27" "28" "29" "3" "30" "31" "32" "33" "34" "35" "36" "37" "38" "39" "4" "40" "41" "42" "43" "44" "45" "46" "47" "48" "49" "5" "50" "51" "52" "53" "54" "55" "56" "57" "58" "59" "6" "60" "61" "62" "63" "64" "65" "66" "67" "68" "69" "7" "70" "71" "72" "73" "74" "75" "76" "77" "78" "79" "8" "80" "81" "82" "83" "84" "85" "86" "87" "88" "89" "9" "90" "91" "92" "93" "94" "95" "96" "97" "98"]
2025-06-02 15:21:35,215{GMT}	INFO	[jepsen worker 0] jepsen.util: 0	:invoke	:broadcast	99
2025-06-02 15:21:35,217{GMT}	INFO	[jepsen worker 0] jepsen.util: 0	:ok	:broadcast	99
2025-06-02 15:21:35,255{GMT}	INFO	[jepsen worker 1] jepsen.util: 1	:invoke	:broadcast	100
2025-06-02 15:21:35,257{GMT}	INFO	[jepsen worker 1] jepsen.util: 1	:ok	:broadcast	100
2025-06-02 15:21:35,453{GMT}	INFO	[jepsen worker 2] jepsen.util: 2	:invoke	:broadcast	101
2025-06-02 15:21:35,457{GMT}	INFO	[jepsen worker 2] jepsen.util: 2	:ok	:broadcast	101
2025-06-02 15:21:35,547{GMT}	INFO	[jepsen worker 3] jepsen.util: 3	:invoke	:read	nil
2025-06-02 15:21:35,552{GMT}	INFO	[jepsen worker 3] jepsen.util: 3	:ok	:read	["0" "1" "10" "100" "101" "11" "12" "13" "14" "15" "16" "17" "18" "19" "2" "20" "21" "22" "23" "24" "25" "26" "27" "28" "29" "3" "30" "31" "32" "33" "34" "35" "36" "37" "38" "39" "4" "40" "41" "42" "43" "44" "45" "46" "47" "48" "49" "5" "50" "51" "52" "53" "54" "55" "56" "57" "58" "59" "6" "60" "61" "62" "63" "64" "65" "66" "67" "68" "69" "7" "70" "71" "72" "73" "74" "75" "76" "77" "78" "79" "8" "80" "81" "82" "83" "84" "85" "86" "87" "88" "89" "9" "90" "91" "92" "93" "94" "95" "96" "97" "98" "99"]
2025-06-02 15:21:35,654{GMT}	INFO	[jepsen worker 4] jepsen.util: 4	:invoke	:read	nil
2025-06-02 15:21:35,657{GMT}	INFO	[jepsen worker 4] jepsen.util: 4	:ok	:read	["0" "1" "10" "100" "101" "11" "12" "13" "14" "15" "16" "17" "18" "19" "2" "20" "21" "22" "23" "24" "25" "26" "27" "28" "29" "3" "30" "31" "32" "33" "34" "35" "36" "37" "38" "39" "4" "40" "41" "42" "43" "44" "45" "46" "47" "48" "49" "5" "50" "51" "52" "53" "54" "55" "56" "57" "58" "59" "6" "60" "61" "62" "63" "64" "65" "66" "67" "68" "69" "7" "70" "71" "72" "73" "74" "75" "76" "77" "78" "79" "8" "80" "81" "82" "83" "84" "85" "86" "87" "88" "89" "9" "90" "91" "92" "93" "94" "95" "96" "97" "98" "99"]
2025-06-02 15:21:35,844{GMT}	INFO	[jepsen worker 0] jepsen.util: 0	:invoke	:read	nil
2025-06-02 15:21:35,846{GMT}	INFO	[jepsen worker 0] jepsen.util: 0	:ok	:read	["0" "1" "10" "100" "101" "11" "12" "13" "14" "15" "16" "17" "18" "19" "2" "20" "21" "22" "23" "24" "25" "26" "27" "28" "29" "3" "30" "31" "32" "33" "34" "35" "36" "37" "38" "39" "4" "40" "41" "42" "43" "44" "45" "46" "47" "48" "49" "5" "50" "51" "52" "53" "54" "55" "56" "57" "58" "59" "6" "60" "61" "62" "63" "64" "65" "66" "67" "68" "69" "7" "70" "71" "72" "73" "74" "75" "76" "77" "78" "79" "8" "80" "81" "82" "83" "84" "85" "86" "87" "88" "89" "9" "90" "91" "92" "93" "94" "95" "96" "97" "98" "99"]
2025-06-02 15:21:35,932{GMT}	INFO	[jepsen worker 0] jepsen.util: 0	:invoke	:read	nil
2025-06-02 15:21:35,934{GMT}	INFO	[jepsen worker 0] jepsen.util: 0	:ok	:read	["0" "1" "10" "100" "101" "11" "12" "13" "14" "15" "16" "17" "18" "19" "2" "20" "21" "22" "23" "24" "25" "26" "27" "28" "29" "3" "30" "31" "32" "33" "34" "35" "36" "37" "38" "39" "4" "40" "41" "42" "43" "44" "45" "46" "47" "48" "49" "5" "50" "51" "52" "53" "54" "55" "56" "57" "58" "59" "6" "60" "61" "62" "63" "64" "65" "66" "67" "68" "69" "7" "70" "71" "72" "73" "74" "75" "76" "77" "78" "79" "8" "80" "81" "82" "83" "84" "85" "86" "87" "88" "89" "9" "90" "91" "92" "93" "94" "95" "96" "97" "98" "99"]
2025-06-02 15:21:35,934{GMT}	INFO	[jepsen worker 1] jepsen.generator.interpreter: Waiting for recovery...
2025-06-02 15:21:45,942{GMT}	INFO	[jepsen worker 2] jepsen.util: 2	:invoke	:read	nil
2025-06-02 15:21:45,943{GMT}	INFO	[jepsen worker 0] jepsen.util: 0	:invoke	:read	nil
2025-06-02 15:21:45,943{GMT}	INFO	[jepsen worker 1] jepsen.util: 1	:invoke	:read	nil
2025-06-02 15:21:45,943{GMT}	INFO	[jepsen worker 3] jepsen.util: 3	:invoke	:read	nil
2025-06-02 15:21:45,943{GMT}	INFO	[jepsen worker 4] jepsen.util: 4	:invoke	:read	nil
2025-06-02 15:21:45,945{GMT}	INFO	[jepsen worker 0] jepsen.util: 0	:ok	:read	["0" "1" "10" "100" "101" "11" "12" "13" "14" "15" "16" "17" "18" "19" "2" "20" "21" "22" "23" "24" "25" "26" "27" "28" "29" "3" "30" "31" "32" "33" "34" "35" "36" "37" "38" "39" "4" "40" "41" "42" "43" "44" "45" "46" "47" "48" "49" "5" "50" "51" "52" "53" "54" "55" "56" "57" "58" "59" "6" "60" "61" "62" "63" "64" "65" "66" "67" "68" "69" "7" "70" "71" "72" "73" "74" "75" "76" "77" "78" "79" "8" "80" "81" "82" "83" "84" "85" "86" "87" "88" "89" "9" "90" "91" "92" "93" "94" "95" "96" "97" "98" "99"]
2025-06-02 15:21:45,945{GMT}	INFO	[jepsen worker 4] jepsen.util: 4	:ok	:read	["0" "1" "10" "100" "101" "11" "12" "13" "14" "15" "16" "17" "18" "19" "2" "20" "21" "22" "23" "24" "25" "26" "27" "28" "29" "3" "30" "31" "32" "33" "34" "35" "36" "37" "38" "39" "4" "40" "41" "42" "43" "44" "45" "46" "47" "48" "49" "5" "50" "51" "52" "53" "54" "55" "56" "57" "58" "59" "6" "60" "61" "62" "63" "64" "65" "66" "67" "68" "69" "7" "70" "71" "72" "73" "74" "75" "76" "77" "78" "79" "8" "80" "81" "82" "83" "84" "85" "86" "87" "88" "89" "9" "90" "91" "92" "93" "94" "95" "96" "97" "98" "99"]
2025-06-02 15:21:45,945{GMT}	INFO	[jepsen worker 2] jepsen.util: 2	:ok	:read	["0" "1" "10" "100" "101" "11" "12" "13" "14" "15" "16" "17" "18" "19" "2" "20" "21" "22" "23" "24" "25" "26" "27" "28" "29" "3" "30" "31" "32" "33" "34" "35" "36" "37" "38" "39" "4" "40" "41" "42" "43" "44" "45" "46" "47" "48" "49" "5" "50" "51" "52" "53" "54" "55" "56" "57" "58" "59" "6" "60" "61" "62" "63" "64" "65" "66" "67" "68" "69" "7" "70" "71" "72" "73" "74" "75" "76" "77" "78" "79" "8" "80" "81" "82" "83" "84" "85" "86" "87" "88" "89" "9" "90" "91" "92" "93" "94" "95" "96" "97" "98" "99"]
2025-06-02 15:21:45,945{GMT}	INFO	[jepsen worker 1] jepsen.util: 1	:ok	:read	["0" "1" "10" "100" "101" "11" "12" "13" "14" "15" "16" "17" "18" "19" "2" "20" "21" "22" "23" "24" "25" "26" "27" "28" "29" "3" "30" "31" "32" "33" "34" "35" "36" "37" "38" "39" "4" "40" "41" "42" "43" "44" "45" "46" "47" "48" "49" "5" "50" "51" "52" "53" "54" "55" "56" "57" "58" "59" "6" "60" "61" "62" "63" "64" "65" "66" "67" "68" "69" "7" "70" "71" "72" "73" "74" "75" "76" "77" "78" "79" "8" "80" "81" "82" "83" "84" "85" "86" "87" "88" "89" "9" "90" "91" "92" "93" "94" "95" "96" "97" "98" "99"]
2025-06-02 15:21:45,945{GMT}	INFO	[jepsen worker 3] jepsen.util: 3	:ok	:read	["0" "1" "10" "100" "101" "11" "12" "13" "14" "15" "16" "17" "18" "19" "2" "20" "21" "22" "23" "24" "25" "26" "27" "28" "29" "3" "30" "31" "32" "33" "34" "35" "36" "37" "38" "39" "4" "40" "41" "42" "43" "44" "45" "46" "47" "48" "49" "5" "50" "51" "52" "53" "54" "55" "56" "57" "58" "59" "6" "60" "61" "62" "63" "64" "65" "66" "67" "68" "69" "7" "70" "71" "72" "73" "74" "75" "76" "77" "78" "79" "8" "80" "81" "82" "83" "84" "85" "86" "87" "88" "89" "9" "90" "91" "92" "93" "94" "95" "96" "97" "98" "99"]
2025-06-02 15:21:45,958{GMT}	INFO	[jepsen test runner] jepsen.core: Run complete, writing
2025-06-02 15:21:46,026{GMT}	INFO	[jepsen node n2] maelstrom.db: Tearing down n2
2025-06-02 15:21:46,026{GMT}	INFO	[jepsen node n3] maelstrom.db: Tearing down n3
2025-06-02 15:21:46,026{GMT}	INFO	[jepsen node n5] maelstrom.db: Tearing down n5
2025-06-02 15:21:46,026{GMT}	INFO	[jepsen node n4] maelstrom.db: Tearing down n4
2025-06-02 15:21:46,026{GMT}	INFO	[jepsen node n1] maelstrom.db: Tearing down n1
2025-06-02 15:21:47,560{GMT}	INFO	[jepsen node n1] maelstrom.net: Shutting down Maelstrom network
2025-06-02 15:21:47,566{GMT}	INFO	[jepsen test runner] jepsen.core: Analyzing...
2025-06-02 15:21:47,779{GMT}	INFO	[jepsen test runner] jepsen.core: Analysis complete
2025-06-02 15:21:47,790{GMT}	INFO	[jepsen results] jepsen.store: Wrote /Users/adr/code/maelstrom/store/broadcast/20250602T152105.149-0400/results.edn
2025-06-02 15:21:47,808{GMT}	INFO	[jepsen test runner] jepsen.core: {:perf {:latency-graph {:valid? true},
        :rate-graph {:valid? true},
        :valid? true},
 :timeline {:valid? true},
 :exceptions {:valid? true},
 :stats {:valid? true,
         :count 192,
         :ok-count 192,
         :fail-count 0,
         :info-count 0,
         :by-f {:broadcast {:valid? true,
                            :count 102,
                            :ok-count 102,
                            :fail-count 0,
                            :info-count 0},
                :read {:valid? true,
                       :count 90,
                       :ok-count 90,
                       :fail-count 0,
                       :info-count 0}}},
 :availability {:valid? true, :ok-fraction 1.0},
 :net {:all {:send-count 1016,
             :recv-count 1016,
             :msg-count 1016,
             :msgs-per-op 5.2916665},
       :clients {:send-count 404, :recv-count 404, :msg-count 404},
       :servers {:send-count 612,
                 :recv-count 612,
                 :msg-count 612,
                 :msgs-per-op 3.1875},
       :valid? true},
 :workload {:worst-stale (),
            :duplicated-count 0,
            :valid? false,
            :lost-count 102,
            :lost (0
                   1
                   2
                   3
                   4
                   5
                   6
                   7
                   8
                   9
                   10
                   11
                   12
                   13
                   14
                   15
                   16
                   17
                   18
                   19
                   20
                   21
                   22
                   23
                   24
                   25
                   26
                   27
                   28
                   29
                   30
                   31
                   32
                   33
                   34
                   35
                   36
                   37
                   38
                   39
                   40
                   41
                   42
                   43
                   44
                   45
                   46
                   47
                   48
                   49
                   50
                   51
                   52
                   53
                   54
                   55
                   56
                   57
                   58
                   59
                   60
                   61
                   62
                   63
                   64
                   65
                   66
                   67
                   68
                   69
                   70
                   71
                   72
                   73
                   74
                   75
                   76
                   77
                   78
                   79
                   80
                   81
                   82
                   83
                   84
                   85
                   86
                   87
                   88
                   89
                   90
                   91
                   92
                   93
                   94
                   95
                   96
                   97
                   98
                   99
                   100
                   101),
            :stable-count 0,
            :stale-count 0,
            :stale (),
            :never-read-count 0,
            :attempt-count 102,
            :lost-latencies {0 0, 0.5 0, 0.95 0, 0.99 0, 1 0},
            :never-read (),
            :duplicated {}},
 :valid? false}


Analysis invalid! ( 
