2025-06-02 13:08:02,358{GMT}	INFO	[jepsen test runner] jepsen.core: Test version 979cec7719eb53217b758a589bde94e8412a4326 (plus uncommitted changes)
2025-06-02 13:08:02,359{GMT}	INFO	[jepsen test runner] jepsen.core: Command line:
lein run test -w broadcast --bin self/server/_build/default/bin/main.exe --time-limit 5 --rate 10
2025-06-02 13:08:02,402{GMT}	INFO	[jepsen test runner] jepsen.core: Running test:
{:args []
 :remote
 #jepsen.control.retry.Remote{:remote #jepsen.control.scp.Remote{:cmd-remote #jepsen.control.sshj.SSHJRemote{:concurrency-limit 6,
                                                                                                             :conn-spec nil,
                                                                                                             :client nil,
                                                                                                             :semaphore nil},
                                                                 :conn-spec nil},
                              :conn nil}
 :log-net-send false
 :node-count nil
 :availability nil
 :max-txn-length 4
 :concurrency 5
 :db
 #object[maelstrom.db$db$reify__16612
         "0x54fd5f6"
         "maelstrom.db$db$reify__16612@54fd5f6"]
 :max-writes-per-key 16
 :leave-db-running? false
 :name "broadcast"
 :logging-json? false
 :start-time
 #object[org.joda.time.DateTime "0x1f9b8c23" "2025-06-02T13:08:02.326-04:00"]
 :nemesis-interval 10
 :net
 #object[maelstrom.net$jepsen_net$reify__15721
         "0x6b297a62"
         "maelstrom.net$jepsen_net$reify__15721@6b297a62"]
 :client
 #object[maelstrom.workload.broadcast$client$reify__17142
         "0x11303cb"
         "maelstrom.workload.broadcast$client$reify__17142@11303cb"]
 :barrier
 #object[java.util.concurrent.CyclicBarrier
         "0x655e3f4c"
         "java.util.concurrent.CyclicBarrier@655e3f4c"]
 :log-stderr false
 :pure-generators true
 :ssh {:dummy? true}
 :rate 10.0
 :checker
 #object[jepsen.checker$compose$reify__11089
         "0x26e74d50"
         "jepsen.checker$compose$reify__11089@26e74d50"]
 :argv
 ("test"
  "-w"
  "broadcast"
  "--bin"
  "self/server/_build/default/bin/main.exe"
  "--time-limit"
  "5"
  "--rate"
  "10")
 :nemesis
 (jepsen.nemesis.ReflCompose
  {:fm {:start-partition 0,
        :stop-partition 0,
        :kill 1,
        :start 1,
        :pause 1,
        :resume 1},
   :nemeses [#unprintable "jepsen.nemesis.combined$partition_nemesis$reify__16905@6bdc984"
             #unprintable "jepsen.nemesis.combined$db_nemesis$reify__16886@1f299fc3"]})
 :nodes ["n1" "n2" "n3" "n4" "n5"]
 :test-count 1
 :latency {:mean 0, :dist :constant}
 :bin "self/server/_build/default/bin/main.exe"
 :generator
 #object[jepsen.util.Forgettable
         "0x4b954cbb"
         ((jepsen.generator.Synchronize
           {:gen (jepsen.generator.TimeLimit
                  {:limit 5000000000,
                   :cutoff nil,
                   :gen (jepsen.generator.Any
                         {:gens [(jepsen.generator.OnThreads
                                  {:f #{:nemesis},
                                   :context-filter #object[jepsen.generator.context$make_thread_filter$lazy_filter__12077
                                                           "0x504521ae"
                                                           "jepsen.generator.context$make_thread_filter$lazy_filter__12077@504521ae"],
                                   :gen nil})
                                 (jepsen.generator.OnThreads
                                  {:f #jepsen.generator.context.AllBut{:element :nemesis},
                                   :context-filter #object[jepsen.generator.context$make_thread_filter$lazy_filter__12077
                                                           "0x4a9e6ea7"
                                                           "jepsen.generator.context$make_thread_filter$lazy_filter__12077@4a9e6ea7"],
                                   :gen (jepsen.generator.Stagger
                                         {:dt 200000000,
                                          :next-time nil,
                                          :gen (jepsen.generator.Mix
                                                {:i 1,
                                                 :gens [({:f :broadcast,
                                                          :value 0}
                                                         {:f :broadcast,
                                                          :value 1}
                                                         {:f :broadcast,
                                                          :value 2}
                                                         {:f :broadcast,
                                                          :value 3}
                                                         {:f :broadcast,
                                                          :value 4}
                                                         {:f :broadcast,
                                                          :value 5}
                                                         {:f :broadcast,
                                                          :value 6}
                                                         {:f :broadcast,
                                                          :value 7}
                                                         ...)
                                                        ({:f :read}
                                                         {:f :read}
                                                         {:f :read}
                                                         {:f :read}
                                                         {:f :read}
                                                         {:f :read}
                                                         {:f :read}
                                                         {:f :read}
                                                         ...)]})})})]})})})
          (jepsen.generator.Synchronize
           {:gen (jepsen.generator.OnThreads
                  {:f #{:nemesis},
                   :context-filter #object[jepsen.generator.context$make_thread_filter$lazy_filter__12077
                                           "0x5aaecd25"
                                           "jepsen.generator.context$make_thread_filter$lazy_filter__12077@5aaecd25"],
                   :gen ()})})
          (jepsen.generator.Synchronize
           {:gen {:type :log, :value "Waiting for recovery..."}})
          (jepsen.generator.Synchronize {:gen {:type :sleep, :value 10}})
          (jepsen.generator.Synchronize
           {:gen (jepsen.generator.OnThreads
                  {:f #jepsen.generator.context.AllBut{:element :nemesis},
                   :context-filter #object[jepsen.generator.context$make_thread_filter$lazy_filter__12077
                                           "0x239fdf8f"
                                           "jepsen.generator.context$make_thread_filter$lazy_filter__12077@239fdf8f"],
                   :gen (jepsen.generator.EachThread
                         {:fresh-gen {:f :read, :final? true},
                          :context-filters #object[clojure.core$promise$reify__8621
                                                   "0x1acd660d"
                                                   {:status :pending, :val nil}],
                          :gens {}})})}))]
 :log-net-recv false
 :os
 #object[maelstrom.net$jepsen_os$reify__15724
         "0x22f3b213"
         "maelstrom.net$jepsen_os$reify__15724@22f3b213"]
 :time-limit 5
 :workload :broadcast
 :consistency-models [:strict-serializable]
 :topology :grid}

2025-06-02 13:08:03,227{GMT}	INFO	[jepsen node n1] maelstrom.net: Starting Maelstrom network
2025-06-02 13:08:03,227{GMT}	INFO	[jepsen test runner] jepsen.db: Tearing down DB
2025-06-02 13:08:03,228{GMT}	INFO	[jepsen test runner] jepsen.db: Setting up DB
2025-06-02 13:08:03,229{GMT}	INFO	[jepsen node n2] maelstrom.db: Setting up n2
2025-06-02 13:08:03,229{GMT}	INFO	[jepsen node n5] maelstrom.db: Setting up n5
2025-06-02 13:08:03,229{GMT}	INFO	[jepsen node n3] maelstrom.db: Setting up n3
2025-06-02 13:08:03,229{GMT}	INFO	[jepsen node n4] maelstrom.db: Setting up n4
2025-06-02 13:08:03,229{GMT}	INFO	[jepsen node n3] maelstrom.process: launching self/server/_build/default/bin/main.exe []
2025-06-02 13:08:03,229{GMT}	INFO	[jepsen node n4] maelstrom.process: launching self/server/_build/default/bin/main.exe []
2025-06-02 13:08:03,229{GMT}	INFO	[jepsen node n5] maelstrom.process: launching self/server/_build/default/bin/main.exe []
2025-06-02 13:08:03,229{GMT}	INFO	[jepsen node n2] maelstrom.process: launching self/server/_build/default/bin/main.exe []
2025-06-02 13:08:03,230{GMT}	INFO	[jepsen node n1] maelstrom.service: Starting services: (lin-kv lin-tso lww-kv seq-kv)
2025-06-02 13:08:03,230{GMT}	INFO	[jepsen node n1] maelstrom.db: Setting up n1
2025-06-02 13:08:03,230{GMT}	INFO	[jepsen node n1] maelstrom.process: launching self/server/_build/default/bin/main.exe []
2025-06-02 13:08:12,420{GMT}	INFO	[jepsen test runner] jepsen.core: Relative time begins now
2025-06-02 13:08:12,468{GMT}	INFO	[jepsen worker 0] jepsen.util: 0	:invoke	:read	nil
2025-06-02 13:08:12,470{GMT}	INFO	[jepsen worker 0] jepsen.util: 0	:ok	:read	[]
2025-06-02 13:08:12,497{GMT}	INFO	[jepsen worker 1] jepsen.util: 1	:invoke	:read	nil
2025-06-02 13:08:12,498{GMT}	INFO	[jepsen worker 1] jepsen.util: 1	:ok	:read	[]
2025-06-02 13:08:12,539{GMT}	INFO	[jepsen worker 2] jepsen.util: 2	:invoke	:broadcast	0
2025-06-02 13:08:12,541{GMT}	INFO	[jepsen worker 2] jepsen.util: 2	:ok	:broadcast	0
2025-06-02 13:08:12,718{GMT}	INFO	[jepsen worker 3] jepsen.util: 3	:invoke	:read	nil
2025-06-02 13:08:12,732{GMT}	INFO	[jepsen worker 3] jepsen.util: 3	:ok	:read	["0"]
2025-06-02 13:08:12,769{GMT}	INFO	[jepsen worker 4] jepsen.util: 4	:invoke	:broadcast	1
2025-06-02 13:08:12,777{GMT}	INFO	[jepsen worker 4] jepsen.util: 4	:ok	:broadcast	1
2025-06-02 13:08:12,931{GMT}	INFO	[jepsen worker 0] jepsen.util: 0	:invoke	:read	nil
2025-06-02 13:08:12,932{GMT}	INFO	[jepsen worker 0] jepsen.util: 0	:ok	:read	["0" "1"]
2025-06-02 13:08:13,121{GMT}	INFO	[jepsen worker 0] jepsen.util: 0	:invoke	:read	nil
2025-06-02 13:08:13,125{GMT}	INFO	[jepsen worker 0] jepsen.util: 0	:ok	:read	["0" "1"]
2025-06-02 13:08:13,283{GMT}	INFO	[jepsen worker 1] jepsen.util: 1	:invoke	:read	nil
2025-06-02 13:08:13,287{GMT}	INFO	[jepsen worker 1] jepsen.util: 1	:ok	:read	["0" "1"]
2025-06-02 13:08:13,409{GMT}	INFO	[jepsen worker 2] jepsen.util: 2	:invoke	:broadcast	2
2025-06-02 13:08:13,411{GMT}	INFO	[jepsen worker 2] jepsen.util: 2	:ok	:broadcast	2
2025-06-02 13:08:13,496{GMT}	INFO	[jepsen worker 3] jepsen.util: 3	:invoke	:broadcast	3
2025-06-02 13:08:13,498{GMT}	INFO	[jepsen worker 3] jepsen.util: 3	:ok	:broadcast	3
2025-06-02 13:08:13,645{GMT}	INFO	[jepsen worker 4] jepsen.util: 4	:invoke	:read	nil
2025-06-02 13:08:13,647{GMT}	INFO	[jepsen worker 4] jepsen.util: 4	:ok	:read	["0" "1" "2" "3"]
2025-06-02 13:08:13,829{GMT}	INFO	[jepsen worker 0] jepsen.util: 0	:invoke	:read	nil
2025-06-02 13:08:13,830{GMT}	INFO	[jepsen worker 0] jepsen.util: 0	:ok	:read	["0" "1" "2" "3"]
2025-06-02 13:08:13,985{GMT}	INFO	[jepsen worker 0] jepsen.util: 0	:invoke	:broadcast	4
2025-06-02 13:08:13,988{GMT}	INFO	[jepsen worker 0] jepsen.util: 0	:ok	:broadcast	4
2025-06-02 13:08:14,079{GMT}	INFO	[jepsen worker 1] jepsen.util: 1	:invoke	:read	nil
2025-06-02 13:08:14,080{GMT}	INFO	[jepsen worker 1] jepsen.util: 1	:ok	:read	["0" "1" "2" "3" "4"]
2025-06-02 13:08:14,282{GMT}	INFO	[jepsen worker 2] jepsen.util: 2	:invoke	:broadcast	5
2025-06-02 13:08:14,285{GMT}	INFO	[jepsen worker 2] jepsen.util: 2	:ok	:broadcast	5
2025-06-02 13:08:14,316{GMT}	INFO	[jepsen worker 3] jepsen.util: 3	:invoke	:broadcast	6
2025-06-02 13:08:14,321{GMT}	INFO	[jepsen worker 3] jepsen.util: 3	:ok	:broadcast	6
2025-06-02 13:08:14,432{GMT}	INFO	[jepsen worker 4] jepsen.util: 4	:invoke	:broadcast	7
2025-06-02 13:08:14,433{GMT}	INFO	[jepsen worker 4] jepsen.util: 4	:ok	:broadcast	7
2025-06-02 13:08:14,621{GMT}	INFO	[jepsen worker 0] jepsen.util: 0	:invoke	:broadcast	8
2025-06-02 13:08:14,624{GMT}	INFO	[jepsen worker 0] jepsen.util: 0	:ok	:broadcast	8
2025-06-02 13:08:14,776{GMT}	INFO	[jepsen worker 0] jepsen.util: 0	:invoke	:broadcast	9
2025-06-02 13:08:14,779{GMT}	INFO	[jepsen worker 0] jepsen.util: 0	:ok	:broadcast	9
2025-06-02 13:08:14,904{GMT}	INFO	[jepsen worker 1] jepsen.util: 1	:invoke	:broadcast	10
2025-06-02 13:08:14,909{GMT}	INFO	[jepsen worker 1] jepsen.util: 1	:ok	:broadcast	10
2025-06-02 13:08:15,031{GMT}	INFO	[jepsen worker 2] jepsen.util: 2	:invoke	:read	nil
2025-06-02 13:08:15,036{GMT}	INFO	[jepsen worker 2] jepsen.util: 2	:ok	:read	["0" "1" "10" "2" "3" "4" "5" "6" "7" "8" "9"]
2025-06-02 13:08:15,170{GMT}	INFO	[jepsen worker 3] jepsen.util: 3	:invoke	:broadcast	11
2025-06-02 13:08:15,171{GMT}	INFO	[jepsen worker 3] jepsen.util: 3	:ok	:broadcast	11
2025-06-02 13:08:15,200{GMT}	INFO	[jepsen worker 4] jepsen.util: 4	:invoke	:broadcast	12
2025-06-02 13:08:15,201{GMT}	INFO	[jepsen worker 4] jepsen.util: 4	:ok	:broadcast	12
2025-06-02 13:08:15,294{GMT}	INFO	[jepsen worker 0] jepsen.util: 0	:invoke	:broadcast	13
2025-06-02 13:08:15,297{GMT}	INFO	[jepsen worker 0] jepsen.util: 0	:ok	:broadcast	13
2025-06-02 13:08:15,472{GMT}	INFO	[jepsen worker 0] jepsen.util: 0	:invoke	:broadcast	14
2025-06-02 13:08:15,474{GMT}	INFO	[jepsen worker 0] jepsen.util: 0	:ok	:broadcast	14
2025-06-02 13:08:15,505{GMT}	INFO	[jepsen worker 1] jepsen.util: 1	:invoke	:read	nil
2025-06-02 13:08:15,506{GMT}	INFO	[jepsen worker 1] jepsen.util: 1	:ok	:read	["0" "1" "10" "11" "12" "13" "14" "2" "3" "4" "5" "6" "7" "8" "9"]
2025-06-02 13:08:15,567{GMT}	INFO	[jepsen worker 2] jepsen.util: 2	:invoke	:read	nil
2025-06-02 13:08:15,569{GMT}	INFO	[jepsen worker 2] jepsen.util: 2	:ok	:read	["0" "1" "10" "11" "12" "13" "14" "2" "3" "4" "5" "6" "7" "8" "9"]
2025-06-02 13:08:15,570{GMT}	INFO	[jepsen worker 3] jepsen.util: 3	:invoke	:read	nil
2025-06-02 13:08:15,576{GMT}	INFO	[jepsen worker 3] jepsen.util: 3	:ok	:read	["0" "1" "10" "11" "12" "13" "14" "2" "3" "4" "5" "6" "7" "8" "9"]
2025-06-02 13:08:15,650{GMT}	INFO	[jepsen worker 4] jepsen.util: 4	:invoke	:read	nil
2025-06-02 13:08:15,653{GMT}	INFO	[jepsen worker 4] jepsen.util: 4	:ok	:read	["0" "1" "10" "11" "12" "13" "14" "2" "3" "4" "5" "6" "7" "8" "9"]
2025-06-02 13:08:15,759{GMT}	INFO	[jepsen worker 0] jepsen.util: 0	:invoke	:broadcast	15
2025-06-02 13:08:15,760{GMT}	INFO	[jepsen worker 0] jepsen.util: 0	:ok	:broadcast	15
2025-06-02 13:08:15,761{GMT}	INFO	[jepsen worker 0] jepsen.util: 0	:invoke	:read	nil
2025-06-02 13:08:15,767{GMT}	INFO	[jepsen worker 0] jepsen.util: 0	:ok	:read	["0" "1" "10" "11" "12" "13" "14" "15" "2" "3" "4" "5" "6" "7" "8" "9"]
2025-06-02 13:08:15,909{GMT}	INFO	[jepsen worker 1] jepsen.util: 1	:invoke	:broadcast	16
2025-06-02 13:08:15,911{GMT}	INFO	[jepsen worker 1] jepsen.util: 1	:ok	:broadcast	16
2025-06-02 13:08:15,923{GMT}	INFO	[jepsen worker 2] jepsen.util: 2	:invoke	:broadcast	17
2025-06-02 13:08:15,924{GMT}	INFO	[jepsen worker 2] jepsen.util: 2	:ok	:broadcast	17
2025-06-02 13:08:16,060{GMT}	INFO	[jepsen worker 3] jepsen.util: 3	:invoke	:read	nil
2025-06-02 13:08:16,062{GMT}	INFO	[jepsen worker 3] jepsen.util: 3	:ok	:read	["0" "1" "10" "11" "12" "13" "14" "15" "16" "17" "2" "3" "4" "5" "6" "7" "8" "9"]
2025-06-02 13:08:16,190{GMT}	INFO	[jepsen worker 4] jepsen.util: 4	:invoke	:read	nil
2025-06-02 13:08:16,191{GMT}	INFO	[jepsen worker 4] jepsen.util: 4	:ok	:read	["0" "1" "10" "11" "12" "13" "14" "15" "16" "17" "2" "3" "4" "5" "6" "7" "8" "9"]
2025-06-02 13:08:16,283{GMT}	INFO	[jepsen worker 0] jepsen.util: 0	:invoke	:broadcast	18
2025-06-02 13:08:16,287{GMT}	INFO	[jepsen worker 0] jepsen.util: 0	:ok	:broadcast	18
2025-06-02 13:08:16,451{GMT}	INFO	[jepsen worker 0] jepsen.util: 0	:invoke	:read	nil
2025-06-02 13:08:16,454{GMT}	INFO	[jepsen worker 0] jepsen.util: 0	:ok	:read	["0" "1" "10" "11" "12" "13" "14" "15" "16" "17" "18" "2" "3" "4" "5" "6" "7" "8" "9"]
2025-06-02 13:08:16,461{GMT}	INFO	[jepsen worker 1] jepsen.util: 1	:invoke	:read	nil
2025-06-02 13:08:16,464{GMT}	INFO	[jepsen worker 1] jepsen.util: 1	:ok	:read	["0" "1" "10" "11" "12" "13" "14" "15" "16" "17" "18" "2" "3" "4" "5" "6" "7" "8" "9"]
2025-06-02 13:08:16,619{GMT}	INFO	[jepsen worker 2] jepsen.util: 2	:invoke	:broadcast	19
2025-06-02 13:08:16,621{GMT}	INFO	[jepsen worker 2] jepsen.util: 2	:ok	:broadcast	19
2025-06-02 13:08:16,705{GMT}	INFO	[jepsen worker 3] jepsen.util: 3	:invoke	:broadcast	20
2025-06-02 13:08:16,707{GMT}	INFO	[jepsen worker 3] jepsen.util: 3	:ok	:broadcast	20
2025-06-02 13:08:16,788{GMT}	INFO	[jepsen worker 4] jepsen.util: 4	:invoke	:broadcast	21
2025-06-02 13:08:16,790{GMT}	INFO	[jepsen worker 4] jepsen.util: 4	:ok	:broadcast	21
2025-06-02 13:08:16,813{GMT}	INFO	[jepsen worker 0] jepsen.util: 0	:invoke	:read	nil
2025-06-02 13:08:16,815{GMT}	INFO	[jepsen worker 0] jepsen.util: 0	:ok	:read	["0" "1" "10" "11" "12" "13" "14" "15" "16" "17" "18" "19" "2" "20" "21" "3" "4" "5" "6" "7" "8" "9"]
2025-06-02 13:08:16,888{GMT}	INFO	[jepsen worker 0] jepsen.util: 0	:invoke	:read	nil
2025-06-02 13:08:16,890{GMT}	INFO	[jepsen worker 0] jepsen.util: 0	:ok	:read	["0" "1" "10" "11" "12" "13" "14" "15" "16" "17" "18" "19" "2" "20" "21" "3" "4" "5" "6" "7" "8" "9"]
2025-06-02 13:08:17,088{GMT}	INFO	[jepsen worker 1] jepsen.util: 1	:invoke	:broadcast	22
2025-06-02 13:08:17,089{GMT}	INFO	[jepsen worker 1] jepsen.util: 1	:ok	:broadcast	22
2025-06-02 13:08:17,247{GMT}	INFO	[jepsen worker 2] jepsen.util: 2	:invoke	:broadcast	23
2025-06-02 13:08:17,249{GMT}	INFO	[jepsen worker 2] jepsen.util: 2	:ok	:broadcast	23
2025-06-02 13:08:17,444{GMT}	INFO	[jepsen worker 3] jepsen.util: 3	:invoke	:read	nil
2025-06-02 13:08:17,448{GMT}	INFO	[jepsen worker 3] jepsen.util: 3	:ok	:read	["0" "1" "10" "11" "12" "13" "14" "15" "16" "17" "18" "19" "2" "20" "21" "22" "23" "3" "4" "5" "6" "7" "8" "9"]
2025-06-02 13:08:17,448{GMT}	INFO	[jepsen worker 4] jepsen.generator.interpreter: Waiting for recovery...
2025-06-02 13:08:27,460{GMT}	INFO	[jepsen worker 4] jepsen.util: 4	:invoke	:read	nil
2025-06-02 13:08:27,460{GMT}	INFO	[jepsen worker 1] jepsen.util: 1	:invoke	:read	nil
2025-06-02 13:08:27,460{GMT}	INFO	[jepsen worker 0] jepsen.util: 0	:invoke	:read	nil
2025-06-02 13:08:27,460{GMT}	INFO	[jepsen worker 2] jepsen.util: 2	:invoke	:read	nil
2025-06-02 13:08:27,460{GMT}	INFO	[jepsen worker 3] jepsen.util: 3	:invoke	:read	nil
2025-06-02 13:08:27,464{GMT}	INFO	[jepsen worker 3] jepsen.util: 3	:ok	:read	["0" "1" "10" "11" "12" "13" "14" "15" "16" "17" "18" "19" "2" "20" "21" "22" "23" "3" "4" "5" "6" "7" "8" "9"]
2025-06-02 13:08:27,464{GMT}	INFO	[jepsen worker 1] jepsen.util: 1	:ok	:read	["0" "1" "10" "11" "12" "13" "14" "15" "16" "17" "18" "19" "2" "20" "21" "22" "23" "3" "4" "5" "6" "7" "8" "9"]
2025-06-02 13:08:27,464{GMT}	INFO	[jepsen worker 4] jepsen.util: 4	:ok	:read	["0" "1" "10" "11" "12" "13" "14" "15" "16" "17" "18" "19" "2" "20" "21" "22" "23" "3" "4" "5" "6" "7" "8" "9"]
2025-06-02 13:08:27,464{GMT}	INFO	[jepsen worker 0] jepsen.util: 0	:ok	:read	["0" "1" "10" "11" "12" "13" "14" "15" "16" "17" "18" "19" "2" "20" "21" "22" "23" "3" "4" "5" "6" "7" "8" "9"]
2025-06-02 13:08:27,465{GMT}	INFO	[jepsen worker 2] jepsen.util: 2	:ok	:read	["0" "1" "10" "11" "12" "13" "14" "15" "16" "17" "18" "19" "2" "20" "21" "22" "23" "3" "4" "5" "6" "7" "8" "9"]
2025-06-02 13:08:27,491{GMT}	INFO	[jepsen test runner] jepsen.core: Run complete, writing
2025-06-02 13:08:27,549{GMT}	INFO	[jepsen node n5] maelstrom.db: Tearing down n5
2025-06-02 13:08:27,549{GMT}	INFO	[jepsen node n1] maelstrom.db: Tearing down n1
2025-06-02 13:08:27,549{GMT}	INFO	[jepsen node n3] maelstrom.db: Tearing down n3
2025-06-02 13:08:27,549{GMT}	INFO	[jepsen node n4] maelstrom.db: Tearing down n4
2025-06-02 13:08:27,549{GMT}	INFO	[jepsen node n2] maelstrom.db: Tearing down n2
2025-06-02 13:08:29,314{GMT}	INFO	[jepsen node n1] maelstrom.net: Shutting down Maelstrom network
2025-06-02 13:08:29,320{GMT}	INFO	[jepsen test runner] jepsen.core: Analyzing...
2025-06-02 13:08:29,482{GMT}	INFO	[jepsen test runner] jepsen.core: Analysis complete
2025-06-02 13:08:29,493{GMT}	INFO	[jepsen results] jepsen.store: Wrote /Users/adr/code/maelstrom/store/broadcast/20250602T130802.326-0400/results.edn
2025-06-02 13:08:29,504{GMT}	INFO	[jepsen test runner] jepsen.core: {:perf {:latency-graph {:valid? true},
        :rate-graph {:valid? true},
        :valid? true},
 :timeline {:valid? true},
 :exceptions {:valid? true},
 :stats {:valid? true,
         :count 51,
         :ok-count 51,
         :fail-count 0,
         :info-count 0,
         :by-f {:broadcast {:valid? true,
                            :count 24,
                            :ok-count 24,
                            :fail-count 0,
                            :info-count 0},
                :read {:valid? true,
                       :count 27,
                       :ok-count 27,
                       :fail-count 0,
                       :info-count 0}}},
 :availability {:valid? true, :ok-fraction 1.0},
 :net {:all {:send-count 362,
             :recv-count 362,
             :msg-count 362,
             :msgs-per-op 7.098039},
       :clients {:send-count 122, :recv-count 122, :msg-count 122},
       :servers {:send-count 240,
                 :recv-count 240,
                 :msg-count 240,
                 :msgs-per-op 4.7058825},
       :valid? true},
 :workload {:worst-stale (),
            :duplicated-count 0,
            :valid? false,
            :lost-count 24,
            :lost (0
                   1
                   2
                   3
                   4
                   5
                   6
                   7
                   8
                   9
                   10
                   11
                   12
                   13
                   14
                   15
                   16
                   17
                   18
                   19
                   20
                   21
                   22
                   23),
            :stable-count 0,
            :stale-count 0,
            :stale (),
            :never-read-count 0,
            :attempt-count 24,
            :lost-latencies {0 0, 0.5 0, 0.95 0, 0.99 0, 1 0},
            :never-read (),
            :duplicated {}},
 :valid? false}


Analysis invalid! (ﾉಥ益ಥ）ﾉ ┻━┻
