[RECEIVED] {"id":1,"src":"c0","dest":"n1","body":{"type":"init","node_id":"n1","node_ids":["n1","n2","n3","n4","n5"],"msg_id":1}}
[SEND RESPONSE] {"src":"n1","dest":"c0","body":{"type":"init_ok","in_reply_to":1,"msg_id":0}}
[RECEIVED] {"id":12,"src":"c11","dest":"n1","body":{"echo":"Please echo 52","type":"echo","msg_id":1}}
[MATCH ECHO]
[SEND RESPONSE] {"src":"n1","dest":"c11","body":{"type":"echo_ok","echo":"Please echo 52","msg_id":1,"in_reply_to":1}}
[RECEIVED] {"id":26,"src":"c11","dest":"n1","body":{"echo":"Please echo 0","type":"echo","msg_id":2}}
[MATCH ECHO]
[SEND RESPONSE] {"src":"n1","dest":"c11","body":{"type":"echo_ok","echo":"Please echo 0","msg_id":2,"in_reply_to":2}}
[RECEIVED] {"id":40,"src":"c11","dest":"n1","body":{"echo":"Please echo 63","type":"echo","msg_id":3}}
[MATCH ECHO]
[SEND RESPONSE] {"src":"n1","dest":"c11","body":{"type":"echo_ok","echo":"Please echo 63","msg_id":3,"in_reply_to":3}}
[RECEIVED] {"id":54,"src":"c11","dest":"n1","body":{"echo":"Please echo 103","type":"echo","msg_id":4}}
[MATCH ECHO]
[SEND RESPONSE] {"src":"n1","dest":"c11","body":{"type":"echo_ok","echo":"Please echo 103","msg_id":4,"in_reply_to":4}}
[RECEIVED] {"id":60,"src":"c11","dest":"n1","body":{"echo":"Please echo 121","type":"echo","msg_id":5}}
[MATCH ECHO]
[SEND RESPONSE] {"src":"n1","dest":"c11","body":{"type":"echo_ok","echo":"Please echo 121","msg_id":5,"in_reply_to":5}}
[RECEIVED] {"id":64,"src":"c11","dest":"n1","body":{"echo":"Please echo 59","type":"echo","msg_id":6}}
[MATCH ECHO]
[SEND RESPONSE] {"src":"n1","dest":"c11","body":{"type":"echo_ok","echo":"Please echo 59","msg_id":6,"in_reply_to":6}}
[RECEIVED] {"id":72,"src":"c11","dest":"n1","body":{"echo":"Please echo 70","type":"echo","msg_id":7}}
[MATCH ECHO]
[SEND RESPONSE] {"src":"n1","dest":"c11","body":{"type":"echo_ok","echo":"Please echo 70","msg_id":7,"in_reply_to":7}}
[RECEIVED] {"id":74,"src":"c11","dest":"n1","body":{"echo":"Please echo 81","type":"echo","msg_id":8}}
[MATCH ECHO]
[SEND RESPONSE] {"src":"n1","dest":"c11","body":{"type":"echo_ok","echo":"Please echo 81","msg_id":8,"in_reply_to":8}}
[RECEIVED] {"id":84,"src":"c11","dest":"n1","body":{"echo":"Please echo 97","type":"echo","msg_id":9}}
[MATCH ECHO]
[SEND RESPONSE] {"src":"n1","dest":"c11","body":{"type":"echo_ok","echo":"Please echo 97","msg_id":9,"in_reply_to":9}}
[RECEIVED] {"id":88,"src":"c11","dest":"n1","body":{"echo":"Please echo 18","type":"echo","msg_id":10}}
[MATCH ECHO]
[SEND RESPONSE] {"src":"n1","dest":"c11","body":{"type":"echo_ok","echo":"Please echo 18","msg_id":10,"in_reply_to":10}}
[RECEIVED] {"id":98,"src":"c11","dest":"n1","body":{"echo":"Please echo 92","type":"echo","msg_id":11}}
[MATCH ECHO]
[SEND RESPONSE] {"src":"n1","dest":"c11","body":{"type":"echo_ok","echo":"Please echo 92","msg_id":11,"in_reply_to":11}}
[RECEIVED] {"id":110,"src":"c11","dest":"n1","body":{"echo":"Please echo 34","type":"echo","msg_id":12}}
[MATCH ECHO]
[SEND RESPONSE] {"src":"n1","dest":"c11","body":{"type":"echo_ok","echo":"Please echo 34","msg_id":12,"in_reply_to":12}}
[RECEIVED] {"id":112,"src":"c11","dest":"n1","body":{"echo":"Please echo 91","type":"echo","msg_id":13}}
[MATCH ECHO]
[SEND RESPONSE] {"src":"n1","dest":"c11","body":{"type":"echo_ok","echo":"Please echo 91","msg_id":13,"in_reply_to":13}}
[RECEIVED] {"id":114,"src":"c11","dest":"n1","body":{"echo":"Please echo 115","type":"echo","msg_id":14}}
[MATCH ECHO]
[SEND RESPONSE] {"src":"n1","dest":"c11","body":{"type":"echo_ok","echo":"Please echo 115","msg_id":14,"in_reply_to":14}}
