[RECEIVED] {"id":0,"src":"c1","dest":"n2","body":{"type":"init","node_id":"n2","node_ids":["n1","n2","n3","n4","n5"],"msg_id":1}}
[SEND RESPONSE] {"src":"n2","dest":"c1","body":{"type":"init_ok","in_reply_to":1,"msg_id":0}}
[RECEIVED] {"id":18,"src":"c13","dest":"n2","body":{"echo":"Please echo 85","type":"echo","msg_id":1}}
[MATCH ECHO]
[SEND RESPONSE] {"src":"n2","dest":"c13","body":{"type":"echo_ok","echo":"Please echo 85","msg_id":1,"in_reply_to":1}}
[RECEIVED] {"id":22,"src":"c13","dest":"n2","body":{"echo":"Please echo 4","type":"echo","msg_id":2}}
[MATCH ECHO]
[SEND RESPONSE] {"src":"n2","dest":"c13","body":{"type":"echo_ok","echo":"Please echo 4","msg_id":2,"in_reply_to":2}}
[RECEIVED] {"id":34,"src":"c13","dest":"n2","body":{"echo":"Please echo 1","type":"echo","msg_id":3}}
[MATCH ECHO]
[SEND RESPONSE] {"src":"n2","dest":"c13","body":{"type":"echo_ok","echo":"Please echo 1","msg_id":3,"in_reply_to":3}}
[RECEIVED] {"id":44,"src":"c13","dest":"n2","body":{"echo":"Please echo 10","type":"echo","msg_id":4}}
[MATCH ECHO]
[SEND RESPONSE] {"src":"n2","dest":"c13","body":{"type":"echo_ok","echo":"Please echo 10","msg_id":4,"in_reply_to":4}}
[RECEIVED] {"id":50,"src":"c13","dest":"n2","body":{"echo":"Please echo 65","type":"echo","msg_id":5}}
[MATCH ECHO]
[SEND RESPONSE] {"src":"n2","dest":"c13","body":{"type":"echo_ok","echo":"Please echo 65","msg_id":5,"in_reply_to":5}}
[RECEIVED] {"id":58,"src":"c13","dest":"n2","body":{"echo":"Please echo 122","type":"echo","msg_id":6}}
[MATCH ECHO]
[SEND RESPONSE] {"src":"n2","dest":"c13","body":{"type":"echo_ok","echo":"Please echo 122","msg_id":6,"in_reply_to":6}}
[RECEIVED] {"id":68,"src":"c13","dest":"n2","body":{"echo":"Please echo 119","type":"echo","msg_id":7}}
[MATCH ECHO]
[SEND RESPONSE] {"src":"n2","dest":"c13","body":{"type":"echo_ok","echo":"Please echo 119","msg_id":7,"in_reply_to":7}}
[RECEIVED] {"id":78,"src":"c13","dest":"n2","body":{"echo":"Please echo 73","type":"echo","msg_id":8}}
[MATCH ECHO]
[SEND RESPONSE] {"src":"n2","dest":"c13","body":{"type":"echo_ok","echo":"Please echo 73","msg_id":8,"in_reply_to":8}}
[RECEIVED] {"id":90,"src":"c13","dest":"n2","body":{"echo":"Please echo 103","type":"echo","msg_id":9}}
[MATCH ECHO]
[SEND RESPONSE] {"src":"n2","dest":"c13","body":{"type":"echo_ok","echo":"Please echo 103","msg_id":9,"in_reply_to":9}}
[RECEIVED] {"id":94,"src":"c13","dest":"n2","body":{"echo":"Please echo 41","type":"echo","msg_id":10}}
[MATCH ECHO]
[SEND RESPONSE] {"src":"n2","dest":"c13","body":{"type":"echo_ok","echo":"Please echo 41","msg_id":10,"in_reply_to":10}}
[RECEIVED] {"id":102,"src":"c13","dest":"n2","body":{"echo":"Please echo 84","type":"echo","msg_id":11}}
[MATCH ECHO]
[SEND RESPONSE] {"src":"n2","dest":"c13","body":{"type":"echo_ok","echo":"Please echo 84","msg_id":11,"in_reply_to":11}}
[RECEIVED] {"id":104,"src":"c13","dest":"n2","body":{"echo":"Please echo 126","type":"echo","msg_id":12}}
[MATCH ECHO]
[SEND RESPONSE] {"src":"n2","dest":"c13","body":{"type":"echo_ok","echo":"Please echo 126","msg_id":12,"in_reply_to":12}}
[RECEIVED] {"id":108,"src":"c13","dest":"n2","body":{"echo":"Please echo 86","type":"echo","msg_id":13}}
[MATCH ECHO]
[SEND RESPONSE] {"src":"n2","dest":"c13","body":{"type":"echo_ok","echo":"Please echo 86","msg_id":13,"in_reply_to":13}}
