[RECEIVED] {"id":3,"src":"c3","dest":"n3","body":{"type":"init","node_id":"n3","node_ids":["n1","n2","n3","n4","n5"],"msg_id":1}}
[SEND RESPONSE] {"src":"n3","dest":"c3","body":{"type":"init_ok","in_reply_to":1,"msg_id":0}}
[RECEIVED] {"id":14,"src":"c12","dest":"n3","body":{"echo":"Please echo 83","type":"echo","msg_id":1}}
[MATCH ECHO]
[SEND RESPONSE] {"src":"n3","dest":"c12","body":{"type":"echo_ok","echo":"Please echo 83","msg_id":1,"in_reply_to":1}}
[RECEIVED] {"id":16,"src":"c12","dest":"n3","body":{"echo":"Please echo 113","type":"echo","msg_id":2}}
[MATCH ECHO]
[SEND RESPONSE] {"src":"n3","dest":"c12","body":{"type":"echo_ok","echo":"Please echo 113","msg_id":2,"in_reply_to":2}}
[RECEIVED] {"id":24,"src":"c12","dest":"n3","body":{"echo":"Please echo 90","type":"echo","msg_id":3}}
[MATCH ECHO]
[SEND RESPONSE] {"src":"n3","dest":"c12","body":{"type":"echo_ok","echo":"Please echo 90","msg_id":3,"in_reply_to":3}}
[RECEIVED] {"id":30,"src":"c12","dest":"n3","body":{"echo":"Please echo 120","type":"echo","msg_id":4}}
[MATCH ECHO]
[SEND RESPONSE] {"src":"n3","dest":"c12","body":{"type":"echo_ok","echo":"Please echo 120","msg_id":4,"in_reply_to":4}}
[RECEIVED] {"id":32,"src":"c12","dest":"n3","body":{"echo":"Please echo 27","type":"echo","msg_id":5}}
[MATCH ECHO]
[SEND RESPONSE] {"src":"n3","dest":"c12","body":{"type":"echo_ok","echo":"Please echo 27","msg_id":5,"in_reply_to":5}}
[RECEIVED] {"id":46,"src":"c12","dest":"n3","body":{"echo":"Please echo 90","type":"echo","msg_id":6}}
[MATCH ECHO]
[SEND RESPONSE] {"src":"n3","dest":"c12","body":{"type":"echo_ok","echo":"Please echo 90","msg_id":6,"in_reply_to":6}}
[RECEIVED] {"id":52,"src":"c12","dest":"n3","body":{"echo":"Please echo 28","type":"echo","msg_id":7}}
[MATCH ECHO]
[SEND RESPONSE] {"src":"n3","dest":"c12","body":{"type":"echo_ok","echo":"Please echo 28","msg_id":7,"in_reply_to":7}}
[RECEIVED] {"id":56,"src":"c12","dest":"n3","body":{"echo":"Please echo 45","type":"echo","msg_id":8}}
[MATCH ECHO]
[SEND RESPONSE] {"src":"n3","dest":"c12","body":{"type":"echo_ok","echo":"Please echo 45","msg_id":8,"in_reply_to":8}}
[RECEIVED] {"id":80,"src":"c12","dest":"n3","body":{"echo":"Please echo 13","type":"echo","msg_id":9}}
[MATCH ECHO]
[SEND RESPONSE] {"src":"n3","dest":"c12","body":{"type":"echo_ok","echo":"Please echo 13","msg_id":9,"in_reply_to":9}}
[RECEIVED] {"id":86,"src":"c12","dest":"n3","body":{"echo":"Please echo 41","type":"echo","msg_id":10}}
[MATCH ECHO]
[SEND RESPONSE] {"src":"n3","dest":"c12","body":{"type":"echo_ok","echo":"Please echo 41","msg_id":10,"in_reply_to":10}}
