2025-06-02 13:58:38,223{GMT}	INFO	[jepsen test runner] jepsen.core: Test version 979cec7719eb53217b758a589bde94e8412a4326 (plus uncommitted changes)
2025-06-02 13:58:38,223{GMT}	INFO	[jepsen test runner] jepsen.core: Command line:
lein run test -w unique-ids --bin self/server/_build/default/bin/main.exe --time-limit 20 --rate 10
2025-06-02 13:58:38,245{GMT}	INFO	[jepsen test runner] jepsen.core: Running test:
{:args []
 :remote
 #jepsen.control.retry.Remote{:remote #jepsen.control.scp.Remote{:cmd-remote #jepsen.control.sshj.SSHJRemote{:concurrency-limit 6,
                                                                                                             :conn-spec nil,
                                                                                                             :client nil,
                                                                                                             :semaphore nil},
                                                                 :conn-spec nil},
                              :conn nil}
 :log-net-send false
 :node-count nil
 :availability nil
 :max-txn-length 4
 :concurrency 5
 :db
 #object[maelstrom.db$db$reify__16612
         "0xecd3a9b"
         "maelstrom.db$db$reify__16612@ecd3a9b"]
 :max-writes-per-key 16
 :leave-db-running? false
 :name "unique-ids"
 :logging-json? false
 :start-time
 #object[org.joda.time.DateTime "0x354d5692" "2025-06-02T13:58:38.195-04:00"]
 :nemesis-interval 10
 :net
 #object[maelstrom.net$jepsen_net$reify__15721
         "0x5c4f07c1"
         "maelstrom.net$jepsen_net$reify__15721@5c4f07c1"]
 :client
 #object[maelstrom.workload.unique_ids$client$reify__21401
         "0x15a8b228"
         "maelstrom.workload.unique_ids$client$reify__21401@15a8b228"]
 :barrier
 #object[java.util.concurrent.CyclicBarrier
         "0x5a69f1ef"
         "java.util.concurrent.CyclicBarrier@5a69f1ef"]
 :log-stderr false
 :pure-generators true
 :ssh {:dummy? true}
 :rate 10.0
 :checker
 #object[jepsen.checker$compose$reify__11089
         "0x54fd5f6"
         "jepsen.checker$compose$reify__11089@54fd5f6"]
 :argv
 ("test"
  "-w"
  "unique-ids"
  "--bin"
  "self/server/_build/default/bin/main.exe"
  "--time-limit"
  "20"
  "--rate"
  "10")
 :nemesis
 (jepsen.nemesis.ReflCompose
  {:fm {:start-partition 0,
        :stop-partition 0,
        :kill 1,
        :start 1,
        :pause 1,
        :resume 1},
   :nemeses [#unprintable "jepsen.nemesis.combined$partition_nemesis$reify__16905@219aab91"
             #unprintable "jepsen.nemesis.combined$db_nemesis$reify__16886@71737478"]})
 :nodes ["n1" "n2" "n3" "n4" "n5"]
 :test-count 1
 :latency {:mean 0, :dist :constant}
 :bin "self/server/_build/default/bin/main.exe"
 :generator
 #object[jepsen.util.Forgettable
         "0x1f299fc3"
         (jepsen.generator.TimeLimit
          {:limit 20000000000,
           :cutoff nil,
           :gen (jepsen.generator.Any
                 {:gens [(jepsen.generator.OnThreads
                          {:f #{:nemesis},
                           :context-filter #object[jepsen.generator.context$make_thread_filter$lazy_filter__12077
                                                   "0x4c18b432"
                                                   "jepsen.generator.context$make_thread_filter$lazy_filter__12077@4c18b432"],
                           :gen nil})
                         (jepsen.generator.OnThreads
                          {:f #jepsen.generator.context.AllBut{:element :nemesis},
                           :context-filter #object[jepsen.generator.context$make_thread_filter$lazy_filter__12077
                                                   "0x4b954cbb"
                                                   "jepsen.generator.context$make_thread_filter$lazy_filter__12077@4b954cbb"],
                           :gen (jepsen.generator.Stagger
                                 {:dt 200000000,
                                  :next-time nil,
                                  :gen (jepsen.generator.Repeat
                                        {:remaining -1, :gen {:f :generate}})})})]})})]
 :log-net-recv false
 :os
 #object[maelstrom.net$jepsen_os$reify__15724
         "0xbec2d81"
         "maelstrom.net$jepsen_os$reify__15724@bec2d81"]
 :time-limit 20
 :workload :unique-ids
 :consistency-models [:strict-serializable]
 :topology :grid}

2025-06-02 13:58:39,055{GMT}	INFO	[jepsen node n1] maelstrom.net: Starting Maelstrom network
2025-06-02 13:58:39,056{GMT}	INFO	[jepsen test runner] jepsen.db: Tearing down DB
2025-06-02 13:58:39,057{GMT}	INFO	[jepsen test runner] jepsen.db: Setting up DB
2025-06-02 13:58:39,057{GMT}	INFO	[jepsen node n2] maelstrom.db: Setting up n2
2025-06-02 13:58:39,057{GMT}	INFO	[jepsen node n5] maelstrom.db: Setting up n5
2025-06-02 13:58:39,057{GMT}	INFO	[jepsen node n3] maelstrom.db: Setting up n3
2025-06-02 13:58:39,057{GMT}	INFO	[jepsen node n4] maelstrom.db: Setting up n4
2025-06-02 13:58:39,057{GMT}	INFO	[jepsen node n5] maelstrom.process: launching self/server/_build/default/bin/main.exe []
2025-06-02 13:58:39,057{GMT}	INFO	[jepsen node n2] maelstrom.process: launching self/server/_build/default/bin/main.exe []
2025-06-02 13:58:39,057{GMT}	INFO	[jepsen node n4] maelstrom.process: launching self/server/_build/default/bin/main.exe []
2025-06-02 13:58:39,058{GMT}	INFO	[jepsen node n3] maelstrom.process: launching self/server/_build/default/bin/main.exe []
2025-06-02 13:58:39,058{GMT}	INFO	[jepsen node n1] maelstrom.service: Starting services: (lin-kv lin-tso lww-kv seq-kv)
2025-06-02 13:58:39,058{GMT}	INFO	[jepsen node n1] maelstrom.db: Setting up n1
2025-06-02 13:58:39,059{GMT}	INFO	[jepsen node n1] maelstrom.process: launching self/server/_build/default/bin/main.exe []
2025-06-02 13:58:48,081{GMT}	INFO	[jepsen test runner] jepsen.core: Relative time begins now
2025-06-02 13:58:48,096{GMT}	INFO	[jepsen worker 0] jepsen.util: 0	:invoke	:generate	nil
2025-06-02 13:58:48,098{GMT}	INFO	[jepsen worker 0] jepsen.util: 0	:ok	:generate	"n11"
2025-06-02 13:58:48,239{GMT}	INFO	[jepsen worker 1] jepsen.util: 1	:invoke	:generate	nil
2025-06-02 13:58:48,241{GMT}	INFO	[jepsen worker 1] jepsen.util: 1	:ok	:generate	"n21"
2025-06-02 13:58:48,442{GMT}	INFO	[jepsen worker 2] jepsen.util: 2	:invoke	:generate	nil
2025-06-02 13:58:48,446{GMT}	INFO	[jepsen worker 2] jepsen.util: 2	:ok	:generate	"n31"
2025-06-02 13:58:48,641{GMT}	INFO	[jepsen worker 3] jepsen.util: 3	:invoke	:generate	nil
2025-06-02 13:58:48,644{GMT}	INFO	[jepsen worker 3] jepsen.util: 3	:ok	:generate	"n41"
2025-06-02 13:58:48,765{GMT}	INFO	[jepsen worker 4] jepsen.util: 4	:invoke	:generate	nil
2025-06-02 13:58:48,770{GMT}	INFO	[jepsen worker 4] jepsen.util: 4	:ok	:generate	"n51"
2025-06-02 13:58:48,788{GMT}	INFO	[jepsen worker 0] jepsen.util: 0	:invoke	:generate	nil
2025-06-02 13:58:48,790{GMT}	INFO	[jepsen worker 0] jepsen.util: 0	:ok	:generate	"n12"
2025-06-02 13:58:48,915{GMT}	INFO	[jepsen worker 0] jepsen.util: 0	:invoke	:generate	nil
2025-06-02 13:58:48,921{GMT}	INFO	[jepsen worker 0] jepsen.util: 0	:ok	:generate	"n13"
2025-06-02 13:58:48,966{GMT}	INFO	[jepsen worker 1] jepsen.util: 1	:invoke	:generate	nil
2025-06-02 13:58:48,968{GMT}	INFO	[jepsen worker 1] jepsen.util: 1	:ok	:generate	"n22"
2025-06-02 13:58:49,159{GMT}	INFO	[jepsen worker 2] jepsen.util: 2	:invoke	:generate	nil
2025-06-02 13:58:49,160{GMT}	INFO	[jepsen worker 2] jepsen.util: 2	:ok	:generate	"n32"
2025-06-02 13:58:49,298{GMT}	INFO	[jepsen worker 3] jepsen.util: 3	:invoke	:generate	nil
2025-06-02 13:58:49,301{GMT}	INFO	[jepsen worker 3] jepsen.util: 3	:ok	:generate	"n42"
2025-06-02 13:58:49,431{GMT}	INFO	[jepsen worker 4] jepsen.util: 4	:invoke	:generate	nil
2025-06-02 13:58:49,434{GMT}	INFO	[jepsen worker 4] jepsen.util: 4	:ok	:generate	"n52"
2025-06-02 13:58:49,601{GMT}	INFO	[jepsen worker 0] jepsen.util: 0	:invoke	:generate	nil
2025-06-02 13:58:49,603{GMT}	INFO	[jepsen worker 0] jepsen.util: 0	:ok	:generate	"n14"
2025-06-02 13:58:49,754{GMT}	INFO	[jepsen worker 0] jepsen.util: 0	:invoke	:generate	nil
2025-06-02 13:58:49,755{GMT}	INFO	[jepsen worker 0] jepsen.util: 0	:ok	:generate	"n15"
2025-06-02 13:58:49,854{GMT}	INFO	[jepsen worker 1] jepsen.util: 1	:invoke	:generate	nil
2025-06-02 13:58:49,855{GMT}	INFO	[jepsen worker 1] jepsen.util: 1	:ok	:generate	"n23"
2025-06-02 13:58:49,865{GMT}	INFO	[jepsen worker 2] jepsen.util: 2	:invoke	:generate	nil
2025-06-02 13:58:49,866{GMT}	INFO	[jepsen worker 2] jepsen.util: 2	:ok	:generate	"n33"
2025-06-02 13:58:49,996{GMT}	INFO	[jepsen worker 3] jepsen.util: 3	:invoke	:generate	nil
2025-06-02 13:58:49,996{GMT}	INFO	[jepsen worker 3] jepsen.util: 3	:ok	:generate	"n43"
2025-06-02 13:58:50,057{GMT}	INFO	[jepsen worker 4] jepsen.util: 4	:invoke	:generate	nil
2025-06-02 13:58:50,058{GMT}	INFO	[jepsen worker 4] jepsen.util: 4	:ok	:generate	"n53"
2025-06-02 13:58:50,255{GMT}	INFO	[jepsen worker 0] jepsen.util: 0	:invoke	:generate	nil
2025-06-02 13:58:50,257{GMT}	INFO	[jepsen worker 0] jepsen.util: 0	:ok	:generate	"n16"
2025-06-02 13:58:50,326{GMT}	INFO	[jepsen worker 0] jepsen.util: 0	:invoke	:generate	nil
2025-06-02 13:58:50,329{GMT}	INFO	[jepsen worker 0] jepsen.util: 0	:ok	:generate	"n17"
2025-06-02 13:58:50,438{GMT}	INFO	[jepsen worker 1] jepsen.util: 1	:invoke	:generate	nil
2025-06-02 13:58:50,439{GMT}	INFO	[jepsen worker 1] jepsen.util: 1	:ok	:generate	"n24"
2025-06-02 13:58:50,524{GMT}	INFO	[jepsen worker 2] jepsen.util: 2	:invoke	:generate	nil
2025-06-02 13:58:50,525{GMT}	INFO	[jepsen worker 2] jepsen.util: 2	:ok	:generate	"n34"
2025-06-02 13:58:50,568{GMT}	INFO	[jepsen worker 3] jepsen.util: 3	:invoke	:generate	nil
2025-06-02 13:58:50,569{GMT}	INFO	[jepsen worker 3] jepsen.util: 3	:ok	:generate	"n44"
2025-06-02 13:58:50,639{GMT}	INFO	[jepsen worker 4] jepsen.util: 4	:invoke	:generate	nil
2025-06-02 13:58:50,640{GMT}	INFO	[jepsen worker 4] jepsen.util: 4	:ok	:generate	"n54"
2025-06-02 13:58:50,752{GMT}	INFO	[jepsen worker 0] jepsen.util: 0	:invoke	:generate	nil
2025-06-02 13:58:50,753{GMT}	INFO	[jepsen worker 0] jepsen.util: 0	:ok	:generate	"n18"
2025-06-02 13:58:50,897{GMT}	INFO	[jepsen worker 0] jepsen.util: 0	:invoke	:generate	nil
2025-06-02 13:58:50,898{GMT}	INFO	[jepsen worker 0] jepsen.util: 0	:ok	:generate	"n19"
2025-06-02 13:58:50,991{GMT}	INFO	[jepsen worker 1] jepsen.util: 1	:invoke	:generate	nil
2025-06-02 13:58:50,993{GMT}	INFO	[jepsen worker 1] jepsen.util: 1	:ok	:generate	"n25"
2025-06-02 13:58:51,105{GMT}	INFO	[jepsen worker 2] jepsen.util: 2	:invoke	:generate	nil
2025-06-02 13:58:51,109{GMT}	INFO	[jepsen worker 2] jepsen.util: 2	:ok	:generate	"n35"
2025-06-02 13:58:51,236{GMT}	INFO	[jepsen worker 3] jepsen.util: 3	:invoke	:generate	nil
2025-06-02 13:58:51,237{GMT}	INFO	[jepsen worker 3] jepsen.util: 3	:ok	:generate	"n45"
2025-06-02 13:58:51,302{GMT}	INFO	[jepsen worker 4] jepsen.util: 4	:invoke	:generate	nil
2025-06-02 13:58:51,303{GMT}	INFO	[jepsen worker 4] jepsen.util: 4	:ok	:generate	"n55"
2025-06-02 13:58:51,388{GMT}	INFO	[jepsen worker 0] jepsen.util: 0	:invoke	:generate	nil
2025-06-02 13:58:51,389{GMT}	INFO	[jepsen worker 0] jepsen.util: 0	:ok	:generate	"n110"
2025-06-02 13:58:51,550{GMT}	INFO	[jepsen worker 0] jepsen.util: 0	:invoke	:generate	nil
2025-06-02 13:58:51,551{GMT}	INFO	[jepsen worker 0] jepsen.util: 0	:ok	:generate	"n111"
2025-06-02 13:58:51,591{GMT}	INFO	[jepsen worker 1] jepsen.util: 1	:invoke	:generate	nil
2025-06-02 13:58:51,592{GMT}	INFO	[jepsen worker 1] jepsen.util: 1	:ok	:generate	"n26"
2025-06-02 13:58:51,665{GMT}	INFO	[jepsen worker 2] jepsen.util: 2	:invoke	:generate	nil
2025-06-02 13:58:51,666{GMT}	INFO	[jepsen worker 2] jepsen.util: 2	:ok	:generate	"n36"
2025-06-02 13:58:51,843{GMT}	INFO	[jepsen worker 3] jepsen.util: 3	:invoke	:generate	nil
2025-06-02 13:58:51,847{GMT}	INFO	[jepsen worker 3] jepsen.util: 3	:ok	:generate	"n46"
2025-06-02 13:58:51,889{GMT}	INFO	[jepsen worker 4] jepsen.util: 4	:invoke	:generate	nil
2025-06-02 13:58:51,891{GMT}	INFO	[jepsen worker 4] jepsen.util: 4	:ok	:generate	"n56"
2025-06-02 13:58:52,048{GMT}	INFO	[jepsen worker 0] jepsen.util: 0	:invoke	:generate	nil
2025-06-02 13:58:52,051{GMT}	INFO	[jepsen worker 0] jepsen.util: 0	:ok	:generate	"n112"
2025-06-02 13:58:52,164{GMT}	INFO	[jepsen worker 0] jepsen.util: 0	:invoke	:generate	nil
2025-06-02 13:58:52,167{GMT}	INFO	[jepsen worker 0] jepsen.util: 0	:ok	:generate	"n113"
2025-06-02 13:58:52,255{GMT}	INFO	[jepsen worker 1] jepsen.util: 1	:invoke	:generate	nil
2025-06-02 13:58:52,258{GMT}	INFO	[jepsen worker 1] jepsen.util: 1	:ok	:generate	"n27"
2025-06-02 13:58:52,267{GMT}	INFO	[jepsen worker 2] jepsen.util: 2	:invoke	:generate	nil
2025-06-02 13:58:52,269{GMT}	INFO	[jepsen worker 2] jepsen.util: 2	:ok	:generate	"n37"
2025-06-02 13:58:52,317{GMT}	INFO	[jepsen worker 3] jepsen.util: 3	:invoke	:generate	nil
2025-06-02 13:58:52,319{GMT}	INFO	[jepsen worker 3] jepsen.util: 3	:ok	:generate	"n47"
2025-06-02 13:58:52,377{GMT}	INFO	[jepsen worker 4] jepsen.util: 4	:invoke	:generate	nil
2025-06-02 13:58:52,379{GMT}	INFO	[jepsen worker 4] jepsen.util: 4	:ok	:generate	"n57"
2025-06-02 13:58:52,535{GMT}	INFO	[jepsen worker 0] jepsen.util: 0	:invoke	:generate	nil
2025-06-02 13:58:52,540{GMT}	INFO	[jepsen worker 0] jepsen.util: 0	:ok	:generate	"n114"
2025-06-02 13:58:52,540{GMT}	INFO	[jepsen worker 0] jepsen.util: 0	:invoke	:generate	nil
2025-06-02 13:58:52,542{GMT}	INFO	[jepsen worker 0] jepsen.util: 0	:ok	:generate	"n115"
2025-06-02 13:58:52,688{GMT}	INFO	[jepsen worker 1] jepsen.util: 1	:invoke	:generate	nil
2025-06-02 13:58:52,690{GMT}	INFO	[jepsen worker 1] jepsen.util: 1	:ok	:generate	"n28"
2025-06-02 13:58:52,791{GMT}	INFO	[jepsen worker 2] jepsen.util: 2	:invoke	:generate	nil
2025-06-02 13:58:52,794{GMT}	INFO	[jepsen worker 2] jepsen.util: 2	:ok	:generate	"n38"
2025-06-02 13:58:52,956{GMT}	INFO	[jepsen worker 3] jepsen.util: 3	:invoke	:generate	nil
2025-06-02 13:58:52,959{GMT}	INFO	[jepsen worker 3] jepsen.util: 3	:ok	:generate	"n48"
2025-06-02 13:58:53,026{GMT}	INFO	[jepsen worker 4] jepsen.util: 4	:invoke	:generate	nil
2025-06-02 13:58:53,030{GMT}	INFO	[jepsen worker 4] jepsen.util: 4	:ok	:generate	"n58"
2025-06-02 13:58:53,133{GMT}	INFO	[jepsen worker 0] jepsen.util: 0	:invoke	:generate	nil
2025-06-02 13:58:53,136{GMT}	INFO	[jepsen worker 0] jepsen.util: 0	:ok	:generate	"n116"
2025-06-02 13:58:53,297{GMT}	INFO	[jepsen worker 0] jepsen.util: 0	:invoke	:generate	nil
2025-06-02 13:58:53,301{GMT}	INFO	[jepsen worker 0] jepsen.util: 0	:ok	:generate	"n117"
2025-06-02 13:58:53,483{GMT}	INFO	[jepsen worker 1] jepsen.util: 1	:invoke	:generate	nil
2025-06-02 13:58:53,485{GMT}	INFO	[jepsen worker 1] jepsen.util: 1	:ok	:generate	"n29"
2025-06-02 13:58:53,599{GMT}	INFO	[jepsen worker 2] jepsen.util: 2	:invoke	:generate	nil
2025-06-02 13:58:53,601{GMT}	INFO	[jepsen worker 2] jepsen.util: 2	:ok	:generate	"n39"
2025-06-02 13:58:53,693{GMT}	INFO	[jepsen worker 3] jepsen.util: 3	:invoke	:generate	nil
2025-06-02 13:58:53,695{GMT}	INFO	[jepsen worker 3] jepsen.util: 3	:ok	:generate	"n49"
2025-06-02 13:58:53,765{GMT}	INFO	[jepsen worker 4] jepsen.util: 4	:invoke	:generate	nil
2025-06-02 13:58:53,768{GMT}	INFO	[jepsen worker 4] jepsen.util: 4	:ok	:generate	"n59"
2025-06-02 13:58:53,927{GMT}	INFO	[jepsen worker 0] jepsen.util: 0	:invoke	:generate	nil
2025-06-02 13:58:53,929{GMT}	INFO	[jepsen worker 0] jepsen.util: 0	:ok	:generate	"n118"
2025-06-02 13:58:54,089{GMT}	INFO	[jepsen worker 0] jepsen.util: 0	:invoke	:generate	nil
2025-06-02 13:58:54,092{GMT}	INFO	[jepsen worker 0] jepsen.util: 0	:ok	:generate	"n119"
2025-06-02 13:58:54,235{GMT}	INFO	[jepsen worker 1] jepsen.util: 1	:invoke	:generate	nil
2025-06-02 13:58:54,237{GMT}	INFO	[jepsen worker 1] jepsen.util: 1	:ok	:generate	"n210"
2025-06-02 13:58:54,244{GMT}	INFO	[jepsen worker 2] jepsen.util: 2	:invoke	:generate	nil
2025-06-02 13:58:54,245{GMT}	INFO	[jepsen worker 2] jepsen.util: 2	:ok	:generate	"n310"
2025-06-02 13:58:54,297{GMT}	INFO	[jepsen worker 3] jepsen.util: 3	:invoke	:generate	nil
2025-06-02 13:58:54,299{GMT}	INFO	[jepsen worker 3] jepsen.util: 3	:ok	:generate	"n410"
2025-06-02 13:58:54,473{GMT}	INFO	[jepsen worker 4] jepsen.util: 4	:invoke	:generate	nil
2025-06-02 13:58:54,476{GMT}	INFO	[jepsen worker 4] jepsen.util: 4	:ok	:generate	"n510"
2025-06-02 13:58:54,586{GMT}	INFO	[jepsen worker 0] jepsen.util: 0	:invoke	:generate	nil
2025-06-02 13:58:54,589{GMT}	INFO	[jepsen worker 0] jepsen.util: 0	:ok	:generate	"n120"
2025-06-02 13:58:54,656{GMT}	INFO	[jepsen worker 0] jepsen.util: 0	:invoke	:generate	nil
2025-06-02 13:58:54,659{GMT}	INFO	[jepsen worker 0] jepsen.util: 0	:ok	:generate	"n121"
2025-06-02 13:58:54,715{GMT}	INFO	[jepsen worker 1] jepsen.util: 1	:invoke	:generate	nil
2025-06-02 13:58:54,718{GMT}	INFO	[jepsen worker 1] jepsen.util: 1	:ok	:generate	"n211"
2025-06-02 13:58:54,856{GMT}	INFO	[jepsen worker 2] jepsen.util: 2	:invoke	:generate	nil
2025-06-02 13:58:54,859{GMT}	INFO	[jepsen worker 2] jepsen.util: 2	:ok	:generate	"n311"
2025-06-02 13:58:54,994{GMT}	INFO	[jepsen worker 3] jepsen.util: 3	:invoke	:generate	nil
2025-06-02 13:58:54,997{GMT}	INFO	[jepsen worker 3] jepsen.util: 3	:ok	:generate	"n411"
2025-06-02 13:58:55,057{GMT}	INFO	[jepsen worker 4] jepsen.util: 4	:invoke	:generate	nil
2025-06-02 13:58:55,060{GMT}	INFO	[jepsen worker 4] jepsen.util: 4	:ok	:generate	"n511"
2025-06-02 13:58:55,228{GMT}	INFO	[jepsen worker 0] jepsen.util: 0	:invoke	:generate	nil
2025-06-02 13:58:55,231{GMT}	INFO	[jepsen worker 0] jepsen.util: 0	:ok	:generate	"n122"
2025-06-02 13:58:55,363{GMT}	INFO	[jepsen worker 0] jepsen.util: 0	:invoke	:generate	nil
2025-06-02 13:58:55,365{GMT}	INFO	[jepsen worker 0] jepsen.util: 0	:ok	:generate	"n123"
2025-06-02 13:58:55,542{GMT}	INFO	[jepsen worker 1] jepsen.util: 1	:invoke	:generate	nil
2025-06-02 13:58:55,545{GMT}	INFO	[jepsen worker 1] jepsen.util: 1	:ok	:generate	"n212"
2025-06-02 13:58:55,731{GMT}	INFO	[jepsen worker 2] jepsen.util: 2	:invoke	:generate	nil
2025-06-02 13:58:55,734{GMT}	INFO	[jepsen worker 2] jepsen.util: 2	:ok	:generate	"n312"
2025-06-02 13:58:55,804{GMT}	INFO	[jepsen worker 3] jepsen.util: 3	:invoke	:generate	nil
2025-06-02 13:58:55,808{GMT}	INFO	[jepsen worker 3] jepsen.util: 3	:ok	:generate	"n412"
2025-06-02 13:58:55,984{GMT}	INFO	[jepsen worker 4] jepsen.util: 4	:invoke	:generate	nil
2025-06-02 13:58:55,986{GMT}	INFO	[jepsen worker 4] jepsen.util: 4	:ok	:generate	"n512"
2025-06-02 13:58:56,010{GMT}	INFO	[jepsen worker 0] jepsen.util: 0	:invoke	:generate	nil
2025-06-02 13:58:56,011{GMT}	INFO	[jepsen worker 0] jepsen.util: 0	:ok	:generate	"n124"
2025-06-02 13:58:56,041{GMT}	INFO	[jepsen worker 0] jepsen.util: 0	:invoke	:generate	nil
2025-06-02 13:58:56,042{GMT}	INFO	[jepsen worker 0] jepsen.util: 0	:ok	:generate	"n125"
2025-06-02 13:58:56,133{GMT}	INFO	[jepsen worker 1] jepsen.util: 1	:invoke	:generate	nil
2025-06-02 13:58:56,136{GMT}	INFO	[jepsen worker 1] jepsen.util: 1	:ok	:generate	"n213"
2025-06-02 13:58:56,272{GMT}	INFO	[jepsen worker 2] jepsen.util: 2	:invoke	:generate	nil
2025-06-02 13:58:56,275{GMT}	INFO	[jepsen worker 2] jepsen.util: 2	:ok	:generate	"n313"
2025-06-02 13:58:56,427{GMT}	INFO	[jepsen worker 3] jepsen.util: 3	:invoke	:generate	nil
2025-06-02 13:58:56,429{GMT}	INFO	[jepsen worker 3] jepsen.util: 3	:ok	:generate	"n413"
2025-06-02 13:58:56,486{GMT}	INFO	[jepsen worker 4] jepsen.util: 4	:invoke	:generate	nil
2025-06-02 13:58:56,488{GMT}	INFO	[jepsen worker 4] jepsen.util: 4	:ok	:generate	"n513"
2025-06-02 13:58:56,537{GMT}	INFO	[jepsen worker 0] jepsen.util: 0	:invoke	:generate	nil
2025-06-02 13:58:56,539{GMT}	INFO	[jepsen worker 0] jepsen.util: 0	:ok	:generate	"n126"
2025-06-02 13:58:56,676{GMT}	INFO	[jepsen worker 0] jepsen.util: 0	:invoke	:generate	nil
2025-06-02 13:58:56,678{GMT}	INFO	[jepsen worker 0] jepsen.util: 0	:ok	:generate	"n127"
2025-06-02 13:58:56,824{GMT}	INFO	[jepsen worker 1] jepsen.util: 1	:invoke	:generate	nil
2025-06-02 13:58:56,826{GMT}	INFO	[jepsen worker 1] jepsen.util: 1	:ok	:generate	"n214"
2025-06-02 13:58:56,830{GMT}	INFO	[jepsen worker 2] jepsen.util: 2	:invoke	:generate	nil
2025-06-02 13:58:56,832{GMT}	INFO	[jepsen worker 2] jepsen.util: 2	:ok	:generate	"n314"
2025-06-02 13:58:56,895{GMT}	INFO	[jepsen worker 3] jepsen.util: 3	:invoke	:generate	nil
2025-06-02 13:58:56,898{GMT}	INFO	[jepsen worker 3] jepsen.util: 3	:ok	:generate	"n414"
2025-06-02 13:58:57,091{GMT}	INFO	[jepsen worker 4] jepsen.util: 4	:invoke	:generate	nil
2025-06-02 13:58:57,094{GMT}	INFO	[jepsen worker 4] jepsen.util: 4	:ok	:generate	"n514"
2025-06-02 13:58:57,129{GMT}	INFO	[jepsen worker 0] jepsen.util: 0	:invoke	:generate	nil
2025-06-02 13:58:57,132{GMT}	INFO	[jepsen worker 0] jepsen.util: 0	:ok	:generate	"n128"
2025-06-02 13:58:57,202{GMT}	INFO	[jepsen worker 0] jepsen.util: 0	:invoke	:generate	nil
2025-06-02 13:58:57,205{GMT}	INFO	[jepsen worker 0] jepsen.util: 0	:ok	:generate	"n129"
2025-06-02 13:58:57,360{GMT}	INFO	[jepsen worker 1] jepsen.util: 1	:invoke	:generate	nil
2025-06-02 13:58:57,364{GMT}	INFO	[jepsen worker 1] jepsen.util: 1	:ok	:generate	"n215"
2025-06-02 13:58:57,443{GMT}	INFO	[jepsen worker 2] jepsen.util: 2	:invoke	:generate	nil
2025-06-02 13:58:57,445{GMT}	INFO	[jepsen worker 2] jepsen.util: 2	:ok	:generate	"n315"
2025-06-02 13:58:57,479{GMT}	INFO	[jepsen worker 3] jepsen.util: 3	:invoke	:generate	nil
2025-06-02 13:58:57,482{GMT}	INFO	[jepsen worker 3] jepsen.util: 3	:ok	:generate	"n415"
2025-06-02 13:58:57,676{GMT}	INFO	[jepsen worker 4] jepsen.util: 4	:invoke	:generate	nil
2025-06-02 13:58:57,678{GMT}	INFO	[jepsen worker 4] jepsen.util: 4	:ok	:generate	"n515"
2025-06-02 13:58:57,799{GMT}	INFO	[jepsen worker 0] jepsen.util: 0	:invoke	:generate	nil
2025-06-02 13:58:57,802{GMT}	INFO	[jepsen worker 0] jepsen.util: 0	:ok	:generate	"n130"
2025-06-02 13:58:57,882{GMT}	INFO	[jepsen worker 0] jepsen.util: 0	:invoke	:generate	nil
2025-06-02 13:58:57,886{GMT}	INFO	[jepsen worker 0] jepsen.util: 0	:ok	:generate	"n131"
2025-06-02 13:58:58,060{GMT}	INFO	[jepsen worker 1] jepsen.util: 1	:invoke	:generate	nil
2025-06-02 13:58:58,064{GMT}	INFO	[jepsen worker 1] jepsen.util: 1	:ok	:generate	"n216"
2025-06-02 13:58:58,088{GMT}	INFO	[jepsen worker 2] jepsen.util: 2	:invoke	:generate	nil
2025-06-02 13:58:58,090{GMT}	INFO	[jepsen worker 2] jepsen.util: 2	:ok	:generate	"n316"
2025-06-02 13:58:58,169{GMT}	INFO	[jepsen worker 3] jepsen.util: 3	:invoke	:generate	nil
2025-06-02 13:58:58,172{GMT}	INFO	[jepsen worker 3] jepsen.util: 3	:ok	:generate	"n416"
2025-06-02 13:58:58,192{GMT}	INFO	[jepsen worker 4] jepsen.util: 4	:invoke	:generate	nil
2025-06-02 13:58:58,195{GMT}	INFO	[jepsen worker 4] jepsen.util: 4	:ok	:generate	"n516"
2025-06-02 13:58:58,230{GMT}	INFO	[jepsen worker 0] jepsen.util: 0	:invoke	:generate	nil
2025-06-02 13:58:58,232{GMT}	INFO	[jepsen worker 0] jepsen.util: 0	:ok	:generate	"n132"
2025-06-02 13:58:58,391{GMT}	INFO	[jepsen worker 0] jepsen.util: 0	:invoke	:generate	nil
2025-06-02 13:58:58,393{GMT}	INFO	[jepsen worker 0] jepsen.util: 0	:ok	:generate	"n133"
2025-06-02 13:58:58,513{GMT}	INFO	[jepsen worker 1] jepsen.util: 1	:invoke	:generate	nil
2025-06-02 13:58:58,515{GMT}	INFO	[jepsen worker 1] jepsen.util: 1	:ok	:generate	"n217"
2025-06-02 13:58:58,618{GMT}	INFO	[jepsen worker 2] jepsen.util: 2	:invoke	:generate	nil
2025-06-02 13:58:58,620{GMT}	INFO	[jepsen worker 2] jepsen.util: 2	:ok	:generate	"n317"
2025-06-02 13:58:58,696{GMT}	INFO	[jepsen worker 3] jepsen.util: 3	:invoke	:generate	nil
2025-06-02 13:58:58,699{GMT}	INFO	[jepsen worker 3] jepsen.util: 3	:ok	:generate	"n417"
2025-06-02 13:58:58,709{GMT}	INFO	[jepsen worker 4] jepsen.util: 4	:invoke	:generate	nil
2025-06-02 13:58:58,712{GMT}	INFO	[jepsen worker 4] jepsen.util: 4	:ok	:generate	"n517"
2025-06-02 13:58:58,846{GMT}	INFO	[jepsen worker 0] jepsen.util: 0	:invoke	:generate	nil
2025-06-02 13:58:58,849{GMT}	INFO	[jepsen worker 0] jepsen.util: 0	:ok	:generate	"n134"
2025-06-02 13:58:58,931{GMT}	INFO	[jepsen worker 0] jepsen.util: 0	:invoke	:generate	nil
2025-06-02 13:58:58,933{GMT}	INFO	[jepsen worker 0] jepsen.util: 0	:ok	:generate	"n135"
2025-06-02 13:58:59,094{GMT}	INFO	[jepsen worker 1] jepsen.util: 1	:invoke	:generate	nil
2025-06-02 13:58:59,097{GMT}	INFO	[jepsen worker 1] jepsen.util: 1	:ok	:generate	"n218"
2025-06-02 13:58:59,222{GMT}	INFO	[jepsen worker 2] jepsen.util: 2	:invoke	:generate	nil
2025-06-02 13:58:59,223{GMT}	INFO	[jepsen worker 2] jepsen.util: 2	:ok	:generate	"n318"
2025-06-02 13:58:59,375{GMT}	INFO	[jepsen worker 3] jepsen.util: 3	:invoke	:generate	nil
2025-06-02 13:58:59,377{GMT}	INFO	[jepsen worker 3] jepsen.util: 3	:ok	:generate	"n418"
2025-06-02 13:58:59,467{GMT}	INFO	[jepsen worker 4] jepsen.util: 4	:invoke	:generate	nil
2025-06-02 13:58:59,469{GMT}	INFO	[jepsen worker 4] jepsen.util: 4	:ok	:generate	"n518"
2025-06-02 13:58:59,567{GMT}	INFO	[jepsen worker 0] jepsen.util: 0	:invoke	:generate	nil
2025-06-02 13:58:59,570{GMT}	INFO	[jepsen worker 0] jepsen.util: 0	:ok	:generate	"n136"
2025-06-02 13:58:59,596{GMT}	INFO	[jepsen worker 0] jepsen.util: 0	:invoke	:generate	nil
2025-06-02 13:58:59,598{GMT}	INFO	[jepsen worker 0] jepsen.util: 0	:ok	:generate	"n137"
2025-06-02 13:58:59,665{GMT}	INFO	[jepsen worker 1] jepsen.util: 1	:invoke	:generate	nil
2025-06-02 13:58:59,668{GMT}	INFO	[jepsen worker 1] jepsen.util: 1	:ok	:generate	"n219"
2025-06-02 13:58:59,721{GMT}	INFO	[jepsen worker 2] jepsen.util: 2	:invoke	:generate	nil
2025-06-02 13:58:59,722{GMT}	INFO	[jepsen worker 2] jepsen.util: 2	:ok	:generate	"n319"
2025-06-02 13:58:59,780{GMT}	INFO	[jepsen worker 3] jepsen.util: 3	:invoke	:generate	nil
2025-06-02 13:58:59,781{GMT}	INFO	[jepsen worker 3] jepsen.util: 3	:ok	:generate	"n419"
2025-06-02 13:58:59,955{GMT}	INFO	[jepsen worker 4] jepsen.util: 4	:invoke	:generate	nil
2025-06-02 13:58:59,956{GMT}	INFO	[jepsen worker 4] jepsen.util: 4	:ok	:generate	"n519"
2025-06-02 13:59:00,145{GMT}	INFO	[jepsen worker 0] jepsen.util: 0	:invoke	:generate	nil
2025-06-02 13:59:00,146{GMT}	INFO	[jepsen worker 0] jepsen.util: 0	:ok	:generate	"n138"
2025-06-02 13:59:00,239{GMT}	INFO	[jepsen worker 0] jepsen.util: 0	:invoke	:generate	nil
2025-06-02 13:59:00,241{GMT}	INFO	[jepsen worker 0] jepsen.util: 0	:ok	:generate	"n139"
2025-06-02 13:59:00,307{GMT}	INFO	[jepsen worker 1] jepsen.util: 1	:invoke	:generate	nil
2025-06-02 13:59:00,309{GMT}	INFO	[jepsen worker 1] jepsen.util: 1	:ok	:generate	"n220"
2025-06-02 13:59:00,374{GMT}	INFO	[jepsen worker 2] jepsen.util: 2	:invoke	:generate	nil
2025-06-02 13:59:00,376{GMT}	INFO	[jepsen worker 2] jepsen.util: 2	:ok	:generate	"n320"
2025-06-02 13:59:00,519{GMT}	INFO	[jepsen worker 3] jepsen.util: 3	:invoke	:generate	nil
2025-06-02 13:59:00,521{GMT}	INFO	[jepsen worker 3] jepsen.util: 3	:ok	:generate	"n420"
2025-06-02 13:59:00,648{GMT}	INFO	[jepsen worker 4] jepsen.util: 4	:invoke	:generate	nil
2025-06-02 13:59:00,651{GMT}	INFO	[jepsen worker 4] jepsen.util: 4	:ok	:generate	"n520"
2025-06-02 13:59:00,782{GMT}	INFO	[jepsen worker 0] jepsen.util: 0	:invoke	:generate	nil
2025-06-02 13:59:00,785{GMT}	INFO	[jepsen worker 0] jepsen.util: 0	:ok	:generate	"n140"
2025-06-02 13:59:00,869{GMT}	INFO	[jepsen worker 0] jepsen.util: 0	:invoke	:generate	nil
2025-06-02 13:59:00,871{GMT}	INFO	[jepsen worker 0] jepsen.util: 0	:ok	:generate	"n141"
2025-06-02 13:59:01,000{GMT}	INFO	[jepsen worker 1] jepsen.util: 1	:invoke	:generate	nil
2025-06-02 13:59:01,002{GMT}	INFO	[jepsen worker 1] jepsen.util: 1	:ok	:generate	"n221"
2025-06-02 13:59:01,089{GMT}	INFO	[jepsen worker 2] jepsen.util: 2	:invoke	:generate	nil
2025-06-02 13:59:01,090{GMT}	INFO	[jepsen worker 2] jepsen.util: 2	:ok	:generate	"n321"
2025-06-02 13:59:01,201{GMT}	INFO	[jepsen worker 3] jepsen.util: 3	:invoke	:generate	nil
2025-06-02 13:59:01,202{GMT}	INFO	[jepsen worker 3] jepsen.util: 3	:ok	:generate	"n421"
2025-06-02 13:59:01,275{GMT}	INFO	[jepsen worker 4] jepsen.util: 4	:invoke	:generate	nil
2025-06-02 13:59:01,276{GMT}	INFO	[jepsen worker 4] jepsen.util: 4	:ok	:generate	"n521"
2025-06-02 13:59:01,396{GMT}	INFO	[jepsen worker 0] jepsen.util: 0	:invoke	:generate	nil
2025-06-02 13:59:01,397{GMT}	INFO	[jepsen worker 0] jepsen.util: 0	:ok	:generate	"n142"
2025-06-02 13:59:01,496{GMT}	INFO	[jepsen worker 0] jepsen.util: 0	:invoke	:generate	nil
2025-06-02 13:59:01,499{GMT}	INFO	[jepsen worker 0] jepsen.util: 0	:ok	:generate	"n143"
2025-06-02 13:59:01,585{GMT}	INFO	[jepsen worker 1] jepsen.util: 1	:invoke	:generate	nil
2025-06-02 13:59:01,588{GMT}	INFO	[jepsen worker 1] jepsen.util: 1	:ok	:generate	"n222"
2025-06-02 13:59:01,718{GMT}	INFO	[jepsen worker 2] jepsen.util: 2	:invoke	:generate	nil
2025-06-02 13:59:01,721{GMT}	INFO	[jepsen worker 2] jepsen.util: 2	:ok	:generate	"n322"
2025-06-02 13:59:01,873{GMT}	INFO	[jepsen worker 3] jepsen.util: 3	:invoke	:generate	nil
2025-06-02 13:59:01,875{GMT}	INFO	[jepsen worker 3] jepsen.util: 3	:ok	:generate	"n422"
2025-06-02 13:59:02,019{GMT}	INFO	[jepsen worker 4] jepsen.util: 4	:invoke	:generate	nil
2025-06-02 13:59:02,022{GMT}	INFO	[jepsen worker 4] jepsen.util: 4	:ok	:generate	"n522"
2025-06-02 13:59:02,115{GMT}	INFO	[jepsen worker 0] jepsen.util: 0	:invoke	:generate	nil
2025-06-02 13:59:02,118{GMT}	INFO	[jepsen worker 0] jepsen.util: 0	:ok	:generate	"n144"
2025-06-02 13:59:02,232{GMT}	INFO	[jepsen worker 0] jepsen.util: 0	:invoke	:generate	nil
2025-06-02 13:59:02,234{GMT}	INFO	[jepsen worker 0] jepsen.util: 0	:ok	:generate	"n145"
2025-06-02 13:59:02,263{GMT}	INFO	[jepsen worker 1] jepsen.util: 1	:invoke	:generate	nil
2025-06-02 13:59:02,265{GMT}	INFO	[jepsen worker 1] jepsen.util: 1	:ok	:generate	"n223"
2025-06-02 13:59:02,300{GMT}	INFO	[jepsen worker 2] jepsen.util: 2	:invoke	:generate	nil
2025-06-02 13:59:02,302{GMT}	INFO	[jepsen worker 2] jepsen.util: 2	:ok	:generate	"n323"
2025-06-02 13:59:02,410{GMT}	INFO	[jepsen worker 3] jepsen.util: 3	:invoke	:generate	nil
2025-06-02 13:59:02,412{GMT}	INFO	[jepsen worker 3] jepsen.util: 3	:ok	:generate	"n423"
2025-06-02 13:59:02,550{GMT}	INFO	[jepsen worker 4] jepsen.util: 4	:invoke	:generate	nil
2025-06-02 13:59:02,552{GMT}	INFO	[jepsen worker 4] jepsen.util: 4	:ok	:generate	"n523"
2025-06-02 13:59:02,695{GMT}	INFO	[jepsen worker 0] jepsen.util: 0	:invoke	:generate	nil
2025-06-02 13:59:02,699{GMT}	INFO	[jepsen worker 0] jepsen.util: 0	:ok	:generate	"n146"
2025-06-02 13:59:02,828{GMT}	INFO	[jepsen worker 0] jepsen.util: 0	:invoke	:generate	nil
2025-06-02 13:59:02,830{GMT}	INFO	[jepsen worker 0] jepsen.util: 0	:ok	:generate	"n147"
2025-06-02 13:59:02,882{GMT}	INFO	[jepsen worker 1] jepsen.util: 1	:invoke	:generate	nil
2025-06-02 13:59:02,885{GMT}	INFO	[jepsen worker 1] jepsen.util: 1	:ok	:generate	"n224"
2025-06-02 13:59:03,077{GMT}	INFO	[jepsen worker 2] jepsen.util: 2	:invoke	:generate	nil
2025-06-02 13:59:03,079{GMT}	INFO	[jepsen worker 2] jepsen.util: 2	:ok	:generate	"n324"
2025-06-02 13:59:03,184{GMT}	INFO	[jepsen worker 3] jepsen.util: 3	:invoke	:generate	nil
2025-06-02 13:59:03,185{GMT}	INFO	[jepsen worker 3] jepsen.util: 3	:ok	:generate	"n424"
2025-06-02 13:59:03,267{GMT}	INFO	[jepsen worker 4] jepsen.util: 4	:invoke	:generate	nil
2025-06-02 13:59:03,269{GMT}	INFO	[jepsen worker 4] jepsen.util: 4	:ok	:generate	"n524"
2025-06-02 13:59:03,445{GMT}	INFO	[jepsen worker 0] jepsen.util: 0	:invoke	:generate	nil
2025-06-02 13:59:03,448{GMT}	INFO	[jepsen worker 0] jepsen.util: 0	:ok	:generate	"n148"
2025-06-02 13:59:03,491{GMT}	INFO	[jepsen worker 0] jepsen.util: 0	:invoke	:generate	nil
2025-06-02 13:59:03,493{GMT}	INFO	[jepsen worker 0] jepsen.util: 0	:ok	:generate	"n149"
2025-06-02 13:59:03,536{GMT}	INFO	[jepsen worker 1] jepsen.util: 1	:invoke	:generate	nil
2025-06-02 13:59:03,538{GMT}	INFO	[jepsen worker 1] jepsen.util: 1	:ok	:generate	"n225"
2025-06-02 13:59:03,703{GMT}	INFO	[jepsen worker 2] jepsen.util: 2	:invoke	:generate	nil
2025-06-02 13:59:03,705{GMT}	INFO	[jepsen worker 2] jepsen.util: 2	:ok	:generate	"n325"
2025-06-02 13:59:03,778{GMT}	INFO	[jepsen worker 3] jepsen.util: 3	:invoke	:generate	nil
2025-06-02 13:59:03,780{GMT}	INFO	[jepsen worker 3] jepsen.util: 3	:ok	:generate	"n425"
2025-06-02 13:59:03,860{GMT}	INFO	[jepsen worker 4] jepsen.util: 4	:invoke	:generate	nil
2025-06-02 13:59:03,861{GMT}	INFO	[jepsen worker 4] jepsen.util: 4	:ok	:generate	"n525"
2025-06-02 13:59:03,881{GMT}	INFO	[jepsen worker 0] jepsen.util: 0	:invoke	:generate	nil
2025-06-02 13:59:03,882{GMT}	INFO	[jepsen worker 0] jepsen.util: 0	:ok	:generate	"n150"
2025-06-02 13:59:03,948{GMT}	INFO	[jepsen worker 0] jepsen.util: 0	:invoke	:generate	nil
2025-06-02 13:59:03,949{GMT}	INFO	[jepsen worker 0] jepsen.util: 0	:ok	:generate	"n151"
2025-06-02 13:59:04,054{GMT}	INFO	[jepsen worker 1] jepsen.util: 1	:invoke	:generate	nil
2025-06-02 13:59:04,056{GMT}	INFO	[jepsen worker 1] jepsen.util: 1	:ok	:generate	"n226"
2025-06-02 13:59:04,071{GMT}	INFO	[jepsen worker 2] jepsen.util: 2	:invoke	:generate	nil
2025-06-02 13:59:04,072{GMT}	INFO	[jepsen worker 2] jepsen.util: 2	:ok	:generate	"n326"
2025-06-02 13:59:04,246{GMT}	INFO	[jepsen worker 3] jepsen.util: 3	:invoke	:generate	nil
2025-06-02 13:59:04,254{GMT}	INFO	[jepsen worker 4] jepsen.util: 4	:invoke	:generate	nil
2025-06-02 13:59:04,264{GMT}	INFO	[jepsen worker 3] jepsen.util: 3	:ok	:generate	"n426"
2025-06-02 13:59:04,265{GMT}	INFO	[jepsen worker 4] jepsen.util: 4	:ok	:generate	"n526"
2025-06-02 13:59:04,453{GMT}	INFO	[jepsen worker 0] jepsen.util: 0	:invoke	:generate	nil
2025-06-02 13:59:04,454{GMT}	INFO	[jepsen worker 0] jepsen.util: 0	:ok	:generate	"n152"
2025-06-02 13:59:04,546{GMT}	INFO	[jepsen worker 0] jepsen.util: 0	:invoke	:generate	nil
2025-06-02 13:59:04,548{GMT}	INFO	[jepsen worker 0] jepsen.util: 0	:ok	:generate	"n153"
2025-06-02 13:59:04,614{GMT}	INFO	[jepsen worker 1] jepsen.util: 1	:invoke	:generate	nil
2025-06-02 13:59:04,616{GMT}	INFO	[jepsen worker 1] jepsen.util: 1	:ok	:generate	"n227"
2025-06-02 13:59:04,695{GMT}	INFO	[jepsen worker 2] jepsen.util: 2	:invoke	:generate	nil
2025-06-02 13:59:04,696{GMT}	INFO	[jepsen worker 2] jepsen.util: 2	:ok	:generate	"n327"
2025-06-02 13:59:04,730{GMT}	INFO	[jepsen worker 3] jepsen.util: 3	:invoke	:generate	nil
2025-06-02 13:59:04,732{GMT}	INFO	[jepsen worker 3] jepsen.util: 3	:ok	:generate	"n427"
2025-06-02 13:59:04,760{GMT}	INFO	[jepsen worker 4] jepsen.util: 4	:invoke	:generate	nil
2025-06-02 13:59:04,762{GMT}	INFO	[jepsen worker 4] jepsen.util: 4	:ok	:generate	"n527"
2025-06-02 13:59:04,896{GMT}	INFO	[jepsen worker 0] jepsen.util: 0	:invoke	:generate	nil
2025-06-02 13:59:04,898{GMT}	INFO	[jepsen worker 0] jepsen.util: 0	:ok	:generate	"n154"
2025-06-02 13:59:05,028{GMT}	INFO	[jepsen worker 0] jepsen.util: 0	:invoke	:generate	nil
2025-06-02 13:59:05,029{GMT}	INFO	[jepsen worker 0] jepsen.util: 0	:ok	:generate	"n155"
2025-06-02 13:59:05,167{GMT}	INFO	[jepsen worker 1] jepsen.util: 1	:invoke	:generate	nil
2025-06-02 13:59:05,169{GMT}	INFO	[jepsen worker 1] jepsen.util: 1	:ok	:generate	"n228"
2025-06-02 13:59:05,249{GMT}	INFO	[jepsen worker 2] jepsen.util: 2	:invoke	:generate	nil
2025-06-02 13:59:05,251{GMT}	INFO	[jepsen worker 2] jepsen.util: 2	:ok	:generate	"n328"
2025-06-02 13:59:05,281{GMT}	INFO	[jepsen worker 3] jepsen.util: 3	:invoke	:generate	nil
2025-06-02 13:59:05,282{GMT}	INFO	[jepsen worker 3] jepsen.util: 3	:ok	:generate	"n428"
2025-06-02 13:59:05,464{GMT}	INFO	[jepsen worker 4] jepsen.util: 4	:invoke	:generate	nil
2025-06-02 13:59:05,466{GMT}	INFO	[jepsen worker 4] jepsen.util: 4	:ok	:generate	"n528"
2025-06-02 13:59:05,594{GMT}	INFO	[jepsen worker 0] jepsen.util: 0	:invoke	:generate	nil
2025-06-02 13:59:05,596{GMT}	INFO	[jepsen worker 0] jepsen.util: 0	:ok	:generate	"n156"
2025-06-02 13:59:05,637{GMT}	INFO	[jepsen worker 0] jepsen.util: 0	:invoke	:generate	nil
2025-06-02 13:59:05,639{GMT}	INFO	[jepsen worker 0] jepsen.util: 0	:ok	:generate	"n157"
2025-06-02 13:59:05,781{GMT}	INFO	[jepsen worker 1] jepsen.util: 1	:invoke	:generate	nil
2025-06-02 13:59:05,782{GMT}	INFO	[jepsen worker 1] jepsen.util: 1	:ok	:generate	"n229"
2025-06-02 13:59:05,844{GMT}	INFO	[jepsen worker 2] jepsen.util: 2	:invoke	:generate	nil
2025-06-02 13:59:05,846{GMT}	INFO	[jepsen worker 2] jepsen.util: 2	:ok	:generate	"n329"
2025-06-02 13:59:05,990{GMT}	INFO	[jepsen worker 3] jepsen.util: 3	:invoke	:generate	nil
2025-06-02 13:59:05,992{GMT}	INFO	[jepsen worker 3] jepsen.util: 3	:ok	:generate	"n429"
2025-06-02 13:59:06,129{GMT}	INFO	[jepsen worker 4] jepsen.util: 4	:invoke	:generate	nil
2025-06-02 13:59:06,130{GMT}	INFO	[jepsen worker 4] jepsen.util: 4	:ok	:generate	"n529"
2025-06-02 13:59:06,182{GMT}	INFO	[jepsen worker 0] jepsen.util: 0	:invoke	:generate	nil
2025-06-02 13:59:06,184{GMT}	INFO	[jepsen worker 0] jepsen.util: 0	:ok	:generate	"n158"
2025-06-02 13:59:06,346{GMT}	INFO	[jepsen worker 0] jepsen.util: 0	:invoke	:generate	nil
2025-06-02 13:59:06,349{GMT}	INFO	[jepsen worker 0] jepsen.util: 0	:ok	:generate	"n159"
2025-06-02 13:59:06,424{GMT}	INFO	[jepsen worker 1] jepsen.util: 1	:invoke	:generate	nil
2025-06-02 13:59:06,427{GMT}	INFO	[jepsen worker 1] jepsen.util: 1	:ok	:generate	"n230"
2025-06-02 13:59:06,452{GMT}	INFO	[jepsen worker 2] jepsen.util: 2	:invoke	:generate	nil
2025-06-02 13:59:06,455{GMT}	INFO	[jepsen worker 2] jepsen.util: 2	:ok	:generate	"n330"
2025-06-02 13:59:06,601{GMT}	INFO	[jepsen worker 3] jepsen.util: 3	:invoke	:generate	nil
2025-06-02 13:59:06,602{GMT}	INFO	[jepsen worker 3] jepsen.util: 3	:ok	:generate	"n430"
2025-06-02 13:59:06,699{GMT}	INFO	[jepsen worker 4] jepsen.util: 4	:invoke	:generate	nil
2025-06-02 13:59:06,701{GMT}	INFO	[jepsen worker 4] jepsen.util: 4	:ok	:generate	"n530"
2025-06-02 13:59:06,805{GMT}	INFO	[jepsen worker 0] jepsen.util: 0	:invoke	:generate	nil
2025-06-02 13:59:06,808{GMT}	INFO	[jepsen worker 0] jepsen.util: 0	:ok	:generate	"n160"
2025-06-02 13:59:06,904{GMT}	INFO	[jepsen worker 0] jepsen.util: 0	:invoke	:generate	nil
2025-06-02 13:59:06,905{GMT}	INFO	[jepsen worker 0] jepsen.util: 0	:ok	:generate	"n161"
2025-06-02 13:59:07,084{GMT}	INFO	[jepsen worker 1] jepsen.util: 1	:invoke	:generate	nil
2025-06-02 13:59:07,086{GMT}	INFO	[jepsen worker 1] jepsen.util: 1	:ok	:generate	"n231"
2025-06-02 13:59:07,185{GMT}	INFO	[jepsen worker 2] jepsen.util: 2	:invoke	:generate	nil
2025-06-02 13:59:07,187{GMT}	INFO	[jepsen worker 2] jepsen.util: 2	:ok	:generate	"n331"
2025-06-02 13:59:07,218{GMT}	INFO	[jepsen worker 3] jepsen.util: 3	:invoke	:generate	nil
2025-06-02 13:59:07,221{GMT}	INFO	[jepsen worker 3] jepsen.util: 3	:ok	:generate	"n431"
2025-06-02 13:59:07,276{GMT}	INFO	[jepsen worker 4] jepsen.util: 4	:invoke	:generate	nil
2025-06-02 13:59:07,278{GMT}	INFO	[jepsen worker 4] jepsen.util: 4	:ok	:generate	"n531"
2025-06-02 13:59:07,455{GMT}	INFO	[jepsen worker 0] jepsen.util: 0	:invoke	:generate	nil
2025-06-02 13:59:07,457{GMT}	INFO	[jepsen worker 0] jepsen.util: 0	:ok	:generate	"n162"
2025-06-02 13:59:07,573{GMT}	INFO	[jepsen worker 0] jepsen.util: 0	:invoke	:generate	nil
2025-06-02 13:59:07,576{GMT}	INFO	[jepsen worker 0] jepsen.util: 0	:ok	:generate	"n163"
2025-06-02 13:59:07,695{GMT}	INFO	[jepsen worker 1] jepsen.util: 1	:invoke	:generate	nil
2025-06-02 13:59:07,698{GMT}	INFO	[jepsen worker 1] jepsen.util: 1	:ok	:generate	"n232"
2025-06-02 13:59:07,712{GMT}	INFO	[jepsen worker 2] jepsen.util: 2	:invoke	:generate	nil
2025-06-02 13:59:07,714{GMT}	INFO	[jepsen worker 2] jepsen.util: 2	:ok	:generate	"n332"
2025-06-02 13:59:07,793{GMT}	INFO	[jepsen worker 3] jepsen.util: 3	:invoke	:generate	nil
2025-06-02 13:59:07,796{GMT}	INFO	[jepsen worker 3] jepsen.util: 3	:ok	:generate	"n432"
2025-06-02 13:59:07,873{GMT}	INFO	[jepsen worker 4] jepsen.util: 4	:invoke	:generate	nil
2025-06-02 13:59:07,874{GMT}	INFO	[jepsen worker 4] jepsen.util: 4	:ok	:generate	"n532"
2025-06-02 13:59:07,972{GMT}	INFO	[jepsen worker 0] jepsen.util: 0	:invoke	:generate	nil
2025-06-02 13:59:07,973{GMT}	INFO	[jepsen worker 0] jepsen.util: 0	:ok	:generate	"n164"
2025-06-02 13:59:07,992{GMT}	INFO	[jepsen test runner] jepsen.core: Run complete, writing
2025-06-02 13:59:08,038{GMT}	INFO	[jepsen node n4] maelstrom.db: Tearing down n4
2025-06-02 13:59:08,038{GMT}	INFO	[jepsen node n1] maelstrom.db: Tearing down n1
2025-06-02 13:59:08,038{GMT}	INFO	[jepsen node n2] maelstrom.db: Tearing down n2
2025-06-02 13:59:08,038{GMT}	INFO	[jepsen node n5] maelstrom.db: Tearing down n5
2025-06-02 13:59:08,038{GMT}	INFO	[jepsen node n3] maelstrom.db: Tearing down n3
2025-06-02 13:59:09,172{GMT}	INFO	[jepsen node n1] maelstrom.net: Shutting down Maelstrom network
2025-06-02 13:59:09,173{GMT}	INFO	[jepsen test runner] jepsen.core: Analyzing...
2025-06-02 13:59:09,310{GMT}	INFO	[jepsen test runner] jepsen.core: Analysis complete
2025-06-02 13:59:09,316{GMT}	INFO	[jepsen results] jepsen.store: Wrote /Users/adr/code/maelstrom/store/unique-ids/20250602T135838.195-0400/results.edn
2025-06-02 13:59:09,335{GMT}	INFO	[jepsen test runner] jepsen.core: {:perf {:latency-graph {:valid? true},
        :rate-graph {:valid? true},
        :valid? true},
 :timeline {:valid? true},
 :exceptions {:valid? true},
 :stats {:valid? true,
         :count 192,
         :ok-count 192,
         :fail-count 0,
         :info-count 0,
         :by-f {:generate {:valid? true,
                           :count 192,
                           :ok-count 192,
                           :fail-count 0,
                           :info-count 0}}},
 :availability {:valid? true, :ok-fraction 1.0},
 :net {:all {:send-count 394,
             :recv-count 394,
             :msg-count 394,
             :msgs-per-op 2.0520833},
       :clients {:send-count 394, :recv-count 394, :msg-count 394},
       :servers {:send-count 0,
                 :recv-count 0,
                 :msg-count 0,
                 :msgs-per-op 0.0},
       :valid? true},
 :workload {:valid? true,
            :attempted-count 192,
            :acknowledged-count 192,
            :duplicated-count 0,
            :duplicated {},
            :range ["n11" "n59"]},
 :valid? true}


Everything looks good! ヽ(‘ー`)ノ
