[RECEIVED] {"id":1,"src":"c2","dest":"n1","body":{"type":"init","node_id":"n1","node_ids":["n1","n2","n3","n4","n5"],"msg_id":1}}
[SEND RESPONSE] {"src":"n1","dest":"c2","body":{"type":"init_ok","in_reply_to":1,"msg_id":0}}
[RECEIVED] {"id":10,"src":"c10","dest":"n1","body":{"echo":"Please echo 61","type":"echo","msg_id":1}}
[MATCH ECHO]
[SEND RESPONSE] {"src":"n1","dest":"c10","body":{"type":"echo_ok","echo":"Please echo 61","msg_id":1,"in_reply_to":1}}
[RECEIVED] {"id":16,"src":"c10","dest":"n1","body":{"echo":"Please echo 59","type":"echo","msg_id":2}}
[MATCH ECHO]
[SEND RESPONSE] {"src":"n1","dest":"c10","body":{"type":"echo_ok","echo":"Please echo 59","msg_id":2,"in_reply_to":2}}
[RECEIVED] {"id":32,"src":"c10","dest":"n1","body":{"echo":"Please echo 78","type":"echo","msg_id":3}}
[MATCH ECHO]
[SEND RESPONSE] {"src":"n1","dest":"c10","body":{"type":"echo_ok","echo":"Please echo 78","msg_id":3,"in_reply_to":3}}
[RECEIVED] {"id":44,"src":"c10","dest":"n1","body":{"echo":"Please echo 18","type":"echo","msg_id":4}}
[MATCH ECHO]
[SEND RESPONSE] {"src":"n1","dest":"c10","body":{"type":"echo_ok","echo":"Please echo 18","msg_id":4,"in_reply_to":4}}
[RECEIVED] {"id":66,"src":"c10","dest":"n1","body":{"echo":"Please echo 8","type":"echo","msg_id":5}}
[MATCH ECHO]
[SEND RESPONSE] {"src":"n1","dest":"c10","body":{"type":"echo_ok","echo":"Please echo 8","msg_id":5,"in_reply_to":5}}
[RECEIVED] {"id":76,"src":"c10","dest":"n1","body":{"echo":"Please echo 34","type":"echo","msg_id":6}}
[MATCH ECHO]
[SEND RESPONSE] {"src":"n1","dest":"c10","body":{"type":"echo_ok","echo":"Please echo 34","msg_id":6,"in_reply_to":6}}
[RECEIVED] {"id":82,"src":"c10","dest":"n1","body":{"echo":"Please echo 48","type":"echo","msg_id":7}}
[MATCH ECHO]
[SEND RESPONSE] {"src":"n1","dest":"c10","body":{"type":"echo_ok","echo":"Please echo 48","msg_id":7,"in_reply_to":7}}
[RECEIVED] {"id":86,"src":"c10","dest":"n1","body":{"echo":"Please echo 16","type":"echo","msg_id":8}}
[MATCH ECHO]
[SEND RESPONSE] {"src":"n1","dest":"c10","body":{"type":"echo_ok","echo":"Please echo 16","msg_id":8,"in_reply_to":8}}
[RECEIVED] {"id":93,"src":"c10","dest":"n1","body":{"echo":"Please echo 76","type":"echo","msg_id":9}}
[MATCH ECHO]
[SEND RESPONSE] {"src":"n1","dest":"c10","body":{"type":"echo_ok","echo":"Please echo 76","msg_id":9,"in_reply_to":9}}
[RECEIVED] {"id":106,"src":"c10","dest":"n1","body":{"echo":"Please echo 75","type":"echo","msg_id":10}}
[MATCH ECHO]
[SEND RESPONSE] {"src":"n1","dest":"c10","body":{"type":"echo_ok","echo":"Please echo 75","msg_id":10,"in_reply_to":10}}
[RECEIVED] {"id":108,"src":"c10","dest":"n1","body":{"echo":"Please echo 37","type":"echo","msg_id":11}}
[MATCH ECHO]
[SEND RESPONSE] {"src":"n1","dest":"c10","body":{"type":"echo_ok","echo":"Please echo 37","msg_id":11,"in_reply_to":11}}
[RECEIVED] {"id":110,"src":"c10","dest":"n1","body":{"echo":"Please echo 114","type":"echo","msg_id":12}}
[MATCH ECHO]
[SEND RESPONSE] {"src":"n1","dest":"c10","body":{"type":"echo_ok","echo":"Please echo 114","msg_id":12,"in_reply_to":12}}
