[RECEIVED] {"id":2,"src":"c1","dest":"n3","body":{"type":"init","node_id":"n3","node_ids":["n1","n2","n3","n4","n5"],"msg_id":1}}
[SEND RESPONSE] {"src":"n3","dest":"c1","body":{"type":"init_ok","in_reply_to":1,"msg_id":0}}
[RECEIVED] {"id":54,"src":"c14","dest":"n3","body":{"echo":"Please echo 75","type":"echo","msg_id":1}}
[MATCH ECHO]
[SEND RESPONSE] {"src":"n3","dest":"c14","body":{"type":"echo_ok","echo":"Please echo 75","msg_id":1,"in_reply_to":1}}
[RECEIVED] {"id":61,"src":"c14","dest":"n3","body":{"echo":"Please echo 56","type":"echo","msg_id":2}}
[MATCH ECHO]
[SEND RESPONSE] {"src":"n3","dest":"c14","body":{"type":"echo_ok","echo":"Please echo 56","msg_id":2,"in_reply_to":2}}
[RECEIVED] {"id":78,"src":"c14","dest":"n3","body":{"echo":"Please echo 44","type":"echo","msg_id":3}}
[MATCH ECHO]
[SEND RESPONSE] {"src":"n3","dest":"c14","body":{"type":"echo_ok","echo":"Please echo 44","msg_id":3,"in_reply_to":3}}
[RECEIVED] {"id":90,"src":"c14","dest":"n3","body":{"echo":"Please echo 70","type":"echo","msg_id":4}}
[MATCH ECHO]
[SEND RESPONSE] {"src":"n3","dest":"c14","body":{"type":"echo_ok","echo":"Please echo 70","msg_id":4,"in_reply_to":4}}
[RECEIVED] {"id":96,"src":"c14","dest":"n3","body":{"echo":"Please echo 47","type":"echo","msg_id":5}}
[MATCH ECHO]
[SEND RESPONSE] {"src":"n3","dest":"c14","body":{"type":"echo_ok","echo":"Please echo 47","msg_id":5,"in_reply_to":5}}
[RECEIVED] {"id":98,"src":"c14","dest":"n3","body":{"echo":"Please echo 51","type":"echo","msg_id":6}}
[MATCH ECHO]
[SEND RESPONSE] {"src":"n3","dest":"c14","body":{"type":"echo_ok","echo":"Please echo 51","msg_id":6,"in_reply_to":6}}
