[RECEIVED] {"id":3,"src":"c3","dest":"n5","body":{"type":"init","node_id":"n5","node_ids":["n1","n2","n3","n4","n5"],"msg_id":1}}
[SEND RESPONSE] {"src":"n5","dest":"c3","body":{"type":"init_ok","in_reply_to":1,"msg_id":0}}
[RECEIVED] {"id":14,"src":"c12","dest":"n5","body":{"echo":"Please echo 45","type":"echo","msg_id":1}}
[MATCH ECHO]
[SEND RESPONSE] {"src":"n5","dest":"c12","body":{"type":"echo_ok","echo":"Please echo 45","msg_id":1,"in_reply_to":1}}
[RECEIVED] {"id":26,"src":"c12","dest":"n5","body":{"echo":"Please echo 72","type":"echo","msg_id":2}}
[MATCH ECHO]
[SEND RESPONSE] {"src":"n5","dest":"c12","body":{"type":"echo_ok","echo":"Please echo 72","msg_id":2,"in_reply_to":2}}
[RECEIVED] {"id":30,"src":"c12","dest":"n5","body":{"echo":"Please echo 74","type":"echo","msg_id":3}}
[MATCH ECHO]
[SEND RESPONSE] {"src":"n5","dest":"c12","body":{"type":"echo_ok","echo":"Please echo 74","msg_id":3,"in_reply_to":3}}
[RECEIVED] {"id":40,"src":"c12","dest":"n5","body":{"echo":"Please echo 39","type":"echo","msg_id":4}}
[MATCH ECHO]
[SEND RESPONSE] {"src":"n5","dest":"c12","body":{"type":"echo_ok","echo":"Please echo 39","msg_id":4,"in_reply_to":4}}
[RECEIVED] {"id":48,"src":"c12","dest":"n5","body":{"echo":"Please echo 38","type":"echo","msg_id":5}}
[MATCH ECHO]
[SEND RESPONSE] {"src":"n5","dest":"c12","body":{"type":"echo_ok","echo":"Please echo 38","msg_id":5,"in_reply_to":5}}
[RECEIVED] {"id":52,"src":"c12","dest":"n5","body":{"echo":"Please echo 87","type":"echo","msg_id":6}}
[MATCH ECHO]
[SEND RESPONSE] {"src":"n5","dest":"c12","body":{"type":"echo_ok","echo":"Please echo 87","msg_id":6,"in_reply_to":6}}
[RECEIVED] {"id":56,"src":"c12","dest":"n5","body":{"echo":"Please echo 70","type":"echo","msg_id":7}}
[MATCH ECHO]
[SEND RESPONSE] {"src":"n5","dest":"c12","body":{"type":"echo_ok","echo":"Please echo 70","msg_id":7,"in_reply_to":7}}
[RECEIVED] {"id":60,"src":"c12","dest":"n5","body":{"echo":"Please echo 115","type":"echo","msg_id":8}}
[MATCH ECHO]
[SEND RESPONSE] {"src":"n5","dest":"c12","body":{"type":"echo_ok","echo":"Please echo 115","msg_id":8,"in_reply_to":8}}
[RECEIVED] {"id":68,"src":"c12","dest":"n5","body":{"echo":"Please echo 107","type":"echo","msg_id":9}}
[MATCH ECHO]
[SEND RESPONSE] {"src":"n5","dest":"c12","body":{"type":"echo_ok","echo":"Please echo 107","msg_id":9,"in_reply_to":9}}
[RECEIVED] {"id":71,"src":"c12","dest":"n5","body":{"echo":"Please echo 46","type":"echo","msg_id":10}}
[MATCH ECHO]
[SEND RESPONSE] {"src":"n5","dest":"c12","body":{"type":"echo_ok","echo":"Please echo 46","msg_id":10,"in_reply_to":10}}
[RECEIVED] {"id":74,"src":"c12","dest":"n5","body":{"echo":"Please echo 16","type":"echo","msg_id":11}}
[MATCH ECHO]
[SEND RESPONSE] {"src":"n5","dest":"c12","body":{"type":"echo_ok","echo":"Please echo 16","msg_id":11,"in_reply_to":11}}
[RECEIVED] {"id":102,"src":"c12","dest":"n5","body":{"echo":"Please echo 7","type":"echo","msg_id":12}}
[MATCH ECHO]
[SEND RESPONSE] {"src":"n5","dest":"c12","body":{"type":"echo_ok","echo":"Please echo 7","msg_id":12,"in_reply_to":12}}
