[RECEIVED] {"id":2,"src":"c2","dest":"n5","body":{"type":"init","node_id":"n5","node_ids":["n1","n2","n3","n4","n5"],"msg_id":1}}
[MATCH INIT]
[INIT] {"src":"n5","dest":"c2","body":{"type":"init_ok","in_reply_to":1,"msg_id":0}}
[RECEIVED] {"id":18,"src":"c14","dest":"n5","body":{"type":"generate","msg_id":1}}
[MATCH GENERATE]
[GENERATE] {"src":"n5","dest":"c14","body":{"type":"generate_ok","in_reply_to":1,"msg_id":1,"id":"n51"}}
[RECEIVED] {"id":30,"src":"c14","dest":"n5","body":{"type":"generate","msg_id":2}}
[MATCH GENERATE]
[GENERATE] {"src":"n5","dest":"c14","body":{"type":"generate_ok","in_reply_to":2,"msg_id":2,"id":"n52"}}
[RECEIVED] {"id":42,"src":"c14","dest":"n5","body":{"type":"generate","msg_id":3}}
[MATCH GENERATE]
[GENERATE] {"src":"n5","dest":"c14","body":{"type":"generate_ok","in_reply_to":3,"msg_id":3,"id":"n53"}}
[RECEIVED] {"id":54,"src":"c14","dest":"n5","body":{"type":"generate","msg_id":4}}
[MATCH GENERATE]
[GENERATE] {"src":"n5","dest":"c14","body":{"type":"generate_ok","in_reply_to":4,"msg_id":4,"id":"n54"}}
[RECEIVED] {"id":66,"src":"c14","dest":"n5","body":{"type":"generate","msg_id":5}}
[MATCH GENERATE]
[GENERATE] {"src":"n5","dest":"c14","body":{"type":"generate_ok","in_reply_to":5,"msg_id":5,"id":"n55"}}
[RECEIVED] {"id":78,"src":"c14","dest":"n5","body":{"type":"generate","msg_id":6}}
[MATCH GENERATE]
[GENERATE] {"src":"n5","dest":"c14","body":{"type":"generate_ok","in_reply_to":6,"msg_id":6,"id":"n56"}}
[RECEIVED] {"id":90,"src":"c14","dest":"n5","body":{"type":"generate","msg_id":7}}
[MATCH GENERATE]
[GENERATE] {"src":"n5","dest":"c14","body":{"type":"generate_ok","in_reply_to":7,"msg_id":7,"id":"n57"}}
[RECEIVED] {"id":102,"src":"c14","dest":"n5","body":{"type":"generate","msg_id":8}}
[MATCH GENERATE]
[GENERATE] {"src":"n5","dest":"c14","body":{"type":"generate_ok","in_reply_to":8,"msg_id":8,"id":"n58"}}
[RECEIVED] {"id":114,"src":"c14","dest":"n5","body":{"type":"generate","msg_id":9}}
[MATCH GENERATE]
[GENERATE] {"src":"n5","dest":"c14","body":{"type":"generate_ok","in_reply_to":9,"msg_id":9,"id":"n59"}}
[RECEIVED] {"id":126,"src":"c14","dest":"n5","body":{"type":"generate","msg_id":10}}
[MATCH GENERATE]
[GENERATE] {"src":"n5","dest":"c14","body":{"type":"generate_ok","in_reply_to":10,"msg_id":10,"id":"n510"}}
[RECEIVED] {"id":138,"src":"c14","dest":"n5","body":{"type":"generate","msg_id":11}}
[MATCH GENERATE]
[GENERATE] {"src":"n5","dest":"c14","body":{"type":"generate_ok","in_reply_to":11,"msg_id":11,"id":"n511"}}
[RECEIVED] {"id":150,"src":"c14","dest":"n5","body":{"type":"generate","msg_id":12}}
[MATCH GENERATE]
[GENERATE] {"src":"n5","dest":"c14","body":{"type":"generate_ok","in_reply_to":12,"msg_id":12,"id":"n512"}}
[RECEIVED] {"id":162,"src":"c14","dest":"n5","body":{"type":"generate","msg_id":13}}
[MATCH GENERATE]
[GENERATE] {"src":"n5","dest":"c14","body":{"type":"generate_ok","in_reply_to":13,"msg_id":13,"id":"n513"}}
[RECEIVED] {"id":174,"src":"c14","dest":"n5","body":{"type":"generate","msg_id":14}}
[MATCH GENERATE]
[GENERATE] {"src":"n5","dest":"c14","body":{"type":"generate_ok","in_reply_to":14,"msg_id":14,"id":"n514"}}
[RECEIVED] {"id":186,"src":"c14","dest":"n5","body":{"type":"generate","msg_id":15}}
[MATCH GENERATE]
[GENERATE] {"src":"n5","dest":"c14","body":{"type":"generate_ok","in_reply_to":15,"msg_id":15,"id":"n515"}}
[RECEIVED] {"id":198,"src":"c14","dest":"n5","body":{"type":"generate","msg_id":16}}
[MATCH GENERATE]
[GENERATE] {"src":"n5","dest":"c14","body":{"type":"generate_ok","in_reply_to":16,"msg_id":16,"id":"n516"}}
[RECEIVED] {"id":210,"src":"c14","dest":"n5","body":{"type":"generate","msg_id":17}}
[MATCH GENERATE]
[GENERATE] {"src":"n5","dest":"c14","body":{"type":"generate_ok","in_reply_to":17,"msg_id":17,"id":"n517"}}
[RECEIVED] {"id":222,"src":"c14","dest":"n5","body":{"type":"generate","msg_id":18}}
[MATCH GENERATE]
[GENERATE] {"src":"n5","dest":"c14","body":{"type":"generate_ok","in_reply_to":18,"msg_id":18,"id":"n518"}}
[RECEIVED] {"id":234,"src":"c14","dest":"n5","body":{"type":"generate","msg_id":19}}
[MATCH GENERATE]
[GENERATE] {"src":"n5","dest":"c14","body":{"type":"generate_ok","in_reply_to":19,"msg_id":19,"id":"n519"}}
[RECEIVED] {"id":246,"src":"c14","dest":"n5","body":{"type":"generate","msg_id":20}}
[MATCH GENERATE]
[GENERATE] {"src":"n5","dest":"c14","body":{"type":"generate_ok","in_reply_to":20,"msg_id":20,"id":"n520"}}
[RECEIVED] {"id":258,"src":"c14","dest":"n5","body":{"type":"generate","msg_id":21}}
[MATCH GENERATE]
[GENERATE] {"src":"n5","dest":"c14","body":{"type":"generate_ok","in_reply_to":21,"msg_id":21,"id":"n521"}}
[RECEIVED] {"id":270,"src":"c14","dest":"n5","body":{"type":"generate","msg_id":22}}
[MATCH GENERATE]
[GENERATE] {"src":"n5","dest":"c14","body":{"type":"generate_ok","in_reply_to":22,"msg_id":22,"id":"n522"}}
[RECEIVED] {"id":282,"src":"c14","dest":"n5","body":{"type":"generate","msg_id":23}}
[MATCH GENERATE]
[GENERATE] {"src":"n5","dest":"c14","body":{"type":"generate_ok","in_reply_to":23,"msg_id":23,"id":"n523"}}
[RECEIVED] {"id":294,"src":"c14","dest":"n5","body":{"type":"generate","msg_id":24}}
[MATCH GENERATE]
[GENERATE] {"src":"n5","dest":"c14","body":{"type":"generate_ok","in_reply_to":24,"msg_id":24,"id":"n524"}}
[RECEIVED] {"id":306,"src":"c14","dest":"n5","body":{"type":"generate","msg_id":25}}
[MATCH GENERATE]
[GENERATE] {"src":"n5","dest":"c14","body":{"type":"generate_ok","in_reply_to":25,"msg_id":25,"id":"n525"}}
[RECEIVED] {"id":318,"src":"c14","dest":"n5","body":{"type":"generate","msg_id":26}}
[MATCH GENERATE]
[GENERATE] {"src":"n5","dest":"c14","body":{"type":"generate_ok","in_reply_to":26,"msg_id":26,"id":"n526"}}
[RECEIVED] {"id":330,"src":"c14","dest":"n5","body":{"type":"generate","msg_id":27}}
[MATCH GENERATE]
[GENERATE] {"src":"n5","dest":"c14","body":{"type":"generate_ok","in_reply_to":27,"msg_id":27,"id":"n527"}}
[RECEIVED] {"id":342,"src":"c14","dest":"n5","body":{"type":"generate","msg_id":28}}
[MATCH GENERATE]
[GENERATE] {"src":"n5","dest":"c14","body":{"type":"generate_ok","in_reply_to":28,"msg_id":28,"id":"n528"}}
[RECEIVED] {"id":354,"src":"c14","dest":"n5","body":{"type":"generate","msg_id":29}}
[MATCH GENERATE]
[GENERATE] {"src":"n5","dest":"c14","body":{"type":"generate_ok","in_reply_to":29,"msg_id":29,"id":"n529"}}
[RECEIVED] {"id":366,"src":"c14","dest":"n5","body":{"type":"generate","msg_id":30}}
[MATCH GENERATE]
[GENERATE] {"src":"n5","dest":"c14","body":{"type":"generate_ok","in_reply_to":30,"msg_id":30,"id":"n530"}}
[RECEIVED] {"id":378,"src":"c14","dest":"n5","body":{"type":"generate","msg_id":31}}
[MATCH GENERATE]
[GENERATE] {"src":"n5","dest":"c14","body":{"type":"generate_ok","in_reply_to":31,"msg_id":31,"id":"n531"}}
[RECEIVED] {"id":390,"src":"c14","dest":"n5","body":{"type":"generate","msg_id":32}}
[MATCH GENERATE]
[GENERATE] {"src":"n5","dest":"c14","body":{"type":"generate_ok","in_reply_to":32,"msg_id":32,"id":"n532"}}
[RECEIVED] {"id":402,"src":"c14","dest":"n5","body":{"type":"generate","msg_id":33}}
[MATCH GENERATE]
[GENERATE] {"src":"n5","dest":"c14","body":{"type":"generate_ok","in_reply_to":33,"msg_id":33,"id":"n533"}}
[RECEIVED] {"id":412,"src":"c14","dest":"n5","body":{"type":"generate","msg_id":34}}
[MATCH GENERATE]
[GENERATE] {"src":"n5","dest":"c14","body":{"type":"generate_ok","in_reply_to":34,"msg_id":34,"id":"n534"}}
[RECEIVED] {"id":426,"src":"c14","dest":"n5","body":{"type":"generate","msg_id":35}}
[MATCH GENERATE]
[GENERATE] {"src":"n5","dest":"c14","body":{"type":"generate_ok","in_reply_to":35,"msg_id":35,"id":"n535"}}
