[INBOUND]{"id":2,"src":"c2","dest":"n3","body":{"type":"init","node_id":"n3","node_ids":["n1","n2","n3","n4","n5"],"msg_id":1}}
[INIT_OK] {"src":"n3","dest":"c2","body":{"type":"init_ok","in_reply_to":1,"msg_id":0}}
[INBOUND]{"id":13,"src":"c7","dest":"n3","body":{"type":"topology","topology":{"n1":["n4","n2"],"n2":["n5","n3","n1"],"n3":["n2"],"n4":["n1","n5"],"n5":["n2","n4"]},"msg_id":1}}
[TOPOLOGY_OK] {"src":"n3","dest":"c7","body":{"type":"topology_ok","in_reply_to":1,"msg_id":0}}
[INBOUND]{"id":23,"src":"c12","dest":"n3","body":{"type":"broadcast","message":1,"msg_id":1}}
BEGIN GOSSIP
[INBOUND]{"id":32,"src":"c16","dest":"n3","body":{"type":"broadcast","message":6,"msg_id":1}}
error: {"type":"broadcast","message":"6","msg_id":1}
BEGIN GOSSIP
[INBOUND]{"id":47,"src":"c21","dest":"n3","body":{"type":"read","msg_id":1}}
[READ_OK] {"src":"n3","dest":"c21","body":{"type":"read_ok","messages":["1","6"],"in_reply_to":1,"msg_id":17}}
[INBOUND]{"id":49,"src":"c21","dest":"n3","body":{"type":"read","msg_id":2}}
error: {"type":"read","msg_id":2}
[READ_OK] {"src":"n3","dest":"c21","body":{"type":"read_ok","messages":["1","6"],"in_reply_to":2,"msg_id":17}}
[INBOUND]{"id":51,"src":"c21","dest":"n3","body":{"type":"broadcast","message":11,"msg_id":3}}
error: {"type":"broadcast","message":"11","msg_id":3}
BEGIN GOSSIP
[INBOUND]{"id":60,"src":"c26","dest":"n3","body":{"type":"read","msg_id":1}}
[READ_OK] {"src":"n3","dest":"c26","body":{"type":"read_ok","messages":["1","11","6"],"in_reply_to":1,"msg_id":33}}
[INBOUND]{"id":62,"src":"c26","dest":"n3","body":{"type":"read","msg_id":2}}
[READ_OK] {"src":"n3","dest":"c26","body":{"type":"read_ok","messages":["1","11","6"],"in_reply_to":2,"msg_id":33}}
[INBOUND]{"id":64,"src":"c26","dest":"n3","body":{"type":"read","msg_id":3}}
[READ_OK] {"src":"n3","dest":"c26","body":{"type":"read_ok","messages":["1","11","6"],"in_reply_to":3,"msg_id":33}}
[INBOUND]{"id":66,"src":"c26","dest":"n3","body":{"type":"broadcast","message":16,"msg_id":4}}
error: {"type":"broadcast","message":"16","msg_id":4}
BEGIN GOSSIP
[INBOUND]{"id":86,"src":"c32","dest":"n3","body":{"type":"read","msg_id":1}}
[READ_OK] {"src":"n3","dest":"c32","body":{"type":"read_ok","messages":["1","11","16","6"],"in_reply_to":1,"msg_id":97}}
