2025-06-02 15:19:27,308{GMT}	INFO	[jepsen test runner] jepsen.core: Test version b1870b0424f455f8940cc6fee1dc21df80da1060 (plus uncommitted changes)
2025-06-02 15:19:27,309{GMT}	INFO	[jepsen test runner] jepsen.core: Command line:
lein run test -w echo --bin self/server/_build/default/bin/main.exe --time-limit 20 --rate 10
2025-06-02 15:19:27,340{GMT}	INFO	[jepsen test runner] jepsen.core: Running test:
{:args []
 :remote
 #jepsen.control.retry.Remote{:remote #jepsen.control.scp.Remote{:cmd-remote #jepsen.control.sshj.SSHJRemote{:concurrency-limit 6,
                                                                                                             :conn-spec nil,
                                                                                                             :client nil,
                                                                                                             :semaphore nil},
                                                                 :conn-spec nil},
                              :conn nil}
 :log-net-send false
 :node-count nil
 :availability nil
 :max-txn-length 4
 :concurrency 5
 :db
 #object[maelstrom.db$db$reify__16612
         "0x5233b7ad"
         "maelstrom.db$db$reify__16612@5233b7ad"]
 :max-writes-per-key 16
 :leave-db-running? false
 :name "echo"
 :logging-json? false
 :start-time
 #object[org.joda.time.DateTime "0x5a69f1ef" "2025-06-02T15:19:27.272-04:00"]
 :nemesis-interval 10
 :net
 #object[maelstrom.net$jepsen_net$reify__15721
         "0x54fd5f6"
         "maelstrom.net$jepsen_net$reify__15721@54fd5f6"]
 :client
 #object[maelstrom.workload.echo$client$reify__17402
         "0x219aab91"
         "maelstrom.workload.echo$client$reify__17402@219aab91"]
 :barrier
 #object[java.util.concurrent.CyclicBarrier
         "0x71737478"
         "java.util.concurrent.CyclicBarrier@71737478"]
 :log-stderr false
 :pure-generators true
 :ssh {:dummy? true}
 :rate 10.0
 :checker
 #object[jepsen.checker$compose$reify__11089
         "0x64001530"
         "jepsen.checker$compose$reify__11089@64001530"]
 :argv
 ("test"
  "-w"
  "echo"
  "--bin"
  "self/server/_build/default/bin/main.exe"
  "--time-limit"
  "20"
  "--rate"
  "10")
 :nemesis
 (jepsen.nemesis.ReflCompose
  {:fm {:start-partition 0,
        :stop-partition 0,
        :kill 1,
        :start 1,
        :pause 1,
        :resume 1},
   :nemeses [#unprintable "jepsen.nemesis.combined$partition_nemesis$reify__16905@1f9b8c23"
             #unprintable "jepsen.nemesis.combined$db_nemesis$reify__16886@6b297a62"]})
 :nodes ["n1" "n2" "n3" "n4" "n5"]
 :test-count 1
 :latency {:mean 0, :dist :constant}
 :bin "self/server/_build/default/bin/main.exe"
 :generator
 #object[jepsen.util.Forgettable
         "0x7f913c47"
         (jepsen.generator.TimeLimit
          {:limit 20000000000,
           :cutoff nil,
           :gen (jepsen.generator.Any
                 {:gens [(jepsen.generator.OnThreads
                          {:f #{:nemesis},
                           :context-filter #object[jepsen.generator.context$make_thread_filter$lazy_filter__12077
                                                   "0x5f04449a"
                                                   "jepsen.generator.context$make_thread_filter$lazy_filter__12077@5f04449a"],
                           :gen nil})
                         (jepsen.generator.OnThreads
                          {:f #jepsen.generator.context.AllBut{:element :nemesis},
                           :context-filter #object[jepsen.generator.context$make_thread_filter$lazy_filter__12077
                                                   "0x5634c26c"
                                                   "jepsen.generator.context$make_thread_filter$lazy_filter__12077@5634c26c"],
                           :gen (jepsen.generator.Stagger
                                 {:dt 200000000,
                                  :next-time nil,
                                  :gen (jepsen.generator.EachThread
                                        {:fresh-gen #object[maelstrom.workload.echo$workload$fn__17421
                                                            "0x37a5ac85"
                                                            "maelstrom.workload.echo$workload$fn__17421@37a5ac85"],
                                         :context-filters #object[clojure.core$promise$reify__8621
                                                                  "0x5d4f0fd5"
                                                                  {:status :pending,
                                                                   :val nil}],
                                         :gens {}})})})]})})]
 :log-net-recv false
 :os
 #object[maelstrom.net$jepsen_os$reify__15724
         "0x2092b072"
         "maelstrom.net$jepsen_os$reify__15724@2092b072"]
 :time-limit 20
 :workload :echo
 :consistency-models [:strict-serializable]
 :topology :grid}

2025-06-02 15:19:28,447{GMT}	INFO	[jepsen node n1] maelstrom.net: Starting Maelstrom network
2025-06-02 15:19:28,447{GMT}	INFO	[jepsen test runner] jepsen.db: Tearing down DB
2025-06-02 15:19:28,448{GMT}	INFO	[jepsen test runner] jepsen.db: Setting up DB
2025-06-02 15:19:28,449{GMT}	INFO	[jepsen node n3] maelstrom.db: Setting up n3
2025-06-02 15:19:28,449{GMT}	INFO	[jepsen node n4] maelstrom.db: Setting up n4
2025-06-02 15:19:28,449{GMT}	INFO	[jepsen node n2] maelstrom.db: Setting up n2
2025-06-02 15:19:28,449{GMT}	INFO	[jepsen node n5] maelstrom.db: Setting up n5
2025-06-02 15:19:28,449{GMT}	INFO	[jepsen node n3] maelstrom.process: launching self/server/_build/default/bin/main.exe []
2025-06-02 15:19:28,449{GMT}	INFO	[jepsen node n4] maelstrom.process: launching self/server/_build/default/bin/main.exe []
2025-06-02 15:19:28,449{GMT}	INFO	[jepsen node n2] maelstrom.process: launching self/server/_build/default/bin/main.exe []
2025-06-02 15:19:28,449{GMT}	INFO	[jepsen node n5] maelstrom.process: launching self/server/_build/default/bin/main.exe []
2025-06-02 15:19:28,450{GMT}	INFO	[jepsen node n1] maelstrom.service: Starting services: (lin-kv lin-tso lww-kv seq-kv)
2025-06-02 15:19:28,451{GMT}	INFO	[jepsen node n1] maelstrom.db: Setting up n1
2025-06-02 15:19:28,451{GMT}	INFO	[jepsen node n1] maelstrom.process: launching self/server/_build/default/bin/main.exe []
2025-06-02 15:19:38,295{GMT}	INFO	[jepsen test runner] jepsen.core: Relative time begins now
2025-06-02 15:19:38,381{GMT}	INFO	[jepsen worker 1] jepsen.util: 1	:invoke	:echo	"Please echo 6"
2025-06-02 15:19:38,386{GMT}	INFO	[jepsen worker 1] jepsen.util: 1	:ok	:echo	{:type "echo_ok", :echo "Please echo 6", :msg_id 1, :in_reply_to 1}
2025-06-02 15:19:38,502{GMT}	INFO	[jepsen worker 0] jepsen.util: 0	:invoke	:echo	"Please echo 26"
2025-06-02 15:19:38,503{GMT}	INFO	[jepsen worker 0] jepsen.util: 0	:ok	:echo	{:type "echo_ok", :echo "Please echo 26", :msg_id 1, :in_reply_to 1}
2025-06-02 15:19:38,558{GMT}	INFO	[jepsen worker 1] jepsen.util: 1	:invoke	:echo	"Please echo 54"
2025-06-02 15:19:38,560{GMT}	INFO	[jepsen worker 1] jepsen.util: 1	:ok	:echo	{:type "echo_ok", :echo "Please echo 54", :msg_id 2, :in_reply_to 2}
2025-06-02 15:19:38,681{GMT}	INFO	[jepsen worker 0] jepsen.util: 0	:invoke	:echo	"Please echo 52"
2025-06-02 15:19:38,683{GMT}	INFO	[jepsen worker 0] jepsen.util: 0	:ok	:echo	{:type "echo_ok", :echo "Please echo 52", :msg_id 2, :in_reply_to 2}
2025-06-02 15:19:38,773{GMT}	INFO	[jepsen worker 3] jepsen.util: 3	:invoke	:echo	"Please echo 37"
2025-06-02 15:19:38,775{GMT}	INFO	[jepsen worker 3] jepsen.util: 3	:ok	:echo	{:type "echo_ok", :echo "Please echo 37", :msg_id 1, :in_reply_to 1}
2025-06-02 15:19:38,952{GMT}	INFO	[jepsen worker 1] jepsen.util: 1	:invoke	:echo	"Please echo 19"
2025-06-02 15:19:38,955{GMT}	INFO	[jepsen worker 1] jepsen.util: 1	:ok	:echo	{:type "echo_ok", :echo "Please echo 19", :msg_id 3, :in_reply_to 3}
2025-06-02 15:19:39,057{GMT}	INFO	[jepsen worker 3] jepsen.util: 3	:invoke	:echo	"Please echo 116"
2025-06-02 15:19:39,058{GMT}	INFO	[jepsen worker 3] jepsen.util: 3	:ok	:echo	{:type "echo_ok", :echo "Please echo 116", :msg_id 2, :in_reply_to 2}
2025-06-02 15:19:39,227{GMT}	INFO	[jepsen worker 1] jepsen.util: 1	:invoke	:echo	"Please echo 57"
2025-06-02 15:19:39,228{GMT}	INFO	[jepsen worker 1] jepsen.util: 1	:ok	:echo	{:type "echo_ok", :echo "Please echo 57", :msg_id 4, :in_reply_to 4}
2025-06-02 15:19:39,379{GMT}	INFO	[jepsen worker 2] jepsen.util: 2	:invoke	:echo	"Please echo 90"
2025-06-02 15:19:39,381{GMT}	INFO	[jepsen worker 2] jepsen.util: 2	:ok	:echo	{:type "echo_ok", :echo "Please echo 90", :msg_id 1, :in_reply_to 1}
2025-06-02 15:19:39,520{GMT}	INFO	[jepsen worker 3] jepsen.util: 3	:invoke	:echo	"Please echo 122"
2025-06-02 15:19:39,521{GMT}	INFO	[jepsen worker 3] jepsen.util: 3	:ok	:echo	{:type "echo_ok", :echo "Please echo 122", :msg_id 3, :in_reply_to 3}
2025-06-02 15:19:39,697{GMT}	INFO	[jepsen worker 2] jepsen.util: 2	:invoke	:echo	"Please echo 41"
2025-06-02 15:19:39,699{GMT}	INFO	[jepsen worker 2] jepsen.util: 2	:ok	:echo	{:type "echo_ok", :echo "Please echo 41", :msg_id 2, :in_reply_to 2}
2025-06-02 15:19:39,701{GMT}	INFO	[jepsen worker 1] jepsen.util: 1	:invoke	:echo	"Please echo 97"
2025-06-02 15:19:39,702{GMT}	INFO	[jepsen worker 1] jepsen.util: 1	:ok	:echo	{:type "echo_ok", :echo "Please echo 97", :msg_id 5, :in_reply_to 5}
2025-06-02 15:19:39,747{GMT}	INFO	[jepsen worker 0] jepsen.util: 0	:invoke	:echo	"Please echo 37"
2025-06-02 15:19:39,748{GMT}	INFO	[jepsen worker 0] jepsen.util: 0	:ok	:echo	{:type "echo_ok", :echo "Please echo 37", :msg_id 3, :in_reply_to 3}
2025-06-02 15:19:39,748{GMT}	INFO	[jepsen worker 2] jepsen.util: 2	:invoke	:echo	"Please echo 102"
2025-06-02 15:19:39,749{GMT}	INFO	[jepsen worker 2] jepsen.util: 2	:ok	:echo	{:type "echo_ok", :echo "Please echo 102", :msg_id 3, :in_reply_to 3}
2025-06-02 15:19:39,832{GMT}	INFO	[jepsen worker 4] jepsen.util: 4	:invoke	:echo	"Please echo 10"
2025-06-02 15:19:39,834{GMT}	INFO	[jepsen worker 4] jepsen.util: 4	:ok	:echo	{:type "echo_ok", :echo "Please echo 10", :msg_id 1, :in_reply_to 1}
2025-06-02 15:19:39,884{GMT}	INFO	[jepsen worker 1] jepsen.util: 1	:invoke	:echo	"Please echo 10"
2025-06-02 15:19:39,885{GMT}	INFO	[jepsen worker 1] jepsen.util: 1	:ok	:echo	{:type "echo_ok", :echo "Please echo 10", :msg_id 6, :in_reply_to 6}
2025-06-02 15:19:40,087{GMT}	INFO	[jepsen worker 1] jepsen.util: 1	:invoke	:echo	"Please echo 67"
2025-06-02 15:19:40,089{GMT}	INFO	[jepsen worker 1] jepsen.util: 1	:ok	:echo	{:type "echo_ok", :echo "Please echo 67", :msg_id 7, :in_reply_to 7}
2025-06-02 15:19:40,204{GMT}	INFO	[jepsen worker 0] jepsen.util: 0	:invoke	:echo	"Please echo 35"
2025-06-02 15:19:40,206{GMT}	INFO	[jepsen worker 0] jepsen.util: 0	:ok	:echo	{:type "echo_ok", :echo "Please echo 35", :msg_id 4, :in_reply_to 4}
2025-06-02 15:19:40,364{GMT}	INFO	[jepsen worker 0] jepsen.util: 0	:invoke	:echo	"Please echo 67"
2025-06-02 15:19:40,365{GMT}	INFO	[jepsen worker 0] jepsen.util: 0	:ok	:echo	{:type "echo_ok", :echo "Please echo 67", :msg_id 5, :in_reply_to 5}
2025-06-02 15:19:40,404{GMT}	INFO	[jepsen worker 2] jepsen.util: 2	:invoke	:echo	"Please echo 29"
2025-06-02 15:19:40,406{GMT}	INFO	[jepsen worker 2] jepsen.util: 2	:ok	:echo	{:type "echo_ok", :echo "Please echo 29", :msg_id 4, :in_reply_to 4}
2025-06-02 15:19:40,574{GMT}	INFO	[jepsen worker 2] jepsen.util: 2	:invoke	:echo	"Please echo 40"
2025-06-02 15:19:40,576{GMT}	INFO	[jepsen worker 2] jepsen.util: 2	:ok	:echo	{:type "echo_ok", :echo "Please echo 40", :msg_id 5, :in_reply_to 5}
2025-06-02 15:19:40,623{GMT}	INFO	[jepsen worker 4] jepsen.util: 4	:invoke	:echo	"Please echo 88"
2025-06-02 15:19:40,625{GMT}	INFO	[jepsen worker 4] jepsen.util: 4	:ok	:echo	{:type "echo_ok", :echo "Please echo 88", :msg_id 2, :in_reply_to 2}
2025-06-02 15:19:40,754{GMT}	INFO	[jepsen worker 2] jepsen.util: 2	:invoke	:echo	"Please echo 21"
2025-06-02 15:19:40,756{GMT}	INFO	[jepsen worker 2] jepsen.util: 2	:ok	:echo	{:type "echo_ok", :echo "Please echo 21", :msg_id 6, :in_reply_to 6}
2025-06-02 15:19:40,853{GMT}	INFO	[jepsen worker 1] jepsen.util: 1	:invoke	:echo	"Please echo 21"
2025-06-02 15:19:40,854{GMT}	INFO	[jepsen worker 1] jepsen.util: 1	:ok	:echo	{:type "echo_ok", :echo "Please echo 21", :msg_id 8, :in_reply_to 8}
2025-06-02 15:19:41,010{GMT}	INFO	[jepsen worker 1] jepsen.util: 1	:invoke	:echo	"Please echo 107"
2025-06-02 15:19:41,012{GMT}	INFO	[jepsen worker 1] jepsen.util: 1	:ok	:echo	{:type "echo_ok", :echo "Please echo 107", :msg_id 9, :in_reply_to 9}
2025-06-02 15:19:41,066{GMT}	INFO	[jepsen worker 2] jepsen.util: 2	:invoke	:echo	"Please echo 92"
2025-06-02 15:19:41,067{GMT}	INFO	[jepsen worker 2] jepsen.util: 2	:ok	:echo	{:type "echo_ok", :echo "Please echo 92", :msg_id 7, :in_reply_to 7}
2025-06-02 15:19:41,092{GMT}	INFO	[jepsen worker 2] jepsen.util: 2	:invoke	:echo	"Please echo 36"
2025-06-02 15:19:41,093{GMT}	INFO	[jepsen worker 2] jepsen.util: 2	:ok	:echo	{:type "echo_ok", :echo "Please echo 36", :msg_id 8, :in_reply_to 8}
2025-06-02 15:19:41,241{GMT}	INFO	[jepsen worker 2] jepsen.util: 2	:invoke	:echo	"Please echo 56"
2025-06-02 15:19:41,243{GMT}	INFO	[jepsen worker 2] jepsen.util: 2	:ok	:echo	{:type "echo_ok", :echo "Please echo 56", :msg_id 9, :in_reply_to 9}
2025-06-02 15:19:41,342{GMT}	INFO	[jepsen worker 2] jepsen.util: 2	:invoke	:echo	"Please echo 91"
2025-06-02 15:19:41,343{GMT}	INFO	[jepsen worker 2] jepsen.util: 2	:ok	:echo	{:type "echo_ok", :echo "Please echo 91", :msg_id 10, :in_reply_to 10}
2025-06-02 15:19:41,475{GMT}	INFO	[jepsen worker 4] jepsen.util: 4	:invoke	:echo	"Please echo 123"
2025-06-02 15:19:41,477{GMT}	INFO	[jepsen worker 4] jepsen.util: 4	:ok	:echo	{:type "echo_ok", :echo "Please echo 123", :msg_id 3, :in_reply_to 3}
2025-06-02 15:19:41,519{GMT}	INFO	[jepsen worker 0] jepsen.util: 0	:invoke	:echo	"Please echo 47"
2025-06-02 15:19:41,520{GMT}	INFO	[jepsen worker 0] jepsen.util: 0	:ok	:echo	{:type "echo_ok", :echo "Please echo 47", :msg_id 6, :in_reply_to 6}
2025-06-02 15:19:41,617{GMT}	INFO	[jepsen worker 3] jepsen.util: 3	:invoke	:echo	"Please echo 58"
2025-06-02 15:19:41,618{GMT}	INFO	[jepsen worker 3] jepsen.util: 3	:ok	:echo	{:type "echo_ok", :echo "Please echo 58", :msg_id 4, :in_reply_to 4}
2025-06-02 15:19:41,780{GMT}	INFO	[jepsen worker 2] jepsen.util: 2	:invoke	:echo	"Please echo 105"
2025-06-02 15:19:41,783{GMT}	INFO	[jepsen worker 2] jepsen.util: 2	:ok	:echo	{:type "echo_ok", :echo "Please echo 105", :msg_id 11, :in_reply_to 11}
2025-06-02 15:19:41,928{GMT}	INFO	[jepsen worker 1] jepsen.util: 1	:invoke	:echo	"Please echo 113"
2025-06-02 15:19:41,933{GMT}	INFO	[jepsen worker 1] jepsen.util: 1	:ok	:echo	{:type "echo_ok", :echo "Please echo 113", :msg_id 10, :in_reply_to 10}
2025-06-02 15:19:42,078{GMT}	INFO	[jepsen worker 1] jepsen.util: 1	:invoke	:echo	"Please echo 21"
2025-06-02 15:19:42,079{GMT}	INFO	[jepsen worker 1] jepsen.util: 1	:ok	:echo	{:type "echo_ok", :echo "Please echo 21", :msg_id 11, :in_reply_to 11}
2025-06-02 15:19:42,156{GMT}	INFO	[jepsen worker 3] jepsen.util: 3	:invoke	:echo	"Please echo 45"
2025-06-02 15:19:42,157{GMT}	INFO	[jepsen worker 3] jepsen.util: 3	:ok	:echo	{:type "echo_ok", :echo "Please echo 45", :msg_id 5, :in_reply_to 5}
2025-06-02 15:19:42,197{GMT}	INFO	[jepsen worker 3] jepsen.util: 3	:invoke	:echo	"Please echo 67"
2025-06-02 15:19:42,198{GMT}	INFO	[jepsen worker 3] jepsen.util: 3	:ok	:echo	{:type "echo_ok", :echo "Please echo 67", :msg_id 6, :in_reply_to 6}
2025-06-02 15:19:42,284{GMT}	INFO	[jepsen worker 4] jepsen.util: 4	:invoke	:echo	"Please echo 54"
2025-06-02 15:19:42,285{GMT}	INFO	[jepsen worker 4] jepsen.util: 4	:ok	:echo	{:type "echo_ok", :echo "Please echo 54", :msg_id 4, :in_reply_to 4}
2025-06-02 15:19:42,473{GMT}	INFO	[jepsen worker 0] jepsen.util: 0	:invoke	:echo	"Please echo 110"
2025-06-02 15:19:42,476{GMT}	INFO	[jepsen worker 0] jepsen.util: 0	:ok	:echo	{:type "echo_ok", :echo "Please echo 110", :msg_id 7, :in_reply_to 7}
2025-06-02 15:19:42,660{GMT}	INFO	[jepsen worker 1] jepsen.util: 1	:invoke	:echo	"Please echo 110"
2025-06-02 15:19:42,662{GMT}	INFO	[jepsen worker 1] jepsen.util: 1	:ok	:echo	{:type "echo_ok", :echo "Please echo 110", :msg_id 12, :in_reply_to 12}
2025-06-02 15:19:42,727{GMT}	INFO	[jepsen worker 2] jepsen.util: 2	:invoke	:echo	"Please echo 31"
2025-06-02 15:19:42,730{GMT}	INFO	[jepsen worker 2] jepsen.util: 2	:ok	:echo	{:type "echo_ok", :echo "Please echo 31", :msg_id 12, :in_reply_to 12}
2025-06-02 15:19:42,821{GMT}	INFO	[jepsen worker 4] jepsen.util: 4	:invoke	:echo	"Please echo 92"
2025-06-02 15:19:42,824{GMT}	INFO	[jepsen worker 4] jepsen.util: 4	:ok	:echo	{:type "echo_ok", :echo "Please echo 92", :msg_id 5, :in_reply_to 5}
2025-06-02 15:19:42,941{GMT}	INFO	[jepsen worker 4] jepsen.util: 4	:invoke	:echo	"Please echo 79"
2025-06-02 15:19:42,943{GMT}	INFO	[jepsen worker 4] jepsen.util: 4	:ok	:echo	{:type "echo_ok", :echo "Please echo 79", :msg_id 6, :in_reply_to 6}
2025-06-02 15:19:43,015{GMT}	INFO	[jepsen worker 2] jepsen.util: 2	:invoke	:echo	"Please echo 72"
2025-06-02 15:19:43,018{GMT}	INFO	[jepsen worker 2] jepsen.util: 2	:ok	:echo	{:type "echo_ok", :echo "Please echo 72", :msg_id 13, :in_reply_to 13}
2025-06-02 15:19:43,121{GMT}	INFO	[jepsen worker 1] jepsen.util: 1	:invoke	:echo	"Please echo 62"
2025-06-02 15:19:43,123{GMT}	INFO	[jepsen worker 1] jepsen.util: 1	:ok	:echo	{:type "echo_ok", :echo "Please echo 62", :msg_id 13, :in_reply_to 13}
2025-06-02 15:19:43,260{GMT}	INFO	[jepsen worker 3] jepsen.util: 3	:invoke	:echo	"Please echo 3"
2025-06-02 15:19:43,265{GMT}	INFO	[jepsen worker 3] jepsen.util: 3	:ok	:echo	{:type "echo_ok", :echo "Please echo 3", :msg_id 7, :in_reply_to 7}
2025-06-02 15:19:43,423{GMT}	INFO	[jepsen worker 1] jepsen.util: 1	:invoke	:echo	"Please echo 90"
2025-06-02 15:19:43,425{GMT}	INFO	[jepsen worker 1] jepsen.util: 1	:ok	:echo	{:type "echo_ok", :echo "Please echo 90", :msg_id 14, :in_reply_to 14}
2025-06-02 15:19:43,592{GMT}	INFO	[jepsen worker 2] jepsen.util: 2	:invoke	:echo	"Please echo 71"
2025-06-02 15:19:43,595{GMT}	INFO	[jepsen worker 2] jepsen.util: 2	:ok	:echo	{:type "echo_ok", :echo "Please echo 71", :msg_id 14, :in_reply_to 14}
2025-06-02 15:19:43,692{GMT}	INFO	[jepsen worker 2] jepsen.util: 2	:invoke	:echo	"Please echo 96"
2025-06-02 15:19:43,695{GMT}	INFO	[jepsen worker 2] jepsen.util: 2	:ok	:echo	{:type "echo_ok", :echo "Please echo 96", :msg_id 15, :in_reply_to 15}
2025-06-02 15:19:43,745{GMT}	INFO	[jepsen worker 4] jepsen.util: 4	:invoke	:echo	"Please echo 90"
2025-06-02 15:19:43,748{GMT}	INFO	[jepsen worker 4] jepsen.util: 4	:ok	:echo	{:type "echo_ok", :echo "Please echo 90", :msg_id 7, :in_reply_to 7}
2025-06-02 15:19:43,815{GMT}	INFO	[jepsen worker 4] jepsen.util: 4	:invoke	:echo	"Please echo 53"
2025-06-02 15:19:43,819{GMT}	INFO	[jepsen worker 4] jepsen.util: 4	:ok	:echo	{:type "echo_ok", :echo "Please echo 53", :msg_id 8, :in_reply_to 8}
2025-06-02 15:19:43,870{GMT}	INFO	[jepsen worker 4] jepsen.util: 4	:invoke	:echo	"Please echo 57"
2025-06-02 15:19:43,872{GMT}	INFO	[jepsen worker 4] jepsen.util: 4	:ok	:echo	{:type "echo_ok", :echo "Please echo 57", :msg_id 9, :in_reply_to 9}
2025-06-02 15:19:43,926{GMT}	INFO	[jepsen worker 2] jepsen.util: 2	:invoke	:echo	"Please echo 88"
2025-06-02 15:19:43,929{GMT}	INFO	[jepsen worker 2] jepsen.util: 2	:ok	:echo	{:type "echo_ok", :echo "Please echo 88", :msg_id 16, :in_reply_to 16}
2025-06-02 15:19:44,098{GMT}	INFO	[jepsen worker 1] jepsen.util: 1	:invoke	:echo	"Please echo 99"
2025-06-02 15:19:44,100{GMT}	INFO	[jepsen worker 1] jepsen.util: 1	:ok	:echo	{:type "echo_ok", :echo "Please echo 99", :msg_id 15, :in_reply_to 15}
2025-06-02 15:19:44,180{GMT}	INFO	[jepsen worker 2] jepsen.util: 2	:invoke	:echo	"Please echo 2"
2025-06-02 15:19:44,183{GMT}	INFO	[jepsen worker 2] jepsen.util: 2	:ok	:echo	{:type "echo_ok", :echo "Please echo 2", :msg_id 17, :in_reply_to 17}
2025-06-02 15:19:44,273{GMT}	INFO	[jepsen worker 3] jepsen.util: 3	:invoke	:echo	"Please echo 102"
2025-06-02 15:19:44,274{GMT}	INFO	[jepsen worker 3] jepsen.util: 3	:ok	:echo	{:type "echo_ok", :echo "Please echo 102", :msg_id 8, :in_reply_to 8}
2025-06-02 15:19:44,430{GMT}	INFO	[jepsen worker 4] jepsen.util: 4	:invoke	:echo	"Please echo 91"
2025-06-02 15:19:44,432{GMT}	INFO	[jepsen worker 4] jepsen.util: 4	:ok	:echo	{:type "echo_ok", :echo "Please echo 91", :msg_id 10, :in_reply_to 10}
2025-06-02 15:19:44,443{GMT}	INFO	[jepsen worker 4] jepsen.util: 4	:invoke	:echo	"Please echo 122"
2025-06-02 15:19:44,444{GMT}	INFO	[jepsen worker 4] jepsen.util: 4	:ok	:echo	{:type "echo_ok", :echo "Please echo 122", :msg_id 11, :in_reply_to 11}
2025-06-02 15:19:44,532{GMT}	INFO	[jepsen worker 0] jepsen.util: 0	:invoke	:echo	"Please echo 31"
2025-06-02 15:19:44,533{GMT}	INFO	[jepsen worker 0] jepsen.util: 0	:ok	:echo	{:type "echo_ok", :echo "Please echo 31", :msg_id 8, :in_reply_to 8}
2025-06-02 15:19:44,552{GMT}	INFO	[jepsen worker 1] jepsen.util: 1	:invoke	:echo	"Please echo 52"
2025-06-02 15:19:44,553{GMT}	INFO	[jepsen worker 1] jepsen.util: 1	:ok	:echo	{:type "echo_ok", :echo "Please echo 52", :msg_id 16, :in_reply_to 16}
2025-06-02 15:19:44,745{GMT}	INFO	[jepsen worker 4] jepsen.util: 4	:invoke	:echo	"Please echo 69"
2025-06-02 15:19:44,748{GMT}	INFO	[jepsen worker 4] jepsen.util: 4	:ok	:echo	{:type "echo_ok", :echo "Please echo 69", :msg_id 12, :in_reply_to 12}
2025-06-02 15:19:44,784{GMT}	INFO	[jepsen worker 3] jepsen.util: 3	:invoke	:echo	"Please echo 15"
2025-06-02 15:19:44,785{GMT}	INFO	[jepsen worker 3] jepsen.util: 3	:ok	:echo	{:type "echo_ok", :echo "Please echo 15", :msg_id 9, :in_reply_to 9}
2025-06-02 15:19:44,810{GMT}	INFO	[jepsen worker 2] jepsen.util: 2	:invoke	:echo	"Please echo 23"
2025-06-02 15:19:44,811{GMT}	INFO	[jepsen worker 2] jepsen.util: 2	:ok	:echo	{:type "echo_ok", :echo "Please echo 23", :msg_id 18, :in_reply_to 18}
2025-06-02 15:19:44,866{GMT}	INFO	[jepsen worker 2] jepsen.util: 2	:invoke	:echo	"Please echo 5"
2025-06-02 15:19:44,879{GMT}	INFO	[jepsen worker 2] jepsen.util: 2	:ok	:echo	{:type "echo_ok", :echo "Please echo 5", :msg_id 19, :in_reply_to 19}
2025-06-02 15:19:44,977{GMT}	INFO	[jepsen worker 1] jepsen.util: 1	:invoke	:echo	"Please echo 69"
2025-06-02 15:19:44,980{GMT}	INFO	[jepsen worker 1] jepsen.util: 1	:ok	:echo	{:type "echo_ok", :echo "Please echo 69", :msg_id 17, :in_reply_to 17}
2025-06-02 15:19:45,030{GMT}	INFO	[jepsen worker 1] jepsen.util: 1	:invoke	:echo	"Please echo 8"
2025-06-02 15:19:45,033{GMT}	INFO	[jepsen worker 1] jepsen.util: 1	:ok	:echo	{:type "echo_ok", :echo "Please echo 8", :msg_id 18, :in_reply_to 18}
2025-06-02 15:19:45,191{GMT}	INFO	[jepsen worker 0] jepsen.util: 0	:invoke	:echo	"Please echo 77"
2025-06-02 15:19:45,194{GMT}	INFO	[jepsen worker 0] jepsen.util: 0	:ok	:echo	{:type "echo_ok", :echo "Please echo 77", :msg_id 9, :in_reply_to 9}
2025-06-02 15:19:45,213{GMT}	INFO	[jepsen worker 2] jepsen.util: 2	:invoke	:echo	"Please echo 23"
2025-06-02 15:19:45,217{GMT}	INFO	[jepsen worker 2] jepsen.util: 2	:ok	:echo	{:type "echo_ok", :echo "Please echo 23", :msg_id 20, :in_reply_to 20}
2025-06-02 15:19:45,260{GMT}	INFO	[jepsen worker 0] jepsen.util: 0	:invoke	:echo	"Please echo 30"
2025-06-02 15:19:45,263{GMT}	INFO	[jepsen worker 0] jepsen.util: 0	:ok	:echo	{:type "echo_ok", :echo "Please echo 30", :msg_id 10, :in_reply_to 10}
2025-06-02 15:19:45,264{GMT}	INFO	[jepsen worker 1] jepsen.util: 1	:invoke	:echo	"Please echo 91"
2025-06-02 15:19:45,266{GMT}	INFO	[jepsen worker 1] jepsen.util: 1	:ok	:echo	{:type "echo_ok", :echo "Please echo 91", :msg_id 19, :in_reply_to 19}
2025-06-02 15:19:45,385{GMT}	INFO	[jepsen worker 3] jepsen.util: 3	:invoke	:echo	"Please echo 74"
2025-06-02 15:19:45,388{GMT}	INFO	[jepsen worker 3] jepsen.util: 3	:ok	:echo	{:type "echo_ok", :echo "Please echo 74", :msg_id 10, :in_reply_to 10}
2025-06-02 15:19:45,540{GMT}	INFO	[jepsen worker 0] jepsen.util: 0	:invoke	:echo	"Please echo 113"
2025-06-02 15:19:45,542{GMT}	INFO	[jepsen worker 0] jepsen.util: 0	:ok	:echo	{:type "echo_ok", :echo "Please echo 113", :msg_id 11, :in_reply_to 11}
2025-06-02 15:19:45,577{GMT}	INFO	[jepsen worker 3] jepsen.util: 3	:invoke	:echo	"Please echo 93"
2025-06-02 15:19:45,580{GMT}	INFO	[jepsen worker 3] jepsen.util: 3	:ok	:echo	{:type "echo_ok", :echo "Please echo 93", :msg_id 11, :in_reply_to 11}
2025-06-02 15:19:45,638{GMT}	INFO	[jepsen worker 1] jepsen.util: 1	:invoke	:echo	"Please echo 113"
2025-06-02 15:19:45,641{GMT}	INFO	[jepsen worker 1] jepsen.util: 1	:ok	:echo	{:type "echo_ok", :echo "Please echo 113", :msg_id 20, :in_reply_to 20}
2025-06-02 15:19:45,723{GMT}	INFO	[jepsen worker 3] jepsen.util: 3	:invoke	:echo	"Please echo 84"
2025-06-02 15:19:45,726{GMT}	INFO	[jepsen worker 3] jepsen.util: 3	:ok	:echo	{:type "echo_ok", :echo "Please echo 84", :msg_id 12, :in_reply_to 12}
2025-06-02 15:19:45,761{GMT}	INFO	[jepsen worker 1] jepsen.util: 1	:invoke	:echo	"Please echo 7"
2025-06-02 15:19:45,764{GMT}	INFO	[jepsen worker 1] jepsen.util: 1	:ok	:echo	{:type "echo_ok", :echo "Please echo 7", :msg_id 21, :in_reply_to 21}
2025-06-02 15:19:45,912{GMT}	INFO	[jepsen worker 1] jepsen.util: 1	:invoke	:echo	"Please echo 106"
2025-06-02 15:19:45,924{GMT}	INFO	[jepsen worker 1] jepsen.util: 1	:ok	:echo	{:type "echo_ok", :echo "Please echo 106", :msg_id 22, :in_reply_to 22}
2025-06-02 15:19:45,931{GMT}	INFO	[jepsen worker 1] jepsen.util: 1	:invoke	:echo	"Please echo 120"
2025-06-02 15:19:45,933{GMT}	INFO	[jepsen worker 1] jepsen.util: 1	:ok	:echo	{:type "echo_ok", :echo "Please echo 120", :msg_id 23, :in_reply_to 23}
2025-06-02 15:19:46,094{GMT}	INFO	[jepsen worker 3] jepsen.util: 3	:invoke	:echo	"Please echo 106"
2025-06-02 15:19:46,096{GMT}	INFO	[jepsen worker 3] jepsen.util: 3	:ok	:echo	{:type "echo_ok", :echo "Please echo 106", :msg_id 13, :in_reply_to 13}
2025-06-02 15:19:46,129{GMT}	INFO	[jepsen worker 2] jepsen.util: 2	:invoke	:echo	"Please echo 10"
2025-06-02 15:19:46,131{GMT}	INFO	[jepsen worker 2] jepsen.util: 2	:ok	:echo	{:type "echo_ok", :echo "Please echo 10", :msg_id 21, :in_reply_to 21}
2025-06-02 15:19:46,213{GMT}	INFO	[jepsen worker 2] jepsen.util: 2	:invoke	:echo	"Please echo 43"
2025-06-02 15:19:46,216{GMT}	INFO	[jepsen worker 2] jepsen.util: 2	:ok	:echo	{:type "echo_ok", :echo "Please echo 43", :msg_id 22, :in_reply_to 22}
2025-06-02 15:19:46,279{GMT}	INFO	[jepsen worker 2] jepsen.util: 2	:invoke	:echo	"Please echo 50"
2025-06-02 15:19:46,281{GMT}	INFO	[jepsen worker 2] jepsen.util: 2	:ok	:echo	{:type "echo_ok", :echo "Please echo 50", :msg_id 23, :in_reply_to 23}
2025-06-02 15:19:46,370{GMT}	INFO	[jepsen worker 0] jepsen.util: 0	:invoke	:echo	"Please echo 105"
2025-06-02 15:19:46,373{GMT}	INFO	[jepsen worker 0] jepsen.util: 0	:ok	:echo	{:type "echo_ok", :echo "Please echo 105", :msg_id 12, :in_reply_to 12}
2025-06-02 15:19:46,425{GMT}	INFO	[jepsen worker 0] jepsen.util: 0	:invoke	:echo	"Please echo 102"
2025-06-02 15:19:46,427{GMT}	INFO	[jepsen worker 0] jepsen.util: 0	:ok	:echo	{:type "echo_ok", :echo "Please echo 102", :msg_id 13, :in_reply_to 13}
2025-06-02 15:19:46,569{GMT}	INFO	[jepsen worker 0] jepsen.util: 0	:invoke	:echo	"Please echo 58"
2025-06-02 15:19:46,572{GMT}	INFO	[jepsen worker 0] jepsen.util: 0	:ok	:echo	{:type "echo_ok", :echo "Please echo 58", :msg_id 14, :in_reply_to 14}
2025-06-02 15:19:46,703{GMT}	INFO	[jepsen worker 2] jepsen.util: 2	:invoke	:echo	"Please echo 60"
2025-06-02 15:19:46,706{GMT}	INFO	[jepsen worker 2] jepsen.util: 2	:ok	:echo	{:type "echo_ok", :echo "Please echo 60", :msg_id 24, :in_reply_to 24}
2025-06-02 15:19:46,816{GMT}	INFO	[jepsen worker 2] jepsen.util: 2	:invoke	:echo	"Please echo 57"
2025-06-02 15:19:46,819{GMT}	INFO	[jepsen worker 2] jepsen.util: 2	:ok	:echo	{:type "echo_ok", :echo "Please echo 57", :msg_id 25, :in_reply_to 25}
2025-06-02 15:19:46,871{GMT}	INFO	[jepsen worker 1] jepsen.util: 1	:invoke	:echo	"Please echo 42"
2025-06-02 15:19:46,874{GMT}	INFO	[jepsen worker 1] jepsen.util: 1	:ok	:echo	{:type "echo_ok", :echo "Please echo 42", :msg_id 24, :in_reply_to 24}
2025-06-02 15:19:46,920{GMT}	INFO	[jepsen worker 1] jepsen.util: 1	:invoke	:echo	"Please echo 64"
2025-06-02 15:19:46,922{GMT}	INFO	[jepsen worker 1] jepsen.util: 1	:ok	:echo	{:type "echo_ok", :echo "Please echo 64", :msg_id 25, :in_reply_to 25}
2025-06-02 15:19:47,070{GMT}	INFO	[jepsen worker 3] jepsen.util: 3	:invoke	:echo	"Please echo 5"
2025-06-02 15:19:47,073{GMT}	INFO	[jepsen worker 3] jepsen.util: 3	:ok	:echo	{:type "echo_ok", :echo "Please echo 5", :msg_id 14, :in_reply_to 14}
2025-06-02 15:19:47,138{GMT}	INFO	[jepsen worker 2] jepsen.util: 2	:invoke	:echo	"Please echo 16"
2025-06-02 15:19:47,140{GMT}	INFO	[jepsen worker 2] jepsen.util: 2	:ok	:echo	{:type "echo_ok", :echo "Please echo 16", :msg_id 26, :in_reply_to 26}
2025-06-02 15:19:47,320{GMT}	INFO	[jepsen worker 1] jepsen.util: 1	:invoke	:echo	"Please echo 22"
2025-06-02 15:19:47,323{GMT}	INFO	[jepsen worker 1] jepsen.util: 1	:ok	:echo	{:type "echo_ok", :echo "Please echo 22", :msg_id 26, :in_reply_to 26}
2025-06-02 15:19:47,355{GMT}	INFO	[jepsen worker 2] jepsen.util: 2	:invoke	:echo	"Please echo 115"
2025-06-02 15:19:47,357{GMT}	INFO	[jepsen worker 2] jepsen.util: 2	:ok	:echo	{:type "echo_ok", :echo "Please echo 115", :msg_id 27, :in_reply_to 27}
2025-06-02 15:19:47,450{GMT}	INFO	[jepsen worker 0] jepsen.util: 0	:invoke	:echo	"Please echo 7"
2025-06-02 15:19:47,452{GMT}	INFO	[jepsen worker 0] jepsen.util: 0	:ok	:echo	{:type "echo_ok", :echo "Please echo 7", :msg_id 15, :in_reply_to 15}
2025-06-02 15:19:47,619{GMT}	INFO	[jepsen worker 3] jepsen.util: 3	:invoke	:echo	"Please echo 38"
2025-06-02 15:19:47,622{GMT}	INFO	[jepsen worker 3] jepsen.util: 3	:ok	:echo	{:type "echo_ok", :echo "Please echo 38", :msg_id 15, :in_reply_to 15}
2025-06-02 15:19:47,817{GMT}	INFO	[jepsen worker 2] jepsen.util: 2	:invoke	:echo	"Please echo 23"
2025-06-02 15:19:47,818{GMT}	INFO	[jepsen worker 4] jepsen.util: 4	:invoke	:echo	"Please echo 92"
2025-06-02 15:19:47,820{GMT}	INFO	[jepsen worker 2] jepsen.util: 2	:ok	:echo	{:type "echo_ok", :echo "Please echo 23", :msg_id 28, :in_reply_to 28}
2025-06-02 15:19:47,821{GMT}	INFO	[jepsen worker 4] jepsen.util: 4	:ok	:echo	{:type "echo_ok", :echo "Please echo 92", :msg_id 13, :in_reply_to 13}
2025-06-02 15:19:47,831{GMT}	INFO	[jepsen worker 1] jepsen.util: 1	:invoke	:echo	"Please echo 81"
2025-06-02 15:19:47,834{GMT}	INFO	[jepsen worker 1] jepsen.util: 1	:ok	:echo	{:type "echo_ok", :echo "Please echo 81", :msg_id 27, :in_reply_to 27}
2025-06-02 15:19:47,867{GMT}	INFO	[jepsen worker 2] jepsen.util: 2	:invoke	:echo	"Please echo 79"
2025-06-02 15:19:47,870{GMT}	INFO	[jepsen worker 2] jepsen.util: 2	:ok	:echo	{:type "echo_ok", :echo "Please echo 79", :msg_id 29, :in_reply_to 29}
2025-06-02 15:19:48,033{GMT}	INFO	[jepsen worker 4] jepsen.util: 4	:invoke	:echo	"Please echo 103"
2025-06-02 15:19:48,035{GMT}	INFO	[jepsen worker 4] jepsen.util: 4	:ok	:echo	{:type "echo_ok", :echo "Please echo 103", :msg_id 14, :in_reply_to 14}
2025-06-02 15:19:48,138{GMT}	INFO	[jepsen worker 0] jepsen.util: 0	:invoke	:echo	"Please echo 97"
2025-06-02 15:19:48,139{GMT}	INFO	[jepsen worker 1] jepsen.util: 1	:invoke	:echo	"Please echo 105"
2025-06-02 15:19:48,140{GMT}	INFO	[jepsen worker 0] jepsen.util: 0	:ok	:echo	{:type "echo_ok", :echo "Please echo 97", :msg_id 16, :in_reply_to 16}
2025-06-02 15:19:48,141{GMT}	INFO	[jepsen worker 1] jepsen.util: 1	:ok	:echo	{:type "echo_ok", :echo "Please echo 105", :msg_id 28, :in_reply_to 28}
2025-06-02 15:19:48,311{GMT}	INFO	[jepsen worker 1] jepsen.util: 1	:invoke	:echo	"Please echo 68"
2025-06-02 15:19:48,313{GMT}	INFO	[jepsen worker 1] jepsen.util: 1	:ok	:echo	{:type "echo_ok", :echo "Please echo 68", :msg_id 29, :in_reply_to 29}
2025-06-02 15:19:48,449{GMT}	INFO	[jepsen worker 1] jepsen.util: 1	:invoke	:echo	"Please echo 33"
2025-06-02 15:19:48,451{GMT}	INFO	[jepsen worker 1] jepsen.util: 1	:ok	:echo	{:type "echo_ok", :echo "Please echo 33", :msg_id 30, :in_reply_to 30}
2025-06-02 15:19:48,530{GMT}	INFO	[jepsen worker 0] jepsen.util: 0	:invoke	:echo	"Please echo 30"
2025-06-02 15:19:48,533{GMT}	INFO	[jepsen worker 0] jepsen.util: 0	:ok	:echo	{:type "echo_ok", :echo "Please echo 30", :msg_id 17, :in_reply_to 17}
2025-06-02 15:19:48,612{GMT}	INFO	[jepsen worker 1] jepsen.util: 1	:invoke	:echo	"Please echo 58"
2025-06-02 15:19:48,615{GMT}	INFO	[jepsen worker 1] jepsen.util: 1	:ok	:echo	{:type "echo_ok", :echo "Please echo 58", :msg_id 31, :in_reply_to 31}
2025-06-02 15:19:48,735{GMT}	INFO	[jepsen worker 2] jepsen.util: 2	:invoke	:echo	"Please echo 37"
2025-06-02 15:19:48,737{GMT}	INFO	[jepsen worker 2] jepsen.util: 2	:ok	:echo	{:type "echo_ok", :echo "Please echo 37", :msg_id 30, :in_reply_to 30}
2025-06-02 15:19:48,928{GMT}	INFO	[jepsen worker 3] jepsen.util: 3	:invoke	:echo	"Please echo 50"
2025-06-02 15:19:48,931{GMT}	INFO	[jepsen worker 3] jepsen.util: 3	:ok	:echo	{:type "echo_ok", :echo "Please echo 50", :msg_id 16, :in_reply_to 16}
2025-06-02 15:19:48,950{GMT}	INFO	[jepsen worker 2] jepsen.util: 2	:invoke	:echo	"Please echo 22"
2025-06-02 15:19:48,952{GMT}	INFO	[jepsen worker 2] jepsen.util: 2	:ok	:echo	{:type "echo_ok", :echo "Please echo 22", :msg_id 31, :in_reply_to 31}
2025-06-02 15:19:49,149{GMT}	INFO	[jepsen worker 1] jepsen.util: 1	:invoke	:echo	"Please echo 14"
2025-06-02 15:19:49,152{GMT}	INFO	[jepsen worker 1] jepsen.util: 1	:ok	:echo	{:type "echo_ok", :echo "Please echo 14", :msg_id 32, :in_reply_to 32}
2025-06-02 15:19:49,196{GMT}	INFO	[jepsen worker 3] jepsen.util: 3	:invoke	:echo	"Please echo 67"
2025-06-02 15:19:49,199{GMT}	INFO	[jepsen worker 3] jepsen.util: 3	:ok	:echo	{:type "echo_ok", :echo "Please echo 67", :msg_id 17, :in_reply_to 17}
2025-06-02 15:19:49,321{GMT}	INFO	[jepsen worker 4] jepsen.util: 4	:invoke	:echo	"Please echo 83"
2025-06-02 15:19:49,324{GMT}	INFO	[jepsen worker 4] jepsen.util: 4	:ok	:echo	{:type "echo_ok", :echo "Please echo 83", :msg_id 15, :in_reply_to 15}
2025-06-02 15:19:49,371{GMT}	INFO	[jepsen worker 1] jepsen.util: 1	:invoke	:echo	"Please echo 46"
2025-06-02 15:19:49,372{GMT}	INFO	[jepsen worker 1] jepsen.util: 1	:ok	:echo	{:type "echo_ok", :echo "Please echo 46", :msg_id 33, :in_reply_to 33}
2025-06-02 15:19:49,418{GMT}	INFO	[jepsen worker 2] jepsen.util: 2	:invoke	:echo	"Please echo 24"
2025-06-02 15:19:49,419{GMT}	INFO	[jepsen worker 2] jepsen.util: 2	:ok	:echo	{:type "echo_ok", :echo "Please echo 24", :msg_id 32, :in_reply_to 32}
2025-06-02 15:19:49,467{GMT}	INFO	[jepsen worker 0] jepsen.util: 0	:invoke	:echo	"Please echo 89"
2025-06-02 15:19:49,468{GMT}	INFO	[jepsen worker 0] jepsen.util: 0	:ok	:echo	{:type "echo_ok", :echo "Please echo 89", :msg_id 18, :in_reply_to 18}
2025-06-02 15:19:49,498{GMT}	INFO	[jepsen worker 0] jepsen.util: 0	:invoke	:echo	"Please echo 105"
2025-06-02 15:19:49,499{GMT}	INFO	[jepsen worker 0] jepsen.util: 0	:ok	:echo	{:type "echo_ok", :echo "Please echo 105", :msg_id 19, :in_reply_to 19}
2025-06-02 15:19:49,546{GMT}	INFO	[jepsen worker 4] jepsen.util: 4	:invoke	:echo	"Please echo 95"
2025-06-02 15:19:49,546{GMT}	INFO	[jepsen worker 4] jepsen.util: 4	:ok	:echo	{:type "echo_ok", :echo "Please echo 95", :msg_id 16, :in_reply_to 16}
2025-06-02 15:19:49,747{GMT}	INFO	[jepsen worker 1] jepsen.util: 1	:invoke	:echo	"Please echo 13"
2025-06-02 15:19:49,750{GMT}	INFO	[jepsen worker 1] jepsen.util: 1	:ok	:echo	{:type "echo_ok", :echo "Please echo 13", :msg_id 34, :in_reply_to 34}
2025-06-02 15:19:49,944{GMT}	INFO	[jepsen worker 0] jepsen.util: 0	:invoke	:echo	"Please echo 88"
2025-06-02 15:19:49,947{GMT}	INFO	[jepsen worker 0] jepsen.util: 0	:ok	:echo	{:type "echo_ok", :echo "Please echo 88", :msg_id 20, :in_reply_to 20}
2025-06-02 15:19:49,980{GMT}	INFO	[jepsen worker 0] jepsen.util: 0	:invoke	:echo	"Please echo 79"
2025-06-02 15:19:49,981{GMT}	INFO	[jepsen worker 0] jepsen.util: 0	:ok	:echo	{:type "echo_ok", :echo "Please echo 79", :msg_id 21, :in_reply_to 21}
2025-06-02 15:19:50,152{GMT}	INFO	[jepsen worker 1] jepsen.util: 1	:invoke	:echo	"Please echo 94"
2025-06-02 15:19:50,155{GMT}	INFO	[jepsen worker 1] jepsen.util: 1	:ok	:echo	{:type "echo_ok", :echo "Please echo 94", :msg_id 35, :in_reply_to 35}
2025-06-02 15:19:50,297{GMT}	INFO	[jepsen worker 4] jepsen.util: 4	:invoke	:echo	"Please echo 40"
2025-06-02 15:19:50,299{GMT}	INFO	[jepsen worker 4] jepsen.util: 4	:ok	:echo	{:type "echo_ok", :echo "Please echo 40", :msg_id 17, :in_reply_to 17}
2025-06-02 15:19:50,490{GMT}	INFO	[jepsen worker 3] jepsen.util: 3	:invoke	:echo	"Please echo 56"
2025-06-02 15:19:50,493{GMT}	INFO	[jepsen worker 3] jepsen.util: 3	:ok	:echo	{:type "echo_ok", :echo "Please echo 56", :msg_id 18, :in_reply_to 18}
2025-06-02 15:19:50,591{GMT}	INFO	[jepsen worker 1] jepsen.util: 1	:invoke	:echo	"Please echo 17"
2025-06-02 15:19:50,594{GMT}	INFO	[jepsen worker 1] jepsen.util: 1	:ok	:echo	{:type "echo_ok", :echo "Please echo 17", :msg_id 36, :in_reply_to 36}
2025-06-02 15:19:50,608{GMT}	INFO	[jepsen worker 4] jepsen.util: 4	:invoke	:echo	"Please echo 15"
2025-06-02 15:19:50,609{GMT}	INFO	[jepsen worker 4] jepsen.util: 4	:ok	:echo	{:type "echo_ok", :echo "Please echo 15", :msg_id 18, :in_reply_to 18}
2025-06-02 15:19:50,726{GMT}	INFO	[jepsen worker 1] jepsen.util: 1	:invoke	:echo	"Please echo 90"
2025-06-02 15:19:50,728{GMT}	INFO	[jepsen worker 1] jepsen.util: 1	:ok	:echo	{:type "echo_ok", :echo "Please echo 90", :msg_id 37, :in_reply_to 37}
2025-06-02 15:19:50,815{GMT}	INFO	[jepsen worker 1] jepsen.util: 1	:invoke	:echo	"Please echo 0"
2025-06-02 15:19:50,817{GMT}	INFO	[jepsen worker 1] jepsen.util: 1	:ok	:echo	{:type "echo_ok", :echo "Please echo 0", :msg_id 38, :in_reply_to 38}
2025-06-02 15:19:50,868{GMT}	INFO	[jepsen worker 3] jepsen.util: 3	:invoke	:echo	"Please echo 16"
2025-06-02 15:19:50,870{GMT}	INFO	[jepsen worker 3] jepsen.util: 3	:ok	:echo	{:type "echo_ok", :echo "Please echo 16", :msg_id 19, :in_reply_to 19}
2025-06-02 15:19:50,895{GMT}	INFO	[jepsen worker 1] jepsen.util: 1	:invoke	:echo	"Please echo 112"
2025-06-02 15:19:50,897{GMT}	INFO	[jepsen worker 1] jepsen.util: 1	:ok	:echo	{:type "echo_ok", :echo "Please echo 112", :msg_id 39, :in_reply_to 39}
2025-06-02 15:19:50,954{GMT}	INFO	[jepsen worker 2] jepsen.util: 2	:invoke	:echo	"Please echo 19"
2025-06-02 15:19:50,956{GMT}	INFO	[jepsen worker 2] jepsen.util: 2	:ok	:echo	{:type "echo_ok", :echo "Please echo 19", :msg_id 33, :in_reply_to 33}
2025-06-02 15:19:51,151{GMT}	INFO	[jepsen worker 2] jepsen.util: 2	:invoke	:echo	"Please echo 83"
2025-06-02 15:19:51,153{GMT}	INFO	[jepsen worker 2] jepsen.util: 2	:ok	:echo	{:type "echo_ok", :echo "Please echo 83", :msg_id 34, :in_reply_to 34}
2025-06-02 15:19:51,351{GMT}	INFO	[jepsen worker 4] jepsen.util: 4	:invoke	:echo	"Please echo 36"
2025-06-02 15:19:51,353{GMT}	INFO	[jepsen worker 4] jepsen.util: 4	:ok	:echo	{:type "echo_ok", :echo "Please echo 36", :msg_id 19, :in_reply_to 19}
2025-06-02 15:19:51,360{GMT}	INFO	[jepsen worker 4] jepsen.util: 4	:invoke	:echo	"Please echo 74"
2025-06-02 15:19:51,362{GMT}	INFO	[jepsen worker 4] jepsen.util: 4	:ok	:echo	{:type "echo_ok", :echo "Please echo 74", :msg_id 20, :in_reply_to 20}
2025-06-02 15:19:51,447{GMT}	INFO	[jepsen worker 1] jepsen.util: 1	:invoke	:echo	"Please echo 64"
2025-06-02 15:19:51,449{GMT}	INFO	[jepsen worker 1] jepsen.util: 1	:ok	:echo	{:type "echo_ok", :echo "Please echo 64", :msg_id 40, :in_reply_to 40}
2025-06-02 15:19:51,572{GMT}	INFO	[jepsen worker 1] jepsen.util: 1	:invoke	:echo	"Please echo 63"
2025-06-02 15:19:51,574{GMT}	INFO	[jepsen worker 1] jepsen.util: 1	:ok	:echo	{:type "echo_ok", :echo "Please echo 63", :msg_id 41, :in_reply_to 41}
2025-06-02 15:19:51,681{GMT}	INFO	[jepsen worker 1] jepsen.util: 1	:invoke	:echo	"Please echo 118"
2025-06-02 15:19:51,683{GMT}	INFO	[jepsen worker 1] jepsen.util: 1	:ok	:echo	{:type "echo_ok", :echo "Please echo 118", :msg_id 42, :in_reply_to 42}
2025-06-02 15:19:51,806{GMT}	INFO	[jepsen worker 0] jepsen.util: 0	:invoke	:echo	"Please echo 108"
2025-06-02 15:19:51,808{GMT}	INFO	[jepsen worker 0] jepsen.util: 0	:ok	:echo	{:type "echo_ok", :echo "Please echo 108", :msg_id 22, :in_reply_to 22}
2025-06-02 15:19:51,901{GMT}	INFO	[jepsen worker 4] jepsen.util: 4	:invoke	:echo	"Please echo 24"
2025-06-02 15:19:51,902{GMT}	INFO	[jepsen worker 4] jepsen.util: 4	:ok	:echo	{:type "echo_ok", :echo "Please echo 24", :msg_id 21, :in_reply_to 21}
2025-06-02 15:19:51,950{GMT}	INFO	[jepsen worker 1] jepsen.util: 1	:invoke	:echo	"Please echo 82"
2025-06-02 15:19:51,951{GMT}	INFO	[jepsen worker 1] jepsen.util: 1	:ok	:echo	{:type "echo_ok", :echo "Please echo 82", :msg_id 43, :in_reply_to 43}
2025-06-02 15:19:52,074{GMT}	INFO	[jepsen worker 4] jepsen.util: 4	:invoke	:echo	"Please echo 117"
2025-06-02 15:19:52,077{GMT}	INFO	[jepsen worker 4] jepsen.util: 4	:ok	:echo	{:type "echo_ok", :echo "Please echo 117", :msg_id 22, :in_reply_to 22}
2025-06-02 15:19:52,219{GMT}	INFO	[jepsen worker 2] jepsen.util: 2	:invoke	:echo	"Please echo 124"
2025-06-02 15:19:52,221{GMT}	INFO	[jepsen worker 2] jepsen.util: 2	:ok	:echo	{:type "echo_ok", :echo "Please echo 124", :msg_id 35, :in_reply_to 35}
2025-06-02 15:19:52,336{GMT}	INFO	[jepsen worker 0] jepsen.util: 0	:invoke	:echo	"Please echo 20"
2025-06-02 15:19:52,338{GMT}	INFO	[jepsen worker 0] jepsen.util: 0	:ok	:echo	{:type "echo_ok", :echo "Please echo 20", :msg_id 23, :in_reply_to 23}
2025-06-02 15:19:52,524{GMT}	INFO	[jepsen worker 2] jepsen.util: 2	:invoke	:echo	"Please echo 22"
2025-06-02 15:19:52,525{GMT}	INFO	[jepsen worker 2] jepsen.util: 2	:ok	:echo	{:type "echo_ok", :echo "Please echo 22", :msg_id 36, :in_reply_to 36}
2025-06-02 15:19:52,588{GMT}	INFO	[jepsen worker 2] jepsen.util: 2	:invoke	:echo	"Please echo 34"
2025-06-02 15:19:52,589{GMT}	INFO	[jepsen worker 2] jepsen.util: 2	:ok	:echo	{:type "echo_ok", :echo "Please echo 34", :msg_id 37, :in_reply_to 37}
2025-06-02 15:19:52,753{GMT}	INFO	[jepsen worker 0] jepsen.util: 0	:invoke	:echo	"Please echo 109"
2025-06-02 15:19:52,755{GMT}	INFO	[jepsen worker 0] jepsen.util: 0	:ok	:echo	{:type "echo_ok", :echo "Please echo 109", :msg_id 24, :in_reply_to 24}
2025-06-02 15:19:52,779{GMT}	INFO	[jepsen worker 2] jepsen.util: 2	:invoke	:echo	"Please echo 85"
2025-06-02 15:19:52,781{GMT}	INFO	[jepsen worker 2] jepsen.util: 2	:ok	:echo	{:type "echo_ok", :echo "Please echo 85", :msg_id 38, :in_reply_to 38}
2025-06-02 15:19:52,911{GMT}	INFO	[jepsen worker 0] jepsen.util: 0	:invoke	:echo	"Please echo 117"
2025-06-02 15:19:52,913{GMT}	INFO	[jepsen worker 0] jepsen.util: 0	:ok	:echo	{:type "echo_ok", :echo "Please echo 117", :msg_id 25, :in_reply_to 25}
2025-06-02 15:19:53,015{GMT}	INFO	[jepsen worker 3] jepsen.util: 3	:invoke	:echo	"Please echo 62"
2025-06-02 15:19:53,018{GMT}	INFO	[jepsen worker 3] jepsen.util: 3	:ok	:echo	{:type "echo_ok", :echo "Please echo 62", :msg_id 20, :in_reply_to 20}
2025-06-02 15:19:53,131{GMT}	INFO	[jepsen worker 3] jepsen.util: 3	:invoke	:echo	"Please echo 88"
2025-06-02 15:19:53,133{GMT}	INFO	[jepsen worker 3] jepsen.util: 3	:ok	:echo	{:type "echo_ok", :echo "Please echo 88", :msg_id 21, :in_reply_to 21}
2025-06-02 15:19:53,251{GMT}	INFO	[jepsen worker 3] jepsen.util: 3	:invoke	:echo	"Please echo 1"
2025-06-02 15:19:53,253{GMT}	INFO	[jepsen worker 3] jepsen.util: 3	:ok	:echo	{:type "echo_ok", :echo "Please echo 1", :msg_id 22, :in_reply_to 22}
2025-06-02 15:19:53,368{GMT}	INFO	[jepsen worker 2] jepsen.util: 2	:invoke	:echo	"Please echo 26"
2025-06-02 15:19:53,371{GMT}	INFO	[jepsen worker 2] jepsen.util: 2	:ok	:echo	{:type "echo_ok", :echo "Please echo 26", :msg_id 39, :in_reply_to 39}
2025-06-02 15:19:53,461{GMT}	INFO	[jepsen worker 4] jepsen.util: 4	:invoke	:echo	"Please echo 6"
2025-06-02 15:19:53,494{GMT}	INFO	[jepsen worker 2] jepsen.util: 2	:invoke	:echo	"Please echo 124"
2025-06-02 15:19:53,611{GMT}	INFO	[jepsen worker 2] jepsen.util: 2	:ok	:echo	{:type "echo_ok", :echo "Please echo 124", :msg_id 40, :in_reply_to 40}
2025-06-02 15:19:53,611{GMT}	INFO	[jepsen worker 4] jepsen.util: 4	:ok	:echo	{:type "echo_ok", :echo "Please echo 6", :msg_id 23, :in_reply_to 23}
2025-06-02 15:19:53,699{GMT}	INFO	[jepsen worker 2] jepsen.util: 2	:invoke	:echo	"Please echo 78"
2025-06-02 15:19:53,700{GMT}	INFO	[jepsen worker 2] jepsen.util: 2	:ok	:echo	{:type "echo_ok", :echo "Please echo 78", :msg_id 41, :in_reply_to 41}
2025-06-02 15:19:53,751{GMT}	INFO	[jepsen worker 1] jepsen.util: 1	:invoke	:echo	"Please echo 86"
2025-06-02 15:19:53,753{GMT}	INFO	[jepsen worker 1] jepsen.util: 1	:ok	:echo	{:type "echo_ok", :echo "Please echo 86", :msg_id 44, :in_reply_to 44}
2025-06-02 15:19:53,848{GMT}	INFO	[jepsen worker 4] jepsen.util: 4	:invoke	:echo	"Please echo 90"
2025-06-02 15:19:53,850{GMT}	INFO	[jepsen worker 4] jepsen.util: 4	:ok	:echo	{:type "echo_ok", :echo "Please echo 90", :msg_id 24, :in_reply_to 24}
2025-06-02 15:19:53,913{GMT}	INFO	[jepsen worker 0] jepsen.util: 0	:invoke	:echo	"Please echo 84"
2025-06-02 15:19:53,916{GMT}	INFO	[jepsen worker 0] jepsen.util: 0	:ok	:echo	{:type "echo_ok", :echo "Please echo 84", :msg_id 26, :in_reply_to 26}
2025-06-02 15:19:54,098{GMT}	INFO	[jepsen worker 0] jepsen.util: 0	:invoke	:echo	"Please echo 72"
2025-06-02 15:19:54,100{GMT}	INFO	[jepsen worker 0] jepsen.util: 0	:ok	:echo	{:type "echo_ok", :echo "Please echo 72", :msg_id 27, :in_reply_to 27}
2025-06-02 15:19:54,223{GMT}	INFO	[jepsen worker 3] jepsen.util: 3	:invoke	:echo	"Please echo 21"
2025-06-02 15:19:54,225{GMT}	INFO	[jepsen worker 3] jepsen.util: 3	:ok	:echo	{:type "echo_ok", :echo "Please echo 21", :msg_id 23, :in_reply_to 23}
2025-06-02 15:19:54,407{GMT}	INFO	[jepsen worker 4] jepsen.util: 4	:invoke	:echo	"Please echo 86"
2025-06-02 15:19:54,408{GMT}	INFO	[jepsen worker 4] jepsen.util: 4	:ok	:echo	{:type "echo_ok", :echo "Please echo 86", :msg_id 25, :in_reply_to 25}
2025-06-02 15:19:54,525{GMT}	INFO	[jepsen worker 3] jepsen.util: 3	:invoke	:echo	"Please echo 46"
2025-06-02 15:19:54,527{GMT}	INFO	[jepsen worker 3] jepsen.util: 3	:ok	:echo	{:type "echo_ok", :echo "Please echo 46", :msg_id 24, :in_reply_to 24}
2025-06-02 15:19:54,554{GMT}	INFO	[jepsen worker 0] jepsen.util: 0	:invoke	:echo	"Please echo 100"
2025-06-02 15:19:54,555{GMT}	INFO	[jepsen worker 0] jepsen.util: 0	:ok	:echo	{:type "echo_ok", :echo "Please echo 100", :msg_id 28, :in_reply_to 28}
2025-06-02 15:19:54,730{GMT}	INFO	[jepsen worker 0] jepsen.util: 0	:invoke	:echo	"Please echo 41"
2025-06-02 15:19:54,732{GMT}	INFO	[jepsen worker 0] jepsen.util: 0	:ok	:echo	{:type "echo_ok", :echo "Please echo 41", :msg_id 29, :in_reply_to 29}
2025-06-02 15:19:54,904{GMT}	INFO	[jepsen worker 0] jepsen.util: 0	:invoke	:echo	"Please echo 25"
2025-06-02 15:19:54,906{GMT}	INFO	[jepsen worker 0] jepsen.util: 0	:ok	:echo	{:type "echo_ok", :echo "Please echo 25", :msg_id 30, :in_reply_to 30}
2025-06-02 15:19:54,964{GMT}	INFO	[jepsen worker 1] jepsen.util: 1	:invoke	:echo	"Please echo 65"
2025-06-02 15:19:54,966{GMT}	INFO	[jepsen worker 1] jepsen.util: 1	:ok	:echo	{:type "echo_ok", :echo "Please echo 65", :msg_id 45, :in_reply_to 45}
2025-06-02 15:19:55,140{GMT}	INFO	[jepsen worker 0] jepsen.util: 0	:invoke	:echo	"Please echo 126"
2025-06-02 15:19:55,143{GMT}	INFO	[jepsen worker 0] jepsen.util: 0	:ok	:echo	{:type "echo_ok", :echo "Please echo 126", :msg_id 31, :in_reply_to 31}
2025-06-02 15:19:55,212{GMT}	INFO	[jepsen worker 4] jepsen.util: 4	:invoke	:echo	"Please echo 115"
2025-06-02 15:19:55,214{GMT}	INFO	[jepsen worker 4] jepsen.util: 4	:ok	:echo	{:type "echo_ok", :echo "Please echo 115", :msg_id 26, :in_reply_to 26}
2025-06-02 15:19:55,277{GMT}	INFO	[jepsen worker 2] jepsen.util: 2	:invoke	:echo	"Please echo 93"
2025-06-02 15:19:55,280{GMT}	INFO	[jepsen worker 2] jepsen.util: 2	:ok	:echo	{:type "echo_ok", :echo "Please echo 93", :msg_id 42, :in_reply_to 42}
2025-06-02 15:19:55,436{GMT}	INFO	[jepsen worker 4] jepsen.util: 4	:invoke	:echo	"Please echo 115"
2025-06-02 15:19:55,438{GMT}	INFO	[jepsen worker 4] jepsen.util: 4	:ok	:echo	{:type "echo_ok", :echo "Please echo 115", :msg_id 27, :in_reply_to 27}
2025-06-02 15:19:55,611{GMT}	INFO	[jepsen worker 2] jepsen.util: 2	:invoke	:echo	"Please echo 106"
2025-06-02 15:19:55,613{GMT}	INFO	[jepsen worker 2] jepsen.util: 2	:ok	:echo	{:type "echo_ok", :echo "Please echo 106", :msg_id 43, :in_reply_to 43}
2025-06-02 15:19:55,673{GMT}	INFO	[jepsen worker 1] jepsen.util: 1	:invoke	:echo	"Please echo 113"
2025-06-02 15:19:55,676{GMT}	INFO	[jepsen worker 1] jepsen.util: 1	:ok	:echo	{:type "echo_ok", :echo "Please echo 113", :msg_id 46, :in_reply_to 46}
2025-06-02 15:19:55,779{GMT}	INFO	[jepsen worker 1] jepsen.util: 1	:invoke	:echo	"Please echo 86"
2025-06-02 15:19:55,781{GMT}	INFO	[jepsen worker 1] jepsen.util: 1	:ok	:echo	{:type "echo_ok", :echo "Please echo 86", :msg_id 47, :in_reply_to 47}
2025-06-02 15:19:55,940{GMT}	INFO	[jepsen worker 4] jepsen.util: 4	:invoke	:echo	"Please echo 86"
2025-06-02 15:19:55,942{GMT}	INFO	[jepsen worker 4] jepsen.util: 4	:ok	:echo	{:type "echo_ok", :echo "Please echo 86", :msg_id 28, :in_reply_to 28}
2025-06-02 15:19:56,070{GMT}	INFO	[jepsen worker 1] jepsen.util: 1	:invoke	:echo	"Please echo 50"
2025-06-02 15:19:56,073{GMT}	INFO	[jepsen worker 1] jepsen.util: 1	:ok	:echo	{:type "echo_ok", :echo "Please echo 50", :msg_id 48, :in_reply_to 48}
2025-06-02 15:19:56,190{GMT}	INFO	[jepsen worker 4] jepsen.util: 4	:invoke	:echo	"Please echo 81"
2025-06-02 15:19:56,192{GMT}	INFO	[jepsen worker 4] jepsen.util: 4	:ok	:echo	{:type "echo_ok", :echo "Please echo 81", :msg_id 29, :in_reply_to 29}
2025-06-02 15:19:56,198{GMT}	INFO	[jepsen worker 0] jepsen.util: 0	:invoke	:echo	"Please echo 1"
2025-06-02 15:19:56,199{GMT}	INFO	[jepsen worker 0] jepsen.util: 0	:ok	:echo	{:type "echo_ok", :echo "Please echo 1", :msg_id 32, :in_reply_to 32}
2025-06-02 15:19:56,328{GMT}	INFO	[jepsen worker 1] jepsen.util: 1	:invoke	:echo	"Please echo 43"
2025-06-02 15:19:56,330{GMT}	INFO	[jepsen worker 1] jepsen.util: 1	:ok	:echo	{:type "echo_ok", :echo "Please echo 43", :msg_id 49, :in_reply_to 49}
2025-06-02 15:19:56,502{GMT}	INFO	[jepsen worker 0] jepsen.util: 0	:invoke	:echo	"Please echo 121"
2025-06-02 15:19:56,504{GMT}	INFO	[jepsen worker 0] jepsen.util: 0	:ok	:echo	{:type "echo_ok", :echo "Please echo 121", :msg_id 33, :in_reply_to 33}
2025-06-02 15:19:56,581{GMT}	INFO	[jepsen worker 1] jepsen.util: 1	:invoke	:echo	"Please echo 56"
2025-06-02 15:19:56,582{GMT}	INFO	[jepsen worker 1] jepsen.util: 1	:ok	:echo	{:type "echo_ok", :echo "Please echo 56", :msg_id 50, :in_reply_to 50}
2025-06-02 15:19:56,639{GMT}	INFO	[jepsen worker 3] jepsen.util: 3	:invoke	:echo	"Please echo 70"
2025-06-02 15:19:56,640{GMT}	INFO	[jepsen worker 3] jepsen.util: 3	:ok	:echo	{:type "echo_ok", :echo "Please echo 70", :msg_id 25, :in_reply_to 25}
2025-06-02 15:19:56,661{GMT}	INFO	[jepsen worker 0] jepsen.util: 0	:invoke	:echo	"Please echo 26"
2025-06-02 15:19:56,662{GMT}	INFO	[jepsen worker 0] jepsen.util: 0	:ok	:echo	{:type "echo_ok", :echo "Please echo 26", :msg_id 34, :in_reply_to 34}
2025-06-02 15:19:56,723{GMT}	INFO	[jepsen worker 4] jepsen.util: 4	:invoke	:echo	"Please echo 101"
2025-06-02 15:19:56,724{GMT}	INFO	[jepsen worker 4] jepsen.util: 4	:ok	:echo	{:type "echo_ok", :echo "Please echo 101", :msg_id 30, :in_reply_to 30}
2025-06-02 15:19:56,729{GMT}	INFO	[jepsen worker 0] jepsen.util: 0	:invoke	:echo	"Please echo 75"
2025-06-02 15:19:56,730{GMT}	INFO	[jepsen worker 0] jepsen.util: 0	:ok	:echo	{:type "echo_ok", :echo "Please echo 75", :msg_id 35, :in_reply_to 35}
2025-06-02 15:19:56,836{GMT}	INFO	[jepsen worker 2] jepsen.util: 2	:invoke	:echo	"Please echo 43"
2025-06-02 15:19:56,838{GMT}	INFO	[jepsen worker 2] jepsen.util: 2	:ok	:echo	{:type "echo_ok", :echo "Please echo 43", :msg_id 44, :in_reply_to 44}
2025-06-02 15:19:57,012{GMT}	INFO	[jepsen worker 4] jepsen.util: 4	:invoke	:echo	"Please echo 126"
2025-06-02 15:19:57,014{GMT}	INFO	[jepsen worker 4] jepsen.util: 4	:ok	:echo	{:type "echo_ok", :echo "Please echo 126", :msg_id 31, :in_reply_to 31}
2025-06-02 15:19:57,122{GMT}	INFO	[jepsen worker 0] jepsen.util: 0	:invoke	:echo	"Please echo 100"
2025-06-02 15:19:57,123{GMT}	INFO	[jepsen worker 0] jepsen.util: 0	:ok	:echo	{:type "echo_ok", :echo "Please echo 100", :msg_id 36, :in_reply_to 36}
2025-06-02 15:19:57,148{GMT}	INFO	[jepsen worker 0] jepsen.util: 0	:invoke	:echo	"Please echo 41"
2025-06-02 15:19:57,150{GMT}	INFO	[jepsen worker 0] jepsen.util: 0	:ok	:echo	{:type "echo_ok", :echo "Please echo 41", :msg_id 37, :in_reply_to 37}
2025-06-02 15:19:57,247{GMT}	INFO	[jepsen worker 2] jepsen.util: 2	:invoke	:echo	"Please echo 79"
2025-06-02 15:19:57,250{GMT}	INFO	[jepsen worker 2] jepsen.util: 2	:ok	:echo	{:type "echo_ok", :echo "Please echo 79", :msg_id 45, :in_reply_to 45}
2025-06-02 15:19:57,366{GMT}	INFO	[jepsen worker 3] jepsen.util: 3	:invoke	:echo	"Please echo 92"
2025-06-02 15:19:57,369{GMT}	INFO	[jepsen worker 3] jepsen.util: 3	:ok	:echo	{:type "echo_ok", :echo "Please echo 92", :msg_id 26, :in_reply_to 26}
2025-06-02 15:19:57,493{GMT}	INFO	[jepsen worker 0] jepsen.util: 0	:invoke	:echo	"Please echo 63"
2025-06-02 15:19:57,496{GMT}	INFO	[jepsen worker 0] jepsen.util: 0	:ok	:echo	{:type "echo_ok", :echo "Please echo 63", :msg_id 38, :in_reply_to 38}
2025-06-02 15:19:57,673{GMT}	INFO	[jepsen worker 3] jepsen.util: 3	:invoke	:echo	"Please echo 114"
2025-06-02 15:19:57,673{GMT}	INFO	[jepsen worker 3] jepsen.util: 3	:ok	:echo	{:type "echo_ok", :echo "Please echo 114", :msg_id 27, :in_reply_to 27}
2025-06-02 15:19:57,875{GMT}	INFO	[jepsen worker 3] jepsen.util: 3	:invoke	:echo	"Please echo 94"
2025-06-02 15:19:57,876{GMT}	INFO	[jepsen worker 3] jepsen.util: 3	:ok	:echo	{:type "echo_ok", :echo "Please echo 94", :msg_id 28, :in_reply_to 28}
2025-06-02 15:19:57,953{GMT}	INFO	[jepsen worker 2] jepsen.util: 2	:invoke	:echo	"Please echo 52"
2025-06-02 15:19:57,955{GMT}	INFO	[jepsen worker 2] jepsen.util: 2	:ok	:echo	{:type "echo_ok", :echo "Please echo 52", :msg_id 46, :in_reply_to 46}
2025-06-02 15:19:58,017{GMT}	INFO	[jepsen worker 0] jepsen.util: 0	:invoke	:echo	"Please echo 86"
2025-06-02 15:19:58,020{GMT}	INFO	[jepsen worker 0] jepsen.util: 0	:ok	:echo	{:type "echo_ok", :echo "Please echo 86", :msg_id 39, :in_reply_to 39}
2025-06-02 15:19:58,174{GMT}	INFO	[jepsen worker 1] jepsen.util: 1	:invoke	:echo	"Please echo 44"
2025-06-02 15:19:58,176{GMT}	INFO	[jepsen worker 1] jepsen.util: 1	:ok	:echo	{:type "echo_ok", :echo "Please echo 44", :msg_id 51, :in_reply_to 51}
2025-06-02 15:19:58,197{GMT}	INFO	[jepsen test runner] jepsen.core: Run complete, writing
2025-06-02 15:19:58,257{GMT}	INFO	[jepsen node n1] maelstrom.db: Tearing down n1
2025-06-02 15:19:58,257{GMT}	INFO	[jepsen node n5] maelstrom.db: Tearing down n5
2025-06-02 15:19:58,257{GMT}	INFO	[jepsen node n2] maelstrom.db: Tearing down n2
2025-06-02 15:19:58,257{GMT}	INFO	[jepsen node n4] maelstrom.db: Tearing down n4
2025-06-02 15:19:58,257{GMT}	INFO	[jepsen node n3] maelstrom.db: Tearing down n3
2025-06-02 15:19:59,963{GMT}	INFO	[jepsen node n1] maelstrom.net: Shutting down Maelstrom network
2025-06-02 15:19:59,966{GMT}	INFO	[jepsen test runner] jepsen.core: Analyzing...
2025-06-02 15:20:00,145{GMT}	INFO	[jepsen test runner] jepsen.core: Analysis complete
2025-06-02 15:20:00,152{GMT}	INFO	[jepsen results] jepsen.store: Wrote /Users/adr/code/maelstrom/store/echo/20250602T151927.272-0400/results.edn
2025-06-02 15:20:00,170{GMT}	INFO	[jepsen test runner] jepsen.core: {:perf {:latency-graph {:valid? true},
        :rate-graph {:valid? true},
        :valid? true},
 :timeline {:valid? true},
 :exceptions {:valid? true},
 :stats {:valid? true,
         :count 195,
         :ok-count 195,
         :fail-count 0,
         :info-count 0,
         :by-f {:echo {:valid? true,
                       :count 195,
                       :ok-count 195,
                       :fail-count 0,
                       :info-count 0}}},
 :availability {:valid? true, :ok-fraction 1.0},
 :net {:all {:send-count 400,
             :recv-count 400,
             :msg-count 400,
             :msgs-per-op 2.0512822},
       :clients {:send-count 400, :recv-count 400, :msg-count 400},
       :servers {:send-count 0,
                 :recv-count 0,
                 :msg-count 0,
                 :msgs-per-op 0.0},
       :valid? true},
 :workload {:valid? true, :errors ()},
 :valid? true}


Everything looks good! (`)
