[RECEIVED] {"id":2,"src":"c2","dest":"n1","body":{"type":"init","node_id":"n1","node_ids":["n1","n2","n3","n4","n5"],"msg_id":1}}
[MATCH INIT]
[INIT] {"src":"n1","dest":"c2","body":{"type":"init_ok","in_reply_to":1,"msg_id":0}}
[RECEIVED] {"id":12,"src":"c11","dest":"n1","body":{"echo":"Please echo 26","type":"echo","msg_id":1}}
[MATCH ECHO]
[ECHO] {"src":"n1","dest":"c11","body":{"type":"echo_ok","echo":"Please echo 26","msg_id":1,"in_reply_to":1}}
[RECEIVED] {"id":16,"src":"c11","dest":"n1","body":{"echo":"Please echo 52","type":"echo","msg_id":2}}
[MATCH ECHO]
[ECHO] {"src":"n1","dest":"c11","body":{"type":"echo_ok","echo":"Please echo 52","msg_id":2,"in_reply_to":2}}
[RECEIVED] {"id":34,"src":"c11","dest":"n1","body":{"echo":"Please echo 37","type":"echo","msg_id":3}}
[MATCH ECHO]
[ECHO] {"src":"n1","dest":"c11","body":{"type":"echo_ok","echo":"Please echo 37","msg_id":3,"in_reply_to":3}}
[RECEIVED] {"id":44,"src":"c11","dest":"n1","body":{"echo":"Please echo 35","type":"echo","msg_id":4}}
[MATCH ECHO]
[ECHO] {"src":"n1","dest":"c11","body":{"type":"echo_ok","echo":"Please echo 35","msg_id":4,"in_reply_to":4}}
[RECEIVED] {"id":46,"src":"c11","dest":"n1","body":{"echo":"Please echo 67","type":"echo","msg_id":5}}
[MATCH ECHO]
[ECHO] {"src":"n1","dest":"c11","body":{"type":"echo_ok","echo":"Please echo 67","msg_id":5,"in_reply_to":5}}
[RECEIVED] {"id":70,"src":"c11","dest":"n1","body":{"echo":"Please echo 47","type":"echo","msg_id":6}}
[MATCH ECHO]
[ECHO] {"src":"n1","dest":"c11","body":{"type":"echo_ok","echo":"Please echo 47","msg_id":6,"in_reply_to":6}}
[RECEIVED] {"id":86,"src":"c11","dest":"n1","body":{"echo":"Please echo 110","type":"echo","msg_id":7}}
[MATCH ECHO]
[ECHO] {"src":"n1","dest":"c11","body":{"type":"echo_ok","echo":"Please echo 110","msg_id":7,"in_reply_to":7}}
[RECEIVED] {"id":126,"src":"c11","dest":"n1","body":{"echo":"Please echo 31","type":"echo","msg_id":8}}
[MATCH ECHO]
[ECHO] {"src":"n1","dest":"c11","body":{"type":"echo_ok","echo":"Please echo 31","msg_id":8,"in_reply_to":8}}
[RECEIVED] {"id":142,"src":"c11","dest":"n1","body":{"echo":"Please echo 77","type":"echo","msg_id":9}}
[MATCH ECHO]
[ECHO] {"src":"n1","dest":"c11","body":{"type":"echo_ok","echo":"Please echo 77","msg_id":9,"in_reply_to":9}}
[RECEIVED] {"id":146,"src":"c11","dest":"n1","body":{"echo":"Please echo 30","type":"echo","msg_id":10}}
[MATCH ECHO]
[ECHO] {"src":"n1","dest":"c11","body":{"type":"echo_ok","echo":"Please echo 30","msg_id":10,"in_reply_to":10}}
[RECEIVED] {"id":152,"src":"c11","dest":"n1","body":{"echo":"Please echo 113","type":"echo","msg_id":11}}
[MATCH ECHO]
[ECHO] {"src":"n1","dest":"c11","body":{"type":"echo_ok","echo":"Please echo 113","msg_id":11,"in_reply_to":11}}
[RECEIVED] {"id":174,"src":"c11","dest":"n1","body":{"echo":"Please echo 105","type":"echo","msg_id":12}}
[MATCH ECHO]
[ECHO] {"src":"n1","dest":"c11","body":{"type":"echo_ok","echo":"Please echo 105","msg_id":12,"in_reply_to":12}}
[RECEIVED] {"id":176,"src":"c11","dest":"n1","body":{"echo":"Please echo 102","type":"echo","msg_id":13}}
[MATCH ECHO]
[ECHO] {"src":"n1","dest":"c11","body":{"type":"echo_ok","echo":"Please echo 102","msg_id":13,"in_reply_to":13}}
[RECEIVED] {"id":178,"src":"c11","dest":"n1","body":{"echo":"Please echo 58","type":"echo","msg_id":14}}
[MATCH ECHO]
[ECHO] {"src":"n1","dest":"c11","body":{"type":"echo_ok","echo":"Please echo 58","msg_id":14,"in_reply_to":14}}
[RECEIVED] {"id":196,"src":"c11","dest":"n1","body":{"echo":"Please echo 7","type":"echo","msg_id":15}}
[MATCH ECHO]
[ECHO] {"src":"n1","dest":"c11","body":{"type":"echo_ok","echo":"Please echo 7","msg_id":15,"in_reply_to":15}}
[RECEIVED] {"id":210,"src":"c11","dest":"n1","body":{"echo":"Please echo 97","type":"echo","msg_id":16}}
[MATCH ECHO]
[ECHO] {"src":"n1","dest":"c11","body":{"type":"echo_ok","echo":"Please echo 97","msg_id":16,"in_reply_to":16}}
[RECEIVED] {"id":218,"src":"c11","dest":"n1","body":{"echo":"Please echo 30","type":"echo","msg_id":17}}
[MATCH ECHO]
[ECHO] {"src":"n1","dest":"c11","body":{"type":"echo_ok","echo":"Please echo 30","msg_id":17,"in_reply_to":17}}
[RECEIVED] {"id":238,"src":"c11","dest":"n1","body":{"echo":"Please echo 89","type":"echo","msg_id":18}}
[MATCH ECHO]
[ECHO] {"src":"n1","dest":"c11","body":{"type":"echo_ok","echo":"Please echo 89","msg_id":18,"in_reply_to":18}}
[RECEIVED] {"id":240,"src":"c11","dest":"n1","body":{"echo":"Please echo 105","type":"echo","msg_id":19}}
[MATCH ECHO]
[ECHO] {"src":"n1","dest":"c11","body":{"type":"echo_ok","echo":"Please echo 105","msg_id":19,"in_reply_to":19}}
[RECEIVED] {"id":246,"src":"c11","dest":"n1","body":{"echo":"Please echo 88","type":"echo","msg_id":20}}
[MATCH ECHO]
[ECHO] {"src":"n1","dest":"c11","body":{"type":"echo_ok","echo":"Please echo 88","msg_id":20,"in_reply_to":20}}
[RECEIVED] {"id":248,"src":"c11","dest":"n1","body":{"echo":"Please echo 79","type":"echo","msg_id":21}}
[MATCH ECHO]
[ECHO] {"src":"n1","dest":"c11","body":{"type":"echo_ok","echo":"Please echo 79","msg_id":21,"in_reply_to":21}}
[RECEIVED] {"id":282,"src":"c11","dest":"n1","body":{"echo":"Please echo 108","type":"echo","msg_id":22}}
[MATCH ECHO]
[ECHO] {"src":"n1","dest":"c11","body":{"type":"echo_ok","echo":"Please echo 108","msg_id":22,"in_reply_to":22}}
[RECEIVED] {"id":292,"src":"c11","dest":"n1","body":{"echo":"Please echo 20","type":"echo","msg_id":23}}
[MATCH ECHO]
[ECHO] {"src":"n1","dest":"c11","body":{"type":"echo_ok","echo":"Please echo 20","msg_id":23,"in_reply_to":23}}
[RECEIVED] {"id":298,"src":"c11","dest":"n1","body":{"echo":"Please echo 109","type":"echo","msg_id":24}}
[MATCH ECHO]
[ECHO] {"src":"n1","dest":"c11","body":{"type":"echo_ok","echo":"Please echo 109","msg_id":24,"in_reply_to":24}}
[RECEIVED] {"id":302,"src":"c11","dest":"n1","body":{"echo":"Please echo 117","type":"echo","msg_id":25}}
[MATCH ECHO]
[ECHO] {"src":"n1","dest":"c11","body":{"type":"echo_ok","echo":"Please echo 117","msg_id":25,"in_reply_to":25}}
[RECEIVED] {"id":322,"src":"c11","dest":"n1","body":{"echo":"Please echo 84","type":"echo","msg_id":26}}
[MATCH ECHO]
[ECHO] {"src":"n1","dest":"c11","body":{"type":"echo_ok","echo":"Please echo 84","msg_id":26,"in_reply_to":26}}
[RECEIVED] {"id":324,"src":"c11","dest":"n1","body":{"echo":"Please echo 72","type":"echo","msg_id":27}}
[MATCH ECHO]
[ECHO] {"src":"n1","dest":"c11","body":{"type":"echo_ok","echo":"Please echo 72","msg_id":27,"in_reply_to":27}}
[RECEIVED] {"id":332,"src":"c11","dest":"n1","body":{"echo":"Please echo 100","type":"echo","msg_id":28}}
[MATCH ECHO]
[ECHO] {"src":"n1","dest":"c11","body":{"type":"echo_ok","echo":"Please echo 100","msg_id":28,"in_reply_to":28}}
[RECEIVED] {"id":334,"src":"c11","dest":"n1","body":{"echo":"Please echo 41","type":"echo","msg_id":29}}
[MATCH ECHO]
[ECHO] {"src":"n1","dest":"c11","body":{"type":"echo_ok","echo":"Please echo 41","msg_id":29,"in_reply_to":29}}
[RECEIVED] {"id":336,"src":"c11","dest":"n1","body":{"echo":"Please echo 25","type":"echo","msg_id":30}}
[MATCH ECHO]
[ECHO] {"src":"n1","dest":"c11","body":{"type":"echo_ok","echo":"Please echo 25","msg_id":30,"in_reply_to":30}}
[RECEIVED] {"id":340,"src":"c11","dest":"n1","body":{"echo":"Please echo 126","type":"echo","msg_id":31}}
[MATCH ECHO]
[ECHO] {"src":"n1","dest":"c11","body":{"type":"echo_ok","echo":"Please echo 126","msg_id":31,"in_reply_to":31}}
[RECEIVED] {"id":360,"src":"c11","dest":"n1","body":{"echo":"Please echo 1","type":"echo","msg_id":32}}
[MATCH ECHO]
[ECHO] {"src":"n1","dest":"c11","body":{"type":"echo_ok","echo":"Please echo 1","msg_id":32,"in_reply_to":32}}
[RECEIVED] {"id":364,"src":"c11","dest":"n1","body":{"echo":"Please echo 121","type":"echo","msg_id":33}}
[MATCH ECHO]
[ECHO] {"src":"n1","dest":"c11","body":{"type":"echo_ok","echo":"Please echo 121","msg_id":33,"in_reply_to":33}}
[RECEIVED] {"id":370,"src":"c11","dest":"n1","body":{"echo":"Please echo 26","type":"echo","msg_id":34}}
[MATCH ECHO]
[ECHO] {"src":"n1","dest":"c11","body":{"type":"echo_ok","echo":"Please echo 26","msg_id":34,"in_reply_to":34}}
[RECEIVED] {"id":374,"src":"c11","dest":"n1","body":{"echo":"Please echo 75","type":"echo","msg_id":35}}
[MATCH ECHO]
[ECHO] {"src":"n1","dest":"c11","body":{"type":"echo_ok","echo":"Please echo 75","msg_id":35,"in_reply_to":35}}
[RECEIVED] {"id":380,"src":"c11","dest":"n1","body":{"echo":"Please echo 100","type":"echo","msg_id":36}}
[MATCH ECHO]
[ECHO] {"src":"n1","dest":"c11","body":{"type":"echo_ok","echo":"Please echo 100","msg_id":36,"in_reply_to":36}}
[RECEIVED] {"id":382,"src":"c11","dest":"n1","body":{"echo":"Please echo 41","type":"echo","msg_id":37}}
[MATCH ECHO]
[ECHO] {"src":"n1","dest":"c11","body":{"type":"echo_ok","echo":"Please echo 41","msg_id":37,"in_reply_to":37}}
[RECEIVED] {"id":388,"src":"c11","dest":"n1","body":{"echo":"Please echo 63","type":"echo","msg_id":38}}
[MATCH ECHO]
[ECHO] {"src":"n1","dest":"c11","body":{"type":"echo_ok","echo":"Please echo 63","msg_id":38,"in_reply_to":38}}
[RECEIVED] {"id":396,"src":"c11","dest":"n1","body":{"echo":"Please echo 86","type":"echo","msg_id":39}}
[MATCH ECHO]
[ECHO] {"src":"n1","dest":"c11","body":{"type":"echo_ok","echo":"Please echo 86","msg_id":39,"in_reply_to":39}}
