[RECEIVED] {"id":1,"src":"c1","dest":"n4","body":{"type":"init","node_id":"n4","node_ids":["n1","n2","n3","n4","n5"],"msg_id":1}}
[MATCH INIT]
[INIT] {"src":"n4","dest":"c1","body":{"type":"init_ok","in_reply_to":1,"msg_id":0}}
[RECEIVED] {"id":18,"src":"c12","dest":"n4","body":{"echo":"Please echo 37","type":"echo","msg_id":1}}
[MATCH ECHO]
[ECHO] {"src":"n4","dest":"c12","body":{"type":"echo_ok","echo":"Please echo 37","msg_id":1,"in_reply_to":1}}
[RECEIVED] {"id":22,"src":"c12","dest":"n4","body":{"echo":"Please echo 116","type":"echo","msg_id":2}}
[MATCH ECHO]
[ECHO] {"src":"n4","dest":"c12","body":{"type":"echo_ok","echo":"Please echo 116","msg_id":2,"in_reply_to":2}}
[RECEIVED] {"id":28,"src":"c12","dest":"n4","body":{"echo":"Please echo 122","type":"echo","msg_id":3}}
[MATCH ECHO]
[ECHO] {"src":"n4","dest":"c12","body":{"type":"echo_ok","echo":"Please echo 122","msg_id":3,"in_reply_to":3}}
[RECEIVED] {"id":72,"src":"c12","dest":"n4","body":{"echo":"Please echo 58","type":"echo","msg_id":4}}
[MATCH ECHO]
[ECHO] {"src":"n4","dest":"c12","body":{"type":"echo_ok","echo":"Please echo 58","msg_id":4,"in_reply_to":4}}
[RECEIVED] {"id":80,"src":"c12","dest":"n4","body":{"echo":"Please echo 45","type":"echo","msg_id":5}}
[MATCH ECHO]
[ECHO] {"src":"n4","dest":"c12","body":{"type":"echo_ok","echo":"Please echo 45","msg_id":5,"in_reply_to":5}}
[RECEIVED] {"id":82,"src":"c12","dest":"n4","body":{"echo":"Please echo 67","type":"echo","msg_id":6}}
[MATCH ECHO]
[ECHO] {"src":"n4","dest":"c12","body":{"type":"echo_ok","echo":"Please echo 67","msg_id":6,"in_reply_to":6}}
[RECEIVED] {"id":100,"src":"c12","dest":"n4","body":{"echo":"Please echo 3","type":"echo","msg_id":7}}
[MATCH ECHO]
[ECHO] {"src":"n4","dest":"c12","body":{"type":"echo_ok","echo":"Please echo 3","msg_id":7,"in_reply_to":7}}
[RECEIVED] {"id":120,"src":"c12","dest":"n4","body":{"echo":"Please echo 102","type":"echo","msg_id":8}}
[MATCH ECHO]
[ECHO] {"src":"n4","dest":"c12","body":{"type":"echo_ok","echo":"Please echo 102","msg_id":8,"in_reply_to":8}}
[RECEIVED] {"id":132,"src":"c12","dest":"n4","body":{"echo":"Please echo 15","type":"echo","msg_id":9}}
[MATCH ECHO]
[ECHO] {"src":"n4","dest":"c12","body":{"type":"echo_ok","echo":"Please echo 15","msg_id":9,"in_reply_to":9}}
[RECEIVED] {"id":150,"src":"c12","dest":"n4","body":{"echo":"Please echo 74","type":"echo","msg_id":10}}
[MATCH ECHO]
[ECHO] {"src":"n4","dest":"c12","body":{"type":"echo_ok","echo":"Please echo 74","msg_id":10,"in_reply_to":10}}
[RECEIVED] {"id":154,"src":"c12","dest":"n4","body":{"echo":"Please echo 93","type":"echo","msg_id":11}}
[MATCH ECHO]
[ECHO] {"src":"n4","dest":"c12","body":{"type":"echo_ok","echo":"Please echo 93","msg_id":11,"in_reply_to":11}}
[RECEIVED] {"id":158,"src":"c12","dest":"n4","body":{"echo":"Please echo 84","type":"echo","msg_id":12}}
[MATCH ECHO]
[ECHO] {"src":"n4","dest":"c12","body":{"type":"echo_ok","echo":"Please echo 84","msg_id":12,"in_reply_to":12}}
[RECEIVED] {"id":166,"src":"c12","dest":"n4","body":{"echo":"Please echo 106","type":"echo","msg_id":13}}
[MATCH ECHO]
[ECHO] {"src":"n4","dest":"c12","body":{"type":"echo_ok","echo":"Please echo 106","msg_id":13,"in_reply_to":13}}
[RECEIVED] {"id":188,"src":"c12","dest":"n4","body":{"echo":"Please echo 5","type":"echo","msg_id":14}}
[MATCH ECHO]
[ECHO] {"src":"n4","dest":"c12","body":{"type":"echo_ok","echo":"Please echo 5","msg_id":14,"in_reply_to":14}}
[RECEIVED] {"id":198,"src":"c12","dest":"n4","body":{"echo":"Please echo 38","type":"echo","msg_id":15}}
[MATCH ECHO]
[ECHO] {"src":"n4","dest":"c12","body":{"type":"echo_ok","echo":"Please echo 38","msg_id":15,"in_reply_to":15}}
[RECEIVED] {"id":224,"src":"c12","dest":"n4","body":{"echo":"Please echo 50","type":"echo","msg_id":16}}
[MATCH ECHO]
[ECHO] {"src":"n4","dest":"c12","body":{"type":"echo_ok","echo":"Please echo 50","msg_id":16,"in_reply_to":16}}
[RECEIVED] {"id":230,"src":"c12","dest":"n4","body":{"echo":"Please echo 67","type":"echo","msg_id":17}}
[MATCH ECHO]
[ECHO] {"src":"n4","dest":"c12","body":{"type":"echo_ok","echo":"Please echo 67","msg_id":17,"in_reply_to":17}}
[RECEIVED] {"id":254,"src":"c12","dest":"n4","body":{"echo":"Please echo 56","type":"echo","msg_id":18}}
[MATCH ECHO]
[ECHO] {"src":"n4","dest":"c12","body":{"type":"echo_ok","echo":"Please echo 56","msg_id":18,"in_reply_to":18}}
[RECEIVED] {"id":264,"src":"c12","dest":"n4","body":{"echo":"Please echo 16","type":"echo","msg_id":19}}
[MATCH ECHO]
[ECHO] {"src":"n4","dest":"c12","body":{"type":"echo_ok","echo":"Please echo 16","msg_id":19,"in_reply_to":19}}
[RECEIVED] {"id":304,"src":"c12","dest":"n4","body":{"echo":"Please echo 62","type":"echo","msg_id":20}}
[MATCH ECHO]
[ECHO] {"src":"n4","dest":"c12","body":{"type":"echo_ok","echo":"Please echo 62","msg_id":20,"in_reply_to":20}}
[RECEIVED] {"id":306,"src":"c12","dest":"n4","body":{"echo":"Please echo 88","type":"echo","msg_id":21}}
[MATCH ECHO]
[ECHO] {"src":"n4","dest":"c12","body":{"type":"echo_ok","echo":"Please echo 88","msg_id":21,"in_reply_to":21}}
[RECEIVED] {"id":308,"src":"c12","dest":"n4","body":{"echo":"Please echo 1","type":"echo","msg_id":22}}
[MATCH ECHO]
[ECHO] {"src":"n4","dest":"c12","body":{"type":"echo_ok","echo":"Please echo 1","msg_id":22,"in_reply_to":22}}
[RECEIVED] {"id":326,"src":"c12","dest":"n4","body":{"echo":"Please echo 21","type":"echo","msg_id":23}}
[MATCH ECHO]
[ECHO] {"src":"n4","dest":"c12","body":{"type":"echo_ok","echo":"Please echo 21","msg_id":23,"in_reply_to":23}}
[RECEIVED] {"id":330,"src":"c12","dest":"n4","body":{"echo":"Please echo 46","type":"echo","msg_id":24}}
[MATCH ECHO]
[ECHO] {"src":"n4","dest":"c12","body":{"type":"echo_ok","echo":"Please echo 46","msg_id":24,"in_reply_to":24}}
[RECEIVED] {"id":368,"src":"c12","dest":"n4","body":{"echo":"Please echo 70","type":"echo","msg_id":25}}
[MATCH ECHO]
[ECHO] {"src":"n4","dest":"c12","body":{"type":"echo_ok","echo":"Please echo 70","msg_id":25,"in_reply_to":25}}
[RECEIVED] {"id":386,"src":"c12","dest":"n4","body":{"echo":"Please echo 92","type":"echo","msg_id":26}}
[MATCH ECHO]
[ECHO] {"src":"n4","dest":"c12","body":{"type":"echo_ok","echo":"Please echo 92","msg_id":26,"in_reply_to":26}}
[RECEIVED] {"id":390,"src":"c12","dest":"n4","body":{"echo":"Please echo 114","type":"echo","msg_id":27}}
[MATCH ECHO]
[ECHO] {"src":"n4","dest":"c12","body":{"type":"echo_ok","echo":"Please echo 114","msg_id":27,"in_reply_to":27}}
[RECEIVED] {"id":392,"src":"c12","dest":"n4","body":{"echo":"Please echo 94","type":"echo","msg_id":28}}
[MATCH ECHO]
[ECHO] {"src":"n4","dest":"c12","body":{"type":"echo_ok","echo":"Please echo 94","msg_id":28,"in_reply_to":28}}
