[RECEIVED] {"id":1,"src":"c0","dest":"n1","body":{"type":"init","node_id":"n1","node_ids":["n1","n2","n3","n4","n5"],"msg_id":1}}
[MATCH] InitBody
Initialized node n1
Init send {"src":"n1","dest":"c0","body":{"type":"init_ok","in_reply_to":1,"msg_id":0}}
[RECEIVED] {"id":10,"src":"c5","dest":"n1","body":{"type":"topology","topology":{"n1":["n4","n2"],"n2":["n5","n3","n1"],"n3":["n2"],"n4":["n1","n5"],"n5":["n2","n4"]},"msg_id":1}}
[MATCH] TopologyBody
[TOPOLOGY RESPONSE] {"src":"n1","dest":"c5","body":{"type":"topology_ok","in_reply_to":1,"msg_id":1}}
[RECEIVED] {"id":20,"src":"c10","dest":"n1","body":{"type":"broadcast","message":0,"msg_id":1}}
[MATCH] BroadcastBody
[INSIDE BROADCAST LOOP]
[BROADCAST REQUEST] {"id":0,"src":"n1","dest":"n4","body":{"type":"broadcast","message":"0","msg_id":null}}
[BROADCAST REQUEST] {"id":0,"src":"n1","dest":"n2","body":{"type":"broadcast","message":"0","msg_id":null}}
[BROADCAST RESPONSE] {"src":"n1","dest":"c10","body":{"type":"broadcast_ok","in_reply_to":1,"msg_id":2}}
[RECEIVED] {"id":24,"src":"n4","dest":"n1","body":{"type":"broadcast","message":"0","msg_id":null}}
[MATCH] BroadcastBody
[BROADCAST RESPONSE] {"src":"n1","dest":"n4","body":{"type":"broadcast_ok","in_reply_to":0,"msg_id":3}}
[RECEIVED] {"id":28,"src":"n2","dest":"n1","body":{"type":"broadcast","message":"0","msg_id":null}}
[MATCH] BroadcastBody
[BROADCAST RESPONSE] {"src":"n1","dest":"n2","body":{"type":"broadcast_ok","in_reply_to":0,"msg_id":4}}
[RECEIVED] {"id":41,"src":"n2","dest":"n1","body":{"type":"broadcast","message":"1","msg_id":null}}
[MATCH] BroadcastBody
[RECEIVED] {"id":42,"src":"n4","dest":"n1","body":{"type":"broadcast","message":"1","msg_id":null}}
[INSIDE BROADCAST LOOP]
[MATCH] BroadcastBody
[BROADCAST REQUEST] {"id":0,"src":"n1","dest":"n4","body":{"type":"broadcast","message":"1","msg_id":null}}
[BROADCAST RESPONSE] {"src":"n1","dest":"n4","body":{"type":"broadcast_ok","in_reply_to":0,"msg_id":6}}
[BROADCAST REQUEST] {"id":0,"src":"n1","dest":"n2","body":{"type":"broadcast","message":"1","msg_id":null}}
[BROADCAST RESPONSE] {"src":"n1","dest":"n2","body":{"type":"broadcast_ok","in_reply_to":0,"msg_id":5}}
[RECEIVED] {"id":49,"src":"c10","dest":"n1","body":{"type":"broadcast","message":3,"msg_id":2}}
[MATCH] BroadcastBody
[INSIDE BROADCAST LOOP]
[BROADCAST REQUEST] {"id":0,"src":"n1","dest":"n4","body":{"type":"broadcast","message":"3","msg_id":null}}
[BROADCAST REQUEST] {"id":0,"src":"n1","dest":"n2","body":{"type":"broadcast","message":"3","msg_id":null}}
[BROADCAST RESPONSE] {"src":"n1","dest":"c10","body":{"type":"broadcast_ok","in_reply_to":2,"msg_id":7}}
[RECEIVED] {"id":57,"src":"n4","dest":"n1","body":{"type":"broadcast","message":"3","msg_id":null}}
[RECEIVED] {"id":59,"src":"n4","dest":"n1","body":{"type":"broadcast","message":"2","msg_id":null}}
[MATCH] BroadcastBody
[MATCH] BroadcastBody
[BROADCAST RESPONSE] {"src":"n1","dest":"n4","body":{"type":"broadcast_ok","in_reply_to":0,"msg_id":8}}
[INSIDE BROADCAST LOOP]
[RECEIVED] {"id":64,"src":"n2","dest":"n1","body":{"type":"broadcast","message":"2","msg_id":null}}
[RECEIVED] {"id":65,"src":"n2","dest":"n1","body":{"type":"broadcast","message":"3","msg_id":null}}
[BROADCAST REQUEST] {"id":0,"src":"n1","dest":"n4","body":{"type":"broadcast","message":"2","msg_id":null}}
[MATCH] BroadcastBody
[MATCH] BroadcastBody
[BROADCAST RESPONSE] {"src":"n1","dest":"n2","body":{"type":"broadcast_ok","in_reply_to":0,"msg_id":10}}
[BROADCAST RESPONSE] {"src":"n1","dest":"n2","body":{"type":"broadcast_ok","in_reply_to":0,"msg_id":11}}
[BROADCAST REQUEST] {"id":0,"src":"n1","dest":"n2","body":{"type":"broadcast","message":"2","msg_id":null}}
[BROADCAST RESPONSE] {"src":"n1","dest":"n4","body":{"type":"broadcast_ok","in_reply_to":0,"msg_id":9}}
[RECEIVED] {"id":72,"src":"c10","dest":"n1","body":{"type":"broadcast","message":4,"msg_id":3}}
[MATCH] BroadcastBody
[INSIDE BROADCAST LOOP]
[BROADCAST REQUEST] {"id":0,"src":"n1","dest":"n4","body":{"type":"broadcast","message":"4","msg_id":null}}
[BROADCAST REQUEST] {"id":0,"src":"n1","dest":"n2","body":{"type":"broadcast","message":"4","msg_id":null}}
[BROADCAST RESPONSE] {"src":"n1","dest":"c10","body":{"type":"broadcast_ok","in_reply_to":3,"msg_id":12}}
[RECEIVED] {"id":76,"src":"n4","dest":"n1","body":{"type":"broadcast","message":"4","msg_id":null}}
[MATCH] BroadcastBody
[BROADCAST RESPONSE] {"src":"n1","dest":"n4","body":{"type":"broadcast_ok","in_reply_to":0,"msg_id":13}}
[RECEIVED] {"id":81,"src":"n2","dest":"n1","body":{"type":"broadcast","message":"4","msg_id":null}}
[MATCH] BroadcastBody
[BROADCAST RESPONSE] {"src":"n1","dest":"n2","body":{"type":"broadcast_ok","in_reply_to":0,"msg_id":14}}
[RECEIVED] {"id":87,"src":"n2","dest":"n1","body":{"type":"broadcast","message":"5","msg_id":null}}
[MATCH] BroadcastBody
[INSIDE BROADCAST LOOP]
[BROADCAST REQUEST] {"id":0,"src":"n1","dest":"n4","body":{"type":"broadcast","message":"5","msg_id":null}}
[BROADCAST REQUEST] {"id":0,"src":"n1","dest":"n2","body":{"type":"broadcast","message":"5","msg_id":null}}
[BROADCAST RESPONSE] {"src":"n1","dest":"n2","body":{"type":"broadcast_ok","in_reply_to":0,"msg_id":15}}
[RECEIVED] {"id":94,"src":"n4","dest":"n1","body":{"type":"broadcast","message":"5","msg_id":null}}
[MATCH] BroadcastBody
[BROADCAST RESPONSE] {"src":"n1","dest":"n4","body":{"type":"broadcast_ok","in_reply_to":0,"msg_id":16}}
[RECEIVED] {"id":99,"src":"n4","dest":"n1","body":{"type":"broadcast","message":"6","msg_id":null}}
[MATCH] BroadcastBody
[INSIDE BROADCAST LOOP]
[BROADCAST REQUEST] {"id":0,"src":"n1","dest":"n4","body":{"type":"broadcast","message":"6","msg_id":null}}
[BROADCAST REQUEST] {"id":0,"src":"n1","dest":"n2","body":{"type":"broadcast","message":"6","msg_id":null}}
[BROADCAST RESPONSE] {"src":"n1","dest":"n4","body":{"type":"broadcast_ok","in_reply_to":0,"msg_id":17}}
[RECEIVED] {"id":109,"src":"n2","dest":"n1","body":{"type":"broadcast","message":"6","msg_id":null}}
[MATCH] BroadcastBody
[BROADCAST RESPONSE] {"src":"n1","dest":"n2","body":{"type":"broadcast_ok","in_reply_to":0,"msg_id":18}}
[RECEIVED] {"id":112,"src":"c10","dest":"n1","body":{"type":"read","msg_id":4}}
[MATCH] ReadBody
[READ RESPONSE] {"src":"n1","dest":"c10","body":{"type":"read_ok","messages":["6","5","4","2","3","1","0"],"in_reply_to":4,"msg_id":19}}
[RECEIVED] {"id":114,"src":"c10","dest":"n1","body":{"type":"broadcast","message":7,"msg_id":5}}
[MATCH] BroadcastBody
[INSIDE BROADCAST LOOP]
[BROADCAST REQUEST] {"id":0,"src":"n1","dest":"n4","body":{"type":"broadcast","message":"7","msg_id":null}}
[BROADCAST REQUEST] {"id":0,"src":"n1","dest":"n2","body":{"type":"broadcast","message":"7","msg_id":null}}
[BROADCAST RESPONSE] {"src":"n1","dest":"c10","body":{"type":"broadcast_ok","in_reply_to":5,"msg_id":20}}
[RECEIVED] {"id":118,"src":"n4","dest":"n1","body":{"type":"broadcast","message":"7","msg_id":null}}
[MATCH] BroadcastBody
[BROADCAST RESPONSE] {"src":"n1","dest":"n4","body":{"type":"broadcast_ok","in_reply_to":0,"msg_id":21}}
[RECEIVED] {"id":122,"src":"n2","dest":"n1","body":{"type":"broadcast","message":"7","msg_id":null}}
[MATCH] BroadcastBody
[BROADCAST RESPONSE] {"src":"n1","dest":"n2","body":{"type":"broadcast_ok","in_reply_to":0,"msg_id":22}}
[RECEIVED] {"id":134,"src":"c10","dest":"n1","body":{"type":"read","msg_id":6}}
[MATCH] ReadBody
[READ RESPONSE] {"src":"n1","dest":"c10","body":{"type":"read_ok","messages":["7","6","5","4","2","3","1","0"],"in_reply_to":6,"msg_id":23}}
[RECEIVED] {"id":136,"src":"c10","dest":"n1","body":{"type":"broadcast","message":8,"msg_id":7}}
[MATCH] BroadcastBody
[INSIDE BROADCAST LOOP]
[BROADCAST REQUEST] {"id":0,"src":"n1","dest":"n4","body":{"type":"broadcast","message":"8","msg_id":null}}
[BROADCAST REQUEST] {"id":0,"src":"n1","dest":"n2","body":{"type":"broadcast","message":"8","msg_id":null}}
[BROADCAST RESPONSE] {"src":"n1","dest":"c10","body":{"type":"broadcast_ok","in_reply_to":7,"msg_id":24}}
[RECEIVED] {"id":140,"src":"n4","dest":"n1","body":{"type":"broadcast","message":"8","msg_id":null}}
[MATCH] BroadcastBody
[BROADCAST RESPONSE] {"src":"n1","dest":"n4","body":{"type":"broadcast_ok","in_reply_to":0,"msg_id":25}}
[RECEIVED] {"id":144,"src":"n2","dest":"n1","body":{"type":"broadcast","message":"8","msg_id":null}}
[MATCH] BroadcastBody
[BROADCAST RESPONSE] {"src":"n1","dest":"n2","body":{"type":"broadcast_ok","in_reply_to":0,"msg_id":26}}
[RECEIVED] {"id":155,"src":"n2","dest":"n1","body":{"type":"broadcast","message":"9","msg_id":null}}
[MATCH] BroadcastBody
[INSIDE BROADCAST LOOP]
[BROADCAST REQUEST] {"id":0,"src":"n1","dest":"n4","body":{"type":"broadcast","message":"9","msg_id":null}}
[BROADCAST REQUEST] {"id":0,"src":"n1","dest":"n2","body":{"type":"broadcast","message":"9","msg_id":null}}
[BROADCAST RESPONSE] {"src":"n1","dest":"n2","body":{"type":"broadcast_ok","in_reply_to":0,"msg_id":27}}
[RECEIVED] {"id":160,"src":"n4","dest":"n1","body":{"type":"broadcast","message":"9","msg_id":null}}
[MATCH] BroadcastBody
[BROADCAST RESPONSE] {"src":"n1","dest":"n4","body":{"type":"broadcast_ok","in_reply_to":0,"msg_id":28}}
[RECEIVED] {"id":163,"src":"n4","dest":"n1","body":{"type":"broadcast","message":"10","msg_id":null}}
[MATCH] BroadcastBody
[INSIDE BROADCAST LOOP]
[BROADCAST REQUEST] {"id":0,"src":"n1","dest":"n4","body":{"type":"broadcast","message":"10","msg_id":null}}
[BROADCAST REQUEST] {"id":0,"src":"n1","dest":"n2","body":{"type":"broadcast","message":"10","msg_id":null}}
[BROADCAST RESPONSE] {"src":"n1","dest":"n4","body":{"type":"broadcast_ok","in_reply_to":0,"msg_id":29}}
[RECEIVED] {"id":172,"src":"n2","dest":"n1","body":{"type":"broadcast","message":"10","msg_id":null}}
[MATCH] BroadcastBody
[BROADCAST RESPONSE] {"src":"n1","dest":"n2","body":{"type":"broadcast_ok","in_reply_to":0,"msg_id":30}}
[RECEIVED] {"id":176,"src":"c10","dest":"n1","body":{"type":"broadcast","message":11,"msg_id":8}}
[MATCH] BroadcastBody
[INSIDE BROADCAST LOOP]
[BROADCAST REQUEST] {"id":0,"src":"n1","dest":"n4","body":{"type":"broadcast","message":"11","msg_id":null}}
[BROADCAST REQUEST] {"id":0,"src":"n1","dest":"n2","body":{"type":"broadcast","message":"11","msg_id":null}}
[BROADCAST RESPONSE] {"src":"n1","dest":"c10","body":{"type":"broadcast_ok","in_reply_to":8,"msg_id":31}}
[RECEIVED] {"id":180,"src":"n4","dest":"n1","body":{"type":"broadcast","message":"11","msg_id":null}}
[MATCH] BroadcastBody
[BROADCAST RESPONSE] {"src":"n1","dest":"n4","body":{"type":"broadcast_ok","in_reply_to":0,"msg_id":32}}
[RECEIVED] {"id":186,"src":"n2","dest":"n1","body":{"type":"broadcast","message":"11","msg_id":null}}
[MATCH] BroadcastBody
[BROADCAST RESPONSE] {"src":"n1","dest":"n2","body":{"type":"broadcast_ok","in_reply_to":0,"msg_id":33}}
[RECEIVED] {"id":188,"src":"c10","dest":"n1","body":{"type":"read","msg_id":9}}
[MATCH] ReadBody
[READ RESPONSE] {"src":"n1","dest":"c10","body":{"type":"read_ok","messages":["11","10","9","8","7","6","5","4","2","3","1","0"],"in_reply_to":9,"msg_id":34}}
[RECEIVED] {"id":196,"src":"n4","dest":"n1","body":{"type":"broadcast","message":"12","msg_id":null}}
[MATCH] BroadcastBody
[INSIDE BROADCAST LOOP]
[BROADCAST REQUEST] {"id":0,"src":"n1","dest":"n4","body":{"type":"broadcast","message":"12","msg_id":null}}
[RECEIVED] {"id":198,"src":"n2","dest":"n1","body":{"type":"broadcast","message":"12","msg_id":null}}
[MATCH] BroadcastBody
[BROADCAST REQUEST] {"id":0,"src":"n1","dest":"n2","body":{"type":"broadcast","message":"12","msg_id":null}}
[BROADCAST RESPONSE] {"src":"n1","dest":"n2","body":{"type":"broadcast_ok","in_reply_to":0,"msg_id":36}}
[BROADCAST RESPONSE] {"src":"n1","dest":"n4","body":{"type":"broadcast_ok","in_reply_to":0,"msg_id":35}}
[RECEIVED] {"id":205,"src":"n4","dest":"n1","body":{"type":"broadcast","message":"13","msg_id":null}}
[MATCH] BroadcastBody
[INSIDE BROADCAST LOOP]
[BROADCAST REQUEST] {"id":0,"src":"n1","dest":"n4","body":{"type":"broadcast","message":"13","msg_id":null}}
[BROADCAST REQUEST] {"id":0,"src":"n1","dest":"n2","body":{"type":"broadcast","message":"13","msg_id":null}}
[BROADCAST RESPONSE] {"src":"n1","dest":"n4","body":{"type":"broadcast_ok","in_reply_to":0,"msg_id":37}}
[RECEIVED] {"id":214,"src":"n2","dest":"n1","body":{"type":"broadcast","message":"13","msg_id":null}}
[MATCH] BroadcastBody
[BROADCAST RESPONSE] {"src":"n1","dest":"n2","body":{"type":"broadcast_ok","in_reply_to":0,"msg_id":38}}
[RECEIVED] {"id":221,"src":"n4","dest":"n1","body":{"type":"broadcast","message":"14","msg_id":null}}
[MATCH] BroadcastBody
[RECEIVED] {"id":224,"src":"n2","dest":"n1","body":{"type":"broadcast","message":"14","msg_id":null}}
[INSIDE BROADCAST LOOP]
[MATCH] BroadcastBody
[BROADCAST REQUEST] {"id":0,"src":"n1","dest":"n4","body":{"type":"broadcast","message":"14","msg_id":null}}
[BROADCAST RESPONSE] {"src":"n1","dest":"n2","body":{"type":"broadcast_ok","in_reply_to":0,"msg_id":40}}
[BROADCAST REQUEST] {"id":0,"src":"n1","dest":"n2","body":{"type":"broadcast","message":"14","msg_id":null}}
[BROADCAST RESPONSE] {"src":"n1","dest":"n4","body":{"type":"broadcast_ok","in_reply_to":0,"msg_id":39}}
[RECEIVED] {"id":228,"src":"c10","dest":"n1","body":{"type":"broadcast","message":15,"msg_id":10}}
[MATCH] BroadcastBody
[INSIDE BROADCAST LOOP]
[BROADCAST REQUEST] {"id":0,"src":"n1","dest":"n4","body":{"type":"broadcast","message":"15","msg_id":null}}
[BROADCAST REQUEST] {"id":0,"src":"n1","dest":"n2","body":{"type":"broadcast","message":"15","msg_id":null}}
[BROADCAST RESPONSE] {"src":"n1","dest":"c10","body":{"type":"broadcast_ok","in_reply_to":10,"msg_id":41}}
[RECEIVED] {"id":232,"src":"n4","dest":"n1","body":{"type":"broadcast","message":"15","msg_id":null}}
[MATCH] BroadcastBody
[BROADCAST RESPONSE] {"src":"n1","dest":"n4","body":{"type":"broadcast_ok","in_reply_to":0,"msg_id":42}}
[RECEIVED] {"id":236,"src":"n2","dest":"n1","body":{"type":"broadcast","message":"15","msg_id":null}}
[MATCH] BroadcastBody
[BROADCAST RESPONSE] {"src":"n1","dest":"n2","body":{"type":"broadcast_ok","in_reply_to":0,"msg_id":43}}
[RECEIVED] {"id":240,"src":"c10","dest":"n1","body":{"type":"broadcast","message":16,"msg_id":11}}
[MATCH] BroadcastBody
[INSIDE BROADCAST LOOP]
[BROADCAST REQUEST] {"id":0,"src":"n1","dest":"n4","body":{"type":"broadcast","message":"16","msg_id":null}}
[BROADCAST REQUEST] {"id":0,"src":"n1","dest":"n2","body":{"type":"broadcast","message":"16","msg_id":null}}
[BROADCAST RESPONSE] {"src":"n1","dest":"c10","body":{"type":"broadcast_ok","in_reply_to":11,"msg_id":44}}
[RECEIVED] {"id":244,"src":"n4","dest":"n1","body":{"type":"broadcast","message":"16","msg_id":null}}
[MATCH] BroadcastBody
[BROADCAST RESPONSE] {"src":"n1","dest":"n4","body":{"type":"broadcast_ok","in_reply_to":0,"msg_id":45}}
[RECEIVED] {"id":248,"src":"n2","dest":"n1","body":{"type":"broadcast","message":"16","msg_id":null}}
[MATCH] BroadcastBody
[BROADCAST RESPONSE] {"src":"n1","dest":"n2","body":{"type":"broadcast_ok","in_reply_to":0,"msg_id":46}}
[RECEIVED] {"id":257,"src":"n4","dest":"n1","body":{"type":"broadcast","message":"17","msg_id":null}}
[MATCH] BroadcastBody
[INSIDE BROADCAST LOOP]
[BROADCAST REQUEST] {"id":0,"src":"n1","dest":"n4","body":{"type":"broadcast","message":"17","msg_id":null}}
[BROADCAST REQUEST] {"id":0,"src":"n1","dest":"n2","body":{"type":"broadcast","message":"17","msg_id":null}}
[BROADCAST RESPONSE] {"src":"n1","dest":"n4","body":{"type":"broadcast_ok","in_reply_to":0,"msg_id":47}}
[RECEIVED] {"id":266,"src":"n2","dest":"n1","body":{"type":"broadcast","message":"17","msg_id":null}}
[MATCH] BroadcastBody
[BROADCAST RESPONSE] {"src":"n1","dest":"n2","body":{"type":"broadcast_ok","in_reply_to":0,"msg_id":48}}
[RECEIVED] {"id":270,"src":"c10","dest":"n1","body":{"type":"broadcast","message":18,"msg_id":12}}
[MATCH] BroadcastBody
[INSIDE BROADCAST LOOP]
[BROADCAST REQUEST] {"id":0,"src":"n1","dest":"n4","body":{"type":"broadcast","message":"18","msg_id":null}}
[BROADCAST REQUEST] {"id":0,"src":"n1","dest":"n2","body":{"type":"broadcast","message":"18","msg_id":null}}
[BROADCAST RESPONSE] {"src":"n1","dest":"c10","body":{"type":"broadcast_ok","in_reply_to":12,"msg_id":49}}
[RECEIVED] {"id":274,"src":"n4","dest":"n1","body":{"type":"broadcast","message":"18","msg_id":null}}
[MATCH] BroadcastBody
[BROADCAST RESPONSE] {"src":"n1","dest":"n4","body":{"type":"broadcast_ok","in_reply_to":0,"msg_id":50}}
[RECEIVED] {"id":278,"src":"n2","dest":"n1","body":{"type":"broadcast","message":"18","msg_id":null}}
[MATCH] BroadcastBody
[BROADCAST RESPONSE] {"src":"n1","dest":"n2","body":{"type":"broadcast_ok","in_reply_to":0,"msg_id":51}}
[RECEIVED] {"id":282,"src":"c10","dest":"n1","body":{"type":"broadcast","message":19,"msg_id":13}}
[MATCH] BroadcastBody
[INSIDE BROADCAST LOOP]
[BROADCAST REQUEST] {"id":0,"src":"n1","dest":"n4","body":{"type":"broadcast","message":"19","msg_id":null}}
[BROADCAST REQUEST] {"id":0,"src":"n1","dest":"n2","body":{"type":"broadcast","message":"19","msg_id":null}}
[BROADCAST RESPONSE] {"src":"n1","dest":"c10","body":{"type":"broadcast_ok","in_reply_to":13,"msg_id":52}}
[RECEIVED] {"id":287,"src":"n4","dest":"n1","body":{"type":"broadcast","message":"19","msg_id":null}}
[MATCH] BroadcastBody
[BROADCAST RESPONSE] {"src":"n1","dest":"n4","body":{"type":"broadcast_ok","in_reply_to":0,"msg_id":53}}
[RECEIVED] {"id":290,"src":"n2","dest":"n1","body":{"type":"broadcast","message":"19","msg_id":null}}
[MATCH] BroadcastBody
[BROADCAST RESPONSE] {"src":"n1","dest":"n2","body":{"type":"broadcast_ok","in_reply_to":0,"msg_id":54}}
[RECEIVED] {"id":299,"src":"n4","dest":"n1","body":{"type":"broadcast","message":"20","msg_id":null}}
[RECEIVED] {"id":300,"src":"n2","dest":"n1","body":{"type":"broadcast","message":"20","msg_id":null}}
[MATCH] BroadcastBody
[MATCH] BroadcastBody
[INSIDE BROADCAST LOOP]
[BROADCAST RESPONSE] {"src":"n1","dest":"n2","body":{"type":"broadcast_ok","in_reply_to":0,"msg_id":56}}
[BROADCAST REQUEST] {"id":0,"src":"n1","dest":"n4","body":{"type":"broadcast","message":"20","msg_id":null}}
[BROADCAST REQUEST] {"id":0,"src":"n1","dest":"n2","body":{"type":"broadcast","message":"20","msg_id":null}}
[BROADCAST RESPONSE] {"src":"n1","dest":"n4","body":{"type":"broadcast_ok","in_reply_to":0,"msg_id":55}}
[RECEIVED] {"id":312,"src":"n2","dest":"n1","body":{"type":"broadcast","message":"21","msg_id":null}}
[MATCH] BroadcastBody
[INSIDE BROADCAST LOOP]
[BROADCAST REQUEST] {"id":0,"src":"n1","dest":"n4","body":{"type":"broadcast","message":"21","msg_id":null}}
[BROADCAST REQUEST] {"id":0,"src":"n1","dest":"n2","body":{"type":"broadcast","message":"21","msg_id":null}}
[BROADCAST RESPONSE] {"src":"n1","dest":"n2","body":{"type":"broadcast_ok","in_reply_to":0,"msg_id":57}}
[RECEIVED] {"id":318,"src":"n4","dest":"n1","body":{"type":"broadcast","message":"21","msg_id":null}}
[MATCH] BroadcastBody
[BROADCAST RESPONSE] {"src":"n1","dest":"n4","body":{"type":"broadcast_ok","in_reply_to":0,"msg_id":58}}
[RECEIVED] {"id":322,"src":"c10","dest":"n1","body":{"type":"read","msg_id":14}}
[MATCH] ReadBody
[READ RESPONSE] {"src":"n1","dest":"c10","body":{"type":"read_ok","messages":["21","20","19","18","17","16","15","14","13","12","11","10","9","8","7","6","5","4","2","3","1","0"],"in_reply_to":14,"msg_id":59}}
[RECEIVED] {"id":324,"src":"c10","dest":"n1","body":{"type":"read","msg_id":15}}
[MATCH] ReadBody
[READ RESPONSE] {"src":"n1","dest":"c10","body":{"type":"read_ok","messages":["21","20","19","18","17","16","15","14","13","12","11","10","9","8","7","6","5","4","2","3","1","0"],"in_reply_to":15,"msg_id":60}}
[RECEIVED] {"id":329,"src":"n2","dest":"n1","body":{"type":"broadcast","message":"22","msg_id":null}}
[MATCH] BroadcastBody
[INSIDE BROADCAST LOOP]
[BROADCAST REQUEST] {"id":0,"src":"n1","dest":"n4","body":{"type":"broadcast","message":"22","msg_id":null}}
[BROADCAST REQUEST] {"id":0,"src":"n1","dest":"n2","body":{"type":"broadcast","message":"22","msg_id":null}}
[BROADCAST RESPONSE] {"src":"n1","dest":"n2","body":{"type":"broadcast_ok","in_reply_to":0,"msg_id":61}}
[RECEIVED] {"id":336,"src":"n4","dest":"n1","body":{"type":"broadcast","message":"22","msg_id":null}}
[MATCH] BroadcastBody
[BROADCAST RESPONSE] {"src":"n1","dest":"n4","body":{"type":"broadcast_ok","in_reply_to":0,"msg_id":62}}
[RECEIVED] {"id":341,"src":"n4","dest":"n1","body":{"type":"broadcast","message":"23","msg_id":null}}
[MATCH] BroadcastBody
[INSIDE BROADCAST LOOP]
[BROADCAST REQUEST] {"id":0,"src":"n1","dest":"n4","body":{"type":"broadcast","message":"23","msg_id":null}}
[BROADCAST REQUEST] {"id":0,"src":"n1","dest":"n2","body":{"type":"broadcast","message":"23","msg_id":null}}
[BROADCAST RESPONSE] {"src":"n1","dest":"n4","body":{"type":"broadcast_ok","in_reply_to":0,"msg_id":63}}
[RECEIVED] {"id":350,"src":"n2","dest":"n1","body":{"type":"broadcast","message":"23","msg_id":null}}
[MATCH] BroadcastBody
[BROADCAST RESPONSE] {"src":"n1","dest":"n2","body":{"type":"broadcast_ok","in_reply_to":0,"msg_id":64}}
[RECEIVED] {"id":354,"src":"c10","dest":"n1","body":{"type":"read","msg_id":16}}
[MATCH] ReadBody
[READ RESPONSE] {"src":"n1","dest":"c10","body":{"type":"read_ok","messages":["23","22","21","20","19","18","17","16","15","14","13","12","11","10","9","8","7","6","5","4","2","3","1","0"],"in_reply_to":16,"msg_id":65}}
[RECEIVED] {"id":356,"src":"c10","dest":"n1","body":{"type":"read","msg_id":17}}
[MATCH] ReadBody
[READ RESPONSE] {"src":"n1","dest":"c10","body":{"type":"read_ok","messages":["23","22","21","20","19","18","17","16","15","14","13","12","11","10","9","8","7","6","5","4","2","3","1","0"],"in_reply_to":17,"msg_id":66}}
[RECEIVED] {"id":365,"src":"n2","dest":"n1","body":{"type":"broadcast","message":"24","msg_id":null}}
[MATCH] BroadcastBody
[INSIDE BROADCAST LOOP]
[BROADCAST REQUEST] {"id":0,"src":"n1","dest":"n4","body":{"type":"broadcast","message":"24","msg_id":null}}
[BROADCAST REQUEST] {"id":0,"src":"n1","dest":"n2","body":{"type":"broadcast","message":"24","msg_id":null}}
[BROADCAST RESPONSE] {"src":"n1","dest":"n2","body":{"type":"broadcast_ok","in_reply_to":0,"msg_id":67}}
[RECEIVED] {"id":369,"src":"n4","dest":"n1","body":{"type":"broadcast","message":"24","msg_id":null}}
[MATCH] BroadcastBody
[BROADCAST RESPONSE] {"src":"n1","dest":"n4","body":{"type":"broadcast_ok","in_reply_to":0,"msg_id":68}}
[RECEIVED] {"id":373,"src":"n4","dest":"n1","body":{"type":"broadcast","message":"25","msg_id":null}}
[MATCH] BroadcastBody
[INSIDE BROADCAST LOOP]
[BROADCAST REQUEST] {"id":0,"src":"n1","dest":"n4","body":{"type":"broadcast","message":"25","msg_id":null}}
[BROADCAST REQUEST] {"id":0,"src":"n1","dest":"n2","body":{"type":"broadcast","message":"25","msg_id":null}}
[BROADCAST RESPONSE] {"src":"n1","dest":"n4","body":{"type":"broadcast_ok","in_reply_to":0,"msg_id":69}}
[RECEIVED] {"id":382,"src":"n2","dest":"n1","body":{"type":"broadcast","message":"25","msg_id":null}}
[MATCH] BroadcastBody
[BROADCAST RESPONSE] {"src":"n1","dest":"n2","body":{"type":"broadcast_ok","in_reply_to":0,"msg_id":70}}
[RECEIVED] {"id":390,"src":"c10","dest":"n1","body":{"type":"read","msg_id":18}}
[MATCH] ReadBody
[READ RESPONSE] {"src":"n1","dest":"c10","body":{"type":"read_ok","messages":["25","24","23","22","21","20","19","18","17","16","15","14","13","12","11","10","9","8","7","6","5","4","2","3","1","0"],"in_reply_to":18,"msg_id":71}}
