[RECEIVED] {"id":0,"src":"c1","dest":"n2","body":{"type":"init","node_id":"n2","node_ids":["n1","n2","n3","n4","n5"],"msg_id":1}}
[MATCH] InitBody
Initialized node n2
Init send {"src":"n2","dest":"c1","body":{"type":"init_ok","in_reply_to":1,"msg_id":0}}
[RECEIVED] {"id":11,"src":"c7","dest":"n2","body":{"type":"topology","topology":{"n1":["n4","n2"],"n2":["n5","n3","n1"],"n3":["n2"],"n4":["n1","n5"],"n5":["n2","n4"]},"msg_id":1}}
[MATCH] TopologyBody
[TOPOLOGY RESPONSE] {"src":"n2","dest":"c7","body":{"type":"topology_ok","in_reply_to":1,"msg_id":1}}
[RECEIVED] {"id":22,"src":"n1","dest":"n2","body":{"type":"broadcast","message":"0","msg_id":null}}
[MATCH] BroadcastBody
[INSIDE BROADCAST LOOP]
[BROADCAST REQUEST] {"id":0,"src":"n2","dest":"n5","body":{"type":"broadcast","message":"0","msg_id":null}}
[BROADCAST REQUEST] {"id":0,"src":"n2","dest":"n3","body":{"type":"broadcast","message":"0","msg_id":null}}
[BROADCAST REQUEST] {"id":0,"src":"n2","dest":"n1","body":{"type":"broadcast","message":"0","msg_id":null}}
[BROADCAST RESPONSE] {"src":"n2","dest":"n1","body":{"type":"broadcast_ok","in_reply_to":0,"msg_id":2}}
[RECEIVED] {"id":29,"src":"n5","dest":"n2","body":{"type":"broadcast","message":"0","msg_id":null}}
[MATCH] BroadcastBody
[BROADCAST RESPONSE] {"src":"n2","dest":"n5","body":{"type":"broadcast_ok","in_reply_to":0,"msg_id":3}}
[RECEIVED] {"id":31,"src":"n3","dest":"n2","body":{"type":"broadcast","message":"0","msg_id":null}}
[MATCH] BroadcastBody
[BROADCAST RESPONSE] {"src":"n2","dest":"n3","body":{"type":"broadcast_ok","in_reply_to":0,"msg_id":4}}
[RECEIVED] {"id":32,"src":"c11","dest":"n2","body":{"type":"read","msg_id":1}}
[MATCH] ReadBody
[READ RESPONSE] {"src":"n2","dest":"c11","body":{"type":"read_ok","messages":["0"],"in_reply_to":1,"msg_id":5}}
[RECEIVED] {"id":35,"src":"n3","dest":"n2","body":{"type":"broadcast","message":"1","msg_id":null}}
[MATCH] BroadcastBody
[INSIDE BROADCAST LOOP]
[BROADCAST REQUEST] {"id":0,"src":"n2","dest":"n5","body":{"type":"broadcast","message":"1","msg_id":null}}
[BROADCAST REQUEST] {"id":0,"src":"n2","dest":"n3","body":{"type":"broadcast","message":"1","msg_id":null}}
[BROADCAST REQUEST] {"id":0,"src":"n2","dest":"n1","body":{"type":"broadcast","message":"1","msg_id":null}}
[BROADCAST RESPONSE] {"src":"n2","dest":"n3","body":{"type":"broadcast_ok","in_reply_to":0,"msg_id":6}}
[RECEIVED] {"id":39,"src":"n5","dest":"n2","body":{"type":"broadcast","message":"1","msg_id":null}}
[MATCH] BroadcastBody
[BROADCAST RESPONSE] {"src":"n2","dest":"n5","body":{"type":"broadcast_ok","in_reply_to":0,"msg_id":7}}
[RECEIVED] {"id":45,"src":"n1","dest":"n2","body":{"type":"broadcast","message":"1","msg_id":null}}
[MATCH] BroadcastBody
[BROADCAST RESPONSE] {"src":"n2","dest":"n1","body":{"type":"broadcast_ok","in_reply_to":0,"msg_id":8}}
[RECEIVED] {"id":50,"src":"n5","dest":"n2","body":{"type":"broadcast","message":"2","msg_id":null}}
[RECEIVED] {"id":53,"src":"n1","dest":"n2","body":{"type":"broadcast","message":"3","msg_id":null}}
[MATCH] BroadcastBody
[MATCH] BroadcastBody
[INSIDE BROADCAST LOOP]
[INSIDE BROADCAST LOOP]
[BROADCAST REQUEST] {"id":0,"src":"n2","dest":"n5","body":{"type":"broadcast","message":"2","msg_id":null}}
[BROADCAST REQUEST] {"id":0,"src":"n2","dest":"n5","body":{"type":"broadcast","message":"3","msg_id":null}}
[BROADCAST REQUEST] {"id":0,"src":"n2","dest":"n3","body":{"type":"broadcast","message":"2","msg_id":null}}
[BROADCAST REQUEST] {"id":0,"src":"n2","dest":"n3","body":{"type":"broadcast","message":"3","msg_id":null}}
[BROADCAST REQUEST] {"id":0,"src":"n2","dest":"n1","body":{"type":"broadcast","message":"2","msg_id":null}}
[BROADCAST REQUEST] {"id":0,"src":"n2","dest":"n1","body":{"type":"broadcast","message":"3","msg_id":null}}
[BROADCAST RESPONSE] {"src":"n2","dest":"n5","body":{"type":"broadcast_ok","in_reply_to":0,"msg_id":9}}
[BROADCAST RESPONSE] {"src":"n2","dest":"n1","body":{"type":"broadcast_ok","in_reply_to":0,"msg_id":10}}
[RECEIVED] {"id":67,"src":"n1","dest":"n2","body":{"type":"broadcast","message":"2","msg_id":null}}
[RECEIVED] {"id":68,"src":"n3","dest":"n2","body":{"type":"broadcast","message":"2","msg_id":null}}
[RECEIVED] {"id":69,"src":"n5","dest":"n2","body":{"type":"broadcast","message":"3","msg_id":null}}
[MATCH] BroadcastBody
[MATCH] BroadcastBody
[MATCH] BroadcastBody
[RECEIVED] {"id":70,"src":"n3","dest":"n2","body":{"type":"broadcast","message":"3","msg_id":null}}
[BROADCAST RESPONSE] {"src":"n2","dest":"n1","body":{"type":"broadcast_ok","in_reply_to":0,"msg_id":11}}
[BROADCAST RESPONSE] {"src":"n2","dest":"n3","body":{"type":"broadcast_ok","in_reply_to":0,"msg_id":12}}
[BROADCAST RESPONSE] {"src":"n2","dest":"n5","body":{"type":"broadcast_ok","in_reply_to":0,"msg_id":13}}
[MATCH] BroadcastBody
[BROADCAST RESPONSE] {"src":"n2","dest":"n3","body":{"type":"broadcast_ok","in_reply_to":0,"msg_id":14}}
[RECEIVED] {"id":74,"src":"n1","dest":"n2","body":{"type":"broadcast","message":"4","msg_id":null}}
[MATCH] BroadcastBody
[INSIDE BROADCAST LOOP]
[BROADCAST REQUEST] {"id":0,"src":"n2","dest":"n5","body":{"type":"broadcast","message":"4","msg_id":null}}
[BROADCAST REQUEST] {"id":0,"src":"n2","dest":"n3","body":{"type":"broadcast","message":"4","msg_id":null}}
[BROADCAST REQUEST] {"id":0,"src":"n2","dest":"n1","body":{"type":"broadcast","message":"4","msg_id":null}}
[BROADCAST RESPONSE] {"src":"n2","dest":"n1","body":{"type":"broadcast_ok","in_reply_to":0,"msg_id":15}}
[RECEIVED] {"id":80,"src":"n5","dest":"n2","body":{"type":"broadcast","message":"4","msg_id":null}}
[MATCH] BroadcastBody
[BROADCAST RESPONSE] {"src":"n2","dest":"n5","body":{"type":"broadcast_ok","in_reply_to":0,"msg_id":16}}
[RECEIVED] {"id":83,"src":"n3","dest":"n2","body":{"type":"broadcast","message":"4","msg_id":null}}
[MATCH] BroadcastBody
[BROADCAST RESPONSE] {"src":"n2","dest":"n3","body":{"type":"broadcast_ok","in_reply_to":0,"msg_id":17}}
[RECEIVED] {"id":84,"src":"c11","dest":"n2","body":{"type":"broadcast","message":5,"msg_id":2}}
[MATCH] BroadcastBody
[INSIDE BROADCAST LOOP]
[BROADCAST REQUEST] {"id":0,"src":"n2","dest":"n5","body":{"type":"broadcast","message":"5","msg_id":null}}
[BROADCAST REQUEST] {"id":0,"src":"n2","dest":"n3","body":{"type":"broadcast","message":"5","msg_id":null}}
[BROADCAST REQUEST] {"id":0,"src":"n2","dest":"n1","body":{"type":"broadcast","message":"5","msg_id":null}}
[BROADCAST RESPONSE] {"src":"n2","dest":"c11","body":{"type":"broadcast_ok","in_reply_to":2,"msg_id":18}}
[RECEIVED] {"id":88,"src":"n5","dest":"n2","body":{"type":"broadcast","message":"5","msg_id":null}}
[RECEIVED] {"id":90,"src":"n3","dest":"n2","body":{"type":"broadcast","message":"5","msg_id":null}}
[RECEIVED] {"id":92,"src":"n1","dest":"n2","body":{"type":"broadcast","message":"5","msg_id":null}}
[MATCH] BroadcastBody
[MATCH] BroadcastBody
[MATCH] BroadcastBody
[BROADCAST RESPONSE] {"src":"n2","dest":"n5","body":{"type":"broadcast_ok","in_reply_to":0,"msg_id":19}}
[BROADCAST RESPONSE] {"src":"n2","dest":"n3","body":{"type":"broadcast_ok","in_reply_to":0,"msg_id":20}}
[BROADCAST RESPONSE] {"src":"n2","dest":"n1","body":{"type":"broadcast_ok","in_reply_to":0,"msg_id":21}}
[RECEIVED] {"id":103,"src":"n1","dest":"n2","body":{"type":"broadcast","message":"6","msg_id":null}}
[RECEIVED] {"id":104,"src":"n5","dest":"n2","body":{"type":"broadcast","message":"6","msg_id":null}}
[MATCH] BroadcastBody
[MATCH] BroadcastBody
[INSIDE BROADCAST LOOP]
[BROADCAST RESPONSE] {"src":"n2","dest":"n5","body":{"type":"broadcast_ok","in_reply_to":0,"msg_id":23}}
[BROADCAST REQUEST] {"id":0,"src":"n2","dest":"n5","body":{"type":"broadcast","message":"6","msg_id":null}}
[BROADCAST REQUEST] {"id":0,"src":"n2","dest":"n3","body":{"type":"broadcast","message":"6","msg_id":null}}
[BROADCAST REQUEST] {"id":0,"src":"n2","dest":"n1","body":{"type":"broadcast","message":"6","msg_id":null}}
[BROADCAST RESPONSE] {"src":"n2","dest":"n1","body":{"type":"broadcast_ok","in_reply_to":0,"msg_id":22}}
[RECEIVED] {"id":108,"src":"n3","dest":"n2","body":{"type":"broadcast","message":"6","msg_id":null}}
[MATCH] BroadcastBody
[BROADCAST RESPONSE] {"src":"n2","dest":"n3","body":{"type":"broadcast_ok","in_reply_to":0,"msg_id":24}}
[RECEIVED] {"id":116,"src":"n1","dest":"n2","body":{"type":"broadcast","message":"7","msg_id":null}}
[MATCH] BroadcastBody
[INSIDE BROADCAST LOOP]
[BROADCAST REQUEST] {"id":0,"src":"n2","dest":"n5","body":{"type":"broadcast","message":"7","msg_id":null}}
[BROADCAST REQUEST] {"id":0,"src":"n2","dest":"n3","body":{"type":"broadcast","message":"7","msg_id":null}}
[BROADCAST REQUEST] {"id":0,"src":"n2","dest":"n1","body":{"type":"broadcast","message":"7","msg_id":null}}
[BROADCAST RESPONSE] {"src":"n2","dest":"n1","body":{"type":"broadcast_ok","in_reply_to":0,"msg_id":25}}
[RECEIVED] {"id":123,"src":"n5","dest":"n2","body":{"type":"broadcast","message":"7","msg_id":null}}
[MATCH] BroadcastBody
[RECEIVED] {"id":124,"src":"n3","dest":"n2","body":{"type":"broadcast","message":"7","msg_id":null}}
[BROADCAST RESPONSE] {"src":"n2","dest":"n5","body":{"type":"broadcast_ok","in_reply_to":0,"msg_id":26}}
[MATCH] BroadcastBody
[BROADCAST RESPONSE] {"src":"n2","dest":"n3","body":{"type":"broadcast_ok","in_reply_to":0,"msg_id":27}}
[RECEIVED] {"id":126,"src":"c11","dest":"n2","body":{"type":"read","msg_id":3}}
[MATCH] ReadBody
[READ RESPONSE] {"src":"n2","dest":"c11","body":{"type":"read_ok","messages":["7","6","5","4","3","2","1","0"],"in_reply_to":3,"msg_id":28}}
[RECEIVED] {"id":138,"src":"n1","dest":"n2","body":{"type":"broadcast","message":"8","msg_id":null}}
[MATCH] BroadcastBody
[INSIDE BROADCAST LOOP]
[BROADCAST REQUEST] {"id":0,"src":"n2","dest":"n5","body":{"type":"broadcast","message":"8","msg_id":null}}
[BROADCAST REQUEST] {"id":0,"src":"n2","dest":"n3","body":{"type":"broadcast","message":"8","msg_id":null}}
[BROADCAST REQUEST] {"id":0,"src":"n2","dest":"n1","body":{"type":"broadcast","message":"8","msg_id":null}}
[BROADCAST RESPONSE] {"src":"n2","dest":"n1","body":{"type":"broadcast_ok","in_reply_to":0,"msg_id":29}}
[RECEIVED] {"id":145,"src":"n5","dest":"n2","body":{"type":"broadcast","message":"8","msg_id":null}}
[MATCH] BroadcastBody
[BROADCAST RESPONSE] {"src":"n2","dest":"n5","body":{"type":"broadcast_ok","in_reply_to":0,"msg_id":30}}
[RECEIVED] {"id":147,"src":"n3","dest":"n2","body":{"type":"broadcast","message":"8","msg_id":null}}
[MATCH] BroadcastBody
[BROADCAST RESPONSE] {"src":"n2","dest":"n3","body":{"type":"broadcast_ok","in_reply_to":0,"msg_id":31}}
[RECEIVED] {"id":148,"src":"c11","dest":"n2","body":{"type":"read","msg_id":4}}
[MATCH] ReadBody
[READ RESPONSE] {"src":"n2","dest":"c11","body":{"type":"read_ok","messages":["8","7","6","5","4","3","2","1","0"],"in_reply_to":4,"msg_id":32}}
[RECEIVED] {"id":151,"src":"n3","dest":"n2","body":{"type":"broadcast","message":"9","msg_id":null}}
[MATCH] BroadcastBody
[INSIDE BROADCAST LOOP]
[BROADCAST REQUEST] {"id":0,"src":"n2","dest":"n5","body":{"type":"broadcast","message":"9","msg_id":null}}
[BROADCAST REQUEST] {"id":0,"src":"n2","dest":"n3","body":{"type":"broadcast","message":"9","msg_id":null}}
[BROADCAST REQUEST] {"id":0,"src":"n2","dest":"n1","body":{"type":"broadcast","message":"9","msg_id":null}}
[BROADCAST RESPONSE] {"src":"n2","dest":"n3","body":{"type":"broadcast_ok","in_reply_to":0,"msg_id":33}}
[RECEIVED] {"id":156,"src":"n5","dest":"n2","body":{"type":"broadcast","message":"9","msg_id":null}}
[MATCH] BroadcastBody
[RECEIVED] {"id":159,"src":"n1","dest":"n2","body":{"type":"broadcast","message":"9","msg_id":null}}
[BROADCAST RESPONSE] {"src":"n2","dest":"n5","body":{"type":"broadcast_ok","in_reply_to":0,"msg_id":34}}
[MATCH] BroadcastBody
[BROADCAST RESPONSE] {"src":"n2","dest":"n1","body":{"type":"broadcast_ok","in_reply_to":0,"msg_id":35}}
[RECEIVED] {"id":167,"src":"n5","dest":"n2","body":{"type":"broadcast","message":"10","msg_id":null}}
[RECEIVED] {"id":168,"src":"n1","dest":"n2","body":{"type":"broadcast","message":"10","msg_id":null}}
[MATCH] BroadcastBody
[MATCH] BroadcastBody
[INSIDE BROADCAST LOOP]
[BROADCAST RESPONSE] {"src":"n2","dest":"n1","body":{"type":"broadcast_ok","in_reply_to":0,"msg_id":37}}
[BROADCAST REQUEST] {"id":0,"src":"n2","dest":"n5","body":{"type":"broadcast","message":"10","msg_id":null}}
[BROADCAST REQUEST] {"id":0,"src":"n2","dest":"n3","body":{"type":"broadcast","message":"10","msg_id":null}}
[BROADCAST REQUEST] {"id":0,"src":"n2","dest":"n1","body":{"type":"broadcast","message":"10","msg_id":null}}
[BROADCAST RESPONSE] {"src":"n2","dest":"n5","body":{"type":"broadcast_ok","in_reply_to":0,"msg_id":36}}
[RECEIVED] {"id":173,"src":"n3","dest":"n2","body":{"type":"broadcast","message":"10","msg_id":null}}
[MATCH] BroadcastBody
[BROADCAST RESPONSE] {"src":"n2","dest":"n3","body":{"type":"broadcast_ok","in_reply_to":0,"msg_id":38}}
[RECEIVED] {"id":178,"src":"n1","dest":"n2","body":{"type":"broadcast","message":"11","msg_id":null}}
[MATCH] BroadcastBody
[INSIDE BROADCAST LOOP]
[BROADCAST REQUEST] {"id":0,"src":"n2","dest":"n5","body":{"type":"broadcast","message":"11","msg_id":null}}
[BROADCAST REQUEST] {"id":0,"src":"n2","dest":"n3","body":{"type":"broadcast","message":"11","msg_id":null}}
[BROADCAST REQUEST] {"id":0,"src":"n2","dest":"n1","body":{"type":"broadcast","message":"11","msg_id":null}}
[BROADCAST RESPONSE] {"src":"n2","dest":"n1","body":{"type":"broadcast_ok","in_reply_to":0,"msg_id":39}}
[RECEIVED] {"id":184,"src":"n5","dest":"n2","body":{"type":"broadcast","message":"11","msg_id":null}}
[MATCH] BroadcastBody
[BROADCAST RESPONSE] {"src":"n2","dest":"n5","body":{"type":"broadcast_ok","in_reply_to":0,"msg_id":40}}
[RECEIVED] {"id":187,"src":"n3","dest":"n2","body":{"type":"broadcast","message":"11","msg_id":null}}
[MATCH] BroadcastBody
[BROADCAST RESPONSE] {"src":"n2","dest":"n3","body":{"type":"broadcast_ok","in_reply_to":0,"msg_id":41}}
[RECEIVED] {"id":190,"src":"c11","dest":"n2","body":{"type":"broadcast","message":12,"msg_id":5}}
[MATCH] BroadcastBody
[INSIDE BROADCAST LOOP]
[BROADCAST REQUEST] {"id":0,"src":"n2","dest":"n5","body":{"type":"broadcast","message":"12","msg_id":null}}
[BROADCAST REQUEST] {"id":0,"src":"n2","dest":"n3","body":{"type":"broadcast","message":"12","msg_id":null}}
[BROADCAST REQUEST] {"id":0,"src":"n2","dest":"n1","body":{"type":"broadcast","message":"12","msg_id":null}}
[RECEIVED] {"id":193,"src":"n5","dest":"n2","body":{"type":"broadcast","message":"12","msg_id":null}}
[RECEIVED] {"id":194,"src":"n3","dest":"n2","body":{"type":"broadcast","message":"12","msg_id":null}}
[BROADCAST RESPONSE] {"src":"n2","dest":"c11","body":{"type":"broadcast_ok","in_reply_to":5,"msg_id":42}}
[MATCH] BroadcastBody
[MATCH] BroadcastBody
[BROADCAST RESPONSE] {"src":"n2","dest":"n5","body":{"type":"broadcast_ok","in_reply_to":0,"msg_id":43}}
[BROADCAST RESPONSE] {"src":"n2","dest":"n3","body":{"type":"broadcast_ok","in_reply_to":0,"msg_id":44}}
[RECEIVED] {"id":201,"src":"n1","dest":"n2","body":{"type":"broadcast","message":"12","msg_id":null}}
[MATCH] BroadcastBody
[BROADCAST RESPONSE] {"src":"n2","dest":"n1","body":{"type":"broadcast_ok","in_reply_to":0,"msg_id":45}}
[RECEIVED] {"id":209,"src":"n5","dest":"n2","body":{"type":"broadcast","message":"13","msg_id":null}}
[RECEIVED] {"id":210,"src":"n1","dest":"n2","body":{"type":"broadcast","message":"13","msg_id":null}}
[MATCH] BroadcastBody
[MATCH] BroadcastBody
[INSIDE BROADCAST LOOP]
[BROADCAST RESPONSE] {"src":"n2","dest":"n1","body":{"type":"broadcast_ok","in_reply_to":0,"msg_id":47}}
[BROADCAST REQUEST] {"id":0,"src":"n2","dest":"n5","body":{"type":"broadcast","message":"13","msg_id":null}}
[BROADCAST REQUEST] {"id":0,"src":"n2","dest":"n3","body":{"type":"broadcast","message":"13","msg_id":null}}
[BROADCAST REQUEST] {"id":0,"src":"n2","dest":"n1","body":{"type":"broadcast","message":"13","msg_id":null}}
[BROADCAST RESPONSE] {"src":"n2","dest":"n5","body":{"type":"broadcast_ok","in_reply_to":0,"msg_id":46}}
[RECEIVED] {"id":215,"src":"n3","dest":"n2","body":{"type":"broadcast","message":"13","msg_id":null}}
[MATCH] BroadcastBody
[BROADCAST RESPONSE] {"src":"n2","dest":"n3","body":{"type":"broadcast_ok","in_reply_to":0,"msg_id":48}}
[RECEIVED] {"id":217,"src":"n5","dest":"n2","body":{"type":"broadcast","message":"14","msg_id":null}}
[MATCH] BroadcastBody
[INSIDE BROADCAST LOOP]
[BROADCAST REQUEST] {"id":0,"src":"n2","dest":"n5","body":{"type":"broadcast","message":"14","msg_id":null}}
[BROADCAST REQUEST] {"id":0,"src":"n2","dest":"n3","body":{"type":"broadcast","message":"14","msg_id":null}}
[BROADCAST REQUEST] {"id":0,"src":"n2","dest":"n1","body":{"type":"broadcast","message":"14","msg_id":null}}
[BROADCAST RESPONSE] {"src":"n2","dest":"n5","body":{"type":"broadcast_ok","in_reply_to":0,"msg_id":49}}
[RECEIVED] {"id":225,"src":"n3","dest":"n2","body":{"type":"broadcast","message":"14","msg_id":null}}
[MATCH] BroadcastBody
[BROADCAST RESPONSE] {"src":"n2","dest":"n3","body":{"type":"broadcast_ok","in_reply_to":0,"msg_id":50}}
[RECEIVED] {"id":227,"src":"n1","dest":"n2","body":{"type":"broadcast","message":"14","msg_id":null}}
[MATCH] BroadcastBody
[BROADCAST RESPONSE] {"src":"n2","dest":"n1","body":{"type":"broadcast_ok","in_reply_to":0,"msg_id":51}}
[RECEIVED] {"id":230,"src":"n1","dest":"n2","body":{"type":"broadcast","message":"15","msg_id":null}}
[MATCH] BroadcastBody
[INSIDE BROADCAST LOOP]
[BROADCAST REQUEST] {"id":0,"src":"n2","dest":"n5","body":{"type":"broadcast","message":"15","msg_id":null}}
[BROADCAST REQUEST] {"id":0,"src":"n2","dest":"n3","body":{"type":"broadcast","message":"15","msg_id":null}}
[BROADCAST REQUEST] {"id":0,"src":"n2","dest":"n1","body":{"type":"broadcast","message":"15","msg_id":null}}
[BROADCAST RESPONSE] {"src":"n2","dest":"n1","body":{"type":"broadcast_ok","in_reply_to":0,"msg_id":52}}
[RECEIVED] {"id":237,"src":"n5","dest":"n2","body":{"type":"broadcast","message":"15","msg_id":null}}
[MATCH] BroadcastBody
[BROADCAST RESPONSE] {"src":"n2","dest":"n5","body":{"type":"broadcast_ok","in_reply_to":0,"msg_id":53}}
[RECEIVED] {"id":239,"src":"n3","dest":"n2","body":{"type":"broadcast","message":"15","msg_id":null}}
[MATCH] BroadcastBody
[BROADCAST RESPONSE] {"src":"n2","dest":"n3","body":{"type":"broadcast_ok","in_reply_to":0,"msg_id":54}}
[RECEIVED] {"id":242,"src":"n1","dest":"n2","body":{"type":"broadcast","message":"16","msg_id":null}}
[MATCH] BroadcastBody
[INSIDE BROADCAST LOOP]
[BROADCAST REQUEST] {"id":0,"src":"n2","dest":"n5","body":{"type":"broadcast","message":"16","msg_id":null}}
[BROADCAST REQUEST] {"id":0,"src":"n2","dest":"n3","body":{"type":"broadcast","message":"16","msg_id":null}}
[BROADCAST REQUEST] {"id":0,"src":"n2","dest":"n1","body":{"type":"broadcast","message":"16","msg_id":null}}
[BROADCAST RESPONSE] {"src":"n2","dest":"n1","body":{"type":"broadcast_ok","in_reply_to":0,"msg_id":55}}
[RECEIVED] {"id":250,"src":"n5","dest":"n2","body":{"type":"broadcast","message":"16","msg_id":null}}
[RECEIVED] {"id":249,"src":"n3","dest":"n2","body":{"type":"broadcast","message":"16","msg_id":null}}
[MATCH] BroadcastBody
[MATCH] BroadcastBody
[BROADCAST RESPONSE] {"src":"n2","dest":"n5","body":{"type":"broadcast_ok","in_reply_to":0,"msg_id":56}}
[BROADCAST RESPONSE] {"src":"n2","dest":"n3","body":{"type":"broadcast_ok","in_reply_to":0,"msg_id":57}}
[RECEIVED] {"id":252,"src":"c11","dest":"n2","body":{"type":"read","msg_id":6}}
[MATCH] ReadBody
[READ RESPONSE] {"src":"n2","dest":"c11","body":{"type":"read_ok","messages":["16","15","14","13","12","11","10","9","8","7","6","5","4","3","2","1","0"],"in_reply_to":6,"msg_id":58}}
[RECEIVED] {"id":262,"src":"n1","dest":"n2","body":{"type":"broadcast","message":"17","msg_id":null}}
[RECEIVED] {"id":261,"src":"n5","dest":"n2","body":{"type":"broadcast","message":"17","msg_id":null}}
[MATCH] BroadcastBody
[MATCH] BroadcastBody
[INSIDE BROADCAST LOOP]
[BROADCAST RESPONSE] {"src":"n2","dest":"n5","body":{"type":"broadcast_ok","in_reply_to":0,"msg_id":60}}
[BROADCAST REQUEST] {"id":0,"src":"n2","dest":"n5","body":{"type":"broadcast","message":"17","msg_id":null}}
[BROADCAST REQUEST] {"id":0,"src":"n2","dest":"n3","body":{"type":"broadcast","message":"17","msg_id":null}}
[BROADCAST REQUEST] {"id":0,"src":"n2","dest":"n1","body":{"type":"broadcast","message":"17","msg_id":null}}
[BROADCAST RESPONSE] {"src":"n2","dest":"n1","body":{"type":"broadcast_ok","in_reply_to":0,"msg_id":59}}
[RECEIVED] {"id":267,"src":"n3","dest":"n2","body":{"type":"broadcast","message":"17","msg_id":null}}
[MATCH] BroadcastBody
[BROADCAST RESPONSE] {"src":"n2","dest":"n3","body":{"type":"broadcast_ok","in_reply_to":0,"msg_id":61}}
[RECEIVED] {"id":272,"src":"n1","dest":"n2","body":{"type":"broadcast","message":"18","msg_id":null}}
[MATCH] BroadcastBody
[INSIDE BROADCAST LOOP]
[BROADCAST REQUEST] {"id":0,"src":"n2","dest":"n5","body":{"type":"broadcast","message":"18","msg_id":null}}
[BROADCAST REQUEST] {"id":0,"src":"n2","dest":"n3","body":{"type":"broadcast","message":"18","msg_id":null}}
[BROADCAST REQUEST] {"id":0,"src":"n2","dest":"n1","body":{"type":"broadcast","message":"18","msg_id":null}}
[BROADCAST RESPONSE] {"src":"n2","dest":"n1","body":{"type":"broadcast_ok","in_reply_to":0,"msg_id":62}}
[RECEIVED] {"id":279,"src":"n5","dest":"n2","body":{"type":"broadcast","message":"18","msg_id":null}}
[RECEIVED] {"id":280,"src":"n3","dest":"n2","body":{"type":"broadcast","message":"18","msg_id":null}}
[MATCH] BroadcastBody
[MATCH] BroadcastBody
[BROADCAST RESPONSE] {"src":"n2","dest":"n5","body":{"type":"broadcast_ok","in_reply_to":0,"msg_id":63}}
[BROADCAST RESPONSE] {"src":"n2","dest":"n3","body":{"type":"broadcast_ok","in_reply_to":0,"msg_id":64}}
[RECEIVED] {"id":284,"src":"n1","dest":"n2","body":{"type":"broadcast","message":"19","msg_id":null}}
[MATCH] BroadcastBody
[INSIDE BROADCAST LOOP]
[BROADCAST REQUEST] {"id":0,"src":"n2","dest":"n5","body":{"type":"broadcast","message":"19","msg_id":null}}
[BROADCAST REQUEST] {"id":0,"src":"n2","dest":"n3","body":{"type":"broadcast","message":"19","msg_id":null}}
[BROADCAST REQUEST] {"id":0,"src":"n2","dest":"n1","body":{"type":"broadcast","message":"19","msg_id":null}}
[BROADCAST RESPONSE] {"src":"n2","dest":"n1","body":{"type":"broadcast_ok","in_reply_to":0,"msg_id":65}}
[RECEIVED] {"id":291,"src":"n5","dest":"n2","body":{"type":"broadcast","message":"19","msg_id":null}}
[RECEIVED] {"id":292,"src":"n3","dest":"n2","body":{"type":"broadcast","message":"19","msg_id":null}}
[MATCH] BroadcastBody
[MATCH] BroadcastBody
[BROADCAST RESPONSE] {"src":"n2","dest":"n5","body":{"type":"broadcast_ok","in_reply_to":0,"msg_id":66}}
[BROADCAST RESPONSE] {"src":"n2","dest":"n3","body":{"type":"broadcast_ok","in_reply_to":0,"msg_id":67}}
[RECEIVED] {"id":294,"src":"c11","dest":"n2","body":{"type":"broadcast","message":20,"msg_id":7}}
[MATCH] BroadcastBody
[INSIDE BROADCAST LOOP]
[BROADCAST REQUEST] {"id":0,"src":"n2","dest":"n5","body":{"type":"broadcast","message":"20","msg_id":null}}
[BROADCAST REQUEST] {"id":0,"src":"n2","dest":"n3","body":{"type":"broadcast","message":"20","msg_id":null}}
[BROADCAST REQUEST] {"id":0,"src":"n2","dest":"n1","body":{"type":"broadcast","message":"20","msg_id":null}}
[BROADCAST RESPONSE] {"src":"n2","dest":"c11","body":{"type":"broadcast_ok","in_reply_to":7,"msg_id":68}}
[RECEIVED] {"id":296,"src":"n5","dest":"n2","body":{"type":"broadcast","message":"20","msg_id":null}}
[MATCH] BroadcastBody
[BROADCAST RESPONSE] {"src":"n2","dest":"n5","body":{"type":"broadcast_ok","in_reply_to":0,"msg_id":69}}
[RECEIVED] {"id":303,"src":"n3","dest":"n2","body":{"type":"broadcast","message":"20","msg_id":null}}
[RECEIVED] {"id":305,"src":"n1","dest":"n2","body":{"type":"broadcast","message":"20","msg_id":null}}
[MATCH] BroadcastBody
[MATCH] BroadcastBody
[BROADCAST RESPONSE] {"src":"n2","dest":"n3","body":{"type":"broadcast_ok","in_reply_to":0,"msg_id":70}}
[BROADCAST RESPONSE] {"src":"n2","dest":"n1","body":{"type":"broadcast_ok","in_reply_to":0,"msg_id":71}}
[RECEIVED] {"id":307,"src":"n3","dest":"n2","body":{"type":"broadcast","message":"21","msg_id":null}}
[MATCH] BroadcastBody
[INSIDE BROADCAST LOOP]
[BROADCAST REQUEST] {"id":0,"src":"n2","dest":"n5","body":{"type":"broadcast","message":"21","msg_id":null}}
[BROADCAST REQUEST] {"id":0,"src":"n2","dest":"n3","body":{"type":"broadcast","message":"21","msg_id":null}}
[BROADCAST REQUEST] {"id":0,"src":"n2","dest":"n1","body":{"type":"broadcast","message":"21","msg_id":null}}
[BROADCAST RESPONSE] {"src":"n2","dest":"n3","body":{"type":"broadcast_ok","in_reply_to":0,"msg_id":72}}
[RECEIVED] {"id":314,"src":"n5","dest":"n2","body":{"type":"broadcast","message":"21","msg_id":null}}
[MATCH] BroadcastBody
[BROADCAST RESPONSE] {"src":"n2","dest":"n5","body":{"type":"broadcast_ok","in_reply_to":0,"msg_id":73}}
[RECEIVED] {"id":317,"src":"n1","dest":"n2","body":{"type":"broadcast","message":"21","msg_id":null}}
[MATCH] BroadcastBody
[BROADCAST RESPONSE] {"src":"n2","dest":"n1","body":{"type":"broadcast_ok","in_reply_to":0,"msg_id":74}}
[RECEIVED] {"id":326,"src":"c11","dest":"n2","body":{"type":"broadcast","message":22,"msg_id":8}}
[MATCH] BroadcastBody
[INSIDE BROADCAST LOOP]
[BROADCAST REQUEST] {"id":0,"src":"n2","dest":"n5","body":{"type":"broadcast","message":"22","msg_id":null}}
[BROADCAST REQUEST] {"id":0,"src":"n2","dest":"n3","body":{"type":"broadcast","message":"22","msg_id":null}}
[BROADCAST REQUEST] {"id":0,"src":"n2","dest":"n1","body":{"type":"broadcast","message":"22","msg_id":null}}
[BROADCAST RESPONSE] {"src":"n2","dest":"c11","body":{"type":"broadcast_ok","in_reply_to":8,"msg_id":75}}
[RECEIVED] {"id":331,"src":"n5","dest":"n2","body":{"type":"broadcast","message":"22","msg_id":null}}
[RECEIVED] {"id":332,"src":"n3","dest":"n2","body":{"type":"broadcast","message":"22","msg_id":null}}
[MATCH] BroadcastBody
[MATCH] BroadcastBody
[BROADCAST RESPONSE] {"src":"n2","dest":"n5","body":{"type":"broadcast_ok","in_reply_to":0,"msg_id":76}}
[BROADCAST RESPONSE] {"src":"n2","dest":"n3","body":{"type":"broadcast_ok","in_reply_to":0,"msg_id":77}}
[RECEIVED] {"id":335,"src":"n1","dest":"n2","body":{"type":"broadcast","message":"22","msg_id":null}}
[MATCH] BroadcastBody
[BROADCAST RESPONSE] {"src":"n2","dest":"n1","body":{"type":"broadcast_ok","in_reply_to":0,"msg_id":78}}
[RECEIVED] {"id":345,"src":"n5","dest":"n2","body":{"type":"broadcast","message":"23","msg_id":null}}
[RECEIVED] {"id":346,"src":"n1","dest":"n2","body":{"type":"broadcast","message":"23","msg_id":null}}
[MATCH] BroadcastBody
[MATCH] BroadcastBody
[INSIDE BROADCAST LOOP]
[BROADCAST RESPONSE] {"src":"n2","dest":"n1","body":{"type":"broadcast_ok","in_reply_to":0,"msg_id":80}}
[BROADCAST REQUEST] {"id":0,"src":"n2","dest":"n5","body":{"type":"broadcast","message":"23","msg_id":null}}
[BROADCAST REQUEST] {"id":0,"src":"n2","dest":"n3","body":{"type":"broadcast","message":"23","msg_id":null}}
[BROADCAST REQUEST] {"id":0,"src":"n2","dest":"n1","body":{"type":"broadcast","message":"23","msg_id":null}}
[BROADCAST RESPONSE] {"src":"n2","dest":"n5","body":{"type":"broadcast_ok","in_reply_to":0,"msg_id":79}}
[RECEIVED] {"id":351,"src":"n3","dest":"n2","body":{"type":"broadcast","message":"23","msg_id":null}}
[MATCH] BroadcastBody
[BROADCAST RESPONSE] {"src":"n2","dest":"n3","body":{"type":"broadcast_ok","in_reply_to":0,"msg_id":81}}
[RECEIVED] {"id":358,"src":"c11","dest":"n2","body":{"type":"read","msg_id":9}}
[MATCH] ReadBody
[READ RESPONSE] {"src":"n2","dest":"c11","body":{"type":"read_ok","messages":["23","22","21","20","19","18","17","16","15","14","13","12","11","10","9","8","7","6","5","4","3","2","1","0"],"in_reply_to":9,"msg_id":82}}
[RECEIVED] {"id":361,"src":"n3","dest":"n2","body":{"type":"broadcast","message":"24","msg_id":null}}
[MATCH] BroadcastBody
[INSIDE BROADCAST LOOP]
[BROADCAST REQUEST] {"id":0,"src":"n2","dest":"n5","body":{"type":"broadcast","message":"24","msg_id":null}}
[BROADCAST REQUEST] {"id":0,"src":"n2","dest":"n3","body":{"type":"broadcast","message":"24","msg_id":null}}
[BROADCAST REQUEST] {"id":0,"src":"n2","dest":"n1","body":{"type":"broadcast","message":"24","msg_id":null}}
[BROADCAST RESPONSE] {"src":"n2","dest":"n3","body":{"type":"broadcast_ok","in_reply_to":0,"msg_id":83}}
[RECEIVED] {"id":366,"src":"n5","dest":"n2","body":{"type":"broadcast","message":"24","msg_id":null}}
[MATCH] BroadcastBody
[BROADCAST RESPONSE] {"src":"n2","dest":"n5","body":{"type":"broadcast_ok","in_reply_to":0,"msg_id":84}}
[RECEIVED] {"id":371,"src":"n1","dest":"n2","body":{"type":"broadcast","message":"24","msg_id":null}}
[MATCH] BroadcastBody
[BROADCAST RESPONSE] {"src":"n2","dest":"n1","body":{"type":"broadcast_ok","in_reply_to":0,"msg_id":85}}
[RECEIVED] {"id":377,"src":"n1","dest":"n2","body":{"type":"broadcast","message":"25","msg_id":null}}
[RECEIVED] {"id":378,"src":"n5","dest":"n2","body":{"type":"broadcast","message":"25","msg_id":null}}
[MATCH] BroadcastBody
[MATCH] BroadcastBody
[INSIDE BROADCAST LOOP]
[BROADCAST RESPONSE] {"src":"n2","dest":"n5","body":{"type":"broadcast_ok","in_reply_to":0,"msg_id":87}}
[BROADCAST REQUEST] {"id":0,"src":"n2","dest":"n5","body":{"type":"broadcast","message":"25","msg_id":null}}
[BROADCAST REQUEST] {"id":0,"src":"n2","dest":"n3","body":{"type":"broadcast","message":"25","msg_id":null}}
[BROADCAST REQUEST] {"id":0,"src":"n2","dest":"n1","body":{"type":"broadcast","message":"25","msg_id":null}}
[BROADCAST RESPONSE] {"src":"n2","dest":"n1","body":{"type":"broadcast_ok","in_reply_to":0,"msg_id":86}}
[RECEIVED] {"id":383,"src":"n3","dest":"n2","body":{"type":"broadcast","message":"25","msg_id":null}}
[MATCH] BroadcastBody
[BROADCAST RESPONSE] {"src":"n2","dest":"n3","body":{"type":"broadcast_ok","in_reply_to":0,"msg_id":88}}
[RECEIVED] {"id":387,"src":"c11","dest":"n2","body":{"type":"read","msg_id":10}}
[MATCH] ReadBody
[READ RESPONSE] {"src":"n2","dest":"c11","body":{"type":"read_ok","messages":["25","24","23","22","21","20","19","18","17","16","15","14","13","12","11","10","9","8","7","6","5","4","3","2","1","0"],"in_reply_to":10,"msg_id":89}}
