[RECEIVED] {"id":2,"src":"c2","dest":"n5","body":{"type":"init","node_id":"n5","node_ids":["n1","n2","n3","n4","n5"],"msg_id":1}}
[MATCH] InitBody
Initialized node n5
Init send {"src":"n5","dest":"c2","body":{"type":"init_ok","in_reply_to":1,"msg_id":0}}
[RECEIVED] {"id":13,"src":"c9","dest":"n5","body":{"type":"topology","topology":{"n1":["n4","n2"],"n2":["n5","n3","n1"],"n3":["n2"],"n4":["n1","n5"],"n5":["n2","n4"]},"msg_id":1}}
[MATCH] TopologyBody
[TOPOLOGY RESPONSE] {"src":"n5","dest":"c9","body":{"type":"topology_ok","in_reply_to":1,"msg_id":1}}
[RECEIVED] {"id":25,"src":"n2","dest":"n5","body":{"type":"broadcast","message":"0","msg_id":null}}
[RECEIVED] {"id":26,"src":"n4","dest":"n5","body":{"type":"broadcast","message":"0","msg_id":null}}
[MATCH] BroadcastBody
[MATCH] BroadcastBody
[INSIDE BROADCAST LOOP]
[BROADCAST RESPONSE] {"src":"n5","dest":"n4","body":{"type":"broadcast_ok","in_reply_to":0,"msg_id":3}}
[BROADCAST REQUEST] {"id":0,"src":"n5","dest":"n2","body":{"type":"broadcast","message":"0","msg_id":null}}
[BROADCAST REQUEST] {"id":0,"src":"n5","dest":"n4","body":{"type":"broadcast","message":"0","msg_id":null}}
[BROADCAST RESPONSE] {"src":"n5","dest":"n2","body":{"type":"broadcast_ok","in_reply_to":0,"msg_id":2}}
[RECEIVED] {"id":37,"src":"n2","dest":"n5","body":{"type":"broadcast","message":"1","msg_id":null}}
[MATCH] BroadcastBody
[INSIDE BROADCAST LOOP]
[BROADCAST REQUEST] {"id":0,"src":"n5","dest":"n2","body":{"type":"broadcast","message":"1","msg_id":null}}
[BROADCAST REQUEST] {"id":0,"src":"n5","dest":"n4","body":{"type":"broadcast","message":"1","msg_id":null}}
[BROADCAST RESPONSE] {"src":"n5","dest":"n2","body":{"type":"broadcast_ok","in_reply_to":0,"msg_id":4}}
[RECEIVED] {"id":43,"src":"n4","dest":"n5","body":{"type":"broadcast","message":"1","msg_id":null}}
[MATCH] BroadcastBody
[BROADCAST RESPONSE] {"src":"n5","dest":"n4","body":{"type":"broadcast_ok","in_reply_to":0,"msg_id":5}}
[RECEIVED] {"id":48,"src":"c14","dest":"n5","body":{"type":"broadcast","message":2,"msg_id":1}}
[MATCH] BroadcastBody
[INSIDE BROADCAST LOOP]
[BROADCAST REQUEST] {"id":0,"src":"n5","dest":"n2","body":{"type":"broadcast","message":"2","msg_id":null}}
[BROADCAST REQUEST] {"id":0,"src":"n5","dest":"n4","body":{"type":"broadcast","message":"2","msg_id":null}}
[BROADCAST RESPONSE] {"src":"n5","dest":"c14","body":{"type":"broadcast_ok","in_reply_to":1,"msg_id":6}}
[RECEIVED] {"id":56,"src":"n2","dest":"n5","body":{"type":"broadcast","message":"2","msg_id":null}}
[RECEIVED] {"id":58,"src":"n2","dest":"n5","body":{"type":"broadcast","message":"3","msg_id":null}}
[RECEIVED] {"id":62,"src":"n4","dest":"n5","body":{"type":"broadcast","message":"3","msg_id":null}}
[RECEIVED] {"id":63,"src":"n4","dest":"n5","body":{"type":"broadcast","message":"2","msg_id":null}}
[MATCH] BroadcastBody
[MATCH] BroadcastBody
[MATCH] BroadcastBody
[MATCH] BroadcastBody
[BROADCAST RESPONSE] {"src":"n5","dest":"n2","body":{"type":"broadcast_ok","in_reply_to":0,"msg_id":7}}
[INSIDE BROADCAST LOOP]
[BROADCAST RESPONSE] {"src":"n5","dest":"n4","body":{"type":"broadcast_ok","in_reply_to":0,"msg_id":9}}
[BROADCAST RESPONSE] {"src":"n5","dest":"n4","body":{"type":"broadcast_ok","in_reply_to":0,"msg_id":10}}
[BROADCAST REQUEST] {"id":0,"src":"n5","dest":"n2","body":{"type":"broadcast","message":"3","msg_id":null}}
[BROADCAST REQUEST] {"id":0,"src":"n5","dest":"n4","body":{"type":"broadcast","message":"3","msg_id":null}}
[BROADCAST RESPONSE] {"src":"n5","dest":"n2","body":{"type":"broadcast_ok","in_reply_to":0,"msg_id":8}}
[RECEIVED] {"id":77,"src":"n4","dest":"n5","body":{"type":"broadcast","message":"4","msg_id":null}}
[MATCH] BroadcastBody
[INSIDE BROADCAST LOOP]
[BROADCAST REQUEST] {"id":0,"src":"n5","dest":"n2","body":{"type":"broadcast","message":"4","msg_id":null}}
[RECEIVED] {"id":78,"src":"n2","dest":"n5","body":{"type":"broadcast","message":"4","msg_id":null}}
[BROADCAST REQUEST] {"id":0,"src":"n5","dest":"n4","body":{"type":"broadcast","message":"4","msg_id":null}}
[MATCH] BroadcastBody
[BROADCAST RESPONSE] {"src":"n5","dest":"n2","body":{"type":"broadcast_ok","in_reply_to":0,"msg_id":12}}
[BROADCAST RESPONSE] {"src":"n5","dest":"n4","body":{"type":"broadcast_ok","in_reply_to":0,"msg_id":11}}
[RECEIVED] {"id":85,"src":"n2","dest":"n5","body":{"type":"broadcast","message":"5","msg_id":null}}
[MATCH] BroadcastBody
[INSIDE BROADCAST LOOP]
[BROADCAST REQUEST] {"id":0,"src":"n5","dest":"n2","body":{"type":"broadcast","message":"5","msg_id":null}}
[BROADCAST REQUEST] {"id":0,"src":"n5","dest":"n4","body":{"type":"broadcast","message":"5","msg_id":null}}
[BROADCAST RESPONSE] {"src":"n5","dest":"n2","body":{"type":"broadcast_ok","in_reply_to":0,"msg_id":13}}
[RECEIVED] {"id":95,"src":"n4","dest":"n5","body":{"type":"broadcast","message":"5","msg_id":null}}
[MATCH] BroadcastBody
[BROADCAST RESPONSE] {"src":"n5","dest":"n4","body":{"type":"broadcast_ok","in_reply_to":0,"msg_id":14}}
[RECEIVED] {"id":100,"src":"n4","dest":"n5","body":{"type":"broadcast","message":"6","msg_id":null}}
[MATCH] BroadcastBody
[INSIDE BROADCAST LOOP]
[BROADCAST REQUEST] {"id":0,"src":"n5","dest":"n2","body":{"type":"broadcast","message":"6","msg_id":null}}
[BROADCAST REQUEST] {"id":0,"src":"n5","dest":"n4","body":{"type":"broadcast","message":"6","msg_id":null}}
[BROADCAST RESPONSE] {"src":"n5","dest":"n4","body":{"type":"broadcast_ok","in_reply_to":0,"msg_id":15}}
[RECEIVED] {"id":106,"src":"n2","dest":"n5","body":{"type":"broadcast","message":"6","msg_id":null}}
[MATCH] BroadcastBody
[BROADCAST RESPONSE] {"src":"n5","dest":"n2","body":{"type":"broadcast_ok","in_reply_to":0,"msg_id":16}}
[RECEIVED] {"id":110,"src":"c14","dest":"n5","body":{"type":"read","msg_id":2}}
[MATCH] ReadBody
[READ RESPONSE] {"src":"n5","dest":"c14","body":{"type":"read_ok","messages":["6","5","4","3","2","1","0"],"in_reply_to":2,"msg_id":17}}
[RECEIVED] {"id":119,"src":"n4","dest":"n5","body":{"type":"broadcast","message":"7","msg_id":null}}
[RECEIVED] {"id":120,"src":"n2","dest":"n5","body":{"type":"broadcast","message":"7","msg_id":null}}
[MATCH] BroadcastBody
[MATCH] BroadcastBody
[INSIDE BROADCAST LOOP]
[BROADCAST RESPONSE] {"src":"n5","dest":"n2","body":{"type":"broadcast_ok","in_reply_to":0,"msg_id":19}}
[BROADCAST REQUEST] {"id":0,"src":"n5","dest":"n2","body":{"type":"broadcast","message":"7","msg_id":null}}
[BROADCAST REQUEST] {"id":0,"src":"n5","dest":"n4","body":{"type":"broadcast","message":"7","msg_id":null}}
[BROADCAST RESPONSE] {"src":"n5","dest":"n4","body":{"type":"broadcast_ok","in_reply_to":0,"msg_id":18}}
[RECEIVED] {"id":132,"src":"c14","dest":"n5","body":{"type":"read","msg_id":3}}
[MATCH] ReadBody
[READ RESPONSE] {"src":"n5","dest":"c14","body":{"type":"read_ok","messages":["7","6","5","4","3","2","1","0"],"in_reply_to":3,"msg_id":20}}
[RECEIVED] {"id":141,"src":"n4","dest":"n5","body":{"type":"broadcast","message":"8","msg_id":null}}
[RECEIVED] {"id":142,"src":"n2","dest":"n5","body":{"type":"broadcast","message":"8","msg_id":null}}
[MATCH] BroadcastBody
[MATCH] BroadcastBody
[INSIDE BROADCAST LOOP]
[BROADCAST RESPONSE] {"src":"n5","dest":"n2","body":{"type":"broadcast_ok","in_reply_to":0,"msg_id":22}}
[BROADCAST REQUEST] {"id":0,"src":"n5","dest":"n2","body":{"type":"broadcast","message":"8","msg_id":null}}
[BROADCAST REQUEST] {"id":0,"src":"n5","dest":"n4","body":{"type":"broadcast","message":"8","msg_id":null}}
[BROADCAST RESPONSE] {"src":"n5","dest":"n4","body":{"type":"broadcast_ok","in_reply_to":0,"msg_id":21}}
[RECEIVED] {"id":153,"src":"n2","dest":"n5","body":{"type":"broadcast","message":"9","msg_id":null}}
[MATCH] BroadcastBody
[INSIDE BROADCAST LOOP]
[BROADCAST REQUEST] {"id":0,"src":"n5","dest":"n2","body":{"type":"broadcast","message":"9","msg_id":null}}
[BROADCAST REQUEST] {"id":0,"src":"n5","dest":"n4","body":{"type":"broadcast","message":"9","msg_id":null}}
[BROADCAST RESPONSE] {"src":"n5","dest":"n2","body":{"type":"broadcast_ok","in_reply_to":0,"msg_id":23}}
[RECEIVED] {"id":161,"src":"n4","dest":"n5","body":{"type":"broadcast","message":"9","msg_id":null}}
[MATCH] BroadcastBody
[BROADCAST RESPONSE] {"src":"n5","dest":"n4","body":{"type":"broadcast_ok","in_reply_to":0,"msg_id":24}}
[RECEIVED] {"id":164,"src":"n4","dest":"n5","body":{"type":"broadcast","message":"10","msg_id":null}}
[MATCH] BroadcastBody
[INSIDE BROADCAST LOOP]
[BROADCAST REQUEST] {"id":0,"src":"n5","dest":"n2","body":{"type":"broadcast","message":"10","msg_id":null}}
[BROADCAST REQUEST] {"id":0,"src":"n5","dest":"n4","body":{"type":"broadcast","message":"10","msg_id":null}}
[BROADCAST RESPONSE] {"src":"n5","dest":"n4","body":{"type":"broadcast_ok","in_reply_to":0,"msg_id":25}}
[RECEIVED] {"id":170,"src":"n2","dest":"n5","body":{"type":"broadcast","message":"10","msg_id":null}}
[MATCH] BroadcastBody
[BROADCAST RESPONSE] {"src":"n5","dest":"n2","body":{"type":"broadcast_ok","in_reply_to":0,"msg_id":26}}
[RECEIVED] {"id":174,"src":"c14","dest":"n5","body":{"type":"read","msg_id":4}}
[MATCH] ReadBody
[READ RESPONSE] {"src":"n5","dest":"c14","body":{"type":"read_ok","messages":["10","9","8","7","6","5","4","3","2","1","0"],"in_reply_to":4,"msg_id":27}}
[RECEIVED] {"id":181,"src":"n4","dest":"n5","body":{"type":"broadcast","message":"11","msg_id":null}}
[MATCH] BroadcastBody
[RECEIVED] {"id":182,"src":"n2","dest":"n5","body":{"type":"broadcast","message":"11","msg_id":null}}
[INSIDE BROADCAST LOOP]
[MATCH] BroadcastBody
[BROADCAST REQUEST] {"id":0,"src":"n5","dest":"n2","body":{"type":"broadcast","message":"11","msg_id":null}}
[BROADCAST RESPONSE] {"src":"n5","dest":"n2","body":{"type":"broadcast_ok","in_reply_to":0,"msg_id":29}}
[BROADCAST REQUEST] {"id":0,"src":"n5","dest":"n4","body":{"type":"broadcast","message":"11","msg_id":null}}
[BROADCAST RESPONSE] {"src":"n5","dest":"n4","body":{"type":"broadcast_ok","in_reply_to":0,"msg_id":28}}
[RECEIVED] {"id":191,"src":"n2","dest":"n5","body":{"type":"broadcast","message":"12","msg_id":null}}
[MATCH] BroadcastBody
[INSIDE BROADCAST LOOP]
[BROADCAST REQUEST] {"id":0,"src":"n5","dest":"n2","body":{"type":"broadcast","message":"12","msg_id":null}}
[BROADCAST REQUEST] {"id":0,"src":"n5","dest":"n4","body":{"type":"broadcast","message":"12","msg_id":null}}
[BROADCAST RESPONSE] {"src":"n5","dest":"n2","body":{"type":"broadcast_ok","in_reply_to":0,"msg_id":30}}
[RECEIVED] {"id":197,"src":"n4","dest":"n5","body":{"type":"broadcast","message":"12","msg_id":null}}
[MATCH] BroadcastBody
[BROADCAST RESPONSE] {"src":"n5","dest":"n4","body":{"type":"broadcast_ok","in_reply_to":0,"msg_id":31}}
[RECEIVED] {"id":206,"src":"n4","dest":"n5","body":{"type":"broadcast","message":"13","msg_id":null}}
[MATCH] BroadcastBody
[INSIDE BROADCAST LOOP]
[BROADCAST REQUEST] {"id":0,"src":"n5","dest":"n2","body":{"type":"broadcast","message":"13","msg_id":null}}
[BROADCAST REQUEST] {"id":0,"src":"n5","dest":"n4","body":{"type":"broadcast","message":"13","msg_id":null}}
[BROADCAST RESPONSE] {"src":"n5","dest":"n4","body":{"type":"broadcast_ok","in_reply_to":0,"msg_id":32}}
[RECEIVED] {"id":212,"src":"n2","dest":"n5","body":{"type":"broadcast","message":"13","msg_id":null}}
[MATCH] BroadcastBody
[BROADCAST RESPONSE] {"src":"n5","dest":"n2","body":{"type":"broadcast_ok","in_reply_to":0,"msg_id":33}}
[RECEIVED] {"id":216,"src":"c14","dest":"n5","body":{"type":"broadcast","message":14,"msg_id":5}}
[MATCH] BroadcastBody
[INSIDE BROADCAST LOOP]
[BROADCAST REQUEST] {"id":0,"src":"n5","dest":"n2","body":{"type":"broadcast","message":"14","msg_id":null}}
[BROADCAST REQUEST] {"id":0,"src":"n5","dest":"n4","body":{"type":"broadcast","message":"14","msg_id":null}}
[BROADCAST RESPONSE] {"src":"n5","dest":"c14","body":{"type":"broadcast_ok","in_reply_to":5,"msg_id":34}}
[RECEIVED] {"id":220,"src":"n2","dest":"n5","body":{"type":"broadcast","message":"14","msg_id":null}}
[RECEIVED] {"id":223,"src":"n4","dest":"n5","body":{"type":"broadcast","message":"14","msg_id":null}}
[MATCH] BroadcastBody
[MATCH] BroadcastBody
[BROADCAST RESPONSE] {"src":"n5","dest":"n2","body":{"type":"broadcast_ok","in_reply_to":0,"msg_id":35}}
[BROADCAST RESPONSE] {"src":"n5","dest":"n4","body":{"type":"broadcast_ok","in_reply_to":0,"msg_id":36}}
[RECEIVED] {"id":233,"src":"n4","dest":"n5","body":{"type":"broadcast","message":"15","msg_id":null}}
[MATCH] BroadcastBody
[INSIDE BROADCAST LOOP]
[RECEIVED] {"id":234,"src":"n2","dest":"n5","body":{"type":"broadcast","message":"15","msg_id":null}}
[BROADCAST REQUEST] {"id":0,"src":"n5","dest":"n2","body":{"type":"broadcast","message":"15","msg_id":null}}
[MATCH] BroadcastBody
[BROADCAST RESPONSE] {"src":"n5","dest":"n2","body":{"type":"broadcast_ok","in_reply_to":0,"msg_id":38}}
[BROADCAST REQUEST] {"id":0,"src":"n5","dest":"n4","body":{"type":"broadcast","message":"15","msg_id":null}}
[BROADCAST RESPONSE] {"src":"n5","dest":"n4","body":{"type":"broadcast_ok","in_reply_to":0,"msg_id":37}}
[RECEIVED] {"id":245,"src":"n2","dest":"n5","body":{"type":"broadcast","message":"16","msg_id":null}}
[RECEIVED] {"id":246,"src":"n4","dest":"n5","body":{"type":"broadcast","message":"16","msg_id":null}}
[MATCH] BroadcastBody
[MATCH] BroadcastBody
[INSIDE BROADCAST LOOP]
[BROADCAST RESPONSE] {"src":"n5","dest":"n4","body":{"type":"broadcast_ok","in_reply_to":0,"msg_id":40}}
[BROADCAST REQUEST] {"id":0,"src":"n5","dest":"n2","body":{"type":"broadcast","message":"16","msg_id":null}}
[BROADCAST REQUEST] {"id":0,"src":"n5","dest":"n4","body":{"type":"broadcast","message":"16","msg_id":null}}
[BROADCAST RESPONSE] {"src":"n5","dest":"n2","body":{"type":"broadcast_ok","in_reply_to":0,"msg_id":39}}
[RECEIVED] {"id":258,"src":"n4","dest":"n5","body":{"type":"broadcast","message":"17","msg_id":null}}
[MATCH] BroadcastBody
[INSIDE BROADCAST LOOP]
[BROADCAST REQUEST] {"id":0,"src":"n5","dest":"n2","body":{"type":"broadcast","message":"17","msg_id":null}}
[BROADCAST REQUEST] {"id":0,"src":"n5","dest":"n4","body":{"type":"broadcast","message":"17","msg_id":null}}
[BROADCAST RESPONSE] {"src":"n5","dest":"n4","body":{"type":"broadcast_ok","in_reply_to":0,"msg_id":41}}
[RECEIVED] {"id":264,"src":"n2","dest":"n5","body":{"type":"broadcast","message":"17","msg_id":null}}
[MATCH] BroadcastBody
[BROADCAST RESPONSE] {"src":"n5","dest":"n2","body":{"type":"broadcast_ok","in_reply_to":0,"msg_id":42}}
[RECEIVED] {"id":268,"src":"c14","dest":"n5","body":{"type":"read","msg_id":6}}
[MATCH] ReadBody
[READ RESPONSE] {"src":"n5","dest":"c14","body":{"type":"read_ok","messages":["17","16","15","14","13","12","11","10","9","8","7","6","5","4","3","2","1","0"],"in_reply_to":6,"msg_id":43}}
[RECEIVED] {"id":275,"src":"n2","dest":"n5","body":{"type":"broadcast","message":"18","msg_id":null}}
[RECEIVED] {"id":276,"src":"n4","dest":"n5","body":{"type":"broadcast","message":"18","msg_id":null}}
[MATCH] BroadcastBody
[MATCH] BroadcastBody
[INSIDE BROADCAST LOOP]
[BROADCAST RESPONSE] {"src":"n5","dest":"n4","body":{"type":"broadcast_ok","in_reply_to":0,"msg_id":45}}
[BROADCAST REQUEST] {"id":0,"src":"n5","dest":"n2","body":{"type":"broadcast","message":"18","msg_id":null}}
[BROADCAST REQUEST] {"id":0,"src":"n5","dest":"n4","body":{"type":"broadcast","message":"18","msg_id":null}}
[BROADCAST RESPONSE] {"src":"n5","dest":"n2","body":{"type":"broadcast_ok","in_reply_to":0,"msg_id":44}}
[RECEIVED] {"id":286,"src":"n2","dest":"n5","body":{"type":"broadcast","message":"19","msg_id":null}}
[MATCH] BroadcastBody
[RECEIVED] {"id":289,"src":"n4","dest":"n5","body":{"type":"broadcast","message":"19","msg_id":null}}
[INSIDE BROADCAST LOOP]
[MATCH] BroadcastBody
[BROADCAST REQUEST] {"id":0,"src":"n5","dest":"n2","body":{"type":"broadcast","message":"19","msg_id":null}}
[BROADCAST RESPONSE] {"src":"n5","dest":"n4","body":{"type":"broadcast_ok","in_reply_to":0,"msg_id":47}}
[BROADCAST REQUEST] {"id":0,"src":"n5","dest":"n4","body":{"type":"broadcast","message":"19","msg_id":null}}
[BROADCAST RESPONSE] {"src":"n5","dest":"n2","body":{"type":"broadcast_ok","in_reply_to":0,"msg_id":46}}
[RECEIVED] {"id":295,"src":"n2","dest":"n5","body":{"type":"broadcast","message":"20","msg_id":null}}
[MATCH] BroadcastBody
[INSIDE BROADCAST LOOP]
[BROADCAST REQUEST] {"id":0,"src":"n5","dest":"n2","body":{"type":"broadcast","message":"20","msg_id":null}}
[BROADCAST REQUEST] {"id":0,"src":"n5","dest":"n4","body":{"type":"broadcast","message":"20","msg_id":null}}
[BROADCAST RESPONSE] {"src":"n5","dest":"n2","body":{"type":"broadcast_ok","in_reply_to":0,"msg_id":48}}
[RECEIVED] {"id":302,"src":"n4","dest":"n5","body":{"type":"broadcast","message":"20","msg_id":null}}
[MATCH] BroadcastBody
[BROADCAST RESPONSE] {"src":"n5","dest":"n4","body":{"type":"broadcast_ok","in_reply_to":0,"msg_id":49}}
[RECEIVED] {"id":310,"src":"n2","dest":"n5","body":{"type":"broadcast","message":"21","msg_id":null}}
[MATCH] BroadcastBody
[INSIDE BROADCAST LOOP]
[BROADCAST REQUEST] {"id":0,"src":"n5","dest":"n2","body":{"type":"broadcast","message":"21","msg_id":null}}
[BROADCAST REQUEST] {"id":0,"src":"n5","dest":"n4","body":{"type":"broadcast","message":"21","msg_id":null}}
[BROADCAST RESPONSE] {"src":"n5","dest":"n2","body":{"type":"broadcast_ok","in_reply_to":0,"msg_id":50}}
[RECEIVED] {"id":319,"src":"n4","dest":"n5","body":{"type":"broadcast","message":"21","msg_id":null}}
[MATCH] BroadcastBody
[BROADCAST RESPONSE] {"src":"n5","dest":"n4","body":{"type":"broadcast_ok","in_reply_to":0,"msg_id":51}}
[RECEIVED] {"id":320,"src":"c14","dest":"n5","body":{"type":"read","msg_id":7}}
[MATCH] ReadBody
[READ RESPONSE] {"src":"n5","dest":"c14","body":{"type":"read_ok","messages":["21","20","19","18","17","16","15","14","13","12","11","10","9","8","7","6","5","4","3","2","1","0"],"in_reply_to":7,"msg_id":52}}
[RECEIVED] {"id":327,"src":"n2","dest":"n5","body":{"type":"broadcast","message":"22","msg_id":null}}
[MATCH] BroadcastBody
[INSIDE BROADCAST LOOP]
[BROADCAST REQUEST] {"id":0,"src":"n5","dest":"n2","body":{"type":"broadcast","message":"22","msg_id":null}}
[BROADCAST REQUEST] {"id":0,"src":"n5","dest":"n4","body":{"type":"broadcast","message":"22","msg_id":null}}
[BROADCAST RESPONSE] {"src":"n5","dest":"n2","body":{"type":"broadcast_ok","in_reply_to":0,"msg_id":53}}
[RECEIVED] {"id":337,"src":"n4","dest":"n5","body":{"type":"broadcast","message":"22","msg_id":null}}
[MATCH] BroadcastBody
[BROADCAST RESPONSE] {"src":"n5","dest":"n4","body":{"type":"broadcast_ok","in_reply_to":0,"msg_id":54}}
[RECEIVED] {"id":342,"src":"n4","dest":"n5","body":{"type":"broadcast","message":"23","msg_id":null}}
[MATCH] BroadcastBody
[INSIDE BROADCAST LOOP]
[BROADCAST REQUEST] {"id":0,"src":"n5","dest":"n2","body":{"type":"broadcast","message":"23","msg_id":null}}
[BROADCAST REQUEST] {"id":0,"src":"n5","dest":"n4","body":{"type":"broadcast","message":"23","msg_id":null}}
[BROADCAST RESPONSE] {"src":"n5","dest":"n4","body":{"type":"broadcast_ok","in_reply_to":0,"msg_id":55}}
[RECEIVED] {"id":348,"src":"n2","dest":"n5","body":{"type":"broadcast","message":"23","msg_id":null}}
[MATCH] BroadcastBody
[BROADCAST RESPONSE] {"src":"n5","dest":"n2","body":{"type":"broadcast_ok","in_reply_to":0,"msg_id":56}}
[RECEIVED] {"id":352,"src":"c14","dest":"n5","body":{"type":"read","msg_id":8}}
[MATCH] ReadBody
[READ RESPONSE] {"src":"n5","dest":"c14","body":{"type":"read_ok","messages":["23","22","21","20","19","18","17","16","15","14","13","12","11","10","9","8","7","6","5","4","3","2","1","0"],"in_reply_to":8,"msg_id":57}}
[RECEIVED] {"id":363,"src":"n2","dest":"n5","body":{"type":"broadcast","message":"24","msg_id":null}}
[MATCH] BroadcastBody
[INSIDE BROADCAST LOOP]
[BROADCAST REQUEST] {"id":0,"src":"n5","dest":"n2","body":{"type":"broadcast","message":"24","msg_id":null}}
[BROADCAST REQUEST] {"id":0,"src":"n5","dest":"n4","body":{"type":"broadcast","message":"24","msg_id":null}}
[BROADCAST RESPONSE] {"src":"n5","dest":"n2","body":{"type":"broadcast_ok","in_reply_to":0,"msg_id":58}}
[RECEIVED] {"id":370,"src":"n4","dest":"n5","body":{"type":"broadcast","message":"24","msg_id":null}}
[MATCH] BroadcastBody
[BROADCAST RESPONSE] {"src":"n5","dest":"n4","body":{"type":"broadcast_ok","in_reply_to":0,"msg_id":59}}
[RECEIVED] {"id":374,"src":"n4","dest":"n5","body":{"type":"broadcast","message":"25","msg_id":null}}
[MATCH] BroadcastBody
[INSIDE BROADCAST LOOP]
[BROADCAST REQUEST] {"id":0,"src":"n5","dest":"n2","body":{"type":"broadcast","message":"25","msg_id":null}}
[BROADCAST REQUEST] {"id":0,"src":"n5","dest":"n4","body":{"type":"broadcast","message":"25","msg_id":null}}
[BROADCAST RESPONSE] {"src":"n5","dest":"n4","body":{"type":"broadcast_ok","in_reply_to":0,"msg_id":60}}
[RECEIVED] {"id":380,"src":"n2","dest":"n5","body":{"type":"broadcast","message":"25","msg_id":null}}
[MATCH] BroadcastBody
[BROADCAST RESPONSE] {"src":"n5","dest":"n2","body":{"type":"broadcast_ok","in_reply_to":0,"msg_id":61}}
[RECEIVED] {"id":384,"src":"c14","dest":"n5","body":{"type":"read","msg_id":9}}
[MATCH] ReadBody
[READ RESPONSE] {"src":"n5","dest":"c14","body":{"type":"read_ok","messages":["25","24","23","22","21","20","19","18","17","16","15","14","13","12","11","10","9","8","7","6","5","4","3","2","1","0"],"in_reply_to":9,"msg_id":62}}
[RECEIVED] {"id":388,"src":"c14","dest":"n5","body":{"type":"read","msg_id":10}}
[MATCH] ReadBody
[READ RESPONSE] {"src":"n5","dest":"c14","body":{"type":"read_ok","messages":["25","24","23","22","21","20","19","18","17","16","15","14","13","12","11","10","9","8","7","6","5","4","3","2","1","0"],"in_reply_to":10,"msg_id":63}}
