[RECEIVED] {"id":3,"src":"c3","dest":"n1","body":{"type":"init","node_id":"n1","node_ids":["n1","n2","n3","n4","n5"],"msg_id":1}}
[SEND RESPONSE] {"src":"n1","dest":"c3","body":{"type":"init_ok","in_reply_to":1,"msg_id":0}}
[RECEIVED] {"id":10,"src":"c10","dest":"n1","body":{"type":"generate","msg_id":1}}
[MATCH GENERATE]
[SEND RESPONSE] {"src":"n1","dest":"c10","body":{"type":"generate_ok","in_reply_to":1,"msg_id":1,"id":"n11"}}
[RECEIVED] {"id":21,"src":"c10","dest":"n1","body":{"type":"generate","msg_id":2}}
[MATCH GENERATE]
[SEND RESPONSE] {"src":"n1","dest":"c10","body":{"type":"generate_ok","in_reply_to":2,"msg_id":2,"id":"n12"}}
[RECEIVED] {"id":32,"src":"c10","dest":"n1","body":{"type":"generate","msg_id":3}}
[MATCH GENERATE]
[SEND RESPONSE] {"src":"n1","dest":"c10","body":{"type":"generate_ok","in_reply_to":3,"msg_id":3,"id":"n13"}}
[RECEIVED] {"id":34,"src":"c10","dest":"n1","body":{"type":"generate","msg_id":4}}
[MATCH GENERATE]
[SEND RESPONSE] {"src":"n1","dest":"c10","body":{"type":"generate_ok","in_reply_to":4,"msg_id":4,"id":"n14"}}
[RECEIVED] {"id":44,"src":"c10","dest":"n1","body":{"type":"generate","msg_id":5}}
[MATCH GENERATE]
[SEND RESPONSE] {"src":"n1","dest":"c10","body":{"type":"generate_ok","in_reply_to":5,"msg_id":5,"id":"n15"}}
[RECEIVED] {"id":46,"src":"c10","dest":"n1","body":{"type":"generate","msg_id":6}}
[MATCH GENERATE]
[SEND RESPONSE] {"src":"n1","dest":"c10","body":{"type":"generate_ok","in_reply_to":6,"msg_id":6,"id":"n16"}}
[RECEIVED] {"id":56,"src":"c10","dest":"n1","body":{"type":"generate","msg_id":7}}
[MATCH GENERATE]
[SEND RESPONSE] {"src":"n1","dest":"c10","body":{"type":"generate_ok","in_reply_to":7,"msg_id":7,"id":"n17"}}
[RECEIVED] {"id":58,"src":"c10","dest":"n1","body":{"type":"generate","msg_id":8}}
[MATCH GENERATE]
[SEND RESPONSE] {"src":"n1","dest":"c10","body":{"type":"generate_ok","in_reply_to":8,"msg_id":8,"id":"n18"}}
[RECEIVED] {"id":68,"src":"c10","dest":"n1","body":{"type":"generate","msg_id":9}}
[MATCH GENERATE]
[SEND RESPONSE] {"src":"n1","dest":"c10","body":{"type":"generate_ok","in_reply_to":9,"msg_id":9,"id":"n19"}}
[RECEIVED] {"id":70,"src":"c10","dest":"n1","body":{"type":"generate","msg_id":10}}
[MATCH GENERATE]
[SEND RESPONSE] {"src":"n1","dest":"c10","body":{"type":"generate_ok","in_reply_to":10,"msg_id":10,"id":"n110"}}
[RECEIVED] {"id":80,"src":"c10","dest":"n1","body":{"type":"generate","msg_id":11}}
[MATCH GENERATE]
[SEND RESPONSE] {"src":"n1","dest":"c10","body":{"type":"generate_ok","in_reply_to":11,"msg_id":11,"id":"n111"}}
[RECEIVED] {"id":82,"src":"c10","dest":"n1","body":{"type":"generate","msg_id":12}}
[MATCH GENERATE]
[SEND RESPONSE] {"src":"n1","dest":"c10","body":{"type":"generate_ok","in_reply_to":12,"msg_id":12,"id":"n112"}}
[RECEIVED] {"id":92,"src":"c10","dest":"n1","body":{"type":"generate","msg_id":13}}
[MATCH GENERATE]
[SEND RESPONSE] {"src":"n1","dest":"c10","body":{"type":"generate_ok","in_reply_to":13,"msg_id":13,"id":"n113"}}
[RECEIVED] {"id":94,"src":"c10","dest":"n1","body":{"type":"generate","msg_id":14}}
[MATCH GENERATE]
[SEND RESPONSE] {"src":"n1","dest":"c10","body":{"type":"generate_ok","in_reply_to":14,"msg_id":14,"id":"n114"}}
[RECEIVED] {"id":104,"src":"c10","dest":"n1","body":{"type":"generate","msg_id":15}}
[MATCH GENERATE]
[SEND RESPONSE] {"src":"n1","dest":"c10","body":{"type":"generate_ok","in_reply_to":15,"msg_id":15,"id":"n115"}}
