2025-06-02 12:35:15,442{GMT}	INFO	[jepsen test runner] jepsen.core: Test version 9c9bbdfd60f614614ba86cf415b5dc43daf0d73d (plus uncommitted changes)
2025-06-02 12:35:15,443{GMT}	INFO	[jepsen test runner] jepsen.core: Command line:
lein run test -w echo --bin self/server/_build/default/bin/main.exe --time-limit 5 --rate 10
2025-06-02 12:35:15,471{GMT}	INFO	[jepsen test runner] jepsen.core: Running test:
{:args []
 :remote
 #jepsen.control.retry.Remote{:remote #jepsen.control.scp.Remote{:cmd-remote #jepsen.control.sshj.SSHJRemote{:concurrency-limit 6,
                                                                                                             :conn-spec nil,
                                                                                                             :client nil,
                                                                                                             :semaphore nil},
                                                                 :conn-spec nil},
                              :conn nil}
 :log-net-send false
 :node-count nil
 :availability nil
 :max-txn-length 4
 :concurrency 5
 :db
 #object[maelstrom.db$db$reify__16612
         "0x5233b7ad"
         "maelstrom.db$db$reify__16612@5233b7ad"]
 :max-writes-per-key 16
 :leave-db-running? false
 :name "echo"
 :logging-json? false
 :start-time
 #object[org.joda.time.DateTime "0x5a69f1ef" "2025-06-02T12:35:15.408-04:00"]
 :nemesis-interval 10
 :net
 #object[maelstrom.net$jepsen_net$reify__15721
         "0x54fd5f6"
         "maelstrom.net$jepsen_net$reify__15721@54fd5f6"]
 :client
 #object[maelstrom.workload.echo$client$reify__17402
         "0x219aab91"
         "maelstrom.workload.echo$client$reify__17402@219aab91"]
 :barrier
 #object[java.util.concurrent.CyclicBarrier
         "0x71737478"
         "java.util.concurrent.CyclicBarrier@71737478"]
 :log-stderr false
 :pure-generators true
 :ssh {:dummy? true}
 :rate 10.0
 :checker
 #object[jepsen.checker$compose$reify__11089
         "0x64001530"
         "jepsen.checker$compose$reify__11089@64001530"]
 :argv
 ("test"
  "-w"
  "echo"
  "--bin"
  "self/server/_build/default/bin/main.exe"
  "--time-limit"
  "5"
  "--rate"
  "10")
 :nemesis
 (jepsen.nemesis.ReflCompose
  {:fm {:start-partition 0,
        :stop-partition 0,
        :kill 1,
        :start 1,
        :pause 1,
        :resume 1},
   :nemeses [#unprintable "jepsen.nemesis.combined$partition_nemesis$reify__16905@1f9b8c23"
             #unprintable "jepsen.nemesis.combined$db_nemesis$reify__16886@6b297a62"]})
 :nodes ["n1" "n2" "n3" "n4" "n5"]
 :test-count 1
 :latency {:mean 0, :dist :constant}
 :bin "self/server/_build/default/bin/main.exe"
 :generator
 #object[jepsen.util.Forgettable
         "0x7f913c47"
         (jepsen.generator.TimeLimit
          {:limit 5000000000,
           :cutoff nil,
           :gen (jepsen.generator.Any
                 {:gens [(jepsen.generator.OnThreads
                          {:f #{:nemesis},
                           :context-filter #object[jepsen.generator.context$make_thread_filter$lazy_filter__12077
                                                   "0x5f04449a"
                                                   "jepsen.generator.context$make_thread_filter$lazy_filter__12077@5f04449a"],
                           :gen nil})
                         (jepsen.generator.OnThreads
                          {:f #jepsen.generator.context.AllBut{:element :nemesis},
                           :context-filter #object[jepsen.generator.context$make_thread_filter$lazy_filter__12077
                                                   "0x5634c26c"
                                                   "jepsen.generator.context$make_thread_filter$lazy_filter__12077@5634c26c"],
                           :gen (jepsen.generator.Stagger
                                 {:dt 200000000,
                                  :next-time nil,
                                  :gen (jepsen.generator.EachThread
                                        {:fresh-gen #object[maelstrom.workload.echo$workload$fn__17421
                                                            "0x37a5ac85"
                                                            "maelstrom.workload.echo$workload$fn__17421@37a5ac85"],
                                         :context-filters #object[clojure.core$promise$reify__8621
                                                                  "0x5d4f0fd5"
                                                                  {:status :pending,
                                                                   :val nil}],
                                         :gens {}})})})]})})]
 :log-net-recv false
 :os
 #object[maelstrom.net$jepsen_os$reify__15724
         "0x2092b072"
         "maelstrom.net$jepsen_os$reify__15724@2092b072"]
 :time-limit 5
 :workload :echo
 :consistency-models [:strict-serializable]
 :topology :grid}

2025-06-02 12:35:16,559{GMT}	INFO	[jepsen node n1] maelstrom.net: Starting Maelstrom network
2025-06-02 12:35:16,559{GMT}	INFO	[jepsen test runner] jepsen.db: Tearing down DB
2025-06-02 12:35:16,560{GMT}	INFO	[jepsen test runner] jepsen.db: Setting up DB
2025-06-02 12:35:16,561{GMT}	INFO	[jepsen node n3] maelstrom.db: Setting up n3
2025-06-02 12:35:16,561{GMT}	INFO	[jepsen node n2] maelstrom.db: Setting up n2
2025-06-02 12:35:16,561{GMT}	INFO	[jepsen node n5] maelstrom.db: Setting up n5
2025-06-02 12:35:16,561{GMT}	INFO	[jepsen node n4] maelstrom.db: Setting up n4
2025-06-02 12:35:16,561{GMT}	INFO	[jepsen node n2] maelstrom.process: launching self/server/_build/default/bin/main.exe []
2025-06-02 12:35:16,561{GMT}	INFO	[jepsen node n4] maelstrom.process: launching self/server/_build/default/bin/main.exe []
2025-06-02 12:35:16,561{GMT}	INFO	[jepsen node n5] maelstrom.process: launching self/server/_build/default/bin/main.exe []
2025-06-02 12:35:16,561{GMT}	INFO	[jepsen node n3] maelstrom.process: launching self/server/_build/default/bin/main.exe []
2025-06-02 12:35:16,562{GMT}	INFO	[jepsen node n1] maelstrom.service: Starting services: (lin-kv lin-tso lww-kv seq-kv)
2025-06-02 12:35:16,562{GMT}	INFO	[jepsen node n1] maelstrom.db: Setting up n1
2025-06-02 12:35:16,562{GMT}	INFO	[jepsen node n1] maelstrom.process: launching self/server/_build/default/bin/main.exe []
2025-06-02 12:35:25,795{GMT}	INFO	[jepsen test runner] jepsen.core: Relative time begins now
2025-06-02 12:35:25,816{GMT}	INFO	[jepsen worker 0] jepsen.util: 0	:invoke	:echo	"Please echo 61"
2025-06-02 12:35:25,821{GMT}	INFO	[jepsen worker 0] jepsen.util: 0	:ok	:echo	{:type "echo_ok", :echo "Please echo 61", :msg_id 1, :in_reply_to 1}
2025-06-02 12:35:25,980{GMT}	INFO	[jepsen worker 3] jepsen.util: 3	:invoke	:echo	"Please echo 37"
2025-06-02 12:35:25,982{GMT}	INFO	[jepsen worker 3] jepsen.util: 3	:ok	:echo	{:type "echo_ok", :echo "Please echo 37", :msg_id 1, :in_reply_to 1}
2025-06-02 12:35:25,996{GMT}	INFO	[jepsen worker 4] jepsen.util: 4	:invoke	:echo	"Please echo 45"
2025-06-02 12:35:25,997{GMT}	INFO	[jepsen worker 4] jepsen.util: 4	:ok	:echo	{:type "echo_ok", :echo "Please echo 45", :msg_id 1, :in_reply_to 1}
2025-06-02 12:35:26,070{GMT}	INFO	[jepsen worker 0] jepsen.util: 0	:invoke	:echo	"Please echo 59"
2025-06-02 12:35:26,071{GMT}	INFO	[jepsen worker 0] jepsen.util: 0	:ok	:echo	{:type "echo_ok", :echo "Please echo 59", :msg_id 2, :in_reply_to 2}
2025-06-02 12:35:26,178{GMT}	INFO	[jepsen worker 1] jepsen.util: 1	:invoke	:echo	"Please echo 103"
2025-06-02 12:35:26,181{GMT}	INFO	[jepsen worker 1] jepsen.util: 1	:ok	:echo	{:type "echo_ok", :echo "Please echo 103", :msg_id 1, :in_reply_to 1}
2025-06-02 12:35:26,265{GMT}	INFO	[jepsen worker 3] jepsen.util: 3	:invoke	:echo	"Please echo 2"
2025-06-02 12:35:26,266{GMT}	INFO	[jepsen worker 3] jepsen.util: 3	:ok	:echo	{:type "echo_ok", :echo "Please echo 2", :msg_id 2, :in_reply_to 2}
2025-06-02 12:35:26,348{GMT}	INFO	[jepsen worker 3] jepsen.util: 3	:invoke	:echo	"Please echo 67"
2025-06-02 12:35:26,349{GMT}	INFO	[jepsen worker 3] jepsen.util: 3	:ok	:echo	{:type "echo_ok", :echo "Please echo 67", :msg_id 3, :in_reply_to 3}
2025-06-02 12:35:26,511{GMT}	INFO	[jepsen worker 1] jepsen.util: 1	:invoke	:echo	"Please echo 70"
2025-06-02 12:35:26,513{GMT}	INFO	[jepsen worker 1] jepsen.util: 1	:ok	:echo	{:type "echo_ok", :echo "Please echo 70", :msg_id 2, :in_reply_to 2}
2025-06-02 12:35:26,559{GMT}	INFO	[jepsen worker 4] jepsen.util: 4	:invoke	:echo	"Please echo 72"
2025-06-02 12:35:26,562{GMT}	INFO	[jepsen worker 4] jepsen.util: 4	:ok	:echo	{:type "echo_ok", :echo "Please echo 72", :msg_id 2, :in_reply_to 2}
2025-06-02 12:35:26,744{GMT}	INFO	[jepsen worker 3] jepsen.util: 3	:invoke	:echo	"Please echo 51"
2025-06-02 12:35:26,745{GMT}	INFO	[jepsen worker 3] jepsen.util: 3	:ok	:echo	{:type "echo_ok", :echo "Please echo 51", :msg_id 4, :in_reply_to 4}
2025-06-02 12:35:26,910{GMT}	INFO	[jepsen worker 4] jepsen.util: 4	:invoke	:echo	"Please echo 74"
2025-06-02 12:35:26,911{GMT}	INFO	[jepsen worker 4] jepsen.util: 4	:ok	:echo	{:type "echo_ok", :echo "Please echo 74", :msg_id 3, :in_reply_to 3}
2025-06-02 12:35:26,960{GMT}	INFO	[jepsen worker 0] jepsen.util: 0	:invoke	:echo	"Please echo 78"
2025-06-02 12:35:26,962{GMT}	INFO	[jepsen worker 0] jepsen.util: 0	:ok	:echo	{:type "echo_ok", :echo "Please echo 78", :msg_id 3, :in_reply_to 3}
2025-06-02 12:35:27,098{GMT}	INFO	[jepsen worker 1] jepsen.util: 1	:invoke	:echo	"Please echo 60"
2025-06-02 12:35:27,101{GMT}	INFO	[jepsen worker 1] jepsen.util: 1	:ok	:echo	{:type "echo_ok", :echo "Please echo 60", :msg_id 3, :in_reply_to 3}
2025-06-02 12:35:27,146{GMT}	INFO	[jepsen worker 1] jepsen.util: 1	:invoke	:echo	"Please echo 41"
2025-06-02 12:35:27,149{GMT}	INFO	[jepsen worker 1] jepsen.util: 1	:ok	:echo	{:type "echo_ok", :echo "Please echo 41", :msg_id 4, :in_reply_to 4}
2025-06-02 12:35:27,333{GMT}	INFO	[jepsen worker 1] jepsen.util: 1	:invoke	:echo	"Please echo 65"
2025-06-02 12:35:27,336{GMT}	INFO	[jepsen worker 1] jepsen.util: 1	:ok	:echo	{:type "echo_ok", :echo "Please echo 65", :msg_id 5, :in_reply_to 5}
2025-06-02 12:35:27,344{GMT}	INFO	[jepsen worker 4] jepsen.util: 4	:invoke	:echo	"Please echo 39"
2025-06-02 12:35:27,347{GMT}	INFO	[jepsen worker 4] jepsen.util: 4	:ok	:echo	{:type "echo_ok", :echo "Please echo 39", :msg_id 4, :in_reply_to 4}
2025-06-02 12:35:27,503{GMT}	INFO	[jepsen worker 1] jepsen.util: 1	:invoke	:echo	"Please echo 12"
2025-06-02 12:35:27,505{GMT}	INFO	[jepsen worker 1] jepsen.util: 1	:ok	:echo	{:type "echo_ok", :echo "Please echo 12", :msg_id 6, :in_reply_to 6}
2025-06-02 12:35:27,545{GMT}	INFO	[jepsen worker 0] jepsen.util: 0	:invoke	:echo	"Please echo 18"
2025-06-02 12:35:27,546{GMT}	INFO	[jepsen worker 0] jepsen.util: 0	:ok	:echo	{:type "echo_ok", :echo "Please echo 18", :msg_id 4, :in_reply_to 4}
2025-06-02 12:35:27,562{GMT}	INFO	[jepsen worker 1] jepsen.util: 1	:invoke	:echo	"Please echo 11"
2025-06-02 12:35:27,563{GMT}	INFO	[jepsen worker 1] jepsen.util: 1	:ok	:echo	{:type "echo_ok", :echo "Please echo 11", :msg_id 7, :in_reply_to 7}
2025-06-02 12:35:27,643{GMT}	INFO	[jepsen worker 4] jepsen.util: 4	:invoke	:echo	"Please echo 38"
2025-06-02 12:35:27,644{GMT}	INFO	[jepsen worker 4] jepsen.util: 4	:ok	:echo	{:type "echo_ok", :echo "Please echo 38", :msg_id 5, :in_reply_to 5}
2025-06-02 12:35:27,777{GMT}	INFO	[jepsen worker 1] jepsen.util: 1	:invoke	:echo	"Please echo 105"
2025-06-02 12:35:27,779{GMT}	INFO	[jepsen worker 1] jepsen.util: 1	:ok	:echo	{:type "echo_ok", :echo "Please echo 105", :msg_id 8, :in_reply_to 8}
2025-06-02 12:35:27,943{GMT}	INFO	[jepsen worker 4] jepsen.util: 4	:invoke	:echo	"Please echo 87"
2025-06-02 12:35:27,945{GMT}	INFO	[jepsen worker 4] jepsen.util: 4	:ok	:echo	{:type "echo_ok", :echo "Please echo 87", :msg_id 6, :in_reply_to 6}
2025-06-02 12:35:28,041{GMT}	INFO	[jepsen worker 2] jepsen.util: 2	:invoke	:echo	"Please echo 75"
2025-06-02 12:35:28,043{GMT}	INFO	[jepsen worker 2] jepsen.util: 2	:ok	:echo	{:type "echo_ok", :echo "Please echo 75", :msg_id 1, :in_reply_to 1}
2025-06-02 12:35:28,185{GMT}	INFO	[jepsen worker 4] jepsen.util: 4	:invoke	:echo	"Please echo 70"
2025-06-02 12:35:28,187{GMT}	INFO	[jepsen worker 4] jepsen.util: 4	:ok	:echo	{:type "echo_ok", :echo "Please echo 70", :msg_id 7, :in_reply_to 7}
2025-06-02 12:35:28,227{GMT}	INFO	[jepsen worker 1] jepsen.util: 1	:invoke	:echo	"Please echo 29"
2025-06-02 12:35:28,230{GMT}	INFO	[jepsen worker 1] jepsen.util: 1	:ok	:echo	{:type "echo_ok", :echo "Please echo 29", :msg_id 9, :in_reply_to 9}
2025-06-02 12:35:28,414{GMT}	INFO	[jepsen worker 4] jepsen.util: 4	:invoke	:echo	"Please echo 115"
2025-06-02 12:35:28,416{GMT}	INFO	[jepsen worker 2] jepsen.util: 2	:invoke	:echo	"Please echo 56"
2025-06-02 12:35:28,418{GMT}	INFO	[jepsen worker 4] jepsen.util: 4	:ok	:echo	{:type "echo_ok", :echo "Please echo 115", :msg_id 8, :in_reply_to 8}
2025-06-02 12:35:28,418{GMT}	INFO	[jepsen worker 2] jepsen.util: 2	:ok	:echo	{:type "echo_ok", :echo "Please echo 56", :msg_id 2, :in_reply_to 2}
2025-06-02 12:35:28,430{GMT}	INFO	[jepsen worker 3] jepsen.util: 3	:invoke	:echo	"Please echo 96"
2025-06-02 12:35:28,431{GMT}	INFO	[jepsen worker 3] jepsen.util: 3	:ok	:echo	{:type "echo_ok", :echo "Please echo 96", :msg_id 5, :in_reply_to 5}
2025-06-02 12:35:28,607{GMT}	INFO	[jepsen worker 0] jepsen.util: 0	:invoke	:echo	"Please echo 8"
2025-06-02 12:35:28,610{GMT}	INFO	[jepsen worker 0] jepsen.util: 0	:ok	:echo	{:type "echo_ok", :echo "Please echo 8", :msg_id 5, :in_reply_to 5}
2025-06-02 12:35:28,722{GMT}	INFO	[jepsen worker 4] jepsen.util: 4	:invoke	:echo	"Please echo 107"
2025-06-02 12:35:28,723{GMT}	INFO	[jepsen worker 4] jepsen.util: 4	:ok	:echo	{:type "echo_ok", :echo "Please echo 107", :msg_id 9, :in_reply_to 9}
2025-06-02 12:35:28,881{GMT}	INFO	[jepsen worker 1] jepsen.util: 1	:invoke	:echo	"Please echo 73"
2025-06-02 12:35:28,881{GMT}	INFO	[jepsen worker 4] jepsen.util: 4	:invoke	:echo	"Please echo 46"
2025-06-02 12:35:28,883{GMT}	INFO	[jepsen worker 4] jepsen.util: 4	:ok	:echo	{:type "echo_ok", :echo "Please echo 46", :msg_id 10, :in_reply_to 10}
2025-06-02 12:35:28,883{GMT}	INFO	[jepsen worker 1] jepsen.util: 1	:ok	:echo	{:type "echo_ok", :echo "Please echo 73", :msg_id 10, :in_reply_to 10}
2025-06-02 12:35:28,944{GMT}	INFO	[jepsen worker 4] jepsen.util: 4	:invoke	:echo	"Please echo 16"
2025-06-02 12:35:28,945{GMT}	INFO	[jepsen worker 4] jepsen.util: 4	:ok	:echo	{:type "echo_ok", :echo "Please echo 16", :msg_id 11, :in_reply_to 11}
2025-06-02 12:35:29,002{GMT}	INFO	[jepsen worker 0] jepsen.util: 0	:invoke	:echo	"Please echo 34"
2025-06-02 12:35:29,005{GMT}	INFO	[jepsen worker 0] jepsen.util: 0	:ok	:echo	{:type "echo_ok", :echo "Please echo 34", :msg_id 6, :in_reply_to 6}
2025-06-02 12:35:29,100{GMT}	INFO	[jepsen worker 2] jepsen.util: 2	:invoke	:echo	"Please echo 44"
2025-06-02 12:35:29,102{GMT}	INFO	[jepsen worker 2] jepsen.util: 2	:ok	:echo	{:type "echo_ok", :echo "Please echo 44", :msg_id 3, :in_reply_to 3}
2025-06-02 12:35:29,279{GMT}	INFO	[jepsen worker 3] jepsen.util: 3	:invoke	:echo	"Please echo 68"
2025-06-02 12:35:29,282{GMT}	INFO	[jepsen worker 3] jepsen.util: 3	:ok	:echo	{:type "echo_ok", :echo "Please echo 68", :msg_id 6, :in_reply_to 6}
2025-06-02 12:35:29,353{GMT}	INFO	[jepsen worker 0] jepsen.util: 0	:invoke	:echo	"Please echo 48"
2025-06-02 12:35:29,355{GMT}	INFO	[jepsen worker 0] jepsen.util: 0	:ok	:echo	{:type "echo_ok", :echo "Please echo 48", :msg_id 7, :in_reply_to 7}
2025-06-02 12:35:29,536{GMT}	INFO	[jepsen worker 3] jepsen.util: 3	:invoke	:echo	"Please echo 93"
2025-06-02 12:35:29,539{GMT}	INFO	[jepsen worker 3] jepsen.util: 3	:ok	:echo	{:type "echo_ok", :echo "Please echo 93", :msg_id 7, :in_reply_to 7}
2025-06-02 12:35:29,686{GMT}	INFO	[jepsen worker 0] jepsen.util: 0	:invoke	:echo	"Please echo 16"
2025-06-02 12:35:29,689{GMT}	INFO	[jepsen worker 0] jepsen.util: 0	:ok	:echo	{:type "echo_ok", :echo "Please echo 16", :msg_id 8, :in_reply_to 8}
2025-06-02 12:35:29,744{GMT}	INFO	[jepsen worker 1] jepsen.util: 1	:invoke	:echo	"Please echo 103"
2025-06-02 12:35:29,747{GMT}	INFO	[jepsen worker 1] jepsen.util: 1	:ok	:echo	{:type "echo_ok", :echo "Please echo 103", :msg_id 11, :in_reply_to 11}
2025-06-02 12:35:29,806{GMT}	INFO	[jepsen worker 2] jepsen.util: 2	:invoke	:echo	"Please echo 70"
2025-06-02 12:35:29,808{GMT}	INFO	[jepsen worker 2] jepsen.util: 2	:ok	:echo	{:type "echo_ok", :echo "Please echo 70", :msg_id 4, :in_reply_to 4}
2025-06-02 12:35:29,814{GMT}	INFO	[jepsen worker 1] jepsen.util: 1	:invoke	:echo	"Please echo 85"
2025-06-02 12:35:29,814{GMT}	INFO	[jepsen worker 0] jepsen.util: 0	:invoke	:echo	"Please echo 76"
2025-06-02 12:35:29,816{GMT}	INFO	[jepsen worker 1] jepsen.util: 1	:ok	:echo	{:type "echo_ok", :echo "Please echo 85", :msg_id 12, :in_reply_to 12}
2025-06-02 12:35:29,816{GMT}	INFO	[jepsen worker 0] jepsen.util: 0	:ok	:echo	{:type "echo_ok", :echo "Please echo 76", :msg_id 9, :in_reply_to 9}
2025-06-02 12:35:29,936{GMT}	INFO	[jepsen worker 2] jepsen.util: 2	:invoke	:echo	"Please echo 47"
2025-06-02 12:35:29,939{GMT}	INFO	[jepsen worker 2] jepsen.util: 2	:ok	:echo	{:type "echo_ok", :echo "Please echo 47", :msg_id 5, :in_reply_to 5}
2025-06-02 12:35:30,060{GMT}	INFO	[jepsen worker 2] jepsen.util: 2	:invoke	:echo	"Please echo 51"
2025-06-02 12:35:30,063{GMT}	INFO	[jepsen worker 2] jepsen.util: 2	:ok	:echo	{:type "echo_ok", :echo "Please echo 51", :msg_id 6, :in_reply_to 6}
2025-06-02 12:35:30,186{GMT}	INFO	[jepsen worker 1] jepsen.util: 1	:invoke	:echo	"Please echo 33"
2025-06-02 12:35:30,189{GMT}	INFO	[jepsen worker 1] jepsen.util: 1	:ok	:echo	{:type "echo_ok", :echo "Please echo 33", :msg_id 13, :in_reply_to 13}
2025-06-02 12:35:30,311{GMT}	INFO	[jepsen worker 4] jepsen.util: 4	:invoke	:echo	"Please echo 7"
2025-06-02 12:35:30,314{GMT}	INFO	[jepsen worker 4] jepsen.util: 4	:ok	:echo	{:type "echo_ok", :echo "Please echo 7", :msg_id 12, :in_reply_to 12}
2025-06-02 12:35:30,316{GMT}	INFO	[jepsen worker 3] jepsen.util: 3	:invoke	:echo	"Please echo 57"
2025-06-02 12:35:30,319{GMT}	INFO	[jepsen worker 3] jepsen.util: 3	:ok	:echo	{:type "echo_ok", :echo "Please echo 57", :msg_id 8, :in_reply_to 8}
2025-06-02 12:35:30,406{GMT}	INFO	[jepsen worker 0] jepsen.util: 0	:invoke	:echo	"Please echo 75"
2025-06-02 12:35:30,410{GMT}	INFO	[jepsen worker 0] jepsen.util: 0	:ok	:echo	{:type "echo_ok", :echo "Please echo 75", :msg_id 10, :in_reply_to 10}
2025-06-02 12:35:30,538{GMT}	INFO	[jepsen worker 0] jepsen.util: 0	:invoke	:echo	"Please echo 37"
2025-06-02 12:35:30,541{GMT}	INFO	[jepsen worker 0] jepsen.util: 0	:ok	:echo	{:type "echo_ok", :echo "Please echo 37", :msg_id 11, :in_reply_to 11}
2025-06-02 12:35:30,727{GMT}	INFO	[jepsen worker 0] jepsen.util: 0	:invoke	:echo	"Please echo 114"
2025-06-02 12:35:30,729{GMT}	INFO	[jepsen worker 0] jepsen.util: 0	:ok	:echo	{:type "echo_ok", :echo "Please echo 114", :msg_id 12, :in_reply_to 12}
2025-06-02 12:35:30,768{GMT}	INFO	[jepsen test runner] jepsen.core: Run complete, writing
2025-06-02 12:35:30,847{GMT}	INFO	[jepsen node n5] maelstrom.db: Tearing down n5
2025-06-02 12:35:30,847{GMT}	INFO	[jepsen node n3] maelstrom.db: Tearing down n3
2025-06-02 12:35:30,847{GMT}	INFO	[jepsen node n2] maelstrom.db: Tearing down n2
2025-06-02 12:35:30,847{GMT}	INFO	[jepsen node n1] maelstrom.db: Tearing down n1
2025-06-02 12:35:30,847{GMT}	INFO	[jepsen node n4] maelstrom.db: Tearing down n4
2025-06-02 12:35:32,540{GMT}	INFO	[jepsen node n1] maelstrom.net: Shutting down Maelstrom network
2025-06-02 12:35:32,541{GMT}	INFO	[jepsen test runner] jepsen.core: Analyzing...
2025-06-02 12:35:32,717{GMT}	INFO	[jepsen test runner] jepsen.core: Analysis complete
2025-06-02 12:35:32,725{GMT}	INFO	[jepsen results] jepsen.store: Wrote /Users/adr/code/maelstrom/store/echo/20250602T123515.408-0400/results.edn
2025-06-02 12:35:32,745{GMT}	INFO	[jepsen test runner] jepsen.core: {:perf {:latency-graph {:valid? true},
        :rate-graph {:valid? true},
        :valid? true},
 :timeline {:valid? true},
 :exceptions {:valid? true},
 :stats {:valid? true,
         :count 51,
         :ok-count 51,
         :fail-count 0,
         :info-count 0,
         :by-f {:echo {:valid? true,
                       :count 51,
                       :ok-count 51,
                       :fail-count 0,
                       :info-count 0}}},
 :availability {:valid? true, :ok-fraction 1.0},
 :net {:all {:send-count 112,
             :recv-count 112,
             :msg-count 112,
             :msgs-per-op 2.1960785},
       :clients {:send-count 112, :recv-count 112, :msg-count 112},
       :servers {:send-count 0,
                 :recv-count 0,
                 :msg-count 0,
                 :msgs-per-op 0.0},
       :valid? true},
 :workload {:valid? true, :errors ()},
 :valid? true}


Everything looks good! ヽ(‘ー`)ノ
