2025-06-06 11:10:45,643{GMT}	INFO	[jepsen test runner] jepsen.core: Test version 0c3c2c75dbcb573641ea386c58bda5103ab5c285 (plus uncommitted changes)
2025-06-06 11:10:45,643{GMT}	INFO	[jepsen test runner] jepsen.core: Command line:
lein run test -w broadcast --bin self/server/_build/default/bin/main.exe --time-limit 20 --rate 10
2025-06-06 11:10:45,685{GMT}	INFO	[jepsen test runner] jepsen.core: Running test:
{:args []
 :remote
 #jepsen.control.retry.Remote{:remote #jepsen.control.scp.Remote{:cmd-remote #jepsen.control.sshj.SSHJRemote{:concurrency-limit 6,
                                                                                                             :conn-spec nil,
                                                                                                             :client nil,
                                                                                                             :semaphore nil},
                                                                 :conn-spec nil},
                              :conn nil}
 :log-net-send false
 :node-count nil
 :availability nil
 :max-txn-length 4
 :concurrency 5
 :db
 #object[maelstrom.db$db$reify__16612
         "0x5a69f1ef"
         "maelstrom.db$db$reify__16612@5a69f1ef"]
 :max-writes-per-key 16
 :leave-db-running? false
 :name "broadcast"
 :logging-json? false
 :start-time
 #object[org.joda.time.DateTime "0x64001530" "2025-06-06T11:10:45.601-04:00"]
 :nemesis-interval 10
 :net
 #object[maelstrom.net$jepsen_net$reify__15721
         "0x1f9b8c23"
         "maelstrom.net$jepsen_net$reify__15721@1f9b8c23"]
 :client
 #object[maelstrom.workload.broadcast$client$reify__17142
         "0x6b297a62"
         "maelstrom.workload.broadcast$client$reify__17142@6b297a62"]
 :barrier
 #object[java.util.concurrent.CyclicBarrier
         "0x11303cb"
         "java.util.concurrent.CyclicBarrier@11303cb"]
 :log-stderr false
 :pure-generators true
 :ssh {:dummy? true}
 :rate 10.0
 :checker
 #object[jepsen.checker$compose$reify__11089
         "0x655e3f4c"
         "jepsen.checker$compose$reify__11089@655e3f4c"]
 :argv
 ("test"
  "-w"
  "broadcast"
  "--bin"
  "self/server/_build/default/bin/main.exe"
  "--time-limit"
  "20"
  "--rate"
  "10")
 :nemesis
 (jepsen.nemesis.ReflCompose
  {:fm {:start-partition 0,
        :stop-partition 0,
        :kill 1,
        :start 1,
        :pause 1,
        :resume 1},
   :nemeses [#unprintable "jepsen.nemesis.combined$partition_nemesis$reify__16905@26e74d50"
             #unprintable "jepsen.nemesis.combined$db_nemesis$reify__16886@6bdc984"]})
 :nodes ["n1" "n2" "n3" "n4" "n5"]
 :test-count 1
 :latency {:mean 0, :dist :constant}
 :bin "self/server/_build/default/bin/main.exe"
 :generator
 #object[jepsen.util.Forgettable
         "0x4c18b432"
         ((jepsen.generator.Synchronize
           {:gen (jepsen.generator.TimeLimit
                  {:limit 20000000000,
                   :cutoff nil,
                   :gen (jepsen.generator.Any
                         {:gens [(jepsen.generator.OnThreads
                                  {:f #{:nemesis},
                                   :context-filter #object[jepsen.generator.context$make_thread_filter$lazy_filter__12077
                                                           "0x2092b072"
                                                           "jepsen.generator.context$make_thread_filter$lazy_filter__12077@2092b072"],
                                   :gen nil})
                                 (jepsen.generator.OnThreads
                                  {:f #jepsen.generator.context.AllBut{:element :nemesis},
                                   :context-filter #object[jepsen.generator.context$make_thread_filter$lazy_filter__12077
                                                           "0x504521ae"
                                                           "jepsen.generator.context$make_thread_filter$lazy_filter__12077@504521ae"],
                                   :gen (jepsen.generator.Stagger
                                         {:dt 200000000,
                                          :next-time nil,
                                          :gen (jepsen.generator.Mix
                                                {:i 0,
                                                 :gens [({:f :broadcast,
                                                          :value 0}
                                                         {:f :broadcast,
                                                          :value 1}
                                                         {:f :broadcast,
                                                          :value 2}
                                                         {:f :broadcast,
                                                          :value 3}
                                                         {:f :broadcast,
                                                          :value 4}
                                                         {:f :broadcast,
                                                          :value 5}
                                                         {:f :broadcast,
                                                          :value 6}
                                                         {:f :broadcast,
                                                          :value 7}
                                                         ...)
                                                        ({:f :read}
                                                         {:f :read}
                                                         {:f :read}
                                                         {:f :read}
                                                         {:f :read}
                                                         {:f :read}
                                                         {:f :read}
                                                         {:f :read}
                                                         ...)]})})})]})})})
          (jepsen.generator.Synchronize
           {:gen (jepsen.generator.OnThreads
                  {:f #{:nemesis},
                   :context-filter #object[jepsen.generator.context$make_thread_filter$lazy_filter__12077
                                           "0x6f8af186"
                                           "jepsen.generator.context$make_thread_filter$lazy_filter__12077@6f8af186"],
                   :gen ()})})
          (jepsen.generator.Synchronize
           {:gen {:type :log, :value "Waiting for recovery..."}})
          (jepsen.generator.Synchronize {:gen {:type :sleep, :value 10}})
          (jepsen.generator.Synchronize
           {:gen (jepsen.generator.OnThreads
                  {:f #jepsen.generator.context.AllBut{:element :nemesis},
                   :context-filter #object[jepsen.generator.context$make_thread_filter$lazy_filter__12077
                                           "0x5aaecd25"
                                           "jepsen.generator.context$make_thread_filter$lazy_filter__12077@5aaecd25"],
                   :gen (jepsen.generator.EachThread
                         {:fresh-gen {:f :read, :final? true},
                          :context-filters #object[clojure.core$promise$reify__8621
                                                   "0x239fdf8f"
                                                   {:status :pending, :val nil}],
                          :gens {}})})}))]
 :log-net-recv false
 :os
 #object[maelstrom.net$jepsen_os$reify__15724
         "0x1acd660d"
         "maelstrom.net$jepsen_os$reify__15724@1acd660d"]
 :time-limit 20
 :workload :broadcast
 :consistency-models [:strict-serializable]
 :topology :grid}

2025-06-06 11:10:46,811{GMT}	INFO	[jepsen node n1] maelstrom.net: Starting Maelstrom network
2025-06-06 11:10:46,812{GMT}	INFO	[jepsen test runner] jepsen.db: Tearing down DB
2025-06-06 11:10:46,813{GMT}	INFO	[jepsen test runner] jepsen.db: Setting up DB
2025-06-06 11:10:46,813{GMT}	INFO	[jepsen node n4] maelstrom.db: Setting up n4
2025-06-06 11:10:46,813{GMT}	INFO	[jepsen node n5] maelstrom.db: Setting up n5
2025-06-06 11:10:46,813{GMT}	INFO	[jepsen node n3] maelstrom.db: Setting up n3
2025-06-06 11:10:46,813{GMT}	INFO	[jepsen node n2] maelstrom.db: Setting up n2
2025-06-06 11:10:46,813{GMT}	INFO	[jepsen node n5] maelstrom.process: launching self/server/_build/default/bin/main.exe []
2025-06-06 11:10:46,813{GMT}	INFO	[jepsen node n2] maelstrom.process: launching self/server/_build/default/bin/main.exe []
2025-06-06 11:10:46,813{GMT}	INFO	[jepsen node n4] maelstrom.process: launching self/server/_build/default/bin/main.exe []
2025-06-06 11:10:46,813{GMT}	INFO	[jepsen node n3] maelstrom.process: launching self/server/_build/default/bin/main.exe []
2025-06-06 11:10:46,814{GMT}	INFO	[jepsen node n1] maelstrom.service: Starting services: (lin-kv lin-tso lww-kv seq-kv)
2025-06-06 11:10:46,815{GMT}	INFO	[jepsen node n1] maelstrom.db: Setting up n1
2025-06-06 11:10:46,815{GMT}	INFO	[jepsen node n1] maelstrom.process: launching self/server/_build/default/bin/main.exe []
2025-06-06 11:10:56,503{GMT}	INFO	[jepsen test runner] jepsen.core: Relative time begins now
2025-06-06 11:10:56,526{GMT}	INFO	[jepsen worker 0] jepsen.util: 0	:invoke	:broadcast	0
2025-06-06 11:10:56,580{GMT}	INFO	[jepsen worker 1] jepsen.util: 1	:invoke	:read	nil
2025-06-06 11:10:56,582{GMT}	INFO	[jepsen worker 1] jepsen.util: 1	:ok	:read	[]
2025-06-06 11:10:56,666{GMT}	INFO	[jepsen worker 2] jepsen.util: 2	:invoke	:read	nil
2025-06-06 11:10:56,667{GMT}	INFO	[jepsen worker 2] jepsen.util: 2	:ok	:read	[]
2025-06-06 11:10:56,696{GMT}	INFO	[jepsen worker 3] jepsen.util: 3	:invoke	:broadcast	1
2025-06-06 11:10:56,860{GMT}	INFO	[jepsen worker 4] jepsen.util: 4	:invoke	:read	nil
2025-06-06 11:10:56,862{GMT}	INFO	[jepsen worker 1] jepsen.util: 1	:invoke	:read	nil
2025-06-06 11:10:56,864{GMT}	INFO	[jepsen worker 4] jepsen.util: 4	:ok	:read	[]
2025-06-06 11:10:56,867{GMT}	INFO	[jepsen worker 1] jepsen.util: 1	:ok	:read	[]
2025-06-06 11:10:56,969{GMT}	INFO	[jepsen worker 1] jepsen.util: 1	:invoke	:broadcast	2
2025-06-06 11:10:57,129{GMT}	INFO	[jepsen worker 2] jepsen.util: 2	:invoke	:read	nil
2025-06-06 11:10:57,135{GMT}	INFO	[jepsen worker 2] jepsen.util: 2	:ok	:read	[]
2025-06-06 11:10:57,199{GMT}	INFO	[jepsen worker 2] jepsen.util: 2	:invoke	:broadcast	3
2025-06-06 11:10:57,247{GMT}	INFO	[jepsen worker 4] jepsen.util: 4	:invoke	:read	nil
2025-06-06 11:10:57,248{GMT}	INFO	[jepsen worker 4] jepsen.util: 4	:ok	:read	[]
2025-06-06 11:10:57,300{GMT}	INFO	[jepsen worker 4] jepsen.util: 4	:invoke	:read	nil
2025-06-06 11:10:57,303{GMT}	INFO	[jepsen worker 4] jepsen.util: 4	:ok	:read	[]
2025-06-06 11:10:57,487{GMT}	INFO	[jepsen worker 4] jepsen.util: 4	:invoke	:read	nil
2025-06-06 11:10:57,492{GMT}	INFO	[jepsen worker 4] jepsen.util: 4	:ok	:read	[]
2025-06-06 11:10:57,624{GMT}	INFO	[jepsen worker 4] jepsen.util: 4	:invoke	:broadcast	4
2025-06-06 11:11:01,538{GMT}	INFO	[jepsen worker 0] jepsen.util: 0	:info	:broadcast	0	:net-timeout
2025-06-06 11:11:01,540{GMT}	INFO	[jepsen worker 0] jepsen.util: 5	:invoke	:broadcast	5
2025-06-06 11:11:01,702{GMT}	INFO	[jepsen worker 3] jepsen.util: 3	:info	:broadcast	1	:net-timeout
2025-06-06 11:11:01,702{GMT}	INFO	[jepsen worker 3] jepsen.util: 8	:invoke	:broadcast	6
2025-06-06 11:11:01,974{GMT}	INFO	[jepsen worker 1] jepsen.util: 1	:info	:broadcast	2	:net-timeout
2025-06-06 11:11:01,975{GMT}	INFO	[jepsen worker 1] jepsen.util: 6	:invoke	:broadcast	7
2025-06-06 11:11:02,204{GMT}	INFO	[jepsen worker 2] jepsen.util: 2	:info	:broadcast	3	:net-timeout
2025-06-06 11:11:02,204{GMT}	INFO	[jepsen worker 2] jepsen.util: 7	:invoke	:read	nil
2025-06-06 11:11:02,207{GMT}	INFO	[jepsen worker 2] jepsen.util: 7	:ok	:read	["3"]
2025-06-06 11:11:02,244{GMT}	INFO	[jepsen worker 2] jepsen.util: 7	:invoke	:read	nil
2025-06-06 11:11:02,247{GMT}	INFO	[jepsen worker 2] jepsen.util: 7	:ok	:read	["3"]
2025-06-06 11:11:02,255{GMT}	INFO	[jepsen worker 2] jepsen.util: 7	:invoke	:read	nil
2025-06-06 11:11:02,256{GMT}	INFO	[jepsen worker 2] jepsen.util: 7	:ok	:read	["3"]
2025-06-06 11:11:02,337{GMT}	INFO	[jepsen worker 2] jepsen.util: 7	:invoke	:broadcast	8
2025-06-06 11:11:02,624{GMT}	INFO	[jepsen worker 4] jepsen.util: 4	:info	:broadcast	4	:net-timeout
2025-06-06 11:11:02,624{GMT}	INFO	[jepsen worker 4] jepsen.util: 9	:invoke	:broadcast	9
2025-06-06 11:11:06,546{GMT}	INFO	[jepsen worker 0] jepsen.util: 5	:info	:broadcast	5	:net-timeout
2025-06-06 11:11:06,546{GMT}	INFO	[jepsen worker 0] jepsen.util: 10	:invoke	:read	nil
2025-06-06 11:11:06,548{GMT}	INFO	[jepsen worker 0] jepsen.util: 10	:ok	:read	["0" "5"]
2025-06-06 11:11:06,604{GMT}	INFO	[jepsen worker 0] jepsen.util: 10	:invoke	:broadcast	10
2025-06-06 11:11:06,709{GMT}	INFO	[jepsen worker 3] jepsen.util: 8	:info	:broadcast	6	:net-timeout
2025-06-06 11:11:06,709{GMT}	INFO	[jepsen worker 3] jepsen.util: 13	:invoke	:broadcast	11
2025-06-06 11:11:06,984{GMT}	INFO	[jepsen worker 1] jepsen.util: 6	:info	:broadcast	7	:net-timeout
2025-06-06 11:11:06,984{GMT}	INFO	[jepsen worker 1] jepsen.util: 11	:invoke	:broadcast	12
2025-06-06 11:11:07,345{GMT}	INFO	[jepsen worker 2] jepsen.util: 7	:info	:broadcast	8	:net-timeout
2025-06-06 11:11:07,345{GMT}	INFO	[jepsen worker 2] jepsen.util: 12	:invoke	:broadcast	13
2025-06-06 11:11:07,624{GMT}	INFO	[jepsen worker 4] jepsen.util: 9	:info	:broadcast	9	:net-timeout
2025-06-06 11:11:07,624{GMT}	INFO	[jepsen worker 4] jepsen.util: 14	:invoke	:read	nil
2025-06-06 11:11:07,627{GMT}	INFO	[jepsen worker 4] jepsen.util: 14	:ok	:read	["4" "9"]
2025-06-06 11:11:07,650{GMT}	INFO	[jepsen worker 4] jepsen.util: 14	:invoke	:broadcast	14
2025-06-06 11:11:11,609{GMT}	INFO	[jepsen worker 0] jepsen.util: 10	:info	:broadcast	10	:net-timeout
2025-06-06 11:11:11,609{GMT}	INFO	[jepsen worker 0] jepsen.util: 15	:invoke	:broadcast	15
2025-06-06 11:11:11,714{GMT}	INFO	[jepsen worker 3] jepsen.util: 13	:info	:broadcast	11	:net-timeout
2025-06-06 11:11:11,805{GMT}	INFO	[jepsen worker 3] jepsen.util: 18	:invoke	:broadcast	16
2025-06-06 11:11:11,986{GMT}	INFO	[jepsen worker 1] jepsen.util: 11	:info	:broadcast	12	:net-timeout
2025-06-06 11:11:11,986{GMT}	INFO	[jepsen worker 1] jepsen.util: 16	:invoke	:read	nil
2025-06-06 11:11:11,989{GMT}	INFO	[jepsen worker 1] jepsen.util: 16	:ok	:read	["12" "2" "7"]
2025-06-06 11:11:12,114{GMT}	INFO	[jepsen worker 1] jepsen.util: 16	:invoke	:broadcast	17
2025-06-06 11:11:12,352{GMT}	INFO	[jepsen worker 2] jepsen.util: 12	:info	:broadcast	13	:net-timeout
2025-06-06 11:11:12,353{GMT}	INFO	[jepsen worker 2] jepsen.util: 17	:invoke	:broadcast	18
2025-06-06 11:11:12,655{GMT}	INFO	[jepsen worker 4] jepsen.util: 14	:info	:broadcast	14	:net-timeout
2025-06-06 11:11:12,655{GMT}	INFO	[jepsen worker 4] jepsen.util: 19	:invoke	:broadcast	19
2025-06-06 11:11:16,615{GMT}	INFO	[jepsen worker 0] jepsen.util: 15	:info	:broadcast	15	:net-timeout
2025-06-06 11:11:16,811{GMT}	INFO	[jepsen worker 3] jepsen.util: 18	:info	:broadcast	16	:net-timeout
2025-06-06 11:11:17,120{GMT}	INFO	[jepsen worker 1] jepsen.util: 16	:info	:broadcast	17	:net-timeout
2025-06-06 11:11:17,355{GMT}	INFO	[jepsen worker 2] jepsen.util: 17	:info	:broadcast	18	:net-timeout
2025-06-06 11:11:17,655{GMT}	INFO	[jepsen worker 4] jepsen.util: 19	:info	:broadcast	19	:net-timeout
2025-06-06 11:11:17,655{GMT}	INFO	[jepsen worker 4] jepsen.generator.interpreter: Waiting for recovery...
2025-06-06 11:11:27,667{GMT}	INFO	[jepsen worker 3] jepsen.util: 23	:invoke	:read	nil
2025-06-06 11:11:27,667{GMT}	INFO	[jepsen worker 2] jepsen.util: 22	:invoke	:read	nil
2025-06-06 11:11:27,668{GMT}	INFO	[jepsen worker 0] jepsen.util: 20	:invoke	:read	nil
2025-06-06 11:11:27,667{GMT}	INFO	[jepsen worker 4] jepsen.util: 24	:invoke	:read	nil
2025-06-06 11:11:27,667{GMT}	INFO	[jepsen worker 1] jepsen.util: 21	:invoke	:read	nil
2025-06-06 11:11:27,671{GMT}	INFO	[jepsen worker 0] jepsen.util: 20	:ok	:read	["0" "10" "15" "5"]
2025-06-06 11:11:27,671{GMT}	INFO	[jepsen worker 1] jepsen.util: 21	:ok	:read	["12" "17" "2" "7"]
2025-06-06 11:11:27,672{GMT}	INFO	[jepsen worker 2] jepsen.util: 22	:ok	:read	["13" "18" "3" "8"]
2025-06-06 11:11:27,672{GMT}	INFO	[jepsen worker 4] jepsen.util: 24	:ok	:read	["14" "19" "4" "9"]
2025-06-06 11:11:27,672{GMT}	INFO	[jepsen worker 3] jepsen.util: 23	:ok	:read	["1" "11" "16" "6"]
2025-06-06 11:11:27,687{GMT}	INFO	[jepsen test runner] jepsen.core: Run complete, writing
2025-06-06 11:11:27,727{GMT}	INFO	[jepsen node n4] maelstrom.db: Tearing down n4
2025-06-06 11:11:27,728{GMT}	INFO	[jepsen node n2] maelstrom.db: Tearing down n2
2025-06-06 11:11:27,728{GMT}	INFO	[jepsen node n3] maelstrom.db: Tearing down n3
2025-06-06 11:11:27,728{GMT}	INFO	[jepsen node n1] maelstrom.db: Tearing down n1
2025-06-06 11:11:27,728{GMT}	INFO	[jepsen node n5] maelstrom.db: Tearing down n5
2025-06-06 11:11:28,974{GMT}	INFO	[jepsen node n1] maelstrom.net: Shutting down Maelstrom network
2025-06-06 11:11:28,979{GMT}	INFO	[jepsen test runner] jepsen.core: Analyzing...
2025-06-06 11:11:29,137{GMT}	INFO	[jepsen test runner] jepsen.core: Analysis complete
2025-06-06 11:11:29,154{GMT}	INFO	[jepsen results] jepsen.store: Wrote /Users/adr/code/maelstrom/store/broadcast/20250606T111045.601-0400/results.edn
2025-06-06 11:11:29,184{GMT}	INFO	[jepsen test runner] jepsen.core: {:perf {:latency-graph {:valid? true},
        :rate-graph {:valid? true},
        :valid? true},
 :timeline {:valid? true},
 :exceptions {:valid? true},
 :stats {:valid? false,
         :count 39,
         :ok-count 19,
         :fail-count 0,
         :info-count 20,
         :by-f {:broadcast {:valid? false,
                            :count 20,
                            :ok-count 0,
                            :fail-count 0,
                            :info-count 20},
                :read {:valid? true,
                       :count 19,
                       :ok-count 19,
                       :fail-count 0,
                       :info-count 0}}},
 :availability {:valid? true, :ok-fraction 0.4871795},
 :net {:all {:send-count 78,
             :recv-count 78,
             :msg-count 78,
             :msgs-per-op 2.0},
       :clients {:send-count 78, :recv-count 78, :msg-count 78},
       :servers {:send-count 0,
                 :recv-count 0,
                 :msg-count 0,
                 :msgs-per-op 0.0},
       :valid? true},
 :workload {:worst-stale (),
            :duplicated-count 0,
            :valid? :unknown,
            :lost-count 0,
            :lost (),
            :stable-count 0,
            :stale-count 0,
            :stale (),
            :never-read-count 20,
            :attempt-count 20,
            :never-read (0
                         1
                         2
                         3
                         4
                         5
                         6
                         7
                         8
                         9
                         10
                         11
                         12
                         13
                         14
                         15
                         16
                         17
                         18
                         19),
            :duplicated {}},
 :valid? false}


Analysis invalid! (ﾉಥ益ಥ）ﾉ ┻━┻
