[RECEIVED] {"id":0,"src":"c0","dest":"n1","body":{"type":"init","node_id":"n1","node_ids":["n1","n2","n3","n4","n5"],"msg_id":1}}
[MATCH INIT]
[INIT] {"src":"n1","dest":"c0","body":{"type":"init_ok","in_reply_to":1,"msg_id":0}}
[RECEIVED] {"id":12,"src":"c6","dest":"n1","body":{"type":"topology","topology":{"n1":["n4","n2"],"n2":["n5","n3","n1"],"n3":["n2"],"n4":["n1","n5"],"n5":["n2","n4"]},"msg_id":1}}
[MATCH TOPOLOGY]
[TOPOLOGY] {"src":"n1","dest":"c6","body":{"type":"topology_ok","in_reply_to":1,"msg_id":1}}
[RECEIVED] {"id":20,"src":"c10","dest":"n1","body":{"type":"read","msg_id":1}}
[MATCH READ]
[READ] {"src":"n1","dest":"c10","body":{"type":"read_ok","messages":[],"in_reply_to":1,"msg_id":2}}
[RECEIVED] {"id":25,"src":"n2","dest":"n1","body":{"type":"broadcast","message":"0","msg_id":null}}
[MATCH BROADCAST]
[BROADCAST REQUEST: n1 -> n4] {"id":0,"src":"n1","dest":"n4","body":{"type":"broadcast","message":"0","msg_id":null}}
[BROADCAST REQUEST: n1 -> n2] {"id":0,"src":"n1","dest":"n2","body":{"type":"broadcast","message":"0","msg_id":null}}
[RECEIVED] {"id":32,"src":"n4","dest":"n1","body":{"type":"broadcast","message":"0","msg_id":null}}
[MATCH BROADCAST]
[RECEIVED] {"id":37,"src":"n4","dest":"n1","body":{"type":"broadcast","message":"1","msg_id":null}}
[MATCH BROADCAST]
[BROADCAST REQUEST: n1 -> n4] {"id":0,"src":"n1","dest":"n4","body":{"type":"broadcast","message":"1","msg_id":null}}
[BROADCAST REQUEST: n1 -> n2] {"id":0,"src":"n1","dest":"n2","body":{"type":"broadcast","message":"1","msg_id":null}}
[RECEIVED] {"id":46,"src":"n2","dest":"n1","body":{"type":"broadcast","message":"1","msg_id":null}}
[MATCH BROADCAST]
[RECEIVED] {"id":54,"src":"n4","dest":"n1","body":{"type":"broadcast","message":"2","msg_id":null}}
[RECEIVED] {"id":55,"src":"n2","dest":"n1","body":{"type":"broadcast","message":"2","msg_id":null}}
[MATCH BROADCAST]
[MATCH BROADCAST]
[BROADCAST REQUEST: n1 -> n4] {"id":0,"src":"n1","dest":"n4","body":{"type":"broadcast","message":"2","msg_id":null}}
[BROADCAST REQUEST: n1 -> n2] {"id":0,"src":"n1","dest":"n2","body":{"type":"broadcast","message":"2","msg_id":null}}
[RECEIVED] {"id":60,"src":"c10","dest":"n1","body":{"type":"broadcast","message":3,"msg_id":2}}
[MATCH BROADCAST]
[BROADCAST REQUEST: n1 -> n4] {"id":0,"src":"n1","dest":"n4","body":{"type":"broadcast","message":"3","msg_id":null}}
[BROADCAST REQUEST: n1 -> n2] {"id":0,"src":"n1","dest":"n2","body":{"type":"broadcast","message":"3","msg_id":null}}
[BROADCAST] {"src":"n1","dest":"c10","body":{"type":"broadcast_ok","in_reply_to":2,"msg_id":9}}
[RECEIVED] {"id":64,"src":"n4","dest":"n1","body":{"type":"broadcast","message":"3","msg_id":null}}
[MATCH BROADCAST]
[RECEIVED] {"id":68,"src":"n2","dest":"n1","body":{"type":"broadcast","message":"3","msg_id":null}}
[MATCH BROADCAST]
[RECEIVED] {"id":72,"src":"c10","dest":"n1","body":{"type":"broadcast","message":4,"msg_id":3}}
[MATCH BROADCAST]
[BROADCAST REQUEST: n1 -> n4] {"id":0,"src":"n1","dest":"n4","body":{"type":"broadcast","message":"4","msg_id":null}}
[BROADCAST REQUEST: n1 -> n2] {"id":0,"src":"n1","dest":"n2","body":{"type":"broadcast","message":"4","msg_id":null}}
[BROADCAST] {"src":"n1","dest":"c10","body":{"type":"broadcast_ok","in_reply_to":3,"msg_id":12}}
[RECEIVED] {"id":76,"src":"n4","dest":"n1","body":{"type":"broadcast","message":"4","msg_id":null}}
[MATCH BROADCAST]
[RECEIVED] {"id":80,"src":"n2","dest":"n1","body":{"type":"broadcast","message":"4","msg_id":null}}
[MATCH BROADCAST]
[RECEIVED] {"id":87,"src":"n2","dest":"n1","body":{"type":"broadcast","message":"5","msg_id":null}}
[MATCH BROADCAST]
[BROADCAST REQUEST: n1 -> n4] {"id":0,"src":"n1","dest":"n4","body":{"type":"broadcast","message":"5","msg_id":null}}
[BROADCAST REQUEST: n1 -> n2] {"id":0,"src":"n1","dest":"n2","body":{"type":"broadcast","message":"5","msg_id":null}}
[RECEIVED] {"id":94,"src":"n4","dest":"n1","body":{"type":"broadcast","message":"5","msg_id":null}}
[MATCH BROADCAST]
[RECEIVED] {"id":101,"src":"n2","dest":"n1","body":{"type":"broadcast","message":"6","msg_id":null}}
[MATCH BROADCAST]
[BROADCAST REQUEST: n1 -> n4] {"id":0,"src":"n1","dest":"n4","body":{"type":"broadcast","message":"6","msg_id":null}}
[BROADCAST REQUEST: n1 -> n2] {"id":0,"src":"n1","dest":"n2","body":{"type":"broadcast","message":"6","msg_id":null}}
[RECEIVED] {"id":106,"src":"n4","dest":"n1","body":{"type":"broadcast","message":"6","msg_id":null}}
[MATCH BROADCAST]
[RECEIVED] {"id":109,"src":"n4","dest":"n1","body":{"type":"broadcast","message":"7","msg_id":null}}
[MATCH BROADCAST]
[BROADCAST REQUEST: n1 -> n4] {"id":0,"src":"n1","dest":"n4","body":{"type":"broadcast","message":"7","msg_id":null}}
[BROADCAST REQUEST: n1 -> n2] {"id":0,"src":"n1","dest":"n2","body":{"type":"broadcast","message":"7","msg_id":null}}
[RECEIVED] {"id":118,"src":"n2","dest":"n1","body":{"type":"broadcast","message":"7","msg_id":null}}
[MATCH BROADCAST]
[RECEIVED] {"id":125,"src":"n4","dest":"n1","body":{"type":"broadcast","message":"8","msg_id":null}}
[RECEIVED] {"id":127,"src":"n2","dest":"n1","body":{"type":"broadcast","message":"8","msg_id":null}}
[MATCH BROADCAST]
[MATCH BROADCAST]
[BROADCAST REQUEST: n1 -> n4] {"id":0,"src":"n1","dest":"n4","body":{"type":"broadcast","message":"8","msg_id":null}}
[BROADCAST REQUEST: n1 -> n2] {"id":0,"src":"n1","dest":"n2","body":{"type":"broadcast","message":"8","msg_id":null}}
[RECEIVED] {"id":132,"src":"c10","dest":"n1","body":{"type":"read","msg_id":4}}
[MATCH READ]
[READ] {"src":"n1","dest":"c10","body":{"type":"read_ok","messages":["0","1","2","3","4","5","6","7","8"],"in_reply_to":4,"msg_id":23}}
[RECEIVED] {"id":134,"src":"c10","dest":"n1","body":{"type":"broadcast","message":9,"msg_id":5}}
[MATCH BROADCAST]
[BROADCAST REQUEST: n1 -> n4] {"id":0,"src":"n1","dest":"n4","body":{"type":"broadcast","message":"9","msg_id":null}}
[BROADCAST REQUEST: n1 -> n2] {"id":0,"src":"n1","dest":"n2","body":{"type":"broadcast","message":"9","msg_id":null}}
[BROADCAST] {"src":"n1","dest":"c10","body":{"type":"broadcast_ok","in_reply_to":5,"msg_id":24}}
[RECEIVED] {"id":138,"src":"n4","dest":"n1","body":{"type":"broadcast","message":"9","msg_id":null}}
[MATCH BROADCAST]
[RECEIVED] {"id":142,"src":"n2","dest":"n1","body":{"type":"broadcast","message":"9","msg_id":null}}
[MATCH BROADCAST]
[RECEIVED] {"id":149,"src":"n2","dest":"n1","body":{"type":"broadcast","message":"10","msg_id":null}}
[MATCH BROADCAST]
[BROADCAST REQUEST: n1 -> n4] {"id":0,"src":"n1","dest":"n4","body":{"type":"broadcast","message":"10","msg_id":null}}
[BROADCAST REQUEST: n1 -> n2] {"id":0,"src":"n1","dest":"n2","body":{"type":"broadcast","message":"10","msg_id":null}}
[RECEIVED] {"id":156,"src":"n4","dest":"n1","body":{"type":"broadcast","message":"10","msg_id":null}}
[MATCH BROADCAST]
[RECEIVED] {"id":161,"src":"n4","dest":"n1","body":{"type":"broadcast","message":"11","msg_id":null}}
[MATCH BROADCAST]
[BROADCAST REQUEST: n1 -> n4] {"id":0,"src":"n1","dest":"n4","body":{"type":"broadcast","message":"11","msg_id":null}}
[BROADCAST REQUEST: n1 -> n2] {"id":0,"src":"n1","dest":"n2","body":{"type":"broadcast","message":"11","msg_id":null}}
[RECEIVED] {"id":170,"src":"n2","dest":"n1","body":{"type":"broadcast","message":"11","msg_id":null}}
[MATCH BROADCAST]
[RECEIVED] {"id":177,"src":"n4","dest":"n1","body":{"type":"broadcast","message":"12","msg_id":null}}
[MATCH BROADCAST]
[RECEIVED] {"id":180,"src":"n2","dest":"n1","body":{"type":"broadcast","message":"12","msg_id":null}}
[BROADCAST REQUEST: n1 -> n4] {"id":0,"src":"n1","dest":"n4","body":{"type":"broadcast","message":"12","msg_id":null}}
[MATCH BROADCAST]
[BROADCAST REQUEST: n1 -> n2] {"id":0,"src":"n1","dest":"n2","body":{"type":"broadcast","message":"12","msg_id":null}}
[RECEIVED] {"id":184,"src":"c10","dest":"n1","body":{"type":"broadcast","message":13,"msg_id":6}}
[MATCH BROADCAST]
[BROADCAST REQUEST: n1 -> n4] {"id":0,"src":"n1","dest":"n4","body":{"type":"broadcast","message":"13","msg_id":null}}
[BROADCAST REQUEST: n1 -> n2] {"id":0,"src":"n1","dest":"n2","body":{"type":"broadcast","message":"13","msg_id":null}}
[BROADCAST] {"src":"n1","dest":"c10","body":{"type":"broadcast_ok","in_reply_to":6,"msg_id":33}}
[RECEIVED] {"id":190,"src":"n4","dest":"n1","body":{"type":"broadcast","message":"13","msg_id":null}}
[MATCH BROADCAST]
[RECEIVED] {"id":194,"src":"n2","dest":"n1","body":{"type":"broadcast","message":"13","msg_id":null}}
[MATCH BROADCAST]
[RECEIVED] {"id":205,"src":"n2","dest":"n1","body":{"type":"broadcast","message":"14","msg_id":null}}
[MATCH BROADCAST]
[BROADCAST REQUEST: n1 -> n4] {"id":0,"src":"n1","dest":"n4","body":{"type":"broadcast","message":"14","msg_id":null}}
[BROADCAST REQUEST: n1 -> n2] {"id":0,"src":"n1","dest":"n2","body":{"type":"broadcast","message":"14","msg_id":null}}
[RECEIVED] {"id":210,"src":"n4","dest":"n1","body":{"type":"broadcast","message":"14","msg_id":null}}
[MATCH BROADCAST]
[RECEIVED] {"id":220,"src":"n4","dest":"n1","body":{"type":"broadcast","message":"15","msg_id":null}}
[RECEIVED] {"id":221,"src":"n2","dest":"n1","body":{"type":"broadcast","message":"15","msg_id":null}}
[MATCH BROADCAST]
[MATCH BROADCAST]
[BROADCAST REQUEST: n1 -> n4] {"id":0,"src":"n1","dest":"n4","body":{"type":"broadcast","message":"15","msg_id":null}}
[BROADCAST REQUEST: n1 -> n2] {"id":0,"src":"n1","dest":"n2","body":{"type":"broadcast","message":"15","msg_id":null}}
[RECEIVED] {"id":226,"src":"c10","dest":"n1","body":{"type":"read","msg_id":7}}
[MATCH READ]
[READ] {"src":"n1","dest":"c10","body":{"type":"read_ok","messages":["0","1","10","11","12","13","14","15","2","3","4","5","6","7","8","9"],"in_reply_to":7,"msg_id":40}}
[RECEIVED] {"id":228,"src":"c10","dest":"n1","body":{"type":"broadcast","message":16,"msg_id":8}}
[MATCH BROADCAST]
[BROADCAST REQUEST: n1 -> n4] {"id":0,"src":"n1","dest":"n4","body":{"type":"broadcast","message":"16","msg_id":null}}
[BROADCAST REQUEST: n1 -> n2] {"id":0,"src":"n1","dest":"n2","body":{"type":"broadcast","message":"16","msg_id":null}}
[BROADCAST] {"src":"n1","dest":"c10","body":{"type":"broadcast_ok","in_reply_to":8,"msg_id":41}}
[RECEIVED] {"id":232,"src":"n4","dest":"n1","body":{"type":"broadcast","message":"16","msg_id":null}}
[MATCH BROADCAST]
[RECEIVED] {"id":236,"src":"n2","dest":"n1","body":{"type":"broadcast","message":"16","msg_id":null}}
[MATCH BROADCAST]
[RECEIVED] {"id":247,"src":"n2","dest":"n1","body":{"type":"broadcast","message":"17","msg_id":null}}
[MATCH BROADCAST]
[BROADCAST REQUEST: n1 -> n4] {"id":0,"src":"n1","dest":"n4","body":{"type":"broadcast","message":"17","msg_id":null}}
[BROADCAST REQUEST: n1 -> n2] {"id":0,"src":"n1","dest":"n2","body":{"type":"broadcast","message":"17","msg_id":null}}
[RECEIVED] {"id":252,"src":"n4","dest":"n1","body":{"type":"broadcast","message":"17","msg_id":null}}
[MATCH BROADCAST]
[RECEIVED] {"id":255,"src":"n4","dest":"n1","body":{"type":"broadcast","message":"18","msg_id":null}}
[MATCH BROADCAST]
[BROADCAST REQUEST: n1 -> n4] {"id":0,"src":"n1","dest":"n4","body":{"type":"broadcast","message":"18","msg_id":null}}
[BROADCAST REQUEST: n1 -> n2] {"id":0,"src":"n1","dest":"n2","body":{"type":"broadcast","message":"18","msg_id":null}}
[RECEIVED] {"id":265,"src":"n2","dest":"n1","body":{"type":"broadcast","message":"18","msg_id":null}}
[MATCH BROADCAST]
[RECEIVED] {"id":271,"src":"n4","dest":"n1","body":{"type":"broadcast","message":"19","msg_id":null}}
[MATCH BROADCAST]
[BROADCAST REQUEST: n1 -> n4] {"id":0,"src":"n1","dest":"n4","body":{"type":"broadcast","message":"19","msg_id":null}}
[RECEIVED] {"id":274,"src":"n2","dest":"n1","body":{"type":"broadcast","message":"19","msg_id":null}}
[MATCH BROADCAST]
[BROADCAST REQUEST: n1 -> n2] {"id":0,"src":"n1","dest":"n2","body":{"type":"broadcast","message":"19","msg_id":null}}
[RECEIVED] {"id":278,"src":"c10","dest":"n1","body":{"type":"broadcast","message":20,"msg_id":9}}
[MATCH BROADCAST]
[BROADCAST REQUEST: n1 -> n4] {"id":0,"src":"n1","dest":"n4","body":{"type":"broadcast","message":"20","msg_id":null}}
[BROADCAST REQUEST: n1 -> n2] {"id":0,"src":"n1","dest":"n2","body":{"type":"broadcast","message":"20","msg_id":null}}
[BROADCAST] {"src":"n1","dest":"c10","body":{"type":"broadcast_ok","in_reply_to":9,"msg_id":50}}
[RECEIVED] {"id":282,"src":"n4","dest":"n1","body":{"type":"broadcast","message":"20","msg_id":null}}
[MATCH BROADCAST]
[RECEIVED] {"id":286,"src":"n2","dest":"n1","body":{"type":"broadcast","message":"20","msg_id":null}}
[MATCH BROADCAST]
[RECEIVED] {"id":290,"src":"c10","dest":"n1","body":{"type":"broadcast","message":21,"msg_id":10}}
[MATCH BROADCAST]
[BROADCAST REQUEST: n1 -> n4] {"id":0,"src":"n1","dest":"n4","body":{"type":"broadcast","message":"21","msg_id":null}}
[BROADCAST REQUEST: n1 -> n2] {"id":0,"src":"n1","dest":"n2","body":{"type":"broadcast","message":"21","msg_id":null}}
[BROADCAST] {"src":"n1","dest":"c10","body":{"type":"broadcast_ok","in_reply_to":10,"msg_id":53}}
[RECEIVED] {"id":294,"src":"n4","dest":"n1","body":{"type":"broadcast","message":"21","msg_id":null}}
[MATCH BROADCAST]
[RECEIVED] {"id":298,"src":"n2","dest":"n1","body":{"type":"broadcast","message":"21","msg_id":null}}
[MATCH BROADCAST]
[RECEIVED] {"id":305,"src":"n2","dest":"n1","body":{"type":"broadcast","message":"22","msg_id":null}}
[MATCH BROADCAST]
[BROADCAST REQUEST: n1 -> n4] {"id":0,"src":"n1","dest":"n4","body":{"type":"broadcast","message":"22","msg_id":null}}
[BROADCAST REQUEST: n1 -> n2] {"id":0,"src":"n1","dest":"n2","body":{"type":"broadcast","message":"22","msg_id":null}}
[RECEIVED] {"id":312,"src":"n4","dest":"n1","body":{"type":"broadcast","message":"22","msg_id":null}}
[MATCH BROADCAST]
[RECEIVED] {"id":319,"src":"n2","dest":"n1","body":{"type":"broadcast","message":"23","msg_id":null}}
[MATCH BROADCAST]
[BROADCAST REQUEST: n1 -> n4] {"id":0,"src":"n1","dest":"n4","body":{"type":"broadcast","message":"23","msg_id":null}}
[BROADCAST REQUEST: n1 -> n2] {"id":0,"src":"n1","dest":"n2","body":{"type":"broadcast","message":"23","msg_id":null}}
[RECEIVED] {"id":324,"src":"n4","dest":"n1","body":{"type":"broadcast","message":"23","msg_id":null}}
[MATCH BROADCAST]
[RECEIVED] {"id":327,"src":"n4","dest":"n1","body":{"type":"broadcast","message":"24","msg_id":null}}
[MATCH BROADCAST]
[BROADCAST REQUEST: n1 -> n4] {"id":0,"src":"n1","dest":"n4","body":{"type":"broadcast","message":"24","msg_id":null}}
[BROADCAST REQUEST: n1 -> n2] {"id":0,"src":"n1","dest":"n2","body":{"type":"broadcast","message":"24","msg_id":null}}
[RECEIVED] {"id":336,"src":"n2","dest":"n1","body":{"type":"broadcast","message":"24","msg_id":null}}
[MATCH BROADCAST]
[RECEIVED] {"id":343,"src":"n4","dest":"n1","body":{"type":"broadcast","message":"25","msg_id":null}}
[MATCH BROADCAST]
[RECEIVED] {"id":345,"src":"n2","dest":"n1","body":{"type":"broadcast","message":"25","msg_id":null}}
[BROADCAST REQUEST: n1 -> n4] {"id":0,"src":"n1","dest":"n4","body":{"type":"broadcast","message":"25","msg_id":null}}
[MATCH BROADCAST]
[BROADCAST REQUEST: n1 -> n2] {"id":0,"src":"n1","dest":"n2","body":{"type":"broadcast","message":"25","msg_id":null}}
[RECEIVED] {"id":350,"src":"c10","dest":"n1","body":{"type":"broadcast","message":26,"msg_id":11}}
[MATCH BROADCAST]
[BROADCAST REQUEST: n1 -> n4] {"id":0,"src":"n1","dest":"n4","body":{"type":"broadcast","message":"26","msg_id":null}}
[BROADCAST REQUEST: n1 -> n2] {"id":0,"src":"n1","dest":"n2","body":{"type":"broadcast","message":"26","msg_id":null}}
[BROADCAST] {"src":"n1","dest":"c10","body":{"type":"broadcast_ok","in_reply_to":11,"msg_id":64}}
[RECEIVED] {"id":354,"src":"n4","dest":"n1","body":{"type":"broadcast","message":"26","msg_id":null}}
[MATCH BROADCAST]
[RECEIVED] {"id":358,"src":"n2","dest":"n1","body":{"type":"broadcast","message":"26","msg_id":null}}
[MATCH BROADCAST]
[RECEIVED] {"id":362,"src":"c10","dest":"n1","body":{"type":"read","msg_id":12}}
[MATCH READ]
[READ] {"src":"n1","dest":"c10","body":{"type":"read_ok","messages":["0","1","10","11","12","13","14","15","16","17","18","19","2","20","21","22","23","24","25","26","3","4","5","6","7","8","9"],"in_reply_to":12,"msg_id":67}}
[RECEIVED] {"id":367,"src":"n2","dest":"n1","body":{"type":"broadcast","message":"27","msg_id":null}}
[MATCH BROADCAST]
[BROADCAST REQUEST: n1 -> n4] {"id":0,"src":"n1","dest":"n4","body":{"type":"broadcast","message":"27","msg_id":null}}
[BROADCAST REQUEST: n1 -> n2] {"id":0,"src":"n1","dest":"n2","body":{"type":"broadcast","message":"27","msg_id":null}}
[RECEIVED] {"id":374,"src":"n4","dest":"n1","body":{"type":"broadcast","message":"27","msg_id":null}}
[MATCH BROADCAST]
[RECEIVED] {"id":379,"src":"n4","dest":"n1","body":{"type":"broadcast","message":"28","msg_id":null}}
[MATCH BROADCAST]
[BROADCAST REQUEST: n1 -> n4] {"id":0,"src":"n1","dest":"n4","body":{"type":"broadcast","message":"28","msg_id":null}}
[BROADCAST REQUEST: n1 -> n2] {"id":0,"src":"n1","dest":"n2","body":{"type":"broadcast","message":"28","msg_id":null}}
[RECEIVED] {"id":390,"src":"n2","dest":"n1","body":{"type":"broadcast","message":"28","msg_id":null}}
[MATCH BROADCAST]
[RECEIVED] {"id":392,"src":"c10","dest":"n1","body":{"type":"read","msg_id":13}}
[MATCH READ]
[READ] {"src":"n1","dest":"c10","body":{"type":"read_ok","messages":["0","1","10","11","12","13","14","15","16","17","18","19","2","20","21","22","23","24","25","26","27","28","3","4","5","6","7","8","9"],"in_reply_to":13,"msg_id":72}}
[RECEIVED] {"id":394,"src":"c10","dest":"n1","body":{"type":"read","msg_id":14}}
[MATCH READ]
[READ] {"src":"n1","dest":"c10","body":{"type":"read_ok","messages":["0","1","10","11","12","13","14","15","16","17","18","19","2","20","21","22","23","24","25","26","27","28","3","4","5","6","7","8","9"],"in_reply_to":14,"msg_id":73}}
[RECEIVED] {"id":399,"src":"n2","dest":"n1","body":{"type":"broadcast","message":"29","msg_id":null}}
[MATCH BROADCAST]
[BROADCAST REQUEST: n1 -> n4] {"id":0,"src":"n1","dest":"n4","body":{"type":"broadcast","message":"29","msg_id":null}}
[BROADCAST REQUEST: n1 -> n2] {"id":0,"src":"n1","dest":"n2","body":{"type":"broadcast","message":"29","msg_id":null}}
[RECEIVED] {"id":406,"src":"n4","dest":"n1","body":{"type":"broadcast","message":"29","msg_id":null}}
[MATCH BROADCAST]
[RECEIVED] {"id":413,"src":"n2","dest":"n1","body":{"type":"broadcast","message":"30","msg_id":null}}
[MATCH BROADCAST]
[BROADCAST REQUEST: n1 -> n4] {"id":0,"src":"n1","dest":"n4","body":{"type":"broadcast","message":"30","msg_id":null}}
[BROADCAST REQUEST: n1 -> n2] {"id":0,"src":"n1","dest":"n2","body":{"type":"broadcast","message":"30","msg_id":null}}
[RECEIVED] {"id":418,"src":"n4","dest":"n1","body":{"type":"broadcast","message":"30","msg_id":null}}
[MATCH BROADCAST]
[RECEIVED] {"id":424,"src":"c10","dest":"n1","body":{"type":"broadcast","message":31,"msg_id":15}}
[MATCH BROADCAST]
[BROADCAST REQUEST: n1 -> n4] {"id":0,"src":"n1","dest":"n4","body":{"type":"broadcast","message":"31","msg_id":null}}
[BROADCAST REQUEST: n1 -> n2] {"id":0,"src":"n1","dest":"n2","body":{"type":"broadcast","message":"31","msg_id":null}}
[BROADCAST] {"src":"n1","dest":"c10","body":{"type":"broadcast_ok","in_reply_to":15,"msg_id":78}}
[RECEIVED] {"id":428,"src":"n4","dest":"n1","body":{"type":"broadcast","message":"31","msg_id":null}}
[MATCH BROADCAST]
[RECEIVED] {"id":432,"src":"n2","dest":"n1","body":{"type":"broadcast","message":"31","msg_id":null}}
[MATCH BROADCAST]
[RECEIVED] {"id":436,"src":"c10","dest":"n1","body":{"type":"broadcast","message":32,"msg_id":16}}
[MATCH BROADCAST]
[BROADCAST REQUEST: n1 -> n4] {"id":0,"src":"n1","dest":"n4","body":{"type":"broadcast","message":"32","msg_id":null}}
[BROADCAST REQUEST: n1 -> n2] {"id":0,"src":"n1","dest":"n2","body":{"type":"broadcast","message":"32","msg_id":null}}
[BROADCAST] {"src":"n1","dest":"c10","body":{"type":"broadcast_ok","in_reply_to":16,"msg_id":81}}
[RECEIVED] {"id":440,"src":"n4","dest":"n1","body":{"type":"broadcast","message":"32","msg_id":null}}
[MATCH BROADCAST]
[RECEIVED] {"id":444,"src":"n2","dest":"n1","body":{"type":"broadcast","message":"32","msg_id":null}}
[MATCH BROADCAST]
[RECEIVED] {"id":455,"src":"n2","dest":"n1","body":{"type":"broadcast","message":"33","msg_id":null}}
[MATCH BROADCAST]
[BROADCAST REQUEST: n1 -> n4] {"id":0,"src":"n1","dest":"n4","body":{"type":"broadcast","message":"33","msg_id":null}}
[BROADCAST REQUEST: n1 -> n2] {"id":0,"src":"n1","dest":"n2","body":{"type":"broadcast","message":"33","msg_id":null}}
[RECEIVED] {"id":460,"src":"n4","dest":"n1","body":{"type":"broadcast","message":"33","msg_id":null}}
[MATCH BROADCAST]
[RECEIVED] {"id":469,"src":"n4","dest":"n1","body":{"type":"broadcast","message":"34","msg_id":null}}
[RECEIVED] {"id":472,"src":"n2","dest":"n1","body":{"type":"broadcast","message":"34","msg_id":null}}
[MATCH BROADCAST]
[MATCH BROADCAST]
[BROADCAST REQUEST: n1 -> n4] {"id":0,"src":"n1","dest":"n4","body":{"type":"broadcast","message":"34","msg_id":null}}
[RECEIVED] {"id":473,"src":"c10","dest":"n1","body":{"type":"broadcast","message":35,"msg_id":17}}
[MATCH BROADCAST]
[BROADCAST REQUEST: n1 -> n2] {"id":0,"src":"n1","dest":"n2","body":{"type":"broadcast","message":"34","msg_id":null}}
[BROADCAST REQUEST: n1 -> n4] {"id":0,"src":"n1","dest":"n4","body":{"type":"broadcast","message":"35","msg_id":null}}
[BROADCAST REQUEST: n1 -> n2] {"id":0,"src":"n1","dest":"n2","body":{"type":"broadcast","message":"35","msg_id":null}}
[BROADCAST] {"src":"n1","dest":"c10","body":{"type":"broadcast_ok","in_reply_to":17,"msg_id":88}}
[RECEIVED] {"id":480,"src":"n4","dest":"n1","body":{"type":"broadcast","message":"35","msg_id":null}}
[MATCH BROADCAST]
[RECEIVED] {"id":484,"src":"n2","dest":"n1","body":{"type":"broadcast","message":"35","msg_id":null}}
[MATCH BROADCAST]
[RECEIVED] {"id":488,"src":"c10","dest":"n1","body":{"type":"broadcast","message":36,"msg_id":18}}
[MATCH BROADCAST]
[BROADCAST REQUEST: n1 -> n4] {"id":0,"src":"n1","dest":"n4","body":{"type":"broadcast","message":"36","msg_id":null}}
[BROADCAST REQUEST: n1 -> n2] {"id":0,"src":"n1","dest":"n2","body":{"type":"broadcast","message":"36","msg_id":null}}
[BROADCAST] {"src":"n1","dest":"c10","body":{"type":"broadcast_ok","in_reply_to":18,"msg_id":91}}
[RECEIVED] {"id":492,"src":"n4","dest":"n1","body":{"type":"broadcast","message":"36","msg_id":null}}
[MATCH BROADCAST]
[RECEIVED] {"id":496,"src":"n2","dest":"n1","body":{"type":"broadcast","message":"36","msg_id":null}}
[MATCH BROADCAST]
[RECEIVED] {"id":503,"src":"n2","dest":"n1","body":{"type":"broadcast","message":"37","msg_id":null}}
[MATCH BROADCAST]
[BROADCAST REQUEST: n1 -> n4] {"id":0,"src":"n1","dest":"n4","body":{"type":"broadcast","message":"37","msg_id":null}}
[BROADCAST REQUEST: n1 -> n2] {"id":0,"src":"n1","dest":"n2","body":{"type":"broadcast","message":"37","msg_id":null}}
[RECEIVED] {"id":510,"src":"n4","dest":"n1","body":{"type":"broadcast","message":"37","msg_id":null}}
[MATCH BROADCAST]
[RECEIVED] {"id":522,"src":"n4","dest":"n1","body":{"type":"broadcast","message":"38","msg_id":null}}
[RECEIVED] {"id":523,"src":"n2","dest":"n1","body":{"type":"broadcast","message":"38","msg_id":null}}
[MATCH BROADCAST]
[MATCH BROADCAST]
[BROADCAST REQUEST: n1 -> n4] {"id":0,"src":"n1","dest":"n4","body":{"type":"broadcast","message":"38","msg_id":null}}
[BROADCAST REQUEST: n1 -> n2] {"id":0,"src":"n1","dest":"n2","body":{"type":"broadcast","message":"38","msg_id":null}}
[RECEIVED] {"id":528,"src":"c10","dest":"n1","body":{"type":"broadcast","message":39,"msg_id":19}}
[MATCH BROADCAST]
[BROADCAST REQUEST: n1 -> n4] {"id":0,"src":"n1","dest":"n4","body":{"type":"broadcast","message":"39","msg_id":null}}
[BROADCAST REQUEST: n1 -> n2] {"id":0,"src":"n1","dest":"n2","body":{"type":"broadcast","message":"39","msg_id":null}}
[BROADCAST] {"src":"n1","dest":"c10","body":{"type":"broadcast_ok","in_reply_to":19,"msg_id":98}}
[RECEIVED] {"id":532,"src":"n4","dest":"n1","body":{"type":"broadcast","message":"39","msg_id":null}}
[MATCH BROADCAST]
[RECEIVED] {"id":536,"src":"n2","dest":"n1","body":{"type":"broadcast","message":"39","msg_id":null}}
[MATCH BROADCAST]
[RECEIVED] {"id":540,"src":"c10","dest":"n1","body":{"type":"read","msg_id":20}}
[MATCH READ]
[READ] {"src":"n1","dest":"c10","body":{"type":"read_ok","messages":["0","1","10","11","12","13","14","15","16","17","18","19","2","20","21","22","23","24","25","26","27","28","29","3","30","31","32","33","34","35","36","37","38","39","4","5","6","7","8","9"],"in_reply_to":20,"msg_id":101}}
[RECEIVED] {"id":549,"src":"n2","dest":"n1","body":{"type":"broadcast","message":"40","msg_id":null}}
[MATCH BROADCAST]
[BROADCAST REQUEST: n1 -> n4] {"id":0,"src":"n1","dest":"n4","body":{"type":"broadcast","message":"40","msg_id":null}}
[BROADCAST REQUEST: n1 -> n2] {"id":0,"src":"n1","dest":"n2","body":{"type":"broadcast","message":"40","msg_id":null}}
[RECEIVED] {"id":554,"src":"n4","dest":"n1","body":{"type":"broadcast","message":"40","msg_id":null}}
[MATCH BROADCAST]
[RECEIVED] {"id":560,"src":"c10","dest":"n1","body":{"type":"broadcast","message":41,"msg_id":21}}
[MATCH BROADCAST]
[BROADCAST REQUEST: n1 -> n4] {"id":0,"src":"n1","dest":"n4","body":{"type":"broadcast","message":"41","msg_id":null}}
[BROADCAST REQUEST: n1 -> n2] {"id":0,"src":"n1","dest":"n2","body":{"type":"broadcast","message":"41","msg_id":null}}
[BROADCAST] {"src":"n1","dest":"c10","body":{"type":"broadcast_ok","in_reply_to":21,"msg_id":104}}
[RECEIVED] {"id":565,"src":"n4","dest":"n1","body":{"type":"broadcast","message":"41","msg_id":null}}
[MATCH BROADCAST]
[RECEIVED] {"id":568,"src":"n2","dest":"n1","body":{"type":"broadcast","message":"41","msg_id":null}}
[MATCH BROADCAST]
[RECEIVED] {"id":572,"src":"c10","dest":"n1","body":{"type":"broadcast","message":42,"msg_id":22}}
[MATCH BROADCAST]
[BROADCAST REQUEST: n1 -> n4] {"id":0,"src":"n1","dest":"n4","body":{"type":"broadcast","message":"42","msg_id":null}}
[BROADCAST REQUEST: n1 -> n2] {"id":0,"src":"n1","dest":"n2","body":{"type":"broadcast","message":"42","msg_id":null}}
[BROADCAST] {"src":"n1","dest":"c10","body":{"type":"broadcast_ok","in_reply_to":22,"msg_id":107}}
[RECEIVED] {"id":576,"src":"n4","dest":"n1","body":{"type":"broadcast","message":"42","msg_id":null}}
[MATCH BROADCAST]
[RECEIVED] {"id":580,"src":"n2","dest":"n1","body":{"type":"broadcast","message":"42","msg_id":null}}
[MATCH BROADCAST]
[RECEIVED] {"id":591,"src":"n2","dest":"n1","body":{"type":"broadcast","message":"43","msg_id":null}}
[MATCH BROADCAST]
[BROADCAST REQUEST: n1 -> n4] {"id":0,"src":"n1","dest":"n4","body":{"type":"broadcast","message":"43","msg_id":null}}
[BROADCAST REQUEST: n1 -> n2] {"id":0,"src":"n1","dest":"n2","body":{"type":"broadcast","message":"43","msg_id":null}}
[RECEIVED] {"id":596,"src":"n4","dest":"n1","body":{"type":"broadcast","message":"43","msg_id":null}}
[MATCH BROADCAST]
[RECEIVED] {"id":605,"src":"n4","dest":"n1","body":{"type":"broadcast","message":"44","msg_id":null}}
[MATCH BROADCAST]
[RECEIVED] {"id":608,"src":"n2","dest":"n1","body":{"type":"broadcast","message":"44","msg_id":null}}
[BROADCAST REQUEST: n1 -> n4] {"id":0,"src":"n1","dest":"n4","body":{"type":"broadcast","message":"44","msg_id":null}}
[MATCH BROADCAST]
[BROADCAST REQUEST: n1 -> n2] {"id":0,"src":"n1","dest":"n2","body":{"type":"broadcast","message":"44","msg_id":null}}
[RECEIVED] {"id":612,"src":"c10","dest":"n1","body":{"type":"read","msg_id":23}}
[MATCH READ]
[READ] {"src":"n1","dest":"c10","body":{"type":"read_ok","messages":["0","1","10","11","12","13","14","15","16","17","18","19","2","20","21","22","23","24","25","26","27","28","29","3","30","31","32","33","34","35","36","37","38","39","4","40","41","42","43","44","5","6","7","8","9"],"in_reply_to":23,"msg_id":114}}
[RECEIVED] {"id":614,"src":"c10","dest":"n1","body":{"type":"read","msg_id":24}}
[MATCH READ]
[READ] {"src":"n1","dest":"c10","body":{"type":"read_ok","messages":["0","1","10","11","12","13","14","15","16","17","18","19","2","20","21","22","23","24","25","26","27","28","29","3","30","31","32","33","34","35","36","37","38","39","4","40","41","42","43","44","5","6","7","8","9"],"in_reply_to":24,"msg_id":115}}
[RECEIVED] {"id":619,"src":"n2","dest":"n1","body":{"type":"broadcast","message":"45","msg_id":null}}
[MATCH BROADCAST]
[BROADCAST REQUEST: n1 -> n4] {"id":0,"src":"n1","dest":"n4","body":{"type":"broadcast","message":"45","msg_id":null}}
[BROADCAST REQUEST: n1 -> n2] {"id":0,"src":"n1","dest":"n2","body":{"type":"broadcast","message":"45","msg_id":null}}
[RECEIVED] {"id":626,"src":"n4","dest":"n1","body":{"type":"broadcast","message":"45","msg_id":null}}
[MATCH BROADCAST]
[RECEIVED] {"id":633,"src":"n2","dest":"n1","body":{"type":"broadcast","message":"46","msg_id":null}}
[MATCH BROADCAST]
[BROADCAST REQUEST: n1 -> n4] {"id":0,"src":"n1","dest":"n4","body":{"type":"broadcast","message":"46","msg_id":null}}
[BROADCAST REQUEST: n1 -> n2] {"id":0,"src":"n1","dest":"n2","body":{"type":"broadcast","message":"46","msg_id":null}}
[RECEIVED] {"id":638,"src":"n4","dest":"n1","body":{"type":"broadcast","message":"46","msg_id":null}}
[MATCH BROADCAST]
[RECEIVED] {"id":647,"src":"n4","dest":"n1","body":{"type":"broadcast","message":"47","msg_id":null}}
[MATCH BROADCAST]
[RECEIVED] {"id":650,"src":"n2","dest":"n1","body":{"type":"broadcast","message":"47","msg_id":null}}
[BROADCAST REQUEST: n1 -> n4] {"id":0,"src":"n1","dest":"n4","body":{"type":"broadcast","message":"47","msg_id":null}}
[MATCH BROADCAST]
[BROADCAST REQUEST: n1 -> n2] {"id":0,"src":"n1","dest":"n2","body":{"type":"broadcast","message":"47","msg_id":null}}
[RECEIVED] {"id":654,"src":"c10","dest":"n1","body":{"type":"broadcast","message":48,"msg_id":25}}
[MATCH BROADCAST]
[BROADCAST REQUEST: n1 -> n4] {"id":0,"src":"n1","dest":"n4","body":{"type":"broadcast","message":"48","msg_id":null}}
[BROADCAST REQUEST: n1 -> n2] {"id":0,"src":"n1","dest":"n2","body":{"type":"broadcast","message":"48","msg_id":null}}
[BROADCAST] {"src":"n1","dest":"c10","body":{"type":"broadcast_ok","in_reply_to":25,"msg_id":122}}
[RECEIVED] {"id":658,"src":"n4","dest":"n1","body":{"type":"broadcast","message":"48","msg_id":null}}
[MATCH BROADCAST]
[RECEIVED] {"id":662,"src":"n2","dest":"n1","body":{"type":"broadcast","message":"48","msg_id":null}}
[MATCH BROADCAST]
[RECEIVED] {"id":666,"src":"c10","dest":"n1","body":{"type":"read","msg_id":26}}
[MATCH READ]
[READ] {"src":"n1","dest":"c10","body":{"type":"read_ok","messages":["0","1","10","11","12","13","14","15","16","17","18","19","2","20","21","22","23","24","25","26","27","28","29","3","30","31","32","33","34","35","36","37","38","39","4","40","41","42","43","44","45","46","47","48","5","6","7","8","9"],"in_reply_to":26,"msg_id":125}}
[RECEIVED] {"id":673,"src":"n4","dest":"n1","body":{"type":"broadcast","message":"49","msg_id":null}}
[MATCH BROADCAST]
[BROADCAST REQUEST: n1 -> n4] {"id":0,"src":"n1","dest":"n4","body":{"type":"broadcast","message":"49","msg_id":null}}
[BROADCAST REQUEST: n1 -> n2] {"id":0,"src":"n1","dest":"n2","body":{"type":"broadcast","message":"49","msg_id":null}}
[RECEIVED] {"id":682,"src":"n2","dest":"n1","body":{"type":"broadcast","message":"49","msg_id":null}}
[MATCH BROADCAST]
[RECEIVED] {"id":686,"src":"c10","dest":"n1","body":{"type":"read","msg_id":27}}
[MATCH READ]
[READ] {"src":"n1","dest":"c10","body":{"type":"read_ok","messages":["0","1","10","11","12","13","14","15","16","17","18","19","2","20","21","22","23","24","25","26","27","28","29","3","30","31","32","33","34","35","36","37","38","39","4","40","41","42","43","44","45","46","47","48","49","5","6","7","8","9"],"in_reply_to":27,"msg_id":128}}
[RECEIVED] {"id":688,"src":"c10","dest":"n1","body":{"type":"broadcast","message":50,"msg_id":28}}
[MATCH BROADCAST]
[BROADCAST REQUEST: n1 -> n4] {"id":0,"src":"n1","dest":"n4","body":{"type":"broadcast","message":"50","msg_id":null}}
[BROADCAST REQUEST: n1 -> n2] {"id":0,"src":"n1","dest":"n2","body":{"type":"broadcast","message":"50","msg_id":null}}
[BROADCAST] {"src":"n1","dest":"c10","body":{"type":"broadcast_ok","in_reply_to":28,"msg_id":129}}
[RECEIVED] {"id":692,"src":"n4","dest":"n1","body":{"type":"broadcast","message":"50","msg_id":null}}
[MATCH BROADCAST]
[RECEIVED] {"id":696,"src":"n2","dest":"n1","body":{"type":"broadcast","message":"50","msg_id":null}}
[MATCH BROADCAST]
[RECEIVED] {"id":703,"src":"n2","dest":"n1","body":{"type":"broadcast","message":"51","msg_id":null}}
[MATCH BROADCAST]
[BROADCAST REQUEST: n1 -> n4] {"id":0,"src":"n1","dest":"n4","body":{"type":"broadcast","message":"51","msg_id":null}}
[BROADCAST REQUEST: n1 -> n2] {"id":0,"src":"n1","dest":"n2","body":{"type":"broadcast","message":"51","msg_id":null}}
[RECEIVED] {"id":710,"src":"n4","dest":"n1","body":{"type":"broadcast","message":"51","msg_id":null}}
[MATCH BROADCAST]
[RECEIVED] {"id":718,"src":"c10","dest":"n1","body":{"type":"broadcast","message":52,"msg_id":29}}
[MATCH BROADCAST]
[BROADCAST REQUEST: n1 -> n4] {"id":0,"src":"n1","dest":"n4","body":{"type":"broadcast","message":"52","msg_id":null}}
[BROADCAST REQUEST: n1 -> n2] {"id":0,"src":"n1","dest":"n2","body":{"type":"broadcast","message":"52","msg_id":null}}
[BROADCAST] {"src":"n1","dest":"c10","body":{"type":"broadcast_ok","in_reply_to":29,"msg_id":134}}
[RECEIVED] {"id":722,"src":"n4","dest":"n1","body":{"type":"broadcast","message":"52","msg_id":null}}
[MATCH BROADCAST]
[RECEIVED] {"id":726,"src":"n2","dest":"n1","body":{"type":"broadcast","message":"52","msg_id":null}}
[MATCH BROADCAST]
[RECEIVED] {"id":730,"src":"c10","dest":"n1","body":{"type":"read","msg_id":30}}
[MATCH READ]
[READ] {"src":"n1","dest":"c10","body":{"type":"read_ok","messages":["0","1","10","11","12","13","14","15","16","17","18","19","2","20","21","22","23","24","25","26","27","28","29","3","30","31","32","33","34","35","36","37","38","39","4","40","41","42","43","44","45","46","47","48","49","5","50","51","52","6","7","8","9"],"in_reply_to":30,"msg_id":137}}
[RECEIVED] {"id":739,"src":"n2","dest":"n1","body":{"type":"broadcast","message":"53","msg_id":null}}
[MATCH BROADCAST]
[BROADCAST REQUEST: n1 -> n4] {"id":0,"src":"n1","dest":"n4","body":{"type":"broadcast","message":"53","msg_id":null}}
[BROADCAST REQUEST: n1 -> n2] {"id":0,"src":"n1","dest":"n2","body":{"type":"broadcast","message":"53","msg_id":null}}
[RECEIVED] {"id":744,"src":"n4","dest":"n1","body":{"type":"broadcast","message":"53","msg_id":null}}
[MATCH BROADCAST]
[RECEIVED] {"id":753,"src":"n4","dest":"n1","body":{"type":"broadcast","message":"54","msg_id":null}}
[MATCH BROADCAST]
[BROADCAST REQUEST: n1 -> n4] {"id":0,"src":"n1","dest":"n4","body":{"type":"broadcast","message":"54","msg_id":null}}
[RECEIVED] {"id":756,"src":"n2","dest":"n1","body":{"type":"broadcast","message":"54","msg_id":null}}
[BROADCAST REQUEST: n1 -> n2] {"id":0,"src":"n1","dest":"n2","body":{"type":"broadcast","message":"54","msg_id":null}}
[MATCH BROADCAST]
[RECEIVED] {"id":760,"src":"c10","dest":"n1","body":{"type":"broadcast","message":55,"msg_id":31}}
[MATCH BROADCAST]
[BROADCAST REQUEST: n1 -> n4] {"id":0,"src":"n1","dest":"n4","body":{"type":"broadcast","message":"55","msg_id":null}}
[BROADCAST REQUEST: n1 -> n2] {"id":0,"src":"n1","dest":"n2","body":{"type":"broadcast","message":"55","msg_id":null}}
[BROADCAST] {"src":"n1","dest":"c10","body":{"type":"broadcast_ok","in_reply_to":31,"msg_id":142}}
[RECEIVED] {"id":764,"src":"n4","dest":"n1","body":{"type":"broadcast","message":"55","msg_id":null}}
[MATCH BROADCAST]
[RECEIVED] {"id":768,"src":"n2","dest":"n1","body":{"type":"broadcast","message":"55","msg_id":null}}
[MATCH BROADCAST]
[RECEIVED] {"id":772,"src":"c10","dest":"n1","body":{"type":"broadcast","message":56,"msg_id":32}}
[MATCH BROADCAST]
[BROADCAST REQUEST: n1 -> n4] {"id":0,"src":"n1","dest":"n4","body":{"type":"broadcast","message":"56","msg_id":null}}
[BROADCAST REQUEST: n1 -> n2] {"id":0,"src":"n1","dest":"n2","body":{"type":"broadcast","message":"56","msg_id":null}}
[BROADCAST] {"src":"n1","dest":"c10","body":{"type":"broadcast_ok","in_reply_to":32,"msg_id":145}}
[RECEIVED] {"id":777,"src":"n4","dest":"n1","body":{"type":"broadcast","message":"56","msg_id":null}}
[MATCH BROADCAST]
[RECEIVED] {"id":780,"src":"n2","dest":"n1","body":{"type":"broadcast","message":"56","msg_id":null}}
[MATCH BROADCAST]
[RECEIVED] {"id":787,"src":"n2","dest":"n1","body":{"type":"broadcast","message":"57","msg_id":null}}
[MATCH BROADCAST]
[BROADCAST REQUEST: n1 -> n4] {"id":0,"src":"n1","dest":"n4","body":{"type":"broadcast","message":"57","msg_id":null}}
[BROADCAST REQUEST: n1 -> n2] {"id":0,"src":"n1","dest":"n2","body":{"type":"broadcast","message":"57","msg_id":null}}
[RECEIVED] {"id":794,"src":"n4","dest":"n1","body":{"type":"broadcast","message":"57","msg_id":null}}
[MATCH BROADCAST]
[RECEIVED] {"id":802,"src":"c10","dest":"n1","body":{"type":"broadcast","message":58,"msg_id":33}}
[MATCH BROADCAST]
[BROADCAST REQUEST: n1 -> n4] {"id":0,"src":"n1","dest":"n4","body":{"type":"broadcast","message":"58","msg_id":null}}
[BROADCAST REQUEST: n1 -> n2] {"id":0,"src":"n1","dest":"n2","body":{"type":"broadcast","message":"58","msg_id":null}}
[BROADCAST] {"src":"n1","dest":"c10","body":{"type":"broadcast_ok","in_reply_to":33,"msg_id":150}}
[RECEIVED] {"id":806,"src":"n4","dest":"n1","body":{"type":"broadcast","message":"58","msg_id":null}}
[MATCH BROADCAST]
[RECEIVED] {"id":810,"src":"n2","dest":"n1","body":{"type":"broadcast","message":"58","msg_id":null}}
[MATCH BROADCAST]
[RECEIVED] {"id":814,"src":"c10","dest":"n1","body":{"type":"read","msg_id":34}}
[MATCH READ]
[READ] {"src":"n1","dest":"c10","body":{"type":"read_ok","messages":["0","1","10","11","12","13","14","15","16","17","18","19","2","20","21","22","23","24","25","26","27","28","29","3","30","31","32","33","34","35","36","37","38","39","4","40","41","42","43","44","45","46","47","48","49","5","50","51","52","53","54","55","56","57","58","6","7","8","9"],"in_reply_to":34,"msg_id":153}}
[RECEIVED] {"id":821,"src":"n4","dest":"n1","body":{"type":"broadcast","message":"59","msg_id":null}}
[MATCH BROADCAST]
[BROADCAST REQUEST: n1 -> n4] {"id":0,"src":"n1","dest":"n4","body":{"type":"broadcast","message":"59","msg_id":null}}
[BROADCAST REQUEST: n1 -> n2] {"id":0,"src":"n1","dest":"n2","body":{"type":"broadcast","message":"59","msg_id":null}}
[RECEIVED] {"id":830,"src":"n2","dest":"n1","body":{"type":"broadcast","message":"59","msg_id":null}}
[MATCH BROADCAST]
[RECEIVED] {"id":834,"src":"c10","dest":"n1","body":{"type":"broadcast","message":60,"msg_id":35}}
[MATCH BROADCAST]
[BROADCAST REQUEST: n1 -> n4] {"id":0,"src":"n1","dest":"n4","body":{"type":"broadcast","message":"60","msg_id":null}}
[BROADCAST REQUEST: n1 -> n2] {"id":0,"src":"n1","dest":"n2","body":{"type":"broadcast","message":"60","msg_id":null}}
[BROADCAST] {"src":"n1","dest":"c10","body":{"type":"broadcast_ok","in_reply_to":35,"msg_id":156}}
[RECEIVED] {"id":838,"src":"n4","dest":"n1","body":{"type":"broadcast","message":"60","msg_id":null}}
[MATCH BROADCAST]
[RECEIVED] {"id":842,"src":"n2","dest":"n1","body":{"type":"broadcast","message":"60","msg_id":null}}
[MATCH BROADCAST]
[RECEIVED] {"id":846,"src":"c10","dest":"n1","body":{"type":"broadcast","message":61,"msg_id":36}}
[MATCH BROADCAST]
[BROADCAST REQUEST: n1 -> n4] {"id":0,"src":"n1","dest":"n4","body":{"type":"broadcast","message":"61","msg_id":null}}
[BROADCAST REQUEST: n1 -> n2] {"id":0,"src":"n1","dest":"n2","body":{"type":"broadcast","message":"61","msg_id":null}}
[BROADCAST] {"src":"n1","dest":"c10","body":{"type":"broadcast_ok","in_reply_to":36,"msg_id":159}}
[RECEIVED] {"id":850,"src":"n4","dest":"n1","body":{"type":"broadcast","message":"61","msg_id":null}}
[MATCH BROADCAST]
[RECEIVED] {"id":854,"src":"n2","dest":"n1","body":{"type":"broadcast","message":"61","msg_id":null}}
[MATCH BROADCAST]
[RECEIVED] {"id":861,"src":"n2","dest":"n1","body":{"type":"broadcast","message":"62","msg_id":null}}
[MATCH BROADCAST]
[BROADCAST REQUEST: n1 -> n4] {"id":0,"src":"n1","dest":"n4","body":{"type":"broadcast","message":"62","msg_id":null}}
[BROADCAST REQUEST: n1 -> n2] {"id":0,"src":"n1","dest":"n2","body":{"type":"broadcast","message":"62","msg_id":null}}
[RECEIVED] {"id":868,"src":"n4","dest":"n1","body":{"type":"broadcast","message":"62","msg_id":null}}
[MATCH BROADCAST]
[RECEIVED] {"id":875,"src":"n2","dest":"n1","body":{"type":"broadcast","message":"63","msg_id":null}}
[MATCH BROADCAST]
[BROADCAST REQUEST: n1 -> n4] {"id":0,"src":"n1","dest":"n4","body":{"type":"broadcast","message":"63","msg_id":null}}
[BROADCAST REQUEST: n1 -> n2] {"id":0,"src":"n1","dest":"n2","body":{"type":"broadcast","message":"63","msg_id":null}}
[RECEIVED] {"id":880,"src":"n4","dest":"n1","body":{"type":"broadcast","message":"63","msg_id":null}}
[MATCH BROADCAST]
[RECEIVED] {"id":883,"src":"n4","dest":"n1","body":{"type":"broadcast","message":"64","msg_id":null}}
[MATCH BROADCAST]
[BROADCAST REQUEST: n1 -> n4] {"id":0,"src":"n1","dest":"n4","body":{"type":"broadcast","message":"64","msg_id":null}}
[BROADCAST REQUEST: n1 -> n2] {"id":0,"src":"n1","dest":"n2","body":{"type":"broadcast","message":"64","msg_id":null}}
[RECEIVED] {"id":892,"src":"n2","dest":"n1","body":{"type":"broadcast","message":"64","msg_id":null}}
[MATCH BROADCAST]
[RECEIVED] {"id":896,"src":"c10","dest":"n1","body":{"type":"broadcast","message":65,"msg_id":37}}
[MATCH BROADCAST]
[BROADCAST REQUEST: n1 -> n4] {"id":0,"src":"n1","dest":"n4","body":{"type":"broadcast","message":"65","msg_id":null}}
[BROADCAST REQUEST: n1 -> n2] {"id":0,"src":"n1","dest":"n2","body":{"type":"broadcast","message":"65","msg_id":null}}
[BROADCAST] {"src":"n1","dest":"c10","body":{"type":"broadcast_ok","in_reply_to":37,"msg_id":168}}
[RECEIVED] {"id":900,"src":"n4","dest":"n1","body":{"type":"broadcast","message":"65","msg_id":null}}
[MATCH BROADCAST]
[RECEIVED] {"id":904,"src":"n2","dest":"n1","body":{"type":"broadcast","message":"65","msg_id":null}}
[MATCH BROADCAST]
[RECEIVED] {"id":908,"src":"c10","dest":"n1","body":{"type":"read","msg_id":38}}
[MATCH READ]
[READ] {"src":"n1","dest":"c10","body":{"type":"read_ok","messages":["0","1","10","11","12","13","14","15","16","17","18","19","2","20","21","22","23","24","25","26","27","28","29","3","30","31","32","33","34","35","36","37","38","39","4","40","41","42","43","44","45","46","47","48","49","5","50","51","52","53","54","55","56","57","58","59","6","60","61","62","63","64","65","7","8","9"],"in_reply_to":38,"msg_id":171}}
[RECEIVED] {"id":913,"src":"n2","dest":"n1","body":{"type":"broadcast","message":"66","msg_id":null}}
[MATCH BROADCAST]
[BROADCAST REQUEST: n1 -> n4] {"id":0,"src":"n1","dest":"n4","body":{"type":"broadcast","message":"66","msg_id":null}}
[BROADCAST REQUEST: n1 -> n2] {"id":0,"src":"n1","dest":"n2","body":{"type":"broadcast","message":"66","msg_id":null}}
[RECEIVED] {"id":920,"src":"n4","dest":"n1","body":{"type":"broadcast","message":"66","msg_id":null}}
[MATCH BROADCAST]
[RECEIVED] {"id":925,"src":"n4","dest":"n1","body":{"type":"broadcast","message":"67","msg_id":null}}
[MATCH BROADCAST]
[BROADCAST REQUEST: n1 -> n4] {"id":0,"src":"n1","dest":"n4","body":{"type":"broadcast","message":"67","msg_id":null}}
[BROADCAST REQUEST: n1 -> n2] {"id":0,"src":"n1","dest":"n2","body":{"type":"broadcast","message":"67","msg_id":null}}
[RECEIVED] {"id":934,"src":"n2","dest":"n1","body":{"type":"broadcast","message":"67","msg_id":null}}
[MATCH BROADCAST]
[RECEIVED] {"id":941,"src":"n4","dest":"n1","body":{"type":"broadcast","message":"68","msg_id":null}}
[MATCH BROADCAST]
[BROADCAST REQUEST: n1 -> n4] {"id":0,"src":"n1","dest":"n4","body":{"type":"broadcast","message":"68","msg_id":null}}
[RECEIVED] {"id":944,"src":"n2","dest":"n1","body":{"type":"broadcast","message":"68","msg_id":null}}
[BROADCAST REQUEST: n1 -> n2] {"id":0,"src":"n1","dest":"n2","body":{"type":"broadcast","message":"68","msg_id":null}}
[MATCH BROADCAST]
[RECEIVED] {"id":948,"src":"c10","dest":"n1","body":{"type":"read","msg_id":39}}
[MATCH READ]
[READ] {"src":"n1","dest":"c10","body":{"type":"read_ok","messages":["0","1","10","11","12","13","14","15","16","17","18","19","2","20","21","22","23","24","25","26","27","28","29","3","30","31","32","33","34","35","36","37","38","39","4","40","41","42","43","44","45","46","47","48","49","5","50","51","52","53","54","55","56","57","58","59","6","60","61","62","63","64","65","66","67","68","7","8","9"],"in_reply_to":39,"msg_id":178}}
[RECEIVED] {"id":950,"src":"c10","dest":"n1","body":{"type":"read","msg_id":40}}
[MATCH READ]
[READ] {"src":"n1","dest":"c10","body":{"type":"read_ok","messages":["0","1","10","11","12","13","14","15","16","17","18","19","2","20","21","22","23","24","25","26","27","28","29","3","30","31","32","33","34","35","36","37","38","39","4","40","41","42","43","44","45","46","47","48","49","5","50","51","52","53","54","55","56","57","58","59","6","60","61","62","63","64","65","66","67","68","7","8","9"],"in_reply_to":40,"msg_id":179}}
[RECEIVED] {"id":959,"src":"n2","dest":"n1","body":{"type":"broadcast","message":"69","msg_id":null}}
[MATCH BROADCAST]
[BROADCAST REQUEST: n1 -> n4] {"id":0,"src":"n1","dest":"n4","body":{"type":"broadcast","message":"69","msg_id":null}}
[BROADCAST REQUEST: n1 -> n2] {"id":0,"src":"n1","dest":"n2","body":{"type":"broadcast","message":"69","msg_id":null}}
[RECEIVED] {"id":964,"src":"n4","dest":"n1","body":{"type":"broadcast","message":"69","msg_id":null}}
[MATCH BROADCAST]
[RECEIVED] {"id":967,"src":"n4","dest":"n1","body":{"type":"broadcast","message":"70","msg_id":null}}
[MATCH BROADCAST]
[BROADCAST REQUEST: n1 -> n4] {"id":0,"src":"n1","dest":"n4","body":{"type":"broadcast","message":"70","msg_id":null}}
[BROADCAST REQUEST: n1 -> n2] {"id":0,"src":"n1","dest":"n2","body":{"type":"broadcast","message":"70","msg_id":null}}
[RECEIVED] {"id":976,"src":"n2","dest":"n1","body":{"type":"broadcast","message":"70","msg_id":null}}
[MATCH BROADCAST]
[RECEIVED] {"id":983,"src":"n4","dest":"n1","body":{"type":"broadcast","message":"71","msg_id":null}}
[MATCH BROADCAST]
[RECEIVED] {"id":986,"src":"n2","dest":"n1","body":{"type":"broadcast","message":"71","msg_id":null}}
[BROADCAST REQUEST: n1 -> n4] {"id":0,"src":"n1","dest":"n4","body":{"type":"broadcast","message":"71","msg_id":null}}
[MATCH BROADCAST]
[BROADCAST REQUEST: n1 -> n2] {"id":0,"src":"n1","dest":"n2","body":{"type":"broadcast","message":"71","msg_id":null}}
[RECEIVED] {"id":990,"src":"c10","dest":"n1","body":{"type":"broadcast","message":72,"msg_id":41}}
[MATCH BROADCAST]
[BROADCAST REQUEST: n1 -> n4] {"id":0,"src":"n1","dest":"n4","body":{"type":"broadcast","message":"72","msg_id":null}}
[BROADCAST REQUEST: n1 -> n2] {"id":0,"src":"n1","dest":"n2","body":{"type":"broadcast","message":"72","msg_id":null}}
[BROADCAST] {"src":"n1","dest":"c10","body":{"type":"broadcast_ok","in_reply_to":41,"msg_id":186}}
[RECEIVED] {"id":994,"src":"n4","dest":"n1","body":{"type":"broadcast","message":"72","msg_id":null}}
[MATCH BROADCAST]
[RECEIVED] {"id":998,"src":"n2","dest":"n1","body":{"type":"broadcast","message":"72","msg_id":null}}
[MATCH BROADCAST]
[RECEIVED] {"id":1002,"src":"c10","dest":"n1","body":{"type":"read","msg_id":42}}
[MATCH READ]
[READ] {"src":"n1","dest":"c10","body":{"type":"read_ok","messages":["0","1","10","11","12","13","14","15","16","17","18","19","2","20","21","22","23","24","25","26","27","28","29","3","30","31","32","33","34","35","36","37","38","39","4","40","41","42","43","44","45","46","47","48","49","5","50","51","52","53","54","55","56","57","58","59","6","60","61","62","63","64","65","66","67","68","69","7","70","71","72","8","9"],"in_reply_to":42,"msg_id":189}}
[RECEIVED] {"id":1009,"src":"n4","dest":"n1","body":{"type":"broadcast","message":"73","msg_id":null}}
[MATCH BROADCAST]
[BROADCAST REQUEST: n1 -> n4] {"id":0,"src":"n1","dest":"n4","body":{"type":"broadcast","message":"73","msg_id":null}}
[BROADCAST REQUEST: n1 -> n2] {"id":0,"src":"n1","dest":"n2","body":{"type":"broadcast","message":"73","msg_id":null}}
[RECEIVED] {"id":1018,"src":"n2","dest":"n1","body":{"type":"broadcast","message":"73","msg_id":null}}
[MATCH BROADCAST]
[RECEIVED] {"id":1022,"src":"c10","dest":"n1","body":{"type":"broadcast","message":74,"msg_id":43}}
[MATCH BROADCAST]
[BROADCAST REQUEST: n1 -> n4] {"id":0,"src":"n1","dest":"n4","body":{"type":"broadcast","message":"74","msg_id":null}}
[BROADCAST REQUEST: n1 -> n2] {"id":0,"src":"n1","dest":"n2","body":{"type":"broadcast","message":"74","msg_id":null}}
[BROADCAST] {"src":"n1","dest":"c10","body":{"type":"broadcast_ok","in_reply_to":43,"msg_id":192}}
[RECEIVED] {"id":1026,"src":"n4","dest":"n1","body":{"type":"broadcast","message":"74","msg_id":null}}
[MATCH BROADCAST]
[RECEIVED] {"id":1030,"src":"n2","dest":"n1","body":{"type":"broadcast","message":"74","msg_id":null}}
[MATCH BROADCAST]
[RECEIVED] {"id":1034,"src":"c10","dest":"n1","body":{"type":"read","msg_id":44}}
[MATCH READ]
[READ] {"src":"n1","dest":"c10","body":{"type":"read_ok","messages":["0","1","10","11","12","13","14","15","16","17","18","19","2","20","21","22","23","24","25","26","27","28","29","3","30","31","32","33","34","35","36","37","38","39","4","40","41","42","43","44","45","46","47","48","49","5","50","51","52","53","54","55","56","57","58","59","6","60","61","62","63","64","65","66","67","68","69","7","70","71","72","73","74","8","9"],"in_reply_to":44,"msg_id":195}}
[RECEIVED] {"id":1039,"src":"n2","dest":"n1","body":{"type":"broadcast","message":"75","msg_id":null}}
[MATCH BROADCAST]
[BROADCAST REQUEST: n1 -> n4] {"id":0,"src":"n1","dest":"n4","body":{"type":"broadcast","message":"75","msg_id":null}}
[BROADCAST REQUEST: n1 -> n2] {"id":0,"src":"n1","dest":"n2","body":{"type":"broadcast","message":"75","msg_id":null}}
[RECEIVED] {"id":1045,"src":"n4","dest":"n1","body":{"type":"broadcast","message":"75","msg_id":null}}
[MATCH BROADCAST]
[RECEIVED] {"id":1053,"src":"n2","dest":"n1","body":{"type":"broadcast","message":"76","msg_id":null}}
[MATCH BROADCAST]
[BROADCAST REQUEST: n1 -> n4] {"id":0,"src":"n1","dest":"n4","body":{"type":"broadcast","message":"76","msg_id":null}}
[BROADCAST REQUEST: n1 -> n2] {"id":0,"src":"n1","dest":"n2","body":{"type":"broadcast","message":"76","msg_id":null}}
[RECEIVED] {"id":1058,"src":"n4","dest":"n1","body":{"type":"broadcast","message":"76","msg_id":null}}
[MATCH BROADCAST]
[RECEIVED] {"id":1061,"src":"n4","dest":"n1","body":{"type":"broadcast","message":"77","msg_id":null}}
[MATCH BROADCAST]
[BROADCAST REQUEST: n1 -> n4] {"id":0,"src":"n1","dest":"n4","body":{"type":"broadcast","message":"77","msg_id":null}}
[BROADCAST REQUEST: n1 -> n2] {"id":0,"src":"n1","dest":"n2","body":{"type":"broadcast","message":"77","msg_id":null}}
[RECEIVED] {"id":1070,"src":"n2","dest":"n1","body":{"type":"broadcast","message":"77","msg_id":null}}
[MATCH BROADCAST]
[RECEIVED] {"id":1077,"src":"n4","dest":"n1","body":{"type":"broadcast","message":"78","msg_id":null}}
[MATCH BROADCAST]
[BROADCAST REQUEST: n1 -> n4] {"id":0,"src":"n1","dest":"n4","body":{"type":"broadcast","message":"78","msg_id":null}}
[BROADCAST REQUEST: n1 -> n2] {"id":0,"src":"n1","dest":"n2","body":{"type":"broadcast","message":"78","msg_id":null}}
[RECEIVED] {"id":1080,"src":"n2","dest":"n1","body":{"type":"broadcast","message":"78","msg_id":null}}
[MATCH BROADCAST]
[RECEIVED] {"id":1084,"src":"c10","dest":"n1","body":{"type":"broadcast","message":79,"msg_id":45}}
[MATCH BROADCAST]
[BROADCAST REQUEST: n1 -> n4] {"id":0,"src":"n1","dest":"n4","body":{"type":"broadcast","message":"79","msg_id":null}}
[BROADCAST REQUEST: n1 -> n2] {"id":0,"src":"n1","dest":"n2","body":{"type":"broadcast","message":"79","msg_id":null}}
[BROADCAST] {"src":"n1","dest":"c10","body":{"type":"broadcast_ok","in_reply_to":45,"msg_id":204}}
[RECEIVED] {"id":1088,"src":"n4","dest":"n1","body":{"type":"broadcast","message":"79","msg_id":null}}
[MATCH BROADCAST]
[RECEIVED] {"id":1092,"src":"n2","dest":"n1","body":{"type":"broadcast","message":"79","msg_id":null}}
[MATCH BROADCAST]
[RECEIVED] {"id":1096,"src":"c10","dest":"n1","body":{"type":"broadcast","message":80,"msg_id":46}}
[MATCH BROADCAST]
[BROADCAST REQUEST: n1 -> n4] {"id":0,"src":"n1","dest":"n4","body":{"type":"broadcast","message":"80","msg_id":null}}
[BROADCAST REQUEST: n1 -> n2] {"id":0,"src":"n1","dest":"n2","body":{"type":"broadcast","message":"80","msg_id":null}}
[BROADCAST] {"src":"n1","dest":"c10","body":{"type":"broadcast_ok","in_reply_to":46,"msg_id":207}}
[RECEIVED] {"id":1100,"src":"n4","dest":"n1","body":{"type":"broadcast","message":"80","msg_id":null}}
[MATCH BROADCAST]
[RECEIVED] {"id":1104,"src":"n2","dest":"n1","body":{"type":"broadcast","message":"80","msg_id":null}}
[MATCH BROADCAST]
[RECEIVED] {"id":1116,"src":"c10","dest":"n1","body":{"type":"read","msg_id":47}}
[MATCH READ]
[READ] {"src":"n1","dest":"c10","body":{"type":"read_ok","messages":["0","1","10","11","12","13","14","15","16","17","18","19","2","20","21","22","23","24","25","26","27","28","29","3","30","31","32","33","34","35","36","37","38","39","4","40","41","42","43","44","45","46","47","48","49","5","50","51","52","53","54","55","56","57","58","59","6","60","61","62","63","64","65","66","67","68","69","7","70","71","72","73","74","75","76","77","78","79","8","80","9"],"in_reply_to":47,"msg_id":210}}
[RECEIVED] {"id":1118,"src":"c10","dest":"n1","body":{"type":"broadcast","message":81,"msg_id":48}}
[MATCH BROADCAST]
[BROADCAST REQUEST: n1 -> n4] {"id":0,"src":"n1","dest":"n4","body":{"type":"broadcast","message":"81","msg_id":null}}
[BROADCAST REQUEST: n1 -> n2] {"id":0,"src":"n1","dest":"n2","body":{"type":"broadcast","message":"81","msg_id":null}}
[BROADCAST] {"src":"n1","dest":"c10","body":{"type":"broadcast_ok","in_reply_to":48,"msg_id":211}}
[RECEIVED] {"id":1122,"src":"n4","dest":"n1","body":{"type":"broadcast","message":"81","msg_id":null}}
[MATCH BROADCAST]
[RECEIVED] {"id":1126,"src":"n2","dest":"n1","body":{"type":"broadcast","message":"81","msg_id":null}}
[MATCH BROADCAST]
[RECEIVED] {"id":1137,"src":"n2","dest":"n1","body":{"type":"broadcast","message":"82","msg_id":null}}
[MATCH BROADCAST]
[BROADCAST REQUEST: n1 -> n4] {"id":0,"src":"n1","dest":"n4","body":{"type":"broadcast","message":"82","msg_id":null}}
[BROADCAST REQUEST: n1 -> n2] {"id":0,"src":"n1","dest":"n2","body":{"type":"broadcast","message":"82","msg_id":null}}
[RECEIVED] {"id":1142,"src":"n4","dest":"n1","body":{"type":"broadcast","message":"82","msg_id":null}}
[MATCH BROADCAST]
[RECEIVED] {"id":1151,"src":"n4","dest":"n1","body":{"type":"broadcast","message":"83","msg_id":null}}
[MATCH BROADCAST]
[RECEIVED] {"id":1154,"src":"n2","dest":"n1","body":{"type":"broadcast","message":"83","msg_id":null}}
[BROADCAST REQUEST: n1 -> n4] {"id":0,"src":"n1","dest":"n4","body":{"type":"broadcast","message":"83","msg_id":null}}
[MATCH BROADCAST]
[BROADCAST REQUEST: n1 -> n2] {"id":0,"src":"n1","dest":"n2","body":{"type":"broadcast","message":"83","msg_id":null}}
[RECEIVED] {"id":1158,"src":"c10","dest":"n1","body":{"type":"broadcast","message":84,"msg_id":49}}
[MATCH BROADCAST]
[BROADCAST REQUEST: n1 -> n4] {"id":0,"src":"n1","dest":"n4","body":{"type":"broadcast","message":"84","msg_id":null}}
[BROADCAST REQUEST: n1 -> n2] {"id":0,"src":"n1","dest":"n2","body":{"type":"broadcast","message":"84","msg_id":null}}
[BROADCAST] {"src":"n1","dest":"c10","body":{"type":"broadcast_ok","in_reply_to":49,"msg_id":218}}
[RECEIVED] {"id":1162,"src":"n4","dest":"n1","body":{"type":"broadcast","message":"84","msg_id":null}}
[MATCH BROADCAST]
[RECEIVED] {"id":1166,"src":"n2","dest":"n1","body":{"type":"broadcast","message":"84","msg_id":null}}
[MATCH BROADCAST]
[RECEIVED] {"id":1170,"src":"c10","dest":"n1","body":{"type":"read","msg_id":50}}
[MATCH READ]
[READ] {"src":"n1","dest":"c10","body":{"type":"read_ok","messages":["0","1","10","11","12","13","14","15","16","17","18","19","2","20","21","22","23","24","25","26","27","28","29","3","30","31","32","33","34","35","36","37","38","39","4","40","41","42","43","44","45","46","47","48","49","5","50","51","52","53","54","55","56","57","58","59","6","60","61","62","63","64","65","66","67","68","69","7","70","71","72","73","74","75","76","77","78","79","8","80","81","82","83","84","9"],"in_reply_to":50,"msg_id":221}}
[RECEIVED] {"id":1175,"src":"n2","dest":"n1","body":{"type":"broadcast","message":"85","msg_id":null}}
[MATCH BROADCAST]
[BROADCAST REQUEST: n1 -> n4] {"id":0,"src":"n1","dest":"n4","body":{"type":"broadcast","message":"85","msg_id":null}}
[BROADCAST REQUEST: n1 -> n2] {"id":0,"src":"n1","dest":"n2","body":{"type":"broadcast","message":"85","msg_id":null}}
[RECEIVED] {"id":1182,"src":"n4","dest":"n1","body":{"type":"broadcast","message":"85","msg_id":null}}
[MATCH BROADCAST]
[RECEIVED] {"id":1187,"src":"n4","dest":"n1","body":{"type":"broadcast","message":"86","msg_id":null}}
[MATCH BROADCAST]
[BROADCAST REQUEST: n1 -> n4] {"id":0,"src":"n1","dest":"n4","body":{"type":"broadcast","message":"86","msg_id":null}}
[BROADCAST REQUEST: n1 -> n2] {"id":0,"src":"n1","dest":"n2","body":{"type":"broadcast","message":"86","msg_id":null}}
[RECEIVED] {"id":1196,"src":"n2","dest":"n1","body":{"type":"broadcast","message":"86","msg_id":null}}
[MATCH BROADCAST]
[RECEIVED] {"id":1200,"src":"c10","dest":"n1","body":{"type":"read","msg_id":51}}
[MATCH READ]
[READ] {"src":"n1","dest":"c10","body":{"type":"read_ok","messages":["0","1","10","11","12","13","14","15","16","17","18","19","2","20","21","22","23","24","25","26","27","28","29","3","30","31","32","33","34","35","36","37","38","39","4","40","41","42","43","44","45","46","47","48","49","5","50","51","52","53","54","55","56","57","58","59","6","60","61","62","63","64","65","66","67","68","69","7","70","71","72","73","74","75","76","77","78","79","8","80","81","82","83","84","85","86","9"],"in_reply_to":51,"msg_id":226}}
[RECEIVED] {"id":1202,"src":"c10","dest":"n1","body":{"type":"read","msg_id":52}}
[MATCH READ]
[READ] {"src":"n1","dest":"c10","body":{"type":"read_ok","messages":["0","1","10","11","12","13","14","15","16","17","18","19","2","20","21","22","23","24","25","26","27","28","29","3","30","31","32","33","34","35","36","37","38","39","4","40","41","42","43","44","45","46","47","48","49","5","50","51","52","53","54","55","56","57","58","59","6","60","61","62","63","64","65","66","67","68","69","7","70","71","72","73","74","75","76","77","78","79","8","80","81","82","83","84","85","86","9"],"in_reply_to":52,"msg_id":227}}
[RECEIVED] {"id":1212,"src":"c10","dest":"n1","body":{"type":"read","msg_id":53}}
[MATCH READ]
[READ] {"src":"n1","dest":"c10","body":{"type":"read_ok","messages":["0","1","10","11","12","13","14","15","16","17","18","19","2","20","21","22","23","24","25","26","27","28","29","3","30","31","32","33","34","35","36","37","38","39","4","40","41","42","43","44","45","46","47","48","49","5","50","51","52","53","54","55","56","57","58","59","6","60","61","62","63","64","65","66","67","68","69","7","70","71","72","73","74","75","76","77","78","79","8","80","81","82","83","84","85","86","9"],"in_reply_to":53,"msg_id":228}}
[RECEIVED] {"id":1214,"src":"c10","dest":"n1","body":{"type":"broadcast","message":87,"msg_id":54}}
[MATCH BROADCAST]
[BROADCAST REQUEST: n1 -> n4] {"id":0,"src":"n1","dest":"n4","body":{"type":"broadcast","message":"87","msg_id":null}}
[BROADCAST REQUEST: n1 -> n2] {"id":0,"src":"n1","dest":"n2","body":{"type":"broadcast","message":"87","msg_id":null}}
[BROADCAST] {"src":"n1","dest":"c10","body":{"type":"broadcast_ok","in_reply_to":54,"msg_id":229}}
[RECEIVED] {"id":1219,"src":"n4","dest":"n1","body":{"type":"broadcast","message":"87","msg_id":null}}
[MATCH BROADCAST]
[RECEIVED] {"id":1222,"src":"n2","dest":"n1","body":{"type":"broadcast","message":"87","msg_id":null}}
[MATCH BROADCAST]
[RECEIVED] {"id":1229,"src":"n2","dest":"n1","body":{"type":"broadcast","message":"88","msg_id":null}}
[MATCH BROADCAST]
[BROADCAST REQUEST: n1 -> n4] {"id":0,"src":"n1","dest":"n4","body":{"type":"broadcast","message":"88","msg_id":null}}
[BROADCAST REQUEST: n1 -> n2] {"id":0,"src":"n1","dest":"n2","body":{"type":"broadcast","message":"88","msg_id":null}}
[RECEIVED] {"id":1236,"src":"n4","dest":"n1","body":{"type":"broadcast","message":"88","msg_id":null}}
[MATCH BROADCAST]
[RECEIVED] {"id":1243,"src":"n2","dest":"n1","body":{"type":"broadcast","message":"89","msg_id":null}}
[MATCH BROADCAST]
[BROADCAST REQUEST: n1 -> n4] {"id":0,"src":"n1","dest":"n4","body":{"type":"broadcast","message":"89","msg_id":null}}
[BROADCAST REQUEST: n1 -> n2] {"id":0,"src":"n1","dest":"n2","body":{"type":"broadcast","message":"89","msg_id":null}}
[RECEIVED] {"id":1248,"src":"n4","dest":"n1","body":{"type":"broadcast","message":"89","msg_id":null}}
[MATCH BROADCAST]
[RECEIVED] {"id":1251,"src":"n4","dest":"n1","body":{"type":"broadcast","message":"90","msg_id":null}}
[MATCH BROADCAST]
[BROADCAST REQUEST: n1 -> n4] {"id":0,"src":"n1","dest":"n4","body":{"type":"broadcast","message":"90","msg_id":null}}
[BROADCAST REQUEST: n1 -> n2] {"id":0,"src":"n1","dest":"n2","body":{"type":"broadcast","message":"90","msg_id":null}}
[RECEIVED] {"id":1260,"src":"n2","dest":"n1","body":{"type":"broadcast","message":"90","msg_id":null}}
[MATCH BROADCAST]
[RECEIVED] {"id":1268,"src":"n4","dest":"n1","body":{"type":"broadcast","message":"91","msg_id":null}}
[RECEIVED] {"id":1269,"src":"n2","dest":"n1","body":{"type":"broadcast","message":"91","msg_id":null}}
[MATCH BROADCAST]
[MATCH BROADCAST]
[BROADCAST REQUEST: n1 -> n4] {"id":0,"src":"n1","dest":"n4","body":{"type":"broadcast","message":"91","msg_id":null}}
[BROADCAST REQUEST: n1 -> n2] {"id":0,"src":"n1","dest":"n2","body":{"type":"broadcast","message":"91","msg_id":null}}
[RECEIVED] {"id":1274,"src":"c10","dest":"n1","body":{"type":"broadcast","message":92,"msg_id":55}}
[MATCH BROADCAST]
[BROADCAST REQUEST: n1 -> n4] {"id":0,"src":"n1","dest":"n4","body":{"type":"broadcast","message":"92","msg_id":null}}
[BROADCAST REQUEST: n1 -> n2] {"id":0,"src":"n1","dest":"n2","body":{"type":"broadcast","message":"92","msg_id":null}}
[BROADCAST] {"src":"n1","dest":"c10","body":{"type":"broadcast_ok","in_reply_to":55,"msg_id":240}}
[RECEIVED] {"id":1278,"src":"n4","dest":"n1","body":{"type":"broadcast","message":"92","msg_id":null}}
[MATCH BROADCAST]
[RECEIVED] {"id":1282,"src":"n2","dest":"n1","body":{"type":"broadcast","message":"92","msg_id":null}}
[MATCH BROADCAST]
[RECEIVED] {"id":1286,"src":"c10","dest":"n1","body":{"type":"read","msg_id":56}}
[MATCH READ]
[READ] {"src":"n1","dest":"c10","body":{"type":"read_ok","messages":["0","1","10","11","12","13","14","15","16","17","18","19","2","20","21","22","23","24","25","26","27","28","29","3","30","31","32","33","34","35","36","37","38","39","4","40","41","42","43","44","45","46","47","48","49","5","50","51","52","53","54","55","56","57","58","59","6","60","61","62","63","64","65","66","67","68","69","7","70","71","72","73","74","75","76","77","78","79","8","80","81","82","83","84","85","86","87","88","89","9","90","91","92"],"in_reply_to":56,"msg_id":243}}
[RECEIVED] {"id":1293,"src":"n4","dest":"n1","body":{"type":"broadcast","message":"93","msg_id":null}}
[MATCH BROADCAST]
[BROADCAST REQUEST: n1 -> n4] {"id":0,"src":"n1","dest":"n4","body":{"type":"broadcast","message":"93","msg_id":null}}
[BROADCAST REQUEST: n1 -> n2] {"id":0,"src":"n1","dest":"n2","body":{"type":"broadcast","message":"93","msg_id":null}}
[RECEIVED] {"id":1302,"src":"n2","dest":"n1","body":{"type":"broadcast","message":"93","msg_id":null}}
[MATCH BROADCAST]
[RECEIVED] {"id":1309,"src":"n4","dest":"n1","body":{"type":"broadcast","message":"94","msg_id":null}}
[MATCH BROADCAST]
[RECEIVED] {"id":1312,"src":"n2","dest":"n1","body":{"type":"broadcast","message":"94","msg_id":null}}
[BROADCAST REQUEST: n1 -> n4] {"id":0,"src":"n1","dest":"n4","body":{"type":"broadcast","message":"94","msg_id":null}}
[MATCH BROADCAST]
[BROADCAST REQUEST: n1 -> n2] {"id":0,"src":"n1","dest":"n2","body":{"type":"broadcast","message":"94","msg_id":null}}
[RECEIVED] {"id":1316,"src":"c10","dest":"n1","body":{"type":"read","msg_id":57}}
[MATCH READ]
[READ] {"src":"n1","dest":"c10","body":{"type":"read_ok","messages":["0","1","10","11","12","13","14","15","16","17","18","19","2","20","21","22","23","24","25","26","27","28","29","3","30","31","32","33","34","35","36","37","38","39","4","40","41","42","43","44","45","46","47","48","49","5","50","51","52","53","54","55","56","57","58","59","6","60","61","62","63","64","65","66","67","68","69","7","70","71","72","73","74","75","76","77","78","79","8","80","81","82","83","84","85","86","87","88","89","9","90","91","92","93","94"],"in_reply_to":57,"msg_id":248}}
[RECEIVED] {"id":1318,"src":"c10","dest":"n1","body":{"type":"broadcast","message":95,"msg_id":58}}
[MATCH BROADCAST]
[BROADCAST REQUEST: n1 -> n4] {"id":0,"src":"n1","dest":"n4","body":{"type":"broadcast","message":"95","msg_id":null}}
[BROADCAST REQUEST: n1 -> n2] {"id":0,"src":"n1","dest":"n2","body":{"type":"broadcast","message":"95","msg_id":null}}
[BROADCAST] {"src":"n1","dest":"c10","body":{"type":"broadcast_ok","in_reply_to":58,"msg_id":249}}
[RECEIVED] {"id":1323,"src":"n4","dest":"n1","body":{"type":"broadcast","message":"95","msg_id":null}}
[MATCH BROADCAST]
[RECEIVED] {"id":1326,"src":"n2","dest":"n1","body":{"type":"broadcast","message":"95","msg_id":null}}
[MATCH BROADCAST]
[RECEIVED] {"id":1333,"src":"n2","dest":"n1","body":{"type":"broadcast","message":"96","msg_id":null}}
[MATCH BROADCAST]
[BROADCAST REQUEST: n1 -> n4] {"id":0,"src":"n1","dest":"n4","body":{"type":"broadcast","message":"96","msg_id":null}}
[BROADCAST REQUEST: n1 -> n2] {"id":0,"src":"n1","dest":"n2","body":{"type":"broadcast","message":"96","msg_id":null}}
[RECEIVED] {"id":1340,"src":"n4","dest":"n1","body":{"type":"broadcast","message":"96","msg_id":null}}
[MATCH BROADCAST]
[RECEIVED] {"id":1347,"src":"n2","dest":"n1","body":{"type":"broadcast","message":"97","msg_id":null}}
[MATCH BROADCAST]
[BROADCAST REQUEST: n1 -> n4] {"id":0,"src":"n1","dest":"n4","body":{"type":"broadcast","message":"97","msg_id":null}}
[BROADCAST REQUEST: n1 -> n2] {"id":0,"src":"n1","dest":"n2","body":{"type":"broadcast","message":"97","msg_id":null}}
[RECEIVED] {"id":1352,"src":"n4","dest":"n1","body":{"type":"broadcast","message":"97","msg_id":null}}
[MATCH BROADCAST]
[RECEIVED] {"id":1355,"src":"n4","dest":"n1","body":{"type":"broadcast","message":"98","msg_id":null}}
[MATCH BROADCAST]
[BROADCAST REQUEST: n1 -> n4] {"id":0,"src":"n1","dest":"n4","body":{"type":"broadcast","message":"98","msg_id":null}}
[BROADCAST REQUEST: n1 -> n2] {"id":0,"src":"n1","dest":"n2","body":{"type":"broadcast","message":"98","msg_id":null}}
[RECEIVED] {"id":1364,"src":"n2","dest":"n1","body":{"type":"broadcast","message":"98","msg_id":null}}
[MATCH BROADCAST]
[RECEIVED] {"id":1368,"src":"c10","dest":"n1","body":{"type":"read","msg_id":59}}
[MATCH READ]
[READ] {"src":"n1","dest":"c10","body":{"type":"read_ok","messages":["0","1","10","11","12","13","14","15","16","17","18","19","2","20","21","22","23","24","25","26","27","28","29","3","30","31","32","33","34","35","36","37","38","39","4","40","41","42","43","44","45","46","47","48","49","5","50","51","52","53","54","55","56","57","58","59","6","60","61","62","63","64","65","66","67","68","69","7","70","71","72","73","74","75","76","77","78","79","8","80","81","82","83","84","85","86","87","88","89","9","90","91","92","93","94","95","96","97","98"],"in_reply_to":59,"msg_id":258}}
[RECEIVED] {"id":1370,"src":"c10","dest":"n1","body":{"type":"read","msg_id":60}}
[MATCH READ]
[READ] {"src":"n1","dest":"c10","body":{"type":"read_ok","messages":["0","1","10","11","12","13","14","15","16","17","18","19","2","20","21","22","23","24","25","26","27","28","29","3","30","31","32","33","34","35","36","37","38","39","4","40","41","42","43","44","45","46","47","48","49","5","50","51","52","53","54","55","56","57","58","59","6","60","61","62","63","64","65","66","67","68","69","7","70","71","72","73","74","75","76","77","78","79","8","80","81","82","83","84","85","86","87","88","89","9","90","91","92","93","94","95","96","97","98"],"in_reply_to":60,"msg_id":259}}
[RECEIVED] {"id":1375,"src":"n2","dest":"n1","body":{"type":"broadcast","message":"99","msg_id":null}}
[MATCH BROADCAST]
[BROADCAST REQUEST: n1 -> n4] {"id":0,"src":"n1","dest":"n4","body":{"type":"broadcast","message":"99","msg_id":null}}
[BROADCAST REQUEST: n1 -> n2] {"id":0,"src":"n1","dest":"n2","body":{"type":"broadcast","message":"99","msg_id":null}}
[RECEIVED] {"id":1382,"src":"n4","dest":"n1","body":{"type":"broadcast","message":"99","msg_id":null}}
[MATCH BROADCAST]
[RECEIVED] {"id":1389,"src":"n2","dest":"n1","body":{"type":"broadcast","message":"100","msg_id":null}}
[MATCH BROADCAST]
[BROADCAST REQUEST: n1 -> n4] {"id":0,"src":"n1","dest":"n4","body":{"type":"broadcast","message":"100","msg_id":null}}
[BROADCAST REQUEST: n1 -> n2] {"id":0,"src":"n1","dest":"n2","body":{"type":"broadcast","message":"100","msg_id":null}}
[RECEIVED] {"id":1394,"src":"n4","dest":"n1","body":{"type":"broadcast","message":"100","msg_id":null}}
[MATCH BROADCAST]
[RECEIVED] {"id":1403,"src":"n4","dest":"n1","body":{"type":"broadcast","message":"101","msg_id":null}}
[MATCH BROADCAST]
[BROADCAST REQUEST: n1 -> n4] {"id":0,"src":"n1","dest":"n4","body":{"type":"broadcast","message":"101","msg_id":null}}
[RECEIVED] {"id":1406,"src":"n2","dest":"n1","body":{"type":"broadcast","message":"101","msg_id":null}}
[MATCH BROADCAST]
[BROADCAST REQUEST: n1 -> n2] {"id":0,"src":"n1","dest":"n2","body":{"type":"broadcast","message":"101","msg_id":null}}
[RECEIVED] {"id":1410,"src":"c10","dest":"n1","body":{"type":"read","msg_id":61}}
[MATCH READ]
[READ] {"src":"n1","dest":"c10","body":{"type":"read_ok","messages":["0","1","10","100","101","11","12","13","14","15","16","17","18","19","2","20","21","22","23","24","25","26","27","28","29","3","30","31","32","33","34","35","36","37","38","39","4","40","41","42","43","44","45","46","47","48","49","5","50","51","52","53","54","55","56","57","58","59","6","60","61","62","63","64","65","66","67","68","69","7","70","71","72","73","74","75","76","77","78","79","8","80","81","82","83","84","85","86","87","88","89","9","90","91","92","93","94","95","96","97","98","99"],"in_reply_to":61,"msg_id":266}}
[RECEIVED] {"id":1412,"src":"c10","dest":"n1","body":{"type":"broadcast","message":102,"msg_id":62}}
[MATCH BROADCAST]
[BROADCAST REQUEST: n1 -> n4] {"id":0,"src":"n1","dest":"n4","body":{"type":"broadcast","message":"102","msg_id":null}}
[BROADCAST REQUEST: n1 -> n2] {"id":0,"src":"n1","dest":"n2","body":{"type":"broadcast","message":"102","msg_id":null}}
[BROADCAST] {"src":"n1","dest":"c10","body":{"type":"broadcast_ok","in_reply_to":62,"msg_id":267}}
[RECEIVED] {"id":1416,"src":"n4","dest":"n1","body":{"type":"broadcast","message":"102","msg_id":null}}
[MATCH BROADCAST]
[RECEIVED] {"id":1420,"src":"n2","dest":"n1","body":{"type":"broadcast","message":"102","msg_id":null}}
[MATCH BROADCAST]
[RECEIVED] {"id":1431,"src":"n2","dest":"n1","body":{"type":"broadcast","message":"103","msg_id":null}}
[MATCH BROADCAST]
[BROADCAST REQUEST: n1 -> n4] {"id":0,"src":"n1","dest":"n4","body":{"type":"broadcast","message":"103","msg_id":null}}
[BROADCAST REQUEST: n1 -> n2] {"id":0,"src":"n1","dest":"n2","body":{"type":"broadcast","message":"103","msg_id":null}}
[RECEIVED] {"id":1436,"src":"n4","dest":"n1","body":{"type":"broadcast","message":"103","msg_id":null}}
[MATCH BROADCAST]
[RECEIVED] {"id":1439,"src":"n4","dest":"n1","body":{"type":"broadcast","message":"104","msg_id":null}}
[MATCH BROADCAST]
[BROADCAST REQUEST: n1 -> n4] {"id":0,"src":"n1","dest":"n4","body":{"type":"broadcast","message":"104","msg_id":null}}
[BROADCAST REQUEST: n1 -> n2] {"id":0,"src":"n1","dest":"n2","body":{"type":"broadcast","message":"104","msg_id":null}}
[RECEIVED] {"id":1448,"src":"n2","dest":"n1","body":{"type":"broadcast","message":"104","msg_id":null}}
[MATCH BROADCAST]
[RECEIVED] {"id":1452,"src":"c10","dest":"n1","body":{"type":"read","msg_id":63}}
[MATCH READ]
[READ] {"src":"n1","dest":"c10","body":{"type":"read_ok","messages":["0","1","10","100","101","102","103","104","11","12","13","14","15","16","17","18","19","2","20","21","22","23","24","25","26","27","28","29","3","30","31","32","33","34","35","36","37","38","39","4","40","41","42","43","44","45","46","47","48","49","5","50","51","52","53","54","55","56","57","58","59","6","60","61","62","63","64","65","66","67","68","69","7","70","71","72","73","74","75","76","77","78","79","8","80","81","82","83","84","85","86","87","88","89","9","90","91","92","93","94","95","96","97","98","99"],"in_reply_to":63,"msg_id":274}}
[RECEIVED] {"id":1454,"src":"c10","dest":"n1","body":{"type":"read","msg_id":64}}
[MATCH READ]
[READ] {"src":"n1","dest":"c10","body":{"type":"read_ok","messages":["0","1","10","100","101","102","103","104","11","12","13","14","15","16","17","18","19","2","20","21","22","23","24","25","26","27","28","29","3","30","31","32","33","34","35","36","37","38","39","4","40","41","42","43","44","45","46","47","48","49","5","50","51","52","53","54","55","56","57","58","59","6","60","61","62","63","64","65","66","67","68","69","7","70","71","72","73","74","75","76","77","78","79","8","80","81","82","83","84","85","86","87","88","89","9","90","91","92","93","94","95","96","97","98","99"],"in_reply_to":64,"msg_id":275}}
[RECEIVED] {"id":1459,"src":"n2","dest":"n1","body":{"type":"broadcast","message":"105","msg_id":null}}
[MATCH BROADCAST]
[BROADCAST REQUEST: n1 -> n4] {"id":0,"src":"n1","dest":"n4","body":{"type":"broadcast","message":"105","msg_id":null}}
[BROADCAST REQUEST: n1 -> n2] {"id":0,"src":"n1","dest":"n2","body":{"type":"broadcast","message":"105","msg_id":null}}
[RECEIVED] {"id":1466,"src":"n4","dest":"n1","body":{"type":"broadcast","message":"105","msg_id":null}}
[MATCH BROADCAST]
[RECEIVED] {"id":1471,"src":"n4","dest":"n1","body":{"type":"broadcast","message":"106","msg_id":null}}
[MATCH BROADCAST]
[BROADCAST REQUEST: n1 -> n4] {"id":0,"src":"n1","dest":"n4","body":{"type":"broadcast","message":"106","msg_id":null}}
[BROADCAST REQUEST: n1 -> n2] {"id":0,"src":"n1","dest":"n2","body":{"type":"broadcast","message":"106","msg_id":null}}
[RECEIVED] {"id":1480,"src":"n2","dest":"n1","body":{"type":"broadcast","message":"106","msg_id":null}}
[MATCH BROADCAST]
[RECEIVED] {"id":1484,"src":"c10","dest":"n1","body":{"type":"read","msg_id":65}}
[MATCH READ]
[READ] {"src":"n1","dest":"c10","body":{"type":"read_ok","messages":["0","1","10","100","101","102","103","104","105","106","11","12","13","14","15","16","17","18","19","2","20","21","22","23","24","25","26","27","28","29","3","30","31","32","33","34","35","36","37","38","39","4","40","41","42","43","44","45","46","47","48","49","5","50","51","52","53","54","55","56","57","58","59","6","60","61","62","63","64","65","66","67","68","69","7","70","71","72","73","74","75","76","77","78","79","8","80","81","82","83","84","85","86","87","88","89","9","90","91","92","93","94","95","96","97","98","99"],"in_reply_to":65,"msg_id":280}}
[RECEIVED] {"id":1486,"src":"c10","dest":"n1","body":{"type":"read","msg_id":66}}
[MATCH READ]
[READ] {"src":"n1","dest":"c10","body":{"type":"read_ok","messages":["0","1","10","100","101","102","103","104","105","106","11","12","13","14","15","16","17","18","19","2","20","21","22","23","24","25","26","27","28","29","3","30","31","32","33","34","35","36","37","38","39","4","40","41","42","43","44","45","46","47","48","49","5","50","51","52","53","54","55","56","57","58","59","6","60","61","62","63","64","65","66","67","68","69","7","70","71","72","73","74","75","76","77","78","79","8","80","81","82","83","84","85","86","87","88","89","9","90","91","92","93","94","95","96","97","98","99"],"in_reply_to":66,"msg_id":281}}
[RECEIVED] {"id":1489,"src":"c10","dest":"n1","body":{"type":"read","msg_id":67}}
[MATCH READ]
[READ] {"src":"n1","dest":"c10","body":{"type":"read_ok","messages":["0","1","10","100","101","102","103","104","105","106","11","12","13","14","15","16","17","18","19","2","20","21","22","23","24","25","26","27","28","29","3","30","31","32","33","34","35","36","37","38","39","4","40","41","42","43","44","45","46","47","48","49","5","50","51","52","53","54","55","56","57","58","59","6","60","61","62","63","64","65","66","67","68","69","7","70","71","72","73","74","75","76","77","78","79","8","80","81","82","83","84","85","86","87","88","89","9","90","91","92","93","94","95","96","97","98","99"],"in_reply_to":67,"msg_id":282}}
