[RECEIVED] {"id":1,"src":"c1","dest":"n2","body":{"type":"init","node_id":"n2","node_ids":["n1","n2","n3","n4","n5"],"msg_id":1}}
[MATCH INIT]
[INIT] {"src":"n2","dest":"c1","body":{"type":"init_ok","in_reply_to":1,"msg_id":0}}
[RECEIVED] {"id":11,"src":"c5","dest":"n2","body":{"type":"topology","topology":{"n1":["n4","n2"],"n2":["n5","n3","n1"],"n3":["n2"],"n4":["n1","n5"],"n5":["n2","n4"]},"msg_id":1}}
[MATCH TOPOLOGY]
[TOPOLOGY] {"src":"n2","dest":"c5","body":{"type":"topology_ok","in_reply_to":1,"msg_id":1}}
[RECEIVED] {"id":22,"src":"c11","dest":"n2","body":{"type":"broadcast","message":0,"msg_id":1}}
[MATCH BROADCAST]
[BROADCAST REQUEST: n2 -> n5] {"id":0,"src":"n2","dest":"n5","body":{"type":"broadcast","message":"0","msg_id":null}}
[BROADCAST REQUEST: n2 -> n3] {"id":0,"src":"n2","dest":"n3","body":{"type":"broadcast","message":"0","msg_id":null}}
[BROADCAST REQUEST: n2 -> n1] {"id":0,"src":"n2","dest":"n1","body":{"type":"broadcast","message":"0","msg_id":null}}
[BROADCAST] {"src":"n2","dest":"c11","body":{"type":"broadcast_ok","in_reply_to":1,"msg_id":2}}
[RECEIVED] {"id":27,"src":"n5","dest":"n2","body":{"type":"broadcast","message":"0","msg_id":null}}
[RECEIVED] {"id":28,"src":"n3","dest":"n2","body":{"type":"broadcast","message":"0","msg_id":null}}
[MATCH BROADCAST]
[MATCH BROADCAST]
[RECEIVED] {"id":31,"src":"n1","dest":"n2","body":{"type":"broadcast","message":"0","msg_id":null}}
[MATCH BROADCAST]
[RECEIVED] {"id":41,"src":"n1","dest":"n2","body":{"type":"broadcast","message":"1","msg_id":null}}
[MATCH BROADCAST]
[RECEIVED] {"id":42,"src":"n5","dest":"n2","body":{"type":"broadcast","message":"1","msg_id":null}}
[BROADCAST REQUEST: n2 -> n5] {"id":0,"src":"n2","dest":"n5","body":{"type":"broadcast","message":"1","msg_id":null}}
[MATCH BROADCAST]
[BROADCAST REQUEST: n2 -> n3] {"id":0,"src":"n2","dest":"n3","body":{"type":"broadcast","message":"1","msg_id":null}}
[BROADCAST REQUEST: n2 -> n1] {"id":0,"src":"n2","dest":"n1","body":{"type":"broadcast","message":"1","msg_id":null}}
[RECEIVED] {"id":47,"src":"n3","dest":"n2","body":{"type":"broadcast","message":"1","msg_id":null}}
[MATCH BROADCAST]
[RECEIVED] {"id":49,"src":"n5","dest":"n2","body":{"type":"broadcast","message":"2","msg_id":null}}
[MATCH BROADCAST]
[BROADCAST REQUEST: n2 -> n5] {"id":0,"src":"n2","dest":"n5","body":{"type":"broadcast","message":"2","msg_id":null}}
[BROADCAST REQUEST: n2 -> n3] {"id":0,"src":"n2","dest":"n3","body":{"type":"broadcast","message":"2","msg_id":null}}
[BROADCAST REQUEST: n2 -> n1] {"id":0,"src":"n2","dest":"n1","body":{"type":"broadcast","message":"2","msg_id":null}}
[RECEIVED] {"id":57,"src":"n3","dest":"n2","body":{"type":"broadcast","message":"2","msg_id":null}}
[MATCH BROADCAST]
[RECEIVED] {"id":59,"src":"n1","dest":"n2","body":{"type":"broadcast","message":"2","msg_id":null}}
[MATCH BROADCAST]
[RECEIVED] {"id":62,"src":"n1","dest":"n2","body":{"type":"broadcast","message":"3","msg_id":null}}
[MATCH BROADCAST]
[BROADCAST REQUEST: n2 -> n5] {"id":0,"src":"n2","dest":"n5","body":{"type":"broadcast","message":"3","msg_id":null}}
[BROADCAST REQUEST: n2 -> n3] {"id":0,"src":"n2","dest":"n3","body":{"type":"broadcast","message":"3","msg_id":null}}
[BROADCAST REQUEST: n2 -> n1] {"id":0,"src":"n2","dest":"n1","body":{"type":"broadcast","message":"3","msg_id":null}}
[RECEIVED] {"id":69,"src":"n5","dest":"n2","body":{"type":"broadcast","message":"3","msg_id":null}}
[MATCH BROADCAST]
[RECEIVED] {"id":70,"src":"n3","dest":"n2","body":{"type":"broadcast","message":"3","msg_id":null}}
[MATCH BROADCAST]
[RECEIVED] {"id":74,"src":"n1","dest":"n2","body":{"type":"broadcast","message":"4","msg_id":null}}
[MATCH BROADCAST]
[BROADCAST REQUEST: n2 -> n5] {"id":0,"src":"n2","dest":"n5","body":{"type":"broadcast","message":"4","msg_id":null}}
[BROADCAST REQUEST: n2 -> n3] {"id":0,"src":"n2","dest":"n3","body":{"type":"broadcast","message":"4","msg_id":null}}
[BROADCAST REQUEST: n2 -> n1] {"id":0,"src":"n2","dest":"n1","body":{"type":"broadcast","message":"4","msg_id":null}}
[RECEIVED] {"id":81,"src":"n3","dest":"n2","body":{"type":"broadcast","message":"4","msg_id":null}}
[RECEIVED] {"id":82,"src":"n5","dest":"n2","body":{"type":"broadcast","message":"4","msg_id":null}}
[MATCH BROADCAST]
[MATCH BROADCAST]
[RECEIVED] {"id":84,"src":"c11","dest":"n2","body":{"type":"broadcast","message":5,"msg_id":2}}
[MATCH BROADCAST]
[BROADCAST REQUEST: n2 -> n5] {"id":0,"src":"n2","dest":"n5","body":{"type":"broadcast","message":"5","msg_id":null}}
[BROADCAST REQUEST: n2 -> n3] {"id":0,"src":"n2","dest":"n3","body":{"type":"broadcast","message":"5","msg_id":null}}
[BROADCAST REQUEST: n2 -> n1] {"id":0,"src":"n2","dest":"n1","body":{"type":"broadcast","message":"5","msg_id":null}}
[BROADCAST] {"src":"n2","dest":"c11","body":{"type":"broadcast_ok","in_reply_to":2,"msg_id":18}}
[RECEIVED] {"id":89,"src":"n5","dest":"n2","body":{"type":"broadcast","message":"5","msg_id":null}}
[RECEIVED] {"id":90,"src":"n3","dest":"n2","body":{"type":"broadcast","message":"5","msg_id":null}}
[MATCH BROADCAST]
[MATCH BROADCAST]
[RECEIVED] {"id":93,"src":"n1","dest":"n2","body":{"type":"broadcast","message":"5","msg_id":null}}
[MATCH BROADCAST]
[RECEIVED] {"id":97,"src":"n3","dest":"n2","body":{"type":"broadcast","message":"6","msg_id":null}}
[MATCH BROADCAST]
[BROADCAST REQUEST: n2 -> n5] {"id":0,"src":"n2","dest":"n5","body":{"type":"broadcast","message":"6","msg_id":null}}
[BROADCAST REQUEST: n2 -> n3] {"id":0,"src":"n2","dest":"n3","body":{"type":"broadcast","message":"6","msg_id":null}}
[BROADCAST REQUEST: n2 -> n1] {"id":0,"src":"n2","dest":"n1","body":{"type":"broadcast","message":"6","msg_id":null}}
[RECEIVED] {"id":102,"src":"n5","dest":"n2","body":{"type":"broadcast","message":"6","msg_id":null}}
[MATCH BROADCAST]
[RECEIVED] {"id":105,"src":"n1","dest":"n2","body":{"type":"broadcast","message":"6","msg_id":null}}
[MATCH BROADCAST]
[RECEIVED] {"id":113,"src":"n5","dest":"n2","body":{"type":"broadcast","message":"7","msg_id":null}}
[RECEIVED] {"id":114,"src":"n1","dest":"n2","body":{"type":"broadcast","message":"7","msg_id":null}}
[MATCH BROADCAST]
[MATCH BROADCAST]
[BROADCAST REQUEST: n2 -> n5] {"id":0,"src":"n2","dest":"n5","body":{"type":"broadcast","message":"7","msg_id":null}}
[BROADCAST REQUEST: n2 -> n3] {"id":0,"src":"n2","dest":"n3","body":{"type":"broadcast","message":"7","msg_id":null}}
[BROADCAST REQUEST: n2 -> n1] {"id":0,"src":"n2","dest":"n1","body":{"type":"broadcast","message":"7","msg_id":null}}
[RECEIVED] {"id":119,"src":"n3","dest":"n2","body":{"type":"broadcast","message":"7","msg_id":null}}
[MATCH BROADCAST]
[RECEIVED] {"id":121,"src":"n5","dest":"n2","body":{"type":"broadcast","message":"8","msg_id":null}}
[MATCH BROADCAST]
[BROADCAST REQUEST: n2 -> n5] {"id":0,"src":"n2","dest":"n5","body":{"type":"broadcast","message":"8","msg_id":null}}
[BROADCAST REQUEST: n2 -> n3] {"id":0,"src":"n2","dest":"n3","body":{"type":"broadcast","message":"8","msg_id":null}}
[BROADCAST REQUEST: n2 -> n1] {"id":0,"src":"n2","dest":"n1","body":{"type":"broadcast","message":"8","msg_id":null}}
[RECEIVED] {"id":129,"src":"n3","dest":"n2","body":{"type":"broadcast","message":"8","msg_id":null}}
[MATCH BROADCAST]
[RECEIVED] {"id":131,"src":"n1","dest":"n2","body":{"type":"broadcast","message":"8","msg_id":null}}
[MATCH BROADCAST]
[RECEIVED] {"id":136,"src":"n1","dest":"n2","body":{"type":"broadcast","message":"9","msg_id":null}}
[MATCH BROADCAST]
[BROADCAST REQUEST: n2 -> n5] {"id":0,"src":"n2","dest":"n5","body":{"type":"broadcast","message":"9","msg_id":null}}
[BROADCAST REQUEST: n2 -> n3] {"id":0,"src":"n2","dest":"n3","body":{"type":"broadcast","message":"9","msg_id":null}}
[BROADCAST REQUEST: n2 -> n1] {"id":0,"src":"n2","dest":"n1","body":{"type":"broadcast","message":"9","msg_id":null}}
[RECEIVED] {"id":143,"src":"n5","dest":"n2","body":{"type":"broadcast","message":"9","msg_id":null}}
[RECEIVED] {"id":144,"src":"n3","dest":"n2","body":{"type":"broadcast","message":"9","msg_id":null}}
[MATCH BROADCAST]
[MATCH BROADCAST]
[RECEIVED] {"id":146,"src":"c11","dest":"n2","body":{"type":"broadcast","message":10,"msg_id":3}}
[MATCH BROADCAST]
[BROADCAST REQUEST: n2 -> n5] {"id":0,"src":"n2","dest":"n5","body":{"type":"broadcast","message":"10","msg_id":null}}
[BROADCAST REQUEST: n2 -> n3] {"id":0,"src":"n2","dest":"n3","body":{"type":"broadcast","message":"10","msg_id":null}}
[BROADCAST REQUEST: n2 -> n1] {"id":0,"src":"n2","dest":"n1","body":{"type":"broadcast","message":"10","msg_id":null}}
[BROADCAST] {"src":"n2","dest":"c11","body":{"type":"broadcast_ok","in_reply_to":3,"msg_id":34}}
[RECEIVED] {"id":151,"src":"n5","dest":"n2","body":{"type":"broadcast","message":"10","msg_id":null}}
[RECEIVED] {"id":152,"src":"n3","dest":"n2","body":{"type":"broadcast","message":"10","msg_id":null}}
[MATCH BROADCAST]
[MATCH BROADCAST]
[RECEIVED] {"id":155,"src":"n1","dest":"n2","body":{"type":"broadcast","message":"10","msg_id":null}}
[MATCH BROADCAST]
[RECEIVED] {"id":165,"src":"n1","dest":"n2","body":{"type":"broadcast","message":"11","msg_id":null}}
[RECEIVED] {"id":166,"src":"n5","dest":"n2","body":{"type":"broadcast","message":"11","msg_id":null}}
[MATCH BROADCAST]
[MATCH BROADCAST]
[BROADCAST REQUEST: n2 -> n5] {"id":0,"src":"n2","dest":"n5","body":{"type":"broadcast","message":"11","msg_id":null}}
[BROADCAST REQUEST: n2 -> n3] {"id":0,"src":"n2","dest":"n3","body":{"type":"broadcast","message":"11","msg_id":null}}
[BROADCAST REQUEST: n2 -> n1] {"id":0,"src":"n2","dest":"n1","body":{"type":"broadcast","message":"11","msg_id":null}}
[RECEIVED] {"id":171,"src":"n3","dest":"n2","body":{"type":"broadcast","message":"11","msg_id":null}}
[MATCH BROADCAST]
[RECEIVED] {"id":173,"src":"n5","dest":"n2","body":{"type":"broadcast","message":"12","msg_id":null}}
[MATCH BROADCAST]
[BROADCAST REQUEST: n2 -> n5] {"id":0,"src":"n2","dest":"n5","body":{"type":"broadcast","message":"12","msg_id":null}}
[BROADCAST REQUEST: n2 -> n3] {"id":0,"src":"n2","dest":"n3","body":{"type":"broadcast","message":"12","msg_id":null}}
[BROADCAST REQUEST: n2 -> n1] {"id":0,"src":"n2","dest":"n1","body":{"type":"broadcast","message":"12","msg_id":null}}
[RECEIVED] {"id":182,"src":"n3","dest":"n2","body":{"type":"broadcast","message":"12","msg_id":null}}
[RECEIVED] {"id":183,"src":"n1","dest":"n2","body":{"type":"broadcast","message":"12","msg_id":null}}
[MATCH BROADCAST]
[MATCH BROADCAST]
[RECEIVED] {"id":185,"src":"c11","dest":"n2","body":{"type":"read","msg_id":4}}
[MATCH READ]
[READ] {"src":"n2","dest":"c11","body":{"type":"read_ok","messages":["0","1","10","11","12","2","3","4","5","6","7","8","9"],"in_reply_to":4,"msg_id":44}}
[RECEIVED] {"id":188,"src":"n1","dest":"n2","body":{"type":"broadcast","message":"13","msg_id":null}}
[MATCH BROADCAST]
[BROADCAST REQUEST: n2 -> n5] {"id":0,"src":"n2","dest":"n5","body":{"type":"broadcast","message":"13","msg_id":null}}
[BROADCAST REQUEST: n2 -> n3] {"id":0,"src":"n2","dest":"n3","body":{"type":"broadcast","message":"13","msg_id":null}}
[BROADCAST REQUEST: n2 -> n1] {"id":0,"src":"n2","dest":"n1","body":{"type":"broadcast","message":"13","msg_id":null}}
[RECEIVED] {"id":195,"src":"n5","dest":"n2","body":{"type":"broadcast","message":"13","msg_id":null}}
[MATCH BROADCAST]
[RECEIVED] {"id":196,"src":"n3","dest":"n2","body":{"type":"broadcast","message":"13","msg_id":null}}
[MATCH BROADCAST]
[RECEIVED] {"id":198,"src":"c11","dest":"n2","body":{"type":"read","msg_id":5}}
[MATCH READ]
[READ] {"src":"n2","dest":"c11","body":{"type":"read_ok","messages":["0","1","10","11","12","13","2","3","4","5","6","7","8","9"],"in_reply_to":5,"msg_id":48}}
[RECEIVED] {"id":201,"src":"n3","dest":"n2","body":{"type":"broadcast","message":"14","msg_id":null}}
[MATCH BROADCAST]
[BROADCAST REQUEST: n2 -> n5] {"id":0,"src":"n2","dest":"n5","body":{"type":"broadcast","message":"14","msg_id":null}}
[BROADCAST REQUEST: n2 -> n3] {"id":0,"src":"n2","dest":"n3","body":{"type":"broadcast","message":"14","msg_id":null}}
[BROADCAST REQUEST: n2 -> n1] {"id":0,"src":"n2","dest":"n1","body":{"type":"broadcast","message":"14","msg_id":null}}
[RECEIVED] {"id":206,"src":"n5","dest":"n2","body":{"type":"broadcast","message":"14","msg_id":null}}
[MATCH BROADCAST]
[RECEIVED] {"id":209,"src":"n1","dest":"n2","body":{"type":"broadcast","message":"14","msg_id":null}}
[MATCH BROADCAST]
[RECEIVED] {"id":215,"src":"n5","dest":"n2","body":{"type":"broadcast","message":"15","msg_id":null}}
[MATCH BROADCAST]
[BROADCAST REQUEST: n2 -> n5] {"id":0,"src":"n2","dest":"n5","body":{"type":"broadcast","message":"15","msg_id":null}}
[BROADCAST REQUEST: n2 -> n3] {"id":0,"src":"n2","dest":"n3","body":{"type":"broadcast","message":"15","msg_id":null}}
[BROADCAST REQUEST: n2 -> n1] {"id":0,"src":"n2","dest":"n1","body":{"type":"broadcast","message":"15","msg_id":null}}
[RECEIVED] {"id":223,"src":"n3","dest":"n2","body":{"type":"broadcast","message":"15","msg_id":null}}
[MATCH BROADCAST]
[RECEIVED] {"id":225,"src":"n1","dest":"n2","body":{"type":"broadcast","message":"15","msg_id":null}}
[MATCH BROADCAST]
[RECEIVED] {"id":230,"src":"n1","dest":"n2","body":{"type":"broadcast","message":"16","msg_id":null}}
[MATCH BROADCAST]
[BROADCAST REQUEST: n2 -> n5] {"id":0,"src":"n2","dest":"n5","body":{"type":"broadcast","message":"16","msg_id":null}}
[BROADCAST REQUEST: n2 -> n3] {"id":0,"src":"n2","dest":"n3","body":{"type":"broadcast","message":"16","msg_id":null}}
[BROADCAST REQUEST: n2 -> n1] {"id":0,"src":"n2","dest":"n1","body":{"type":"broadcast","message":"16","msg_id":null}}
[RECEIVED] {"id":237,"src":"n3","dest":"n2","body":{"type":"broadcast","message":"16","msg_id":null}}
[MATCH BROADCAST]
[RECEIVED] {"id":238,"src":"n5","dest":"n2","body":{"type":"broadcast","message":"16","msg_id":null}}
[MATCH BROADCAST]
[RECEIVED] {"id":240,"src":"c11","dest":"n2","body":{"type":"read","msg_id":6}}
[MATCH READ]
[READ] {"src":"n2","dest":"c11","body":{"type":"read_ok","messages":["0","1","10","11","12","13","14","15","16","2","3","4","5","6","7","8","9"],"in_reply_to":6,"msg_id":58}}
[RECEIVED] {"id":243,"src":"n3","dest":"n2","body":{"type":"broadcast","message":"17","msg_id":null}}
[MATCH BROADCAST]
[BROADCAST REQUEST: n2 -> n5] {"id":0,"src":"n2","dest":"n5","body":{"type":"broadcast","message":"17","msg_id":null}}
[BROADCAST REQUEST: n2 -> n3] {"id":0,"src":"n2","dest":"n3","body":{"type":"broadcast","message":"17","msg_id":null}}
[BROADCAST REQUEST: n2 -> n1] {"id":0,"src":"n2","dest":"n1","body":{"type":"broadcast","message":"17","msg_id":null}}
[RECEIVED] {"id":248,"src":"n5","dest":"n2","body":{"type":"broadcast","message":"17","msg_id":null}}
[MATCH BROADCAST]
[RECEIVED] {"id":251,"src":"n1","dest":"n2","body":{"type":"broadcast","message":"17","msg_id":null}}
[MATCH BROADCAST]
[RECEIVED] {"id":259,"src":"n1","dest":"n2","body":{"type":"broadcast","message":"18","msg_id":null}}
[RECEIVED] {"id":260,"src":"n5","dest":"n2","body":{"type":"broadcast","message":"18","msg_id":null}}
[MATCH BROADCAST]
[MATCH BROADCAST]
[BROADCAST REQUEST: n2 -> n5] {"id":0,"src":"n2","dest":"n5","body":{"type":"broadcast","message":"18","msg_id":null}}
[BROADCAST REQUEST: n2 -> n3] {"id":0,"src":"n2","dest":"n3","body":{"type":"broadcast","message":"18","msg_id":null}}
[BROADCAST REQUEST: n2 -> n1] {"id":0,"src":"n2","dest":"n1","body":{"type":"broadcast","message":"18","msg_id":null}}
[RECEIVED] {"id":266,"src":"n5","dest":"n2","body":{"type":"broadcast","message":"19","msg_id":null}}
[MATCH BROADCAST]
[RECEIVED] {"id":268,"src":"n3","dest":"n2","body":{"type":"broadcast","message":"18","msg_id":null}}
[BROADCAST REQUEST: n2 -> n5] {"id":0,"src":"n2","dest":"n5","body":{"type":"broadcast","message":"19","msg_id":null}}
[MATCH BROADCAST]
[BROADCAST REQUEST: n2 -> n3] {"id":0,"src":"n2","dest":"n3","body":{"type":"broadcast","message":"19","msg_id":null}}
[BROADCAST REQUEST: n2 -> n1] {"id":0,"src":"n2","dest":"n1","body":{"type":"broadcast","message":"19","msg_id":null}}
[RECEIVED] {"id":276,"src":"n3","dest":"n2","body":{"type":"broadcast","message":"19","msg_id":null}}
[MATCH BROADCAST]
[RECEIVED] {"id":277,"src":"n1","dest":"n2","body":{"type":"broadcast","message":"19","msg_id":null}}
[MATCH BROADCAST]
[RECEIVED] {"id":280,"src":"n1","dest":"n2","body":{"type":"broadcast","message":"20","msg_id":null}}
[MATCH BROADCAST]
[BROADCAST REQUEST: n2 -> n5] {"id":0,"src":"n2","dest":"n5","body":{"type":"broadcast","message":"20","msg_id":null}}
[BROADCAST REQUEST: n2 -> n3] {"id":0,"src":"n2","dest":"n3","body":{"type":"broadcast","message":"20","msg_id":null}}
[BROADCAST REQUEST: n2 -> n1] {"id":0,"src":"n2","dest":"n1","body":{"type":"broadcast","message":"20","msg_id":null}}
[RECEIVED] {"id":287,"src":"n3","dest":"n2","body":{"type":"broadcast","message":"20","msg_id":null}}
[MATCH BROADCAST]
[RECEIVED] {"id":288,"src":"n5","dest":"n2","body":{"type":"broadcast","message":"20","msg_id":null}}
[MATCH BROADCAST]
[RECEIVED] {"id":292,"src":"n1","dest":"n2","body":{"type":"broadcast","message":"21","msg_id":null}}
[MATCH BROADCAST]
[BROADCAST REQUEST: n2 -> n5] {"id":0,"src":"n2","dest":"n5","body":{"type":"broadcast","message":"21","msg_id":null}}
[BROADCAST REQUEST: n2 -> n3] {"id":0,"src":"n2","dest":"n3","body":{"type":"broadcast","message":"21","msg_id":null}}
[BROADCAST REQUEST: n2 -> n1] {"id":0,"src":"n2","dest":"n1","body":{"type":"broadcast","message":"21","msg_id":null}}
[RECEIVED] {"id":299,"src":"n5","dest":"n2","body":{"type":"broadcast","message":"21","msg_id":null}}
[RECEIVED] {"id":300,"src":"n3","dest":"n2","body":{"type":"broadcast","message":"21","msg_id":null}}
[MATCH BROADCAST]
[MATCH BROADCAST]
[RECEIVED] {"id":302,"src":"c11","dest":"n2","body":{"type":"broadcast","message":22,"msg_id":7}}
[MATCH BROADCAST]
[BROADCAST REQUEST: n2 -> n5] {"id":0,"src":"n2","dest":"n5","body":{"type":"broadcast","message":"22","msg_id":null}}
[BROADCAST REQUEST: n2 -> n3] {"id":0,"src":"n2","dest":"n3","body":{"type":"broadcast","message":"22","msg_id":null}}
[BROADCAST REQUEST: n2 -> n1] {"id":0,"src":"n2","dest":"n1","body":{"type":"broadcast","message":"22","msg_id":null}}
[BROADCAST] {"src":"n2","dest":"c11","body":{"type":"broadcast_ok","in_reply_to":7,"msg_id":74}}
[RECEIVED] {"id":307,"src":"n5","dest":"n2","body":{"type":"broadcast","message":"22","msg_id":null}}
[MATCH BROADCAST]
[RECEIVED] {"id":309,"src":"n3","dest":"n2","body":{"type":"broadcast","message":"22","msg_id":null}}
[MATCH BROADCAST]
[RECEIVED] {"id":311,"src":"n1","dest":"n2","body":{"type":"broadcast","message":"22","msg_id":null}}
[MATCH BROADCAST]
[RECEIVED] {"id":315,"src":"n3","dest":"n2","body":{"type":"broadcast","message":"23","msg_id":null}}
[MATCH BROADCAST]
[BROADCAST REQUEST: n2 -> n5] {"id":0,"src":"n2","dest":"n5","body":{"type":"broadcast","message":"23","msg_id":null}}
[BROADCAST REQUEST: n2 -> n3] {"id":0,"src":"n2","dest":"n3","body":{"type":"broadcast","message":"23","msg_id":null}}
[BROADCAST REQUEST: n2 -> n1] {"id":0,"src":"n2","dest":"n1","body":{"type":"broadcast","message":"23","msg_id":null}}
[RECEIVED] {"id":320,"src":"n5","dest":"n2","body":{"type":"broadcast","message":"23","msg_id":null}}
[MATCH BROADCAST]
[RECEIVED] {"id":323,"src":"n1","dest":"n2","body":{"type":"broadcast","message":"23","msg_id":null}}
[MATCH BROADCAST]
[RECEIVED] {"id":331,"src":"n1","dest":"n2","body":{"type":"broadcast","message":"24","msg_id":null}}
[RECEIVED] {"id":332,"src":"n5","dest":"n2","body":{"type":"broadcast","message":"24","msg_id":null}}
[MATCH BROADCAST]
[MATCH BROADCAST]
[BROADCAST REQUEST: n2 -> n5] {"id":0,"src":"n2","dest":"n5","body":{"type":"broadcast","message":"24","msg_id":null}}
[BROADCAST REQUEST: n2 -> n3] {"id":0,"src":"n2","dest":"n3","body":{"type":"broadcast","message":"24","msg_id":null}}
[BROADCAST REQUEST: n2 -> n1] {"id":0,"src":"n2","dest":"n1","body":{"type":"broadcast","message":"24","msg_id":null}}
[RECEIVED] {"id":337,"src":"n3","dest":"n2","body":{"type":"broadcast","message":"24","msg_id":null}}
[MATCH BROADCAST]
[RECEIVED] {"id":339,"src":"n5","dest":"n2","body":{"type":"broadcast","message":"25","msg_id":null}}
[MATCH BROADCAST]
[BROADCAST REQUEST: n2 -> n5] {"id":0,"src":"n2","dest":"n5","body":{"type":"broadcast","message":"25","msg_id":null}}
[BROADCAST REQUEST: n2 -> n3] {"id":0,"src":"n2","dest":"n3","body":{"type":"broadcast","message":"25","msg_id":null}}
[BROADCAST REQUEST: n2 -> n1] {"id":0,"src":"n2","dest":"n1","body":{"type":"broadcast","message":"25","msg_id":null}}
[RECEIVED] {"id":348,"src":"n3","dest":"n2","body":{"type":"broadcast","message":"25","msg_id":null}}
[RECEIVED] {"id":349,"src":"n1","dest":"n2","body":{"type":"broadcast","message":"25","msg_id":null}}
[MATCH BROADCAST]
[MATCH BROADCAST]
[RECEIVED] {"id":352,"src":"n1","dest":"n2","body":{"type":"broadcast","message":"26","msg_id":null}}
[MATCH BROADCAST]
[BROADCAST REQUEST: n2 -> n5] {"id":0,"src":"n2","dest":"n5","body":{"type":"broadcast","message":"26","msg_id":null}}
[BROADCAST REQUEST: n2 -> n3] {"id":0,"src":"n2","dest":"n3","body":{"type":"broadcast","message":"26","msg_id":null}}
[BROADCAST REQUEST: n2 -> n1] {"id":0,"src":"n2","dest":"n1","body":{"type":"broadcast","message":"26","msg_id":null}}
[RECEIVED] {"id":359,"src":"n5","dest":"n2","body":{"type":"broadcast","message":"26","msg_id":null}}
[MATCH BROADCAST]
[RECEIVED] {"id":361,"src":"n3","dest":"n2","body":{"type":"broadcast","message":"26","msg_id":null}}
[MATCH BROADCAST]
[RECEIVED] {"id":364,"src":"c11","dest":"n2","body":{"type":"broadcast","message":27,"msg_id":8}}
[MATCH BROADCAST]
[BROADCAST REQUEST: n2 -> n5] {"id":0,"src":"n2","dest":"n5","body":{"type":"broadcast","message":"27","msg_id":null}}
[BROADCAST REQUEST: n2 -> n3] {"id":0,"src":"n2","dest":"n3","body":{"type":"broadcast","message":"27","msg_id":null}}
[BROADCAST REQUEST: n2 -> n1] {"id":0,"src":"n2","dest":"n1","body":{"type":"broadcast","message":"27","msg_id":null}}
[BROADCAST] {"src":"n2","dest":"c11","body":{"type":"broadcast_ok","in_reply_to":8,"msg_id":90}}
[RECEIVED] {"id":369,"src":"n5","dest":"n2","body":{"type":"broadcast","message":"27","msg_id":null}}
[RECEIVED] {"id":371,"src":"n3","dest":"n2","body":{"type":"broadcast","message":"27","msg_id":null}}
[MATCH BROADCAST]
[RECEIVED] {"id":373,"src":"n1","dest":"n2","body":{"type":"broadcast","message":"27","msg_id":null}}
[MATCH BROADCAST]
[MATCH BROADCAST]
[RECEIVED] {"id":384,"src":"n5","dest":"n2","body":{"type":"broadcast","message":"28","msg_id":null}}
[RECEIVED] {"id":385,"src":"n1","dest":"n2","body":{"type":"broadcast","message":"28","msg_id":null}}
[MATCH BROADCAST]
[MATCH BROADCAST]
[BROADCAST REQUEST: n2 -> n5] {"id":0,"src":"n2","dest":"n5","body":{"type":"broadcast","message":"28","msg_id":null}}
[BROADCAST REQUEST: n2 -> n3] {"id":0,"src":"n2","dest":"n3","body":{"type":"broadcast","message":"28","msg_id":null}}
[BROADCAST REQUEST: n2 -> n1] {"id":0,"src":"n2","dest":"n1","body":{"type":"broadcast","message":"28","msg_id":null}}
[RECEIVED] {"id":391,"src":"n3","dest":"n2","body":{"type":"broadcast","message":"28","msg_id":null}}
[MATCH BROADCAST]
[RECEIVED] {"id":396,"src":"c11","dest":"n2","body":{"type":"broadcast","message":29,"msg_id":9}}
[MATCH BROADCAST]
[BROADCAST REQUEST: n2 -> n5] {"id":0,"src":"n2","dest":"n5","body":{"type":"broadcast","message":"29","msg_id":null}}
[BROADCAST REQUEST: n2 -> n3] {"id":0,"src":"n2","dest":"n3","body":{"type":"broadcast","message":"29","msg_id":null}}
[BROADCAST REQUEST: n2 -> n1] {"id":0,"src":"n2","dest":"n1","body":{"type":"broadcast","message":"29","msg_id":null}}
[BROADCAST] {"src":"n2","dest":"c11","body":{"type":"broadcast_ok","in_reply_to":9,"msg_id":97}}
[RECEIVED] {"id":401,"src":"n3","dest":"n2","body":{"type":"broadcast","message":"29","msg_id":null}}
[RECEIVED] {"id":402,"src":"n5","dest":"n2","body":{"type":"broadcast","message":"29","msg_id":null}}
[MATCH BROADCAST]
[MATCH BROADCAST]
[RECEIVED] {"id":405,"src":"n1","dest":"n2","body":{"type":"broadcast","message":"29","msg_id":null}}
[MATCH BROADCAST]
[RECEIVED] {"id":409,"src":"n3","dest":"n2","body":{"type":"broadcast","message":"30","msg_id":null}}
[MATCH BROADCAST]
[BROADCAST REQUEST: n2 -> n5] {"id":0,"src":"n2","dest":"n5","body":{"type":"broadcast","message":"30","msg_id":null}}
[BROADCAST REQUEST: n2 -> n3] {"id":0,"src":"n2","dest":"n3","body":{"type":"broadcast","message":"30","msg_id":null}}
[BROADCAST REQUEST: n2 -> n1] {"id":0,"src":"n2","dest":"n1","body":{"type":"broadcast","message":"30","msg_id":null}}
[RECEIVED] {"id":414,"src":"n5","dest":"n2","body":{"type":"broadcast","message":"30","msg_id":null}}
[MATCH BROADCAST]
[RECEIVED] {"id":417,"src":"n1","dest":"n2","body":{"type":"broadcast","message":"30","msg_id":null}}
[MATCH BROADCAST]
[RECEIVED] {"id":426,"src":"n1","dest":"n2","body":{"type":"broadcast","message":"31","msg_id":null}}
[MATCH BROADCAST]
[BROADCAST REQUEST: n2 -> n5] {"id":0,"src":"n2","dest":"n5","body":{"type":"broadcast","message":"31","msg_id":null}}
[BROADCAST REQUEST: n2 -> n3] {"id":0,"src":"n2","dest":"n3","body":{"type":"broadcast","message":"31","msg_id":null}}
[BROADCAST REQUEST: n2 -> n1] {"id":0,"src":"n2","dest":"n1","body":{"type":"broadcast","message":"31","msg_id":null}}
[RECEIVED] {"id":433,"src":"n3","dest":"n2","body":{"type":"broadcast","message":"31","msg_id":null}}
[RECEIVED] {"id":434,"src":"n5","dest":"n2","body":{"type":"broadcast","message":"31","msg_id":null}}
[MATCH BROADCAST]
[MATCH BROADCAST]
[RECEIVED] {"id":438,"src":"n1","dest":"n2","body":{"type":"broadcast","message":"32","msg_id":null}}
[MATCH BROADCAST]
[BROADCAST REQUEST: n2 -> n5] {"id":0,"src":"n2","dest":"n5","body":{"type":"broadcast","message":"32","msg_id":null}}
[BROADCAST REQUEST: n2 -> n3] {"id":0,"src":"n2","dest":"n3","body":{"type":"broadcast","message":"32","msg_id":null}}
[BROADCAST REQUEST: n2 -> n1] {"id":0,"src":"n2","dest":"n1","body":{"type":"broadcast","message":"32","msg_id":null}}
[RECEIVED] {"id":445,"src":"n5","dest":"n2","body":{"type":"broadcast","message":"32","msg_id":null}}
[MATCH BROADCAST]
[RECEIVED] {"id":446,"src":"n3","dest":"n2","body":{"type":"broadcast","message":"32","msg_id":null}}
[MATCH BROADCAST]
[RECEIVED] {"id":448,"src":"c11","dest":"n2","body":{"type":"read","msg_id":10}}
[MATCH READ]
[READ] {"src":"n2","dest":"c11","body":{"type":"read_ok","messages":["0","1","10","11","12","13","14","15","16","17","18","19","2","20","21","22","23","24","25","26","27","28","29","3","30","31","32","4","5","6","7","8","9"],"in_reply_to":10,"msg_id":110}}
[RECEIVED] {"id":451,"src":"n3","dest":"n2","body":{"type":"broadcast","message":"33","msg_id":null}}
[MATCH BROADCAST]
[BROADCAST REQUEST: n2 -> n5] {"id":0,"src":"n2","dest":"n5","body":{"type":"broadcast","message":"33","msg_id":null}}
[BROADCAST REQUEST: n2 -> n3] {"id":0,"src":"n2","dest":"n3","body":{"type":"broadcast","message":"33","msg_id":null}}
[BROADCAST REQUEST: n2 -> n1] {"id":0,"src":"n2","dest":"n1","body":{"type":"broadcast","message":"33","msg_id":null}}
[RECEIVED] {"id":456,"src":"n5","dest":"n2","body":{"type":"broadcast","message":"33","msg_id":null}}
[MATCH BROADCAST]
[RECEIVED] {"id":459,"src":"n1","dest":"n2","body":{"type":"broadcast","message":"33","msg_id":null}}
[MATCH BROADCAST]
[RECEIVED] {"id":465,"src":"n5","dest":"n2","body":{"type":"broadcast","message":"34","msg_id":null}}
[MATCH BROADCAST]
[BROADCAST REQUEST: n2 -> n5] {"id":0,"src":"n2","dest":"n5","body":{"type":"broadcast","message":"34","msg_id":null}}
[BROADCAST REQUEST: n2 -> n3] {"id":0,"src":"n2","dest":"n3","body":{"type":"broadcast","message":"34","msg_id":null}}
[BROADCAST REQUEST: n2 -> n1] {"id":0,"src":"n2","dest":"n1","body":{"type":"broadcast","message":"34","msg_id":null}}
[RECEIVED] {"id":474,"src":"n3","dest":"n2","body":{"type":"broadcast","message":"34","msg_id":null}}
[MATCH BROADCAST]
[RECEIVED] {"id":476,"src":"n1","dest":"n2","body":{"type":"broadcast","message":"34","msg_id":null}}
[MATCH BROADCAST]
[RECEIVED] {"id":478,"src":"n1","dest":"n2","body":{"type":"broadcast","message":"35","msg_id":null}}
[MATCH BROADCAST]
[BROADCAST REQUEST: n2 -> n5] {"id":0,"src":"n2","dest":"n5","body":{"type":"broadcast","message":"35","msg_id":null}}
[BROADCAST REQUEST: n2 -> n3] {"id":0,"src":"n2","dest":"n3","body":{"type":"broadcast","message":"35","msg_id":null}}
[BROADCAST REQUEST: n2 -> n1] {"id":0,"src":"n2","dest":"n1","body":{"type":"broadcast","message":"35","msg_id":null}}
[RECEIVED] {"id":485,"src":"n5","dest":"n2","body":{"type":"broadcast","message":"35","msg_id":null}}
[MATCH BROADCAST]
[RECEIVED] {"id":487,"src":"n3","dest":"n2","body":{"type":"broadcast","message":"35","msg_id":null}}
[MATCH BROADCAST]
[RECEIVED] {"id":490,"src":"n1","dest":"n2","body":{"type":"broadcast","message":"36","msg_id":null}}
[MATCH BROADCAST]
[BROADCAST REQUEST: n2 -> n5] {"id":0,"src":"n2","dest":"n5","body":{"type":"broadcast","message":"36","msg_id":null}}
[BROADCAST REQUEST: n2 -> n3] {"id":0,"src":"n2","dest":"n3","body":{"type":"broadcast","message":"36","msg_id":null}}
[BROADCAST REQUEST: n2 -> n1] {"id":0,"src":"n2","dest":"n1","body":{"type":"broadcast","message":"36","msg_id":null}}
[RECEIVED] {"id":497,"src":"n3","dest":"n2","body":{"type":"broadcast","message":"36","msg_id":null}}
[RECEIVED] {"id":498,"src":"n5","dest":"n2","body":{"type":"broadcast","message":"36","msg_id":null}}
[MATCH BROADCAST]
[MATCH BROADCAST]
[RECEIVED] {"id":500,"src":"c11","dest":"n2","body":{"type":"broadcast","message":37,"msg_id":11}}
[MATCH BROADCAST]
[BROADCAST REQUEST: n2 -> n5] {"id":0,"src":"n2","dest":"n5","body":{"type":"broadcast","message":"37","msg_id":null}}
[BROADCAST REQUEST: n2 -> n3] {"id":0,"src":"n2","dest":"n3","body":{"type":"broadcast","message":"37","msg_id":null}}
[BROADCAST REQUEST: n2 -> n1] {"id":0,"src":"n2","dest":"n1","body":{"type":"broadcast","message":"37","msg_id":null}}
[BROADCAST] {"src":"n2","dest":"c11","body":{"type":"broadcast_ok","in_reply_to":11,"msg_id":123}}
[RECEIVED] {"id":505,"src":"n5","dest":"n2","body":{"type":"broadcast","message":"37","msg_id":null}}
[RECEIVED] {"id":506,"src":"n3","dest":"n2","body":{"type":"broadcast","message":"37","msg_id":null}}
[MATCH BROADCAST]
[MATCH BROADCAST]
[RECEIVED] {"id":509,"src":"n1","dest":"n2","body":{"type":"broadcast","message":"37","msg_id":null}}
[MATCH BROADCAST]
[RECEIVED] {"id":517,"src":"n5","dest":"n2","body":{"type":"broadcast","message":"38","msg_id":null}}
[MATCH BROADCAST]
[BROADCAST REQUEST: n2 -> n5] {"id":0,"src":"n2","dest":"n5","body":{"type":"broadcast","message":"38","msg_id":null}}
[BROADCAST REQUEST: n2 -> n3] {"id":0,"src":"n2","dest":"n3","body":{"type":"broadcast","message":"38","msg_id":null}}
[BROADCAST REQUEST: n2 -> n1] {"id":0,"src":"n2","dest":"n1","body":{"type":"broadcast","message":"38","msg_id":null}}
[RECEIVED] {"id":525,"src":"n3","dest":"n2","body":{"type":"broadcast","message":"38","msg_id":null}}
[MATCH BROADCAST]
[RECEIVED] {"id":527,"src":"n1","dest":"n2","body":{"type":"broadcast","message":"38","msg_id":null}}
[MATCH BROADCAST]
[RECEIVED] {"id":530,"src":"n1","dest":"n2","body":{"type":"broadcast","message":"39","msg_id":null}}
[MATCH BROADCAST]
[BROADCAST REQUEST: n2 -> n5] {"id":0,"src":"n2","dest":"n5","body":{"type":"broadcast","message":"39","msg_id":null}}
[BROADCAST REQUEST: n2 -> n3] {"id":0,"src":"n2","dest":"n3","body":{"type":"broadcast","message":"39","msg_id":null}}
[BROADCAST REQUEST: n2 -> n1] {"id":0,"src":"n2","dest":"n1","body":{"type":"broadcast","message":"39","msg_id":null}}
[RECEIVED] {"id":537,"src":"n3","dest":"n2","body":{"type":"broadcast","message":"39","msg_id":null}}
[RECEIVED] {"id":538,"src":"n5","dest":"n2","body":{"type":"broadcast","message":"39","msg_id":null}}
[MATCH BROADCAST]
[MATCH BROADCAST]
[RECEIVED] {"id":542,"src":"c11","dest":"n2","body":{"type":"read","msg_id":12}}
[MATCH READ]
[READ] {"src":"n2","dest":"c11","body":{"type":"read_ok","messages":["0","1","10","11","12","13","14","15","16","17","18","19","2","20","21","22","23","24","25","26","27","28","29","3","30","31","32","33","34","35","36","37","38","39","4","5","6","7","8","9"],"in_reply_to":12,"msg_id":133}}
[RECEIVED] {"id":545,"src":"n3","dest":"n2","body":{"type":"broadcast","message":"40","msg_id":null}}
[MATCH BROADCAST]
[BROADCAST REQUEST: n2 -> n5] {"id":0,"src":"n2","dest":"n5","body":{"type":"broadcast","message":"40","msg_id":null}}
[BROADCAST REQUEST: n2 -> n3] {"id":0,"src":"n2","dest":"n3","body":{"type":"broadcast","message":"40","msg_id":null}}
[BROADCAST REQUEST: n2 -> n1] {"id":0,"src":"n2","dest":"n1","body":{"type":"broadcast","message":"40","msg_id":null}}
[RECEIVED] {"id":550,"src":"n5","dest":"n2","body":{"type":"broadcast","message":"40","msg_id":null}}
[MATCH BROADCAST]
[RECEIVED] {"id":553,"src":"n1","dest":"n2","body":{"type":"broadcast","message":"40","msg_id":null}}
[MATCH BROADCAST]
[RECEIVED] {"id":562,"src":"n1","dest":"n2","body":{"type":"broadcast","message":"41","msg_id":null}}
[MATCH BROADCAST]
[BROADCAST REQUEST: n2 -> n5] {"id":0,"src":"n2","dest":"n5","body":{"type":"broadcast","message":"41","msg_id":null}}
[BROADCAST REQUEST: n2 -> n3] {"id":0,"src":"n2","dest":"n3","body":{"type":"broadcast","message":"41","msg_id":null}}
[BROADCAST REQUEST: n2 -> n1] {"id":0,"src":"n2","dest":"n1","body":{"type":"broadcast","message":"41","msg_id":null}}
[RECEIVED] {"id":569,"src":"n5","dest":"n2","body":{"type":"broadcast","message":"41","msg_id":null}}
[MATCH BROADCAST]
[RECEIVED] {"id":571,"src":"n3","dest":"n2","body":{"type":"broadcast","message":"41","msg_id":null}}
[MATCH BROADCAST]
[RECEIVED] {"id":574,"src":"n1","dest":"n2","body":{"type":"broadcast","message":"42","msg_id":null}}
[MATCH BROADCAST]
[BROADCAST REQUEST: n2 -> n5] {"id":0,"src":"n2","dest":"n5","body":{"type":"broadcast","message":"42","msg_id":null}}
[BROADCAST REQUEST: n2 -> n3] {"id":0,"src":"n2","dest":"n3","body":{"type":"broadcast","message":"42","msg_id":null}}
[BROADCAST REQUEST: n2 -> n1] {"id":0,"src":"n2","dest":"n1","body":{"type":"broadcast","message":"42","msg_id":null}}
[RECEIVED] {"id":581,"src":"n5","dest":"n2","body":{"type":"broadcast","message":"42","msg_id":null}}
[RECEIVED] {"id":582,"src":"n3","dest":"n2","body":{"type":"broadcast","message":"42","msg_id":null}}
[MATCH BROADCAST]
[MATCH BROADCAST]
[RECEIVED] {"id":584,"src":"c11","dest":"n2","body":{"type":"read","msg_id":13}}
[MATCH READ]
[READ] {"src":"n2","dest":"c11","body":{"type":"read_ok","messages":["0","1","10","11","12","13","14","15","16","17","18","19","2","20","21","22","23","24","25","26","27","28","29","3","30","31","32","33","34","35","36","37","38","39","4","40","41","42","5","6","7","8","9"],"in_reply_to":13,"msg_id":143}}
[RECEIVED] {"id":587,"src":"n3","dest":"n2","body":{"type":"broadcast","message":"43","msg_id":null}}
[MATCH BROADCAST]
[BROADCAST REQUEST: n2 -> n5] {"id":0,"src":"n2","dest":"n5","body":{"type":"broadcast","message":"43","msg_id":null}}
[BROADCAST REQUEST: n2 -> n3] {"id":0,"src":"n2","dest":"n3","body":{"type":"broadcast","message":"43","msg_id":null}}
[BROADCAST REQUEST: n2 -> n1] {"id":0,"src":"n2","dest":"n1","body":{"type":"broadcast","message":"43","msg_id":null}}
[RECEIVED] {"id":592,"src":"n5","dest":"n2","body":{"type":"broadcast","message":"43","msg_id":null}}
[MATCH BROADCAST]
[RECEIVED] {"id":595,"src":"n1","dest":"n2","body":{"type":"broadcast","message":"43","msg_id":null}}
[MATCH BROADCAST]
[RECEIVED] {"id":601,"src":"n5","dest":"n2","body":{"type":"broadcast","message":"44","msg_id":null}}
[MATCH BROADCAST]
[BROADCAST REQUEST: n2 -> n5] {"id":0,"src":"n2","dest":"n5","body":{"type":"broadcast","message":"44","msg_id":null}}
[BROADCAST REQUEST: n2 -> n3] {"id":0,"src":"n2","dest":"n3","body":{"type":"broadcast","message":"44","msg_id":null}}
[BROADCAST REQUEST: n2 -> n1] {"id":0,"src":"n2","dest":"n1","body":{"type":"broadcast","message":"44","msg_id":null}}
[RECEIVED] {"id":610,"src":"n3","dest":"n2","body":{"type":"broadcast","message":"44","msg_id":null}}
[MATCH BROADCAST]
[RECEIVED] {"id":611,"src":"n1","dest":"n2","body":{"type":"broadcast","message":"44","msg_id":null}}
[MATCH BROADCAST]
[RECEIVED] {"id":616,"src":"c11","dest":"n2","body":{"type":"broadcast","message":45,"msg_id":14}}
[MATCH BROADCAST]
[BROADCAST REQUEST: n2 -> n5] {"id":0,"src":"n2","dest":"n5","body":{"type":"broadcast","message":"45","msg_id":null}}
[BROADCAST REQUEST: n2 -> n3] {"id":0,"src":"n2","dest":"n3","body":{"type":"broadcast","message":"45","msg_id":null}}
[BROADCAST REQUEST: n2 -> n1] {"id":0,"src":"n2","dest":"n1","body":{"type":"broadcast","message":"45","msg_id":null}}
[BROADCAST] {"src":"n2","dest":"c11","body":{"type":"broadcast_ok","in_reply_to":14,"msg_id":150}}
[RECEIVED] {"id":621,"src":"n5","dest":"n2","body":{"type":"broadcast","message":"45","msg_id":null}}
[RECEIVED] {"id":623,"src":"n3","dest":"n2","body":{"type":"broadcast","message":"45","msg_id":null}}
[MATCH BROADCAST]
[RECEIVED] {"id":625,"src":"n1","dest":"n2","body":{"type":"broadcast","message":"45","msg_id":null}}
[MATCH BROADCAST]
[MATCH BROADCAST]
[RECEIVED] {"id":629,"src":"n3","dest":"n2","body":{"type":"broadcast","message":"46","msg_id":null}}
[MATCH BROADCAST]
[BROADCAST REQUEST: n2 -> n5] {"id":0,"src":"n2","dest":"n5","body":{"type":"broadcast","message":"46","msg_id":null}}
[BROADCAST REQUEST: n2 -> n3] {"id":0,"src":"n2","dest":"n3","body":{"type":"broadcast","message":"46","msg_id":null}}
[BROADCAST REQUEST: n2 -> n1] {"id":0,"src":"n2","dest":"n1","body":{"type":"broadcast","message":"46","msg_id":null}}
[RECEIVED] {"id":634,"src":"n5","dest":"n2","body":{"type":"broadcast","message":"46","msg_id":null}}
[MATCH BROADCAST]
[RECEIVED] {"id":637,"src":"n1","dest":"n2","body":{"type":"broadcast","message":"46","msg_id":null}}
[MATCH BROADCAST]
[RECEIVED] {"id":643,"src":"n5","dest":"n2","body":{"type":"broadcast","message":"47","msg_id":null}}
[MATCH BROADCAST]
[BROADCAST REQUEST: n2 -> n5] {"id":0,"src":"n2","dest":"n5","body":{"type":"broadcast","message":"47","msg_id":null}}
[BROADCAST REQUEST: n2 -> n3] {"id":0,"src":"n2","dest":"n3","body":{"type":"broadcast","message":"47","msg_id":null}}
[BROADCAST REQUEST: n2 -> n1] {"id":0,"src":"n2","dest":"n1","body":{"type":"broadcast","message":"47","msg_id":null}}
[RECEIVED] {"id":652,"src":"n3","dest":"n2","body":{"type":"broadcast","message":"47","msg_id":null}}
[MATCH BROADCAST]
[RECEIVED] {"id":653,"src":"n1","dest":"n2","body":{"type":"broadcast","message":"47","msg_id":null}}
[MATCH BROADCAST]
[RECEIVED] {"id":656,"src":"n1","dest":"n2","body":{"type":"broadcast","message":"48","msg_id":null}}
[MATCH BROADCAST]
[BROADCAST REQUEST: n2 -> n5] {"id":0,"src":"n2","dest":"n5","body":{"type":"broadcast","message":"48","msg_id":null}}
[BROADCAST REQUEST: n2 -> n3] {"id":0,"src":"n2","dest":"n3","body":{"type":"broadcast","message":"48","msg_id":null}}
[BROADCAST REQUEST: n2 -> n1] {"id":0,"src":"n2","dest":"n1","body":{"type":"broadcast","message":"48","msg_id":null}}
[RECEIVED] {"id":663,"src":"n5","dest":"n2","body":{"type":"broadcast","message":"48","msg_id":null}}
[RECEIVED] {"id":664,"src":"n3","dest":"n2","body":{"type":"broadcast","message":"48","msg_id":null}}
[MATCH BROADCAST]
[MATCH BROADCAST]
[RECEIVED] {"id":668,"src":"c11","dest":"n2","body":{"type":"read","msg_id":15}}
[MATCH READ]
[READ] {"src":"n2","dest":"c11","body":{"type":"read_ok","messages":["0","1","10","11","12","13","14","15","16","17","18","19","2","20","21","22","23","24","25","26","27","28","29","3","30","31","32","33","34","35","36","37","38","39","4","40","41","42","43","44","45","46","47","48","5","6","7","8","9"],"in_reply_to":15,"msg_id":163}}
[RECEIVED] {"id":677,"src":"n5","dest":"n2","body":{"type":"broadcast","message":"49","msg_id":null}}
[RECEIVED] {"id":678,"src":"n1","dest":"n2","body":{"type":"broadcast","message":"49","msg_id":null}}
[MATCH BROADCAST]
[MATCH BROADCAST]
[BROADCAST REQUEST: n2 -> n5] {"id":0,"src":"n2","dest":"n5","body":{"type":"broadcast","message":"49","msg_id":null}}
[BROADCAST REQUEST: n2 -> n3] {"id":0,"src":"n2","dest":"n3","body":{"type":"broadcast","message":"49","msg_id":null}}
[BROADCAST REQUEST: n2 -> n1] {"id":0,"src":"n2","dest":"n1","body":{"type":"broadcast","message":"49","msg_id":null}}
[RECEIVED] {"id":683,"src":"n3","dest":"n2","body":{"type":"broadcast","message":"49","msg_id":null}}
[MATCH BROADCAST]
[RECEIVED] {"id":690,"src":"n1","dest":"n2","body":{"type":"broadcast","message":"50","msg_id":null}}
[MATCH BROADCAST]
[BROADCAST REQUEST: n2 -> n5] {"id":0,"src":"n2","dest":"n5","body":{"type":"broadcast","message":"50","msg_id":null}}
[BROADCAST REQUEST: n2 -> n3] {"id":0,"src":"n2","dest":"n3","body":{"type":"broadcast","message":"50","msg_id":null}}
[BROADCAST REQUEST: n2 -> n1] {"id":0,"src":"n2","dest":"n1","body":{"type":"broadcast","message":"50","msg_id":null}}
[RECEIVED] {"id":697,"src":"n5","dest":"n2","body":{"type":"broadcast","message":"50","msg_id":null}}
[RECEIVED] {"id":698,"src":"n3","dest":"n2","body":{"type":"broadcast","message":"50","msg_id":null}}
[MATCH BROADCAST]
[MATCH BROADCAST]
[RECEIVED] {"id":700,"src":"c11","dest":"n2","body":{"type":"broadcast","message":51,"msg_id":16}}
[MATCH BROADCAST]
[BROADCAST REQUEST: n2 -> n5] {"id":0,"src":"n2","dest":"n5","body":{"type":"broadcast","message":"51","msg_id":null}}
[BROADCAST REQUEST: n2 -> n3] {"id":0,"src":"n2","dest":"n3","body":{"type":"broadcast","message":"51","msg_id":null}}
[BROADCAST REQUEST: n2 -> n1] {"id":0,"src":"n2","dest":"n1","body":{"type":"broadcast","message":"51","msg_id":null}}
[BROADCAST] {"src":"n2","dest":"c11","body":{"type":"broadcast_ok","in_reply_to":16,"msg_id":170}}
[RECEIVED] {"id":705,"src":"n5","dest":"n2","body":{"type":"broadcast","message":"51","msg_id":null}}
[MATCH BROADCAST]
[RECEIVED] {"id":706,"src":"n3","dest":"n2","body":{"type":"broadcast","message":"51","msg_id":null}}
[MATCH BROADCAST]
[RECEIVED] {"id":709,"src":"n1","dest":"n2","body":{"type":"broadcast","message":"51","msg_id":null}}
[MATCH BROADCAST]
[RECEIVED] {"id":720,"src":"n1","dest":"n2","body":{"type":"broadcast","message":"52","msg_id":null}}
[MATCH BROADCAST]
[BROADCAST REQUEST: n2 -> n5] {"id":0,"src":"n2","dest":"n5","body":{"type":"broadcast","message":"52","msg_id":null}}
[BROADCAST REQUEST: n2 -> n3] {"id":0,"src":"n2","dest":"n3","body":{"type":"broadcast","message":"52","msg_id":null}}
[BROADCAST REQUEST: n2 -> n1] {"id":0,"src":"n2","dest":"n1","body":{"type":"broadcast","message":"52","msg_id":null}}
[RECEIVED] {"id":727,"src":"n5","dest":"n2","body":{"type":"broadcast","message":"52","msg_id":null}}
[RECEIVED] {"id":728,"src":"n3","dest":"n2","body":{"type":"broadcast","message":"52","msg_id":null}}
[MATCH BROADCAST]
[MATCH BROADCAST]
[RECEIVED] {"id":732,"src":"c11","dest":"n2","body":{"type":"read","msg_id":17}}
[MATCH READ]
[READ] {"src":"n2","dest":"c11","body":{"type":"read_ok","messages":["0","1","10","11","12","13","14","15","16","17","18","19","2","20","21","22","23","24","25","26","27","28","29","3","30","31","32","33","34","35","36","37","38","39","4","40","41","42","43","44","45","46","47","48","49","5","50","51","52","6","7","8","9"],"in_reply_to":17,"msg_id":177}}
[RECEIVED] {"id":735,"src":"n3","dest":"n2","body":{"type":"broadcast","message":"53","msg_id":null}}
[MATCH BROADCAST]
[BROADCAST REQUEST: n2 -> n5] {"id":0,"src":"n2","dest":"n5","body":{"type":"broadcast","message":"53","msg_id":null}}
[BROADCAST REQUEST: n2 -> n3] {"id":0,"src":"n2","dest":"n3","body":{"type":"broadcast","message":"53","msg_id":null}}
[BROADCAST REQUEST: n2 -> n1] {"id":0,"src":"n2","dest":"n1","body":{"type":"broadcast","message":"53","msg_id":null}}
[RECEIVED] {"id":740,"src":"n5","dest":"n2","body":{"type":"broadcast","message":"53","msg_id":null}}
[MATCH BROADCAST]
[RECEIVED] {"id":743,"src":"n1","dest":"n2","body":{"type":"broadcast","message":"53","msg_id":null}}
[MATCH BROADCAST]
[RECEIVED] {"id":749,"src":"n5","dest":"n2","body":{"type":"broadcast","message":"54","msg_id":null}}
[MATCH BROADCAST]
[BROADCAST REQUEST: n2 -> n5] {"id":0,"src":"n2","dest":"n5","body":{"type":"broadcast","message":"54","msg_id":null}}
[BROADCAST REQUEST: n2 -> n3] {"id":0,"src":"n2","dest":"n3","body":{"type":"broadcast","message":"54","msg_id":null}}
[BROADCAST REQUEST: n2 -> n1] {"id":0,"src":"n2","dest":"n1","body":{"type":"broadcast","message":"54","msg_id":null}}
[RECEIVED] {"id":758,"src":"n1","dest":"n2","body":{"type":"broadcast","message":"54","msg_id":null}}
[RECEIVED] {"id":759,"src":"n3","dest":"n2","body":{"type":"broadcast","message":"54","msg_id":null}}
[MATCH BROADCAST]
[MATCH BROADCAST]
[RECEIVED] {"id":762,"src":"n1","dest":"n2","body":{"type":"broadcast","message":"55","msg_id":null}}
[MATCH BROADCAST]
[BROADCAST REQUEST: n2 -> n5] {"id":0,"src":"n2","dest":"n5","body":{"type":"broadcast","message":"55","msg_id":null}}
[BROADCAST REQUEST: n2 -> n3] {"id":0,"src":"n2","dest":"n3","body":{"type":"broadcast","message":"55","msg_id":null}}
[BROADCAST REQUEST: n2 -> n1] {"id":0,"src":"n2","dest":"n1","body":{"type":"broadcast","message":"55","msg_id":null}}
[RECEIVED] {"id":769,"src":"n5","dest":"n2","body":{"type":"broadcast","message":"55","msg_id":null}}
[MATCH BROADCAST]
[RECEIVED] {"id":771,"src":"n3","dest":"n2","body":{"type":"broadcast","message":"55","msg_id":null}}
[MATCH BROADCAST]
[RECEIVED] {"id":774,"src":"n1","dest":"n2","body":{"type":"broadcast","message":"56","msg_id":null}}
[MATCH BROADCAST]
[BROADCAST REQUEST: n2 -> n5] {"id":0,"src":"n2","dest":"n5","body":{"type":"broadcast","message":"56","msg_id":null}}
[BROADCAST REQUEST: n2 -> n3] {"id":0,"src":"n2","dest":"n3","body":{"type":"broadcast","message":"56","msg_id":null}}
[BROADCAST REQUEST: n2 -> n1] {"id":0,"src":"n2","dest":"n1","body":{"type":"broadcast","message":"56","msg_id":null}}
[RECEIVED] {"id":781,"src":"n5","dest":"n2","body":{"type":"broadcast","message":"56","msg_id":null}}
[MATCH BROADCAST]
[RECEIVED] {"id":782,"src":"n3","dest":"n2","body":{"type":"broadcast","message":"56","msg_id":null}}
[MATCH BROADCAST]
[RECEIVED] {"id":784,"src":"c11","dest":"n2","body":{"type":"broadcast","message":57,"msg_id":18}}
[MATCH BROADCAST]
[BROADCAST REQUEST: n2 -> n5] {"id":0,"src":"n2","dest":"n5","body":{"type":"broadcast","message":"57","msg_id":null}}
[BROADCAST REQUEST: n2 -> n3] {"id":0,"src":"n2","dest":"n3","body":{"type":"broadcast","message":"57","msg_id":null}}
[BROADCAST REQUEST: n2 -> n1] {"id":0,"src":"n2","dest":"n1","body":{"type":"broadcast","message":"57","msg_id":null}}
[BROADCAST] {"src":"n2","dest":"c11","body":{"type":"broadcast_ok","in_reply_to":18,"msg_id":190}}
[RECEIVED] {"id":789,"src":"n5","dest":"n2","body":{"type":"broadcast","message":"57","msg_id":null}}
[MATCH BROADCAST]
[RECEIVED] {"id":792,"src":"n3","dest":"n2","body":{"type":"broadcast","message":"57","msg_id":null}}
[RECEIVED] {"id":793,"src":"n1","dest":"n2","body":{"type":"broadcast","message":"57","msg_id":null}}
[MATCH BROADCAST]
[MATCH BROADCAST]
[RECEIVED] {"id":804,"src":"n1","dest":"n2","body":{"type":"broadcast","message":"58","msg_id":null}}
[MATCH BROADCAST]
[BROADCAST REQUEST: n2 -> n5] {"id":0,"src":"n2","dest":"n5","body":{"type":"broadcast","message":"58","msg_id":null}}
[BROADCAST REQUEST: n2 -> n3] {"id":0,"src":"n2","dest":"n3","body":{"type":"broadcast","message":"58","msg_id":null}}
[BROADCAST REQUEST: n2 -> n1] {"id":0,"src":"n2","dest":"n1","body":{"type":"broadcast","message":"58","msg_id":null}}
[RECEIVED] {"id":811,"src":"n3","dest":"n2","body":{"type":"broadcast","message":"58","msg_id":null}}
[RECEIVED] {"id":812,"src":"n5","dest":"n2","body":{"type":"broadcast","message":"58","msg_id":null}}
[MATCH BROADCAST]
[MATCH BROADCAST]
[RECEIVED] {"id":816,"src":"c11","dest":"n2","body":{"type":"read","msg_id":19}}
[MATCH READ]
[READ] {"src":"n2","dest":"c11","body":{"type":"read_ok","messages":["0","1","10","11","12","13","14","15","16","17","18","19","2","20","21","22","23","24","25","26","27","28","29","3","30","31","32","33","34","35","36","37","38","39","4","40","41","42","43","44","45","46","47","48","49","5","50","51","52","53","54","55","56","57","58","6","7","8","9"],"in_reply_to":19,"msg_id":197}}
[RECEIVED] {"id":825,"src":"n5","dest":"n2","body":{"type":"broadcast","message":"59","msg_id":null}}
[MATCH BROADCAST]
[RECEIVED] {"id":826,"src":"n1","dest":"n2","body":{"type":"broadcast","message":"59","msg_id":null}}
[BROADCAST REQUEST: n2 -> n5] {"id":0,"src":"n2","dest":"n5","body":{"type":"broadcast","message":"59","msg_id":null}}
[MATCH BROADCAST]
[BROADCAST REQUEST: n2 -> n3] {"id":0,"src":"n2","dest":"n3","body":{"type":"broadcast","message":"59","msg_id":null}}
[BROADCAST REQUEST: n2 -> n1] {"id":0,"src":"n2","dest":"n1","body":{"type":"broadcast","message":"59","msg_id":null}}
[RECEIVED] {"id":831,"src":"n3","dest":"n2","body":{"type":"broadcast","message":"59","msg_id":null}}
[MATCH BROADCAST]
[RECEIVED] {"id":836,"src":"n1","dest":"n2","body":{"type":"broadcast","message":"60","msg_id":null}}
[MATCH BROADCAST]
[BROADCAST REQUEST: n2 -> n5] {"id":0,"src":"n2","dest":"n5","body":{"type":"broadcast","message":"60","msg_id":null}}
[BROADCAST REQUEST: n2 -> n3] {"id":0,"src":"n2","dest":"n3","body":{"type":"broadcast","message":"60","msg_id":null}}
[BROADCAST REQUEST: n2 -> n1] {"id":0,"src":"n2","dest":"n1","body":{"type":"broadcast","message":"60","msg_id":null}}
[RECEIVED] {"id":843,"src":"n5","dest":"n2","body":{"type":"broadcast","message":"60","msg_id":null}}
[RECEIVED] {"id":844,"src":"n3","dest":"n2","body":{"type":"broadcast","message":"60","msg_id":null}}
[MATCH BROADCAST]
[MATCH BROADCAST]
[RECEIVED] {"id":848,"src":"n1","dest":"n2","body":{"type":"broadcast","message":"61","msg_id":null}}
[MATCH BROADCAST]
[BROADCAST REQUEST: n2 -> n5] {"id":0,"src":"n2","dest":"n5","body":{"type":"broadcast","message":"61","msg_id":null}}
[BROADCAST REQUEST: n2 -> n3] {"id":0,"src":"n2","dest":"n3","body":{"type":"broadcast","message":"61","msg_id":null}}
[BROADCAST REQUEST: n2 -> n1] {"id":0,"src":"n2","dest":"n1","body":{"type":"broadcast","message":"61","msg_id":null}}
[RECEIVED] {"id":855,"src":"n5","dest":"n2","body":{"type":"broadcast","message":"61","msg_id":null}}
[RECEIVED] {"id":856,"src":"n3","dest":"n2","body":{"type":"broadcast","message":"61","msg_id":null}}
[MATCH BROADCAST]
[MATCH BROADCAST]
[RECEIVED] {"id":858,"src":"c11","dest":"n2","body":{"type":"broadcast","message":62,"msg_id":20}}
[MATCH BROADCAST]
[BROADCAST REQUEST: n2 -> n5] {"id":0,"src":"n2","dest":"n5","body":{"type":"broadcast","message":"62","msg_id":null}}
[BROADCAST REQUEST: n2 -> n3] {"id":0,"src":"n2","dest":"n3","body":{"type":"broadcast","message":"62","msg_id":null}}
[BROADCAST REQUEST: n2 -> n1] {"id":0,"src":"n2","dest":"n1","body":{"type":"broadcast","message":"62","msg_id":null}}
[BROADCAST] {"src":"n2","dest":"c11","body":{"type":"broadcast_ok","in_reply_to":20,"msg_id":207}}
[RECEIVED] {"id":863,"src":"n5","dest":"n2","body":{"type":"broadcast","message":"62","msg_id":null}}
[RECEIVED] {"id":864,"src":"n3","dest":"n2","body":{"type":"broadcast","message":"62","msg_id":null}}
[MATCH BROADCAST]
[RECEIVED] {"id":867,"src":"n1","dest":"n2","body":{"type":"broadcast","message":"62","msg_id":null}}
[MATCH BROADCAST]
[MATCH BROADCAST]
[RECEIVED] {"id":871,"src":"n3","dest":"n2","body":{"type":"broadcast","message":"63","msg_id":null}}
[MATCH BROADCAST]
[BROADCAST REQUEST: n2 -> n5] {"id":0,"src":"n2","dest":"n5","body":{"type":"broadcast","message":"63","msg_id":null}}
[BROADCAST REQUEST: n2 -> n3] {"id":0,"src":"n2","dest":"n3","body":{"type":"broadcast","message":"63","msg_id":null}}
[BROADCAST REQUEST: n2 -> n1] {"id":0,"src":"n2","dest":"n1","body":{"type":"broadcast","message":"63","msg_id":null}}
[RECEIVED] {"id":876,"src":"n5","dest":"n2","body":{"type":"broadcast","message":"63","msg_id":null}}
[MATCH BROADCAST]
[RECEIVED] {"id":879,"src":"n1","dest":"n2","body":{"type":"broadcast","message":"63","msg_id":null}}
[MATCH BROADCAST]
[RECEIVED] {"id":887,"src":"n5","dest":"n2","body":{"type":"broadcast","message":"64","msg_id":null}}
[MATCH BROADCAST]
[RECEIVED] {"id":888,"src":"n1","dest":"n2","body":{"type":"broadcast","message":"64","msg_id":null}}
[BROADCAST REQUEST: n2 -> n5] {"id":0,"src":"n2","dest":"n5","body":{"type":"broadcast","message":"64","msg_id":null}}
[MATCH BROADCAST]
[BROADCAST REQUEST: n2 -> n3] {"id":0,"src":"n2","dest":"n3","body":{"type":"broadcast","message":"64","msg_id":null}}
[BROADCAST REQUEST: n2 -> n1] {"id":0,"src":"n2","dest":"n1","body":{"type":"broadcast","message":"64","msg_id":null}}
[RECEIVED] {"id":893,"src":"n3","dest":"n2","body":{"type":"broadcast","message":"64","msg_id":null}}
[MATCH BROADCAST]
[RECEIVED] {"id":898,"src":"n1","dest":"n2","body":{"type":"broadcast","message":"65","msg_id":null}}
[MATCH BROADCAST]
[BROADCAST REQUEST: n2 -> n5] {"id":0,"src":"n2","dest":"n5","body":{"type":"broadcast","message":"65","msg_id":null}}
[BROADCAST REQUEST: n2 -> n3] {"id":0,"src":"n2","dest":"n3","body":{"type":"broadcast","message":"65","msg_id":null}}
[BROADCAST REQUEST: n2 -> n1] {"id":0,"src":"n2","dest":"n1","body":{"type":"broadcast","message":"65","msg_id":null}}
[RECEIVED] {"id":905,"src":"n5","dest":"n2","body":{"type":"broadcast","message":"65","msg_id":null}}
[MATCH BROADCAST]
[RECEIVED] {"id":907,"src":"n3","dest":"n2","body":{"type":"broadcast","message":"65","msg_id":null}}
[MATCH BROADCAST]
[RECEIVED] {"id":910,"src":"c11","dest":"n2","body":{"type":"broadcast","message":66,"msg_id":21}}
[MATCH BROADCAST]
[BROADCAST REQUEST: n2 -> n5] {"id":0,"src":"n2","dest":"n5","body":{"type":"broadcast","message":"66","msg_id":null}}
[BROADCAST REQUEST: n2 -> n3] {"id":0,"src":"n2","dest":"n3","body":{"type":"broadcast","message":"66","msg_id":null}}
[BROADCAST REQUEST: n2 -> n1] {"id":0,"src":"n2","dest":"n1","body":{"type":"broadcast","message":"66","msg_id":null}}
[BROADCAST] {"src":"n2","dest":"c11","body":{"type":"broadcast_ok","in_reply_to":21,"msg_id":220}}
[RECEIVED] {"id":915,"src":"n5","dest":"n2","body":{"type":"broadcast","message":"66","msg_id":null}}
[MATCH BROADCAST]
[RECEIVED] {"id":917,"src":"n3","dest":"n2","body":{"type":"broadcast","message":"66","msg_id":null}}
[MATCH BROADCAST]
[RECEIVED] {"id":919,"src":"n1","dest":"n2","body":{"type":"broadcast","message":"66","msg_id":null}}
[MATCH BROADCAST]
[RECEIVED] {"id":929,"src":"n5","dest":"n2","body":{"type":"broadcast","message":"67","msg_id":null}}
[RECEIVED] {"id":930,"src":"n1","dest":"n2","body":{"type":"broadcast","message":"67","msg_id":null}}
[MATCH BROADCAST]
[MATCH BROADCAST]
[BROADCAST REQUEST: n2 -> n5] {"id":0,"src":"n2","dest":"n5","body":{"type":"broadcast","message":"67","msg_id":null}}
[BROADCAST REQUEST: n2 -> n3] {"id":0,"src":"n2","dest":"n3","body":{"type":"broadcast","message":"67","msg_id":null}}
[BROADCAST REQUEST: n2 -> n1] {"id":0,"src":"n2","dest":"n1","body":{"type":"broadcast","message":"67","msg_id":null}}
[RECEIVED] {"id":935,"src":"n3","dest":"n2","body":{"type":"broadcast","message":"67","msg_id":null}}
[MATCH BROADCAST]
[RECEIVED] {"id":937,"src":"n5","dest":"n2","body":{"type":"broadcast","message":"68","msg_id":null}}
[MATCH BROADCAST]
[BROADCAST REQUEST: n2 -> n5] {"id":0,"src":"n2","dest":"n5","body":{"type":"broadcast","message":"68","msg_id":null}}
[BROADCAST REQUEST: n2 -> n3] {"id":0,"src":"n2","dest":"n3","body":{"type":"broadcast","message":"68","msg_id":null}}
[BROADCAST REQUEST: n2 -> n1] {"id":0,"src":"n2","dest":"n1","body":{"type":"broadcast","message":"68","msg_id":null}}
[RECEIVED] {"id":946,"src":"n1","dest":"n2","body":{"type":"broadcast","message":"68","msg_id":null}}
[RECEIVED] {"id":947,"src":"n3","dest":"n2","body":{"type":"broadcast","message":"68","msg_id":null}}
[MATCH BROADCAST]
[MATCH BROADCAST]
[RECEIVED] {"id":952,"src":"c11","dest":"n2","body":{"type":"read","msg_id":22}}
[MATCH READ]
[READ] {"src":"n2","dest":"c11","body":{"type":"read_ok","messages":["0","1","10","11","12","13","14","15","16","17","18","19","2","20","21","22","23","24","25","26","27","28","29","3","30","31","32","33","34","35","36","37","38","39","4","40","41","42","43","44","45","46","47","48","49","5","50","51","52","53","54","55","56","57","58","59","6","60","61","62","63","64","65","66","67","68","7","8","9"],"in_reply_to":22,"msg_id":230}}
[RECEIVED] {"id":955,"src":"n3","dest":"n2","body":{"type":"broadcast","message":"69","msg_id":null}}
[MATCH BROADCAST]
[BROADCAST REQUEST: n2 -> n5] {"id":0,"src":"n2","dest":"n5","body":{"type":"broadcast","message":"69","msg_id":null}}
[BROADCAST REQUEST: n2 -> n3] {"id":0,"src":"n2","dest":"n3","body":{"type":"broadcast","message":"69","msg_id":null}}
[BROADCAST REQUEST: n2 -> n1] {"id":0,"src":"n2","dest":"n1","body":{"type":"broadcast","message":"69","msg_id":null}}
[RECEIVED] {"id":960,"src":"n5","dest":"n2","body":{"type":"broadcast","message":"69","msg_id":null}}
[MATCH BROADCAST]
[RECEIVED] {"id":963,"src":"n1","dest":"n2","body":{"type":"broadcast","message":"69","msg_id":null}}
[MATCH BROADCAST]
[RECEIVED] {"id":971,"src":"n5","dest":"n2","body":{"type":"broadcast","message":"70","msg_id":null}}
[RECEIVED] {"id":972,"src":"n1","dest":"n2","body":{"type":"broadcast","message":"70","msg_id":null}}
[MATCH BROADCAST]
[MATCH BROADCAST]
[BROADCAST REQUEST: n2 -> n5] {"id":0,"src":"n2","dest":"n5","body":{"type":"broadcast","message":"70","msg_id":null}}
[BROADCAST REQUEST: n2 -> n3] {"id":0,"src":"n2","dest":"n3","body":{"type":"broadcast","message":"70","msg_id":null}}
[BROADCAST REQUEST: n2 -> n1] {"id":0,"src":"n2","dest":"n1","body":{"type":"broadcast","message":"70","msg_id":null}}
[RECEIVED] {"id":977,"src":"n3","dest":"n2","body":{"type":"broadcast","message":"70","msg_id":null}}
[MATCH BROADCAST]
[RECEIVED] {"id":979,"src":"n5","dest":"n2","body":{"type":"broadcast","message":"71","msg_id":null}}
[MATCH BROADCAST]
[BROADCAST REQUEST: n2 -> n5] {"id":0,"src":"n2","dest":"n5","body":{"type":"broadcast","message":"71","msg_id":null}}
[BROADCAST REQUEST: n2 -> n3] {"id":0,"src":"n2","dest":"n3","body":{"type":"broadcast","message":"71","msg_id":null}}
[BROADCAST REQUEST: n2 -> n1] {"id":0,"src":"n2","dest":"n1","body":{"type":"broadcast","message":"71","msg_id":null}}
[RECEIVED] {"id":988,"src":"n3","dest":"n2","body":{"type":"broadcast","message":"71","msg_id":null}}
[RECEIVED] {"id":989,"src":"n1","dest":"n2","body":{"type":"broadcast","message":"71","msg_id":null}}
[MATCH BROADCAST]
[MATCH BROADCAST]
[RECEIVED] {"id":992,"src":"n1","dest":"n2","body":{"type":"broadcast","message":"72","msg_id":null}}
[MATCH BROADCAST]
[BROADCAST REQUEST: n2 -> n5] {"id":0,"src":"n2","dest":"n5","body":{"type":"broadcast","message":"72","msg_id":null}}
[BROADCAST REQUEST: n2 -> n3] {"id":0,"src":"n2","dest":"n3","body":{"type":"broadcast","message":"72","msg_id":null}}
[BROADCAST REQUEST: n2 -> n1] {"id":0,"src":"n2","dest":"n1","body":{"type":"broadcast","message":"72","msg_id":null}}
[RECEIVED] {"id":999,"src":"n5","dest":"n2","body":{"type":"broadcast","message":"72","msg_id":null}}
[RECEIVED] {"id":1000,"src":"n3","dest":"n2","body":{"type":"broadcast","message":"72","msg_id":null}}
[MATCH BROADCAST]
[MATCH BROADCAST]
[RECEIVED] {"id":1004,"src":"c11","dest":"n2","body":{"type":"read","msg_id":23}}
[MATCH READ]
[READ] {"src":"n2","dest":"c11","body":{"type":"read_ok","messages":["0","1","10","11","12","13","14","15","16","17","18","19","2","20","21","22","23","24","25","26","27","28","29","3","30","31","32","33","34","35","36","37","38","39","4","40","41","42","43","44","45","46","47","48","49","5","50","51","52","53","54","55","56","57","58","59","6","60","61","62","63","64","65","66","67","68","69","7","70","71","72","8","9"],"in_reply_to":23,"msg_id":243}}
[RECEIVED] {"id":1013,"src":"n5","dest":"n2","body":{"type":"broadcast","message":"73","msg_id":null}}
[RECEIVED] {"id":1014,"src":"n1","dest":"n2","body":{"type":"broadcast","message":"73","msg_id":null}}
[MATCH BROADCAST]
[MATCH BROADCAST]
[BROADCAST REQUEST: n2 -> n5] {"id":0,"src":"n2","dest":"n5","body":{"type":"broadcast","message":"73","msg_id":null}}
[BROADCAST REQUEST: n2 -> n3] {"id":0,"src":"n2","dest":"n3","body":{"type":"broadcast","message":"73","msg_id":null}}
[BROADCAST REQUEST: n2 -> n1] {"id":0,"src":"n2","dest":"n1","body":{"type":"broadcast","message":"73","msg_id":null}}
[RECEIVED] {"id":1019,"src":"n3","dest":"n2","body":{"type":"broadcast","message":"73","msg_id":null}}
[MATCH BROADCAST]
[RECEIVED] {"id":1024,"src":"n1","dest":"n2","body":{"type":"broadcast","message":"74","msg_id":null}}
[MATCH BROADCAST]
[BROADCAST REQUEST: n2 -> n5] {"id":0,"src":"n2","dest":"n5","body":{"type":"broadcast","message":"74","msg_id":null}}
[BROADCAST REQUEST: n2 -> n3] {"id":0,"src":"n2","dest":"n3","body":{"type":"broadcast","message":"74","msg_id":null}}
[BROADCAST REQUEST: n2 -> n1] {"id":0,"src":"n2","dest":"n1","body":{"type":"broadcast","message":"74","msg_id":null}}
[RECEIVED] {"id":1031,"src":"n3","dest":"n2","body":{"type":"broadcast","message":"74","msg_id":null}}
[RECEIVED] {"id":1032,"src":"n5","dest":"n2","body":{"type":"broadcast","message":"74","msg_id":null}}
[MATCH BROADCAST]
[MATCH BROADCAST]
[RECEIVED] {"id":1036,"src":"c11","dest":"n2","body":{"type":"broadcast","message":75,"msg_id":24}}
[MATCH BROADCAST]
[BROADCAST REQUEST: n2 -> n5] {"id":0,"src":"n2","dest":"n5","body":{"type":"broadcast","message":"75","msg_id":null}}
[BROADCAST REQUEST: n2 -> n3] {"id":0,"src":"n2","dest":"n3","body":{"type":"broadcast","message":"75","msg_id":null}}
[BROADCAST REQUEST: n2 -> n1] {"id":0,"src":"n2","dest":"n1","body":{"type":"broadcast","message":"75","msg_id":null}}
[BROADCAST] {"src":"n2","dest":"c11","body":{"type":"broadcast_ok","in_reply_to":24,"msg_id":250}}
[RECEIVED] {"id":1040,"src":"n5","dest":"n2","body":{"type":"broadcast","message":"75","msg_id":null}}
[RECEIVED] {"id":1042,"src":"n3","dest":"n2","body":{"type":"broadcast","message":"75","msg_id":null}}
[MATCH BROADCAST]
[MATCH BROADCAST]
[RECEIVED] {"id":1046,"src":"n1","dest":"n2","body":{"type":"broadcast","message":"75","msg_id":null}}
[MATCH BROADCAST]
[RECEIVED] {"id":1049,"src":"n3","dest":"n2","body":{"type":"broadcast","message":"76","msg_id":null}}
[MATCH BROADCAST]
[BROADCAST REQUEST: n2 -> n5] {"id":0,"src":"n2","dest":"n5","body":{"type":"broadcast","message":"76","msg_id":null}}
[BROADCAST REQUEST: n2 -> n3] {"id":0,"src":"n2","dest":"n3","body":{"type":"broadcast","message":"76","msg_id":null}}
[BROADCAST REQUEST: n2 -> n1] {"id":0,"src":"n2","dest":"n1","body":{"type":"broadcast","message":"76","msg_id":null}}
[RECEIVED] {"id":1054,"src":"n5","dest":"n2","body":{"type":"broadcast","message":"76","msg_id":null}}
[MATCH BROADCAST]
[RECEIVED] {"id":1057,"src":"n1","dest":"n2","body":{"type":"broadcast","message":"76","msg_id":null}}
[MATCH BROADCAST]
[RECEIVED] {"id":1065,"src":"n5","dest":"n2","body":{"type":"broadcast","message":"77","msg_id":null}}
[RECEIVED] {"id":1066,"src":"n1","dest":"n2","body":{"type":"broadcast","message":"77","msg_id":null}}
[MATCH BROADCAST]
[MATCH BROADCAST]
[BROADCAST REQUEST: n2 -> n5] {"id":0,"src":"n2","dest":"n5","body":{"type":"broadcast","message":"77","msg_id":null}}
[BROADCAST REQUEST: n2 -> n3] {"id":0,"src":"n2","dest":"n3","body":{"type":"broadcast","message":"77","msg_id":null}}
[BROADCAST REQUEST: n2 -> n1] {"id":0,"src":"n2","dest":"n1","body":{"type":"broadcast","message":"77","msg_id":null}}
[RECEIVED] {"id":1071,"src":"n3","dest":"n2","body":{"type":"broadcast","message":"77","msg_id":null}}
[MATCH BROADCAST]
[RECEIVED] {"id":1073,"src":"n5","dest":"n2","body":{"type":"broadcast","message":"78","msg_id":null}}
[MATCH BROADCAST]
[BROADCAST REQUEST: n2 -> n5] {"id":0,"src":"n2","dest":"n5","body":{"type":"broadcast","message":"78","msg_id":null}}
[BROADCAST REQUEST: n2 -> n3] {"id":0,"src":"n2","dest":"n3","body":{"type":"broadcast","message":"78","msg_id":null}}
[BROADCAST REQUEST: n2 -> n1] {"id":0,"src":"n2","dest":"n1","body":{"type":"broadcast","message":"78","msg_id":null}}
[RECEIVED] {"id":1082,"src":"n1","dest":"n2","body":{"type":"broadcast","message":"78","msg_id":null}}
[RECEIVED] {"id":1083,"src":"n3","dest":"n2","body":{"type":"broadcast","message":"78","msg_id":null}}
[MATCH BROADCAST]
[MATCH BROADCAST]
[RECEIVED] {"id":1086,"src":"n1","dest":"n2","body":{"type":"broadcast","message":"79","msg_id":null}}
[MATCH BROADCAST]
[BROADCAST REQUEST: n2 -> n5] {"id":0,"src":"n2","dest":"n5","body":{"type":"broadcast","message":"79","msg_id":null}}
[BROADCAST REQUEST: n2 -> n3] {"id":0,"src":"n2","dest":"n3","body":{"type":"broadcast","message":"79","msg_id":null}}
[BROADCAST REQUEST: n2 -> n1] {"id":0,"src":"n2","dest":"n1","body":{"type":"broadcast","message":"79","msg_id":null}}
[RECEIVED] {"id":1093,"src":"n5","dest":"n2","body":{"type":"broadcast","message":"79","msg_id":null}}
[MATCH BROADCAST]
[RECEIVED] {"id":1095,"src":"n3","dest":"n2","body":{"type":"broadcast","message":"79","msg_id":null}}
[MATCH BROADCAST]
[RECEIVED] {"id":1098,"src":"n1","dest":"n2","body":{"type":"broadcast","message":"80","msg_id":null}}
[MATCH BROADCAST]
[BROADCAST REQUEST: n2 -> n5] {"id":0,"src":"n2","dest":"n5","body":{"type":"broadcast","message":"80","msg_id":null}}
[BROADCAST REQUEST: n2 -> n3] {"id":0,"src":"n2","dest":"n3","body":{"type":"broadcast","message":"80","msg_id":null}}
[BROADCAST REQUEST: n2 -> n1] {"id":0,"src":"n2","dest":"n1","body":{"type":"broadcast","message":"80","msg_id":null}}
[RECEIVED] {"id":1105,"src":"n3","dest":"n2","body":{"type":"broadcast","message":"80","msg_id":null}}
[RECEIVED] {"id":1106,"src":"n5","dest":"n2","body":{"type":"broadcast","message":"80","msg_id":null}}
[MATCH BROADCAST]
[MATCH BROADCAST]
[RECEIVED] {"id":1108,"src":"c11","dest":"n2","body":{"type":"read","msg_id":25}}
[MATCH READ]
[READ] {"src":"n2","dest":"c11","body":{"type":"read_ok","messages":["0","1","10","11","12","13","14","15","16","17","18","19","2","20","21","22","23","24","25","26","27","28","29","3","30","31","32","33","34","35","36","37","38","39","4","40","41","42","43","44","45","46","47","48","49","5","50","51","52","53","54","55","56","57","58","59","6","60","61","62","63","64","65","66","67","68","69","7","70","71","72","73","74","75","76","77","78","79","8","80","9"],"in_reply_to":25,"msg_id":269}}
[RECEIVED] {"id":1120,"src":"n1","dest":"n2","body":{"type":"broadcast","message":"81","msg_id":null}}
[MATCH BROADCAST]
[BROADCAST REQUEST: n2 -> n5] {"id":0,"src":"n2","dest":"n5","body":{"type":"broadcast","message":"81","msg_id":null}}
[BROADCAST REQUEST: n2 -> n3] {"id":0,"src":"n2","dest":"n3","body":{"type":"broadcast","message":"81","msg_id":null}}
[BROADCAST REQUEST: n2 -> n1] {"id":0,"src":"n2","dest":"n1","body":{"type":"broadcast","message":"81","msg_id":null}}
[RECEIVED] {"id":1127,"src":"n5","dest":"n2","body":{"type":"broadcast","message":"81","msg_id":null}}
[MATCH BROADCAST]
[RECEIVED] {"id":1129,"src":"n3","dest":"n2","body":{"type":"broadcast","message":"81","msg_id":null}}
[MATCH BROADCAST]
[RECEIVED] {"id":1130,"src":"c11","dest":"n2","body":{"type":"read","msg_id":26}}
[MATCH READ]
[READ] {"src":"n2","dest":"c11","body":{"type":"read_ok","messages":["0","1","10","11","12","13","14","15","16","17","18","19","2","20","21","22","23","24","25","26","27","28","29","3","30","31","32","33","34","35","36","37","38","39","4","40","41","42","43","44","45","46","47","48","49","5","50","51","52","53","54","55","56","57","58","59","6","60","61","62","63","64","65","66","67","68","69","7","70","71","72","73","74","75","76","77","78","79","8","80","81","9"],"in_reply_to":26,"msg_id":273}}
[RECEIVED] {"id":1133,"src":"n3","dest":"n2","body":{"type":"broadcast","message":"82","msg_id":null}}
[MATCH BROADCAST]
[BROADCAST REQUEST: n2 -> n5] {"id":0,"src":"n2","dest":"n5","body":{"type":"broadcast","message":"82","msg_id":null}}
[BROADCAST REQUEST: n2 -> n3] {"id":0,"src":"n2","dest":"n3","body":{"type":"broadcast","message":"82","msg_id":null}}
[BROADCAST REQUEST: n2 -> n1] {"id":0,"src":"n2","dest":"n1","body":{"type":"broadcast","message":"82","msg_id":null}}
[RECEIVED] {"id":1138,"src":"n5","dest":"n2","body":{"type":"broadcast","message":"82","msg_id":null}}
[MATCH BROADCAST]
[RECEIVED] {"id":1141,"src":"n1","dest":"n2","body":{"type":"broadcast","message":"82","msg_id":null}}
[MATCH BROADCAST]
[RECEIVED] {"id":1147,"src":"n5","dest":"n2","body":{"type":"broadcast","message":"83","msg_id":null}}
[MATCH BROADCAST]
[BROADCAST REQUEST: n2 -> n5] {"id":0,"src":"n2","dest":"n5","body":{"type":"broadcast","message":"83","msg_id":null}}
[BROADCAST REQUEST: n2 -> n3] {"id":0,"src":"n2","dest":"n3","body":{"type":"broadcast","message":"83","msg_id":null}}
[BROADCAST REQUEST: n2 -> n1] {"id":0,"src":"n2","dest":"n1","body":{"type":"broadcast","message":"83","msg_id":null}}
[RECEIVED] {"id":1156,"src":"n3","dest":"n2","body":{"type":"broadcast","message":"83","msg_id":null}}
[MATCH BROADCAST]
[RECEIVED] {"id":1157,"src":"n1","dest":"n2","body":{"type":"broadcast","message":"83","msg_id":null}}
[MATCH BROADCAST]
[RECEIVED] {"id":1160,"src":"n1","dest":"n2","body":{"type":"broadcast","message":"84","msg_id":null}}
[MATCH BROADCAST]
[BROADCAST REQUEST: n2 -> n5] {"id":0,"src":"n2","dest":"n5","body":{"type":"broadcast","message":"84","msg_id":null}}
[BROADCAST REQUEST: n2 -> n3] {"id":0,"src":"n2","dest":"n3","body":{"type":"broadcast","message":"84","msg_id":null}}
[BROADCAST REQUEST: n2 -> n1] {"id":0,"src":"n2","dest":"n1","body":{"type":"broadcast","message":"84","msg_id":null}}
[RECEIVED] {"id":1167,"src":"n5","dest":"n2","body":{"type":"broadcast","message":"84","msg_id":null}}
[RECEIVED] {"id":1168,"src":"n3","dest":"n2","body":{"type":"broadcast","message":"84","msg_id":null}}
[MATCH BROADCAST]
[MATCH BROADCAST]
[RECEIVED] {"id":1172,"src":"c11","dest":"n2","body":{"type":"broadcast","message":85,"msg_id":27}}
[MATCH BROADCAST]
[BROADCAST REQUEST: n2 -> n5] {"id":0,"src":"n2","dest":"n5","body":{"type":"broadcast","message":"85","msg_id":null}}
[BROADCAST REQUEST: n2 -> n3] {"id":0,"src":"n2","dest":"n3","body":{"type":"broadcast","message":"85","msg_id":null}}
[BROADCAST REQUEST: n2 -> n1] {"id":0,"src":"n2","dest":"n1","body":{"type":"broadcast","message":"85","msg_id":null}}
[BROADCAST] {"src":"n2","dest":"c11","body":{"type":"broadcast_ok","in_reply_to":27,"msg_id":283}}
[RECEIVED] {"id":1177,"src":"n3","dest":"n2","body":{"type":"broadcast","message":"85","msg_id":null}}
[RECEIVED] {"id":1178,"src":"n5","dest":"n2","body":{"type":"broadcast","message":"85","msg_id":null}}
[MATCH BROADCAST]
[MATCH BROADCAST]
[RECEIVED] {"id":1181,"src":"n1","dest":"n2","body":{"type":"broadcast","message":"85","msg_id":null}}
[MATCH BROADCAST]
[RECEIVED] {"id":1191,"src":"n1","dest":"n2","body":{"type":"broadcast","message":"86","msg_id":null}}
[RECEIVED] {"id":1192,"src":"n5","dest":"n2","body":{"type":"broadcast","message":"86","msg_id":null}}
[MATCH BROADCAST]
[MATCH BROADCAST]
[BROADCAST REQUEST: n2 -> n5] {"id":0,"src":"n2","dest":"n5","body":{"type":"broadcast","message":"86","msg_id":null}}
[BROADCAST REQUEST: n2 -> n3] {"id":0,"src":"n2","dest":"n3","body":{"type":"broadcast","message":"86","msg_id":null}}
[BROADCAST REQUEST: n2 -> n1] {"id":0,"src":"n2","dest":"n1","body":{"type":"broadcast","message":"86","msg_id":null}}
[RECEIVED] {"id":1197,"src":"n3","dest":"n2","body":{"type":"broadcast","message":"86","msg_id":null}}
[MATCH BROADCAST]
[RECEIVED] {"id":1204,"src":"c11","dest":"n2","body":{"type":"read","msg_id":28}}
[MATCH READ]
[READ] {"src":"n2","dest":"c11","body":{"type":"read_ok","messages":["0","1","10","11","12","13","14","15","16","17","18","19","2","20","21","22","23","24","25","26","27","28","29","3","30","31","32","33","34","35","36","37","38","39","4","40","41","42","43","44","45","46","47","48","49","5","50","51","52","53","54","55","56","57","58","59","6","60","61","62","63","64","65","66","67","68","69","7","70","71","72","73","74","75","76","77","78","79","8","80","81","82","83","84","85","86","9"],"in_reply_to":28,"msg_id":290}}
[RECEIVED] {"id":1216,"src":"n1","dest":"n2","body":{"type":"broadcast","message":"87","msg_id":null}}
[MATCH BROADCAST]
[BROADCAST REQUEST: n2 -> n5] {"id":0,"src":"n2","dest":"n5","body":{"type":"broadcast","message":"87","msg_id":null}}
[BROADCAST REQUEST: n2 -> n3] {"id":0,"src":"n2","dest":"n3","body":{"type":"broadcast","message":"87","msg_id":null}}
[BROADCAST REQUEST: n2 -> n1] {"id":0,"src":"n2","dest":"n1","body":{"type":"broadcast","message":"87","msg_id":null}}
[RECEIVED] {"id":1223,"src":"n5","dest":"n2","body":{"type":"broadcast","message":"87","msg_id":null}}
[MATCH BROADCAST]
[RECEIVED] {"id":1225,"src":"n3","dest":"n2","body":{"type":"broadcast","message":"87","msg_id":null}}
[MATCH BROADCAST]
[RECEIVED] {"id":1226,"src":"c11","dest":"n2","body":{"type":"broadcast","message":88,"msg_id":29}}
[MATCH BROADCAST]
[BROADCAST REQUEST: n2 -> n5] {"id":0,"src":"n2","dest":"n5","body":{"type":"broadcast","message":"88","msg_id":null}}
[BROADCAST REQUEST: n2 -> n3] {"id":0,"src":"n2","dest":"n3","body":{"type":"broadcast","message":"88","msg_id":null}}
[BROADCAST REQUEST: n2 -> n1] {"id":0,"src":"n2","dest":"n1","body":{"type":"broadcast","message":"88","msg_id":null}}
[BROADCAST] {"src":"n2","dest":"c11","body":{"type":"broadcast_ok","in_reply_to":29,"msg_id":294}}
[RECEIVED] {"id":1231,"src":"n5","dest":"n2","body":{"type":"broadcast","message":"88","msg_id":null}}
[RECEIVED] {"id":1232,"src":"n3","dest":"n2","body":{"type":"broadcast","message":"88","msg_id":null}}
[MATCH BROADCAST]
[MATCH BROADCAST]
[RECEIVED] {"id":1235,"src":"n1","dest":"n2","body":{"type":"broadcast","message":"88","msg_id":null}}
[MATCH BROADCAST]
[RECEIVED] {"id":1239,"src":"n3","dest":"n2","body":{"type":"broadcast","message":"89","msg_id":null}}
[MATCH BROADCAST]
[BROADCAST REQUEST: n2 -> n5] {"id":0,"src":"n2","dest":"n5","body":{"type":"broadcast","message":"89","msg_id":null}}
[BROADCAST REQUEST: n2 -> n3] {"id":0,"src":"n2","dest":"n3","body":{"type":"broadcast","message":"89","msg_id":null}}
[BROADCAST REQUEST: n2 -> n1] {"id":0,"src":"n2","dest":"n1","body":{"type":"broadcast","message":"89","msg_id":null}}
[RECEIVED] {"id":1244,"src":"n5","dest":"n2","body":{"type":"broadcast","message":"89","msg_id":null}}
[MATCH BROADCAST]
[RECEIVED] {"id":1247,"src":"n1","dest":"n2","body":{"type":"broadcast","message":"89","msg_id":null}}
[MATCH BROADCAST]
[RECEIVED] {"id":1255,"src":"n5","dest":"n2","body":{"type":"broadcast","message":"90","msg_id":null}}
[RECEIVED] {"id":1256,"src":"n1","dest":"n2","body":{"type":"broadcast","message":"90","msg_id":null}}
[MATCH BROADCAST]
[MATCH BROADCAST]
[BROADCAST REQUEST: n2 -> n5] {"id":0,"src":"n2","dest":"n5","body":{"type":"broadcast","message":"90","msg_id":null}}
[BROADCAST REQUEST: n2 -> n3] {"id":0,"src":"n2","dest":"n3","body":{"type":"broadcast","message":"90","msg_id":null}}
[BROADCAST REQUEST: n2 -> n1] {"id":0,"src":"n2","dest":"n1","body":{"type":"broadcast","message":"90","msg_id":null}}
[RECEIVED] {"id":1261,"src":"n3","dest":"n2","body":{"type":"broadcast","message":"90","msg_id":null}}
[MATCH BROADCAST]
[RECEIVED] {"id":1263,"src":"n5","dest":"n2","body":{"type":"broadcast","message":"91","msg_id":null}}
[MATCH BROADCAST]
[BROADCAST REQUEST: n2 -> n5] {"id":0,"src":"n2","dest":"n5","body":{"type":"broadcast","message":"91","msg_id":null}}
[BROADCAST REQUEST: n2 -> n3] {"id":0,"src":"n2","dest":"n3","body":{"type":"broadcast","message":"91","msg_id":null}}
[BROADCAST REQUEST: n2 -> n1] {"id":0,"src":"n2","dest":"n1","body":{"type":"broadcast","message":"91","msg_id":null}}
[RECEIVED] {"id":1271,"src":"n3","dest":"n2","body":{"type":"broadcast","message":"91","msg_id":null}}
[MATCH BROADCAST]
[RECEIVED] {"id":1273,"src":"n1","dest":"n2","body":{"type":"broadcast","message":"91","msg_id":null}}
[MATCH BROADCAST]
[RECEIVED] {"id":1276,"src":"n1","dest":"n2","body":{"type":"broadcast","message":"92","msg_id":null}}
[MATCH BROADCAST]
[BROADCAST REQUEST: n2 -> n5] {"id":0,"src":"n2","dest":"n5","body":{"type":"broadcast","message":"92","msg_id":null}}
[BROADCAST REQUEST: n2 -> n3] {"id":0,"src":"n2","dest":"n3","body":{"type":"broadcast","message":"92","msg_id":null}}
[BROADCAST REQUEST: n2 -> n1] {"id":0,"src":"n2","dest":"n1","body":{"type":"broadcast","message":"92","msg_id":null}}
[RECEIVED] {"id":1283,"src":"n5","dest":"n2","body":{"type":"broadcast","message":"92","msg_id":null}}
[RECEIVED] {"id":1284,"src":"n3","dest":"n2","body":{"type":"broadcast","message":"92","msg_id":null}}
[MATCH BROADCAST]
[MATCH BROADCAST]
[RECEIVED] {"id":1288,"src":"c11","dest":"n2","body":{"type":"read","msg_id":30}}
[MATCH READ]
[READ] {"src":"n2","dest":"c11","body":{"type":"read_ok","messages":["0","1","10","11","12","13","14","15","16","17","18","19","2","20","21","22","23","24","25","26","27","28","29","3","30","31","32","33","34","35","36","37","38","39","4","40","41","42","43","44","45","46","47","48","49","5","50","51","52","53","54","55","56","57","58","59","6","60","61","62","63","64","65","66","67","68","69","7","70","71","72","73","74","75","76","77","78","79","8","80","81","82","83","84","85","86","87","88","89","9","90","91","92"],"in_reply_to":30,"msg_id":310}}
[RECEIVED] {"id":1297,"src":"n1","dest":"n2","body":{"type":"broadcast","message":"93","msg_id":null}}
[RECEIVED] {"id":1298,"src":"n5","dest":"n2","body":{"type":"broadcast","message":"93","msg_id":null}}
[MATCH BROADCAST]
[MATCH BROADCAST]
[BROADCAST REQUEST: n2 -> n5] {"id":0,"src":"n2","dest":"n5","body":{"type":"broadcast","message":"93","msg_id":null}}
[BROADCAST REQUEST: n2 -> n3] {"id":0,"src":"n2","dest":"n3","body":{"type":"broadcast","message":"93","msg_id":null}}
[BROADCAST REQUEST: n2 -> n1] {"id":0,"src":"n2","dest":"n1","body":{"type":"broadcast","message":"93","msg_id":null}}
[RECEIVED] {"id":1303,"src":"n3","dest":"n2","body":{"type":"broadcast","message":"93","msg_id":null}}
[MATCH BROADCAST]
[RECEIVED] {"id":1305,"src":"n5","dest":"n2","body":{"type":"broadcast","message":"94","msg_id":null}}
[MATCH BROADCAST]
[BROADCAST REQUEST: n2 -> n5] {"id":0,"src":"n2","dest":"n5","body":{"type":"broadcast","message":"94","msg_id":null}}
[BROADCAST REQUEST: n2 -> n3] {"id":0,"src":"n2","dest":"n3","body":{"type":"broadcast","message":"94","msg_id":null}}
[BROADCAST REQUEST: n2 -> n1] {"id":0,"src":"n2","dest":"n1","body":{"type":"broadcast","message":"94","msg_id":null}}
[RECEIVED] {"id":1314,"src":"n3","dest":"n2","body":{"type":"broadcast","message":"94","msg_id":null}}
[MATCH BROADCAST]
[RECEIVED] {"id":1315,"src":"n1","dest":"n2","body":{"type":"broadcast","message":"94","msg_id":null}}
[MATCH BROADCAST]
[RECEIVED] {"id":1320,"src":"n1","dest":"n2","body":{"type":"broadcast","message":"95","msg_id":null}}
[MATCH BROADCAST]
[BROADCAST REQUEST: n2 -> n5] {"id":0,"src":"n2","dest":"n5","body":{"type":"broadcast","message":"95","msg_id":null}}
[BROADCAST REQUEST: n2 -> n3] {"id":0,"src":"n2","dest":"n3","body":{"type":"broadcast","message":"95","msg_id":null}}
[BROADCAST REQUEST: n2 -> n1] {"id":0,"src":"n2","dest":"n1","body":{"type":"broadcast","message":"95","msg_id":null}}
[RECEIVED] {"id":1327,"src":"n5","dest":"n2","body":{"type":"broadcast","message":"95","msg_id":null}}
[RECEIVED] {"id":1328,"src":"n3","dest":"n2","body":{"type":"broadcast","message":"95","msg_id":null}}
[MATCH BROADCAST]
[MATCH BROADCAST]
[RECEIVED] {"id":1330,"src":"c11","dest":"n2","body":{"type":"broadcast","message":96,"msg_id":31}}
[MATCH BROADCAST]
[BROADCAST REQUEST: n2 -> n5] {"id":0,"src":"n2","dest":"n5","body":{"type":"broadcast","message":"96","msg_id":null}}
[BROADCAST REQUEST: n2 -> n3] {"id":0,"src":"n2","dest":"n3","body":{"type":"broadcast","message":"96","msg_id":null}}
[BROADCAST REQUEST: n2 -> n1] {"id":0,"src":"n2","dest":"n1","body":{"type":"broadcast","message":"96","msg_id":null}}
[BROADCAST] {"src":"n2","dest":"c11","body":{"type":"broadcast_ok","in_reply_to":31,"msg_id":320}}
[RECEIVED] {"id":1335,"src":"n5","dest":"n2","body":{"type":"broadcast","message":"96","msg_id":null}}
[RECEIVED] {"id":1336,"src":"n3","dest":"n2","body":{"type":"broadcast","message":"96","msg_id":null}}
[MATCH BROADCAST]
[MATCH BROADCAST]
[RECEIVED] {"id":1339,"src":"n1","dest":"n2","body":{"type":"broadcast","message":"96","msg_id":null}}
[MATCH BROADCAST]
[RECEIVED] {"id":1343,"src":"n3","dest":"n2","body":{"type":"broadcast","message":"97","msg_id":null}}
[MATCH BROADCAST]
[BROADCAST REQUEST: n2 -> n5] {"id":0,"src":"n2","dest":"n5","body":{"type":"broadcast","message":"97","msg_id":null}}
[BROADCAST REQUEST: n2 -> n3] {"id":0,"src":"n2","dest":"n3","body":{"type":"broadcast","message":"97","msg_id":null}}
[BROADCAST REQUEST: n2 -> n1] {"id":0,"src":"n2","dest":"n1","body":{"type":"broadcast","message":"97","msg_id":null}}
[RECEIVED] {"id":1348,"src":"n5","dest":"n2","body":{"type":"broadcast","message":"97","msg_id":null}}
[MATCH BROADCAST]
[RECEIVED] {"id":1351,"src":"n1","dest":"n2","body":{"type":"broadcast","message":"97","msg_id":null}}
[MATCH BROADCAST]
[RECEIVED] {"id":1358,"src":"n5","dest":"n2","body":{"type":"broadcast","message":"98","msg_id":null}}
[MATCH BROADCAST]
[RECEIVED] {"id":1360,"src":"n1","dest":"n2","body":{"type":"broadcast","message":"98","msg_id":null}}
[BROADCAST REQUEST: n2 -> n5] {"id":0,"src":"n2","dest":"n5","body":{"type":"broadcast","message":"98","msg_id":null}}
[MATCH BROADCAST]
[BROADCAST REQUEST: n2 -> n3] {"id":0,"src":"n2","dest":"n3","body":{"type":"broadcast","message":"98","msg_id":null}}
[BROADCAST REQUEST: n2 -> n1] {"id":0,"src":"n2","dest":"n1","body":{"type":"broadcast","message":"98","msg_id":null}}
[RECEIVED] {"id":1365,"src":"n3","dest":"n2","body":{"type":"broadcast","message":"98","msg_id":null}}
[MATCH BROADCAST]
[RECEIVED] {"id":1372,"src":"c11","dest":"n2","body":{"type":"broadcast","message":99,"msg_id":32}}
[MATCH BROADCAST]
[BROADCAST REQUEST: n2 -> n5] {"id":0,"src":"n2","dest":"n5","body":{"type":"broadcast","message":"99","msg_id":null}}
[BROADCAST REQUEST: n2 -> n3] {"id":0,"src":"n2","dest":"n3","body":{"type":"broadcast","message":"99","msg_id":null}}
[BROADCAST REQUEST: n2 -> n1] {"id":0,"src":"n2","dest":"n1","body":{"type":"broadcast","message":"99","msg_id":null}}
[BROADCAST] {"src":"n2","dest":"c11","body":{"type":"broadcast_ok","in_reply_to":32,"msg_id":330}}
[RECEIVED] {"id":1377,"src":"n5","dest":"n2","body":{"type":"broadcast","message":"99","msg_id":null}}
[RECEIVED] {"id":1378,"src":"n3","dest":"n2","body":{"type":"broadcast","message":"99","msg_id":null}}
[MATCH BROADCAST]
[MATCH BROADCAST]
[RECEIVED] {"id":1381,"src":"n1","dest":"n2","body":{"type":"broadcast","message":"99","msg_id":null}}
[MATCH BROADCAST]
[RECEIVED] {"id":1385,"src":"n3","dest":"n2","body":{"type":"broadcast","message":"100","msg_id":null}}
[MATCH BROADCAST]
[BROADCAST REQUEST: n2 -> n5] {"id":0,"src":"n2","dest":"n5","body":{"type":"broadcast","message":"100","msg_id":null}}
[BROADCAST REQUEST: n2 -> n3] {"id":0,"src":"n2","dest":"n3","body":{"type":"broadcast","message":"100","msg_id":null}}
[BROADCAST REQUEST: n2 -> n1] {"id":0,"src":"n2","dest":"n1","body":{"type":"broadcast","message":"100","msg_id":null}}
[RECEIVED] {"id":1390,"src":"n5","dest":"n2","body":{"type":"broadcast","message":"100","msg_id":null}}
[MATCH BROADCAST]
[RECEIVED] {"id":1393,"src":"n1","dest":"n2","body":{"type":"broadcast","message":"100","msg_id":null}}
[MATCH BROADCAST]
[RECEIVED] {"id":1399,"src":"n5","dest":"n2","body":{"type":"broadcast","message":"101","msg_id":null}}
[MATCH BROADCAST]
[BROADCAST REQUEST: n2 -> n5] {"id":0,"src":"n2","dest":"n5","body":{"type":"broadcast","message":"101","msg_id":null}}
[BROADCAST REQUEST: n2 -> n3] {"id":0,"src":"n2","dest":"n3","body":{"type":"broadcast","message":"101","msg_id":null}}
[BROADCAST REQUEST: n2 -> n1] {"id":0,"src":"n2","dest":"n1","body":{"type":"broadcast","message":"101","msg_id":null}}
[RECEIVED] {"id":1408,"src":"n1","dest":"n2","body":{"type":"broadcast","message":"101","msg_id":null}}
[RECEIVED] {"id":1409,"src":"n3","dest":"n2","body":{"type":"broadcast","message":"101","msg_id":null}}
[MATCH BROADCAST]
[MATCH BROADCAST]
[RECEIVED] {"id":1414,"src":"n1","dest":"n2","body":{"type":"broadcast","message":"102","msg_id":null}}
[MATCH BROADCAST]
[BROADCAST REQUEST: n2 -> n5] {"id":0,"src":"n2","dest":"n5","body":{"type":"broadcast","message":"102","msg_id":null}}
[BROADCAST REQUEST: n2 -> n3] {"id":0,"src":"n2","dest":"n3","body":{"type":"broadcast","message":"102","msg_id":null}}
[BROADCAST REQUEST: n2 -> n1] {"id":0,"src":"n2","dest":"n1","body":{"type":"broadcast","message":"102","msg_id":null}}
[RECEIVED] {"id":1421,"src":"n3","dest":"n2","body":{"type":"broadcast","message":"102","msg_id":null}}
[RECEIVED] {"id":1422,"src":"n5","dest":"n2","body":{"type":"broadcast","message":"102","msg_id":null}}
[MATCH BROADCAST]
[MATCH BROADCAST]
[RECEIVED] {"id":1424,"src":"c11","dest":"n2","body":{"type":"read","msg_id":33}}
[MATCH READ]
[READ] {"src":"n2","dest":"c11","body":{"type":"read_ok","messages":["0","1","10","100","101","102","11","12","13","14","15","16","17","18","19","2","20","21","22","23","24","25","26","27","28","29","3","30","31","32","33","34","35","36","37","38","39","4","40","41","42","43","44","45","46","47","48","49","5","50","51","52","53","54","55","56","57","58","59","6","60","61","62","63","64","65","66","67","68","69","7","70","71","72","73","74","75","76","77","78","79","8","80","81","82","83","84","85","86","87","88","89","9","90","91","92","93","94","95","96","97","98","99"],"in_reply_to":33,"msg_id":343}}
[RECEIVED] {"id":1427,"src":"n3","dest":"n2","body":{"type":"broadcast","message":"103","msg_id":null}}
[MATCH BROADCAST]
[BROADCAST REQUEST: n2 -> n5] {"id":0,"src":"n2","dest":"n5","body":{"type":"broadcast","message":"103","msg_id":null}}
[BROADCAST REQUEST: n2 -> n3] {"id":0,"src":"n2","dest":"n3","body":{"type":"broadcast","message":"103","msg_id":null}}
[BROADCAST REQUEST: n2 -> n1] {"id":0,"src":"n2","dest":"n1","body":{"type":"broadcast","message":"103","msg_id":null}}
[RECEIVED] {"id":1432,"src":"n5","dest":"n2","body":{"type":"broadcast","message":"103","msg_id":null}}
[MATCH BROADCAST]
[RECEIVED] {"id":1435,"src":"n1","dest":"n2","body":{"type":"broadcast","message":"103","msg_id":null}}
[MATCH BROADCAST]
[RECEIVED] {"id":1443,"src":"n5","dest":"n2","body":{"type":"broadcast","message":"104","msg_id":null}}
[RECEIVED] {"id":1444,"src":"n1","dest":"n2","body":{"type":"broadcast","message":"104","msg_id":null}}
[MATCH BROADCAST]
[MATCH BROADCAST]
[BROADCAST REQUEST: n2 -> n5] {"id":0,"src":"n2","dest":"n5","body":{"type":"broadcast","message":"104","msg_id":null}}
[BROADCAST REQUEST: n2 -> n3] {"id":0,"src":"n2","dest":"n3","body":{"type":"broadcast","message":"104","msg_id":null}}
[BROADCAST REQUEST: n2 -> n1] {"id":0,"src":"n2","dest":"n1","body":{"type":"broadcast","message":"104","msg_id":null}}
[RECEIVED] {"id":1449,"src":"n3","dest":"n2","body":{"type":"broadcast","message":"104","msg_id":null}}
[MATCH BROADCAST]
[RECEIVED] {"id":1456,"src":"c11","dest":"n2","body":{"type":"broadcast","message":105,"msg_id":34}}
[MATCH BROADCAST]
[BROADCAST REQUEST: n2 -> n5] {"id":0,"src":"n2","dest":"n5","body":{"type":"broadcast","message":"105","msg_id":null}}
[BROADCAST REQUEST: n2 -> n3] {"id":0,"src":"n2","dest":"n3","body":{"type":"broadcast","message":"105","msg_id":null}}
[BROADCAST REQUEST: n2 -> n1] {"id":0,"src":"n2","dest":"n1","body":{"type":"broadcast","message":"105","msg_id":null}}
[BROADCAST] {"src":"n2","dest":"c11","body":{"type":"broadcast_ok","in_reply_to":34,"msg_id":350}}
[RECEIVED] {"id":1461,"src":"n3","dest":"n2","body":{"type":"broadcast","message":"105","msg_id":null}}
[RECEIVED] {"id":1462,"src":"n5","dest":"n2","body":{"type":"broadcast","message":"105","msg_id":null}}
[MATCH BROADCAST]
[MATCH BROADCAST]
[RECEIVED] {"id":1465,"src":"n1","dest":"n2","body":{"type":"broadcast","message":"105","msg_id":null}}
[MATCH BROADCAST]
[RECEIVED] {"id":1474,"src":"n5","dest":"n2","body":{"type":"broadcast","message":"106","msg_id":null}}
[MATCH BROADCAST]
[RECEIVED] {"id":1477,"src":"n1","dest":"n2","body":{"type":"broadcast","message":"106","msg_id":null}}
[BROADCAST REQUEST: n2 -> n5] {"id":0,"src":"n2","dest":"n5","body":{"type":"broadcast","message":"106","msg_id":null}}
[MATCH BROADCAST]
[BROADCAST REQUEST: n2 -> n3] {"id":0,"src":"n2","dest":"n3","body":{"type":"broadcast","message":"106","msg_id":null}}
[BROADCAST REQUEST: n2 -> n1] {"id":0,"src":"n2","dest":"n1","body":{"type":"broadcast","message":"106","msg_id":null}}
[RECEIVED] {"id":1481,"src":"n3","dest":"n2","body":{"type":"broadcast","message":"106","msg_id":null}}
[MATCH BROADCAST]
[RECEIVED] {"id":1490,"src":"c11","dest":"n2","body":{"type":"read","msg_id":35}}
[MATCH READ]
[READ] {"src":"n2","dest":"c11","body":{"type":"read_ok","messages":["0","1","10","100","101","102","103","104","105","106","11","12","13","14","15","16","17","18","19","2","20","21","22","23","24","25","26","27","28","29","3","30","31","32","33","34","35","36","37","38","39","4","40","41","42","43","44","45","46","47","48","49","5","50","51","52","53","54","55","56","57","58","59","6","60","61","62","63","64","65","66","67","68","69","7","70","71","72","73","74","75","76","77","78","79","8","80","81","82","83","84","85","86","87","88","89","9","90","91","92","93","94","95","96","97","98","99"],"in_reply_to":35,"msg_id":357}}
