2025-05-30 19:07:10,782{GMT}	INFO	[jepsen test runner] jepsen.core: Test version 9c9bbdfd60f614614ba86cf415b5dc43daf0d73d (plus uncommitted changes)
2025-05-30 19:07:10,782{GMT}	INFO	[jepsen test runner] jepsen.core: Command line:
lein run test -w broadcast --bin self/server/_build/default/bin/main.exe --time-limit 5 --rate 10
2025-05-30 19:07:10,815{GMT}	INFO	[jepsen test runner] jepsen.core: Running test:
{:args []
 :remote
 #jepsen.control.retry.Remote{:remote #jepsen.control.scp.Remote{:cmd-remote #jepsen.control.sshj.SSHJRemote{:concurrency-limit 6,
                                                                                                             :conn-spec nil,
                                                                                                             :client nil,
                                                                                                             :semaphore nil},
                                                                 :conn-spec nil},
                              :conn nil}
 :log-net-send false
 :node-count nil
 :availability nil
 :max-txn-length 4
 :concurrency 5
 :db
 #object[maelstrom.db$db$reify__16612
         "0x54fd5f6"
         "maelstrom.db$db$reify__16612@54fd5f6"]
 :max-writes-per-key 16
 :leave-db-running? false
 :name "broadcast"
 :logging-json? false
 :start-time
 #object[org.joda.time.DateTime "0x1f9b8c23" "2025-05-30T19:07:10.756-04:00"]
 :nemesis-interval 10
 :net
 #object[maelstrom.net$jepsen_net$reify__15721
         "0x6b297a62"
         "maelstrom.net$jepsen_net$reify__15721@6b297a62"]
 :client
 #object[maelstrom.workload.broadcast$client$reify__17142
         "0x11303cb"
         "maelstrom.workload.broadcast$client$reify__17142@11303cb"]
 :barrier
 #object[java.util.concurrent.CyclicBarrier
         "0x655e3f4c"
         "java.util.concurrent.CyclicBarrier@655e3f4c"]
 :log-stderr false
 :pure-generators true
 :ssh {:dummy? true}
 :rate 10.0
 :checker
 #object[jepsen.checker$compose$reify__11089
         "0x26e74d50"
         "jepsen.checker$compose$reify__11089@26e74d50"]
 :argv
 ("test"
  "-w"
  "broadcast"
  "--bin"
  "self/server/_build/default/bin/main.exe"
  "--time-limit"
  "5"
  "--rate"
  "10")
 :nemesis
 (jepsen.nemesis.ReflCompose
  {:fm {:start-partition 0,
        :stop-partition 0,
        :kill 1,
        :start 1,
        :pause 1,
        :resume 1},
   :nemeses [#unprintable "jepsen.nemesis.combined$partition_nemesis$reify__16905@6bdc984"
             #unprintable "jepsen.nemesis.combined$db_nemesis$reify__16886@1f299fc3"]})
 :nodes ["n1" "n2" "n3" "n4" "n5"]
 :test-count 1
 :latency {:mean 0, :dist :constant}
 :bin "self/server/_build/default/bin/main.exe"
 :generator
 #object[jepsen.util.Forgettable
         "0x4b954cbb"
         ((jepsen.generator.Synchronize
           {:gen (jepsen.generator.TimeLimit
                  {:limit 5000000000,
                   :cutoff nil,
                   :gen (jepsen.generator.Any
                         {:gens [(jepsen.generator.OnThreads
                                  {:f #{:nemesis},
                                   :context-filter #object[jepsen.generator.context$make_thread_filter$lazy_filter__12077
                                                           "0x504521ae"
                                                           "jepsen.generator.context$make_thread_filter$lazy_filter__12077@504521ae"],
                                   :gen nil})
                                 (jepsen.generator.OnThreads
                                  {:f #jepsen.generator.context.AllBut{:element :nemesis},
                                   :context-filter #object[jepsen.generator.context$make_thread_filter$lazy_filter__12077
                                                           "0x4a9e6ea7"
                                                           "jepsen.generator.context$make_thread_filter$lazy_filter__12077@4a9e6ea7"],
                                   :gen (jepsen.generator.Stagger
                                         {:dt 200000000,
                                          :next-time nil,
                                          :gen (jepsen.generator.Mix
                                                {:i 0,
                                                 :gens [({:f :broadcast,
                                                          :value 0}
                                                         {:f :broadcast,
                                                          :value 1}
                                                         {:f :broadcast,
                                                          :value 2}
                                                         {:f :broadcast,
                                                          :value 3}
                                                         {:f :broadcast,
                                                          :value 4}
                                                         {:f :broadcast,
                                                          :value 5}
                                                         {:f :broadcast,
                                                          :value 6}
                                                         {:f :broadcast,
                                                          :value 7}
                                                         ...)
                                                        ({:f :read}
                                                         {:f :read}
                                                         {:f :read}
                                                         {:f :read}
                                                         {:f :read}
                                                         {:f :read}
                                                         {:f :read}
                                                         {:f :read}
                                                         ...)]})})})]})})})
          (jepsen.generator.Synchronize
           {:gen (jepsen.generator.OnThreads
                  {:f #{:nemesis},
                   :context-filter #object[jepsen.generator.context$make_thread_filter$lazy_filter__12077
                                           "0x5aaecd25"
                                           "jepsen.generator.context$make_thread_filter$lazy_filter__12077@5aaecd25"],
                   :gen ()})})
          (jepsen.generator.Synchronize
           {:gen {:type :log, :value "Waiting for recovery..."}})
          (jepsen.generator.Synchronize {:gen {:type :sleep, :value 10}})
          (jepsen.generator.Synchronize
           {:gen (jepsen.generator.OnThreads
                  {:f #jepsen.generator.context.AllBut{:element :nemesis},
                   :context-filter #object[jepsen.generator.context$make_thread_filter$lazy_filter__12077
                                           "0x239fdf8f"
                                           "jepsen.generator.context$make_thread_filter$lazy_filter__12077@239fdf8f"],
                   :gen (jepsen.generator.EachThread
                         {:fresh-gen {:f :read, :final? true},
                          :context-filters #object[clojure.core$promise$reify__8621
                                                   "0x1acd660d"
                                                   {:status :pending, :val nil}],
                          :gens {}})})}))]
 :log-net-recv false
 :os
 #object[maelstrom.net$jepsen_os$reify__15724
         "0x22f3b213"
         "maelstrom.net$jepsen_os$reify__15724@22f3b213"]
 :time-limit 5
 :workload :broadcast
 :consistency-models [:strict-serializable]
 :topology :grid}

2025-05-30 19:07:11,610{GMT}	INFO	[jepsen node n1] maelstrom.net: Starting Maelstrom network
2025-05-30 19:07:11,611{GMT}	INFO	[jepsen test runner] jepsen.db: Tearing down DB
2025-05-30 19:07:11,612{GMT}	INFO	[jepsen test runner] jepsen.db: Setting up DB
2025-05-30 19:07:11,612{GMT}	INFO	[jepsen node n3] maelstrom.db: Setting up n3
2025-05-30 19:07:11,612{GMT}	INFO	[jepsen node n4] maelstrom.db: Setting up n4
2025-05-30 19:07:11,612{GMT}	INFO	[jepsen node n2] maelstrom.db: Setting up n2
2025-05-30 19:07:11,612{GMT}	INFO	[jepsen node n5] maelstrom.db: Setting up n5
2025-05-30 19:07:11,612{GMT}	INFO	[jepsen node n3] maelstrom.process: launching self/server/_build/default/bin/main.exe []
2025-05-30 19:07:11,612{GMT}	INFO	[jepsen node n4] maelstrom.process: launching self/server/_build/default/bin/main.exe []
2025-05-30 19:07:11,612{GMT}	INFO	[jepsen node n2] maelstrom.process: launching self/server/_build/default/bin/main.exe []
2025-05-30 19:07:11,612{GMT}	INFO	[jepsen node n5] maelstrom.process: launching self/server/_build/default/bin/main.exe []
2025-05-30 19:07:11,613{GMT}	INFO	[jepsen node n1] maelstrom.service: Starting services: (lin-kv lin-tso lww-kv seq-kv)
2025-05-30 19:07:11,613{GMT}	INFO	[jepsen node n1] maelstrom.db: Setting up n1
2025-05-30 19:07:11,613{GMT}	INFO	[jepsen node n1] maelstrom.process: launching self/server/_build/default/bin/main.exe []
2025-05-30 19:07:20,852{GMT}	INFO	[jepsen test runner] jepsen.core: Relative time begins now
2025-05-30 19:07:20,891{GMT}	INFO	[jepsen worker 0] jepsen.util: 0	:invoke	:broadcast	0
2025-05-30 19:07:20,905{GMT}	INFO	[jepsen worker 0] jepsen.util: 0	:ok	:broadcast	0
2025-05-30 19:07:20,915{GMT}	INFO	[jepsen worker 1] jepsen.util: 1	:invoke	:read	nil
2025-05-30 19:07:20,919{GMT}	INFO	[jepsen worker 1] jepsen.util: 1	:ok	:read	["0" "0" "0" "0"]
2025-05-30 19:07:20,960{GMT}	INFO	[jepsen worker 2] jepsen.util: 2	:invoke	:broadcast	1
2025-05-30 19:07:20,962{GMT}	INFO	[jepsen worker 2] jepsen.util: 2	:ok	:broadcast	1
2025-05-30 19:07:21,133{GMT}	INFO	[jepsen worker 3] jepsen.util: 3	:invoke	:read	nil
2025-05-30 19:07:21,136{GMT}	INFO	[jepsen worker 3] jepsen.util: 3	:ok	:read	["1" "1" "0" "0" "0"]
2025-05-30 19:07:21,253{GMT}	INFO	[jepsen worker 4] jepsen.util: 4	:invoke	:read	nil
2025-05-30 19:07:21,255{GMT}	INFO	[jepsen worker 4] jepsen.util: 4	:ok	:read	["1" "1" "1" "0" "0"]
2025-05-30 19:07:21,435{GMT}	INFO	[jepsen worker 0] jepsen.util: 0	:invoke	:read	nil
2025-05-30 19:07:21,437{GMT}	INFO	[jepsen worker 0] jepsen.util: 0	:ok	:read	["1" "1" "1" "0" "0" "0"]
2025-05-30 19:07:21,486{GMT}	INFO	[jepsen worker 0] jepsen.util: 0	:invoke	:broadcast	2
2025-05-30 19:07:21,487{GMT}	INFO	[jepsen worker 0] jepsen.util: 0	:ok	:broadcast	2
2025-05-30 19:07:21,582{GMT}	INFO	[jepsen worker 1] jepsen.util: 1	:invoke	:broadcast	3
2025-05-30 19:07:21,746{GMT}	INFO	[jepsen worker 2] jepsen.util: 2	:invoke	:read	nil
2025-05-30 19:07:21,774{GMT}	INFO	[jepsen worker 1] jepsen.util: 1	:ok	:broadcast	3
2025-05-30 19:07:21,774{GMT}	INFO	[jepsen worker 2] jepsen.util: 2	:ok	:read	["2" "1" "1" "0"]
2025-05-30 19:07:21,873{GMT}	INFO	[jepsen worker 3] jepsen.util: 3	:invoke	:broadcast	4
2025-05-30 19:07:21,874{GMT}	INFO	[jepsen worker 3] jepsen.util: 3	:ok	:broadcast	4
2025-05-30 19:07:22,057{GMT}	INFO	[jepsen worker 4] jepsen.util: 4	:invoke	:broadcast	5
2025-05-30 19:07:22,059{GMT}	INFO	[jepsen worker 4] jepsen.util: 4	:ok	:broadcast	5
2025-05-30 19:07:22,201{GMT}	INFO	[jepsen worker 0] jepsen.util: 0	:invoke	:read	nil
2025-05-30 19:07:22,203{GMT}	INFO	[jepsen worker 0] jepsen.util: 0	:ok	:read	["5" "5" "4" "4" "4" "3" "3" "3" "2" "2" "2" "1" "1" "1" "0" "0" "0"]
2025-05-30 19:07:22,387{GMT}	INFO	[jepsen worker 0] jepsen.util: 0	:invoke	:broadcast	6
2025-05-30 19:07:22,390{GMT}	INFO	[jepsen worker 0] jepsen.util: 0	:ok	:broadcast	6
2025-05-30 19:07:22,406{GMT}	INFO	[jepsen worker 1] jepsen.util: 1	:invoke	:broadcast	7
2025-05-30 19:07:22,406{GMT}	INFO	[jepsen worker 1] jepsen.util: 1	:ok	:broadcast	7
2025-05-30 19:07:22,484{GMT}	INFO	[jepsen worker 2] jepsen.util: 2	:invoke	:broadcast	8
2025-05-30 19:07:22,485{GMT}	INFO	[jepsen worker 2] jepsen.util: 2	:ok	:broadcast	8
2025-05-30 19:07:22,680{GMT}	INFO	[jepsen worker 3] jepsen.util: 3	:invoke	:broadcast	9
2025-05-30 19:07:22,777{GMT}	INFO	[jepsen worker 4] jepsen.util: 4	:invoke	:read	nil
2025-05-30 19:07:22,815{GMT}	INFO	[jepsen worker 0] jepsen.util: 0	:invoke	:broadcast	10
2025-05-30 19:07:22,881{GMT}	INFO	[jepsen worker 1] jepsen.util: 1	:invoke	:broadcast	11
2025-05-30 19:07:22,888{GMT}	INFO	[jepsen worker 2] jepsen.util: 2	:invoke	:read	nil
2025-05-30 19:07:22,917{GMT}	INFO	[jepsen worker 3] jepsen.util: 3	:ok	:broadcast	9
2025-05-30 19:07:22,928{GMT}	INFO	[jepsen worker 4] jepsen.util: 4	:ok	:read	["9" "9" "9" "8" "8" "8" "7" "7" "7" "6" "6" "5" "5" "5" "4" "4" "4" "3" "3" "3" "2" "2" "1" "1" "1" "0" "0"]
2025-05-30 19:07:23,035{GMT}	INFO	[jepsen worker 0] jepsen.util: 0	:ok	:broadcast	10
2025-05-30 19:07:23,036{GMT}	INFO	[jepsen worker 2] jepsen.util: 2	:ok	:read	["9" "9" "8" "8" "7" "6" "5" "4" "4" "3" "2" "1" "1" "0"]
2025-05-30 19:07:23,036{GMT}	INFO	[jepsen worker 1] jepsen.util: 1	:ok	:broadcast	11
2025-05-30 19:07:23,086{GMT}	INFO	[jepsen worker 2] jepsen.util: 2	:invoke	:read	nil
2025-05-30 19:07:23,087{GMT}	INFO	[jepsen worker 2] jepsen.util: 2	:ok	:read	["10" "11" "9" "9" "8" "8" "7" "6" "5" "4" "4" "3" "2" "1" "1" "0"]
2025-05-30 19:07:23,144{GMT}	INFO	[jepsen worker 3] jepsen.util: 3	:invoke	:broadcast	12
2025-05-30 19:07:23,146{GMT}	INFO	[jepsen worker 3] jepsen.util: 3	:ok	:broadcast	12
2025-05-30 19:07:23,213{GMT}	INFO	[jepsen worker 4] jepsen.util: 4	:invoke	:broadcast	13
2025-05-30 19:07:23,214{GMT}	INFO	[jepsen worker 4] jepsen.util: 4	:ok	:broadcast	13
2025-05-30 19:07:23,324{GMT}	INFO	[jepsen worker 0] jepsen.util: 0	:invoke	:broadcast	14
2025-05-30 19:07:23,326{GMT}	INFO	[jepsen worker 0] jepsen.util: 0	:ok	:broadcast	14
2025-05-30 19:07:23,451{GMT}	INFO	[jepsen worker 0] jepsen.util: 0	:invoke	:read	nil
2025-05-30 19:07:23,453{GMT}	INFO	[jepsen worker 0] jepsen.util: 0	:ok	:read	["14" "14" "14" "13" "13" "12" "12" "12" "11" "11" "10" "10" "10" "9" "9" "9" "8" "8" "8" "7" "7" "7" "6" "6" "6" "5" "5" "4" "4" "4" "3" "3" "3" "2" "2" "2" "1" "1" "1" "0" "0" "0"]
2025-05-30 19:07:23,525{GMT}	INFO	[jepsen worker 1] jepsen.util: 1	:invoke	:read	nil
2025-05-30 19:07:23,526{GMT}	INFO	[jepsen worker 1] jepsen.util: 1	:ok	:read	["14" "14" "14" "14" "13" "13" "13" "13" "12" "12" "12" "12" "10" "11" "11" "10" "11" "10" "11" "9" "9" "9" "9" "8" "8" "8" "7" "7" "7" "7" "6" "6" "6" "6" "5" "5" "5" "5" "4" "4" "4" "4" "3" "3" "3" "3" "2" "2" "2" "2" "1" "1" "1" "0" "0" "0" "0"]
2025-05-30 19:07:23,564{GMT}	INFO	[jepsen worker 2] jepsen.util: 2	:invoke	:broadcast	15
2025-05-30 19:07:23,565{GMT}	INFO	[jepsen worker 2] jepsen.util: 2	:ok	:broadcast	15
2025-05-30 19:07:23,737{GMT}	INFO	[jepsen worker 3] jepsen.util: 3	:invoke	:broadcast	16
2025-05-30 19:07:23,739{GMT}	INFO	[jepsen worker 3] jepsen.util: 3	:ok	:broadcast	16
2025-05-30 19:07:23,789{GMT}	INFO	[jepsen worker 4] jepsen.util: 4	:invoke	:read	nil
2025-05-30 19:07:23,791{GMT}	INFO	[jepsen worker 4] jepsen.util: 4	:ok	:read	["16" "16" "15" "15" "15" "14" "14" "13" "13" "13" "12" "12" "12" "11" "10" "10" "11" "9" "9" "9" "8" "8" "8" "7" "7" "7" "6" "6" "5" "5" "5" "4" "4" "4" "3" "3" "3" "2" "2" "1" "1" "1" "0" "0"]
2025-05-30 19:07:23,847{GMT}	INFO	[jepsen worker 0] jepsen.util: 0	:invoke	:read	nil
2025-05-30 19:07:23,849{GMT}	INFO	[jepsen worker 0] jepsen.util: 0	:ok	:read	["16" "16" "15" "15" "15" "14" "14" "14" "13" "13" "12" "12" "12" "11" "11" "10" "10" "10" "9" "9" "9" "8" "8" "8" "7" "7" "7" "6" "6" "6" "5" "5" "4" "4" "4" "3" "3" "3" "2" "2" "2" "1" "1" "1" "0" "0" "0"]
2025-05-30 19:07:23,975{GMT}	INFO	[jepsen worker 0] jepsen.util: 0	:invoke	:read	nil
2025-05-30 19:07:23,977{GMT}	INFO	[jepsen worker 0] jepsen.util: 0	:ok	:read	["16" "16" "15" "15" "15" "14" "14" "14" "13" "13" "12" "12" "12" "11" "11" "10" "10" "10" "9" "9" "9" "8" "8" "8" "7" "7" "7" "6" "6" "6" "5" "5" "4" "4" "4" "3" "3" "3" "2" "2" "2" "1" "1" "1" "0" "0" "0"]
2025-05-30 19:07:24,158{GMT}	INFO	[jepsen worker 1] jepsen.util: 1	:invoke	:broadcast	17
2025-05-30 19:07:24,159{GMT}	INFO	[jepsen worker 1] jepsen.util: 1	:ok	:broadcast	17
2025-05-30 19:07:24,249{GMT}	INFO	[jepsen worker 2] jepsen.util: 2	:invoke	:read	nil
2025-05-30 19:07:24,252{GMT}	INFO	[jepsen worker 2] jepsen.util: 2	:ok	:read	["17" "16" "15" "15" "14" "13" "12" "12" "10" "11" "9" "9" "8" "8" "7" "6" "5" "4" "4" "3" "2" "1" "1" "0"]
2025-05-30 19:07:24,360{GMT}	INFO	[jepsen worker 3] jepsen.util: 3	:invoke	:read	nil
2025-05-30 19:07:24,362{GMT}	INFO	[jepsen worker 3] jepsen.util: 3	:ok	:read	["17" "17" "16" "16" "16" "15" "15" "14" "14" "14" "13" "13" "13" "12" "12" "12" "11" "11" "10" "10" "9" "9" "9" "8" "8" "7" "7" "6" "6" "6" "5" "5" "5" "4" "4" "4" "3" "3" "2" "2" "2" "1" "1" "0" "0" "0"]
2025-05-30 19:07:24,469{GMT}	INFO	[jepsen worker 4] jepsen.util: 4	:invoke	:broadcast	18
2025-05-30 19:07:24,469{GMT}	INFO	[jepsen worker 4] jepsen.util: 4	:ok	:broadcast	18
2025-05-30 19:07:24,484{GMT}	INFO	[jepsen worker 0] jepsen.util: 0	:invoke	:read	nil
2025-05-30 19:07:24,486{GMT}	INFO	[jepsen worker 0] jepsen.util: 0	:ok	:read	["18" "18" "17" "17" "17" "16" "16" "15" "15" "15" "14" "14" "14" "13" "13" "12" "12" "12" "11" "11" "10" "10" "10" "9" "9" "9" "8" "8" "8" "7" "7" "7" "6" "6" "6" "5" "5" "4" "4" "4" "3" "3" "3" "2" "2" "2" "1" "1" "1" "0" "0" "0"]
2025-05-30 19:07:24,560{GMT}	INFO	[jepsen worker 0] jepsen.util: 0	:invoke	:broadcast	19
2025-05-30 19:07:24,562{GMT}	INFO	[jepsen worker 0] jepsen.util: 0	:ok	:broadcast	19
2025-05-30 19:07:24,567{GMT}	INFO	[jepsen worker 1] jepsen.util: 1	:invoke	:read	nil
2025-05-30 19:07:24,568{GMT}	INFO	[jepsen worker 1] jepsen.util: 1	:ok	:read	["19" "19" "19" "19" "18" "18" "18" "18" "17" "17" "17" "17" "16" "16" "16" "15" "15" "15" "14" "14" "14" "14" "13" "13" "13" "13" "12" "12" "12" "12" "10" "11" "11" "10" "11" "10" "11" "9" "9" "9" "9" "8" "8" "8" "7" "7" "7" "7" "6" "6" "6" "6" "5" "5" "5" "5" "4" "4" "4" "4" "3" "3" "3" "3" "2" "2" "2" "2" "1" "1" "1" "0" "0" "0" "0"]
2025-05-30 19:07:24,689{GMT}	INFO	[jepsen worker 2] jepsen.util: 2	:invoke	:broadcast	20
2025-05-30 19:07:24,691{GMT}	INFO	[jepsen worker 2] jepsen.util: 2	:ok	:broadcast	20
2025-05-30 19:07:24,859{GMT}	INFO	[jepsen worker 3] jepsen.util: 3	:invoke	:broadcast	21
2025-05-30 19:07:24,861{GMT}	INFO	[jepsen worker 3] jepsen.util: 3	:ok	:broadcast	21
2025-05-30 19:07:24,958{GMT}	INFO	[jepsen worker 4] jepsen.util: 4	:invoke	:broadcast	22
2025-05-30 19:07:24,960{GMT}	INFO	[jepsen worker 4] jepsen.util: 4	:ok	:broadcast	22
2025-05-30 19:07:24,982{GMT}	INFO	[jepsen worker 0] jepsen.util: 0	:invoke	:broadcast	23
2025-05-30 19:07:24,983{GMT}	INFO	[jepsen worker 0] jepsen.util: 0	:ok	:broadcast	23
2025-05-30 19:07:25,080{GMT}	INFO	[jepsen worker 0] jepsen.util: 0	:invoke	:read	nil
2025-05-30 19:07:25,083{GMT}	INFO	[jepsen worker 0] jepsen.util: 0	:ok	:read	["23" "23" "23" "22" "22" "21" "21" "21" "20" "20" "20" "19" "19" "19" "18" "18" "17" "17" "17" "16" "16" "15" "15" "15" "14" "14" "14" "13" "13" "12" "12" "12" "11" "11" "10" "10" "10" "9" "9" "9" "8" "8" "8" "7" "7" "7" "6" "6" "6" "5" "5" "4" "4" "4" "3" "3" "3" "2" "2" "2" "1" "1" "1" "0" "0" "0"]
2025-05-30 19:07:25,162{GMT}	INFO	[jepsen worker 1] jepsen.util: 1	:invoke	:read	nil
2025-05-30 19:07:25,164{GMT}	INFO	[jepsen worker 1] jepsen.util: 1	:ok	:read	["23" "23" "23" "23" "22" "22" "22" "22" "21" "21" "21" "21" "20" "20" "20" "19" "19" "19" "19" "18" "18" "18" "18" "17" "17" "17" "17" "16" "16" "16" "15" "15" "15" "14" "14" "14" "14" "13" "13" "13" "13" "12" "12" "12" "12" "10" "11" "11" "10" "11" "10" "11" "9" "9" "9" "9" "8" "8" "8" "7" "7" "7" "7" "6" "6" "6" "6" "5" "5" "5" "5" "4" "4" "4" "4" "3" "3" "3" "3" "2" "2" "2" "2" "1" "1" "1" "0" "0" "0" "0"]
2025-05-30 19:07:25,332{GMT}	INFO	[jepsen worker 2] jepsen.util: 2	:invoke	:read	nil
2025-05-30 19:07:25,335{GMT}	INFO	[jepsen worker 2] jepsen.util: 2	:ok	:read	["23" "22" "21" "21" "20" "20" "19" "18" "17" "16" "15" "15" "14" "13" "12" "12" "10" "11" "9" "9" "8" "8" "7" "6" "5" "4" "4" "3" "2" "1" "1" "0"]
2025-05-30 19:07:25,383{GMT}	INFO	[jepsen worker 3] jepsen.util: 3	:invoke	:broadcast	24
2025-05-30 19:07:25,385{GMT}	INFO	[jepsen worker 3] jepsen.util: 3	:ok	:broadcast	24
2025-05-30 19:07:25,450{GMT}	INFO	[jepsen worker 4] jepsen.util: 4	:invoke	:read	nil
2025-05-30 19:07:25,452{GMT}	INFO	[jepsen worker 4] jepsen.util: 4	:ok	:read	["24" "24" "24" "23" "23" "22" "22" "22" "21" "21" "21" "20" "20" "20" "19" "19" "18" "18" "18" "17" "17" "17" "16" "16" "15" "15" "15" "14" "14" "13" "13" "13" "12" "12" "12" "11" "10" "10" "11" "9" "9" "9" "8" "8" "8" "7" "7" "7" "6" "6" "5" "5" "5" "4" "4" "4" "3" "3" "3" "2" "2" "1" "1" "1" "0" "0"]
2025-05-30 19:07:25,634{GMT}	INFO	[jepsen worker 0] jepsen.util: 0	:invoke	:broadcast	25
2025-05-30 19:07:25,636{GMT}	INFO	[jepsen worker 0] jepsen.util: 0	:ok	:broadcast	25
2025-05-30 19:07:25,656{GMT}	INFO	[jepsen worker 0] jepsen.util: 0	:invoke	:broadcast	26
2025-05-30 19:07:25,657{GMT}	INFO	[jepsen worker 0] jepsen.util: 0	:ok	:broadcast	26
2025-05-30 19:07:25,781{GMT}	INFO	[jepsen worker 1] jepsen.util: 1	:invoke	:broadcast	27
2025-05-30 19:07:25,782{GMT}	INFO	[jepsen worker 1] jepsen.util: 1	:ok	:broadcast	27
2025-05-30 19:07:25,811{GMT}	INFO	[jepsen worker 2] jepsen.util: 2	:invoke	:read	nil
2025-05-30 19:07:25,813{GMT}	INFO	[jepsen worker 2] jepsen.util: 2	:ok	:read	["27" "26" "25" "24" "24" "23" "22" "21" "21" "20" "20" "19" "18" "17" "16" "15" "15" "14" "13" "12" "12" "10" "11" "9" "9" "8" "8" "7" "6" "5" "4" "4" "3" "2" "1" "1" "0"]
2025-05-30 19:07:25,813{GMT}	INFO	[jepsen worker 3] jepsen.generator.interpreter: Waiting for recovery...
2025-05-30 19:07:35,818{GMT}	INFO	[jepsen worker 2] jepsen.util: 2	:invoke	:read	nil
2025-05-30 19:07:35,819{GMT}	INFO	[jepsen worker 1] jepsen.util: 1	:invoke	:read	nil
2025-05-30 19:07:35,819{GMT}	INFO	[jepsen worker 0] jepsen.util: 0	:invoke	:read	nil
2025-05-30 19:07:35,819{GMT}	INFO	[jepsen worker 3] jepsen.util: 3	:invoke	:read	nil
2025-05-30 19:07:35,819{GMT}	INFO	[jepsen worker 4] jepsen.util: 4	:invoke	:read	nil
2025-05-30 19:07:35,821{GMT}	INFO	[jepsen worker 2] jepsen.util: 2	:ok	:read	["27" "26" "25" "24" "24" "23" "22" "21" "21" "20" "20" "19" "18" "17" "16" "15" "15" "14" "13" "12" "12" "10" "11" "9" "9" "8" "8" "7" "6" "5" "4" "4" "3" "2" "1" "1" "0"]
2025-05-30 19:07:35,821{GMT}	INFO	[jepsen worker 0] jepsen.util: 0	:ok	:read	["27" "27" "27" "26" "26" "26" "25" "25" "25" "24" "24" "24" "23" "23" "23" "22" "22" "21" "21" "21" "20" "20" "20" "19" "19" "19" "18" "18" "17" "17" "17" "16" "16" "15" "15" "15" "14" "14" "14" "13" "13" "12" "12" "12" "11" "11" "10" "10" "10" "9" "9" "9" "8" "8" "8" "7" "7" "7" "6" "6" "6" "5" "5" "4" "4" "4" "3" "3" "3" "2" "2" "2" "1" "1" "1" "0" "0" "0"]
2025-05-30 19:07:35,821{GMT}	INFO	[jepsen worker 1] jepsen.util: 1	:ok	:read	["27" "27" "27" "27" "26" "26" "26" "26" "25" "25" "25" "25" "24" "24" "24" "23" "23" "23" "23" "22" "22" "22" "22" "21" "21" "21" "21" "20" "20" "20" "19" "19" "19" "19" "18" "18" "18" "18" "17" "17" "17" "17" "16" "16" "16" "15" "15" "15" "14" "14" "14" "14" "13" "13" "13" "13" "12" "12" "12" "12" "10" "11" "11" "10" "11" "10" "11" "9" "9" "9" "9" "8" "8" "8" "7" "7" "7" "7" "6" "6" "6" "6" "5" "5" "5" "5" "4" "4" "4" "4" "3" "3" "3" "3" "2" "2" "2" "2" "1" "1" "1" "0" "0" "0" "0"]
2025-05-30 19:07:35,821{GMT}	INFO	[jepsen worker 4] jepsen.util: 4	:ok	:read	["27" "27" "27" "26" "26" "25" "25" "24" "24" "24" "23" "23" "22" "22" "22" "21" "21" "21" "20" "20" "20" "19" "19" "18" "18" "18" "17" "17" "17" "16" "16" "15" "15" "15" "14" "14" "13" "13" "13" "12" "12" "12" "11" "10" "10" "11" "9" "9" "9" "8" "8" "8" "7" "7" "7" "6" "6" "5" "5" "5" "4" "4" "4" "3" "3" "3" "2" "2" "1" "1" "1" "0" "0"]
2025-05-30 19:07:35,821{GMT}	INFO	[jepsen worker 3] jepsen.util: 3	:ok	:read	["27" "27" "26" "26" "26" "25" "25" "25" "24" "24" "24" "23" "23" "23" "22" "22" "22" "21" "21" "21" "20" "20" "19" "19" "19" "18" "18" "18" "17" "17" "16" "16" "16" "15" "15" "14" "14" "14" "13" "13" "13" "12" "12" "12" "11" "11" "10" "10" "9" "9" "9" "8" "8" "7" "7" "6" "6" "6" "5" "5" "5" "4" "4" "4" "3" "3" "2" "2" "2" "1" "1" "0" "0" "0"]
2025-05-30 19:07:35,843{GMT}	INFO	[jepsen test runner] jepsen.core: Run complete, writing
2025-05-30 19:07:35,889{GMT}	INFO	[jepsen node n3] maelstrom.db: Tearing down n3
2025-05-30 19:07:35,889{GMT}	INFO	[jepsen node n4] maelstrom.db: Tearing down n4
2025-05-30 19:07:35,889{GMT}	INFO	[jepsen node n2] maelstrom.db: Tearing down n2
2025-05-30 19:07:35,889{GMT}	INFO	[jepsen node n5] maelstrom.db: Tearing down n5
2025-05-30 19:07:35,889{GMT}	INFO	[jepsen node n1] maelstrom.db: Tearing down n1
2025-05-30 19:07:37,712{GMT}	INFO	[jepsen node n1] maelstrom.net: Shutting down Maelstrom network
2025-05-30 19:07:37,718{GMT}	INFO	[jepsen test runner] jepsen.core: Analyzing...
2025-05-30 19:07:37,876{GMT}	INFO	[jepsen test runner] jepsen.core: Analysis complete
2025-05-30 19:07:37,886{GMT}	INFO	[jepsen results] jepsen.store: Wrote /Users/adr/code/maelstrom/store/broadcast/20250530T190710.756-0400/results.edn
2025-05-30 19:07:37,909{GMT}	INFO	[jepsen test runner] jepsen.core: {:perf {:latency-graph {:valid? true},
        :rate-graph {:valid? true},
        :valid? true},
 :timeline {:valid? true},
 :exceptions {:valid? true},
 :stats {:valid? true,
         :count 56,
         :ok-count 56,
         :fail-count 0,
         :info-count 0,
         :by-f {:broadcast {:valid? true,
                            :count 28,
                            :ok-count 28,
                            :fail-count 0,
                            :info-count 0},
                :read {:valid? true,
                       :count 28,
                       :ok-count 28,
                       :fail-count 0,
                       :info-count 0}}},
 :availability {:valid? true, :ok-fraction 1.0},
 :net {:all {:send-count 810,
             :recv-count 810,
             :msg-count 810,
             :msgs-per-op 14.464286},
       :clients {:send-count 132, :recv-count 132, :msg-count 132},
       :servers {:send-count 678,
                 :recv-count 678,
                 :msg-count 678,
                 :msgs-per-op 12.107142},
       :valid? true},
 :workload {:worst-stale (),
            :duplicated-count 0,
            :valid? false,
            :lost-count 28,
            :lost (0
                   1
                   2
                   3
                   4
                   5
                   6
                   7
                   8
                   9
                   10
                   11
                   12
                   13
                   14
                   15
                   16
                   17
                   18
                   19
                   20
                   21
                   22
                   23
                   24
                   25
                   26
                   27),
            :stable-count 0,
            :stale-count 0,
            :stale (),
            :never-read-count 0,
            :attempt-count 28,
            :lost-latencies {0 0, 0.5 0, 0.95 0, 0.99 0, 1 0},
            :never-read (),
            :duplicated {}},
 :valid? false}


Analysis invalid! (ﾉಥ益ಥ）ﾉ ┻━┻
