[RECEIVED] {"id":0,"src":"c0","dest":"n5","body":{"type":"init","node_id":"n5","node_ids":["n1","n2","n3","n4","n5"],"msg_id":1}}
[MATCH INIT]
[INIT] {"src":"n5","dest":"c0","body":{"type":"init_ok","in_reply_to":1,"msg_id":0}}
[RECEIVED] {"id":14,"src":"c12","dest":"n5","body":{"echo":"Please echo 122","type":"echo","msg_id":1}}
[MATCH ECHO]
[ECHO] {"src":"n5","dest":"c12","body":{"type":"echo_ok","echo":"Please echo 122","msg_id":1,"in_reply_to":1}}
[RECEIVED] {"id":28,"src":"c12","dest":"n5","body":{"echo":"Please echo 73","type":"echo","msg_id":2}}
[MATCH ECHO]
[ECHO] {"src":"n5","dest":"c12","body":{"type":"echo_ok","echo":"Please echo 73","msg_id":2,"in_reply_to":2}}
[RECEIVED] {"id":46,"src":"c12","dest":"n5","body":{"echo":"Please echo 3","type":"echo","msg_id":3}}
[MATCH ECHO]
[ECHO] {"src":"n5","dest":"c12","body":{"type":"echo_ok","echo":"Please echo 3","msg_id":3,"in_reply_to":3}}
[RECEIVED] {"id":50,"src":"c12","dest":"n5","body":{"echo":"Please echo 123","type":"echo","msg_id":4}}
[MATCH ECHO]
[ECHO] {"src":"n5","dest":"c12","body":{"type":"echo_ok","echo":"Please echo 123","msg_id":4,"in_reply_to":4}}
[RECEIVED] {"id":62,"src":"c12","dest":"n5","body":{"echo":"Please echo 113","type":"echo","msg_id":5}}
[MATCH ECHO]
[ECHO] {"src":"n5","dest":"c12","body":{"type":"echo_ok","echo":"Please echo 113","msg_id":5,"in_reply_to":5}}
[RECEIVED] {"id":64,"src":"c12","dest":"n5","body":{"echo":"Please echo 113","type":"echo","msg_id":6}}
[MATCH ECHO]
[ECHO] {"src":"n5","dest":"c12","body":{"type":"echo_ok","echo":"Please echo 113","msg_id":6,"in_reply_to":6}}
[RECEIVED] {"id":92,"src":"c12","dest":"n5","body":{"echo":"Please echo 117","type":"echo","msg_id":7}}
[MATCH ECHO]
[ECHO] {"src":"n5","dest":"c12","body":{"type":"echo_ok","echo":"Please echo 117","msg_id":7,"in_reply_to":7}}
[RECEIVED] {"id":104,"src":"c12","dest":"n5","body":{"echo":"Please echo 112","type":"echo","msg_id":8}}
[MATCH ECHO]
[ECHO] {"src":"n5","dest":"c12","body":{"type":"echo_ok","echo":"Please echo 112","msg_id":8,"in_reply_to":8}}
[RECEIVED] {"id":108,"src":"c12","dest":"n5","body":{"echo":"Please echo 106","type":"echo","msg_id":9}}
[MATCH ECHO]
[ECHO] {"src":"n5","dest":"c12","body":{"type":"echo_ok","echo":"Please echo 106","msg_id":9,"in_reply_to":9}}
[RECEIVED] {"id":110,"src":"c12","dest":"n5","body":{"echo":"Please echo 116","type":"echo","msg_id":10}}
[MATCH ECHO]
[ECHO] {"src":"n5","dest":"c12","body":{"type":"echo_ok","echo":"Please echo 116","msg_id":10,"in_reply_to":10}}
[RECEIVED] {"id":118,"src":"c12","dest":"n5","body":{"echo":"Please echo 67","type":"echo","msg_id":11}}
[MATCH ECHO]
[ECHO] {"src":"n5","dest":"c12","body":{"type":"echo_ok","echo":"Please echo 67","msg_id":11,"in_reply_to":11}}
[RECEIVED] {"id":130,"src":"c12","dest":"n5","body":{"echo":"Please echo 63","type":"echo","msg_id":12}}
[MATCH ECHO]
[ECHO] {"src":"n5","dest":"c12","body":{"type":"echo_ok","echo":"Please echo 63","msg_id":12,"in_reply_to":12}}
[RECEIVED] {"id":134,"src":"c12","dest":"n5","body":{"echo":"Please echo 31","type":"echo","msg_id":13}}
[MATCH ECHO]
[ECHO] {"src":"n5","dest":"c12","body":{"type":"echo_ok","echo":"Please echo 31","msg_id":13,"in_reply_to":13}}
[RECEIVED] {"id":142,"src":"c12","dest":"n5","body":{"echo":"Please echo 99","type":"echo","msg_id":14}}
[MATCH ECHO]
[ECHO] {"src":"n5","dest":"c12","body":{"type":"echo_ok","echo":"Please echo 99","msg_id":14,"in_reply_to":14}}
[RECEIVED] {"id":172,"src":"c12","dest":"n5","body":{"echo":"Please echo 98","type":"echo","msg_id":15}}
[MATCH ECHO]
[ECHO] {"src":"n5","dest":"c12","body":{"type":"echo_ok","echo":"Please echo 98","msg_id":15,"in_reply_to":15}}
[RECEIVED] {"id":186,"src":"c12","dest":"n5","body":{"echo":"Please echo 74","type":"echo","msg_id":16}}
[MATCH ECHO]
[ECHO] {"src":"n5","dest":"c12","body":{"type":"echo_ok","echo":"Please echo 74","msg_id":16,"in_reply_to":16}}
[RECEIVED] {"id":188,"src":"c12","dest":"n5","body":{"echo":"Please echo 11","type":"echo","msg_id":17}}
[MATCH ECHO]
[ECHO] {"src":"n5","dest":"c12","body":{"type":"echo_ok","echo":"Please echo 11","msg_id":17,"in_reply_to":17}}
[RECEIVED] {"id":200,"src":"c12","dest":"n5","body":{"echo":"Please echo 94","type":"echo","msg_id":18}}
[MATCH ECHO]
[ECHO] {"src":"n5","dest":"c12","body":{"type":"echo_ok","echo":"Please echo 94","msg_id":18,"in_reply_to":18}}
[RECEIVED] {"id":202,"src":"c12","dest":"n5","body":{"echo":"Please echo 83","type":"echo","msg_id":19}}
[MATCH ECHO]
[ECHO] {"src":"n5","dest":"c12","body":{"type":"echo_ok","echo":"Please echo 83","msg_id":19,"in_reply_to":19}}
[RECEIVED] {"id":234,"src":"c12","dest":"n5","body":{"echo":"Please echo 49","type":"echo","msg_id":20}}
[MATCH ECHO]
[ECHO] {"src":"n5","dest":"c12","body":{"type":"echo_ok","echo":"Please echo 49","msg_id":20,"in_reply_to":20}}
[RECEIVED] {"id":236,"src":"c12","dest":"n5","body":{"echo":"Please echo 21","type":"echo","msg_id":21}}
[MATCH ECHO]
[ECHO] {"src":"n5","dest":"c12","body":{"type":"echo_ok","echo":"Please echo 21","msg_id":21,"in_reply_to":21}}
[RECEIVED] {"id":256,"src":"c12","dest":"n5","body":{"echo":"Please echo 100","type":"echo","msg_id":22}}
[MATCH ECHO]
[ECHO] {"src":"n5","dest":"c12","body":{"type":"echo_ok","echo":"Please echo 100","msg_id":22,"in_reply_to":22}}
[RECEIVED] {"id":258,"src":"c12","dest":"n5","body":{"echo":"Please echo 94","type":"echo","msg_id":23}}
[MATCH ECHO]
[ECHO] {"src":"n5","dest":"c12","body":{"type":"echo_ok","echo":"Please echo 94","msg_id":23,"in_reply_to":23}}
[RECEIVED] {"id":262,"src":"c12","dest":"n5","body":{"echo":"Please echo 67","type":"echo","msg_id":24}}
[MATCH ECHO]
[ECHO] {"src":"n5","dest":"c12","body":{"type":"echo_ok","echo":"Please echo 67","msg_id":24,"in_reply_to":24}}
[RECEIVED] {"id":286,"src":"c12","dest":"n5","body":{"echo":"Please echo 125","type":"echo","msg_id":25}}
[MATCH ECHO]
[ECHO] {"src":"n5","dest":"c12","body":{"type":"echo_ok","echo":"Please echo 125","msg_id":25,"in_reply_to":25}}
[RECEIVED] {"id":292,"src":"c12","dest":"n5","body":{"echo":"Please echo 125","type":"echo","msg_id":26}}
[MATCH ECHO]
[ECHO] {"src":"n5","dest":"c12","body":{"type":"echo_ok","echo":"Please echo 125","msg_id":26,"in_reply_to":26}}
[RECEIVED] {"id":300,"src":"c12","dest":"n5","body":{"echo":"Please echo 103","type":"echo","msg_id":27}}
[MATCH ECHO]
[ECHO] {"src":"n5","dest":"c12","body":{"type":"echo_ok","echo":"Please echo 103","msg_id":27,"in_reply_to":27}}
[RECEIVED] {"id":304,"src":"c12","dest":"n5","body":{"echo":"Please echo 20","type":"echo","msg_id":28}}
[MATCH ECHO]
[ECHO] {"src":"n5","dest":"c12","body":{"type":"echo_ok","echo":"Please echo 20","msg_id":28,"in_reply_to":28}}
[RECEIVED] {"id":318,"src":"c12","dest":"n5","body":{"echo":"Please echo 27","type":"echo","msg_id":29}}
[MATCH ECHO]
[ECHO] {"src":"n5","dest":"c12","body":{"type":"echo_ok","echo":"Please echo 27","msg_id":29,"in_reply_to":29}}
[RECEIVED] {"id":332,"src":"c12","dest":"n5","body":{"echo":"Please echo 0","type":"echo","msg_id":30}}
[MATCH ECHO]
[ECHO] {"src":"n5","dest":"c12","body":{"type":"echo_ok","echo":"Please echo 0","msg_id":30,"in_reply_to":30}}
[RECEIVED] {"id":338,"src":"c12","dest":"n5","body":{"echo":"Please echo 7","type":"echo","msg_id":31}}
[MATCH ECHO]
[ECHO] {"src":"n5","dest":"c12","body":{"type":"echo_ok","echo":"Please echo 7","msg_id":31,"in_reply_to":31}}
[RECEIVED] {"id":346,"src":"c12","dest":"n5","body":{"echo":"Please echo 124","type":"echo","msg_id":32}}
[MATCH ECHO]
[ECHO] {"src":"n5","dest":"c12","body":{"type":"echo_ok","echo":"Please echo 124","msg_id":32,"in_reply_to":32}}
[RECEIVED] {"id":348,"src":"c12","dest":"n5","body":{"echo":"Please echo 18","type":"echo","msg_id":33}}
[MATCH ECHO]
[ECHO] {"src":"n5","dest":"c12","body":{"type":"echo_ok","echo":"Please echo 18","msg_id":33,"in_reply_to":33}}
[RECEIVED] {"id":356,"src":"c12","dest":"n5","body":{"echo":"Please echo 17","type":"echo","msg_id":34}}
[MATCH ECHO]
[ECHO] {"src":"n5","dest":"c12","body":{"type":"echo_ok","echo":"Please echo 17","msg_id":34,"in_reply_to":34}}
[RECEIVED] {"id":362,"src":"c12","dest":"n5","body":{"echo":"Please echo 17","type":"echo","msg_id":35}}
[MATCH ECHO]
[ECHO] {"src":"n5","dest":"c12","body":{"type":"echo_ok","echo":"Please echo 17","msg_id":35,"in_reply_to":35}}
[RECEIVED] {"id":376,"src":"c12","dest":"n5","body":{"echo":"Please echo 80","type":"echo","msg_id":36}}
[MATCH ECHO]
[ECHO] {"src":"n5","dest":"c12","body":{"type":"echo_ok","echo":"Please echo 80","msg_id":36,"in_reply_to":36}}
[RECEIVED] {"id":398,"src":"c12","dest":"n5","body":{"echo":"Please echo 20","type":"echo","msg_id":37}}
[MATCH ECHO]
[ECHO] {"src":"n5","dest":"c12","body":{"type":"echo_ok","echo":"Please echo 20","msg_id":37,"in_reply_to":37}}
