2025-05-30 16:13:32,227{GMT}	INFO	[jepsen test runner] jepsen.core: Test version 0e5019a1861d5fae32c5000f15976477045df591 (plus uncommitted changes)
2025-05-30 16:13:32,227{GMT}	INFO	[jepsen test runner] jepsen.core: Command line:
lein run test -w unique-ids --bin self/server/_build/default/bin/main.exe --time-limit 5
2025-05-30 16:13:32,254{GMT}	INFO	[jepsen test runner] jepsen.core: Running test:
{:args []
 :remote
 #jepsen.control.retry.Remote{:remote #jepsen.control.scp.Remote{:cmd-remote #jepsen.control.sshj.SSHJRemote{:concurrency-limit 6,
                                                                                                             :conn-spec nil,
                                                                                                             :client nil,
                                                                                                             :semaphore nil},
                                                                 :conn-spec nil},
                              :conn nil}
 :log-net-send false
 :node-count nil
 :availability nil
 :max-txn-length 4
 :concurrency 5
 :db
 #object[maelstrom.db$db$reify__16612
         "0x21ad0060"
         "maelstrom.db$db$reify__16612@21ad0060"]
 :max-writes-per-key 16
 :leave-db-running? false
 :name "unique-ids"
 :logging-json? false
 :start-time
 #object[org.joda.time.DateTime "0x15a8b228" "2025-05-30T16:13:32.199-04:00"]
 :nemesis-interval 10
 :net
 #object[maelstrom.net$jepsen_net$reify__15721
         "0x5a69f1ef"
         "maelstrom.net$jepsen_net$reify__15721@5a69f1ef"]
 :client
 #object[maelstrom.workload.unique_ids$client$reify__21401
         "0x54fd5f6"
         "maelstrom.workload.unique_ids$client$reify__21401@54fd5f6"]
 :barrier
 #object[java.util.concurrent.CyclicBarrier
         "0x219aab91"
         "java.util.concurrent.CyclicBarrier@219aab91"]
 :log-stderr false
 :pure-generators true
 :ssh {:dummy? true}
 :rate 5
 :checker
 #object[jepsen.checker$compose$reify__11089
         "0x71737478"
         "jepsen.checker$compose$reify__11089@71737478"]
 :argv
 ("test"
  "-w"
  "unique-ids"
  "--bin"
  "self/server/_build/default/bin/main.exe"
  "--time-limit"
  "5")
 :nemesis
 (jepsen.nemesis.ReflCompose
  {:fm {:start-partition 0,
        :stop-partition 0,
        :kill 1,
        :start 1,
        :pause 1,
        :resume 1},
   :nemeses [#unprintable "jepsen.nemesis.combined$partition_nemesis$reify__16905@64001530"
             #unprintable "jepsen.nemesis.combined$db_nemesis$reify__16886@1f9b8c23"]})
 :nodes ["n1" "n2" "n3" "n4" "n5"]
 :test-count 1
 :latency {:mean 0, :dist :constant}
 :bin "self/server/_build/default/bin/main.exe"
 :generator
 #object[jepsen.util.Forgettable
         "0x178826db"
         (jepsen.generator.TimeLimit
          {:limit 5000000000,
           :cutoff nil,
           :gen (jepsen.generator.Any
                 {:gens [(jepsen.generator.OnThreads
                          {:f #{:nemesis},
                           :context-filter #object[jepsen.generator.context$make_thread_filter$lazy_filter__12077
                                                   "0xbec2d81"
                                                   "jepsen.generator.context$make_thread_filter$lazy_filter__12077@bec2d81"],
                           :gen nil})
                         (jepsen.generator.OnThreads
                          {:f #jepsen.generator.context.AllBut{:element :nemesis},
                           :context-filter #object[jepsen.generator.context$make_thread_filter$lazy_filter__12077
                                                   "0x5f04449a"
                                                   "jepsen.generator.context$make_thread_filter$lazy_filter__12077@5f04449a"],
                           :gen (jepsen.generator.Stagger
                                 {:dt 400000000,
                                  :next-time nil,
                                  :gen (jepsen.generator.Repeat
                                        {:remaining -1, :gen {:f :generate}})})})]})})]
 :log-net-recv false
 :os
 #object[maelstrom.net$jepsen_os$reify__15724
         "0x5634c26c"
         "maelstrom.net$jepsen_os$reify__15724@5634c26c"]
 :time-limit 5
 :workload :unique-ids
 :consistency-models [:strict-serializable]
 :topology :grid}

2025-05-30 16:13:33,331{GMT}	INFO	[jepsen node n1] maelstrom.net: Starting Maelstrom network
2025-05-30 16:13:33,332{GMT}	INFO	[jepsen test runner] jepsen.db: Tearing down DB
2025-05-30 16:13:33,333{GMT}	INFO	[jepsen test runner] jepsen.db: Setting up DB
2025-05-30 16:13:33,333{GMT}	INFO	[jepsen node n3] maelstrom.db: Setting up n3
2025-05-30 16:13:33,333{GMT}	INFO	[jepsen node n2] maelstrom.db: Setting up n2
2025-05-30 16:13:33,333{GMT}	INFO	[jepsen node n4] maelstrom.db: Setting up n4
2025-05-30 16:13:33,333{GMT}	INFO	[jepsen node n5] maelstrom.db: Setting up n5
2025-05-30 16:13:33,334{GMT}	INFO	[jepsen node n5] maelstrom.process: launching self/server/_build/default/bin/main.exe []
2025-05-30 16:13:33,334{GMT}	INFO	[jepsen node n2] maelstrom.process: launching self/server/_build/default/bin/main.exe []
2025-05-30 16:13:33,334{GMT}	INFO	[jepsen node n4] maelstrom.process: launching self/server/_build/default/bin/main.exe []
2025-05-30 16:13:33,334{GMT}	INFO	[jepsen node n3] maelstrom.process: launching self/server/_build/default/bin/main.exe []
2025-05-30 16:13:33,334{GMT}	INFO	[jepsen node n1] maelstrom.service: Starting services: (lin-kv lin-tso lww-kv seq-kv)
2025-05-30 16:13:33,335{GMT}	INFO	[jepsen node n1] maelstrom.db: Setting up n1
2025-05-30 16:13:33,335{GMT}	INFO	[jepsen node n1] maelstrom.process: launching self/server/_build/default/bin/main.exe []
2025-05-30 16:13:43,456{GMT}	INFO	[jepsen node n2] maelstrom.db: Tearing down n2
2025-05-30 16:13:43,456{GMT}	INFO	[jepsen node n3] maelstrom.db: Tearing down n3
2025-05-30 16:13:43,456{GMT}	INFO	[jepsen node n1] maelstrom.db: Tearing down n1
2025-05-30 16:13:43,456{GMT}	INFO	[jepsen node n4] maelstrom.db: Tearing down n4
2025-05-30 16:13:43,457{GMT}	INFO	[jepsen node n5] maelstrom.db: Tearing down n5
2025-05-30 16:13:43,475{GMT}	WARN	[n2 stdout] maelstrom.process: Error!
java.lang.AssertionError: Assert failed: Invalid dest for message #maelstrom.net.message.Message{:id 6, :src "n2", :dest "c4", :body {:type "init_ok", :in_reply_to 1, :msg_id 0}}
(get queues (:dest m))
	at maelstrom.net$validate_msg.invokeStatic(net.clj:174)
	at maelstrom.net$validate_msg.invoke(net.clj:166)
	at maelstrom.net$send_BANG_.invokeStatic(net.clj:201)
	at maelstrom.net$send_BANG_.invoke(net.clj:189)
	at maelstrom.process$stdout_thread$fn__16348$fn__16349$fn__16351.invoke(process.clj:147)
	at maelstrom.process$stdout_thread$fn__16348$fn__16349.invoke(process.clj:146)
	at maelstrom.process$stdout_thread$fn__16348.invoke(process.clj:140)
	at clojure.core$binding_conveyor_fn$fn__5842.invoke(core.clj:2047)
	at clojure.lang.AFn.call(AFn.java:18)
	at java.base/java.util.concurrent.FutureTask.run(FutureTask.java:317)
	at java.base/java.util.concurrent.ThreadPoolExecutor.runWorker(ThreadPoolExecutor.java:1144)
	at java.base/java.util.concurrent.ThreadPoolExecutor$Worker.run(ThreadPoolExecutor.java:642)
	at java.base/java.lang.Thread.run(Thread.java:1583)
2025-05-30 16:13:43,478{GMT}	WARN	[n1 stdout] maelstrom.process: Error!
java.lang.AssertionError: Assert failed: Invalid dest for message #maelstrom.net.message.Message{:id 5, :src "n1", :dest "c2", :body {:type "init_ok", :in_reply_to 1, :msg_id 0}}
(get queues (:dest m))
	at maelstrom.net$validate_msg.invokeStatic(net.clj:174)
	at maelstrom.net$validate_msg.invoke(net.clj:166)
	at maelstrom.net$send_BANG_.invokeStatic(net.clj:201)
	at maelstrom.net$send_BANG_.invoke(net.clj:189)
	at maelstrom.process$stdout_thread$fn__16348$fn__16349$fn__16351.invoke(process.clj:147)
	at maelstrom.process$stdout_thread$fn__16348$fn__16349.invoke(process.clj:146)
	at maelstrom.process$stdout_thread$fn__16348.invoke(process.clj:140)
	at clojure.core$binding_conveyor_fn$fn__5842.invoke(core.clj:2047)
	at clojure.lang.AFn.call(AFn.java:18)
	at java.base/java.util.concurrent.FutureTask.run(FutureTask.java:317)
	at java.base/java.util.concurrent.ThreadPoolExecutor.runWorker(ThreadPoolExecutor.java:1144)
	at java.base/java.util.concurrent.ThreadPoolExecutor$Worker.run(ThreadPoolExecutor.java:642)
	at java.base/java.lang.Thread.run(Thread.java:1583)
2025-05-30 16:13:45,376{GMT}	INFO	[jepsen node n1] maelstrom.net: Shutting down Maelstrom network
2025-05-30 16:13:45,377{GMT}	WARN	[jepsen test runner] jepsen.core: Test crashed!
clojure.lang.ExceptionInfo: Expected node n4 to respond to an init message, but node did not respond.
	at slingshot.support$stack_trace.invoke(support.clj:201)
	at maelstrom.db$db$reify__16612.setup_BANG_(db.clj:63)
	at jepsen.db$fn__11614$G__11608__11618.invoke(db.clj:12)
	at jepsen.db$fn__11614$G__11607__11623.invoke(db.clj:12)
	at clojure.core$partial$fn__5927.invoke(core.clj:2642)
	at jepsen.control$on_nodes$fn__9552.invoke(control.clj:319)
	at clojure.lang.AFn.applyToHelper(AFn.java:154)
	at clojure.lang.AFn.applyTo(AFn.java:144)
	at clojure.core$apply.invokeStatic(core.clj:667)
	at clojure.core$with_bindings_STAR_.invokeStatic(core.clj:1990)
	at clojure.core$with_bindings_STAR_.doInvoke(core.clj:1990)
	at clojure.lang.RestFn.applyTo(RestFn.java:145)
	at clojure.core$apply.invokeStatic(core.clj:671)
	at clojure.core$bound_fn_STAR_$fn__5837.doInvoke(core.clj:2020)
	at clojure.lang.RestFn.invoke(RestFn.java:411)
	at dom_top.core$real_pmap_helper$build_thread__730$fn__731.invoke(core.clj:163)
	at clojure.lang.AFn.applyToHelper(AFn.java:152)
	at clojure.lang.AFn.applyTo(AFn.java:144)
	at clojure.core$apply.invokeStatic(core.clj:667)
	at clojure.core$with_bindings_STAR_.invokeStatic(core.clj:1990)
	at clojure.core$with_bindings_STAR_.doInvoke(core.clj:1990)
	at clojure.lang.RestFn.invoke(RestFn.java:428)
	at clojure.lang.AFn.applyToHelper(AFn.java:156)
	at clojure.lang.RestFn.applyTo(RestFn.java:135)
	at clojure.core$apply.invokeStatic(core.clj:671)
	at clojure.core$bound_fn_STAR_$fn__5837.doInvoke(core.clj:2020)
	at clojure.lang.RestFn.invoke(RestFn.java:400)
	at clojure.lang.AFn.run(AFn.java:22)
	at java.base/java.lang.Thread.run(Thread.java:1583)
Caused by: clojure.lang.ExceptionInfo: Client read timeout
	at slingshot.support$stack_trace.invoke(support.clj:201)
	at maelstrom.client$recv_BANG_.invokeStatic(client.clj:98)
	at maelstrom.client$recv_BANG_.invoke(client.clj:81)
	at maelstrom.client$send_PLUS_recv_BANG_.invokeStatic(client.clj:123)
	at maelstrom.client$send_PLUS_recv_BANG_.invoke(client.clj:119)
	at maelstrom.client$rpc_BANG_.invokeStatic(client.clj:149)
	at maelstrom.client$rpc_BANG_.invoke(client.clj:140)
	at maelstrom.db$db$reify__16612.setup_BANG_(db.clj:48)
	... 27 common frames omitted
