[RECEIVED] {"id":3,"src":"c3","dest":"n3","body":{"type":"init","node_id":"n3","node_ids":["n1","n2","n3","n4","n5"],"msg_id":1}}
[MATCH INIT]
[INIT] {"src":"n3","dest":"c3","body":{"type":"init_ok","in_reply_to":1,"msg_id":0}}
[RECEIVED] {"id":14,"src":"c5","dest":"n3","body":{"type":"topology","topology":{"n1":["n4","n2"],"n2":["n5","n3","n1"],"n3":["n2"],"n4":["n1","n5"],"n5":["n2","n4"]},"msg_id":1}}
[MATCH TOPOLOGY]
[TOPOLOGY] {"src":"n3","dest":"c5","body":{"type":"topology_ok","in_reply_to":1,"msg_id":1}}
[RECEIVED] {"id":24,"src":"c12","dest":"n3","body":{"type":"read","msg_id":1}}
[MATCH READ]
[READ] {"src":"n3","dest":"c12","body":{"type":"read_ok","messages":[],"in_reply_to":1,"msg_id":2}}
[RECEIVED] {"id":33,"src":"n2","dest":"n3","body":{"type":"broadcast","message":"0","msg_id":null}}
[MATCH BROADCAST]
[RECEIVED] {"id":38,"src":"n2","dest":"n3","body":{"type":"broadcast","message":"1","msg_id":null}}
[MATCH BROADCAST]
[RECEIVED] {"id":48,"src":"n2","dest":"n3","body":{"type":"broadcast","message":"2","msg_id":null}}
[MATCH BROADCAST]
[RECEIVED] {"id":54,"src":"c12","dest":"n3","body":{"type":"broadcast","message":3,"msg_id":2}}
[MATCH BROADCAST]
[BROADCAST REQUEST: n3 -> n2] {"id":0,"src":"n3","dest":"n2","body":{"type":"broadcast","message":"3","msg_id":null}}
[BROADCAST] {"src":"n3","dest":"c12","body":{"type":"broadcast_ok","in_reply_to":2,"msg_id":6}}
[RECEIVED] {"id":69,"src":"n2","dest":"n3","body":{"type":"broadcast","message":"4","msg_id":null}}
[MATCH BROADCAST]
[RECEIVED] {"id":78,"src":"n2","dest":"n3","body":{"type":"broadcast","message":"5","msg_id":null}}
[MATCH BROADCAST]
[RECEIVED] {"id":84,"src":"n2","dest":"n3","body":{"type":"broadcast","message":"6","msg_id":null}}
[MATCH BROADCAST]
[RECEIVED] {"id":90,"src":"c12","dest":"n3","body":{"type":"read","msg_id":3}}
[MATCH READ]
[READ] {"src":"n3","dest":"c12","body":{"type":"read_ok","messages":["0","1","2","3","4","5","6"],"in_reply_to":3,"msg_id":10}}
[RECEIVED] {"id":104,"src":"n2","dest":"n3","body":{"type":"broadcast","message":"7","msg_id":null}}
[MATCH BROADCAST]
[RECEIVED] {"id":108,"src":"n2","dest":"n3","body":{"type":"broadcast","message":"8","msg_id":null}}
[MATCH BROADCAST]
[RECEIVED] {"id":114,"src":"c12","dest":"n3","body":{"type":"broadcast","message":9,"msg_id":4}}
[MATCH BROADCAST]
[BROADCAST REQUEST: n3 -> n2] {"id":0,"src":"n3","dest":"n2","body":{"type":"broadcast","message":"9","msg_id":null}}
[BROADCAST] {"src":"n3","dest":"c12","body":{"type":"broadcast_ok","in_reply_to":4,"msg_id":13}}
[RECEIVED] {"id":128,"src":"n2","dest":"n3","body":{"type":"broadcast","message":"10","msg_id":null}}
[MATCH BROADCAST]
[RECEIVED] {"id":138,"src":"n2","dest":"n3","body":{"type":"broadcast","message":"11","msg_id":null}}
[MATCH BROADCAST]
[RECEIVED] {"id":146,"src":"n2","dest":"n3","body":{"type":"broadcast","message":"12","msg_id":null}}
[MATCH BROADCAST]
[RECEIVED] {"id":150,"src":"c12","dest":"n3","body":{"type":"read","msg_id":5}}
[MATCH READ]
[READ] {"src":"n3","dest":"c12","body":{"type":"read_ok","messages":["0","1","10","11","12","2","3","4","5","6","7","8","9"],"in_reply_to":5,"msg_id":17}}
[RECEIVED] {"id":159,"src":"n2","dest":"n3","body":{"type":"broadcast","message":"13","msg_id":null}}
[MATCH BROADCAST]
[RECEIVED] {"id":164,"src":"n2","dest":"n3","body":{"type":"broadcast","message":"14","msg_id":null}}
[MATCH BROADCAST]
[RECEIVED] {"id":176,"src":"n2","dest":"n3","body":{"type":"broadcast","message":"15","msg_id":null}}
[MATCH BROADCAST]
[RECEIVED] {"id":180,"src":"c12","dest":"n3","body":{"type":"read","msg_id":6}}
[MATCH READ]
[READ] {"src":"n3","dest":"c12","body":{"type":"read_ok","messages":["0","1","10","11","12","13","14","15","2","3","4","5","6","7","8","9"],"in_reply_to":6,"msg_id":21}}
[RECEIVED] {"id":189,"src":"n2","dest":"n3","body":{"type":"broadcast","message":"16","msg_id":null}}
[MATCH BROADCAST]
[RECEIVED] {"id":194,"src":"n2","dest":"n3","body":{"type":"broadcast","message":"17","msg_id":null}}
[MATCH BROADCAST]
[RECEIVED] {"id":204,"src":"n2","dest":"n3","body":{"type":"broadcast","message":"18","msg_id":null}}
[MATCH BROADCAST]
[RECEIVED] {"id":210,"src":"c12","dest":"n3","body":{"type":"broadcast","message":19,"msg_id":7}}
[MATCH BROADCAST]
[BROADCAST REQUEST: n3 -> n2] {"id":0,"src":"n3","dest":"n2","body":{"type":"broadcast","message":"19","msg_id":null}}
[BROADCAST] {"src":"n3","dest":"c12","body":{"type":"broadcast_ok","in_reply_to":7,"msg_id":25}}
[RECEIVED] {"id":230,"src":"n2","dest":"n3","body":{"type":"broadcast","message":"20","msg_id":null}}
[MATCH BROADCAST]
[RECEIVED] {"id":234,"src":"n2","dest":"n3","body":{"type":"broadcast","message":"21","msg_id":null}}
[MATCH BROADCAST]
[RECEIVED] {"id":240,"src":"c12","dest":"n3","body":{"type":"read","msg_id":8}}
[MATCH READ]
[READ] {"src":"n3","dest":"c12","body":{"type":"read_ok","messages":["0","1","10","11","12","13","14","15","16","17","18","19","2","20","21","3","4","5","6","7","8","9"],"in_reply_to":8,"msg_id":28}}
[RECEIVED] {"id":249,"src":"n2","dest":"n3","body":{"type":"broadcast","message":"22","msg_id":null}}
[MATCH BROADCAST]
[RECEIVED] {"id":254,"src":"n2","dest":"n3","body":{"type":"broadcast","message":"23","msg_id":null}}
[MATCH BROADCAST]
[RECEIVED] {"id":266,"src":"n2","dest":"n3","body":{"type":"broadcast","message":"24","msg_id":null}}
[MATCH BROADCAST]
[RECEIVED] {"id":270,"src":"c12","dest":"n3","body":{"type":"read","msg_id":9}}
[MATCH READ]
[READ] {"src":"n3","dest":"c12","body":{"type":"read_ok","messages":["0","1","10","11","12","13","14","15","16","17","18","19","2","20","21","22","23","24","3","4","5","6","7","8","9"],"in_reply_to":9,"msg_id":32}}
[RECEIVED] {"id":279,"src":"n2","dest":"n3","body":{"type":"broadcast","message":"25","msg_id":null}}
[MATCH BROADCAST]
[RECEIVED] {"id":284,"src":"n2","dest":"n3","body":{"type":"broadcast","message":"26","msg_id":null}}
[MATCH BROADCAST]
[RECEIVED] {"id":296,"src":"n2","dest":"n3","body":{"type":"broadcast","message":"27","msg_id":null}}
[MATCH BROADCAST]
[RECEIVED] {"id":300,"src":"n2","dest":"n3","body":{"type":"broadcast","message":"28","msg_id":null}}
[MATCH BROADCAST]
[RECEIVED] {"id":306,"src":"c12","dest":"n3","body":{"type":"broadcast","message":29,"msg_id":10}}
[MATCH BROADCAST]
[BROADCAST REQUEST: n3 -> n2] {"id":0,"src":"n3","dest":"n2","body":{"type":"broadcast","message":"29","msg_id":null}}
[BROADCAST] {"src":"n3","dest":"c12","body":{"type":"broadcast_ok","in_reply_to":10,"msg_id":37}}
[RECEIVED] {"id":321,"src":"n2","dest":"n3","body":{"type":"broadcast","message":"30","msg_id":null}}
[MATCH BROADCAST]
[RECEIVED] {"id":330,"src":"n2","dest":"n3","body":{"type":"broadcast","message":"31","msg_id":null}}
[MATCH BROADCAST]
[RECEIVED] {"id":338,"src":"n2","dest":"n3","body":{"type":"broadcast","message":"32","msg_id":null}}
[MATCH BROADCAST]
[RECEIVED] {"id":342,"src":"n2","dest":"n3","body":{"type":"broadcast","message":"33","msg_id":null}}
[MATCH BROADCAST]
[RECEIVED] {"id":348,"src":"c12","dest":"n3","body":{"type":"broadcast","message":34,"msg_id":11}}
[MATCH BROADCAST]
[BROADCAST REQUEST: n3 -> n2] {"id":0,"src":"n3","dest":"n2","body":{"type":"broadcast","message":"34","msg_id":null}}
[BROADCAST] {"src":"n3","dest":"c12","body":{"type":"broadcast_ok","in_reply_to":11,"msg_id":42}}
[RECEIVED] {"id":363,"src":"n2","dest":"n3","body":{"type":"broadcast","message":"35","msg_id":null}}
[MATCH BROADCAST]
[RECEIVED] {"id":372,"src":"n2","dest":"n3","body":{"type":"broadcast","message":"36","msg_id":null}}
[MATCH BROADCAST]
[RECEIVED] {"id":380,"src":"n2","dest":"n3","body":{"type":"broadcast","message":"37","msg_id":null}}
[MATCH BROADCAST]
[RECEIVED] {"id":384,"src":"n2","dest":"n3","body":{"type":"broadcast","message":"38","msg_id":null}}
[MATCH BROADCAST]
[RECEIVED] {"id":390,"src":"c12","dest":"n3","body":{"type":"read","msg_id":12}}
[MATCH READ]
[READ] {"src":"n3","dest":"c12","body":{"type":"read_ok","messages":["0","1","10","11","12","13","14","15","16","17","18","19","2","20","21","22","23","24","25","26","27","28","29","3","30","31","32","33","34","35","36","37","38","4","5","6","7","8","9"],"in_reply_to":12,"msg_id":47}}
[RECEIVED] {"id":398,"src":"n2","dest":"n3","body":{"type":"broadcast","message":"39","msg_id":null}}
[MATCH BROADCAST]
[RECEIVED] {"id":408,"src":"c12","dest":"n3","body":{"type":"read","msg_id":13}}
[MATCH READ]
[READ] {"src":"n3","dest":"c12","body":{"type":"read_ok","messages":["0","1","10","11","12","13","14","15","16","17","18","19","2","20","21","22","23","24","25","26","27","28","29","3","30","31","32","33","34","35","36","37","38","39","4","5","6","7","8","9"],"in_reply_to":13,"msg_id":49}}
[RECEIVED] {"id":417,"src":"n2","dest":"n3","body":{"type":"broadcast","message":"40","msg_id":null}}
[MATCH BROADCAST]
[RECEIVED] {"id":422,"src":"n2","dest":"n3","body":{"type":"broadcast","message":"41","msg_id":null}}
[MATCH BROADCAST]
[RECEIVED] {"id":432,"src":"n2","dest":"n3","body":{"type":"broadcast","message":"42","msg_id":null}}
[MATCH BROADCAST]
[RECEIVED] {"id":440,"src":"n2","dest":"n3","body":{"type":"broadcast","message":"43","msg_id":null}}
[MATCH BROADCAST]
[RECEIVED] {"id":444,"src":"n2","dest":"n3","body":{"type":"broadcast","message":"44","msg_id":null}}
[MATCH BROADCAST]
[RECEIVED] {"id":451,"src":"c12","dest":"n3","body":{"type":"broadcast","message":45,"msg_id":14}}
[MATCH BROADCAST]
[BROADCAST REQUEST: n3 -> n2] {"id":0,"src":"n3","dest":"n2","body":{"type":"broadcast","message":"45","msg_id":null}}
[BROADCAST] {"src":"n3","dest":"c12","body":{"type":"broadcast_ok","in_reply_to":14,"msg_id":55}}
[RECEIVED] {"id":464,"src":"n2","dest":"n3","body":{"type":"broadcast","message":"46","msg_id":null}}
[MATCH BROADCAST]
[RECEIVED] {"id":476,"src":"n2","dest":"n3","body":{"type":"broadcast","message":"47","msg_id":null}}
[MATCH BROADCAST]
[RECEIVED] {"id":480,"src":"n2","dest":"n3","body":{"type":"broadcast","message":"48","msg_id":null}}
[MATCH BROADCAST]
[RECEIVED] {"id":486,"src":"c12","dest":"n3","body":{"type":"broadcast","message":49,"msg_id":15}}
[MATCH BROADCAST]
[BROADCAST REQUEST: n3 -> n2] {"id":0,"src":"n3","dest":"n2","body":{"type":"broadcast","message":"49","msg_id":null}}
[BROADCAST] {"src":"n3","dest":"c12","body":{"type":"broadcast_ok","in_reply_to":15,"msg_id":59}}
[RECEIVED] {"id":504,"src":"c12","dest":"n3","body":{"type":"read","msg_id":16}}
[MATCH READ]
[READ] {"src":"n3","dest":"c12","body":{"type":"read_ok","messages":["0","1","10","11","12","13","14","15","16","17","18","19","2","20","21","22","23","24","25","26","27","28","29","3","30","31","32","33","34","35","36","37","38","39","4","40","41","42","43","44","45","46","47","48","49","5","6","7","8","9"],"in_reply_to":16,"msg_id":60}}
[RECEIVED] {"id":512,"src":"n2","dest":"n3","body":{"type":"broadcast","message":"50","msg_id":null}}
[MATCH BROADCAST]
[RECEIVED] {"id":522,"src":"n2","dest":"n3","body":{"type":"broadcast","message":"51","msg_id":null}}
[MATCH BROADCAST]
[RECEIVED] {"id":528,"src":"n2","dest":"n3","body":{"type":"broadcast","message":"52","msg_id":null}}
[MATCH BROADCAST]
[RECEIVED] {"id":534,"src":"c12","dest":"n3","body":{"type":"broadcast","message":53,"msg_id":17}}
[MATCH BROADCAST]
[BROADCAST REQUEST: n3 -> n2] {"id":0,"src":"n3","dest":"n2","body":{"type":"broadcast","message":"53","msg_id":null}}
[BROADCAST] {"src":"n3","dest":"c12","body":{"type":"broadcast_ok","in_reply_to":17,"msg_id":64}}
[RECEIVED] {"id":548,"src":"n2","dest":"n3","body":{"type":"broadcast","message":"54","msg_id":null}}
[MATCH BROADCAST]
[RECEIVED] {"id":558,"src":"n2","dest":"n3","body":{"type":"broadcast","message":"55","msg_id":null}}
[MATCH BROADCAST]
[RECEIVED] {"id":566,"src":"n2","dest":"n3","body":{"type":"broadcast","message":"56","msg_id":null}}
[MATCH BROADCAST]
[RECEIVED] {"id":570,"src":"n2","dest":"n3","body":{"type":"broadcast","message":"57","msg_id":null}}
[MATCH BROADCAST]
[RECEIVED] {"id":576,"src":"c12","dest":"n3","body":{"type":"read","msg_id":18}}
[MATCH READ]
[READ] {"src":"n3","dest":"c12","body":{"type":"read_ok","messages":["0","1","10","11","12","13","14","15","16","17","18","19","2","20","21","22","23","24","25","26","27","28","29","3","30","31","32","33","34","35","36","37","38","39","4","40","41","42","43","44","45","46","47","48","49","5","50","51","52","53","54","55","56","57","6","7","8","9"],"in_reply_to":18,"msg_id":69}}
[RECEIVED] {"id":585,"src":"n2","dest":"n3","body":{"type":"broadcast","message":"58","msg_id":null}}
[MATCH BROADCAST]
[RECEIVED] {"id":590,"src":"n2","dest":"n3","body":{"type":"broadcast","message":"59","msg_id":null}}
[MATCH BROADCAST]
[RECEIVED] {"id":602,"src":"n2","dest":"n3","body":{"type":"broadcast","message":"60","msg_id":null}}
[MATCH BROADCAST]
[RECEIVED] {"id":606,"src":"c12","dest":"n3","body":{"type":"read","msg_id":19}}
[MATCH READ]
[READ] {"src":"n3","dest":"c12","body":{"type":"read_ok","messages":["0","1","10","11","12","13","14","15","16","17","18","19","2","20","21","22","23","24","25","26","27","28","29","3","30","31","32","33","34","35","36","37","38","39","4","40","41","42","43","44","45","46","47","48","49","5","50","51","52","53","54","55","56","57","58","59","6","60","7","8","9"],"in_reply_to":19,"msg_id":73}}
[RECEIVED] {"id":615,"src":"n2","dest":"n3","body":{"type":"broadcast","message":"61","msg_id":null}}
[MATCH BROADCAST]
[RECEIVED] {"id":619,"src":"n2","dest":"n3","body":{"type":"broadcast","message":"62","msg_id":null}}
[MATCH BROADCAST]
[RECEIVED] {"id":632,"src":"n2","dest":"n3","body":{"type":"broadcast","message":"63","msg_id":null}}
[MATCH BROADCAST]
[RECEIVED] {"id":636,"src":"c12","dest":"n3","body":{"type":"broadcast","message":64,"msg_id":20}}
[MATCH BROADCAST]
[BROADCAST REQUEST: n3 -> n2] {"id":0,"src":"n3","dest":"n2","body":{"type":"broadcast","message":"64","msg_id":null}}
[BROADCAST] {"src":"n3","dest":"c12","body":{"type":"broadcast_ok","in_reply_to":20,"msg_id":77}}
[RECEIVED] {"id":651,"src":"n2","dest":"n3","body":{"type":"broadcast","message":"65","msg_id":null}}
[MATCH BROADCAST]
[RECEIVED] {"id":660,"src":"n2","dest":"n3","body":{"type":"broadcast","message":"66","msg_id":null}}
[MATCH BROADCAST]
[RECEIVED] {"id":668,"src":"n2","dest":"n3","body":{"type":"broadcast","message":"67","msg_id":null}}
[MATCH BROADCAST]
[RECEIVED] {"id":672,"src":"c12","dest":"n3","body":{"type":"broadcast","message":68,"msg_id":21}}
[MATCH BROADCAST]
[BROADCAST REQUEST: n3 -> n2] {"id":0,"src":"n3","dest":"n2","body":{"type":"broadcast","message":"68","msg_id":null}}
[BROADCAST] {"src":"n3","dest":"c12","body":{"type":"broadcast_ok","in_reply_to":21,"msg_id":81}}
[RECEIVED] {"id":687,"src":"n2","dest":"n3","body":{"type":"broadcast","message":"69","msg_id":null}}
[MATCH BROADCAST]
[RECEIVED] {"id":696,"src":"c12","dest":"n3","body":{"type":"broadcast","message":70,"msg_id":22}}
[MATCH BROADCAST]
[BROADCAST REQUEST: n3 -> n2] {"id":0,"src":"n3","dest":"n2","body":{"type":"broadcast","message":"70","msg_id":null}}
[BROADCAST] {"src":"n3","dest":"c12","body":{"type":"broadcast_ok","in_reply_to":22,"msg_id":83}}
[RECEIVED] {"id":710,"src":"n2","dest":"n3","body":{"type":"broadcast","message":"71","msg_id":null}}
[MATCH BROADCAST]
[RECEIVED] {"id":720,"src":"n2","dest":"n3","body":{"type":"broadcast","message":"72","msg_id":null}}
[MATCH BROADCAST]
[RECEIVED] {"id":726,"src":"c12","dest":"n3","body":{"type":"broadcast","message":73,"msg_id":23}}
[MATCH BROADCAST]
[BROADCAST REQUEST: n3 -> n2] {"id":0,"src":"n3","dest":"n2","body":{"type":"broadcast","message":"73","msg_id":null}}
[BROADCAST] {"src":"n3","dest":"c12","body":{"type":"broadcast_ok","in_reply_to":23,"msg_id":86}}
[RECEIVED] {"id":740,"src":"n2","dest":"n3","body":{"type":"broadcast","message":"74","msg_id":null}}
[MATCH BROADCAST]
[RECEIVED] {"id":746,"src":"n2","dest":"n3","body":{"type":"broadcast","message":"75","msg_id":null}}
[MATCH BROADCAST]
[RECEIVED] {"id":756,"src":"n2","dest":"n3","body":{"type":"broadcast","message":"76","msg_id":null}}
[MATCH BROADCAST]
[RECEIVED] {"id":762,"src":"n2","dest":"n3","body":{"type":"broadcast","message":"77","msg_id":null}}
[MATCH BROADCAST]
[RECEIVED] {"id":768,"src":"c12","dest":"n3","body":{"type":"broadcast","message":78,"msg_id":24}}
[MATCH BROADCAST]
[BROADCAST REQUEST: n3 -> n2] {"id":0,"src":"n3","dest":"n2","body":{"type":"broadcast","message":"78","msg_id":null}}
[BROADCAST] {"src":"n3","dest":"c12","body":{"type":"broadcast_ok","in_reply_to":24,"msg_id":91}}
[RECEIVED] {"id":783,"src":"n2","dest":"n3","body":{"type":"broadcast","message":"79","msg_id":null}}
[MATCH BROADCAST]
[RECEIVED] {"id":792,"src":"n2","dest":"n3","body":{"type":"broadcast","message":"80","msg_id":null}}
[MATCH BROADCAST]
[RECEIVED] {"id":798,"src":"c12","dest":"n3","body":{"type":"read","msg_id":25}}
[MATCH READ]
[READ] {"src":"n3","dest":"c12","body":{"type":"read_ok","messages":["0","1","10","11","12","13","14","15","16","17","18","19","2","20","21","22","23","24","25","26","27","28","29","3","30","31","32","33","34","35","36","37","38","39","4","40","41","42","43","44","45","46","47","48","49","5","50","51","52","53","54","55","56","57","58","59","6","60","61","62","63","64","65","66","67","68","69","7","70","71","72","73","74","75","76","77","78","79","8","80","9"],"in_reply_to":25,"msg_id":94}}
[RECEIVED] {"id":806,"src":"n2","dest":"n3","body":{"type":"broadcast","message":"81","msg_id":null}}
[MATCH BROADCAST]
[RECEIVED] {"id":812,"src":"n2","dest":"n3","body":{"type":"broadcast","message":"82","msg_id":null}}
[MATCH BROADCAST]
[RECEIVED] {"id":822,"src":"n2","dest":"n3","body":{"type":"broadcast","message":"83","msg_id":null}}
[MATCH BROADCAST]
[RECEIVED] {"id":830,"src":"n2","dest":"n3","body":{"type":"broadcast","message":"84","msg_id":null}}
[MATCH BROADCAST]
[RECEIVED] {"id":834,"src":"n2","dest":"n3","body":{"type":"broadcast","message":"85","msg_id":null}}
[MATCH BROADCAST]
[RECEIVED] {"id":840,"src":"c12","dest":"n3","body":{"type":"read","msg_id":26}}
[MATCH READ]
[READ] {"src":"n3","dest":"c12","body":{"type":"read_ok","messages":["0","1","10","11","12","13","14","15","16","17","18","19","2","20","21","22","23","24","25","26","27","28","29","3","30","31","32","33","34","35","36","37","38","39","4","40","41","42","43","44","45","46","47","48","49","5","50","51","52","53","54","55","56","57","58","59","6","60","61","62","63","64","65","66","67","68","69","7","70","71","72","73","74","75","76","77","78","79","8","80","81","82","83","84","85","9"],"in_reply_to":26,"msg_id":100}}
[RECEIVED] {"id":849,"src":"n2","dest":"n3","body":{"type":"broadcast","message":"86","msg_id":null}}
[MATCH BROADCAST]
[RECEIVED] {"id":854,"src":"n2","dest":"n3","body":{"type":"broadcast","message":"87","msg_id":null}}
[MATCH BROADCAST]
[RECEIVED] {"id":866,"src":"n2","dest":"n3","body":{"type":"broadcast","message":"88","msg_id":null}}
[MATCH BROADCAST]
[RECEIVED] {"id":870,"src":"n2","dest":"n3","body":{"type":"broadcast","message":"89","msg_id":null}}
[MATCH BROADCAST]
[RECEIVED] {"id":876,"src":"c12","dest":"n3","body":{"type":"read","msg_id":27}}
[MATCH READ]
[READ] {"src":"n3","dest":"c12","body":{"type":"read_ok","messages":["0","1","10","11","12","13","14","15","16","17","18","19","2","20","21","22","23","24","25","26","27","28","29","3","30","31","32","33","34","35","36","37","38","39","4","40","41","42","43","44","45","46","47","48","49","5","50","51","52","53","54","55","56","57","58","59","6","60","61","62","63","64","65","66","67","68","69","7","70","71","72","73","74","75","76","77","78","79","8","80","81","82","83","84","85","86","87","88","89","9"],"in_reply_to":27,"msg_id":105}}
[RECEIVED] {"id":884,"src":"n2","dest":"n3","body":{"type":"broadcast","message":"90","msg_id":null}}
[MATCH BROADCAST]
[RECEIVED] {"id":894,"src":"n2","dest":"n3","body":{"type":"broadcast","message":"91","msg_id":null}}
[MATCH BROADCAST]
[RECEIVED] {"id":900,"src":"c12","dest":"n3","body":{"type":"read","msg_id":28}}
[MATCH READ]
[READ] {"src":"n3","dest":"c12","body":{"type":"read_ok","messages":["0","1","10","11","12","13","14","15","16","17","18","19","2","20","21","22","23","24","25","26","27","28","29","3","30","31","32","33","34","35","36","37","38","39","4","40","41","42","43","44","45","46","47","48","49","5","50","51","52","53","54","55","56","57","58","59","6","60","61","62","63","64","65","66","67","68","69","7","70","71","72","73","74","75","76","77","78","79","8","80","81","82","83","84","85","86","87","88","89","9","90","91"],"in_reply_to":28,"msg_id":108}}
[RECEIVED] {"id":908,"src":"n2","dest":"n3","body":{"type":"broadcast","message":"92","msg_id":null}}
[MATCH BROADCAST]
[RECEIVED] {"id":918,"src":"n2","dest":"n3","body":{"type":"broadcast","message":"93","msg_id":null}}
[MATCH BROADCAST]
[RECEIVED] {"id":926,"src":"n2","dest":"n3","body":{"type":"broadcast","message":"94","msg_id":null}}
[MATCH BROADCAST]
[RECEIVED] {"id":930,"src":"c12","dest":"n3","body":{"type":"read","msg_id":29}}
[MATCH READ]
[READ] {"src":"n3","dest":"c12","body":{"type":"read_ok","messages":["0","1","10","11","12","13","14","15","16","17","18","19","2","20","21","22","23","24","25","26","27","28","29","3","30","31","32","33","34","35","36","37","38","39","4","40","41","42","43","44","45","46","47","48","49","5","50","51","52","53","54","55","56","57","58","59","6","60","61","62","63","64","65","66","67","68","69","7","70","71","72","73","74","75","76","77","78","79","8","80","81","82","83","84","85","86","87","88","89","9","90","91","92","93","94"],"in_reply_to":29,"msg_id":112}}
[RECEIVED] {"id":939,"src":"n2","dest":"n3","body":{"type":"broadcast","message":"95","msg_id":null}}
[MATCH BROADCAST]
[RECEIVED] {"id":948,"src":"n2","dest":"n3","body":{"type":"broadcast","message":"96","msg_id":null}}
[MATCH BROADCAST]
[RECEIVED] {"id":954,"src":"c12","dest":"n3","body":{"type":"broadcast","message":97,"msg_id":30}}
[MATCH BROADCAST]
[BROADCAST REQUEST: n3 -> n2] {"id":0,"src":"n3","dest":"n2","body":{"type":"broadcast","message":"97","msg_id":null}}
[BROADCAST] {"src":"n3","dest":"c12","body":{"type":"broadcast_ok","in_reply_to":30,"msg_id":115}}
[RECEIVED] {"id":972,"src":"n2","dest":"n3","body":{"type":"broadcast","message":"98","msg_id":null}}
[MATCH BROADCAST]
[RECEIVED] {"id":978,"src":"c12","dest":"n3","body":{"type":"read","msg_id":31}}
[MATCH READ]
[READ] {"src":"n3","dest":"c12","body":{"type":"read_ok","messages":["0","1","10","11","12","13","14","15","16","17","18","19","2","20","21","22","23","24","25","26","27","28","29","3","30","31","32","33","34","35","36","37","38","39","4","40","41","42","43","44","45","46","47","48","49","5","50","51","52","53","54","55","56","57","58","59","6","60","61","62","63","64","65","66","67","68","69","7","70","71","72","73","74","75","76","77","78","79","8","80","81","82","83","84","85","86","87","88","89","9","90","91","92","93","94","95","96","97","98"],"in_reply_to":31,"msg_id":117}}
[RECEIVED] {"id":987,"src":"n2","dest":"n3","body":{"type":"broadcast","message":"99","msg_id":null}}
[MATCH BROADCAST]
[RECEIVED] {"id":990,"src":"n2","dest":"n3","body":{"type":"broadcast","message":"100","msg_id":null}}
[MATCH BROADCAST]
[RECEIVED] {"id":1002,"src":"n2","dest":"n3","body":{"type":"broadcast","message":"101","msg_id":null}}
[MATCH BROADCAST]
[RECEIVED] {"id":1009,"src":"n2","dest":"n3","body":{"type":"broadcast","message":"102","msg_id":null}}
[MATCH BROADCAST]
[RECEIVED] {"id":1012,"src":"c12","dest":"n3","body":{"type":"read","msg_id":32}}
[MATCH READ]
[READ] {"src":"n3","dest":"c12","body":{"type":"read_ok","messages":["0","1","10","100","101","102","11","12","13","14","15","16","17","18","19","2","20","21","22","23","24","25","26","27","28","29","3","30","31","32","33","34","35","36","37","38","39","4","40","41","42","43","44","45","46","47","48","49","5","50","51","52","53","54","55","56","57","58","59","6","60","61","62","63","64","65","66","67","68","69","7","70","71","72","73","74","75","76","77","78","79","8","80","81","82","83","84","85","86","87","88","89","9","90","91","92","93","94","95","96","97","98","99"],"in_reply_to":32,"msg_id":122}}
