[RECEIVED] {"id":0,"src":"c2","dest":"n3","body":{"type":"init","node_id":"n3","node_ids":["n1","n2","n3","n4","n5"],"msg_id":1}}
[MATCH INIT]
[INIT_OK] {"src":"n3","dest":"c2","body":{"type":"init_ok","in_reply_to":1,"msg_id":0}}
[RECEIVED] {"id":14,"src":"c12","dest":"n3","body":{"type":"generate","msg_id":1}}
[MATCH GENERATE]
[GENERATE_OK] {"src":"n3","dest":"c12","body":{"type":"generate_ok","in_reply_to":1,"msg_id":0,"id":"n31"}}
[RECEIVED] {"id":26,"src":"c12","dest":"n3","body":{"type":"generate","msg_id":2}}
[MATCH GENERATE]
[GENERATE_OK] {"src":"n3","dest":"c12","body":{"type":"generate_ok","in_reply_to":2,"msg_id":0,"id":"n32"}}
[RECEIVED] {"id":38,"src":"c12","dest":"n3","body":{"type":"generate","msg_id":3}}
[MATCH GENERATE]
[GENERATE_OK] {"src":"n3","dest":"c12","body":{"type":"generate_ok","in_reply_to":3,"msg_id":0,"id":"n33"}}
[RECEIVED] {"id":50,"src":"c12","dest":"n3","body":{"type":"generate","msg_id":4}}
[MATCH GENERATE]
[GENERATE_OK] {"src":"n3","dest":"c12","body":{"type":"generate_ok","in_reply_to":4,"msg_id":0,"id":"n34"}}
[RECEIVED] {"id":62,"src":"c12","dest":"n3","body":{"type":"generate","msg_id":5}}
[MATCH GENERATE]
[GENERATE_OK] {"src":"n3","dest":"c12","body":{"type":"generate_ok","in_reply_to":5,"msg_id":0,"id":"n35"}}
[RECEIVED] {"id":74,"src":"c12","dest":"n3","body":{"type":"generate","msg_id":6}}
[MATCH GENERATE]
[GENERATE_OK] {"src":"n3","dest":"c12","body":{"type":"generate_ok","in_reply_to":6,"msg_id":0,"id":"n36"}}
[RECEIVED] {"id":86,"src":"c12","dest":"n3","body":{"type":"generate","msg_id":7}}
[MATCH GENERATE]
[GENERATE_OK] {"src":"n3","dest":"c12","body":{"type":"generate_ok","in_reply_to":7,"msg_id":0,"id":"n37"}}
[RECEIVED] {"id":98,"src":"c12","dest":"n3","body":{"type":"generate","msg_id":8}}
[MATCH GENERATE]
[GENERATE_OK] {"src":"n3","dest":"c12","body":{"type":"generate_ok","in_reply_to":8,"msg_id":0,"id":"n38"}}
[RECEIVED] {"id":110,"src":"c12","dest":"n3","body":{"type":"generate","msg_id":9}}
[MATCH GENERATE]
[GENERATE_OK] {"src":"n3","dest":"c12","body":{"type":"generate_ok","in_reply_to":9,"msg_id":0,"id":"n39"}}
[RECEIVED] {"id":122,"src":"c12","dest":"n3","body":{"type":"generate","msg_id":10}}
[MATCH GENERATE]
[GENERATE_OK] {"src":"n3","dest":"c12","body":{"type":"generate_ok","in_reply_to":10,"msg_id":0,"id":"n310"}}
[RECEIVED] {"id":134,"src":"c12","dest":"n3","body":{"type":"generate","msg_id":11}}
[MATCH GENERATE]
[GENERATE_OK] {"src":"n3","dest":"c12","body":{"type":"generate_ok","in_reply_to":11,"msg_id":0,"id":"n311"}}
[RECEIVED] {"id":146,"src":"c12","dest":"n3","body":{"type":"generate","msg_id":12}}
[MATCH GENERATE]
[GENERATE_OK] {"src":"n3","dest":"c12","body":{"type":"generate_ok","in_reply_to":12,"msg_id":0,"id":"n312"}}
[RECEIVED] {"id":158,"src":"c12","dest":"n3","body":{"type":"generate","msg_id":13}}
[MATCH GENERATE]
[GENERATE_OK] {"src":"n3","dest":"c12","body":{"type":"generate_ok","in_reply_to":13,"msg_id":0,"id":"n313"}}
[RECEIVED] {"id":170,"src":"c12","dest":"n3","body":{"type":"generate","msg_id":14}}
[MATCH GENERATE]
[GENERATE_OK] {"src":"n3","dest":"c12","body":{"type":"generate_ok","in_reply_to":14,"msg_id":0,"id":"n314"}}
[RECEIVED] {"id":182,"src":"c12","dest":"n3","body":{"type":"generate","msg_id":15}}
[MATCH GENERATE]
[GENERATE_OK] {"src":"n3","dest":"c12","body":{"type":"generate_ok","in_reply_to":15,"msg_id":0,"id":"n315"}}
[RECEIVED] {"id":194,"src":"c12","dest":"n3","body":{"type":"generate","msg_id":16}}
[MATCH GENERATE]
[GENERATE_OK] {"src":"n3","dest":"c12","body":{"type":"generate_ok","in_reply_to":16,"msg_id":0,"id":"n316"}}
[RECEIVED] {"id":206,"src":"c12","dest":"n3","body":{"type":"generate","msg_id":17}}
[MATCH GENERATE]
[GENERATE_OK] {"src":"n3","dest":"c12","body":{"type":"generate_ok","in_reply_to":17,"msg_id":0,"id":"n317"}}
[RECEIVED] {"id":218,"src":"c12","dest":"n3","body":{"type":"generate","msg_id":18}}
[MATCH GENERATE]
[GENERATE_OK] {"src":"n3","dest":"c12","body":{"type":"generate_ok","in_reply_to":18,"msg_id":0,"id":"n318"}}
[RECEIVED] {"id":230,"src":"c12","dest":"n3","body":{"type":"generate","msg_id":19}}
[MATCH GENERATE]
[GENERATE_OK] {"src":"n3","dest":"c12","body":{"type":"generate_ok","in_reply_to":19,"msg_id":0,"id":"n319"}}
[RECEIVED] {"id":242,"src":"c12","dest":"n3","body":{"type":"generate","msg_id":20}}
[MATCH GENERATE]
[GENERATE_OK] {"src":"n3","dest":"c12","body":{"type":"generate_ok","in_reply_to":20,"msg_id":0,"id":"n320"}}
[RECEIVED] {"id":254,"src":"c12","dest":"n3","body":{"type":"generate","msg_id":21}}
[MATCH GENERATE]
[GENERATE_OK] {"src":"n3","dest":"c12","body":{"type":"generate_ok","in_reply_to":21,"msg_id":0,"id":"n321"}}
[RECEIVED] {"id":266,"src":"c12","dest":"n3","body":{"type":"generate","msg_id":22}}
[MATCH GENERATE]
[GENERATE_OK] {"src":"n3","dest":"c12","body":{"type":"generate_ok","in_reply_to":22,"msg_id":0,"id":"n322"}}
[RECEIVED] {"id":278,"src":"c12","dest":"n3","body":{"type":"generate","msg_id":23}}
[MATCH GENERATE]
[GENERATE_OK] {"src":"n3","dest":"c12","body":{"type":"generate_ok","in_reply_to":23,"msg_id":0,"id":"n323"}}
[RECEIVED] {"id":290,"src":"c12","dest":"n3","body":{"type":"generate","msg_id":24}}
[MATCH GENERATE]
[GENERATE_OK] {"src":"n3","dest":"c12","body":{"type":"generate_ok","in_reply_to":24,"msg_id":0,"id":"n324"}}
[RECEIVED] {"id":302,"src":"c12","dest":"n3","body":{"type":"generate","msg_id":25}}
[MATCH GENERATE]
[GENERATE_OK] {"src":"n3","dest":"c12","body":{"type":"generate_ok","in_reply_to":25,"msg_id":0,"id":"n325"}}
[RECEIVED] {"id":314,"src":"c12","dest":"n3","body":{"type":"generate","msg_id":26}}
[MATCH GENERATE]
[GENERATE_OK] {"src":"n3","dest":"c12","body":{"type":"generate_ok","in_reply_to":26,"msg_id":0,"id":"n326"}}
[RECEIVED] {"id":326,"src":"c12","dest":"n3","body":{"type":"generate","msg_id":27}}
[MATCH GENERATE]
[GENERATE_OK] {"src":"n3","dest":"c12","body":{"type":"generate_ok","in_reply_to":27,"msg_id":0,"id":"n327"}}
[RECEIVED] {"id":338,"src":"c12","dest":"n3","body":{"type":"generate","msg_id":28}}
[MATCH GENERATE]
[GENERATE_OK] {"src":"n3","dest":"c12","body":{"type":"generate_ok","in_reply_to":28,"msg_id":0,"id":"n328"}}
[RECEIVED] {"id":350,"src":"c12","dest":"n3","body":{"type":"generate","msg_id":29}}
[MATCH GENERATE]
[GENERATE_OK] {"src":"n3","dest":"c12","body":{"type":"generate_ok","in_reply_to":29,"msg_id":0,"id":"n329"}}
[RECEIVED] {"id":362,"src":"c12","dest":"n3","body":{"type":"generate","msg_id":30}}
[MATCH GENERATE]
[GENERATE_OK] {"src":"n3","dest":"c12","body":{"type":"generate_ok","in_reply_to":30,"msg_id":0,"id":"n330"}}
[RECEIVED] {"id":374,"src":"c12","dest":"n3","body":{"type":"generate","msg_id":31}}
[MATCH GENERATE]
[GENERATE_OK] {"src":"n3","dest":"c12","body":{"type":"generate_ok","in_reply_to":31,"msg_id":0,"id":"n331"}}
[RECEIVED] {"id":386,"src":"c12","dest":"n3","body":{"type":"generate","msg_id":32}}
[MATCH GENERATE]
[GENERATE_OK] {"src":"n3","dest":"c12","body":{"type":"generate_ok","in_reply_to":32,"msg_id":0,"id":"n332"}}
[RECEIVED] {"id":398,"src":"c12","dest":"n3","body":{"type":"generate","msg_id":33}}
[MATCH GENERATE]
[GENERATE_OK] {"src":"n3","dest":"c12","body":{"type":"generate_ok","in_reply_to":33,"msg_id":0,"id":"n333"}}
