[RECEIVED] {"id":3,"src":"c3","dest":"n4","body":{"type":"init","node_id":"n4","node_ids":["n1","n2","n3","n4","n5"],"msg_id":1}}
[MATCH INIT]
[INIT] {"src":"n4","dest":"c3","body":{"type":"init_ok","in_reply_to":1,"msg_id":0}}
[RECEIVED] {"id":20,"src":"c13","dest":"n4","body":{"echo":"Please echo 67","type":"echo","msg_id":1}}
[MATCH ECHO]
[ECHO] {"src":"n4","dest":"c13","body":{"type":"echo_ok","echo":"Please echo 67","msg_id":1,"in_reply_to":1}}
[RECEIVED] {"id":36,"src":"c13","dest":"n4","body":{"echo":"Please echo 61","type":"echo","msg_id":2}}
[MATCH ECHO]
[ECHO] {"src":"n4","dest":"c13","body":{"type":"echo_ok","echo":"Please echo 61","msg_id":2,"in_reply_to":2}}
[RECEIVED] {"id":54,"src":"c13","dest":"n4","body":{"echo":"Please echo 75","type":"echo","msg_id":3}}
[MATCH ECHO]
[ECHO] {"src":"n4","dest":"c13","body":{"type":"echo_ok","echo":"Please echo 75","msg_id":3,"in_reply_to":3}}
[RECEIVED] {"id":58,"src":"c13","dest":"n4","body":{"echo":"Please echo 39","type":"echo","msg_id":4}}
[MATCH ECHO]
[ECHO] {"src":"n4","dest":"c13","body":{"type":"echo_ok","echo":"Please echo 39","msg_id":4,"in_reply_to":4}}
[RECEIVED] {"id":62,"src":"c13","dest":"n4","body":{"echo":"Please echo 107","type":"echo","msg_id":5}}
[MATCH ECHO]
[ECHO] {"src":"n4","dest":"c13","body":{"type":"echo_ok","echo":"Please echo 107","msg_id":5,"in_reply_to":5}}
[RECEIVED] {"id":66,"src":"c13","dest":"n4","body":{"echo":"Please echo 29","type":"echo","msg_id":6}}
[MATCH ECHO]
[ECHO] {"src":"n4","dest":"c13","body":{"type":"echo_ok","echo":"Please echo 29","msg_id":6,"in_reply_to":6}}
[RECEIVED] {"id":78,"src":"c13","dest":"n4","body":{"echo":"Please echo 100","type":"echo","msg_id":7}}
[MATCH ECHO]
[ECHO] {"src":"n4","dest":"c13","body":{"type":"echo_ok","echo":"Please echo 100","msg_id":7,"in_reply_to":7}}
[RECEIVED] {"id":92,"src":"c13","dest":"n4","body":{"echo":"Please echo 101","type":"echo","msg_id":8}}
[MATCH ECHO]
[ECHO] {"src":"n4","dest":"c13","body":{"type":"echo_ok","echo":"Please echo 101","msg_id":8,"in_reply_to":8}}
[RECEIVED] {"id":94,"src":"c13","dest":"n4","body":{"echo":"Please echo 121","type":"echo","msg_id":9}}
[MATCH ECHO]
[ECHO] {"src":"n4","dest":"c13","body":{"type":"echo_ok","echo":"Please echo 121","msg_id":9,"in_reply_to":9}}
[RECEIVED] {"id":102,"src":"c13","dest":"n4","body":{"echo":"Please echo 48","type":"echo","msg_id":10}}
[MATCH ECHO]
[ECHO] {"src":"n4","dest":"c13","body":{"type":"echo_ok","echo":"Please echo 48","msg_id":10,"in_reply_to":10}}
