[RECEIVED] {"id":4,"src":"c4","dest":"n3","body":{"type":"init","node_id":"n3","node_ids":["n1","n2","n3","n4","n5"],"msg_id":1}}
[MATCH] InitBody
Initialized node n3
Init send {"src":"n3","dest":"c4","body":{"type":"init_ok","in_reply_to":1,"msg_id":0}}
[RECEIVED] {"id":10,"src":"c7","dest":"n3","body":{"type":"topology","topology":{"n1":["n4","n2"],"n2":["n5","n3","n1"],"n3":["n2"],"n4":["n1","n5"],"n5":["n2","n4"]},"msg_id":1}}
[MATCH] TopologyBody
[TOPOLOGY RESPONSE] {"src":"n3","dest":"c7","body":{"type":"topology_ok","in_reply_to":1,"msg_id":1}}
[RECEIVED] {"id":24,"src":"c12","dest":"n3","body":{"type":"read","msg_id":1}}
[MATCH] ReadBody
[READ RESPONSE] {"src":"n3","dest":"c12","body":{"type":"read_ok","messages":[],"in_reply_to":1,"msg_id":2}}
[RECEIVED] {"id":41,"src":"n2","dest":"n3","body":{"type":"broadcast","message":"0","msg_id":3}}
[MATCH] BroadcastBody
[BROADCAST RESPONSE] {"src":"n3","dest":"n2","body":{"type":"broadcast_ok","in_reply_to":3,"msg_id":3}}
[RECEIVED] {"id":44,"src":"n2","dest":"n3","body":{"type":"broadcast","message":"0","msg_id":4}}
[INSIDE BROADCAST LOOP]
[MATCH] BroadcastBody
[BROADCAST REQUEST] {"id":0,"src":"n3","dest":"n2","body":{"type":"broadcast","message":"0","msg_id":3}}
[BROADCAST RESPONSE] {"src":"n3","dest":"n2","body":{"type":"broadcast_ok","in_reply_to":4,"msg_id":4}}
[RECEIVED] {"id":53,"src":"n2","dest":"n3","body":{"type":"broadcast_ok","in_reply_to":3,"msg_id":8}}
[MATCH] UnknownBody
[RECEIVED] {"id":64,"src":"n2","dest":"n3","body":{"type":"broadcast","message":"1","msg_id":12}}
[MATCH] BroadcastBody
[BROADCAST RESPONSE] {"src":"n3","dest":"n2","body":{"type":"broadcast_ok","in_reply_to":12,"msg_id":6}}
[INSIDE BROADCAST LOOP]
[BROADCAST REQUEST] {"id":0,"src":"n3","dest":"n2","body":{"type":"broadcast","message":"1","msg_id":6}}
[RECEIVED] {"id":75,"src":"n2","dest":"n3","body":{"type":"broadcast_ok","in_reply_to":6,"msg_id":17}}
[MATCH] UnknownBody
[RECEIVED] {"id":87,"src":"n2","dest":"n3","body":{"type":"broadcast","message":"2","msg_id":18}}
[MATCH] BroadcastBody
[BROADCAST RESPONSE] {"src":"n3","dest":"n2","body":{"type":"broadcast_ok","in_reply_to":18,"msg_id":8}}
[INSIDE BROADCAST LOOP]
[BROADCAST REQUEST] {"id":0,"src":"n3","dest":"n2","body":{"type":"broadcast","message":"2","msg_id":8}}
[RECEIVED] {"id":100,"src":"n2","dest":"n3","body":{"type":"broadcast_ok","in_reply_to":8,"msg_id":23}}
[MATCH] UnknownBody
[RECEIVED] {"id":107,"src":"n2","dest":"n3","body":{"type":"broadcast","message":"3","msg_id":25}}
[MATCH] BroadcastBody
[BROADCAST RESPONSE] {"src":"n3","dest":"n2","body":{"type":"broadcast_ok","in_reply_to":25,"msg_id":10}}
[INSIDE BROADCAST LOOP]
[BROADCAST REQUEST] {"id":0,"src":"n3","dest":"n2","body":{"type":"broadcast","message":"3","msg_id":10}}
[RECEIVED] {"id":118,"src":"n2","dest":"n3","body":{"type":"broadcast_ok","in_reply_to":10,"msg_id":29}}
[MATCH] UnknownBody
[RECEIVED] {"id":130,"src":"c12","dest":"n3","body":{"type":"read","msg_id":2}}
[MATCH] ReadBody
[READ RESPONSE] {"src":"n3","dest":"c12","body":{"type":"read_ok","messages":["3","2","1","0","0"],"in_reply_to":2,"msg_id":12}}
[RECEIVED] {"id":148,"src":"n2","dest":"n3","body":{"type":"broadcast","message":"4","msg_id":32}}
[RECEIVED] {"id":149,"src":"n2","dest":"n3","body":{"type":"broadcast","message":"4","msg_id":33}}
[MATCH] BroadcastBody
[MATCH] BroadcastBody
[BROADCAST RESPONSE] {"src":"n3","dest":"n2","body":{"type":"broadcast_ok","in_reply_to":32,"msg_id":13}}
[BROADCAST RESPONSE] {"src":"n3","dest":"n2","body":{"type":"broadcast_ok","in_reply_to":33,"msg_id":14}}
[INSIDE BROADCAST LOOP]
[INSIDE BROADCAST LOOP]
[BROADCAST REQUEST] {"id":0,"src":"n3","dest":"n2","body":{"type":"broadcast","message":"4","msg_id":13}}
[BROADCAST REQUEST] {"id":0,"src":"n3","dest":"n2","body":{"type":"broadcast","message":"4","msg_id":14}}
[RECEIVED] {"id":160,"src":"n2","dest":"n3","body":{"type":"broadcast_ok","in_reply_to":13,"msg_id":40}}
[MATCH] UnknownBody
[RECEIVED] {"id":161,"src":"n2","dest":"n3","body":{"type":"broadcast_ok","in_reply_to":14,"msg_id":41}}
[MATCH] UnknownBody
[RECEIVED] {"id":171,"src":"n2","dest":"n3","body":{"type":"broadcast","message":"5","msg_id":42}}
[MATCH] BroadcastBody
[BROADCAST RESPONSE] {"src":"n3","dest":"n2","body":{"type":"broadcast_ok","in_reply_to":42,"msg_id":17}}
[INSIDE BROADCAST LOOP]
[BROADCAST REQUEST] {"id":0,"src":"n3","dest":"n2","body":{"type":"broadcast","message":"5","msg_id":17}}
[RECEIVED] {"id":185,"src":"n2","dest":"n3","body":{"type":"broadcast_ok","in_reply_to":17,"msg_id":47}}
[MATCH] UnknownBody
[RECEIVED] {"id":199,"src":"n2","dest":"n3","body":{"type":"broadcast","message":"6","msg_id":49}}
[MATCH] BroadcastBody
[BROADCAST RESPONSE] {"src":"n3","dest":"n2","body":{"type":"broadcast_ok","in_reply_to":49,"msg_id":19}}
[INSIDE BROADCAST LOOP]
[BROADCAST REQUEST] {"id":0,"src":"n3","dest":"n2","body":{"type":"broadcast","message":"6","msg_id":19}}
[RECEIVED] {"id":214,"src":"n2","dest":"n3","body":{"type":"broadcast_ok","in_reply_to":19,"msg_id":55}}
[MATCH] UnknownBody
[RECEIVED] {"id":218,"src":"c12","dest":"n3","body":{"type":"broadcast","message":7,"msg_id":3}}
[MATCH] BroadcastBody
[BROADCAST RESPONSE] {"src":"n3","dest":"c12","body":{"type":"broadcast_ok","in_reply_to":3,"msg_id":21}}
[INSIDE BROADCAST LOOP]
[BROADCAST REQUEST] {"id":0,"src":"n3","dest":"n2","body":{"type":"broadcast","message":"7","msg_id":21}}
[RECEIVED] {"id":221,"src":"n2","dest":"n3","body":{"type":"broadcast_ok","in_reply_to":21,"msg_id":57}}
[MATCH] UnknownBody
[RECEIVED] {"id":223,"src":"n2","dest":"n3","body":{"type":"broadcast","message":"7","msg_id":57}}
[MATCH] BroadcastBody
[BROADCAST RESPONSE] {"src":"n3","dest":"n2","body":{"type":"broadcast_ok","in_reply_to":57,"msg_id":23}}
[RECEIVED] {"id":254,"src":"n2","dest":"n3","body":{"type":"broadcast","message":"8","msg_id":63}}
[MATCH] BroadcastBody
[BROADCAST RESPONSE] {"src":"n3","dest":"n2","body":{"type":"broadcast_ok","in_reply_to":63,"msg_id":24}}
[INSIDE BROADCAST LOOP]
[BROADCAST REQUEST] {"id":0,"src":"n3","dest":"n2","body":{"type":"broadcast","message":"8","msg_id":24}}
[RECEIVED] {"id":267,"src":"n2","dest":"n3","body":{"type":"broadcast_ok","in_reply_to":24,"msg_id":67}}
[MATCH] UnknownBody
[RECEIVED] {"id":279,"src":"n2","dest":"n3","body":{"type":"broadcast","message":"9","msg_id":70}}
[MATCH] BroadcastBody
[BROADCAST RESPONSE] {"src":"n3","dest":"n2","body":{"type":"broadcast_ok","in_reply_to":70,"msg_id":26}}
[INSIDE BROADCAST LOOP]
[BROADCAST REQUEST] {"id":0,"src":"n3","dest":"n2","body":{"type":"broadcast","message":"9","msg_id":26}}
[RECEIVED] {"id":290,"src":"n2","dest":"n3","body":{"type":"broadcast_ok","in_reply_to":26,"msg_id":75}}
[MATCH] UnknownBody
[RECEIVED] {"id":302,"src":"c12","dest":"n3","body":{"type":"broadcast","message":10,"msg_id":4}}
[MATCH] BroadcastBody
[BROADCAST RESPONSE] {"src":"n3","dest":"c12","body":{"type":"broadcast_ok","in_reply_to":4,"msg_id":28}}
[INSIDE BROADCAST LOOP]
[BROADCAST REQUEST] {"id":0,"src":"n3","dest":"n2","body":{"type":"broadcast","message":"10","msg_id":28}}
[RECEIVED] {"id":305,"src":"n2","dest":"n3","body":{"type":"broadcast_ok","in_reply_to":28,"msg_id":77}}
[MATCH] UnknownBody
[RECEIVED] {"id":307,"src":"n2","dest":"n3","body":{"type":"broadcast","message":"10","msg_id":77}}
[MATCH] BroadcastBody
[BROADCAST RESPONSE] {"src":"n3","dest":"n2","body":{"type":"broadcast_ok","in_reply_to":77,"msg_id":30}}
[RECEIVED] {"id":344,"src":"n2","dest":"n3","body":{"type":"broadcast","message":"11","msg_id":83}}
[RECEIVED] {"id":345,"src":"n2","dest":"n3","body":{"type":"broadcast","message":"11","msg_id":84}}
[MATCH] BroadcastBody
[MATCH] BroadcastBody
[BROADCAST RESPONSE] {"src":"n3","dest":"n2","body":{"type":"broadcast_ok","in_reply_to":83,"msg_id":31}}
[BROADCAST RESPONSE] {"src":"n3","dest":"n2","body":{"type":"broadcast_ok","in_reply_to":84,"msg_id":32}}
[INSIDE BROADCAST LOOP]
[INSIDE BROADCAST LOOP]
[BROADCAST REQUEST] {"id":0,"src":"n3","dest":"n2","body":{"type":"broadcast","message":"11","msg_id":31}}
[BROADCAST REQUEST] {"id":0,"src":"n3","dest":"n2","body":{"type":"broadcast","message":"11","msg_id":32}}
[RECEIVED] {"id":356,"src":"n2","dest":"n3","body":{"type":"broadcast_ok","in_reply_to":31,"msg_id":90}}
[RECEIVED] {"id":357,"src":"n2","dest":"n3","body":{"type":"broadcast_ok","in_reply_to":32,"msg_id":92}}
[MATCH] UnknownBody
[MATCH] UnknownBody
[RECEIVED] {"id":366,"src":"n2","dest":"n3","body":{"type":"broadcast","message":"12","msg_id":93}}
[MATCH] BroadcastBody
[BROADCAST RESPONSE] {"src":"n3","dest":"n2","body":{"type":"broadcast_ok","in_reply_to":93,"msg_id":35}}
[INSIDE BROADCAST LOOP]
[BROADCAST REQUEST] {"id":0,"src":"n3","dest":"n2","body":{"type":"broadcast","message":"12","msg_id":35}}
[RECEIVED] {"id":381,"src":"n2","dest":"n3","body":{"type":"broadcast_ok","in_reply_to":35,"msg_id":98}}
[MATCH] UnknownBody
[RECEIVED] {"id":392,"src":"n2","dest":"n3","body":{"type":"broadcast","message":"13","msg_id":100}}
[MATCH] BroadcastBody
[BROADCAST RESPONSE] {"src":"n3","dest":"n2","body":{"type":"broadcast_ok","in_reply_to":100,"msg_id":37}}
[INSIDE BROADCAST LOOP]
[BROADCAST REQUEST] {"id":0,"src":"n3","dest":"n2","body":{"type":"broadcast","message":"13","msg_id":37}}
[RECEIVED] {"id":408,"src":"n2","dest":"n3","body":{"type":"broadcast_ok","in_reply_to":37,"msg_id":105}}
[MATCH] UnknownBody
[RECEIVED] {"id":410,"src":"c12","dest":"n3","body":{"type":"read","msg_id":5}}
[MATCH] ReadBody
[READ RESPONSE] {"src":"n3","dest":"c12","body":{"type":"read_ok","messages":["13","12","11","11","10","10","9","8","7","7","6","5","4","4","3","2","1","0","0"],"in_reply_to":5,"msg_id":39}}
