[RECEIVED] {"id":1,"src":"c1","dest":"n4","body":{"type":"init","node_id":"n4","node_ids":["n1","n2","n3","n4","n5"],"msg_id":1}}
[MATCH] InitBody
Initialized node n4
Init send {"src":"n4","dest":"c1","body":{"type":"init_ok","in_reply_to":1,"msg_id":0}}
[RECEIVED] {"id":11,"src":"c8","dest":"n4","body":{"type":"topology","topology":{"n1":["n4","n2"],"n2":["n5","n3","n1"],"n3":["n2"],"n4":["n1","n5"],"n5":["n2","n4"]},"msg_id":1}}
[MATCH] TopologyBody
[TOPOLOGY RESPONSE] {"src":"n4","dest":"c8","body":{"type":"topology_ok","in_reply_to":1,"msg_id":1}}
[RECEIVED] {"id":26,"src":"c13","dest":"n4","body":{"type":"broadcast","message":0,"msg_id":1}}
[MATCH] BroadcastBody
[BROADCAST RESPONSE] {"src":"n4","dest":"c13","body":{"type":"broadcast_ok","in_reply_to":1,"msg_id":2}}
[INSIDE BROADCAST LOOP]
[BROADCAST REQUEST] {"id":0,"src":"n4","dest":"n1","body":{"type":"broadcast","message":"0","msg_id":2}}
[BROADCAST REQUEST] {"id":0,"src":"n4","dest":"n5","body":{"type":"broadcast","message":"0","msg_id":2}}
[RECEIVED] {"id":30,"src":"n5","dest":"n4","body":{"type":"broadcast_ok","in_reply_to":2,"msg_id":2}}
[RECEIVED] {"id":31,"src":"n1","dest":"n4","body":{"type":"broadcast_ok","in_reply_to":2,"msg_id":3}}
[MATCH] UnknownBody
[MATCH] UnknownBody
[RECEIVED] {"id":33,"src":"n1","dest":"n4","body":{"type":"broadcast","message":"0","msg_id":3}}
[RECEIVED] {"id":34,"src":"n5","dest":"n4","body":{"type":"broadcast","message":"0","msg_id":2}}
[MATCH] BroadcastBody
[MATCH] BroadcastBody
[BROADCAST RESPONSE] {"src":"n4","dest":"n1","body":{"type":"broadcast_ok","in_reply_to":3,"msg_id":5}}
[BROADCAST RESPONSE] {"src":"n4","dest":"n5","body":{"type":"broadcast_ok","in_reply_to":2,"msg_id":6}}
[RECEIVED] {"id":57,"src":"n5","dest":"n4","body":{"type":"broadcast","message":"1","msg_id":7}}
[MATCH] BroadcastBody
[BROADCAST RESPONSE] {"src":"n4","dest":"n5","body":{"type":"broadcast_ok","in_reply_to":7,"msg_id":7}}
[INSIDE BROADCAST LOOP]
[BROADCAST REQUEST] {"id":0,"src":"n4","dest":"n1","body":{"type":"broadcast","message":"1","msg_id":7}}
[BROADCAST REQUEST] {"id":0,"src":"n4","dest":"n5","body":{"type":"broadcast","message":"1","msg_id":7}}
[RECEIVED] {"id":63,"src":"n5","dest":"n4","body":{"type":"broadcast_ok","in_reply_to":7,"msg_id":9}}
[RECEIVED] {"id":65,"src":"n1","dest":"n4","body":{"type":"broadcast_ok","in_reply_to":7,"msg_id":8}}
[MATCH] UnknownBody
[MATCH] UnknownBody
[RECEIVED] {"id":67,"src":"n1","dest":"n4","body":{"type":"broadcast","message":"1","msg_id":8}}
[MATCH] BroadcastBody
[BROADCAST RESPONSE] {"src":"n4","dest":"n1","body":{"type":"broadcast_ok","in_reply_to":8,"msg_id":10}}
[RECEIVED] {"id":80,"src":"n1","dest":"n4","body":{"type":"broadcast","message":"2","msg_id":13}}
[MATCH] BroadcastBody
[BROADCAST RESPONSE] {"src":"n4","dest":"n1","body":{"type":"broadcast_ok","in_reply_to":13,"msg_id":11}}
[INSIDE BROADCAST LOOP]
[BROADCAST REQUEST] {"id":0,"src":"n4","dest":"n1","body":{"type":"broadcast","message":"2","msg_id":11}}
[BROADCAST REQUEST] {"id":0,"src":"n4","dest":"n5","body":{"type":"broadcast","message":"2","msg_id":11}}
[RECEIVED] {"id":89,"src":"n1","dest":"n4","body":{"type":"broadcast_ok","in_reply_to":11,"msg_id":16}}
[MATCH] UnknownBody
[RECEIVED] {"id":92,"src":"n5","dest":"n4","body":{"type":"broadcast_ok","in_reply_to":11,"msg_id":13}}
[MATCH] UnknownBody
[RECEIVED] {"id":97,"src":"n5","dest":"n4","body":{"type":"broadcast","message":"2","msg_id":12}}
[MATCH] BroadcastBody
[RECEIVED] {"id":98,"src":"n5","dest":"n4","body":{"type":"broadcast","message":"2","msg_id":13}}
[BROADCAST RESPONSE] {"src":"n4","dest":"n5","body":{"type":"broadcast_ok","in_reply_to":12,"msg_id":14}}
[MATCH] BroadcastBody
[BROADCAST RESPONSE] {"src":"n4","dest":"n5","body":{"type":"broadcast_ok","in_reply_to":13,"msg_id":15}}
[RECEIVED] {"id":114,"src":"n5","dest":"n4","body":{"type":"broadcast","message":"3","msg_id":18}}
[RECEIVED] {"id":115,"src":"n1","dest":"n4","body":{"type":"broadcast","message":"3","msg_id":18}}
[MATCH] BroadcastBody
[MATCH] BroadcastBody
[BROADCAST RESPONSE] {"src":"n4","dest":"n5","body":{"type":"broadcast_ok","in_reply_to":18,"msg_id":16}}
[BROADCAST RESPONSE] {"src":"n4","dest":"n1","body":{"type":"broadcast_ok","in_reply_to":18,"msg_id":17}}
[INSIDE BROADCAST LOOP]
[INSIDE BROADCAST LOOP]
[BROADCAST REQUEST] {"id":0,"src":"n4","dest":"n1","body":{"type":"broadcast","message":"3","msg_id":16}}
[BROADCAST REQUEST] {"id":0,"src":"n4","dest":"n1","body":{"type":"broadcast","message":"3","msg_id":17}}
[BROADCAST REQUEST] {"id":0,"src":"n4","dest":"n5","body":{"type":"broadcast","message":"3","msg_id":16}}
[BROADCAST REQUEST] {"id":0,"src":"n4","dest":"n5","body":{"type":"broadcast","message":"3","msg_id":17}}
[RECEIVED] {"id":126,"src":"n1","dest":"n4","body":{"type":"broadcast_ok","in_reply_to":16,"msg_id":21}}
[MATCH] UnknownBody
[RECEIVED] {"id":127,"src":"n1","dest":"n4","body":{"type":"broadcast_ok","in_reply_to":17,"msg_id":22}}
[MATCH] UnknownBody
[RECEIVED] {"id":128,"src":"n5","dest":"n4","body":{"type":"broadcast_ok","in_reply_to":16,"msg_id":21}}
[MATCH] UnknownBody
[RECEIVED] {"id":129,"src":"n5","dest":"n4","body":{"type":"broadcast_ok","in_reply_to":17,"msg_id":22}}
[MATCH] UnknownBody
[RECEIVED] {"id":132,"src":"c13","dest":"n4","body":{"type":"broadcast","message":4,"msg_id":2}}
[MATCH] BroadcastBody
[BROADCAST RESPONSE] {"src":"n4","dest":"c13","body":{"type":"broadcast_ok","in_reply_to":2,"msg_id":22}}
[INSIDE BROADCAST LOOP]
[BROADCAST REQUEST] {"id":0,"src":"n4","dest":"n1","body":{"type":"broadcast","message":"4","msg_id":22}}
[BROADCAST REQUEST] {"id":0,"src":"n4","dest":"n5","body":{"type":"broadcast","message":"4","msg_id":22}}
[RECEIVED] {"id":136,"src":"n1","dest":"n4","body":{"type":"broadcast_ok","in_reply_to":22,"msg_id":23}}
[MATCH] UnknownBody
[RECEIVED] {"id":137,"src":"n5","dest":"n4","body":{"type":"broadcast_ok","in_reply_to":22,"msg_id":23}}
[RECEIVED] {"id":138,"src":"n1","dest":"n4","body":{"type":"broadcast","message":"4","msg_id":23}}
[MATCH] UnknownBody
[RECEIVED] {"id":141,"src":"n5","dest":"n4","body":{"type":"broadcast","message":"4","msg_id":23}}
[MATCH] BroadcastBody
[MATCH] BroadcastBody
[BROADCAST RESPONSE] {"src":"n4","dest":"n1","body":{"type":"broadcast_ok","in_reply_to":23,"msg_id":25}}
[BROADCAST RESPONSE] {"src":"n4","dest":"n5","body":{"type":"broadcast_ok","in_reply_to":23,"msg_id":26}}
[RECEIVED] {"id":165,"src":"n5","dest":"n4","body":{"type":"broadcast","message":"5","msg_id":28}}
[MATCH] BroadcastBody
[BROADCAST RESPONSE] {"src":"n4","dest":"n5","body":{"type":"broadcast_ok","in_reply_to":28,"msg_id":27}}
[INSIDE BROADCAST LOOP]
[BROADCAST REQUEST] {"id":0,"src":"n4","dest":"n1","body":{"type":"broadcast","message":"5","msg_id":27}}
[BROADCAST REQUEST] {"id":0,"src":"n4","dest":"n5","body":{"type":"broadcast","message":"5","msg_id":27}}
[RECEIVED] {"id":174,"src":"n1","dest":"n4","body":{"type":"broadcast_ok","in_reply_to":27,"msg_id":28}}
[RECEIVED] {"id":175,"src":"n5","dest":"n4","body":{"type":"broadcast_ok","in_reply_to":27,"msg_id":32}}
[MATCH] UnknownBody
[MATCH] UnknownBody
[RECEIVED] {"id":176,"src":"n1","dest":"n4","body":{"type":"broadcast","message":"5","msg_id":28}}
[MATCH] BroadcastBody
[BROADCAST RESPONSE] {"src":"n4","dest":"n1","body":{"type":"broadcast_ok","in_reply_to":28,"msg_id":30}}
[RECEIVED] {"id":180,"src":"n1","dest":"n4","body":{"type":"broadcast","message":"5","msg_id":29}}
[MATCH] BroadcastBody
[BROADCAST RESPONSE] {"src":"n4","dest":"n1","body":{"type":"broadcast_ok","in_reply_to":29,"msg_id":31}}
[RECEIVED] {"id":192,"src":"n1","dest":"n4","body":{"type":"broadcast","message":"6","msg_id":35}}
[MATCH] BroadcastBody
[BROADCAST RESPONSE] {"src":"n4","dest":"n1","body":{"type":"broadcast_ok","in_reply_to":35,"msg_id":32}}
[INSIDE BROADCAST LOOP]
[BROADCAST REQUEST] {"id":0,"src":"n4","dest":"n1","body":{"type":"broadcast","message":"6","msg_id":32}}
[BROADCAST REQUEST] {"id":0,"src":"n4","dest":"n5","body":{"type":"broadcast","message":"6","msg_id":32}}
[RECEIVED] {"id":201,"src":"n1","dest":"n4","body":{"type":"broadcast_ok","in_reply_to":32,"msg_id":38}}
[RECEIVED] {"id":203,"src":"n5","dest":"n4","body":{"type":"broadcast_ok","in_reply_to":32,"msg_id":34}}
[MATCH] UnknownBody
[MATCH] UnknownBody
[RECEIVED] {"id":209,"src":"n5","dest":"n4","body":{"type":"broadcast","message":"6","msg_id":33}}
[RECEIVED] {"id":210,"src":"n5","dest":"n4","body":{"type":"broadcast","message":"6","msg_id":34}}
[MATCH] BroadcastBody
[MATCH] BroadcastBody
[BROADCAST RESPONSE] {"src":"n4","dest":"n5","body":{"type":"broadcast_ok","in_reply_to":33,"msg_id":35}}
[BROADCAST RESPONSE] {"src":"n4","dest":"n5","body":{"type":"broadcast_ok","in_reply_to":34,"msg_id":36}}
[RECEIVED] {"id":228,"src":"n5","dest":"n4","body":{"type":"broadcast","message":"7","msg_id":39}}
[RECEIVED] {"id":229,"src":"n1","dest":"n4","body":{"type":"broadcast","message":"7","msg_id":40}}
[MATCH] BroadcastBody
[MATCH] BroadcastBody
[BROADCAST RESPONSE] {"src":"n4","dest":"n5","body":{"type":"broadcast_ok","in_reply_to":39,"msg_id":37}}
[BROADCAST RESPONSE] {"src":"n4","dest":"n1","body":{"type":"broadcast_ok","in_reply_to":40,"msg_id":38}}
[INSIDE BROADCAST LOOP]
[INSIDE BROADCAST LOOP]
[BROADCAST REQUEST] {"id":0,"src":"n4","dest":"n1","body":{"type":"broadcast","message":"7","msg_id":37}}
[BROADCAST REQUEST] {"id":0,"src":"n4","dest":"n1","body":{"type":"broadcast","message":"7","msg_id":38}}
[BROADCAST REQUEST] {"id":0,"src":"n4","dest":"n5","body":{"type":"broadcast","message":"7","msg_id":37}}
[BROADCAST REQUEST] {"id":0,"src":"n4","dest":"n5","body":{"type":"broadcast","message":"7","msg_id":38}}
[RECEIVED] {"id":240,"src":"n5","dest":"n4","body":{"type":"broadcast_ok","in_reply_to":37,"msg_id":42}}
[RECEIVED] {"id":241,"src":"n5","dest":"n4","body":{"type":"broadcast_ok","in_reply_to":38,"msg_id":43}}
[MATCH] UnknownBody
[MATCH] UnknownBody
[RECEIVED] {"id":242,"src":"n1","dest":"n4","body":{"type":"broadcast_ok","in_reply_to":37,"msg_id":43}}
[MATCH] UnknownBody
[RECEIVED] {"id":243,"src":"n1","dest":"n4","body":{"type":"broadcast_ok","in_reply_to":38,"msg_id":44}}
[MATCH] UnknownBody
[RECEIVED] {"id":244,"src":"c13","dest":"n4","body":{"type":"read","msg_id":3}}
[MATCH] ReadBody
[READ RESPONSE] {"src":"n4","dest":"c13","body":{"type":"read_ok","messages":["7","7","6","6","6","5","5","5","4","4","4","3","3","2","2","2","1","1","0","0","0"],"in_reply_to":3,"msg_id":43}}
[RECEIVED] {"id":249,"src":"n5","dest":"n4","body":{"type":"broadcast","message":"8","msg_id":44}}
[MATCH] BroadcastBody
[BROADCAST RESPONSE] {"src":"n4","dest":"n5","body":{"type":"broadcast_ok","in_reply_to":44,"msg_id":44}}
[INSIDE BROADCAST LOOP]
[BROADCAST REQUEST] {"id":0,"src":"n4","dest":"n1","body":{"type":"broadcast","message":"8","msg_id":44}}
[BROADCAST REQUEST] {"id":0,"src":"n4","dest":"n5","body":{"type":"broadcast","message":"8","msg_id":44}}
[RECEIVED] {"id":257,"src":"n1","dest":"n4","body":{"type":"broadcast_ok","in_reply_to":44,"msg_id":45}}
[MATCH] UnknownBody
[RECEIVED] {"id":262,"src":"n1","dest":"n4","body":{"type":"broadcast","message":"8","msg_id":45}}
[MATCH] BroadcastBody
[BROADCAST RESPONSE] {"src":"n4","dest":"n1","body":{"type":"broadcast_ok","in_reply_to":45,"msg_id":46}}
[RECEIVED] {"id":264,"src":"n1","dest":"n4","body":{"type":"broadcast","message":"8","msg_id":46}}
[MATCH] BroadcastBody
[RECEIVED] {"id":266,"src":"n5","dest":"n4","body":{"type":"broadcast_ok","in_reply_to":44,"msg_id":48}}
[BROADCAST RESPONSE] {"src":"n4","dest":"n1","body":{"type":"broadcast_ok","in_reply_to":46,"msg_id":47}}
[MATCH] UnknownBody
[RECEIVED] {"id":286,"src":"n5","dest":"n4","body":{"type":"broadcast","message":"9","msg_id":49}}
[RECEIVED] {"id":287,"src":"n1","dest":"n4","body":{"type":"broadcast","message":"9","msg_id":53}}
[MATCH] BroadcastBody
[MATCH] BroadcastBody
[BROADCAST RESPONSE] {"src":"n4","dest":"n5","body":{"type":"broadcast_ok","in_reply_to":49,"msg_id":49}}
[BROADCAST RESPONSE] {"src":"n4","dest":"n1","body":{"type":"broadcast_ok","in_reply_to":53,"msg_id":50}}
[INSIDE BROADCAST LOOP]
[INSIDE BROADCAST LOOP]
[BROADCAST REQUEST] {"id":0,"src":"n4","dest":"n1","body":{"type":"broadcast","message":"9","msg_id":49}}
[BROADCAST REQUEST] {"id":0,"src":"n4","dest":"n1","body":{"type":"broadcast","message":"9","msg_id":50}}
[BROADCAST REQUEST] {"id":0,"src":"n4","dest":"n5","body":{"type":"broadcast","message":"9","msg_id":49}}
[BROADCAST REQUEST] {"id":0,"src":"n4","dest":"n5","body":{"type":"broadcast","message":"9","msg_id":50}}
[RECEIVED] {"id":298,"src":"n1","dest":"n4","body":{"type":"broadcast_ok","in_reply_to":49,"msg_id":56}}
[RECEIVED] {"id":299,"src":"n1","dest":"n4","body":{"type":"broadcast_ok","in_reply_to":50,"msg_id":57}}
[MATCH] UnknownBody
[MATCH] UnknownBody
[RECEIVED] {"id":300,"src":"n5","dest":"n4","body":{"type":"broadcast_ok","in_reply_to":49,"msg_id":52}}
[RECEIVED] {"id":301,"src":"n5","dest":"n4","body":{"type":"broadcast_ok","in_reply_to":50,"msg_id":53}}
[MATCH] UnknownBody
[MATCH] UnknownBody
[RECEIVED] {"id":313,"src":"n5","dest":"n4","body":{"type":"broadcast","message":"10","msg_id":54}}
[MATCH] BroadcastBody
[RECEIVED] {"id":314,"src":"n1","dest":"n4","body":{"type":"broadcast","message":"10","msg_id":58}}
[BROADCAST RESPONSE] {"src":"n4","dest":"n5","body":{"type":"broadcast_ok","in_reply_to":54,"msg_id":55}}
[MATCH] BroadcastBody
[BROADCAST RESPONSE] {"src":"n4","dest":"n1","body":{"type":"broadcast_ok","in_reply_to":58,"msg_id":56}}
[INSIDE BROADCAST LOOP]
[BROADCAST REQUEST] {"id":0,"src":"n4","dest":"n1","body":{"type":"broadcast","message":"10","msg_id":55}}
[INSIDE BROADCAST LOOP]
[BROADCAST REQUEST] {"id":0,"src":"n4","dest":"n1","body":{"type":"broadcast","message":"10","msg_id":56}}
[BROADCAST REQUEST] {"id":0,"src":"n4","dest":"n5","body":{"type":"broadcast","message":"10","msg_id":55}}
[BROADCAST REQUEST] {"id":0,"src":"n4","dest":"n5","body":{"type":"broadcast","message":"10","msg_id":56}}
[RECEIVED] {"id":323,"src":"n1","dest":"n4","body":{"type":"broadcast_ok","in_reply_to":55,"msg_id":60}}
[MATCH] UnknownBody
[RECEIVED] {"id":325,"src":"n1","dest":"n4","body":{"type":"broadcast_ok","in_reply_to":56,"msg_id":61}}
[RECEIVED] {"id":326,"src":"n5","dest":"n4","body":{"type":"broadcast_ok","in_reply_to":55,"msg_id":57}}
[RECEIVED] {"id":327,"src":"n5","dest":"n4","body":{"type":"broadcast_ok","in_reply_to":56,"msg_id":58}}
[MATCH] UnknownBody
[MATCH] UnknownBody
[MATCH] UnknownBody
[RECEIVED] {"id":328,"src":"c13","dest":"n4","body":{"type":"broadcast","message":11,"msg_id":4}}
[MATCH] BroadcastBody
[BROADCAST RESPONSE] {"src":"n4","dest":"c13","body":{"type":"broadcast_ok","in_reply_to":4,"msg_id":61}}
[INSIDE BROADCAST LOOP]
[BROADCAST REQUEST] {"id":0,"src":"n4","dest":"n1","body":{"type":"broadcast","message":"11","msg_id":61}}
[BROADCAST REQUEST] {"id":0,"src":"n4","dest":"n5","body":{"type":"broadcast","message":"11","msg_id":61}}
[RECEIVED] {"id":332,"src":"n1","dest":"n4","body":{"type":"broadcast_ok","in_reply_to":61,"msg_id":63}}
[RECEIVED] {"id":333,"src":"n5","dest":"n4","body":{"type":"broadcast_ok","in_reply_to":61,"msg_id":59}}
[MATCH] UnknownBody
[MATCH] UnknownBody
[RECEIVED] {"id":334,"src":"n1","dest":"n4","body":{"type":"broadcast","message":"11","msg_id":63}}
[MATCH] BroadcastBody
[BROADCAST RESPONSE] {"src":"n4","dest":"n1","body":{"type":"broadcast_ok","in_reply_to":63,"msg_id":64}}
[RECEIVED] {"id":337,"src":"n5","dest":"n4","body":{"type":"broadcast","message":"11","msg_id":59}}
[MATCH] BroadcastBody
[BROADCAST RESPONSE] {"src":"n4","dest":"n5","body":{"type":"broadcast_ok","in_reply_to":59,"msg_id":65}}
[RECEIVED] {"id":361,"src":"n5","dest":"n4","body":{"type":"broadcast","message":"12","msg_id":64}}
[MATCH] BroadcastBody
[BROADCAST RESPONSE] {"src":"n4","dest":"n5","body":{"type":"broadcast_ok","in_reply_to":64,"msg_id":66}}
[INSIDE BROADCAST LOOP]
[BROADCAST REQUEST] {"id":0,"src":"n4","dest":"n1","body":{"type":"broadcast","message":"12","msg_id":66}}
[BROADCAST REQUEST] {"id":0,"src":"n4","dest":"n5","body":{"type":"broadcast","message":"12","msg_id":66}}
[RECEIVED] {"id":370,"src":"n1","dest":"n4","body":{"type":"broadcast_ok","in_reply_to":66,"msg_id":68}}
[RECEIVED] {"id":371,"src":"n5","dest":"n4","body":{"type":"broadcast_ok","in_reply_to":66,"msg_id":68}}
[MATCH] UnknownBody
[MATCH] UnknownBody
[RECEIVED] {"id":374,"src":"n1","dest":"n4","body":{"type":"broadcast","message":"12","msg_id":68}}
[RECEIVED] {"id":377,"src":"n1","dest":"n4","body":{"type":"broadcast","message":"12","msg_id":69}}
[MATCH] BroadcastBody
[MATCH] BroadcastBody
[BROADCAST RESPONSE] {"src":"n4","dest":"n1","body":{"type":"broadcast_ok","in_reply_to":68,"msg_id":69}}
[BROADCAST RESPONSE] {"src":"n4","dest":"n1","body":{"type":"broadcast_ok","in_reply_to":69,"msg_id":70}}
[RECEIVED] {"id":386,"src":"n1","dest":"n4","body":{"type":"broadcast","message":"13","msg_id":74}}
[MATCH] BroadcastBody
[BROADCAST RESPONSE] {"src":"n4","dest":"n1","body":{"type":"broadcast_ok","in_reply_to":74,"msg_id":71}}
[INSIDE BROADCAST LOOP]
[BROADCAST REQUEST] {"id":0,"src":"n4","dest":"n1","body":{"type":"broadcast","message":"13","msg_id":71}}
[BROADCAST REQUEST] {"id":0,"src":"n4","dest":"n5","body":{"type":"broadcast","message":"13","msg_id":71}}
[RECEIVED] {"id":396,"src":"n1","dest":"n4","body":{"type":"broadcast_ok","in_reply_to":71,"msg_id":77}}
[MATCH] UnknownBody
[RECEIVED] {"id":397,"src":"n5","dest":"n4","body":{"type":"broadcast_ok","in_reply_to":71,"msg_id":70}}
[MATCH] UnknownBody
[RECEIVED] {"id":401,"src":"n5","dest":"n4","body":{"type":"broadcast","message":"13","msg_id":69}}
[MATCH] BroadcastBody
[RECEIVED] {"id":404,"src":"n5","dest":"n4","body":{"type":"broadcast","message":"13","msg_id":70}}
[BROADCAST RESPONSE] {"src":"n4","dest":"n5","body":{"type":"broadcast_ok","in_reply_to":69,"msg_id":74}}
[MATCH] BroadcastBody
[BROADCAST RESPONSE] {"src":"n4","dest":"n5","body":{"type":"broadcast_ok","in_reply_to":70,"msg_id":75}}
[RECEIVED] {"id":414,"src":"c13","dest":"n4","body":{"type":"read","msg_id":5}}
[MATCH] ReadBody
[READ RESPONSE] {"src":"n4","dest":"c13","body":{"type":"read_ok","messages":["13","13","13","12","12","12","11","11","11","10","10","9","9","8","8","8","7","7","6","6","6","5","5","5","4","4","4","3","3","2","2","2","1","1","0","0","0"],"in_reply_to":5,"msg_id":76}}
