2025-05-30 15:53:11,631{GMT}	INFO	[jepsen test runner] jepsen.core: Test version 0e5019a1861d5fae32c5000f15976477045df591 (plus uncommitted changes)
2025-05-30 15:53:11,632{GMT}	INFO	[jepsen test runner] jepsen.core: Command line:
lein run test -w echo --bin self/server/_build/default/bin/main.exe --time-limit 5
2025-05-30 15:53:11,661{GMT}	INFO	[jepsen test runner] jepsen.core: Running test:
{:args []
 :remote
 #jepsen.control.retry.Remote{:remote #jepsen.control.scp.Remote{:cmd-remote #jepsen.control.sshj.SSHJRemote{:concurrency-limit 6,
                                                                                                             :conn-spec nil,
                                                                                                             :client nil,
                                                                                                             :semaphore nil},
                                                                 :conn-spec nil},
                              :conn nil}
 :log-net-send false
 :node-count nil
 :availability nil
 :max-txn-length 4
 :concurrency 5
 :db
 #object[maelstrom.db$db$reify__16612
         "0x5c4f07c1"
         "maelstrom.db$db$reify__16612@5c4f07c1"]
 :max-writes-per-key 16
 :leave-db-running? false
 :name "echo"
 :logging-json? false
 :start-time
 #object[org.joda.time.DateTime "0x219aab91" "2025-05-30T15:53:11.602-04:00"]
 :nemesis-interval 10
 :net
 #object[maelstrom.net$jepsen_net$reify__15721
         "0x71737478"
         "maelstrom.net$jepsen_net$reify__15721@71737478"]
 :client
 #object[maelstrom.workload.echo$client$reify__17402
         "0x64001530"
         "maelstrom.workload.echo$client$reify__17402@64001530"]
 :barrier
 #object[java.util.concurrent.CyclicBarrier
         "0x1f9b8c23"
         "java.util.concurrent.CyclicBarrier@1f9b8c23"]
 :log-stderr false
 :pure-generators true
 :ssh {:dummy? true}
 :rate 5
 :checker
 #object[jepsen.checker$compose$reify__11089
         "0x6b297a62"
         "jepsen.checker$compose$reify__11089@6b297a62"]
 :argv
 ("test"
  "-w"
  "echo"
  "--bin"
  "self/server/_build/default/bin/main.exe"
  "--time-limit"
  "5")
 :nemesis
 (jepsen.nemesis.ReflCompose
  {:fm {:start-partition 0,
        :stop-partition 0,
        :kill 1,
        :start 1,
        :pause 1,
        :resume 1},
   :nemeses [#unprintable "jepsen.nemesis.combined$partition_nemesis$reify__16905@11303cb"
             #unprintable "jepsen.nemesis.combined$db_nemesis$reify__16886@655e3f4c"]})
 :nodes ["n1" "n2" "n3" "n4" "n5"]
 :test-count 1
 :latency {:mean 0, :dist :constant}
 :bin "self/server/_build/default/bin/main.exe"
 :generator
 #object[jepsen.util.Forgettable
         "0x6cf58989"
         (jepsen.generator.TimeLimit
          {:limit 5000000000,
           :cutoff nil,
           :gen (jepsen.generator.Any
                 {:gens [(jepsen.generator.OnThreads
                          {:f #{:nemesis},
                           :context-filter #object[jepsen.generator.context$make_thread_filter$lazy_filter__12077
                                                   "0x37a5ac85"
                                                   "jepsen.generator.context$make_thread_filter$lazy_filter__12077@37a5ac85"],
                           :gen nil})
                         (jepsen.generator.OnThreads
                          {:f #jepsen.generator.context.AllBut{:element :nemesis},
                           :context-filter #object[jepsen.generator.context$make_thread_filter$lazy_filter__12077
                                                   "0x5d4f0fd5"
                                                   "jepsen.generator.context$make_thread_filter$lazy_filter__12077@5d4f0fd5"],
                           :gen (jepsen.generator.Stagger
                                 {:dt 400000000,
                                  :next-time nil,
                                  :gen (jepsen.generator.EachThread
                                        {:fresh-gen #object[maelstrom.workload.echo$workload$fn__17421
                                                            "0x2092b072"
                                                            "maelstrom.workload.echo$workload$fn__17421@2092b072"],
                                         :context-filters #object[clojure.core$promise$reify__8621
                                                                  "0x504521ae"
                                                                  {:status :pending,
                                                                   :val nil}],
                                         :gens {}})})})]})})]
 :log-net-recv false
 :os
 #object[maelstrom.net$jepsen_os$reify__15724
         "0x4a9e6ea7"
         "maelstrom.net$jepsen_os$reify__15724@4a9e6ea7"]
 :time-limit 5
 :workload :echo
 :consistency-models [:strict-serializable]
 :topology :grid}

2025-05-30 15:53:12,815{GMT}	INFO	[jepsen node n1] maelstrom.net: Starting Maelstrom network
2025-05-30 15:53:12,816{GMT}	INFO	[jepsen test runner] jepsen.db: Tearing down DB
2025-05-30 15:53:12,818{GMT}	INFO	[jepsen test runner] jepsen.db: Setting up DB
2025-05-30 15:53:12,818{GMT}	INFO	[jepsen node n2] maelstrom.db: Setting up n2
2025-05-30 15:53:12,818{GMT}	INFO	[jepsen node n3] maelstrom.db: Setting up n3
2025-05-30 15:53:12,818{GMT}	INFO	[jepsen node n4] maelstrom.db: Setting up n4
2025-05-30 15:53:12,818{GMT}	INFO	[jepsen node n5] maelstrom.db: Setting up n5
2025-05-30 15:53:12,818{GMT}	INFO	[jepsen node n2] maelstrom.process: launching self/server/_build/default/bin/main.exe []
2025-05-30 15:53:12,818{GMT}	INFO	[jepsen node n3] maelstrom.process: launching self/server/_build/default/bin/main.exe []
2025-05-30 15:53:12,819{GMT}	INFO	[jepsen node n4] maelstrom.process: launching self/server/_build/default/bin/main.exe []
2025-05-30 15:53:12,819{GMT}	INFO	[jepsen node n5] maelstrom.process: launching self/server/_build/default/bin/main.exe []
2025-05-30 15:53:12,820{GMT}	INFO	[jepsen node n1] maelstrom.service: Starting services: (lin-kv lin-tso lww-kv seq-kv)
2025-05-30 15:53:12,822{GMT}	INFO	[jepsen node n1] maelstrom.db: Setting up n1
2025-05-30 15:53:12,823{GMT}	INFO	[jepsen node n1] maelstrom.process: launching self/server/_build/default/bin/main.exe []
2025-05-30 15:53:22,189{GMT}	INFO	[jepsen test runner] jepsen.core: Relative time begins now
2025-05-30 15:53:22,203{GMT}	INFO	[jepsen worker 2] jepsen.util: 2	:invoke	:echo	"Please echo 72"
2025-05-30 15:53:22,207{GMT}	INFO	[jepsen worker 2] jepsen.util: 2	:ok	:echo	{:type "echo_ok", :echo "Please echo 72", :msg_id 1, :in_reply_to 1}
2025-05-30 15:53:22,289{GMT}	INFO	[jepsen worker 3] jepsen.util: 3	:invoke	:echo	"Please echo 95"
2025-05-30 15:53:22,291{GMT}	INFO	[jepsen worker 3] jepsen.util: 3	:ok	:echo	{:type "echo_ok", :echo "Please echo 95", :msg_id 1, :in_reply_to 1}
2025-05-30 15:53:22,343{GMT}	INFO	[jepsen worker 0] jepsen.util: 0	:invoke	:echo	"Please echo 98"
2025-05-30 15:53:22,345{GMT}	INFO	[jepsen worker 0] jepsen.util: 0	:ok	:echo	{:type "echo_ok", :echo "Please echo 98", :msg_id 1, :in_reply_to 1}
2025-05-30 15:53:22,472{GMT}	INFO	[jepsen worker 2] jepsen.util: 2	:invoke	:echo	"Please echo 75"
2025-05-30 15:53:22,806{GMT}	INFO	[jepsen worker 3] jepsen.util: 3	:invoke	:echo	"Please echo 46"
2025-05-30 15:53:22,888{GMT}	INFO	[jepsen worker 4] jepsen.util: 4	:invoke	:echo	"Please echo 74"
2025-05-30 15:53:22,891{GMT}	INFO	[jepsen worker 4] jepsen.util: 4	:ok	:echo	{:type "echo_ok", :echo "Please echo 74", :msg_id 1, :in_reply_to 1}
2025-05-30 15:53:22,936{GMT}	INFO	[jepsen worker 1] jepsen.util: 1	:invoke	:echo	"Please echo 69"
2025-05-30 15:53:22,941{GMT}	INFO	[jepsen worker 1] jepsen.util: 1	:ok	:echo	{:type "echo_ok", :echo "Please echo 69", :msg_id 1, :in_reply_to 1}
2025-05-30 15:53:22,977{GMT}	INFO	[jepsen worker 1] jepsen.util: 1	:invoke	:echo	"Please echo 71"
2025-05-30 15:53:23,192{GMT}	INFO	[jepsen worker 4] jepsen.util: 4	:invoke	:echo	"Please echo 107"
2025-05-30 15:53:23,229{GMT}	INFO	[jepsen worker 0] jepsen.util: 0	:invoke	:echo	"Please echo 117"
2025-05-30 15:53:27,479{GMT}	INFO	[jepsen worker 2] jepsen.util: 2	:info	:echo	"Please echo 75"	:net-timeout
2025-05-30 15:53:27,810{GMT}	INFO	[jepsen worker 3] jepsen.util: 3	:info	:echo	"Please echo 46"	:net-timeout
2025-05-30 15:53:27,982{GMT}	INFO	[jepsen worker 1] jepsen.util: 1	:info	:echo	"Please echo 71"	:net-timeout
2025-05-30 15:53:28,198{GMT}	INFO	[jepsen worker 4] jepsen.util: 4	:info	:echo	"Please echo 107"	:net-timeout
2025-05-30 15:53:28,235{GMT}	INFO	[jepsen worker 0] jepsen.util: 0	:info	:echo	"Please echo 117"	:net-timeout
2025-05-30 15:53:28,252{GMT}	INFO	[jepsen test runner] jepsen.core: Run complete, writing
2025-05-30 15:53:28,297{GMT}	INFO	[jepsen node n1] maelstrom.db: Tearing down n1
2025-05-30 15:53:28,297{GMT}	INFO	[jepsen node n5] maelstrom.db: Tearing down n5
2025-05-30 15:53:28,297{GMT}	INFO	[jepsen node n3] maelstrom.db: Tearing down n3
2025-05-30 15:53:28,297{GMT}	INFO	[jepsen node n4] maelstrom.db: Tearing down n4
2025-05-30 15:53:28,297{GMT}	INFO	[jepsen node n2] maelstrom.db: Tearing down n2
2025-05-30 15:53:28,497{GMT}	INFO	[jepsen node n1] maelstrom.net: Shutting down Maelstrom network
2025-05-30 15:53:28,500{GMT}	WARN	[jepsen test runner] jepsen.core: Test crashed!
clojure.lang.ExceptionInfo: Node n3 crashed with exit status 0. Before crashing, it wrote to STDOUT:

{"src":"n3","dest":"c1","body":{"type":"init_ok","in_reply_to":1,"msg_id":0}}
{"src":"n3","dest":"c10","body":{"type":"echo_ok","echo":"Please echo 72","msg_id":1,"in_reply_to":1}}

And to STDERR:

[INFO] Entering main loop
[RECEIVED] {"id":1,"src":"c1","dest":"n3","body":{"type":"init","node_id":"n3","node_ids":["n1","n2","n3","n4","n5"],"msg_id":1}}
DEBUG: request_body_of_yojson got: {"type":"init","node_id":"n3","node_ids":["n1","n2","n3","n4","n5"],"msg_id":1}
Initialized node n3
Init send {"src":"n3","dest":"c1","body":{"type":"init_ok","in_reply_to":1,"msg_id":0}}
[RECEIVED] {"id":10,"src":"c10","dest":"n3","body":{"echo":"Please echo 72","type":"echo","msg_id":1}}
DEBUG: request_body_of_yojson got: {"echo":"Please echo 72","type":"echo","msg_id":1}
Echoing {"src":"n3","dest":"c10","body":{"type":"echo_ok","echo":"Please echo 72","msg_id":1,"in_reply_to":1}}

Full STDERR logs are available in /Users/adr/code/maelstrom/store/echo/20250530T155311.602-0400/node-logs/n3.log
	at slingshot.support$stack_trace.invoke(support.clj:201)
	at maelstrom.process$stop_node_BANG_.invokeStatic(process.clj:239)
	at maelstrom.process$stop_node_BANG_.invoke(process.clj:217)
	at maelstrom.db$db$reify__16612.teardown_BANG_(db.clj:75)
	at jepsen.db$fn__11629$G__11610__11633.invoke(db.clj:12)
	at jepsen.db$fn__11629$G__11609__11638.invoke(db.clj:12)
	at clojure.core$partial$fn__5927.invoke(core.clj:2642)
	at jepsen.control$on_nodes$fn__9552.invoke(control.clj:319)
	at clojure.lang.AFn.applyToHelper(AFn.java:154)
	at clojure.lang.AFn.applyTo(AFn.java:144)
	at clojure.core$apply.invokeStatic(core.clj:667)
	at clojure.core$with_bindings_STAR_.invokeStatic(core.clj:1990)
	at clojure.core$with_bindings_STAR_.doInvoke(core.clj:1990)
	at clojure.lang.RestFn.applyTo(RestFn.java:145)
	at clojure.core$apply.invokeStatic(core.clj:671)
	at clojure.core$bound_fn_STAR_$fn__5837.doInvoke(core.clj:2020)
	at clojure.lang.RestFn.invoke(RestFn.java:411)
	at dom_top.core$real_pmap_helper$build_thread__730$fn__731.invoke(core.clj:163)
	at clojure.lang.AFn.applyToHelper(AFn.java:152)
	at clojure.lang.AFn.applyTo(AFn.java:144)
	at clojure.core$apply.invokeStatic(core.clj:667)
	at clojure.core$with_bindings_STAR_.invokeStatic(core.clj:1990)
	at clojure.core$with_bindings_STAR_.doInvoke(core.clj:1990)
	at clojure.lang.RestFn.invoke(RestFn.java:428)
	at clojure.lang.AFn.applyToHelper(AFn.java:156)
	at clojure.lang.RestFn.applyTo(RestFn.java:135)
	at clojure.core$apply.invokeStatic(core.clj:671)
	at clojure.core$bound_fn_STAR_$fn__5837.doInvoke(core.clj:2020)
	at clojure.lang.RestFn.invoke(RestFn.java:400)
	at clojure.lang.AFn.run(AFn.java:22)
	at java.base/java.lang.Thread.run(Thread.java:1583)
