[RECEIVED] {"id":0,"src":"c0","dest":"n1","body":{"type":"init","node_id":"n1","node_ids":["n1","n2","n3","n4","n5"],"msg_id":1}}
[MATCH INIT]
[INIT_OK] {"src":"n1","dest":"c0","body":{"type":"init_ok","in_reply_to":1,"msg_id":0}}
[RECEIVED] {"id":10,"src":"c10","dest":"n1","body":{"type":"generate","msg_id":1}}
[MATCH GENERATE]
[GENERATE_OK] {"src":"n1","dest":"c10","body":{"type":"generate_ok","in_reply_to":1,"msg_id":0,"id":"n10"}}
[RECEIVED] {"id":20,"src":"c10","dest":"n1","body":{"type":"generate","msg_id":2}}
[MATCH GENERATE]
[GENERATE_OK] {"src":"n1","dest":"c10","body":{"type":"generate_ok","in_reply_to":2,"msg_id":0,"id":"n10"}}
[RECEIVED] {"id":22,"src":"c10","dest":"n1","body":{"type":"generate","msg_id":3}}
[MATCH GENERATE]
[GENERATE_OK] {"src":"n1","dest":"c10","body":{"type":"generate_ok","in_reply_to":3,"msg_id":0,"id":"n10"}}
[RECEIVED] {"id":32,"src":"c10","dest":"n1","body":{"type":"generate","msg_id":4}}
[MATCH GENERATE]
[GENERATE_OK] {"src":"n1","dest":"c10","body":{"type":"generate_ok","in_reply_to":4,"msg_id":0,"id":"n10"}}
[RECEIVED] {"id":34,"src":"c10","dest":"n1","body":{"type":"generate","msg_id":5}}
[MATCH GENERATE]
[GENERATE_OK] {"src":"n1","dest":"c10","body":{"type":"generate_ok","in_reply_to":5,"msg_id":0,"id":"n10"}}
[RECEIVED] {"id":44,"src":"c10","dest":"n1","body":{"type":"generate","msg_id":6}}
[MATCH GENERATE]
[GENERATE_OK] {"src":"n1","dest":"c10","body":{"type":"generate_ok","in_reply_to":6,"msg_id":0,"id":"n10"}}
[RECEIVED] {"id":46,"src":"c10","dest":"n1","body":{"type":"generate","msg_id":7}}
[MATCH GENERATE]
[GENERATE_OK] {"src":"n1","dest":"c10","body":{"type":"generate_ok","in_reply_to":7,"msg_id":0,"id":"n10"}}
[RECEIVED] {"id":56,"src":"c10","dest":"n1","body":{"type":"generate","msg_id":8}}
[MATCH GENERATE]
[GENERATE_OK] {"src":"n1","dest":"c10","body":{"type":"generate_ok","in_reply_to":8,"msg_id":0,"id":"n10"}}
[RECEIVED] {"id":58,"src":"c10","dest":"n1","body":{"type":"generate","msg_id":9}}
[MATCH GENERATE]
[GENERATE_OK] {"src":"n1","dest":"c10","body":{"type":"generate_ok","in_reply_to":9,"msg_id":0,"id":"n10"}}
[RECEIVED] {"id":68,"src":"c10","dest":"n1","body":{"type":"generate","msg_id":10}}
[MATCH GENERATE]
[GENERATE_OK] {"src":"n1","dest":"c10","body":{"type":"generate_ok","in_reply_to":10,"msg_id":0,"id":"n10"}}
[RECEIVED] {"id":70,"src":"c10","dest":"n1","body":{"type":"generate","msg_id":11}}
[MATCH GENERATE]
[GENERATE_OK] {"src":"n1","dest":"c10","body":{"type":"generate_ok","in_reply_to":11,"msg_id":0,"id":"n10"}}
[RECEIVED] {"id":80,"src":"c10","dest":"n1","body":{"type":"generate","msg_id":12}}
[MATCH GENERATE]
[GENERATE_OK] {"src":"n1","dest":"c10","body":{"type":"generate_ok","in_reply_to":12,"msg_id":0,"id":"n10"}}
[RECEIVED] {"id":82,"src":"c10","dest":"n1","body":{"type":"generate","msg_id":13}}
[MATCH GENERATE]
[GENERATE_OK] {"src":"n1","dest":"c10","body":{"type":"generate_ok","in_reply_to":13,"msg_id":0,"id":"n10"}}
[RECEIVED] {"id":92,"src":"c10","dest":"n1","body":{"type":"generate","msg_id":14}}
[MATCH GENERATE]
[GENERATE_OK] {"src":"n1","dest":"c10","body":{"type":"generate_ok","in_reply_to":14,"msg_id":0,"id":"n10"}}
[RECEIVED] {"id":94,"src":"c10","dest":"n1","body":{"type":"generate","msg_id":15}}
[MATCH GENERATE]
[GENERATE_OK] {"src":"n1","dest":"c10","body":{"type":"generate_ok","in_reply_to":15,"msg_id":0,"id":"n10"}}
[RECEIVED] {"id":104,"src":"c10","dest":"n1","body":{"type":"generate","msg_id":16}}
[MATCH GENERATE]
[GENERATE_OK] {"src":"n1","dest":"c10","body":{"type":"generate_ok","in_reply_to":16,"msg_id":0,"id":"n10"}}
[RECEIVED] {"id":106,"src":"c10","dest":"n1","body":{"type":"generate","msg_id":17}}
[MATCH GENERATE]
[GENERATE_OK] {"src":"n1","dest":"c10","body":{"type":"generate_ok","in_reply_to":17,"msg_id":0,"id":"n10"}}
[RECEIVED] {"id":116,"src":"c10","dest":"n1","body":{"type":"generate","msg_id":18}}
[MATCH GENERATE]
[GENERATE_OK] {"src":"n1","dest":"c10","body":{"type":"generate_ok","in_reply_to":18,"msg_id":0,"id":"n10"}}
[RECEIVED] {"id":118,"src":"c10","dest":"n1","body":{"type":"generate","msg_id":19}}
[MATCH GENERATE]
[GENERATE_OK] {"src":"n1","dest":"c10","body":{"type":"generate_ok","in_reply_to":19,"msg_id":0,"id":"n10"}}
[RECEIVED] {"id":128,"src":"c10","dest":"n1","body":{"type":"generate","msg_id":20}}
[MATCH GENERATE]
[GENERATE_OK] {"src":"n1","dest":"c10","body":{"type":"generate_ok","in_reply_to":20,"msg_id":0,"id":"n10"}}
[RECEIVED] {"id":130,"src":"c10","dest":"n1","body":{"type":"generate","msg_id":21}}
[MATCH GENERATE]
[GENERATE_OK] {"src":"n1","dest":"c10","body":{"type":"generate_ok","in_reply_to":21,"msg_id":0,"id":"n10"}}
[RECEIVED] {"id":140,"src":"c10","dest":"n1","body":{"type":"generate","msg_id":22}}
[MATCH GENERATE]
[GENERATE_OK] {"src":"n1","dest":"c10","body":{"type":"generate_ok","in_reply_to":22,"msg_id":0,"id":"n10"}}
[RECEIVED] {"id":142,"src":"c10","dest":"n1","body":{"type":"generate","msg_id":23}}
[MATCH GENERATE]
[GENERATE_OK] {"src":"n1","dest":"c10","body":{"type":"generate_ok","in_reply_to":23,"msg_id":0,"id":"n10"}}
[RECEIVED] {"id":152,"src":"c10","dest":"n1","body":{"type":"generate","msg_id":24}}
[MATCH GENERATE]
[GENERATE_OK] {"src":"n1","dest":"c10","body":{"type":"generate_ok","in_reply_to":24,"msg_id":0,"id":"n10"}}
[RECEIVED] {"id":154,"src":"c10","dest":"n1","body":{"type":"generate","msg_id":25}}
[MATCH GENERATE]
[GENERATE_OK] {"src":"n1","dest":"c10","body":{"type":"generate_ok","in_reply_to":25,"msg_id":0,"id":"n10"}}
[RECEIVED] {"id":164,"src":"c10","dest":"n1","body":{"type":"generate","msg_id":26}}
[MATCH GENERATE]
[GENERATE_OK] {"src":"n1","dest":"c10","body":{"type":"generate_ok","in_reply_to":26,"msg_id":0,"id":"n10"}}
[RECEIVED] {"id":166,"src":"c10","dest":"n1","body":{"type":"generate","msg_id":27}}
[MATCH GENERATE]
[GENERATE_OK] {"src":"n1","dest":"c10","body":{"type":"generate_ok","in_reply_to":27,"msg_id":0,"id":"n10"}}
[RECEIVED] {"id":176,"src":"c10","dest":"n1","body":{"type":"generate","msg_id":28}}
[MATCH GENERATE]
[GENERATE_OK] {"src":"n1","dest":"c10","body":{"type":"generate_ok","in_reply_to":28,"msg_id":0,"id":"n10"}}
[RECEIVED] {"id":178,"src":"c10","dest":"n1","body":{"type":"generate","msg_id":29}}
[MATCH GENERATE]
[GENERATE_OK] {"src":"n1","dest":"c10","body":{"type":"generate_ok","in_reply_to":29,"msg_id":0,"id":"n10"}}
[RECEIVED] {"id":188,"src":"c10","dest":"n1","body":{"type":"generate","msg_id":30}}
[MATCH GENERATE]
[GENERATE_OK] {"src":"n1","dest":"c10","body":{"type":"generate_ok","in_reply_to":30,"msg_id":0,"id":"n10"}}
[RECEIVED] {"id":190,"src":"c10","dest":"n1","body":{"type":"generate","msg_id":31}}
[MATCH GENERATE]
[GENERATE_OK] {"src":"n1","dest":"c10","body":{"type":"generate_ok","in_reply_to":31,"msg_id":0,"id":"n10"}}
