[RECEIVED] {"id":3,"src":"c3","dest":"n2","body":{"type":"init","node_id":"n2","node_ids":["n1","n2","n3","n4","n5"],"msg_id":1}}
[MATCH INIT]
[INIT_OK] {"src":"n2","dest":"c3","body":{"type":"init_ok","in_reply_to":1,"msg_id":0}}
[RECEIVED] {"id":12,"src":"c11","dest":"n2","body":{"type":"generate","msg_id":1}}
[MATCH GENERATE]
[GENERATE_OK] {"src":"n2","dest":"c11","body":{"type":"generate_ok","in_reply_to":1,"msg_id":0,"id":"n20"}}
[RECEIVED] {"id":24,"src":"c11","dest":"n2","body":{"type":"generate","msg_id":2}}
[MATCH GENERATE]
[GENERATE_OK] {"src":"n2","dest":"c11","body":{"type":"generate_ok","in_reply_to":2,"msg_id":0,"id":"n20"}}
[RECEIVED] {"id":36,"src":"c11","dest":"n2","body":{"type":"generate","msg_id":3}}
[MATCH GENERATE]
[GENERATE_OK] {"src":"n2","dest":"c11","body":{"type":"generate_ok","in_reply_to":3,"msg_id":0,"id":"n20"}}
[RECEIVED] {"id":48,"src":"c11","dest":"n2","body":{"type":"generate","msg_id":4}}
[MATCH GENERATE]
[GENERATE_OK] {"src":"n2","dest":"c11","body":{"type":"generate_ok","in_reply_to":4,"msg_id":0,"id":"n20"}}
[RECEIVED] {"id":60,"src":"c11","dest":"n2","body":{"type":"generate","msg_id":5}}
[MATCH GENERATE]
[GENERATE_OK] {"src":"n2","dest":"c11","body":{"type":"generate_ok","in_reply_to":5,"msg_id":0,"id":"n20"}}
[RECEIVED] {"id":72,"src":"c11","dest":"n2","body":{"type":"generate","msg_id":6}}
[MATCH GENERATE]
[GENERATE_OK] {"src":"n2","dest":"c11","body":{"type":"generate_ok","in_reply_to":6,"msg_id":0,"id":"n20"}}
[RECEIVED] {"id":84,"src":"c11","dest":"n2","body":{"type":"generate","msg_id":7}}
[MATCH GENERATE]
[GENERATE_OK] {"src":"n2","dest":"c11","body":{"type":"generate_ok","in_reply_to":7,"msg_id":0,"id":"n20"}}
[RECEIVED] {"id":96,"src":"c11","dest":"n2","body":{"type":"generate","msg_id":8}}
[MATCH GENERATE]
[GENERATE_OK] {"src":"n2","dest":"c11","body":{"type":"generate_ok","in_reply_to":8,"msg_id":0,"id":"n20"}}
[RECEIVED] {"id":108,"src":"c11","dest":"n2","body":{"type":"generate","msg_id":9}}
[MATCH GENERATE]
[GENERATE_OK] {"src":"n2","dest":"c11","body":{"type":"generate_ok","in_reply_to":9,"msg_id":0,"id":"n20"}}
[RECEIVED] {"id":120,"src":"c11","dest":"n2","body":{"type":"generate","msg_id":10}}
[MATCH GENERATE]
[GENERATE_OK] {"src":"n2","dest":"c11","body":{"type":"generate_ok","in_reply_to":10,"msg_id":0,"id":"n20"}}
[RECEIVED] {"id":132,"src":"c11","dest":"n2","body":{"type":"generate","msg_id":11}}
[MATCH GENERATE]
[GENERATE_OK] {"src":"n2","dest":"c11","body":{"type":"generate_ok","in_reply_to":11,"msg_id":0,"id":"n20"}}
[RECEIVED] {"id":144,"src":"c11","dest":"n2","body":{"type":"generate","msg_id":12}}
[MATCH GENERATE]
[GENERATE_OK] {"src":"n2","dest":"c11","body":{"type":"generate_ok","in_reply_to":12,"msg_id":0,"id":"n20"}}
[RECEIVED] {"id":156,"src":"c11","dest":"n2","body":{"type":"generate","msg_id":13}}
[MATCH GENERATE]
[GENERATE_OK] {"src":"n2","dest":"c11","body":{"type":"generate_ok","in_reply_to":13,"msg_id":0,"id":"n20"}}
[RECEIVED] {"id":168,"src":"c11","dest":"n2","body":{"type":"generate","msg_id":14}}
[MATCH GENERATE]
[GENERATE_OK] {"src":"n2","dest":"c11","body":{"type":"generate_ok","in_reply_to":14,"msg_id":0,"id":"n20"}}
[RECEIVED] {"id":180,"src":"c11","dest":"n2","body":{"type":"generate","msg_id":15}}
[MATCH GENERATE]
[GENERATE_OK] {"src":"n2","dest":"c11","body":{"type":"generate_ok","in_reply_to":15,"msg_id":0,"id":"n20"}}
[RECEIVED] {"id":192,"src":"c11","dest":"n2","body":{"type":"generate","msg_id":16}}
[MATCH GENERATE]
[GENERATE_OK] {"src":"n2","dest":"c11","body":{"type":"generate_ok","in_reply_to":16,"msg_id":0,"id":"n20"}}
