[RECEIVED] {"id":1,"src":"c1","dest":"n5","body":{"type":"init","node_id":"n5","node_ids":["n1","n2","n3","n4","n5"],"msg_id":1}}
[MATCH INIT]
[INIT_OK] {"src":"n5","dest":"c1","body":{"type":"init_ok","in_reply_to":1,"msg_id":0}}
[RECEIVED] {"id":18,"src":"c14","dest":"n5","body":{"type":"generate","msg_id":1}}
[MATCH GENERATE]
[GENERATE_OK] {"src":"n5","dest":"c14","body":{"type":"generate_ok","in_reply_to":1,"msg_id":0,"id":"n50"}}
[RECEIVED] {"id":30,"src":"c14","dest":"n5","body":{"type":"generate","msg_id":2}}
[MATCH GENERATE]
[GENERATE_OK] {"src":"n5","dest":"c14","body":{"type":"generate_ok","in_reply_to":2,"msg_id":0,"id":"n50"}}
[RECEIVED] {"id":42,"src":"c14","dest":"n5","body":{"type":"generate","msg_id":3}}
[MATCH GENERATE]
[GENERATE_OK] {"src":"n5","dest":"c14","body":{"type":"generate_ok","in_reply_to":3,"msg_id":0,"id":"n50"}}
[RECEIVED] {"id":54,"src":"c14","dest":"n5","body":{"type":"generate","msg_id":4}}
[MATCH GENERATE]
[GENERATE_OK] {"src":"n5","dest":"c14","body":{"type":"generate_ok","in_reply_to":4,"msg_id":0,"id":"n50"}}
[RECEIVED] {"id":66,"src":"c14","dest":"n5","body":{"type":"generate","msg_id":5}}
[MATCH GENERATE]
[GENERATE_OK] {"src":"n5","dest":"c14","body":{"type":"generate_ok","in_reply_to":5,"msg_id":0,"id":"n50"}}
[RECEIVED] {"id":78,"src":"c14","dest":"n5","body":{"type":"generate","msg_id":6}}
[MATCH GENERATE]
[GENERATE_OK] {"src":"n5","dest":"c14","body":{"type":"generate_ok","in_reply_to":6,"msg_id":0,"id":"n50"}}
[RECEIVED] {"id":90,"src":"c14","dest":"n5","body":{"type":"generate","msg_id":7}}
[MATCH GENERATE]
[GENERATE_OK] {"src":"n5","dest":"c14","body":{"type":"generate_ok","in_reply_to":7,"msg_id":0,"id":"n50"}}
[RECEIVED] {"id":102,"src":"c14","dest":"n5","body":{"type":"generate","msg_id":8}}
[MATCH GENERATE]
[GENERATE_OK] {"src":"n5","dest":"c14","body":{"type":"generate_ok","in_reply_to":8,"msg_id":0,"id":"n50"}}
[RECEIVED] {"id":114,"src":"c14","dest":"n5","body":{"type":"generate","msg_id":9}}
[MATCH GENERATE]
[GENERATE_OK] {"src":"n5","dest":"c14","body":{"type":"generate_ok","in_reply_to":9,"msg_id":0,"id":"n50"}}
[RECEIVED] {"id":126,"src":"c14","dest":"n5","body":{"type":"generate","msg_id":10}}
[MATCH GENERATE]
[GENERATE_OK] {"src":"n5","dest":"c14","body":{"type":"generate_ok","in_reply_to":10,"msg_id":0,"id":"n50"}}
[RECEIVED] {"id":138,"src":"c14","dest":"n5","body":{"type":"generate","msg_id":11}}
[MATCH GENERATE]
[GENERATE_OK] {"src":"n5","dest":"c14","body":{"type":"generate_ok","in_reply_to":11,"msg_id":0,"id":"n50"}}
[RECEIVED] {"id":150,"src":"c14","dest":"n5","body":{"type":"generate","msg_id":12}}
[MATCH GENERATE]
[GENERATE_OK] {"src":"n5","dest":"c14","body":{"type":"generate_ok","in_reply_to":12,"msg_id":0,"id":"n50"}}
[RECEIVED] {"id":162,"src":"c14","dest":"n5","body":{"type":"generate","msg_id":13}}
[MATCH GENERATE]
[GENERATE_OK] {"src":"n5","dest":"c14","body":{"type":"generate_ok","in_reply_to":13,"msg_id":0,"id":"n50"}}
[RECEIVED] {"id":174,"src":"c14","dest":"n5","body":{"type":"generate","msg_id":14}}
[MATCH GENERATE]
[GENERATE_OK] {"src":"n5","dest":"c14","body":{"type":"generate_ok","in_reply_to":14,"msg_id":0,"id":"n50"}}
[RECEIVED] {"id":186,"src":"c14","dest":"n5","body":{"type":"generate","msg_id":15}}
[MATCH GENERATE]
[GENERATE_OK] {"src":"n5","dest":"c14","body":{"type":"generate_ok","in_reply_to":15,"msg_id":0,"id":"n50"}}
