[RECEIVED] {"id":2,"src":"c2","dest":"n1","body":{"type":"init","node_id":"n1","node_ids":["n1","n2","n3","n4","n5"],"msg_id":1}}
[MATCH INIT]
[INIT] {"src":"n1","dest":"c2","body":{"type":"init_ok","in_reply_to":1,"msg_id":0}}
[RECEIVED] {"id":10,"src":"c10","dest":"n1","body":{"type":"generate","msg_id":1}}
[MATCH GENERATE]
[GENERATE] {"src":"n1","dest":"c10","body":{"type":"generate_ok","in_reply_to":1,"msg_id":1,"id":"n11"}}
[RECEIVED] {"id":20,"src":"c10","dest":"n1","body":{"type":"generate","msg_id":2}}
[MATCH GENERATE]
[GENERATE] {"src":"n1","dest":"c10","body":{"type":"generate_ok","in_reply_to":2,"msg_id":2,"id":"n12"}}
[RECEIVED] {"id":22,"src":"c10","dest":"n1","body":{"type":"generate","msg_id":3}}
[MATCH GENERATE]
[GENERATE] {"src":"n1","dest":"c10","body":{"type":"generate_ok","in_reply_to":3,"msg_id":3,"id":"n13"}}
[RECEIVED] {"id":32,"src":"c10","dest":"n1","body":{"type":"generate","msg_id":4}}
[MATCH GENERATE]
[GENERATE] {"src":"n1","dest":"c10","body":{"type":"generate_ok","in_reply_to":4,"msg_id":4,"id":"n14"}}
[RECEIVED] {"id":34,"src":"c10","dest":"n1","body":{"type":"generate","msg_id":5}}
[MATCH GENERATE]
[GENERATE] {"src":"n1","dest":"c10","body":{"type":"generate_ok","in_reply_to":5,"msg_id":5,"id":"n15"}}
[RECEIVED] {"id":44,"src":"c10","dest":"n1","body":{"type":"generate","msg_id":6}}
[MATCH GENERATE]
[GENERATE] {"src":"n1","dest":"c10","body":{"type":"generate_ok","in_reply_to":6,"msg_id":6,"id":"n16"}}
[RECEIVED] {"id":46,"src":"c10","dest":"n1","body":{"type":"generate","msg_id":7}}
[MATCH GENERATE]
[GENERATE] {"src":"n1","dest":"c10","body":{"type":"generate_ok","in_reply_to":7,"msg_id":7,"id":"n17"}}
[RECEIVED] {"id":56,"src":"c10","dest":"n1","body":{"type":"generate","msg_id":8}}
[MATCH GENERATE]
[GENERATE] {"src":"n1","dest":"c10","body":{"type":"generate_ok","in_reply_to":8,"msg_id":8,"id":"n18"}}
[RECEIVED] {"id":58,"src":"c10","dest":"n1","body":{"type":"generate","msg_id":9}}
[MATCH GENERATE]
[GENERATE] {"src":"n1","dest":"c10","body":{"type":"generate_ok","in_reply_to":9,"msg_id":9,"id":"n19"}}
[RECEIVED] {"id":68,"src":"c10","dest":"n1","body":{"type":"generate","msg_id":10}}
[MATCH GENERATE]
[GENERATE] {"src":"n1","dest":"c10","body":{"type":"generate_ok","in_reply_to":10,"msg_id":10,"id":"n110"}}
[RECEIVED] {"id":70,"src":"c10","dest":"n1","body":{"type":"generate","msg_id":11}}
[MATCH GENERATE]
[GENERATE] {"src":"n1","dest":"c10","body":{"type":"generate_ok","in_reply_to":11,"msg_id":11,"id":"n111"}}
[RECEIVED] {"id":80,"src":"c10","dest":"n1","body":{"type":"generate","msg_id":12}}
[MATCH GENERATE]
[GENERATE] {"src":"n1","dest":"c10","body":{"type":"generate_ok","in_reply_to":12,"msg_id":12,"id":"n112"}}
[RECEIVED] {"id":82,"src":"c10","dest":"n1","body":{"type":"generate","msg_id":13}}
[MATCH GENERATE]
[GENERATE] {"src":"n1","dest":"c10","body":{"type":"generate_ok","in_reply_to":13,"msg_id":13,"id":"n113"}}
[RECEIVED] {"id":92,"src":"c10","dest":"n1","body":{"type":"generate","msg_id":14}}
[MATCH GENERATE]
[GENERATE] {"src":"n1","dest":"c10","body":{"type":"generate_ok","in_reply_to":14,"msg_id":14,"id":"n114"}}
[RECEIVED] {"id":94,"src":"c10","dest":"n1","body":{"type":"generate","msg_id":15}}
[MATCH GENERATE]
[GENERATE] {"src":"n1","dest":"c10","body":{"type":"generate_ok","in_reply_to":15,"msg_id":15,"id":"n115"}}
[RECEIVED] {"id":104,"src":"c10","dest":"n1","body":{"type":"generate","msg_id":16}}
[MATCH GENERATE]
[GENERATE] {"src":"n1","dest":"c10","body":{"type":"generate_ok","in_reply_to":16,"msg_id":16,"id":"n116"}}
[RECEIVED] {"id":106,"src":"c10","dest":"n1","body":{"type":"generate","msg_id":17}}
[MATCH GENERATE]
[GENERATE] {"src":"n1","dest":"c10","body":{"type":"generate_ok","in_reply_to":17,"msg_id":17,"id":"n117"}}
[RECEIVED] {"id":116,"src":"c10","dest":"n1","body":{"type":"generate","msg_id":18}}
[MATCH GENERATE]
[GENERATE] {"src":"n1","dest":"c10","body":{"type":"generate_ok","in_reply_to":18,"msg_id":18,"id":"n118"}}
[RECEIVED] {"id":118,"src":"c10","dest":"n1","body":{"type":"generate","msg_id":19}}
[MATCH GENERATE]
[GENERATE] {"src":"n1","dest":"c10","body":{"type":"generate_ok","in_reply_to":19,"msg_id":19,"id":"n119"}}
[RECEIVED] {"id":128,"src":"c10","dest":"n1","body":{"type":"generate","msg_id":20}}
[MATCH GENERATE]
[GENERATE] {"src":"n1","dest":"c10","body":{"type":"generate_ok","in_reply_to":20,"msg_id":20,"id":"n120"}}
[RECEIVED] {"id":130,"src":"c10","dest":"n1","body":{"type":"generate","msg_id":21}}
[MATCH GENERATE]
[GENERATE] {"src":"n1","dest":"c10","body":{"type":"generate_ok","in_reply_to":21,"msg_id":21,"id":"n121"}}
[RECEIVED] {"id":140,"src":"c10","dest":"n1","body":{"type":"generate","msg_id":22}}
[MATCH GENERATE]
[GENERATE] {"src":"n1","dest":"c10","body":{"type":"generate_ok","in_reply_to":22,"msg_id":22,"id":"n122"}}
[RECEIVED] {"id":142,"src":"c10","dest":"n1","body":{"type":"generate","msg_id":23}}
[MATCH GENERATE]
[GENERATE] {"src":"n1","dest":"c10","body":{"type":"generate_ok","in_reply_to":23,"msg_id":23,"id":"n123"}}
[RECEIVED] {"id":152,"src":"c10","dest":"n1","body":{"type":"generate","msg_id":24}}
[MATCH GENERATE]
[GENERATE] {"src":"n1","dest":"c10","body":{"type":"generate_ok","in_reply_to":24,"msg_id":24,"id":"n124"}}
[RECEIVED] {"id":154,"src":"c10","dest":"n1","body":{"type":"generate","msg_id":25}}
[MATCH GENERATE]
[GENERATE] {"src":"n1","dest":"c10","body":{"type":"generate_ok","in_reply_to":25,"msg_id":25,"id":"n125"}}
[RECEIVED] {"id":164,"src":"c10","dest":"n1","body":{"type":"generate","msg_id":26}}
[MATCH GENERATE]
[GENERATE] {"src":"n1","dest":"c10","body":{"type":"generate_ok","in_reply_to":26,"msg_id":26,"id":"n126"}}
[RECEIVED] {"id":166,"src":"c10","dest":"n1","body":{"type":"generate","msg_id":27}}
[MATCH GENERATE]
[GENERATE] {"src":"n1","dest":"c10","body":{"type":"generate_ok","in_reply_to":27,"msg_id":27,"id":"n127"}}
[RECEIVED] {"id":176,"src":"c10","dest":"n1","body":{"type":"generate","msg_id":28}}
[MATCH GENERATE]
[GENERATE] {"src":"n1","dest":"c10","body":{"type":"generate_ok","in_reply_to":28,"msg_id":28,"id":"n128"}}
[RECEIVED] {"id":178,"src":"c10","dest":"n1","body":{"type":"generate","msg_id":29}}
[MATCH GENERATE]
[GENERATE] {"src":"n1","dest":"c10","body":{"type":"generate_ok","in_reply_to":29,"msg_id":29,"id":"n129"}}
[RECEIVED] {"id":188,"src":"c10","dest":"n1","body":{"type":"generate","msg_id":30}}
[MATCH GENERATE]
[GENERATE] {"src":"n1","dest":"c10","body":{"type":"generate_ok","in_reply_to":30,"msg_id":30,"id":"n130"}}
[RECEIVED] {"id":190,"src":"c10","dest":"n1","body":{"type":"generate","msg_id":31}}
[MATCH GENERATE]
[GENERATE] {"src":"n1","dest":"c10","body":{"type":"generate_ok","in_reply_to":31,"msg_id":31,"id":"n131"}}
[RECEIVED] {"id":200,"src":"c10","dest":"n1","body":{"type":"generate","msg_id":32}}
[MATCH GENERATE]
[GENERATE] {"src":"n1","dest":"c10","body":{"type":"generate_ok","in_reply_to":32,"msg_id":32,"id":"n132"}}
[RECEIVED] {"id":202,"src":"c10","dest":"n1","body":{"type":"generate","msg_id":33}}
[MATCH GENERATE]
[GENERATE] {"src":"n1","dest":"c10","body":{"type":"generate_ok","in_reply_to":33,"msg_id":33,"id":"n133"}}
[RECEIVED] {"id":212,"src":"c10","dest":"n1","body":{"type":"generate","msg_id":34}}
[MATCH GENERATE]
[GENERATE] {"src":"n1","dest":"c10","body":{"type":"generate_ok","in_reply_to":34,"msg_id":34,"id":"n134"}}
[RECEIVED] {"id":214,"src":"c10","dest":"n1","body":{"type":"generate","msg_id":35}}
[MATCH GENERATE]
[GENERATE] {"src":"n1","dest":"c10","body":{"type":"generate_ok","in_reply_to":35,"msg_id":35,"id":"n135"}}
[RECEIVED] {"id":224,"src":"c10","dest":"n1","body":{"type":"generate","msg_id":36}}
[MATCH GENERATE]
[GENERATE] {"src":"n1","dest":"c10","body":{"type":"generate_ok","in_reply_to":36,"msg_id":36,"id":"n136"}}
[RECEIVED] {"id":226,"src":"c10","dest":"n1","body":{"type":"generate","msg_id":37}}
[MATCH GENERATE]
[GENERATE] {"src":"n1","dest":"c10","body":{"type":"generate_ok","in_reply_to":37,"msg_id":37,"id":"n137"}}
[RECEIVED] {"id":236,"src":"c10","dest":"n1","body":{"type":"generate","msg_id":38}}
[MATCH GENERATE]
[GENERATE] {"src":"n1","dest":"c10","body":{"type":"generate_ok","in_reply_to":38,"msg_id":38,"id":"n138"}}
[RECEIVED] {"id":238,"src":"c10","dest":"n1","body":{"type":"generate","msg_id":39}}
[MATCH GENERATE]
[GENERATE] {"src":"n1","dest":"c10","body":{"type":"generate_ok","in_reply_to":39,"msg_id":39,"id":"n139"}}
[RECEIVED] {"id":248,"src":"c10","dest":"n1","body":{"type":"generate","msg_id":40}}
[MATCH GENERATE]
[GENERATE] {"src":"n1","dest":"c10","body":{"type":"generate_ok","in_reply_to":40,"msg_id":40,"id":"n140"}}
[RECEIVED] {"id":250,"src":"c10","dest":"n1","body":{"type":"generate","msg_id":41}}
[MATCH GENERATE]
[GENERATE] {"src":"n1","dest":"c10","body":{"type":"generate_ok","in_reply_to":41,"msg_id":41,"id":"n141"}}
[RECEIVED] {"id":260,"src":"c10","dest":"n1","body":{"type":"generate","msg_id":42}}
[MATCH GENERATE]
[GENERATE] {"src":"n1","dest":"c10","body":{"type":"generate_ok","in_reply_to":42,"msg_id":42,"id":"n142"}}
[RECEIVED] {"id":262,"src":"c10","dest":"n1","body":{"type":"generate","msg_id":43}}
[MATCH GENERATE]
[GENERATE] {"src":"n1","dest":"c10","body":{"type":"generate_ok","in_reply_to":43,"msg_id":43,"id":"n143"}}
[RECEIVED] {"id":272,"src":"c10","dest":"n1","body":{"type":"generate","msg_id":44}}
[MATCH GENERATE]
[GENERATE] {"src":"n1","dest":"c10","body":{"type":"generate_ok","in_reply_to":44,"msg_id":44,"id":"n144"}}
[RECEIVED] {"id":274,"src":"c10","dest":"n1","body":{"type":"generate","msg_id":45}}
[MATCH GENERATE]
[GENERATE] {"src":"n1","dest":"c10","body":{"type":"generate_ok","in_reply_to":45,"msg_id":45,"id":"n145"}}
[RECEIVED] {"id":284,"src":"c10","dest":"n1","body":{"type":"generate","msg_id":46}}
[MATCH GENERATE]
[GENERATE] {"src":"n1","dest":"c10","body":{"type":"generate_ok","in_reply_to":46,"msg_id":46,"id":"n146"}}
[RECEIVED] {"id":286,"src":"c10","dest":"n1","body":{"type":"generate","msg_id":47}}
[MATCH GENERATE]
[GENERATE] {"src":"n1","dest":"c10","body":{"type":"generate_ok","in_reply_to":47,"msg_id":47,"id":"n147"}}
[RECEIVED] {"id":296,"src":"c10","dest":"n1","body":{"type":"generate","msg_id":48}}
[MATCH GENERATE]
[GENERATE] {"src":"n1","dest":"c10","body":{"type":"generate_ok","in_reply_to":48,"msg_id":48,"id":"n148"}}
[RECEIVED] {"id":298,"src":"c10","dest":"n1","body":{"type":"generate","msg_id":49}}
[MATCH GENERATE]
[GENERATE] {"src":"n1","dest":"c10","body":{"type":"generate_ok","in_reply_to":49,"msg_id":49,"id":"n149"}}
[RECEIVED] {"id":308,"src":"c10","dest":"n1","body":{"type":"generate","msg_id":50}}
[MATCH GENERATE]
[GENERATE] {"src":"n1","dest":"c10","body":{"type":"generate_ok","in_reply_to":50,"msg_id":50,"id":"n150"}}
[RECEIVED] {"id":310,"src":"c10","dest":"n1","body":{"type":"generate","msg_id":51}}
[MATCH GENERATE]
[GENERATE] {"src":"n1","dest":"c10","body":{"type":"generate_ok","in_reply_to":51,"msg_id":51,"id":"n151"}}
[RECEIVED] {"id":320,"src":"c10","dest":"n1","body":{"type":"generate","msg_id":52}}
[MATCH GENERATE]
[GENERATE] {"src":"n1","dest":"c10","body":{"type":"generate_ok","in_reply_to":52,"msg_id":52,"id":"n152"}}
[RECEIVED] {"id":322,"src":"c10","dest":"n1","body":{"type":"generate","msg_id":53}}
[MATCH GENERATE]
[GENERATE] {"src":"n1","dest":"c10","body":{"type":"generate_ok","in_reply_to":53,"msg_id":53,"id":"n153"}}
[RECEIVED] {"id":332,"src":"c10","dest":"n1","body":{"type":"generate","msg_id":54}}
[MATCH GENERATE]
[GENERATE] {"src":"n1","dest":"c10","body":{"type":"generate_ok","in_reply_to":54,"msg_id":54,"id":"n154"}}
[RECEIVED] {"id":334,"src":"c10","dest":"n1","body":{"type":"generate","msg_id":55}}
[MATCH GENERATE]
[GENERATE] {"src":"n1","dest":"c10","body":{"type":"generate_ok","in_reply_to":55,"msg_id":55,"id":"n155"}}
[RECEIVED] {"id":344,"src":"c10","dest":"n1","body":{"type":"generate","msg_id":56}}
[MATCH GENERATE]
[GENERATE] {"src":"n1","dest":"c10","body":{"type":"generate_ok","in_reply_to":56,"msg_id":56,"id":"n156"}}
[RECEIVED] {"id":346,"src":"c10","dest":"n1","body":{"type":"generate","msg_id":57}}
[MATCH GENERATE]
[GENERATE] {"src":"n1","dest":"c10","body":{"type":"generate_ok","in_reply_to":57,"msg_id":57,"id":"n157"}}
[RECEIVED] {"id":356,"src":"c10","dest":"n1","body":{"type":"generate","msg_id":58}}
[MATCH GENERATE]
[GENERATE] {"src":"n1","dest":"c10","body":{"type":"generate_ok","in_reply_to":58,"msg_id":58,"id":"n158"}}
[RECEIVED] {"id":358,"src":"c10","dest":"n1","body":{"type":"generate","msg_id":59}}
[MATCH GENERATE]
[GENERATE] {"src":"n1","dest":"c10","body":{"type":"generate_ok","in_reply_to":59,"msg_id":59,"id":"n159"}}
[RECEIVED] {"id":368,"src":"c10","dest":"n1","body":{"type":"generate","msg_id":60}}
[MATCH GENERATE]
[GENERATE] {"src":"n1","dest":"c10","body":{"type":"generate_ok","in_reply_to":60,"msg_id":60,"id":"n160"}}
[RECEIVED] {"id":370,"src":"c10","dest":"n1","body":{"type":"generate","msg_id":61}}
[MATCH GENERATE]
[GENERATE] {"src":"n1","dest":"c10","body":{"type":"generate_ok","in_reply_to":61,"msg_id":61,"id":"n161"}}
[RECEIVED] {"id":380,"src":"c10","dest":"n1","body":{"type":"generate","msg_id":62}}
[MATCH GENERATE]
[GENERATE] {"src":"n1","dest":"c10","body":{"type":"generate_ok","in_reply_to":62,"msg_id":62,"id":"n162"}}
[RECEIVED] {"id":382,"src":"c10","dest":"n1","body":{"type":"generate","msg_id":63}}
[MATCH GENERATE]
[GENERATE] {"src":"n1","dest":"c10","body":{"type":"generate_ok","in_reply_to":63,"msg_id":63,"id":"n163"}}
[RECEIVED] {"id":392,"src":"c10","dest":"n1","body":{"type":"generate","msg_id":64}}
[MATCH GENERATE]
[GENERATE] {"src":"n1","dest":"c10","body":{"type":"generate_ok","in_reply_to":64,"msg_id":64,"id":"n164"}}
