[RECEIVED] {"id":1,"src":"c1","dest":"n2","body":{"type":"init","node_id":"n2","node_ids":["n1","n2","n3","n4","n5"],"msg_id":1}}
[MATCH INIT]
[INIT] {"src":"n2","dest":"c1","body":{"type":"init_ok","in_reply_to":1,"msg_id":0}}
[RECEIVED] {"id":12,"src":"c11","dest":"n2","body":{"type":"generate","msg_id":1}}
[MATCH GENERATE]
[GENERATE] {"src":"n2","dest":"c11","body":{"type":"generate_ok","in_reply_to":1,"msg_id":1,"id":"n21"}}
[RECEIVED] {"id":24,"src":"c11","dest":"n2","body":{"type":"generate","msg_id":2}}
[MATCH GENERATE]
[GENERATE] {"src":"n2","dest":"c11","body":{"type":"generate_ok","in_reply_to":2,"msg_id":2,"id":"n22"}}
[RECEIVED] {"id":36,"src":"c11","dest":"n2","body":{"type":"generate","msg_id":3}}
[MATCH GENERATE]
[GENERATE] {"src":"n2","dest":"c11","body":{"type":"generate_ok","in_reply_to":3,"msg_id":3,"id":"n23"}}
[RECEIVED] {"id":48,"src":"c11","dest":"n2","body":{"type":"generate","msg_id":4}}
[MATCH GENERATE]
[GENERATE] {"src":"n2","dest":"c11","body":{"type":"generate_ok","in_reply_to":4,"msg_id":4,"id":"n24"}}
[RECEIVED] {"id":60,"src":"c11","dest":"n2","body":{"type":"generate","msg_id":5}}
[MATCH GENERATE]
[GENERATE] {"src":"n2","dest":"c11","body":{"type":"generate_ok","in_reply_to":5,"msg_id":5,"id":"n25"}}
[RECEIVED] {"id":72,"src":"c11","dest":"n2","body":{"type":"generate","msg_id":6}}
[MATCH GENERATE]
[GENERATE] {"src":"n2","dest":"c11","body":{"type":"generate_ok","in_reply_to":6,"msg_id":6,"id":"n26"}}
[RECEIVED] {"id":84,"src":"c11","dest":"n2","body":{"type":"generate","msg_id":7}}
[MATCH GENERATE]
[GENERATE] {"src":"n2","dest":"c11","body":{"type":"generate_ok","in_reply_to":7,"msg_id":7,"id":"n27"}}
[RECEIVED] {"id":96,"src":"c11","dest":"n2","body":{"type":"generate","msg_id":8}}
[MATCH GENERATE]
[GENERATE] {"src":"n2","dest":"c11","body":{"type":"generate_ok","in_reply_to":8,"msg_id":8,"id":"n28"}}
[RECEIVED] {"id":108,"src":"c11","dest":"n2","body":{"type":"generate","msg_id":9}}
[MATCH GENERATE]
[GENERATE] {"src":"n2","dest":"c11","body":{"type":"generate_ok","in_reply_to":9,"msg_id":9,"id":"n29"}}
[RECEIVED] {"id":120,"src":"c11","dest":"n2","body":{"type":"generate","msg_id":10}}
[MATCH GENERATE]
[GENERATE] {"src":"n2","dest":"c11","body":{"type":"generate_ok","in_reply_to":10,"msg_id":10,"id":"n210"}}
[RECEIVED] {"id":132,"src":"c11","dest":"n2","body":{"type":"generate","msg_id":11}}
[MATCH GENERATE]
[GENERATE] {"src":"n2","dest":"c11","body":{"type":"generate_ok","in_reply_to":11,"msg_id":11,"id":"n211"}}
[RECEIVED] {"id":144,"src":"c11","dest":"n2","body":{"type":"generate","msg_id":12}}
[MATCH GENERATE]
[GENERATE] {"src":"n2","dest":"c11","body":{"type":"generate_ok","in_reply_to":12,"msg_id":12,"id":"n212"}}
[RECEIVED] {"id":156,"src":"c11","dest":"n2","body":{"type":"generate","msg_id":13}}
[MATCH GENERATE]
[GENERATE] {"src":"n2","dest":"c11","body":{"type":"generate_ok","in_reply_to":13,"msg_id":13,"id":"n213"}}
[RECEIVED] {"id":168,"src":"c11","dest":"n2","body":{"type":"generate","msg_id":14}}
[MATCH GENERATE]
[GENERATE] {"src":"n2","dest":"c11","body":{"type":"generate_ok","in_reply_to":14,"msg_id":14,"id":"n214"}}
[RECEIVED] {"id":180,"src":"c11","dest":"n2","body":{"type":"generate","msg_id":15}}
[MATCH GENERATE]
[GENERATE] {"src":"n2","dest":"c11","body":{"type":"generate_ok","in_reply_to":15,"msg_id":15,"id":"n215"}}
[RECEIVED] {"id":192,"src":"c11","dest":"n2","body":{"type":"generate","msg_id":16}}
[MATCH GENERATE]
[GENERATE] {"src":"n2","dest":"c11","body":{"type":"generate_ok","in_reply_to":16,"msg_id":16,"id":"n216"}}
[RECEIVED] {"id":204,"src":"c11","dest":"n2","body":{"type":"generate","msg_id":17}}
[MATCH GENERATE]
[GENERATE] {"src":"n2","dest":"c11","body":{"type":"generate_ok","in_reply_to":17,"msg_id":17,"id":"n217"}}
[RECEIVED] {"id":216,"src":"c11","dest":"n2","body":{"type":"generate","msg_id":18}}
[MATCH GENERATE]
[GENERATE] {"src":"n2","dest":"c11","body":{"type":"generate_ok","in_reply_to":18,"msg_id":18,"id":"n218"}}
[RECEIVED] {"id":228,"src":"c11","dest":"n2","body":{"type":"generate","msg_id":19}}
[MATCH GENERATE]
[GENERATE] {"src":"n2","dest":"c11","body":{"type":"generate_ok","in_reply_to":19,"msg_id":19,"id":"n219"}}
[RECEIVED] {"id":240,"src":"c11","dest":"n2","body":{"type":"generate","msg_id":20}}
[MATCH GENERATE]
[GENERATE] {"src":"n2","dest":"c11","body":{"type":"generate_ok","in_reply_to":20,"msg_id":20,"id":"n220"}}
[RECEIVED] {"id":252,"src":"c11","dest":"n2","body":{"type":"generate","msg_id":21}}
[MATCH GENERATE]
[GENERATE] {"src":"n2","dest":"c11","body":{"type":"generate_ok","in_reply_to":21,"msg_id":21,"id":"n221"}}
[RECEIVED] {"id":264,"src":"c11","dest":"n2","body":{"type":"generate","msg_id":22}}
[MATCH GENERATE]
[GENERATE] {"src":"n2","dest":"c11","body":{"type":"generate_ok","in_reply_to":22,"msg_id":22,"id":"n222"}}
[RECEIVED] {"id":276,"src":"c11","dest":"n2","body":{"type":"generate","msg_id":23}}
[MATCH GENERATE]
[GENERATE] {"src":"n2","dest":"c11","body":{"type":"generate_ok","in_reply_to":23,"msg_id":23,"id":"n223"}}
[RECEIVED] {"id":288,"src":"c11","dest":"n2","body":{"type":"generate","msg_id":24}}
[MATCH GENERATE]
[GENERATE] {"src":"n2","dest":"c11","body":{"type":"generate_ok","in_reply_to":24,"msg_id":24,"id":"n224"}}
[RECEIVED] {"id":300,"src":"c11","dest":"n2","body":{"type":"generate","msg_id":25}}
[MATCH GENERATE]
[GENERATE] {"src":"n2","dest":"c11","body":{"type":"generate_ok","in_reply_to":25,"msg_id":25,"id":"n225"}}
[RECEIVED] {"id":312,"src":"c11","dest":"n2","body":{"type":"generate","msg_id":26}}
[MATCH GENERATE]
[GENERATE] {"src":"n2","dest":"c11","body":{"type":"generate_ok","in_reply_to":26,"msg_id":26,"id":"n226"}}
[RECEIVED] {"id":324,"src":"c11","dest":"n2","body":{"type":"generate","msg_id":27}}
[MATCH GENERATE]
[GENERATE] {"src":"n2","dest":"c11","body":{"type":"generate_ok","in_reply_to":27,"msg_id":27,"id":"n227"}}
[RECEIVED] {"id":336,"src":"c11","dest":"n2","body":{"type":"generate","msg_id":28}}
[MATCH GENERATE]
[GENERATE] {"src":"n2","dest":"c11","body":{"type":"generate_ok","in_reply_to":28,"msg_id":28,"id":"n228"}}
[RECEIVED] {"id":348,"src":"c11","dest":"n2","body":{"type":"generate","msg_id":29}}
[MATCH GENERATE]
[GENERATE] {"src":"n2","dest":"c11","body":{"type":"generate_ok","in_reply_to":29,"msg_id":29,"id":"n229"}}
[RECEIVED] {"id":360,"src":"c11","dest":"n2","body":{"type":"generate","msg_id":30}}
[MATCH GENERATE]
[GENERATE] {"src":"n2","dest":"c11","body":{"type":"generate_ok","in_reply_to":30,"msg_id":30,"id":"n230"}}
[RECEIVED] {"id":372,"src":"c11","dest":"n2","body":{"type":"generate","msg_id":31}}
[MATCH GENERATE]
[GENERATE] {"src":"n2","dest":"c11","body":{"type":"generate_ok","in_reply_to":31,"msg_id":31,"id":"n231"}}
[RECEIVED] {"id":384,"src":"c11","dest":"n2","body":{"type":"generate","msg_id":32}}
[MATCH GENERATE]
[GENERATE] {"src":"n2","dest":"c11","body":{"type":"generate_ok","in_reply_to":32,"msg_id":32,"id":"n232"}}
