[INBOUND INIT]
[MATCH init]
[INIT_OK] {"src":"n1","dest":"c2","body":{"type":"init_ok","in_reply_to":1,"msg_id":0}}
[INBOUND ECHO]
[MATCH echo]
[ECHO_OK] {"src":"n1","dest":"c12","body":{"type":"echo_ok","echo":"Please echo 107","msg_id":0,"in_reply_to":1}}
[INBOUND ECHO]
[MATCH echo]
[ECHO_OK] {"src":"n1","dest":"c12","body":{"type":"echo_ok","echo":"Please echo 98","msg_id":0,"in_reply_to":2}}
[INBOUND ECHO]
[MATCH echo]
[ECHO_OK] {"src":"n1","dest":"c12","body":{"type":"echo_ok","echo":"Please echo 52","msg_id":0,"in_reply_to":3}}
[INBOUND ECHO]
[MATCH echo]
[ECHO_OK] {"src":"n1","dest":"c12","body":{"type":"echo_ok","echo":"Please echo 17","msg_id":0,"in_reply_to":4}}
[INBOUND ECHO]
[MATCH echo]
[ECHO_OK] {"src":"n1","dest":"c12","body":{"type":"echo_ok","echo":"Please echo 78","msg_id":0,"in_reply_to":5}}
[INBOUND ECHO]
[MATCH echo]
[ECHO_OK] {"src":"n1","dest":"c12","body":{"type":"echo_ok","echo":"Please echo 107","msg_id":0,"in_reply_to":6}}
[INBOUND ECHO]
[MATCH echo]
[ECHO_OK] {"src":"n1","dest":"c12","body":{"type":"echo_ok","echo":"Please echo 51","msg_id":0,"in_reply_to":7}}
[INBOUND ECHO]
[MATCH echo]
[ECHO_OK] {"src":"n1","dest":"c12","body":{"type":"echo_ok","echo":"Please echo 106","msg_id":0,"in_reply_to":8}}
[INBOUND ECHO]
[MATCH echo]
[ECHO_OK] {"src":"n1","dest":"c12","body":{"type":"echo_ok","echo":"Please echo 47","msg_id":0,"in_reply_to":9}}
[INBOUND ECHO]
[MATCH echo]
[ECHO_OK] {"src":"n1","dest":"c12","body":{"type":"echo_ok","echo":"Please echo 110","msg_id":0,"in_reply_to":10}}
[INBOUND ECHO]
[MATCH echo]
[ECHO_OK] {"src":"n1","dest":"c12","body":{"type":"echo_ok","echo":"Please echo 115","msg_id":0,"in_reply_to":11}}
[INBOUND ECHO]
[MATCH echo]
[ECHO_OK] {"src":"n1","dest":"c12","body":{"type":"echo_ok","echo":"Please echo 62","msg_id":0,"in_reply_to":12}}
[INBOUND ECHO]
[MATCH echo]
[ECHO_OK] {"src":"n1","dest":"c12","body":{"type":"echo_ok","echo":"Please echo 89","msg_id":0,"in_reply_to":13}}
[INBOUND ECHO]
[MATCH echo]
[ECHO_OK] {"src":"n1","dest":"c12","body":{"type":"echo_ok","echo":"Please echo 108","msg_id":0,"in_reply_to":14}}
[INBOUND ECHO]
[MATCH echo]
[ECHO_OK] {"src":"n1","dest":"c12","body":{"type":"echo_ok","echo":"Please echo 126","msg_id":0,"in_reply_to":15}}
[INBOUND ECHO]
[MATCH echo]
[ECHO_OK] {"src":"n1","dest":"c12","body":{"type":"echo_ok","echo":"Please echo 59","msg_id":0,"in_reply_to":16}}
[INBOUND ECHO]
[MATCH echo]
[ECHO_OK] {"src":"n1","dest":"c12","body":{"type":"echo_ok","echo":"Please echo 70","msg_id":0,"in_reply_to":17}}
[INBOUND ECHO]
[MATCH echo]
[ECHO_OK] {"src":"n1","dest":"c12","body":{"type":"echo_ok","echo":"Please echo 65","msg_id":0,"in_reply_to":18}}
[INBOUND ECHO]
[MATCH echo]
[ECHO_OK] {"src":"n1","dest":"c12","body":{"type":"echo_ok","echo":"Please echo 21","msg_id":0,"in_reply_to":19}}
[INBOUND ECHO]
[MATCH echo]
[ECHO_OK] {"src":"n1","dest":"c12","body":{"type":"echo_ok","echo":"Please echo 36","msg_id":0,"in_reply_to":20}}
[INBOUND ECHO]
[MATCH echo]
[ECHO_OK] {"src":"n1","dest":"c12","body":{"type":"echo_ok","echo":"Please echo 48","msg_id":0,"in_reply_to":21}}
[INBOUND ECHO]
[MATCH echo]
[ECHO_OK] {"src":"n1","dest":"c12","body":{"type":"echo_ok","echo":"Please echo 20","msg_id":0,"in_reply_to":22}}
[INBOUND ECHO]
[MATCH echo]
[ECHO_OK] {"src":"n1","dest":"c12","body":{"type":"echo_ok","echo":"Please echo 17","msg_id":0,"in_reply_to":23}}
[INBOUND ECHO]
[MATCH echo]
[ECHO_OK] {"src":"n1","dest":"c12","body":{"type":"echo_ok","echo":"Please echo 110","msg_id":0,"in_reply_to":24}}
[INBOUND ECHO]
[MATCH echo]
[ECHO_OK] {"src":"n1","dest":"c12","body":{"type":"echo_ok","echo":"Please echo 96","msg_id":0,"in_reply_to":25}}
[INBOUND ECHO]
[MATCH echo]
[ECHO_OK] {"src":"n1","dest":"c12","body":{"type":"echo_ok","echo":"Please echo 6","msg_id":0,"in_reply_to":26}}
[INBOUND ECHO]
[MATCH echo]
[ECHO_OK] {"src":"n1","dest":"c12","body":{"type":"echo_ok","echo":"Please echo 122","msg_id":0,"in_reply_to":27}}
[INBOUND ECHO]
[MATCH echo]
[ECHO_OK] {"src":"n1","dest":"c12","body":{"type":"echo_ok","echo":"Please echo 18","msg_id":0,"in_reply_to":28}}
[INBOUND ECHO]
[MATCH echo]
[ECHO_OK] {"src":"n1","dest":"c12","body":{"type":"echo_ok","echo":"Please echo 68","msg_id":0,"in_reply_to":29}}
[INBOUND ECHO]
[MATCH echo]
[ECHO_OK] {"src":"n1","dest":"c12","body":{"type":"echo_ok","echo":"Please echo 112","msg_id":0,"in_reply_to":30}}
[INBOUND ECHO]
[MATCH echo]
[ECHO_OK] {"src":"n1","dest":"c12","body":{"type":"echo_ok","echo":"Please echo 106","msg_id":0,"in_reply_to":31}}
[INBOUND ECHO]
[MATCH echo]
[ECHO_OK] {"src":"n1","dest":"c12","body":{"type":"echo_ok","echo":"Please echo 67","msg_id":0,"in_reply_to":32}}
[INBOUND ECHO]
[MATCH echo]
[ECHO_OK] {"src":"n1","dest":"c12","body":{"type":"echo_ok","echo":"Please echo 57","msg_id":0,"in_reply_to":33}}
