[INBOUND INIT]
[MATCH init]
[INIT_OK] {"src":"n2","dest":"c4","body":{"type":"init_ok","in_reply_to":1,"msg_id":0}}
[INBOUND ECHO]
[MATCH echo]
[ECHO_OK] {"src":"n2","dest":"c13","body":{"type":"echo_ok","echo":"Please echo 6","msg_id":0,"in_reply_to":1}}
[INBOUND ECHO]
[MATCH echo]
[ECHO_OK] {"src":"n2","dest":"c13","body":{"type":"echo_ok","echo":"Please echo 8","msg_id":0,"in_reply_to":2}}
[INBOUND ECHO]
[MATCH echo]
[ECHO_OK] {"src":"n2","dest":"c13","body":{"type":"echo_ok","echo":"Please echo 103","msg_id":0,"in_reply_to":3}}
[INBOUND ECHO]
[MATCH echo]
[ECHO_OK] {"src":"n2","dest":"c13","body":{"type":"echo_ok","echo":"Please echo 125","msg_id":0,"in_reply_to":4}}
[INBOUND ECHO]
[MATCH echo]
[ECHO_OK] {"src":"n2","dest":"c13","body":{"type":"echo_ok","echo":"Please echo 127","msg_id":0,"in_reply_to":5}}
[INBOUND ECHO]
[MATCH echo]
[ECHO_OK] {"src":"n2","dest":"c13","body":{"type":"echo_ok","echo":"Please echo 83","msg_id":0,"in_reply_to":6}}
[INBOUND ECHO]
[MATCH echo]
[ECHO_OK] {"src":"n2","dest":"c13","body":{"type":"echo_ok","echo":"Please echo 67","msg_id":0,"in_reply_to":7}}
[INBOUND ECHO]
[MATCH echo]
[ECHO_OK] {"src":"n2","dest":"c13","body":{"type":"echo_ok","echo":"Please echo 7","msg_id":0,"in_reply_to":8}}
[INBOUND ECHO]
[MATCH echo]
[ECHO_OK] {"src":"n2","dest":"c13","body":{"type":"echo_ok","echo":"Please echo 27","msg_id":0,"in_reply_to":9}}
[INBOUND ECHO]
[MATCH echo]
[ECHO_OK] {"src":"n2","dest":"c13","body":{"type":"echo_ok","echo":"Please echo 2","msg_id":0,"in_reply_to":10}}
[INBOUND ECHO]
[MATCH echo]
[ECHO_OK] {"src":"n2","dest":"c13","body":{"type":"echo_ok","echo":"Please echo 89","msg_id":0,"in_reply_to":11}}
[INBOUND ECHO]
[MATCH echo]
[ECHO_OK] {"src":"n2","dest":"c13","body":{"type":"echo_ok","echo":"Please echo 7","msg_id":0,"in_reply_to":12}}
[INBOUND ECHO]
[MATCH echo]
[ECHO_OK] {"src":"n2","dest":"c13","body":{"type":"echo_ok","echo":"Please echo 24","msg_id":0,"in_reply_to":13}}
[INBOUND ECHO]
[MATCH echo]
[ECHO_OK] {"src":"n2","dest":"c13","body":{"type":"echo_ok","echo":"Please echo 63","msg_id":0,"in_reply_to":14}}
[INBOUND ECHO]
[MATCH echo]
[ECHO_OK] {"src":"n2","dest":"c13","body":{"type":"echo_ok","echo":"Please echo 24","msg_id":0,"in_reply_to":15}}
[INBOUND ECHO]
[MATCH echo]
[ECHO_OK] {"src":"n2","dest":"c13","body":{"type":"echo_ok","echo":"Please echo 27","msg_id":0,"in_reply_to":16}}
[INBOUND ECHO]
[MATCH echo]
[ECHO_OK] {"src":"n2","dest":"c13","body":{"type":"echo_ok","echo":"Please echo 64","msg_id":0,"in_reply_to":17}}
[INBOUND ECHO]
[MATCH echo]
[ECHO_OK] {"src":"n2","dest":"c13","body":{"type":"echo_ok","echo":"Please echo 62","msg_id":0,"in_reply_to":18}}
[INBOUND ECHO]
[MATCH echo]
[ECHO_OK] {"src":"n2","dest":"c13","body":{"type":"echo_ok","echo":"Please echo 32","msg_id":0,"in_reply_to":19}}
[INBOUND ECHO]
[MATCH echo]
[ECHO_OK] {"src":"n2","dest":"c13","body":{"type":"echo_ok","echo":"Please echo 82","msg_id":0,"in_reply_to":20}}
[INBOUND ECHO]
[MATCH echo]
[ECHO_OK] {"src":"n2","dest":"c13","body":{"type":"echo_ok","echo":"Please echo 50","msg_id":0,"in_reply_to":21}}
[INBOUND ECHO]
[MATCH echo]
[ECHO_OK] {"src":"n2","dest":"c13","body":{"type":"echo_ok","echo":"Please echo 121","msg_id":0,"in_reply_to":22}}
[INBOUND ECHO]
[MATCH echo]
[ECHO_OK] {"src":"n2","dest":"c13","body":{"type":"echo_ok","echo":"Please echo 44","msg_id":0,"in_reply_to":23}}
[INBOUND ECHO]
[MATCH echo]
[ECHO_OK] {"src":"n2","dest":"c13","body":{"type":"echo_ok","echo":"Please echo 71","msg_id":0,"in_reply_to":24}}
[INBOUND ECHO]
[MATCH echo]
[ECHO_OK] {"src":"n2","dest":"c13","body":{"type":"echo_ok","echo":"Please echo 102","msg_id":0,"in_reply_to":25}}
[INBOUND ECHO]
[MATCH echo]
[ECHO_OK] {"src":"n2","dest":"c13","body":{"type":"echo_ok","echo":"Please echo 111","msg_id":0,"in_reply_to":26}}
[INBOUND ECHO]
[MATCH echo]
[ECHO_OK] {"src":"n2","dest":"c13","body":{"type":"echo_ok","echo":"Please echo 23","msg_id":0,"in_reply_to":27}}
[INBOUND ECHO]
[MATCH echo]
[ECHO_OK] {"src":"n2","dest":"c13","body":{"type":"echo_ok","echo":"Please echo 97","msg_id":0,"in_reply_to":28}}
[INBOUND ECHO]
[MATCH echo]
[ECHO_OK] {"src":"n2","dest":"c13","body":{"type":"echo_ok","echo":"Please echo 71","msg_id":0,"in_reply_to":29}}
[INBOUND ECHO]
[MATCH echo]
[ECHO_OK] {"src":"n2","dest":"c13","body":{"type":"echo_ok","echo":"Please echo 18","msg_id":0,"in_reply_to":30}}
[INBOUND ECHO]
[MATCH echo]
[ECHO_OK] {"src":"n2","dest":"c13","body":{"type":"echo_ok","echo":"Please echo 25","msg_id":0,"in_reply_to":31}}
[INBOUND ECHO]
[MATCH echo]
[ECHO_OK] {"src":"n2","dest":"c13","body":{"type":"echo_ok","echo":"Please echo 110","msg_id":0,"in_reply_to":32}}
[INBOUND ECHO]
[MATCH echo]
[ECHO_OK] {"src":"n2","dest":"c13","body":{"type":"echo_ok","echo":"Please echo 122","msg_id":0,"in_reply_to":33}}
[INBOUND ECHO]
[MATCH echo]
[ECHO_OK] {"src":"n2","dest":"c13","body":{"type":"echo_ok","echo":"Please echo 75","msg_id":0,"in_reply_to":34}}
[INBOUND ECHO]
[MATCH echo]
[ECHO_OK] {"src":"n2","dest":"c13","body":{"type":"echo_ok","echo":"Please echo 34","msg_id":0,"in_reply_to":35}}
[INBOUND ECHO]
[MATCH echo]
[ECHO_OK] {"src":"n2","dest":"c13","body":{"type":"echo_ok","echo":"Please echo 119","msg_id":0,"in_reply_to":36}}
[INBOUND ECHO]
[MATCH echo]
[ECHO_OK] {"src":"n2","dest":"c13","body":{"type":"echo_ok","echo":"Please echo 35","msg_id":0,"in_reply_to":37}}
[INBOUND ECHO]
[MATCH echo]
[ECHO_OK] {"src":"n2","dest":"c13","body":{"type":"echo_ok","echo":"Please echo 7","msg_id":0,"in_reply_to":38}}
[INBOUND ECHO]
[MATCH echo]
[ECHO_OK] {"src":"n2","dest":"c13","body":{"type":"echo_ok","echo":"Please echo 56","msg_id":0,"in_reply_to":39}}
