[RECEIVED] {"id":1,"src":"c1","dest":"n1","body":{"type":"init","node_id":"n1","node_ids":["n1","n2","n3","n4","n5"],"msg_id":1}}
[MATCH INIT]
[INIT_OK] {"src":"n1","dest":"c1","body":{"type":"init_ok","in_reply_to":1,"msg_id":0}}
[RECEIVED] {"id":10,"src":"c10","dest":"n1","body":{"echo":"Please echo 89","type":"echo","msg_id":1}}
[MATCH ECHO]
[ECHO_OK] {"src":"n1","dest":"c10","body":{"type":"echo_ok","echo":"Please echo 89","msg_id":0,"in_reply_to":1}}
[RECEIVED] {"id":12,"src":"c10","dest":"n1","body":{"echo":"Please echo 113","type":"echo","msg_id":2}}
[MATCH ECHO]
[ECHO_OK] {"src":"n1","dest":"c10","body":{"type":"echo_ok","echo":"Please echo 113","msg_id":0,"in_reply_to":2}}
[RECEIVED] {"id":16,"src":"c10","dest":"n1","body":{"echo":"Please echo 26","type":"echo","msg_id":3}}
[MATCH ECHO]
[ECHO_OK] {"src":"n1","dest":"c10","body":{"type":"echo_ok","echo":"Please echo 26","msg_id":0,"in_reply_to":3}}
[RECEIVED] {"id":18,"src":"c10","dest":"n1","body":{"echo":"Please echo 0","type":"echo","msg_id":4}}
[MATCH ECHO]
[ECHO_OK] {"src":"n1","dest":"c10","body":{"type":"echo_ok","echo":"Please echo 0","msg_id":0,"in_reply_to":4}}
[RECEIVED] {"id":20,"src":"c10","dest":"n1","body":{"echo":"Please echo 41","type":"echo","msg_id":5}}
[MATCH ECHO]
[ECHO_OK] {"src":"n1","dest":"c10","body":{"type":"echo_ok","echo":"Please echo 41","msg_id":0,"in_reply_to":5}}
[RECEIVED] {"id":26,"src":"c10","dest":"n1","body":{"echo":"Please echo 76","type":"echo","msg_id":6}}
[MATCH ECHO]
[ECHO_OK] {"src":"n1","dest":"c10","body":{"type":"echo_ok","echo":"Please echo 76","msg_id":0,"in_reply_to":6}}
[RECEIVED] {"id":44,"src":"c10","dest":"n1","body":{"echo":"Please echo 85","type":"echo","msg_id":7}}
[MATCH ECHO]
[ECHO_OK] {"src":"n1","dest":"c10","body":{"type":"echo_ok","echo":"Please echo 85","msg_id":0,"in_reply_to":7}}
[RECEIVED] {"id":54,"src":"c10","dest":"n1","body":{"echo":"Please echo 15","type":"echo","msg_id":8}}
[MATCH ECHO]
[ECHO_OK] {"src":"n1","dest":"c10","body":{"type":"echo_ok","echo":"Please echo 15","msg_id":0,"in_reply_to":8}}
[RECEIVED] {"id":60,"src":"c10","dest":"n1","body":{"echo":"Please echo 24","type":"echo","msg_id":9}}
[MATCH ECHO]
[ECHO_OK] {"src":"n1","dest":"c10","body":{"type":"echo_ok","echo":"Please echo 24","msg_id":0,"in_reply_to":9}}
[RECEIVED] {"id":82,"src":"c10","dest":"n1","body":{"echo":"Please echo 125","type":"echo","msg_id":10}}
[MATCH ECHO]
[ECHO_OK] {"src":"n1","dest":"c10","body":{"type":"echo_ok","echo":"Please echo 125","msg_id":0,"in_reply_to":10}}
[RECEIVED] {"id":84,"src":"c10","dest":"n1","body":{"echo":"Please echo 96","type":"echo","msg_id":11}}
[MATCH ECHO]
[ECHO_OK] {"src":"n1","dest":"c10","body":{"type":"echo_ok","echo":"Please echo 96","msg_id":0,"in_reply_to":11}}
[RECEIVED] {"id":90,"src":"c10","dest":"n1","body":{"echo":"Please echo 71","type":"echo","msg_id":12}}
[MATCH ECHO]
[ECHO_OK] {"src":"n1","dest":"c10","body":{"type":"echo_ok","echo":"Please echo 71","msg_id":0,"in_reply_to":12}}
[RECEIVED] {"id":96,"src":"c10","dest":"n1","body":{"echo":"Please echo 39","type":"echo","msg_id":13}}
[MATCH ECHO]
[ECHO_OK] {"src":"n1","dest":"c10","body":{"type":"echo_ok","echo":"Please echo 39","msg_id":0,"in_reply_to":13}}
[RECEIVED] {"id":116,"src":"c10","dest":"n1","body":{"echo":"Please echo 4","type":"echo","msg_id":14}}
[MATCH ECHO]
[ECHO_OK] {"src":"n1","dest":"c10","body":{"type":"echo_ok","echo":"Please echo 4","msg_id":0,"in_reply_to":14}}
[RECEIVED] {"id":118,"src":"c10","dest":"n1","body":{"echo":"Please echo 123","type":"echo","msg_id":15}}
[MATCH ECHO]
[ECHO_OK] {"src":"n1","dest":"c10","body":{"type":"echo_ok","echo":"Please echo 123","msg_id":0,"in_reply_to":15}}
[RECEIVED] {"id":122,"src":"c10","dest":"n1","body":{"echo":"Please echo 88","type":"echo","msg_id":16}}
[MATCH ECHO]
[ECHO_OK] {"src":"n1","dest":"c10","body":{"type":"echo_ok","echo":"Please echo 88","msg_id":0,"in_reply_to":16}}
[RECEIVED] {"id":124,"src":"c10","dest":"n1","body":{"echo":"Please echo 20","type":"echo","msg_id":17}}
[MATCH ECHO]
[ECHO_OK] {"src":"n1","dest":"c10","body":{"type":"echo_ok","echo":"Please echo 20","msg_id":0,"in_reply_to":17}}
[RECEIVED] {"id":134,"src":"c10","dest":"n1","body":{"echo":"Please echo 39","type":"echo","msg_id":18}}
[MATCH ECHO]
[ECHO_OK] {"src":"n1","dest":"c10","body":{"type":"echo_ok","echo":"Please echo 39","msg_id":0,"in_reply_to":18}}
[RECEIVED] {"id":146,"src":"c10","dest":"n1","body":{"echo":"Please echo 30","type":"echo","msg_id":19}}
[MATCH ECHO]
[ECHO_OK] {"src":"n1","dest":"c10","body":{"type":"echo_ok","echo":"Please echo 30","msg_id":0,"in_reply_to":19}}
[RECEIVED] {"id":148,"src":"c10","dest":"n1","body":{"echo":"Please echo 49","type":"echo","msg_id":20}}
[MATCH ECHO]
[ECHO_OK] {"src":"n1","dest":"c10","body":{"type":"echo_ok","echo":"Please echo 49","msg_id":0,"in_reply_to":20}}
[RECEIVED] {"id":180,"src":"c10","dest":"n1","body":{"echo":"Please echo 43","type":"echo","msg_id":21}}
[MATCH ECHO]
[ECHO_OK] {"src":"n1","dest":"c10","body":{"type":"echo_ok","echo":"Please echo 43","msg_id":0,"in_reply_to":21}}
[RECEIVED] {"id":184,"src":"c10","dest":"n1","body":{"echo":"Please echo 0","type":"echo","msg_id":22}}
[MATCH ECHO]
[ECHO_OK] {"src":"n1","dest":"c10","body":{"type":"echo_ok","echo":"Please echo 0","msg_id":0,"in_reply_to":22}}
[RECEIVED] {"id":190,"src":"c10","dest":"n1","body":{"echo":"Please echo 86","type":"echo","msg_id":23}}
[MATCH ECHO]
[ECHO_OK] {"src":"n1","dest":"c10","body":{"type":"echo_ok","echo":"Please echo 86","msg_id":0,"in_reply_to":23}}
[RECEIVED] {"id":192,"src":"c10","dest":"n1","body":{"echo":"Please echo 84","type":"echo","msg_id":24}}
[MATCH ECHO]
[ECHO_OK] {"src":"n1","dest":"c10","body":{"type":"echo_ok","echo":"Please echo 84","msg_id":0,"in_reply_to":24}}
[RECEIVED] {"id":194,"src":"c10","dest":"n1","body":{"echo":"Please echo 80","type":"echo","msg_id":25}}
[MATCH ECHO]
[ECHO_OK] {"src":"n1","dest":"c10","body":{"type":"echo_ok","echo":"Please echo 80","msg_id":0,"in_reply_to":25}}
[RECEIVED] {"id":196,"src":"c10","dest":"n1","body":{"echo":"Please echo 8","type":"echo","msg_id":26}}
[MATCH ECHO]
[ECHO_OK] {"src":"n1","dest":"c10","body":{"type":"echo_ok","echo":"Please echo 8","msg_id":0,"in_reply_to":26}}
[RECEIVED] {"id":210,"src":"c10","dest":"n1","body":{"echo":"Please echo 76","type":"echo","msg_id":27}}
[MATCH ECHO]
[ECHO_OK] {"src":"n1","dest":"c10","body":{"type":"echo_ok","echo":"Please echo 76","msg_id":0,"in_reply_to":27}}
[RECEIVED] {"id":236,"src":"c10","dest":"n1","body":{"echo":"Please echo 119","type":"echo","msg_id":28}}
[MATCH ECHO]
[ECHO_OK] {"src":"n1","dest":"c10","body":{"type":"echo_ok","echo":"Please echo 119","msg_id":0,"in_reply_to":28}}
[RECEIVED] {"id":242,"src":"c10","dest":"n1","body":{"echo":"Please echo 18","type":"echo","msg_id":29}}
[MATCH ECHO]
[ECHO_OK] {"src":"n1","dest":"c10","body":{"type":"echo_ok","echo":"Please echo 18","msg_id":0,"in_reply_to":29}}
[RECEIVED] {"id":264,"src":"c10","dest":"n1","body":{"echo":"Please echo 81","type":"echo","msg_id":30}}
[MATCH ECHO]
[ECHO_OK] {"src":"n1","dest":"c10","body":{"type":"echo_ok","echo":"Please echo 81","msg_id":0,"in_reply_to":30}}
[RECEIVED] {"id":274,"src":"c10","dest":"n1","body":{"echo":"Please echo 52","type":"echo","msg_id":31}}
[MATCH ECHO]
[ECHO_OK] {"src":"n1","dest":"c10","body":{"type":"echo_ok","echo":"Please echo 52","msg_id":0,"in_reply_to":31}}
[RECEIVED] {"id":308,"src":"c10","dest":"n1","body":{"echo":"Please echo 125","type":"echo","msg_id":32}}
[MATCH ECHO]
[ECHO_OK] {"src":"n1","dest":"c10","body":{"type":"echo_ok","echo":"Please echo 125","msg_id":0,"in_reply_to":32}}
[RECEIVED] {"id":316,"src":"c10","dest":"n1","body":{"echo":"Please echo 35","type":"echo","msg_id":33}}
[MATCH ECHO]
[ECHO_OK] {"src":"n1","dest":"c10","body":{"type":"echo_ok","echo":"Please echo 35","msg_id":0,"in_reply_to":33}}
[RECEIVED] {"id":322,"src":"c10","dest":"n1","body":{"echo":"Please echo 57","type":"echo","msg_id":34}}
[MATCH ECHO]
[ECHO_OK] {"src":"n1","dest":"c10","body":{"type":"echo_ok","echo":"Please echo 57","msg_id":0,"in_reply_to":34}}
[RECEIVED] {"id":360,"src":"c10","dest":"n1","body":{"echo":"Please echo 35","type":"echo","msg_id":35}}
[MATCH ECHO]
[ECHO_OK] {"src":"n1","dest":"c10","body":{"type":"echo_ok","echo":"Please echo 35","msg_id":0,"in_reply_to":35}}
