[RECEIVED] {"id":0,"src":"c0","dest":"n5","body":{"type":"init","node_id":"n5","node_ids":["n1","n2","n3","n4","n5"],"msg_id":1}}
[MATCH INIT]
[INIT_OK] {"src":"n5","dest":"c0","body":{"type":"init_ok","in_reply_to":1,"msg_id":0}}
[RECEIVED] {"id":30,"src":"c13","dest":"n5","body":{"echo":"Please echo 101","type":"echo","msg_id":1}}
[MATCH ECHO]
[ECHO_OK] {"src":"n5","dest":"c13","body":{"type":"echo_ok","echo":"Please echo 101","msg_id":0,"in_reply_to":1}}
[RECEIVED] {"id":32,"src":"c13","dest":"n5","body":{"echo":"Please echo 1","type":"echo","msg_id":2}}
[MATCH ECHO]
[ECHO_OK] {"src":"n5","dest":"c13","body":{"type":"echo_ok","echo":"Please echo 1","msg_id":0,"in_reply_to":2}}
[RECEIVED] {"id":42,"src":"c13","dest":"n5","body":{"echo":"Please echo 21","type":"echo","msg_id":3}}
[MATCH ECHO]
[ECHO_OK] {"src":"n5","dest":"c13","body":{"type":"echo_ok","echo":"Please echo 21","msg_id":0,"in_reply_to":3}}
[RECEIVED] {"id":56,"src":"c13","dest":"n5","body":{"echo":"Please echo 84","type":"echo","msg_id":4}}
[MATCH ECHO]
[ECHO_OK] {"src":"n5","dest":"c13","body":{"type":"echo_ok","echo":"Please echo 84","msg_id":0,"in_reply_to":4}}
[RECEIVED] {"id":70,"src":"c13","dest":"n5","body":{"echo":"Please echo 101","type":"echo","msg_id":5}}
[MATCH ECHO]
[ECHO_OK] {"src":"n5","dest":"c13","body":{"type":"echo_ok","echo":"Please echo 101","msg_id":0,"in_reply_to":5}}
[RECEIVED] {"id":74,"src":"c13","dest":"n5","body":{"echo":"Please echo 102","type":"echo","msg_id":6}}
[MATCH ECHO]
[ECHO_OK] {"src":"n5","dest":"c13","body":{"type":"echo_ok","echo":"Please echo 102","msg_id":0,"in_reply_to":6}}
[RECEIVED] {"id":92,"src":"c13","dest":"n5","body":{"echo":"Please echo 71","type":"echo","msg_id":7}}
[MATCH ECHO]
[ECHO_OK] {"src":"n5","dest":"c13","body":{"type":"echo_ok","echo":"Please echo 71","msg_id":0,"in_reply_to":7}}
[RECEIVED] {"id":108,"src":"c13","dest":"n5","body":{"echo":"Please echo 43","type":"echo","msg_id":8}}
[MATCH ECHO]
[ECHO_OK] {"src":"n5","dest":"c13","body":{"type":"echo_ok","echo":"Please echo 43","msg_id":0,"in_reply_to":8}}
[RECEIVED] {"id":110,"src":"c13","dest":"n5","body":{"echo":"Please echo 33","type":"echo","msg_id":9}}
[MATCH ECHO]
[ECHO_OK] {"src":"n5","dest":"c13","body":{"type":"echo_ok","echo":"Please echo 33","msg_id":0,"in_reply_to":9}}
[RECEIVED] {"id":150,"src":"c13","dest":"n5","body":{"echo":"Please echo 110","type":"echo","msg_id":10}}
[MATCH ECHO]
[ECHO_OK] {"src":"n5","dest":"c13","body":{"type":"echo_ok","echo":"Please echo 110","msg_id":0,"in_reply_to":10}}
[RECEIVED] {"id":156,"src":"c13","dest":"n5","body":{"echo":"Please echo 71","type":"echo","msg_id":11}}
[MATCH ECHO]
[ECHO_OK] {"src":"n5","dest":"c13","body":{"type":"echo_ok","echo":"Please echo 71","msg_id":0,"in_reply_to":11}}
[RECEIVED] {"id":170,"src":"c13","dest":"n5","body":{"echo":"Please echo 104","type":"echo","msg_id":12}}
[MATCH ECHO]
[ECHO_OK] {"src":"n5","dest":"c13","body":{"type":"echo_ok","echo":"Please echo 104","msg_id":0,"in_reply_to":12}}
[RECEIVED] {"id":182,"src":"c13","dest":"n5","body":{"echo":"Please echo 116","type":"echo","msg_id":13}}
[MATCH ECHO]
[ECHO_OK] {"src":"n5","dest":"c13","body":{"type":"echo_ok","echo":"Please echo 116","msg_id":0,"in_reply_to":13}}
[RECEIVED] {"id":188,"src":"c13","dest":"n5","body":{"echo":"Please echo 61","type":"echo","msg_id":14}}
[MATCH ECHO]
[ECHO_OK] {"src":"n5","dest":"c13","body":{"type":"echo_ok","echo":"Please echo 61","msg_id":0,"in_reply_to":14}}
[RECEIVED] {"id":206,"src":"c13","dest":"n5","body":{"echo":"Please echo 97","type":"echo","msg_id":15}}
[MATCH ECHO]
[ECHO_OK] {"src":"n5","dest":"c13","body":{"type":"echo_ok","echo":"Please echo 97","msg_id":0,"in_reply_to":15}}
[RECEIVED] {"id":208,"src":"c13","dest":"n5","body":{"echo":"Please echo 119","type":"echo","msg_id":16}}
[MATCH ECHO]
[ECHO_OK] {"src":"n5","dest":"c13","body":{"type":"echo_ok","echo":"Please echo 119","msg_id":0,"in_reply_to":16}}
[RECEIVED] {"id":212,"src":"c13","dest":"n5","body":{"echo":"Please echo 21","type":"echo","msg_id":17}}
[MATCH ECHO]
[ECHO_OK] {"src":"n5","dest":"c13","body":{"type":"echo_ok","echo":"Please echo 21","msg_id":0,"in_reply_to":17}}
[RECEIVED] {"id":218,"src":"c13","dest":"n5","body":{"echo":"Please echo 15","type":"echo","msg_id":18}}
[MATCH ECHO]
[ECHO_OK] {"src":"n5","dest":"c13","body":{"type":"echo_ok","echo":"Please echo 15","msg_id":0,"in_reply_to":18}}
[RECEIVED] {"id":232,"src":"c13","dest":"n5","body":{"echo":"Please echo 61","type":"echo","msg_id":19}}
[MATCH ECHO]
[ECHO_OK] {"src":"n5","dest":"c13","body":{"type":"echo_ok","echo":"Please echo 61","msg_id":0,"in_reply_to":19}}
[RECEIVED] {"id":248,"src":"c13","dest":"n5","body":{"echo":"Please echo 60","type":"echo","msg_id":20}}
[MATCH ECHO]
[ECHO_OK] {"src":"n5","dest":"c13","body":{"type":"echo_ok","echo":"Please echo 60","msg_id":0,"in_reply_to":20}}
[RECEIVED] {"id":254,"src":"c13","dest":"n5","body":{"echo":"Please echo 6","type":"echo","msg_id":21}}
[MATCH ECHO]
[ECHO_OK] {"src":"n5","dest":"c13","body":{"type":"echo_ok","echo":"Please echo 6","msg_id":0,"in_reply_to":21}}
[RECEIVED] {"id":260,"src":"c13","dest":"n5","body":{"echo":"Please echo 46","type":"echo","msg_id":22}}
[MATCH ECHO]
[ECHO_OK] {"src":"n5","dest":"c13","body":{"type":"echo_ok","echo":"Please echo 46","msg_id":0,"in_reply_to":22}}
[RECEIVED] {"id":276,"src":"c13","dest":"n5","body":{"echo":"Please echo 108","type":"echo","msg_id":23}}
[MATCH ECHO]
[ECHO_OK] {"src":"n5","dest":"c13","body":{"type":"echo_ok","echo":"Please echo 108","msg_id":0,"in_reply_to":23}}
[RECEIVED] {"id":280,"src":"c13","dest":"n5","body":{"echo":"Please echo 46","type":"echo","msg_id":24}}
[MATCH ECHO]
[ECHO_OK] {"src":"n5","dest":"c13","body":{"type":"echo_ok","echo":"Please echo 46","msg_id":0,"in_reply_to":24}}
[RECEIVED] {"id":294,"src":"c13","dest":"n5","body":{"echo":"Please echo 120","type":"echo","msg_id":25}}
[MATCH ECHO]
[ECHO_OK] {"src":"n5","dest":"c13","body":{"type":"echo_ok","echo":"Please echo 120","msg_id":0,"in_reply_to":25}}
[RECEIVED] {"id":298,"src":"c13","dest":"n5","body":{"echo":"Please echo 78","type":"echo","msg_id":26}}
[MATCH ECHO]
[ECHO_OK] {"src":"n5","dest":"c13","body":{"type":"echo_ok","echo":"Please echo 78","msg_id":0,"in_reply_to":26}}
[RECEIVED] {"id":302,"src":"c13","dest":"n5","body":{"echo":"Please echo 89","type":"echo","msg_id":27}}
[MATCH ECHO]
[ECHO_OK] {"src":"n5","dest":"c13","body":{"type":"echo_ok","echo":"Please echo 89","msg_id":0,"in_reply_to":27}}
[RECEIVED] {"id":314,"src":"c13","dest":"n5","body":{"echo":"Please echo 84","type":"echo","msg_id":28}}
[MATCH ECHO]
[ECHO_OK] {"src":"n5","dest":"c13","body":{"type":"echo_ok","echo":"Please echo 84","msg_id":0,"in_reply_to":28}}
[RECEIVED] {"id":318,"src":"c13","dest":"n5","body":{"echo":"Please echo 62","type":"echo","msg_id":29}}
[MATCH ECHO]
[ECHO_OK] {"src":"n5","dest":"c13","body":{"type":"echo_ok","echo":"Please echo 62","msg_id":0,"in_reply_to":29}}
[RECEIVED] {"id":324,"src":"c13","dest":"n5","body":{"echo":"Please echo 18","type":"echo","msg_id":30}}
[MATCH ECHO]
[ECHO_OK] {"src":"n5","dest":"c13","body":{"type":"echo_ok","echo":"Please echo 18","msg_id":0,"in_reply_to":30}}
[RECEIVED] {"id":338,"src":"c13","dest":"n5","body":{"echo":"Please echo 8","type":"echo","msg_id":31}}
[MATCH ECHO]
[ECHO_OK] {"src":"n5","dest":"c13","body":{"type":"echo_ok","echo":"Please echo 8","msg_id":0,"in_reply_to":31}}
[RECEIVED] {"id":350,"src":"c13","dest":"n5","body":{"echo":"Please echo 106","type":"echo","msg_id":32}}
[MATCH ECHO]
[ECHO_OK] {"src":"n5","dest":"c13","body":{"type":"echo_ok","echo":"Please echo 106","msg_id":0,"in_reply_to":32}}
[RECEIVED] {"id":352,"src":"c13","dest":"n5","body":{"echo":"Please echo 72","type":"echo","msg_id":33}}
[MATCH ECHO]
[ECHO_OK] {"src":"n5","dest":"c13","body":{"type":"echo_ok","echo":"Please echo 72","msg_id":0,"in_reply_to":33}}
[RECEIVED] {"id":374,"src":"c13","dest":"n5","body":{"echo":"Please echo 12","type":"echo","msg_id":34}}
[MATCH ECHO]
[ECHO_OK] {"src":"n5","dest":"c13","body":{"type":"echo_ok","echo":"Please echo 12","msg_id":0,"in_reply_to":34}}
