[RECEIVED] {"id":3,"src":"c3","dest":"n1","body":{"type":"init","node_id":"n1","node_ids":["n1","n2","n3","n4","n5"],"msg_id":1}}
[MATCH INIT]
[INIT_OK] {"src":"n1","dest":"c3","body":{"type":"init_ok","in_reply_to":1,"msg_id":0}}
[RECEIVED] {"id":10,"src":"c6","dest":"n1","body":{"type":"topology","topology":{"n1":["n4","n2"],"n2":["n5","n3","n1"],"n3":["n2"],"n4":["n1","n5"],"n5":["n2","n4"]},"msg_id":1}}
[MATCH TOPOLOGY]
[TOPOLOGY_OK] {"src":"n1","dest":"c6","body":{"type":"topology_ok","in_reply_to":1,"msg_id":0}}
[RECEIVED] {"id":20,"src":"c10","dest":"n1","body":{"type":"broadcast","message":0,"msg_id":1}}
[MATCH BROADCAST]
BEGIN GOSSIP
NEIGHBORS: n2, n4
GOSSIP LOOP
LOOP ITER
[BROADCAST] {"src":"n1","dest":"n2","body":{"type":"broadcast","message":"0","msg_id":0}}
LOOP ITER
[BROADCAST] {"src":"n1","dest":"n4","body":{"type":"broadcast","message":"0","msg_id":1}}
[BROADCAST_OK] {"src":"n1","dest":"c10","body":{"type":"broadcast_ok","in_reply_to":1,"msg_id":0}}
[RECEIVED] {"id":26,"src":"n2","dest":"n1","body":{"type":"broadcast_ok","in_reply_to":0,"msg_id":0}}
[MATCH UNKNOWN]
[RECEIVED] {"id":28,"src":"n4","dest":"n1","body":{"type":"broadcast_ok","in_reply_to":1,"msg_id":0}}
[MATCH UNKNOWN]
[RECEIVED] {"id":33,"src":"n2","dest":"n1","body":{"type":"broadcast","message":"1","msg_id":2}}
[MATCH BROADCAST]
BEGIN GOSSIP
NEIGHBORS: n4
GOSSIP LOOP
LOOP ITER
[BROADCAST] {"src":"n1","dest":"n4","body":{"type":"broadcast","message":"1","msg_id":2}}
[BROADCAST_OK] {"src":"n1","dest":"n2","body":{"type":"broadcast_ok","in_reply_to":2,"msg_id":2}}
[RECEIVED] {"id":43,"src":"n4","dest":"n1","body":{"type":"broadcast_ok","in_reply_to":2,"msg_id":1}}
[MATCH UNKNOWN]
[RECEIVED] {"id":47,"src":"n4","dest":"n1","body":{"type":"broadcast","message":"2","msg_id":1}}
[CALLBACK MATCH] msg_id=1
[MATCH BROADCAST]
BEGIN GOSSIP
NEIGHBORS: n2
GOSSIP LOOP
LOOP ITER
[BROADCAST] {"src":"n1","dest":"n2","body":{"type":"broadcast","message":"2","msg_id":3}}
[BROADCAST_OK] {"src":"n1","dest":"n4","body":{"type":"broadcast_ok","in_reply_to":1,"msg_id":3}}
[RECEIVED] {"id":54,"src":"n2","dest":"n1","body":{"type":"broadcast_ok","in_reply_to":3,"msg_id":5}}
[MATCH UNKNOWN]
[RECEIVED] {"id":58,"src":"c10","dest":"n1","body":{"type":"broadcast","message":3,"msg_id":2}}
[CALLBACK MATCH] msg_id=2
[MATCH BROADCAST]
BEGIN GOSSIP
NEIGHBORS: n2, n4
GOSSIP LOOP
LOOP ITER
[BROADCAST] {"src":"n1","dest":"n2","body":{"type":"broadcast","message":"3","msg_id":4}}
LOOP ITER
[BROADCAST] {"src":"n1","dest":"n4","body":{"type":"broadcast","message":"3","msg_id":5}}
[BROADCAST_OK] {"src":"n1","dest":"c10","body":{"type":"broadcast_ok","in_reply_to":2,"msg_id":4}}
[RECEIVED] {"id":64,"src":"n4","dest":"n1","body":{"type":"broadcast_ok","in_reply_to":5,"msg_id":3}}
[MATCH UNKNOWN]
[RECEIVED] {"id":66,"src":"n2","dest":"n1","body":{"type":"broadcast_ok","in_reply_to":4,"msg_id":5}}
[MATCH UNKNOWN]
[RECEIVED] {"id":70,"src":"c10","dest":"n1","body":{"type":"read","msg_id":3}}
[CALLBACK MATCH] msg_id=3
[MATCH READ]
[READ_OK] {"src":"n1","dest":"c10","body":{"type":"read_ok","messages":["0","1","2","3"],"in_reply_to":3,"msg_id":6}}
[RECEIVED] {"id":77,"src":"n2","dest":"n1","body":{"type":"broadcast","message":"4","msg_id":7}}
[MATCH BROADCAST]
BEGIN GOSSIP
NEIGHBORS: n4
GOSSIP LOOP
LOOP ITER
[BROADCAST] {"src":"n1","dest":"n4","body":{"type":"broadcast","message":"4","msg_id":6}}
[BROADCAST_OK] {"src":"n1","dest":"n2","body":{"type":"broadcast_ok","in_reply_to":7,"msg_id":6}}
[RECEIVED] {"id":85,"src":"n4","dest":"n1","body":{"type":"broadcast_ok","in_reply_to":6,"msg_id":4}}
[MATCH UNKNOWN]
[RECEIVED] {"id":92,"src":"n2","dest":"n1","body":{"type":"broadcast","message":"5","msg_id":9}}
[RECEIVED] {"id":93,"src":"n4","dest":"n1","body":{"type":"broadcast","message":"5","msg_id":4}}
[MATCH BROADCAST]
[CALLBACK MATCH] msg_id=4
[MATCH BROADCAST]
[BROADCAST_OK] {"src":"n1","dest":"n4","body":{"type":"broadcast_ok","in_reply_to":4,"msg_id":7}}
[BROADCAST_OK] {"src":"n1","dest":"n2","body":{"type":"broadcast_ok","in_reply_to":9,"msg_id":7}}
[RECEIVED] {"id":100,"src":"c10","dest":"n1","body":{"type":"read","msg_id":4}}
[MATCH READ]
[READ_OK] {"src":"n1","dest":"c10","body":{"type":"read_ok","messages":["0","1","2","3","4","5"],"in_reply_to":4,"msg_id":7}}
[RECEIVED] {"id":102,"src":"c10","dest":"n1","body":{"type":"broadcast","message":6,"msg_id":5}}
[CALLBACK MATCH] msg_id=5
[MATCH BROADCAST]
BEGIN GOSSIP
NEIGHBORS: n2, n4
GOSSIP LOOP
LOOP ITER
[BROADCAST] {"src":"n1","dest":"n2","body":{"type":"broadcast","message":"6","msg_id":7}}
LOOP ITER
[BROADCAST] {"src":"n1","dest":"n4","body":{"type":"broadcast","message":"6","msg_id":8}}
[BROADCAST_OK] {"src":"n1","dest":"c10","body":{"type":"broadcast_ok","in_reply_to":5,"msg_id":7}}
[RECEIVED] {"id":108,"src":"n4","dest":"n1","body":{"type":"broadcast_ok","in_reply_to":8,"msg_id":5}}
[MATCH UNKNOWN]
[RECEIVED] {"id":110,"src":"n2","dest":"n1","body":{"type":"broadcast_ok","in_reply_to":7,"msg_id":11}}
[MATCH UNKNOWN]
[RECEIVED] {"id":119,"src":"n2","dest":"n1","body":{"type":"broadcast","message":"7","msg_id":13}}
[MATCH BROADCAST]
BEGIN GOSSIP
NEIGHBORS: n4
GOSSIP LOOP
LOOP ITER
[BROADCAST] {"src":"n1","dest":"n4","body":{"type":"broadcast","message":"7","msg_id":9}}
[BROADCAST_OK] {"src":"n1","dest":"n2","body":{"type":"broadcast_ok","in_reply_to":13,"msg_id":9}}
[RECEIVED] {"id":127,"src":"n4","dest":"n1","body":{"type":"broadcast_ok","in_reply_to":9,"msg_id":6}}
[MATCH UNKNOWN]
[RECEIVED] {"id":129,"src":"n4","dest":"n1","body":{"type":"broadcast","message":"8","msg_id":6}}
[CALLBACK MATCH] msg_id=6
[MATCH BROADCAST]
BEGIN GOSSIP
NEIGHBORS: n2
GOSSIP LOOP
LOOP ITER
[BROADCAST] {"src":"n1","dest":"n2","body":{"type":"broadcast","message":"8","msg_id":10}}
[BROADCAST_OK] {"src":"n1","dest":"n4","body":{"type":"broadcast_ok","in_reply_to":6,"msg_id":10}}
[RECEIVED] {"id":137,"src":"n2","dest":"n1","body":{"type":"broadcast_ok","in_reply_to":10,"msg_id":15}}
[MATCH UNKNOWN]
[RECEIVED] {"id":140,"src":"c10","dest":"n1","body":{"type":"read","msg_id":6}}
[MATCH READ]
[READ_OK] {"src":"n1","dest":"c10","body":{"type":"read_ok","messages":["0","1","2","3","4","5","6","7","8"],"in_reply_to":6,"msg_id":11}}
[RECEIVED] {"id":142,"src":"c10","dest":"n1","body":{"type":"read","msg_id":7}}
[CALLBACK MATCH] msg_id=7
[MATCH READ]
[READ_OK] {"src":"n1","dest":"c10","body":{"type":"read_ok","messages":["0","1","2","3","4","5","6","7","8"],"in_reply_to":7,"msg_id":11}}
[RECEIVED] {"id":145,"src":"n2","dest":"n1","body":{"type":"broadcast","message":"9","msg_id":15}}
[MATCH BROADCAST]
BEGIN GOSSIP
NEIGHBORS: n4
GOSSIP LOOP
LOOP ITER
[BROADCAST] {"src":"n1","dest":"n4","body":{"type":"broadcast","message":"9","msg_id":11}}
[BROADCAST_OK] {"src":"n1","dest":"n2","body":{"type":"broadcast_ok","in_reply_to":15,"msg_id":11}}
[RECEIVED] {"id":155,"src":"n4","dest":"n1","body":{"type":"broadcast_ok","in_reply_to":11,"msg_id":8}}
[MATCH UNKNOWN]
[RECEIVED] {"id":159,"src":"n2","dest":"n1","body":{"type":"broadcast","message":"10","msg_id":18}}
[MATCH BROADCAST]
BEGIN GOSSIP
NEIGHBORS: n4
GOSSIP LOOP
LOOP ITER
[BROADCAST] {"src":"n1","dest":"n4","body":{"type":"broadcast","message":"10","msg_id":12}}
[BROADCAST_OK] {"src":"n1","dest":"n2","body":{"type":"broadcast_ok","in_reply_to":18,"msg_id":12}}
[RECEIVED] {"id":166,"src":"n4","dest":"n1","body":{"type":"broadcast_ok","in_reply_to":12,"msg_id":8}}
[MATCH UNKNOWN]
[RECEIVED] {"id":169,"src":"n4","dest":"n1","body":{"type":"broadcast","message":"11","msg_id":8}}
[CALLBACK MATCH] msg_id=8
[MATCH BROADCAST]
BEGIN GOSSIP
NEIGHBORS: n2
GOSSIP LOOP
LOOP ITER
[BROADCAST] {"src":"n1","dest":"n2","body":{"type":"broadcast","message":"11","msg_id":13}}
[BROADCAST_OK] {"src":"n1","dest":"n4","body":{"type":"broadcast_ok","in_reply_to":8,"msg_id":13}}
[RECEIVED] {"id":176,"src":"n2","dest":"n1","body":{"type":"broadcast_ok","in_reply_to":13,"msg_id":20}}
[MATCH UNKNOWN]
[RECEIVED] {"id":180,"src":"c10","dest":"n1","body":{"type":"broadcast","message":12,"msg_id":8}}
[MATCH BROADCAST]
BEGIN GOSSIP
NEIGHBORS: n2, n4
GOSSIP LOOP
LOOP ITER
[BROADCAST] {"src":"n1","dest":"n2","body":{"type":"broadcast","message":"12","msg_id":14}}
LOOP ITER
[BROADCAST] {"src":"n1","dest":"n4","body":{"type":"broadcast","message":"12","msg_id":15}}
[BROADCAST_OK] {"src":"n1","dest":"c10","body":{"type":"broadcast_ok","in_reply_to":8,"msg_id":14}}
[RECEIVED] {"id":186,"src":"n4","dest":"n1","body":{"type":"broadcast_ok","in_reply_to":15,"msg_id":10}}
[MATCH UNKNOWN]
[RECEIVED] {"id":188,"src":"n2","dest":"n1","body":{"type":"broadcast_ok","in_reply_to":14,"msg_id":20}}
[MATCH UNKNOWN]
[RECEIVED] {"id":192,"src":"c10","dest":"n1","body":{"type":"read","msg_id":9}}
[CALLBACK MATCH] msg_id=9
[MATCH READ]
[READ_OK] {"src":"n1","dest":"c10","body":{"type":"read_ok","messages":["0","1","10","11","12","2","3","4","5","6","7","8","9"],"in_reply_to":9,"msg_id":16}}
[RECEIVED] {"id":195,"src":"n2","dest":"n1","body":{"type":"broadcast","message":"13","msg_id":22}}
[MATCH BROADCAST]
BEGIN GOSSIP
NEIGHBORS: n4
GOSSIP LOOP
LOOP ITER
[BROADCAST] {"src":"n1","dest":"n4","body":{"type":"broadcast","message":"13","msg_id":16}}
[BROADCAST_OK] {"src":"n1","dest":"n2","body":{"type":"broadcast_ok","in_reply_to":22,"msg_id":16}}
[RECEIVED] {"id":204,"src":"n4","dest":"n1","body":{"type":"broadcast_ok","in_reply_to":16,"msg_id":11}}
[MATCH UNKNOWN]
[RECEIVED] {"id":209,"src":"n2","dest":"n1","body":{"type":"broadcast","message":"14","msg_id":25}}
[MATCH BROADCAST]
BEGIN GOSSIP
NEIGHBORS: n4
GOSSIP LOOP
LOOP ITER
[BROADCAST] {"src":"n1","dest":"n4","body":{"type":"broadcast","message":"14","msg_id":17}}
[BROADCAST_OK] {"src":"n1","dest":"n2","body":{"type":"broadcast_ok","in_reply_to":25,"msg_id":17}}
[RECEIVED] {"id":216,"src":"n4","dest":"n1","body":{"type":"broadcast_ok","in_reply_to":17,"msg_id":11}}
[MATCH UNKNOWN]
[RECEIVED] {"id":219,"src":"n4","dest":"n1","body":{"type":"broadcast","message":"15","msg_id":11}}
[CALLBACK MATCH] msg_id=11
[MATCH BROADCAST]
BEGIN GOSSIP
NEIGHBORS: n2
GOSSIP LOOP
LOOP ITER
[BROADCAST] {"src":"n1","dest":"n2","body":{"type":"broadcast","message":"15","msg_id":18}}
[BROADCAST_OK] {"src":"n1","dest":"n4","body":{"type":"broadcast_ok","in_reply_to":11,"msg_id":18}}
[RECEIVED] {"id":227,"src":"n2","dest":"n1","body":{"type":"broadcast_ok","in_reply_to":18,"msg_id":27}}
[MATCH UNKNOWN]
[RECEIVED] {"id":229,"src":"c10","dest":"n1","body":{"type":"read","msg_id":10}}
[CALLBACK MATCH] msg_id=10
[MATCH READ]
[READ_OK] {"src":"n1","dest":"c10","body":{"type":"read_ok","messages":["0","1","10","11","12","13","14","15","2","3","4","5","6","7","8","9"],"in_reply_to":10,"msg_id":19}}
[RECEIVED] {"id":234,"src":"n2","dest":"n1","body":{"type":"broadcast","message":"16","msg_id":27}}
[RECEIVED] {"id":235,"src":"n4","dest":"n1","body":{"type":"broadcast","message":"16","msg_id":13}}
[MATCH BROADCAST]
[CALLBACK MATCH] msg_id=13
[MATCH BROADCAST]
[BROADCAST_OK] {"src":"n1","dest":"n4","body":{"type":"broadcast_ok","in_reply_to":13,"msg_id":19}}
[BROADCAST_OK] {"src":"n1","dest":"n2","body":{"type":"broadcast_ok","in_reply_to":27,"msg_id":19}}
[RECEIVED] {"id":242,"src":"c10","dest":"n1","body":{"type":"broadcast","message":17,"msg_id":11}}
[MATCH BROADCAST]
BEGIN GOSSIP
NEIGHBORS: n2, n4
GOSSIP LOOP
LOOP ITER
[BROADCAST] {"src":"n1","dest":"n2","body":{"type":"broadcast","message":"17","msg_id":19}}
LOOP ITER
[BROADCAST] {"src":"n1","dest":"n4","body":{"type":"broadcast","message":"17","msg_id":20}}
[BROADCAST_OK] {"src":"n1","dest":"c10","body":{"type":"broadcast_ok","in_reply_to":11,"msg_id":19}}
[RECEIVED] {"id":248,"src":"n4","dest":"n1","body":{"type":"broadcast_ok","in_reply_to":20,"msg_id":14}}
[MATCH UNKNOWN]
[RECEIVED] {"id":250,"src":"n2","dest":"n1","body":{"type":"broadcast_ok","in_reply_to":19,"msg_id":29}}
[MATCH UNKNOWN]
[RECEIVED] {"id":255,"src":"n2","dest":"n1","body":{"type":"broadcast","message":"18","msg_id":31}}
[MATCH BROADCAST]
BEGIN GOSSIP
NEIGHBORS: n4
GOSSIP LOOP
LOOP ITER
[BROADCAST] {"src":"n1","dest":"n4","body":{"type":"broadcast","message":"18","msg_id":21}}
[BROADCAST_OK] {"src":"n1","dest":"n2","body":{"type":"broadcast_ok","in_reply_to":31,"msg_id":21}}
[RECEIVED] {"id":264,"src":"n4","dest":"n1","body":{"type":"broadcast_ok","in_reply_to":21,"msg_id":15}}
[MATCH UNKNOWN]
[RECEIVED] {"id":269,"src":"n2","dest":"n1","body":{"type":"broadcast","message":"19","msg_id":34}}
[MATCH BROADCAST]
BEGIN GOSSIP
NEIGHBORS: n4
GOSSIP LOOP
LOOP ITER
[BROADCAST] {"src":"n1","dest":"n4","body":{"type":"broadcast","message":"19","msg_id":22}}
[BROADCAST_OK] {"src":"n1","dest":"n2","body":{"type":"broadcast_ok","in_reply_to":34,"msg_id":22}}
[RECEIVED] {"id":276,"src":"n4","dest":"n1","body":{"type":"broadcast_ok","in_reply_to":22,"msg_id":15}}
[MATCH UNKNOWN]
[RECEIVED] {"id":282,"src":"c10","dest":"n1","body":{"type":"read","msg_id":12}}
[CALLBACK MATCH] msg_id=12
[MATCH READ]
[READ_OK] {"src":"n1","dest":"c10","body":{"type":"read_ok","messages":["0","1","10","11","12","13","14","15","16","17","18","19","2","3","4","5","6","7","8","9"],"in_reply_to":12,"msg_id":23}}
[RECEIVED] {"id":284,"src":"c10","dest":"n1","body":{"type":"broadcast","message":20,"msg_id":13}}
[MATCH BROADCAST]
BEGIN GOSSIP
NEIGHBORS: n2, n4
GOSSIP LOOP
LOOP ITER
[BROADCAST] {"src":"n1","dest":"n2","body":{"type":"broadcast","message":"20","msg_id":23}}
LOOP ITER
[BROADCAST] {"src":"n1","dest":"n4","body":{"type":"broadcast","message":"20","msg_id":24}}
[BROADCAST_OK] {"src":"n1","dest":"c10","body":{"type":"broadcast_ok","in_reply_to":13,"msg_id":23}}
[RECEIVED] {"id":289,"src":"n4","dest":"n1","body":{"type":"broadcast_ok","in_reply_to":24,"msg_id":15}}
[MATCH UNKNOWN]
[RECEIVED] {"id":292,"src":"n2","dest":"n1","body":{"type":"broadcast_ok","in_reply_to":23,"msg_id":36}}
[MATCH UNKNOWN]
[RECEIVED] {"id":304,"src":"c10","dest":"n1","body":{"type":"read","msg_id":14}}
[CALLBACK MATCH] msg_id=14
[MATCH READ]
[READ_OK] {"src":"n1","dest":"c10","body":{"type":"read_ok","messages":["0","1","10","11","12","13","14","15","16","17","18","19","2","20","3","4","5","6","7","8","9"],"in_reply_to":14,"msg_id":25}}
[RECEIVED] {"id":306,"src":"c10","dest":"n1","body":{"type":"read","msg_id":15}}
[CALLBACK MATCH] msg_id=15
[MATCH READ]
[READ_OK] {"src":"n1","dest":"c10","body":{"type":"read_ok","messages":["0","1","10","11","12","13","14","15","16","17","18","19","2","20","3","4","5","6","7","8","9"],"in_reply_to":15,"msg_id":25}}
[RECEIVED] {"id":309,"src":"n2","dest":"n1","body":{"type":"broadcast","message":"21","msg_id":38}}
[MATCH BROADCAST]
BEGIN GOSSIP
NEIGHBORS: n4
GOSSIP LOOP
LOOP ITER
[BROADCAST] {"src":"n1","dest":"n4","body":{"type":"broadcast","message":"21","msg_id":25}}
[BROADCAST_OK] {"src":"n1","dest":"n2","body":{"type":"broadcast_ok","in_reply_to":38,"msg_id":25}}
[RECEIVED] {"id":319,"src":"n4","dest":"n1","body":{"type":"broadcast_ok","in_reply_to":25,"msg_id":16}}
[MATCH UNKNOWN]
[RECEIVED] {"id":323,"src":"n2","dest":"n1","body":{"type":"broadcast","message":"22","msg_id":41}}
[MATCH BROADCAST]
BEGIN GOSSIP
NEIGHBORS: n4
GOSSIP LOOP
LOOP ITER
[BROADCAST] {"src":"n1","dest":"n4","body":{"type":"broadcast","message":"22","msg_id":26}}
[BROADCAST_OK] {"src":"n1","dest":"n2","body":{"type":"broadcast_ok","in_reply_to":41,"msg_id":26}}
[RECEIVED] {"id":330,"src":"n4","dest":"n1","body":{"type":"broadcast_ok","in_reply_to":26,"msg_id":16}}
[MATCH UNKNOWN]
[RECEIVED] {"id":333,"src":"n4","dest":"n1","body":{"type":"broadcast","message":"23","msg_id":16}}
[CALLBACK MATCH] msg_id=16
[MATCH BROADCAST]
BEGIN GOSSIP
NEIGHBORS: n2
GOSSIP LOOP
LOOP ITER
[BROADCAST] {"src":"n1","dest":"n2","body":{"type":"broadcast","message":"23","msg_id":27}}
[BROADCAST_OK] {"src":"n1","dest":"n4","body":{"type":"broadcast_ok","in_reply_to":16,"msg_id":27}}
[RECEIVED] {"id":340,"src":"n2","dest":"n1","body":{"type":"broadcast_ok","in_reply_to":27,"msg_id":43}}
[MATCH UNKNOWN]
[RECEIVED] {"id":344,"src":"c10","dest":"n1","body":{"type":"read","msg_id":16}}
[MATCH READ]
[READ_OK] {"src":"n1","dest":"c10","body":{"type":"read_ok","messages":["0","1","10","11","12","13","14","15","16","17","18","19","2","20","21","22","23","3","4","5","6","7","8","9"],"in_reply_to":16,"msg_id":28}}
[RECEIVED] {"id":346,"src":"c10","dest":"n1","body":{"type":"read","msg_id":17}}
[CALLBACK MATCH] msg_id=17
[MATCH READ]
[READ_OK] {"src":"n1","dest":"c10","body":{"type":"read_ok","messages":["0","1","10","11","12","13","14","15","16","17","18","19","2","20","21","22","23","3","4","5","6","7","8","9"],"in_reply_to":17,"msg_id":28}}
[RECEIVED] {"id":353,"src":"n4","dest":"n1","body":{"type":"broadcast","message":"24","msg_id":18}}
[CALLBACK MATCH] msg_id=18
[MATCH BROADCAST]
BEGIN GOSSIP
NEIGHBORS: n2
GOSSIP LOOP
LOOP ITER
[BROADCAST] {"src":"n1","dest":"n2","body":{"type":"broadcast","message":"24","msg_id":28}}
[BROADCAST_OK] {"src":"n1","dest":"n4","body":{"type":"broadcast_ok","in_reply_to":18,"msg_id":28}}
[RECEIVED] {"id":361,"src":"n2","dest":"n1","body":{"type":"broadcast_ok","in_reply_to":28,"msg_id":43}}
[MATCH UNKNOWN]
[RECEIVED] {"id":367,"src":"n4","dest":"n1","body":{"type":"broadcast","message":"25","msg_id":20}}
[RECEIVED] {"id":366,"src":"n2","dest":"n1","body":{"type":"broadcast","message":"25","msg_id":43}}
[CALLBACK MATCH] msg_id=20
[MATCH BROADCAST]
[MATCH BROADCAST]
[BROADCAST_OK] {"src":"n1","dest":"n4","body":{"type":"broadcast_ok","in_reply_to":20,"msg_id":29}}
[BROADCAST_OK] {"src":"n1","dest":"n2","body":{"type":"broadcast_ok","in_reply_to":43,"msg_id":29}}
[RECEIVED] {"id":374,"src":"c10","dest":"n1","body":{"type":"broadcast","message":26,"msg_id":18}}
[MATCH BROADCAST]
BEGIN GOSSIP
NEIGHBORS: n2, n4
GOSSIP LOOP
LOOP ITER
[BROADCAST] {"src":"n1","dest":"n2","body":{"type":"broadcast","message":"26","msg_id":29}}
LOOP ITER
[BROADCAST] {"src":"n1","dest":"n4","body":{"type":"broadcast","message":"26","msg_id":30}}
[BROADCAST_OK] {"src":"n1","dest":"c10","body":{"type":"broadcast_ok","in_reply_to":18,"msg_id":29}}
[RECEIVED] {"id":380,"src":"n4","dest":"n1","body":{"type":"broadcast_ok","in_reply_to":30,"msg_id":21}}
[MATCH UNKNOWN]
[RECEIVED] {"id":382,"src":"n2","dest":"n1","body":{"type":"broadcast_ok","in_reply_to":29,"msg_id":45}}
[MATCH UNKNOWN]
[RECEIVED] {"id":388,"src":"c10","dest":"n1","body":{"type":"broadcast","message":27,"msg_id":19}}
[CALLBACK MATCH] msg_id=19
[MATCH BROADCAST]
BEGIN GOSSIP
NEIGHBORS: n2, n4
GOSSIP LOOP
LOOP ITER
[BROADCAST] {"src":"n1","dest":"n2","body":{"type":"broadcast","message":"27","msg_id":31}}
LOOP ITER
[BROADCAST] {"src":"n1","dest":"n4","body":{"type":"broadcast","message":"27","msg_id":32}}
[BROADCAST_OK] {"src":"n1","dest":"c10","body":{"type":"broadcast_ok","in_reply_to":19,"msg_id":31}}
[RECEIVED] {"id":395,"src":"n2","dest":"n1","body":{"type":"broadcast_ok","in_reply_to":31,"msg_id":47}}
[RECEIVED] {"id":396,"src":"n4","dest":"n1","body":{"type":"broadcast_ok","in_reply_to":32,"msg_id":22}}
[MATCH UNKNOWN]
[MATCH UNKNOWN]
[RECEIVED] {"id":405,"src":"n4","dest":"n1","body":{"type":"broadcast","message":"28","msg_id":23}}
[CALLBACK MATCH] msg_id=23
[MATCH BROADCAST]
BEGIN GOSSIP
NEIGHBORS: n2
GOSSIP LOOP
LOOP ITER
[BROADCAST] {"src":"n1","dest":"n2","body":{"type":"broadcast","message":"28","msg_id":33}}
[BROADCAST_OK] {"src":"n1","dest":"n4","body":{"type":"broadcast_ok","in_reply_to":23,"msg_id":33}}
[RECEIVED] {"id":413,"src":"n2","dest":"n1","body":{"type":"broadcast_ok","in_reply_to":33,"msg_id":49}}
[MATCH UNKNOWN]
[RECEIVED] {"id":418,"src":"n2","dest":"n1","body":{"type":"broadcast","message":"29","msg_id":49}}
[MATCH BROADCAST]
BEGIN GOSSIP
NEIGHBORS: n4
[RECEIVED] {"id":420,"src":"n4","dest":"n1","body":{"type":"broadcast","message":"29","msg_id":25}}
GOSSIP LOOP
[CALLBACK MATCH] msg_id=25
[BROADCAST_OK] {"src":"n1","dest":"n2","body":{"type":"broadcast_ok","in_reply_to":49,"msg_id":34}}
[MATCH BROADCAST]
[BROADCAST_OK] {"src":"n1","dest":"n4","body":{"type":"broadcast_ok","in_reply_to":25,"msg_id":34}}
[RECEIVED] {"id":426,"src":"c10","dest":"n1","body":{"type":"read","msg_id":20}}
[MATCH READ]
[READ_OK] {"src":"n1","dest":"c10","body":{"type":"read_ok","messages":["0","1","10","11","12","13","14","15","16","17","18","19","2","20","21","22","23","24","25","26","27","28","29","3","4","5","6","7","8","9"],"in_reply_to":20,"msg_id":34}}
[RECEIVED] {"id":428,"src":"c10","dest":"n1","body":{"type":"read","msg_id":21}}
[CALLBACK MATCH] msg_id=21
[MATCH READ]
[READ_OK] {"src":"n1","dest":"c10","body":{"type":"read_ok","messages":["0","1","10","11","12","13","14","15","16","17","18","19","2","20","21","22","23","24","25","26","27","28","29","3","4","5","6","7","8","9"],"in_reply_to":21,"msg_id":34}}
[RECEIVED] {"id":431,"src":"n2","dest":"n1","body":{"type":"broadcast","message":"30","msg_id":51}}
[MATCH BROADCAST]
BEGIN GOSSIP
NEIGHBORS: n4
GOSSIP LOOP
LOOP ITER
[BROADCAST] {"src":"n1","dest":"n4","body":{"type":"broadcast","message":"30","msg_id":34}}
[BROADCAST_OK] {"src":"n1","dest":"n2","body":{"type":"broadcast_ok","in_reply_to":51,"msg_id":34}}
[RECEIVED] {"id":442,"src":"n4","dest":"n1","body":{"type":"broadcast_ok","in_reply_to":34,"msg_id":26}}
[MATCH UNKNOWN]
[RECEIVED] {"id":445,"src":"n4","dest":"n1","body":{"type":"broadcast","message":"31","msg_id":27}}
[CALLBACK MATCH] msg_id=27
[MATCH BROADCAST]
BEGIN GOSSIP
NEIGHBORS: n2
GOSSIP LOOP
LOOP ITER
[BROADCAST] {"src":"n1","dest":"n2","body":{"type":"broadcast","message":"31","msg_id":35}}
[BROADCAST_OK] {"src":"n1","dest":"n4","body":{"type":"broadcast_ok","in_reply_to":27,"msg_id":35}}
[RECEIVED] {"id":452,"src":"n2","dest":"n1","body":{"type":"broadcast_ok","in_reply_to":35,"msg_id":54}}
[MATCH UNKNOWN]
[RECEIVED] {"id":458,"src":"n2","dest":"n1","body":{"type":"broadcast","message":"32","msg_id":54}}
[MATCH BROADCAST]
BEGIN GOSSIP
NEIGHBORS: n4
GOSSIP LOOP
LOOP ITER
[BROADCAST] {"src":"n1","dest":"n4","body":{"type":"broadcast","message":"32","msg_id":36}}
[BROADCAST_OK] {"src":"n1","dest":"n2","body":{"type":"broadcast_ok","in_reply_to":54,"msg_id":36}}
[RECEIVED] {"id":461,"src":"n4","dest":"n1","body":{"type":"broadcast","message":"32","msg_id":29}}
[CALLBACK MATCH] msg_id=29
[MATCH BROADCAST]
[BROADCAST_OK] {"src":"n1","dest":"n4","body":{"type":"broadcast_ok","in_reply_to":29,"msg_id":37}}
[RECEIVED] {"id":467,"src":"n4","dest":"n1","body":{"type":"broadcast_ok","in_reply_to":36,"msg_id":30}}
[MATCH UNKNOWN]
[RECEIVED] {"id":468,"src":"c10","dest":"n1","body":{"type":"broadcast","message":33,"msg_id":22}}
[CALLBACK MATCH] msg_id=22
[MATCH BROADCAST]
BEGIN GOSSIP
NEIGHBORS: n2, n4
GOSSIP LOOP
LOOP ITER
[BROADCAST] {"src":"n1","dest":"n2","body":{"type":"broadcast","message":"33","msg_id":37}}
LOOP ITER
[BROADCAST] {"src":"n1","dest":"n4","body":{"type":"broadcast","message":"33","msg_id":38}}
[BROADCAST_OK] {"src":"n1","dest":"c10","body":{"type":"broadcast_ok","in_reply_to":22,"msg_id":37}}
[RECEIVED] {"id":475,"src":"n4","dest":"n1","body":{"type":"broadcast_ok","in_reply_to":38,"msg_id":30}}
[MATCH UNKNOWN]
[RECEIVED] {"id":476,"src":"n2","dest":"n1","body":{"type":"broadcast_ok","in_reply_to":37,"msg_id":56}}
[MATCH UNKNOWN]
[RECEIVED] {"id":480,"src":"c10","dest":"n1","body":{"type":"broadcast","message":34,"msg_id":23}}
[MATCH BROADCAST]
BEGIN GOSSIP
NEIGHBORS: n2, n4
GOSSIP LOOP
LOOP ITER
[BROADCAST] {"src":"n1","dest":"n2","body":{"type":"broadcast","message":"34","msg_id":39}}
LOOP ITER
[BROADCAST] {"src":"n1","dest":"n4","body":{"type":"broadcast","message":"34","msg_id":40}}
[BROADCAST_OK] {"src":"n1","dest":"c10","body":{"type":"broadcast_ok","in_reply_to":23,"msg_id":39}}
[RECEIVED] {"id":487,"src":"n2","dest":"n1","body":{"type":"broadcast_ok","in_reply_to":39,"msg_id":58}}
[MATCH UNKNOWN]
[RECEIVED] {"id":491,"src":"n4","dest":"n1","body":{"type":"broadcast_ok","in_reply_to":40,"msg_id":31}}
[MATCH UNKNOWN]
[RECEIVED] {"id":497,"src":"n2","dest":"n1","body":{"type":"broadcast","message":"35","msg_id":60}}
[MATCH BROADCAST]
BEGIN GOSSIP
NEIGHBORS: n4
GOSSIP LOOP
LOOP ITER
[BROADCAST] {"src":"n1","dest":"n4","body":{"type":"broadcast","message":"35","msg_id":41}}
[BROADCAST_OK] {"src":"n1","dest":"n2","body":{"type":"broadcast_ok","in_reply_to":60,"msg_id":41}}
[RECEIVED] {"id":504,"src":"n4","dest":"n1","body":{"type":"broadcast_ok","in_reply_to":41,"msg_id":32}}
[MATCH UNKNOWN]
[RECEIVED] {"id":513,"src":"n2","dest":"n1","body":{"type":"broadcast","message":"36","msg_id":62}}
[RECEIVED] {"id":512,"src":"n4","dest":"n1","body":{"type":"broadcast","message":"36","msg_id":32}}
[MATCH BROADCAST]
[CALLBACK MATCH] msg_id=32
[MATCH BROADCAST]
[BROADCAST_OK] {"src":"n1","dest":"n4","body":{"type":"broadcast_ok","in_reply_to":32,"msg_id":42}}
[BROADCAST_OK] {"src":"n1","dest":"n2","body":{"type":"broadcast_ok","in_reply_to":62,"msg_id":42}}
[RECEIVED] {"id":520,"src":"c10","dest":"n1","body":{"type":"read","msg_id":24}}
[CALLBACK MATCH] msg_id=24
[MATCH READ]
[READ_OK] {"src":"n1","dest":"c10","body":{"type":"read_ok","messages":["0","1","10","11","12","13","14","15","16","17","18","19","2","20","21","22","23","24","25","26","27","28","29","3","30","31","32","33","34","35","36","4","5","6","7","8","9"],"in_reply_to":24,"msg_id":42}}
[RECEIVED] {"id":522,"src":"c10","dest":"n1","body":{"type":"read","msg_id":25}}
[MATCH READ]
[READ_OK] {"src":"n1","dest":"c10","body":{"type":"read_ok","messages":["0","1","10","11","12","13","14","15","16","17","18","19","2","20","21","22","23","24","25","26","27","28","29","3","30","31","32","33","34","35","36","4","5","6","7","8","9"],"in_reply_to":25,"msg_id":42}}
[RECEIVED] {"id":525,"src":"n2","dest":"n1","body":{"type":"broadcast","message":"37","msg_id":64}}
[MATCH BROADCAST]
BEGIN GOSSIP
NEIGHBORS: n4
GOSSIP LOOP
LOOP ITER
[BROADCAST] {"src":"n1","dest":"n4","body":{"type":"broadcast","message":"37","msg_id":42}}
[BROADCAST_OK] {"src":"n1","dest":"n2","body":{"type":"broadcast_ok","in_reply_to":64,"msg_id":42}}
[RECEIVED] {"id":534,"src":"n4","dest":"n1","body":{"type":"broadcast_ok","in_reply_to":42,"msg_id":33}}
[MATCH UNKNOWN]
[RECEIVED] {"id":545,"src":"n4","dest":"n1","body":{"type":"broadcast","message":"38","msg_id":33}}
[CALLBACK MATCH] msg_id=33
[MATCH BROADCAST]
[RECEIVED] {"id":544,"src":"n2","dest":"n1","body":{"type":"broadcast","message":"38","msg_id":67}}
BEGIN GOSSIP
[MATCH BROADCAST]
[BROADCAST_OK] {"src":"n1","dest":"n4","body":{"type":"broadcast_ok","in_reply_to":33,"msg_id":43}}
[BROADCAST_OK] {"src":"n1","dest":"n2","body":{"type":"broadcast_ok","in_reply_to":67,"msg_id":43}}
[RECEIVED] {"id":552,"src":"c10","dest":"n1","body":{"type":"broadcast","message":39,"msg_id":26}}
[CALLBACK MATCH] msg_id=26
[MATCH BROADCAST]
BEGIN GOSSIP
NEIGHBORS: n2, n4
GOSSIP LOOP
LOOP ITER
[BROADCAST] {"src":"n1","dest":"n2","body":{"type":"broadcast","message":"39","msg_id":43}}
LOOP ITER
[BROADCAST] {"src":"n1","dest":"n4","body":{"type":"broadcast","message":"39","msg_id":44}}
[BROADCAST_OK] {"src":"n1","dest":"c10","body":{"type":"broadcast_ok","in_reply_to":26,"msg_id":43}}
[RECEIVED] {"id":557,"src":"n4","dest":"n1","body":{"type":"broadcast_ok","in_reply_to":44,"msg_id":34}}
[MATCH UNKNOWN]
[RECEIVED] {"id":560,"src":"n2","dest":"n1","body":{"type":"broadcast_ok","in_reply_to":43,"msg_id":69}}
[MATCH UNKNOWN]
[RECEIVED] {"id":566,"src":"c10","dest":"n1","body":{"type":"read","msg_id":27}}
[MATCH READ]
[READ_OK] {"src":"n1","dest":"c10","body":{"type":"read_ok","messages":["0","1","10","11","12","13","14","15","16","17","18","19","2","20","21","22","23","24","25","26","27","28","29","3","30","31","32","33","34","35","36","37","38","39","4","5","6","7","8","9"],"in_reply_to":27,"msg_id":45}}
[RECEIVED] {"id":573,"src":"n2","dest":"n1","body":{"type":"broadcast","message":"40","msg_id":71}}
[MATCH BROADCAST]
BEGIN GOSSIP
NEIGHBORS: n4
GOSSIP LOOP
LOOP ITER
[BROADCAST] {"src":"n1","dest":"n4","body":{"type":"broadcast","message":"40","msg_id":45}}
[BROADCAST_OK] {"src":"n1","dest":"n2","body":{"type":"broadcast_ok","in_reply_to":71,"msg_id":45}}
[RECEIVED] {"id":580,"src":"n4","dest":"n1","body":{"type":"broadcast_ok","in_reply_to":45,"msg_id":35}}
[MATCH UNKNOWN]
[RECEIVED] {"id":583,"src":"n4","dest":"n1","body":{"type":"broadcast","message":"41","msg_id":35}}
[CALLBACK MATCH] msg_id=35
[MATCH BROADCAST]
BEGIN GOSSIP
NEIGHBORS: n2
GOSSIP LOOP
LOOP ITER
[BROADCAST] {"src":"n1","dest":"n2","body":{"type":"broadcast","message":"41","msg_id":46}}
[BROADCAST_OK] {"src":"n1","dest":"n4","body":{"type":"broadcast_ok","in_reply_to":35,"msg_id":46}}
[RECEIVED] {"id":590,"src":"n2","dest":"n1","body":{"type":"broadcast_ok","in_reply_to":46,"msg_id":73}}
[MATCH UNKNOWN]
[RECEIVED] {"id":594,"src":"c10","dest":"n1","body":{"type":"broadcast","message":42,"msg_id":28}}
[CALLBACK MATCH] msg_id=28
[MATCH BROADCAST]
BEGIN GOSSIP
NEIGHBORS: n2, n4
GOSSIP LOOP
LOOP ITER
[BROADCAST] {"src":"n1","dest":"n2","body":{"type":"broadcast","message":"42","msg_id":47}}
LOOP ITER
[BROADCAST] {"src":"n1","dest":"n4","body":{"type":"broadcast","message":"42","msg_id":48}}
[BROADCAST_OK] {"src":"n1","dest":"c10","body":{"type":"broadcast_ok","in_reply_to":28,"msg_id":47}}
[RECEIVED] {"id":601,"src":"n4","dest":"n1","body":{"type":"broadcast_ok","in_reply_to":48,"msg_id":37}}
[RECEIVED] {"id":602,"src":"n2","dest":"n1","body":{"type":"broadcast_ok","in_reply_to":47,"msg_id":73}}
[MATCH UNKNOWN]
[MATCH UNKNOWN]
[RECEIVED] {"id":606,"src":"c10","dest":"n1","body":{"type":"broadcast","message":43,"msg_id":29}}
[MATCH BROADCAST]
BEGIN GOSSIP
NEIGHBORS: n2, n4
GOSSIP LOOP
LOOP ITER
[BROADCAST] {"src":"n1","dest":"n2","body":{"type":"broadcast","message":"43","msg_id":49}}
LOOP ITER
[BROADCAST] {"src":"n1","dest":"n4","body":{"type":"broadcast","message":"43","msg_id":50}}
[BROADCAST_OK] {"src":"n1","dest":"c10","body":{"type":"broadcast_ok","in_reply_to":29,"msg_id":49}}
[RECEIVED] {"id":612,"src":"n4","dest":"n1","body":{"type":"broadcast_ok","in_reply_to":50,"msg_id":38}}
[MATCH UNKNOWN]
[RECEIVED] {"id":614,"src":"n2","dest":"n1","body":{"type":"broadcast_ok","in_reply_to":49,"msg_id":75}}
[MATCH UNKNOWN]
[RECEIVED] {"id":619,"src":"n2","dest":"n1","body":{"type":"broadcast","message":"44","msg_id":77}}
[MATCH BROADCAST]
BEGIN GOSSIP
NEIGHBORS: n4
GOSSIP LOOP
LOOP ITER
[BROADCAST] {"src":"n1","dest":"n4","body":{"type":"broadcast","message":"44","msg_id":51}}
[BROADCAST_OK] {"src":"n1","dest":"n2","body":{"type":"broadcast_ok","in_reply_to":77,"msg_id":51}}
[RECEIVED] {"id":627,"src":"n4","dest":"n1","body":{"type":"broadcast_ok","in_reply_to":51,"msg_id":39}}
[MATCH UNKNOWN]
[RECEIVED] {"id":633,"src":"n4","dest":"n1","body":{"type":"broadcast","message":"45","msg_id":39}}
[CALLBACK MATCH] msg_id=39
[MATCH BROADCAST]
BEGIN GOSSIP
NEIGHBORS: n2
GOSSIP LOOP
LOOP ITER
[BROADCAST] {"src":"n1","dest":"n2","body":{"type":"broadcast","message":"45","msg_id":52}}
[BROADCAST_OK] {"src":"n1","dest":"n4","body":{"type":"broadcast_ok","in_reply_to":39,"msg_id":52}}
[RECEIVED] {"id":641,"src":"n2","dest":"n1","body":{"type":"broadcast_ok","in_reply_to":52,"msg_id":80}}
[MATCH UNKNOWN]
[RECEIVED] {"id":646,"src":"n2","dest":"n1","body":{"type":"broadcast","message":"46","msg_id":80}}
[RECEIVED] {"id":647,"src":"n4","dest":"n1","body":{"type":"broadcast","message":"46","msg_id":41}}
[MATCH BROADCAST]
[CALLBACK MATCH] msg_id=41
[MATCH BROADCAST]
[BROADCAST_OK] {"src":"n1","dest":"n4","body":{"type":"broadcast_ok","in_reply_to":41,"msg_id":53}}
[BROADCAST_OK] {"src":"n1","dest":"n2","body":{"type":"broadcast_ok","in_reply_to":80,"msg_id":53}}
[RECEIVED] {"id":654,"src":"c10","dest":"n1","body":{"type":"read","msg_id":30}}
[CALLBACK MATCH] msg_id=30
[MATCH READ]
[READ_OK] {"src":"n1","dest":"c10","body":{"type":"read_ok","messages":["0","1","10","11","12","13","14","15","16","17","18","19","2","20","21","22","23","24","25","26","27","28","29","3","30","31","32","33","34","35","36","37","38","39","4","40","41","42","43","44","45","46","5","6","7","8","9"],"in_reply_to":30,"msg_id":53}}
[RECEIVED] {"id":656,"src":"c10","dest":"n1","body":{"type":"broadcast","message":47,"msg_id":31}}
[CALLBACK MATCH] msg_id=31
[MATCH BROADCAST]
BEGIN GOSSIP
NEIGHBORS: n2, n4
GOSSIP LOOP
LOOP ITER
[BROADCAST] {"src":"n1","dest":"n2","body":{"type":"broadcast","message":"47","msg_id":53}}
LOOP ITER
[BROADCAST] {"src":"n1","dest":"n4","body":{"type":"broadcast","message":"47","msg_id":54}}
[BROADCAST_OK] {"src":"n1","dest":"c10","body":{"type":"broadcast_ok","in_reply_to":31,"msg_id":53}}
[RECEIVED] {"id":662,"src":"n4","dest":"n1","body":{"type":"broadcast_ok","in_reply_to":54,"msg_id":42}}
[MATCH UNKNOWN]
[RECEIVED] {"id":664,"src":"n2","dest":"n1","body":{"type":"broadcast_ok","in_reply_to":53,"msg_id":82}}
[MATCH UNKNOWN]
[RECEIVED] {"id":673,"src":"n2","dest":"n1","body":{"type":"broadcast","message":"48","msg_id":84}}
[MATCH BROADCAST]
BEGIN GOSSIP
NEIGHBORS: n4
GOSSIP LOOP
LOOP ITER
[BROADCAST] {"src":"n1","dest":"n4","body":{"type":"broadcast","message":"48","msg_id":55}}
[BROADCAST_OK] {"src":"n1","dest":"n2","body":{"type":"broadcast_ok","in_reply_to":84,"msg_id":55}}
[RECEIVED] {"id":680,"src":"n4","dest":"n1","body":{"type":"broadcast_ok","in_reply_to":55,"msg_id":43}}
[MATCH UNKNOWN]
[RECEIVED] {"id":688,"src":"n4","dest":"n1","body":{"type":"broadcast","message":"49","msg_id":43}}
[RECEIVED] {"id":689,"src":"n2","dest":"n1","body":{"type":"broadcast","message":"49","msg_id":86}}
[CALLBACK MATCH] msg_id=43
[MATCH BROADCAST]
[MATCH BROADCAST]
[BROADCAST_OK] {"src":"n1","dest":"n4","body":{"type":"broadcast_ok","in_reply_to":43,"msg_id":56}}
[BROADCAST_OK] {"src":"n1","dest":"n2","body":{"type":"broadcast_ok","in_reply_to":86,"msg_id":56}}
[RECEIVED] {"id":696,"src":"c10","dest":"n1","body":{"type":"read","msg_id":32}}
[MATCH READ]
[READ_OK] {"src":"n1","dest":"c10","body":{"type":"read_ok","messages":["0","1","10","11","12","13","14","15","16","17","18","19","2","20","21","22","23","24","25","26","27","28","29","3","30","31","32","33","34","35","36","37","38","39","4","40","41","42","43","44","45","46","47","48","49","5","6","7","8","9"],"in_reply_to":32,"msg_id":56}}
[RECEIVED] {"id":698,"src":"c10","dest":"n1","body":{"type":"broadcast","message":50,"msg_id":33}}
[MATCH BROADCAST]
BEGIN GOSSIP
NEIGHBORS: n2, n4
GOSSIP LOOP
LOOP ITER
[BROADCAST] {"src":"n1","dest":"n2","body":{"type":"broadcast","message":"50","msg_id":56}}
LOOP ITER
[BROADCAST] {"src":"n1","dest":"n4","body":{"type":"broadcast","message":"50","msg_id":57}}
[BROADCAST_OK] {"src":"n1","dest":"c10","body":{"type":"broadcast_ok","in_reply_to":33,"msg_id":56}}
[RECEIVED] {"id":704,"src":"n4","dest":"n1","body":{"type":"broadcast_ok","in_reply_to":57,"msg_id":44}}
[MATCH UNKNOWN]
[RECEIVED] {"id":706,"src":"n2","dest":"n1","body":{"type":"broadcast_ok","in_reply_to":56,"msg_id":88}}
[MATCH UNKNOWN]
[RECEIVED] {"id":711,"src":"n2","dest":"n1","body":{"type":"broadcast","message":"51","msg_id":90}}
[MATCH BROADCAST]
BEGIN GOSSIP
NEIGHBORS: n4
GOSSIP LOOP
LOOP ITER
[BROADCAST] {"src":"n1","dest":"n4","body":{"type":"broadcast","message":"51","msg_id":58}}
[BROADCAST_OK] {"src":"n1","dest":"n2","body":{"type":"broadcast_ok","in_reply_to":90,"msg_id":58}}
[RECEIVED] {"id":720,"src":"n4","dest":"n1","body":{"type":"broadcast_ok","in_reply_to":58,"msg_id":45}}
[MATCH UNKNOWN]
[RECEIVED] {"id":725,"src":"n2","dest":"n1","body":{"type":"broadcast","message":"52","msg_id":93}}
[MATCH BROADCAST]
BEGIN GOSSIP
NEIGHBORS: n4
GOSSIP LOOP
LOOP ITER
[BROADCAST] {"src":"n1","dest":"n4","body":{"type":"broadcast","message":"52","msg_id":59}}
[BROADCAST_OK] {"src":"n1","dest":"n2","body":{"type":"broadcast_ok","in_reply_to":93,"msg_id":59}}
[RECEIVED] {"id":732,"src":"n4","dest":"n1","body":{"type":"broadcast_ok","in_reply_to":59,"msg_id":45}}
[MATCH UNKNOWN]
[RECEIVED] {"id":735,"src":"n4","dest":"n1","body":{"type":"broadcast","message":"53","msg_id":45}}
[CALLBACK MATCH] msg_id=45
[MATCH BROADCAST]
BEGIN GOSSIP
NEIGHBORS: n2
GOSSIP LOOP
LOOP ITER
[BROADCAST] {"src":"n1","dest":"n2","body":{"type":"broadcast","message":"53","msg_id":60}}
[BROADCAST_OK] {"src":"n1","dest":"n4","body":{"type":"broadcast_ok","in_reply_to":45,"msg_id":60}}
[RECEIVED] {"id":742,"src":"n2","dest":"n1","body":{"type":"broadcast_ok","in_reply_to":60,"msg_id":95}}
[MATCH UNKNOWN]
[RECEIVED] {"id":748,"src":"n4","dest":"n1","body":{"type":"broadcast","message":"54","msg_id":47}}
[RECEIVED] {"id":749,"src":"n2","dest":"n1","body":{"type":"broadcast","message":"54","msg_id":95}}
[CALLBACK MATCH] msg_id=47
[MATCH BROADCAST]
[MATCH BROADCAST]
[BROADCAST_OK] {"src":"n1","dest":"n4","body":{"type":"broadcast_ok","in_reply_to":47,"msg_id":61}}
[BROADCAST_OK] {"src":"n1","dest":"n2","body":{"type":"broadcast_ok","in_reply_to":95,"msg_id":61}}
[RECEIVED] {"id":756,"src":"c10","dest":"n1","body":{"type":"read","msg_id":34}}
[CALLBACK MATCH] msg_id=34
[MATCH READ]
[READ_OK] {"src":"n1","dest":"c10","body":{"type":"read_ok","messages":["0","1","10","11","12","13","14","15","16","17","18","19","2","20","21","22","23","24","25","26","27","28","29","3","30","31","32","33","34","35","36","37","38","39","4","40","41","42","43","44","45","46","47","48","49","5","50","51","52","53","54","6","7","8","9"],"in_reply_to":34,"msg_id":61}}
[RECEIVED] {"id":758,"src":"c10","dest":"n1","body":{"type":"read","msg_id":35}}
[MATCH READ]
[READ_OK] {"src":"n1","dest":"c10","body":{"type":"read_ok","messages":["0","1","10","11","12","13","14","15","16","17","18","19","2","20","21","22","23","24","25","26","27","28","29","3","30","31","32","33","34","35","36","37","38","39","4","40","41","42","43","44","45","46","47","48","49","5","50","51","52","53","54","6","7","8","9"],"in_reply_to":35,"msg_id":61}}
[RECEIVED] {"id":761,"src":"n2","dest":"n1","body":{"type":"broadcast","message":"55","msg_id":97}}
[MATCH BROADCAST]
BEGIN GOSSIP
NEIGHBORS: n4
GOSSIP LOOP
LOOP ITER
[BROADCAST] {"src":"n1","dest":"n4","body":{"type":"broadcast","message":"55","msg_id":61}}
[BROADCAST_OK] {"src":"n1","dest":"n2","body":{"type":"broadcast_ok","in_reply_to":97,"msg_id":61}}
[RECEIVED] {"id":770,"src":"n4","dest":"n1","body":{"type":"broadcast_ok","in_reply_to":61,"msg_id":48}}
[MATCH UNKNOWN]
[RECEIVED] {"id":775,"src":"n2","dest":"n1","body":{"type":"broadcast","message":"56","msg_id":100}}
[MATCH BROADCAST]
BEGIN GOSSIP
NEIGHBORS: n4
GOSSIP LOOP
LOOP ITER
[BROADCAST] {"src":"n1","dest":"n4","body":{"type":"broadcast","message":"56","msg_id":62}}
[BROADCAST_OK] {"src":"n1","dest":"n2","body":{"type":"broadcast_ok","in_reply_to":100,"msg_id":62}}
[RECEIVED] {"id":782,"src":"n4","dest":"n1","body":{"type":"broadcast_ok","in_reply_to":62,"msg_id":48}}
[MATCH UNKNOWN]
[RECEIVED] {"id":785,"src":"n4","dest":"n1","body":{"type":"broadcast","message":"57","msg_id":48}}
[CALLBACK MATCH] msg_id=48
[MATCH BROADCAST]
BEGIN GOSSIP
NEIGHBORS: n2
GOSSIP LOOP
LOOP ITER
[BROADCAST] {"src":"n1","dest":"n2","body":{"type":"broadcast","message":"57","msg_id":63}}
[BROADCAST_OK] {"src":"n1","dest":"n4","body":{"type":"broadcast_ok","in_reply_to":48,"msg_id":63}}
[RECEIVED] {"id":793,"src":"n2","dest":"n1","body":{"type":"broadcast_ok","in_reply_to":63,"msg_id":102}}
[MATCH UNKNOWN]
[RECEIVED] {"id":796,"src":"c10","dest":"n1","body":{"type":"broadcast","message":58,"msg_id":36}}
[CALLBACK MATCH] msg_id=36
[MATCH BROADCAST]
BEGIN GOSSIP
NEIGHBORS: n2, n4
GOSSIP LOOP
LOOP ITER
[BROADCAST] {"src":"n1","dest":"n2","body":{"type":"broadcast","message":"58","msg_id":64}}
LOOP ITER
[BROADCAST] {"src":"n1","dest":"n4","body":{"type":"broadcast","message":"58","msg_id":65}}
[BROADCAST_OK] {"src":"n1","dest":"c10","body":{"type":"broadcast_ok","in_reply_to":36,"msg_id":64}}
[RECEIVED] {"id":802,"src":"n4","dest":"n1","body":{"type":"broadcast_ok","in_reply_to":65,"msg_id":50}}
[MATCH UNKNOWN]
[RECEIVED] {"id":804,"src":"n2","dest":"n1","body":{"type":"broadcast_ok","in_reply_to":64,"msg_id":102}}
[MATCH UNKNOWN]
[RECEIVED] {"id":808,"src":"c10","dest":"n1","body":{"type":"broadcast","message":59,"msg_id":37}}
[CALLBACK MATCH] msg_id=37
[MATCH BROADCAST]
BEGIN GOSSIP
NEIGHBORS: n2, n4
GOSSIP LOOP
LOOP ITER
[BROADCAST] {"src":"n1","dest":"n2","body":{"type":"broadcast","message":"59","msg_id":66}}
LOOP ITER
[BROADCAST] {"src":"n1","dest":"n4","body":{"type":"broadcast","message":"59","msg_id":67}}
[BROADCAST_OK] {"src":"n1","dest":"c10","body":{"type":"broadcast_ok","in_reply_to":37,"msg_id":66}}
[RECEIVED] {"id":814,"src":"n4","dest":"n1","body":{"type":"broadcast_ok","in_reply_to":67,"msg_id":51}}
[MATCH UNKNOWN]
[RECEIVED] {"id":816,"src":"n2","dest":"n1","body":{"type":"broadcast_ok","in_reply_to":66,"msg_id":104}}
[MATCH UNKNOWN]
[RECEIVED] {"id":830,"src":"n4","dest":"n1","body":{"type":"broadcast","message":"60","msg_id":52}}
[RECEIVED] {"id":831,"src":"n2","dest":"n1","body":{"type":"broadcast","message":"60","msg_id":106}}
[CALLBACK MATCH] msg_id=52
[MATCH BROADCAST]
[MATCH BROADCAST]
[BROADCAST_OK] {"src":"n1","dest":"n4","body":{"type":"broadcast_ok","in_reply_to":52,"msg_id":68}}
[BROADCAST_OK] {"src":"n1","dest":"n2","body":{"type":"broadcast_ok","in_reply_to":106,"msg_id":68}}
[RECEIVED] {"id":838,"src":"c10","dest":"n1","body":{"type":"broadcast","message":61,"msg_id":38}}
[CALLBACK MATCH] msg_id=38
[MATCH BROADCAST]
BEGIN GOSSIP
NEIGHBORS: n2, n4
GOSSIP LOOP
LOOP ITER
[BROADCAST] {"src":"n1","dest":"n2","body":{"type":"broadcast","message":"61","msg_id":68}}
LOOP ITER
[BROADCAST] {"src":"n1","dest":"n4","body":{"type":"broadcast","message":"61","msg_id":69}}
[BROADCAST_OK] {"src":"n1","dest":"c10","body":{"type":"broadcast_ok","in_reply_to":38,"msg_id":68}}
[RECEIVED] {"id":845,"src":"n4","dest":"n1","body":{"type":"broadcast_ok","in_reply_to":69,"msg_id":53}}
[RECEIVED] {"id":846,"src":"n2","dest":"n1","body":{"type":"broadcast_ok","in_reply_to":68,"msg_id":108}}
[MATCH UNKNOWN]
[MATCH UNKNOWN]
[RECEIVED] {"id":850,"src":"c10","dest":"n1","body":{"type":"broadcast","message":62,"msg_id":39}}
[MATCH BROADCAST]
BEGIN GOSSIP
NEIGHBORS: n2, n4
GOSSIP LOOP
LOOP ITER
[BROADCAST] {"src":"n1","dest":"n2","body":{"type":"broadcast","message":"62","msg_id":70}}
LOOP ITER
[BROADCAST] {"src":"n1","dest":"n4","body":{"type":"broadcast","message":"62","msg_id":71}}
[BROADCAST_OK] {"src":"n1","dest":"c10","body":{"type":"broadcast_ok","in_reply_to":39,"msg_id":70}}
[RECEIVED] {"id":857,"src":"n4","dest":"n1","body":{"type":"broadcast_ok","in_reply_to":71,"msg_id":54}}
[MATCH UNKNOWN]
[RECEIVED] {"id":858,"src":"n2","dest":"n1","body":{"type":"broadcast_ok","in_reply_to":70,"msg_id":110}}
[MATCH UNKNOWN]
[RECEIVED] {"id":863,"src":"n2","dest":"n1","body":{"type":"broadcast","message":"63","msg_id":112}}
[MATCH BROADCAST]
BEGIN GOSSIP
NEIGHBORS: n4
GOSSIP LOOP
LOOP ITER
[BROADCAST] {"src":"n1","dest":"n4","body":{"type":"broadcast","message":"63","msg_id":72}}
[BROADCAST_OK] {"src":"n1","dest":"n2","body":{"type":"broadcast_ok","in_reply_to":112,"msg_id":72}}
[RECEIVED] {"id":874,"src":"n4","dest":"n1","body":{"type":"broadcast_ok","in_reply_to":72,"msg_id":55}}
[MATCH UNKNOWN]
[RECEIVED] {"id":879,"src":"n2","dest":"n1","body":{"type":"broadcast","message":"64","msg_id":115}}
[MATCH BROADCAST]
BEGIN GOSSIP
NEIGHBORS: n4
GOSSIP LOOP
LOOP ITER
[BROADCAST] {"src":"n1","dest":"n4","body":{"type":"broadcast","message":"64","msg_id":73}}
[BROADCAST_OK] {"src":"n1","dest":"n2","body":{"type":"broadcast_ok","in_reply_to":115,"msg_id":73}}
[RECEIVED] {"id":886,"src":"n4","dest":"n1","body":{"type":"broadcast_ok","in_reply_to":73,"msg_id":56}}
[MATCH UNKNOWN]
[RECEIVED] {"id":889,"src":"n4","dest":"n1","body":{"type":"broadcast","message":"65","msg_id":56}}
[CALLBACK MATCH] msg_id=56
[MATCH BROADCAST]
BEGIN GOSSIP
NEIGHBORS: n2
GOSSIP LOOP
LOOP ITER
[BROADCAST] {"src":"n1","dest":"n2","body":{"type":"broadcast","message":"65","msg_id":74}}
[BROADCAST_OK] {"src":"n1","dest":"n4","body":{"type":"broadcast_ok","in_reply_to":56,"msg_id":74}}
[RECEIVED] {"id":897,"src":"n2","dest":"n1","body":{"type":"broadcast_ok","in_reply_to":74,"msg_id":117}}
[MATCH UNKNOWN]
[RECEIVED] {"id":900,"src":"c10","dest":"n1","body":{"type":"broadcast","message":66,"msg_id":40}}
[CALLBACK MATCH] msg_id=40
[MATCH BROADCAST]
BEGIN GOSSIP
NEIGHBORS: n2, n4
GOSSIP LOOP
LOOP ITER
[BROADCAST] {"src":"n1","dest":"n2","body":{"type":"broadcast","message":"66","msg_id":75}}
LOOP ITER
[BROADCAST] {"src":"n1","dest":"n4","body":{"type":"broadcast","message":"66","msg_id":76}}
[BROADCAST_OK] {"src":"n1","dest":"c10","body":{"type":"broadcast_ok","in_reply_to":40,"msg_id":75}}
[RECEIVED] {"id":905,"src":"n4","dest":"n1","body":{"type":"broadcast_ok","in_reply_to":76,"msg_id":58}}
[MATCH UNKNOWN]
[RECEIVED] {"id":908,"src":"n2","dest":"n1","body":{"type":"broadcast_ok","in_reply_to":75,"msg_id":117}}
[MATCH UNKNOWN]
[RECEIVED] {"id":912,"src":"c10","dest":"n1","body":{"type":"broadcast","message":67,"msg_id":41}}
[MATCH BROADCAST]
BEGIN GOSSIP
NEIGHBORS: n2, n4
GOSSIP LOOP
LOOP ITER
[BROADCAST] {"src":"n1","dest":"n2","body":{"type":"broadcast","message":"67","msg_id":77}}
LOOP ITER
[BROADCAST] {"src":"n1","dest":"n4","body":{"type":"broadcast","message":"67","msg_id":78}}
[BROADCAST_OK] {"src":"n1","dest":"c10","body":{"type":"broadcast_ok","in_reply_to":41,"msg_id":77}}
[RECEIVED] {"id":918,"src":"n4","dest":"n1","body":{"type":"broadcast_ok","in_reply_to":78,"msg_id":59}}
[MATCH UNKNOWN]
[RECEIVED] {"id":920,"src":"n2","dest":"n1","body":{"type":"broadcast_ok","in_reply_to":77,"msg_id":119}}
[MATCH UNKNOWN]
[RECEIVED] {"id":929,"src":"n2","dest":"n1","body":{"type":"broadcast","message":"68","msg_id":121}}
[MATCH BROADCAST]
BEGIN GOSSIP
NEIGHBORS: n4
GOSSIP LOOP
LOOP ITER
[BROADCAST] {"src":"n1","dest":"n4","body":{"type":"broadcast","message":"68","msg_id":79}}
[BROADCAST_OK] {"src":"n1","dest":"n2","body":{"type":"broadcast_ok","in_reply_to":121,"msg_id":79}}
[RECEIVED] {"id":936,"src":"n4","dest":"n1","body":{"type":"broadcast_ok","in_reply_to":79,"msg_id":60}}
[MATCH UNKNOWN]
[RECEIVED] {"id":944,"src":"n2","dest":"n1","body":{"type":"broadcast","message":"69","msg_id":123}}
[MATCH BROADCAST]
BEGIN GOSSIP
NEIGHBORS: n4
[RECEIVED] {"id":947,"src":"n4","dest":"n1","body":{"type":"broadcast","message":"69","msg_id":60}}
GOSSIP LOOP
[CALLBACK MATCH] msg_id=60
[BROADCAST_OK] {"src":"n1","dest":"n2","body":{"type":"broadcast_ok","in_reply_to":123,"msg_id":80}}
[MATCH BROADCAST]
[BROADCAST_OK] {"src":"n1","dest":"n4","body":{"type":"broadcast_ok","in_reply_to":60,"msg_id":80}}
[RECEIVED] {"id":952,"src":"c10","dest":"n1","body":{"type":"broadcast","message":70,"msg_id":42}}
[CALLBACK MATCH] msg_id=42
[MATCH BROADCAST]
BEGIN GOSSIP
NEIGHBORS: n2, n4
GOSSIP LOOP
LOOP ITER
[BROADCAST] {"src":"n1","dest":"n2","body":{"type":"broadcast","message":"70","msg_id":80}}
LOOP ITER
[BROADCAST] {"src":"n1","dest":"n4","body":{"type":"broadcast","message":"70","msg_id":81}}
[BROADCAST_OK] {"src":"n1","dest":"c10","body":{"type":"broadcast_ok","in_reply_to":42,"msg_id":80}}
[RECEIVED] {"id":958,"src":"n4","dest":"n1","body":{"type":"broadcast_ok","in_reply_to":81,"msg_id":61}}
[MATCH UNKNOWN]
[RECEIVED] {"id":960,"src":"n2","dest":"n1","body":{"type":"broadcast_ok","in_reply_to":80,"msg_id":125}}
[MATCH UNKNOWN]
[RECEIVED] {"id":964,"src":"c10","dest":"n1","body":{"type":"broadcast","message":71,"msg_id":43}}
[MATCH BROADCAST]
BEGIN GOSSIP
NEIGHBORS: n2, n4
GOSSIP LOOP
LOOP ITER
[BROADCAST] {"src":"n1","dest":"n2","body":{"type":"broadcast","message":"71","msg_id":82}}
LOOP ITER
[BROADCAST] {"src":"n1","dest":"n4","body":{"type":"broadcast","message":"71","msg_id":83}}
[BROADCAST_OK] {"src":"n1","dest":"c10","body":{"type":"broadcast_ok","in_reply_to":43,"msg_id":82}}
[RECEIVED] {"id":971,"src":"n4","dest":"n1","body":{"type":"broadcast_ok","in_reply_to":83,"msg_id":62}}
[MATCH UNKNOWN]
[RECEIVED] {"id":972,"src":"n2","dest":"n1","body":{"type":"broadcast_ok","in_reply_to":82,"msg_id":127}}
[MATCH UNKNOWN]
[RECEIVED] {"id":977,"src":"n2","dest":"n1","body":{"type":"broadcast","message":"72","msg_id":129}}
[MATCH BROADCAST]
BEGIN GOSSIP
NEIGHBORS: n4
GOSSIP LOOP
LOOP ITER
[BROADCAST] {"src":"n1","dest":"n4","body":{"type":"broadcast","message":"72","msg_id":84}}
[BROADCAST_OK] {"src":"n1","dest":"n2","body":{"type":"broadcast_ok","in_reply_to":129,"msg_id":84}}
[RECEIVED] {"id":986,"src":"n4","dest":"n1","body":{"type":"broadcast_ok","in_reply_to":84,"msg_id":63}}
[MATCH UNKNOWN]
[RECEIVED] {"id":996,"src":"n2","dest":"n1","body":{"type":"broadcast","message":"73","msg_id":132}}
[MATCH BROADCAST]
[RECEIVED] {"id":998,"src":"n4","dest":"n1","body":{"type":"broadcast","message":"73","msg_id":64}}
BEGIN GOSSIP
[CALLBACK MATCH] msg_id=64
[BROADCAST_OK] {"src":"n1","dest":"n2","body":{"type":"broadcast_ok","in_reply_to":132,"msg_id":85}}
[MATCH BROADCAST]
[BROADCAST_OK] {"src":"n1","dest":"n4","body":{"type":"broadcast_ok","in_reply_to":64,"msg_id":85}}
[RECEIVED] {"id":1004,"src":"c10","dest":"n1","body":{"type":"read","msg_id":44}}
[CALLBACK MATCH] msg_id=44
[MATCH READ]
[READ_OK] {"src":"n1","dest":"c10","body":{"type":"read_ok","messages":["0","1","10","11","12","13","14","15","16","17","18","19","2","20","21","22","23","24","25","26","27","28","29","3","30","31","32","33","34","35","36","37","38","39","4","40","41","42","43","44","45","46","47","48","49","5","50","51","52","53","54","55","56","57","58","59","6","60","61","62","63","64","65","66","67","68","69","7","70","71","72","73","8","9"],"in_reply_to":44,"msg_id":85}}
[RECEIVED] {"id":1006,"src":"c10","dest":"n1","body":{"type":"broadcast","message":74,"msg_id":45}}
[MATCH BROADCAST]
BEGIN GOSSIP
NEIGHBORS: n2, n4
GOSSIP LOOP
LOOP ITER
[BROADCAST] {"src":"n1","dest":"n2","body":{"type":"broadcast","message":"74","msg_id":85}}
LOOP ITER
[BROADCAST] {"src":"n1","dest":"n4","body":{"type":"broadcast","message":"74","msg_id":86}}
[BROADCAST_OK] {"src":"n1","dest":"c10","body":{"type":"broadcast_ok","in_reply_to":45,"msg_id":85}}
[RECEIVED] {"id":1013,"src":"n4","dest":"n1","body":{"type":"broadcast_ok","in_reply_to":86,"msg_id":65}}
[MATCH UNKNOWN]
[RECEIVED] {"id":1014,"src":"n2","dest":"n1","body":{"type":"broadcast_ok","in_reply_to":85,"msg_id":134}}
[MATCH UNKNOWN]
[RECEIVED] {"id":1023,"src":"n2","dest":"n1","body":{"type":"broadcast","message":"75","msg_id":136}}
[MATCH BROADCAST]
BEGIN GOSSIP
NEIGHBORS: n4
GOSSIP LOOP
LOOP ITER
[BROADCAST] {"src":"n1","dest":"n4","body":{"type":"broadcast","message":"75","msg_id":87}}
[BROADCAST_OK] {"src":"n1","dest":"n2","body":{"type":"broadcast_ok","in_reply_to":136,"msg_id":87}}
[RECEIVED] {"id":1030,"src":"n4","dest":"n1","body":{"type":"broadcast_ok","in_reply_to":87,"msg_id":66}}
[MATCH UNKNOWN]
[RECEIVED] {"id":1033,"src":"n4","dest":"n1","body":{"type":"broadcast","message":"76","msg_id":66}}
[CALLBACK MATCH] msg_id=66
[MATCH BROADCAST]
BEGIN GOSSIP
NEIGHBORS: n2
GOSSIP LOOP
LOOP ITER
[BROADCAST] {"src":"n1","dest":"n2","body":{"type":"broadcast","message":"76","msg_id":88}}
[BROADCAST_OK] {"src":"n1","dest":"n4","body":{"type":"broadcast_ok","in_reply_to":66,"msg_id":88}}
[RECEIVED] {"id":1041,"src":"n2","dest":"n1","body":{"type":"broadcast_ok","in_reply_to":88,"msg_id":138}}
[MATCH UNKNOWN]
[RECEIVED] {"id":1044,"src":"c10","dest":"n1","body":{"type":"read","msg_id":46}}
[CALLBACK MATCH] msg_id=46
[MATCH READ]
[READ_OK] {"src":"n1","dest":"c10","body":{"type":"read_ok","messages":["0","1","10","11","12","13","14","15","16","17","18","19","2","20","21","22","23","24","25","26","27","28","29","3","30","31","32","33","34","35","36","37","38","39","4","40","41","42","43","44","45","46","47","48","49","5","50","51","52","53","54","55","56","57","58","59","6","60","61","62","63","64","65","66","67","68","69","7","70","71","72","73","74","75","76","8","9"],"in_reply_to":46,"msg_id":89}}
[RECEIVED] {"id":1046,"src":"c10","dest":"n1","body":{"type":"read","msg_id":47}}
[MATCH READ]
[READ_OK] {"src":"n1","dest":"c10","body":{"type":"read_ok","messages":["0","1","10","11","12","13","14","15","16","17","18","19","2","20","21","22","23","24","25","26","27","28","29","3","30","31","32","33","34","35","36","37","38","39","4","40","41","42","43","44","45","46","47","48","49","5","50","51","52","53","54","55","56","57","58","59","6","60","61","62","63","64","65","66","67","68","69","7","70","71","72","73","74","75","76","8","9"],"in_reply_to":47,"msg_id":89}}
[RECEIVED] {"id":1053,"src":"n2","dest":"n1","body":{"type":"broadcast","message":"77","msg_id":138}}
[MATCH BROADCAST]
BEGIN GOSSIP
NEIGHBORS: n4
GOSSIP LOOP
LOOP ITER
[BROADCAST] {"src":"n1","dest":"n4","body":{"type":"broadcast","message":"77","msg_id":89}}
[BROADCAST_OK] {"src":"n1","dest":"n2","body":{"type":"broadcast_ok","in_reply_to":138,"msg_id":89}}
[RECEIVED] {"id":1060,"src":"n4","dest":"n1","body":{"type":"broadcast_ok","in_reply_to":89,"msg_id":68}}
[MATCH UNKNOWN]
[RECEIVED] {"id":1063,"src":"n4","dest":"n1","body":{"type":"broadcast","message":"78","msg_id":68}}
[CALLBACK MATCH] msg_id=68
[MATCH BROADCAST]
BEGIN GOSSIP
NEIGHBORS: n2
GOSSIP LOOP
LOOP ITER
[BROADCAST] {"src":"n1","dest":"n2","body":{"type":"broadcast","message":"78","msg_id":90}}
[BROADCAST_OK] {"src":"n1","dest":"n4","body":{"type":"broadcast_ok","in_reply_to":68,"msg_id":90}}
[RECEIVED] {"id":1070,"src":"n2","dest":"n1","body":{"type":"broadcast_ok","in_reply_to":90,"msg_id":140}}
[MATCH UNKNOWN]
[RECEIVED] {"id":1076,"src":"n4","dest":"n1","body":{"type":"broadcast","message":"79","msg_id":70}}
[CALLBACK MATCH] msg_id=70
[MATCH BROADCAST]
BEGIN GOSSIP
NEIGHBORS: n2
GOSSIP LOOP
LOOP ITER
[BROADCAST] {"src":"n1","dest":"n2","body":{"type":"broadcast","message":"79","msg_id":91}}
[BROADCAST_OK] {"src":"n1","dest":"n4","body":{"type":"broadcast_ok","in_reply_to":70,"msg_id":91}}
[RECEIVED] {"id":1078,"src":"n2","dest":"n1","body":{"type":"broadcast","message":"79","msg_id":140}}
[MATCH BROADCAST]
[BROADCAST_OK] {"src":"n1","dest":"n2","body":{"type":"broadcast_ok","in_reply_to":140,"msg_id":92}}
[RECEIVED] {"id":1084,"src":"n2","dest":"n1","body":{"type":"broadcast_ok","in_reply_to":91,"msg_id":142}}
[MATCH UNKNOWN]
[RECEIVED] {"id":1086,"src":"c10","dest":"n1","body":{"type":"broadcast","message":80,"msg_id":48}}
[MATCH BROADCAST]
BEGIN GOSSIP
NEIGHBORS: n2, n4
GOSSIP LOOP
LOOP ITER
[BROADCAST] {"src":"n1","dest":"n2","body":{"type":"broadcast","message":"80","msg_id":92}}
LOOP ITER
[BROADCAST] {"src":"n1","dest":"n4","body":{"type":"broadcast","message":"80","msg_id":93}}
[BROADCAST_OK] {"src":"n1","dest":"c10","body":{"type":"broadcast_ok","in_reply_to":48,"msg_id":92}}
[RECEIVED] {"id":1092,"src":"n4","dest":"n1","body":{"type":"broadcast_ok","in_reply_to":93,"msg_id":71}}
[MATCH UNKNOWN]
[RECEIVED] {"id":1094,"src":"n2","dest":"n1","body":{"type":"broadcast_ok","in_reply_to":92,"msg_id":142}}
[MATCH UNKNOWN]
[RECEIVED] {"id":1098,"src":"c10","dest":"n1","body":{"type":"broadcast","message":81,"msg_id":49}}
[CALLBACK MATCH] msg_id=49
[MATCH BROADCAST]
BEGIN GOSSIP
NEIGHBORS: n2, n4
GOSSIP LOOP
LOOP ITER
[BROADCAST] {"src":"n1","dest":"n2","body":{"type":"broadcast","message":"81","msg_id":94}}
LOOP ITER
[BROADCAST] {"src":"n1","dest":"n4","body":{"type":"broadcast","message":"81","msg_id":95}}
[BROADCAST_OK] {"src":"n1","dest":"c10","body":{"type":"broadcast_ok","in_reply_to":49,"msg_id":94}}
[RECEIVED] {"id":1104,"src":"n4","dest":"n1","body":{"type":"broadcast_ok","in_reply_to":95,"msg_id":72}}
[MATCH UNKNOWN]
[RECEIVED] {"id":1106,"src":"n2","dest":"n1","body":{"type":"broadcast_ok","in_reply_to":94,"msg_id":144}}
[MATCH UNKNOWN]
[RECEIVED] {"id":1115,"src":"n2","dest":"n1","body":{"type":"broadcast","message":"82","msg_id":146}}
[MATCH BROADCAST]
BEGIN GOSSIP
NEIGHBORS: n4
GOSSIP LOOP
LOOP ITER
[BROADCAST] {"src":"n1","dest":"n4","body":{"type":"broadcast","message":"82","msg_id":96}}
[BROADCAST_OK] {"src":"n1","dest":"n2","body":{"type":"broadcast_ok","in_reply_to":146,"msg_id":96}}
[RECEIVED] {"id":1122,"src":"n4","dest":"n1","body":{"type":"broadcast_ok","in_reply_to":96,"msg_id":73}}
[MATCH UNKNOWN]
[RECEIVED] {"id":1131,"src":"n2","dest":"n1","body":{"type":"broadcast","message":"83","msg_id":148}}
[RECEIVED] {"id":1130,"src":"n4","dest":"n1","body":{"type":"broadcast","message":"83","msg_id":73}}
[MATCH BROADCAST]
[CALLBACK MATCH] msg_id=73
[MATCH BROADCAST]
[BROADCAST_OK] {"src":"n1","dest":"n4","body":{"type":"broadcast_ok","in_reply_to":73,"msg_id":97}}
[BROADCAST_OK] {"src":"n1","dest":"n2","body":{"type":"broadcast_ok","in_reply_to":148,"msg_id":97}}
[RECEIVED] {"id":1138,"src":"c10","dest":"n1","body":{"type":"read","msg_id":50}}
[CALLBACK MATCH] msg_id=50
[MATCH READ]
[READ_OK] {"src":"n1","dest":"c10","body":{"type":"read_ok","messages":["0","1","10","11","12","13","14","15","16","17","18","19","2","20","21","22","23","24","25","26","27","28","29","3","30","31","32","33","34","35","36","37","38","39","4","40","41","42","43","44","45","46","47","48","49","5","50","51","52","53","54","55","56","57","58","59","6","60","61","62","63","64","65","66","67","68","69","7","70","71","72","73","74","75","76","77","78","79","8","80","81","82","83","9"],"in_reply_to":50,"msg_id":97}}
[RECEIVED] {"id":1140,"src":"c10","dest":"n1","body":{"type":"broadcast","message":84,"msg_id":51}}
[CALLBACK MATCH] msg_id=51
[MATCH BROADCAST]
BEGIN GOSSIP
NEIGHBORS: n2, n4
GOSSIP LOOP
LOOP ITER
[BROADCAST] {"src":"n1","dest":"n2","body":{"type":"broadcast","message":"84","msg_id":97}}
LOOP ITER
[BROADCAST] {"src":"n1","dest":"n4","body":{"type":"broadcast","message":"84","msg_id":98}}
[BROADCAST_OK] {"src":"n1","dest":"c10","body":{"type":"broadcast_ok","in_reply_to":51,"msg_id":97}}
[RECEIVED] {"id":1146,"src":"n4","dest":"n1","body":{"type":"broadcast_ok","in_reply_to":98,"msg_id":74}}
[MATCH UNKNOWN]
[RECEIVED] {"id":1148,"src":"n2","dest":"n1","body":{"type":"broadcast_ok","in_reply_to":97,"msg_id":150}}
[MATCH UNKNOWN]
[RECEIVED] {"id":1153,"src":"n2","dest":"n1","body":{"type":"broadcast","message":"85","msg_id":152}}
[MATCH BROADCAST]
BEGIN GOSSIP
NEIGHBORS: n4
GOSSIP LOOP
LOOP ITER
[BROADCAST] {"src":"n1","dest":"n4","body":{"type":"broadcast","message":"85","msg_id":99}}
[BROADCAST_OK] {"src":"n1","dest":"n2","body":{"type":"broadcast_ok","in_reply_to":152,"msg_id":99}}
[RECEIVED] {"id":1162,"src":"n4","dest":"n1","body":{"type":"broadcast_ok","in_reply_to":99,"msg_id":75}}
[MATCH UNKNOWN]
[RECEIVED] {"id":1167,"src":"n2","dest":"n1","body":{"type":"broadcast","message":"86","msg_id":155}}
[MATCH BROADCAST]
BEGIN GOSSIP
NEIGHBORS: n4
GOSSIP LOOP
LOOP ITER
[BROADCAST] {"src":"n1","dest":"n4","body":{"type":"broadcast","message":"86","msg_id":100}}
[BROADCAST_OK] {"src":"n1","dest":"n2","body":{"type":"broadcast_ok","in_reply_to":155,"msg_id":100}}
[RECEIVED] {"id":1174,"src":"n4","dest":"n1","body":{"type":"broadcast_ok","in_reply_to":100,"msg_id":75}}
[MATCH UNKNOWN]
[RECEIVED] {"id":1177,"src":"n4","dest":"n1","body":{"type":"broadcast","message":"87","msg_id":75}}
[CALLBACK MATCH] msg_id=75
[MATCH BROADCAST]
BEGIN GOSSIP
NEIGHBORS: n2
GOSSIP LOOP
LOOP ITER
[BROADCAST] {"src":"n1","dest":"n2","body":{"type":"broadcast","message":"87","msg_id":101}}
[BROADCAST_OK] {"src":"n1","dest":"n4","body":{"type":"broadcast_ok","in_reply_to":75,"msg_id":101}}
[RECEIVED] {"id":1184,"src":"n2","dest":"n1","body":{"type":"broadcast_ok","in_reply_to":101,"msg_id":157}}
[MATCH UNKNOWN]
[RECEIVED] {"id":1190,"src":"n2","dest":"n1","body":{"type":"broadcast","message":"88","msg_id":157}}
[RECEIVED] {"id":1191,"src":"n4","dest":"n1","body":{"type":"broadcast","message":"88","msg_id":77}}
[MATCH BROADCAST]
[CALLBACK MATCH] msg_id=77
[MATCH BROADCAST]
[BROADCAST_OK] {"src":"n1","dest":"n4","body":{"type":"broadcast_ok","in_reply_to":77,"msg_id":102}}
[BROADCAST_OK] {"src":"n1","dest":"n2","body":{"type":"broadcast_ok","in_reply_to":157,"msg_id":102}}
[RECEIVED] {"id":1198,"src":"c10","dest":"n1","body":{"type":"broadcast","message":89,"msg_id":52}}
[MATCH BROADCAST]
BEGIN GOSSIP
NEIGHBORS: n2, n4
GOSSIP LOOP
LOOP ITER
[BROADCAST] {"src":"n1","dest":"n2","body":{"type":"broadcast","message":"89","msg_id":102}}
LOOP ITER
[BROADCAST] {"src":"n1","dest":"n4","body":{"type":"broadcast","message":"89","msg_id":103}}
[BROADCAST_OK] {"src":"n1","dest":"c10","body":{"type":"broadcast_ok","in_reply_to":52,"msg_id":102}}
[RECEIVED] {"id":1204,"src":"n4","dest":"n1","body":{"type":"broadcast_ok","in_reply_to":103,"msg_id":78}}
[MATCH UNKNOWN]
[RECEIVED] {"id":1206,"src":"n2","dest":"n1","body":{"type":"broadcast_ok","in_reply_to":102,"msg_id":159}}
[MATCH UNKNOWN]
[RECEIVED] {"id":1210,"src":"c10","dest":"n1","body":{"type":"broadcast","message":90,"msg_id":53}}
[CALLBACK MATCH] msg_id=53
[MATCH BROADCAST]
BEGIN GOSSIP
NEIGHBORS: n2, n4
GOSSIP LOOP
LOOP ITER
[BROADCAST] {"src":"n1","dest":"n2","body":{"type":"broadcast","message":"90","msg_id":104}}
LOOP ITER
[BROADCAST] {"src":"n1","dest":"n4","body":{"type":"broadcast","message":"90","msg_id":105}}
[BROADCAST_OK] {"src":"n1","dest":"c10","body":{"type":"broadcast_ok","in_reply_to":53,"msg_id":104}}
[RECEIVED] {"id":1216,"src":"n4","dest":"n1","body":{"type":"broadcast_ok","in_reply_to":105,"msg_id":79}}
[MATCH UNKNOWN]
[RECEIVED] {"id":1218,"src":"n2","dest":"n1","body":{"type":"broadcast_ok","in_reply_to":104,"msg_id":161}}
[MATCH UNKNOWN]
[RECEIVED] {"id":1227,"src":"n2","dest":"n1","body":{"type":"broadcast","message":"91","msg_id":163}}
[MATCH BROADCAST]
BEGIN GOSSIP
NEIGHBORS: n4
GOSSIP LOOP
LOOP ITER
[BROADCAST] {"src":"n1","dest":"n4","body":{"type":"broadcast","message":"91","msg_id":106}}
[BROADCAST_OK] {"src":"n1","dest":"n2","body":{"type":"broadcast_ok","in_reply_to":163,"msg_id":106}}
[RECEIVED] {"id":1234,"src":"n4","dest":"n1","body":{"type":"broadcast_ok","in_reply_to":106,"msg_id":80}}
[MATCH UNKNOWN]
[RECEIVED] {"id":1237,"src":"n4","dest":"n1","body":{"type":"broadcast","message":"92","msg_id":80}}
[CALLBACK MATCH] msg_id=80
[MATCH BROADCAST]
BEGIN GOSSIP
NEIGHBORS: n2
GOSSIP LOOP
LOOP ITER
[BROADCAST] {"src":"n1","dest":"n2","body":{"type":"broadcast","message":"92","msg_id":107}}
[BROADCAST_OK] {"src":"n1","dest":"n4","body":{"type":"broadcast_ok","in_reply_to":80,"msg_id":107}}
[RECEIVED] {"id":1244,"src":"n2","dest":"n1","body":{"type":"broadcast_ok","in_reply_to":107,"msg_id":165}}
[MATCH UNKNOWN]
[RECEIVED] {"id":1250,"src":"n2","dest":"n1","body":{"type":"broadcast","message":"93","msg_id":165}}
[RECEIVED] {"id":1251,"src":"n4","dest":"n1","body":{"type":"broadcast","message":"93","msg_id":82}}
[MATCH BROADCAST]
[CALLBACK MATCH] msg_id=82
[MATCH BROADCAST]
[BROADCAST_OK] {"src":"n1","dest":"n4","body":{"type":"broadcast_ok","in_reply_to":82,"msg_id":108}}
[BROADCAST_OK] {"src":"n1","dest":"n2","body":{"type":"broadcast_ok","in_reply_to":165,"msg_id":108}}
[RECEIVED] {"id":1258,"src":"c10","dest":"n1","body":{"type":"broadcast","message":94,"msg_id":54}}
[CALLBACK MATCH] msg_id=54
[MATCH BROADCAST]
BEGIN GOSSIP
NEIGHBORS: n2, n4
GOSSIP LOOP
LOOP ITER
[BROADCAST] {"src":"n1","dest":"n2","body":{"type":"broadcast","message":"94","msg_id":108}}
LOOP ITER
[BROADCAST] {"src":"n1","dest":"n4","body":{"type":"broadcast","message":"94","msg_id":109}}
[BROADCAST_OK] {"src":"n1","dest":"c10","body":{"type":"broadcast_ok","in_reply_to":54,"msg_id":108}}
[RECEIVED] {"id":1264,"src":"n4","dest":"n1","body":{"type":"broadcast_ok","in_reply_to":109,"msg_id":83}}
[MATCH UNKNOWN]
[RECEIVED] {"id":1266,"src":"n2","dest":"n1","body":{"type":"broadcast_ok","in_reply_to":108,"msg_id":167}}
[MATCH UNKNOWN]
[RECEIVED] {"id":1270,"src":"c10","dest":"n1","body":{"type":"read","msg_id":55}}
[CALLBACK MATCH] msg_id=55
[MATCH READ]
[READ_OK] {"src":"n1","dest":"c10","body":{"type":"read_ok","messages":["0","1","10","11","12","13","14","15","16","17","18","19","2","20","21","22","23","24","25","26","27","28","29","3","30","31","32","33","34","35","36","37","38","39","4","40","41","42","43","44","45","46","47","48","49","5","50","51","52","53","54","55","56","57","58","59","6","60","61","62","63","64","65","66","67","68","69","7","70","71","72","73","74","75","76","77","78","79","8","80","81","82","83","84","85","86","87","88","89","9","90","91","92","93","94"],"in_reply_to":55,"msg_id":110}}
[RECEIVED] {"id":1280,"src":"c10","dest":"n1","body":{"type":"broadcast","message":95,"msg_id":56}}
[MATCH BROADCAST]
BEGIN GOSSIP
NEIGHBORS: n2, n4
GOSSIP LOOP
LOOP ITER
[BROADCAST] {"src":"n1","dest":"n2","body":{"type":"broadcast","message":"95","msg_id":110}}
LOOP ITER
[BROADCAST] {"src":"n1","dest":"n4","body":{"type":"broadcast","message":"95","msg_id":111}}
[BROADCAST_OK] {"src":"n1","dest":"c10","body":{"type":"broadcast_ok","in_reply_to":56,"msg_id":110}}
[RECEIVED] {"id":1286,"src":"n4","dest":"n1","body":{"type":"broadcast_ok","in_reply_to":111,"msg_id":84}}
[MATCH UNKNOWN]
[RECEIVED] {"id":1288,"src":"n2","dest":"n1","body":{"type":"broadcast_ok","in_reply_to":110,"msg_id":169}}
[MATCH UNKNOWN]
[RECEIVED] {"id":1292,"src":"c10","dest":"n1","body":{"type":"broadcast","message":96,"msg_id":57}}
[CALLBACK MATCH] msg_id=57
[MATCH BROADCAST]
BEGIN GOSSIP
NEIGHBORS: n2, n4
GOSSIP LOOP
LOOP ITER
[BROADCAST] {"src":"n1","dest":"n2","body":{"type":"broadcast","message":"96","msg_id":112}}
LOOP ITER
[BROADCAST] {"src":"n1","dest":"n4","body":{"type":"broadcast","message":"96","msg_id":113}}
[BROADCAST_OK] {"src":"n1","dest":"c10","body":{"type":"broadcast_ok","in_reply_to":57,"msg_id":112}}
[RECEIVED] {"id":1298,"src":"n4","dest":"n1","body":{"type":"broadcast_ok","in_reply_to":113,"msg_id":85}}
[MATCH UNKNOWN]
[RECEIVED] {"id":1300,"src":"n2","dest":"n1","body":{"type":"broadcast_ok","in_reply_to":112,"msg_id":171}}
[MATCH UNKNOWN]
[RECEIVED] {"id":1305,"src":"n2","dest":"n1","body":{"type":"broadcast","message":"97","msg_id":173}}
[MATCH BROADCAST]
BEGIN GOSSIP
NEIGHBORS: n4
GOSSIP LOOP
LOOP ITER
[BROADCAST] {"src":"n1","dest":"n4","body":{"type":"broadcast","message":"97","msg_id":114}}
[BROADCAST_OK] {"src":"n1","dest":"n2","body":{"type":"broadcast_ok","in_reply_to":173,"msg_id":114}}
[RECEIVED] {"id":1315,"src":"n4","dest":"n1","body":{"type":"broadcast_ok","in_reply_to":114,"msg_id":86}}
[MATCH UNKNOWN]
[RECEIVED] {"id":1324,"src":"n2","dest":"n1","body":{"type":"broadcast","message":"98","msg_id":176}}
[RECEIVED] {"id":1325,"src":"n4","dest":"n1","body":{"type":"broadcast","message":"98","msg_id":86}}
[MATCH BROADCAST]
[CALLBACK MATCH] msg_id=86
[MATCH BROADCAST]
[BROADCAST_OK] {"src":"n1","dest":"n4","body":{"type":"broadcast_ok","in_reply_to":86,"msg_id":115}}
[BROADCAST_OK] {"src":"n1","dest":"n2","body":{"type":"broadcast_ok","in_reply_to":176,"msg_id":115}}
[RECEIVED] {"id":1332,"src":"c10","dest":"n1","body":{"type":"read","msg_id":58}}
[CALLBACK MATCH] msg_id=58
[MATCH READ]
[READ_OK] {"src":"n1","dest":"c10","body":{"type":"read_ok","messages":["0","1","10","11","12","13","14","15","16","17","18","19","2","20","21","22","23","24","25","26","27","28","29","3","30","31","32","33","34","35","36","37","38","39","4","40","41","42","43","44","45","46","47","48","49","5","50","51","52","53","54","55","56","57","58","59","6","60","61","62","63","64","65","66","67","68","69","7","70","71","72","73","74","75","76","77","78","79","8","80","81","82","83","84","85","86","87","88","89","9","90","91","92","93","94","95","96","97","98"],"in_reply_to":58,"msg_id":115}}
[RECEIVED] {"id":1334,"src":"c10","dest":"n1","body":{"type":"broadcast","message":99,"msg_id":59}}
[CALLBACK MATCH] msg_id=59
[MATCH BROADCAST]
BEGIN GOSSIP
NEIGHBORS: n2, n4
GOSSIP LOOP
LOOP ITER
[BROADCAST] {"src":"n1","dest":"n2","body":{"type":"broadcast","message":"99","msg_id":115}}
LOOP ITER
[BROADCAST] {"src":"n1","dest":"n4","body":{"type":"broadcast","message":"99","msg_id":116}}
[BROADCAST_OK] {"src":"n1","dest":"c10","body":{"type":"broadcast_ok","in_reply_to":59,"msg_id":115}}
[RECEIVED] {"id":1340,"src":"n4","dest":"n1","body":{"type":"broadcast_ok","in_reply_to":116,"msg_id":87}}
[MATCH UNKNOWN]
[RECEIVED] {"id":1342,"src":"n2","dest":"n1","body":{"type":"broadcast_ok","in_reply_to":115,"msg_id":178}}
[MATCH UNKNOWN]
[RECEIVED] {"id":1347,"src":"n2","dest":"n1","body":{"type":"broadcast","message":"100","msg_id":180}}
[MATCH BROADCAST]
BEGIN GOSSIP
NEIGHBORS: n4
GOSSIP LOOP
LOOP ITER
[BROADCAST] {"src":"n1","dest":"n4","body":{"type":"broadcast","message":"100","msg_id":117}}
[BROADCAST_OK] {"src":"n1","dest":"n2","body":{"type":"broadcast_ok","in_reply_to":180,"msg_id":117}}
[RECEIVED] {"id":1356,"src":"n4","dest":"n1","body":{"type":"broadcast_ok","in_reply_to":117,"msg_id":88}}
[MATCH UNKNOWN]
[RECEIVED] {"id":1364,"src":"c10","dest":"n1","body":{"type":"read","msg_id":60}}
[MATCH READ]
[READ_OK] {"src":"n1","dest":"c10","body":{"type":"read_ok","messages":["0","1","10","100","11","12","13","14","15","16","17","18","19","2","20","21","22","23","24","25","26","27","28","29","3","30","31","32","33","34","35","36","37","38","39","4","40","41","42","43","44","45","46","47","48","49","5","50","51","52","53","54","55","56","57","58","59","6","60","61","62","63","64","65","66","67","68","69","7","70","71","72","73","74","75","76","77","78","79","8","80","81","82","83","84","85","86","87","88","89","9","90","91","92","93","94","95","96","97","98","99"],"in_reply_to":60,"msg_id":118}}
[RECEIVED] {"id":1366,"src":"c10","dest":"n1","body":{"type":"broadcast","message":101,"msg_id":61}}
[CALLBACK MATCH] msg_id=61
[MATCH BROADCAST]
BEGIN GOSSIP
NEIGHBORS: n2, n4
GOSSIP LOOP
LOOP ITER
[BROADCAST] {"src":"n1","dest":"n2","body":{"type":"broadcast","message":"101","msg_id":118}}
LOOP ITER
[BROADCAST] {"src":"n1","dest":"n4","body":{"type":"broadcast","message":"101","msg_id":119}}
[BROADCAST_OK] {"src":"n1","dest":"c10","body":{"type":"broadcast_ok","in_reply_to":61,"msg_id":118}}
[RECEIVED] {"id":1372,"src":"n4","dest":"n1","body":{"type":"broadcast_ok","in_reply_to":119,"msg_id":88}}
[MATCH UNKNOWN]
[RECEIVED] {"id":1374,"src":"n2","dest":"n1","body":{"type":"broadcast_ok","in_reply_to":118,"msg_id":183}}
[MATCH UNKNOWN]
[RECEIVED] {"id":1379,"src":"n2","dest":"n1","body":{"type":"broadcast","message":"102","msg_id":185}}
[MATCH BROADCAST]
BEGIN GOSSIP
NEIGHBORS: n4
GOSSIP LOOP
LOOP ITER
[BROADCAST] {"src":"n1","dest":"n4","body":{"type":"broadcast","message":"102","msg_id":120}}
[BROADCAST_OK] {"src":"n1","dest":"n2","body":{"type":"broadcast_ok","in_reply_to":185,"msg_id":120}}
[RECEIVED] {"id":1388,"src":"n4","dest":"n1","body":{"type":"broadcast_ok","in_reply_to":120,"msg_id":89}}
[MATCH UNKNOWN]
[RECEIVED] {"id":1393,"src":"n4","dest":"n1","body":{"type":"broadcast","message":"103","msg_id":90}}
[CALLBACK MATCH] msg_id=90
[MATCH BROADCAST]
BEGIN GOSSIP
NEIGHBORS: n2
GOSSIP LOOP
LOOP ITER
[BROADCAST] {"src":"n1","dest":"n2","body":{"type":"broadcast","message":"103","msg_id":121}}
[BROADCAST_OK] {"src":"n1","dest":"n4","body":{"type":"broadcast_ok","in_reply_to":90,"msg_id":121}}
[RECEIVED] {"id":1400,"src":"n2","dest":"n1","body":{"type":"broadcast_ok","in_reply_to":121,"msg_id":188}}
[MATCH UNKNOWN]
[RECEIVED] {"id":1406,"src":"n2","dest":"n1","body":{"type":"broadcast","message":"104","msg_id":188}}
[RECEIVED] {"id":1407,"src":"n4","dest":"n1","body":{"type":"broadcast","message":"104","msg_id":92}}
[MATCH BROADCAST]
[CALLBACK MATCH] msg_id=92
[MATCH BROADCAST]
[BROADCAST_OK] {"src":"n1","dest":"n4","body":{"type":"broadcast_ok","in_reply_to":92,"msg_id":122}}
[BROADCAST_OK] {"src":"n1","dest":"n2","body":{"type":"broadcast_ok","in_reply_to":188,"msg_id":122}}
[RECEIVED] {"id":1414,"src":"c10","dest":"n1","body":{"type":"read","msg_id":62}}
[CALLBACK MATCH] msg_id=62
[MATCH READ]
[READ_OK] {"src":"n1","dest":"c10","body":{"type":"read_ok","messages":["0","1","10","100","101","102","103","104","11","12","13","14","15","16","17","18","19","2","20","21","22","23","24","25","26","27","28","29","3","30","31","32","33","34","35","36","37","38","39","4","40","41","42","43","44","45","46","47","48","49","5","50","51","52","53","54","55","56","57","58","59","6","60","61","62","63","64","65","66","67","68","69","7","70","71","72","73","74","75","76","77","78","79","8","80","81","82","83","84","85","86","87","88","89","9","90","91","92","93","94","95","96","97","98","99"],"in_reply_to":62,"msg_id":122}}
[RECEIVED] {"id":1416,"src":"c10","dest":"n1","body":{"type":"read","msg_id":63}}
[CALLBACK MATCH] msg_id=63
[MATCH READ]
[READ_OK] {"src":"n1","dest":"c10","body":{"type":"read_ok","messages":["0","1","10","100","101","102","103","104","11","12","13","14","15","16","17","18","19","2","20","21","22","23","24","25","26","27","28","29","3","30","31","32","33","34","35","36","37","38","39","4","40","41","42","43","44","45","46","47","48","49","5","50","51","52","53","54","55","56","57","58","59","6","60","61","62","63","64","65","66","67","68","69","7","70","71","72","73","74","75","76","77","78","79","8","80","81","82","83","84","85","86","87","88","89","9","90","91","92","93","94","95","96","97","98","99"],"in_reply_to":63,"msg_id":122}}
[RECEIVED] {"id":1428,"src":"c10","dest":"n1","body":{"type":"read","msg_id":64}}
[MATCH READ]
[READ_OK] {"src":"n1","dest":"c10","body":{"type":"read_ok","messages":["0","1","10","100","101","102","103","104","11","12","13","14","15","16","17","18","19","2","20","21","22","23","24","25","26","27","28","29","3","30","31","32","33","34","35","36","37","38","39","4","40","41","42","43","44","45","46","47","48","49","5","50","51","52","53","54","55","56","57","58","59","6","60","61","62","63","64","65","66","67","68","69","7","70","71","72","73","74","75","76","77","78","79","8","80","81","82","83","84","85","86","87","88","89","9","90","91","92","93","94","95","96","97","98","99"],"in_reply_to":64,"msg_id":122}}
