[RECEIVED] {"id":4,"src":"c4","dest":"n2","body":{"type":"init","node_id":"n2","node_ids":["n1","n2","n3","n4","n5"],"msg_id":1}}
[MATCH INIT]
[INIT_OK] {"src":"n2","dest":"c4","body":{"type":"init_ok","in_reply_to":1,"msg_id":0}}
[RECEIVED] {"id":12,"src":"c9","dest":"n2","body":{"type":"topology","topology":{"n1":["n4","n2"],"n2":["n5","n3","n1"],"n3":["n2"],"n4":["n1","n5"],"n5":["n2","n4"]},"msg_id":1}}
[MATCH TOPOLOGY]
[TOPOLOGY_OK] {"src":"n2","dest":"c9","body":{"type":"topology_ok","in_reply_to":1,"msg_id":0}}
[RECEIVED] {"id":21,"src":"n1","dest":"n2","body":{"type":"broadcast","message":"0","msg_id":0}}
[MATCH BROADCAST]
BEGIN GOSSIP
NEIGHBORS: n3, n5
GOSSIP LOOP
LOOP ITER
[BROADCAST] {"src":"n2","dest":"n3","body":{"type":"broadcast","message":"0","msg_id":0}}
LOOP ITER
[BROADCAST] {"src":"n2","dest":"n5","body":{"type":"broadcast","message":"0","msg_id":1}}
[BROADCAST_OK] {"src":"n2","dest":"n1","body":{"type":"broadcast_ok","in_reply_to":0,"msg_id":0}}
[RECEIVED] {"id":29,"src":"n3","dest":"n2","body":{"type":"broadcast_ok","in_reply_to":0,"msg_id":0}}
[MATCH UNKNOWN]
[RECEIVED] {"id":30,"src":"n5","dest":"n2","body":{"type":"broadcast_ok","in_reply_to":1,"msg_id":0}}
[MATCH UNKNOWN]
[RECEIVED] {"id":32,"src":"c11","dest":"n2","body":{"type":"broadcast","message":1,"msg_id":1}}
[CALLBACK MATCH] msg_id=1
[MATCH BROADCAST]
BEGIN GOSSIP
NEIGHBORS: n1, n3, n5
GOSSIP LOOP
LOOP ITER
[BROADCAST] {"src":"n2","dest":"n1","body":{"type":"broadcast","message":"1","msg_id":2}}
LOOP ITER
[BROADCAST] {"src":"n2","dest":"n3","body":{"type":"broadcast","message":"1","msg_id":3}}
LOOP ITER
[BROADCAST] {"src":"n2","dest":"n5","body":{"type":"broadcast","message":"1","msg_id":4}}
[BROADCAST_OK] {"src":"n2","dest":"c11","body":{"type":"broadcast_ok","in_reply_to":1,"msg_id":2}}
[RECEIVED] {"id":37,"src":"n3","dest":"n2","body":{"type":"broadcast_ok","in_reply_to":3,"msg_id":0}}
[MATCH UNKNOWN]
[RECEIVED] {"id":40,"src":"n1","dest":"n2","body":{"type":"broadcast_ok","in_reply_to":2,"msg_id":2}}
[MATCH UNKNOWN]
[RECEIVED] {"id":41,"src":"n5","dest":"n2","body":{"type":"broadcast_ok","in_reply_to":4,"msg_id":0}}
[MATCH UNKNOWN]
[RECEIVED] {"id":50,"src":"n5","dest":"n2","body":{"type":"broadcast","message":"2","msg_id":1}}
[RECEIVED] {"id":51,"src":"n1","dest":"n2","body":{"type":"broadcast","message":"2","msg_id":3}}
[MATCH BROADCAST]
[CALLBACK MATCH] msg_id=3
[MATCH BROADCAST]
[BROADCAST_OK] {"src":"n2","dest":"n1","body":{"type":"broadcast_ok","in_reply_to":3,"msg_id":5}}
[BROADCAST_OK] {"src":"n2","dest":"n5","body":{"type":"broadcast_ok","in_reply_to":1,"msg_id":5}}
[RECEIVED] {"id":59,"src":"n1","dest":"n2","body":{"type":"broadcast","message":"3","msg_id":4}}
[CALLBACK MATCH] msg_id=4
[MATCH BROADCAST]
BEGIN GOSSIP
NEIGHBORS: n3, n5
GOSSIP LOOP
LOOP ITER
[BROADCAST] {"src":"n2","dest":"n3","body":{"type":"broadcast","message":"3","msg_id":5}}
LOOP ITER
[BROADCAST] {"src":"n2","dest":"n5","body":{"type":"broadcast","message":"3","msg_id":6}}
[BROADCAST_OK] {"src":"n2","dest":"n1","body":{"type":"broadcast_ok","in_reply_to":4,"msg_id":5}}
[RECEIVED] {"id":68,"src":"n3","dest":"n2","body":{"type":"broadcast_ok","in_reply_to":5,"msg_id":0}}
[RECEIVED] {"id":69,"src":"n5","dest":"n2","body":{"type":"broadcast_ok","in_reply_to":6,"msg_id":2}}
[MATCH UNKNOWN]
[MATCH UNKNOWN]
[RECEIVED] {"id":72,"src":"c11","dest":"n2","body":{"type":"read","msg_id":2}}
[CALLBACK MATCH] msg_id=2
[MATCH READ]
[READ_OK] {"src":"n2","dest":"c11","body":{"type":"read_ok","messages":["0","1","2","3"],"in_reply_to":2,"msg_id":7}}
[RECEIVED] {"id":75,"src":"n3","dest":"n2","body":{"type":"broadcast","message":"4","msg_id":0}}
[CALLBACK MATCH] msg_id=0
[MATCH BROADCAST]
BEGIN GOSSIP
NEIGHBORS: n1, n5
GOSSIP LOOP
LOOP ITER
[BROADCAST] {"src":"n2","dest":"n1","body":{"type":"broadcast","message":"4","msg_id":7}}
LOOP ITER
[BROADCAST] {"src":"n2","dest":"n5","body":{"type":"broadcast","message":"4","msg_id":8}}
[BROADCAST_OK] {"src":"n2","dest":"n3","body":{"type":"broadcast_ok","in_reply_to":0,"msg_id":7}}
[RECEIVED] {"id":82,"src":"n1","dest":"n2","body":{"type":"broadcast_ok","in_reply_to":7,"msg_id":6}}
[RECEIVED] {"id":83,"src":"n5","dest":"n2","body":{"type":"broadcast_ok","in_reply_to":8,"msg_id":2}}
[MATCH UNKNOWN]
[MATCH UNKNOWN]
[RECEIVED] {"id":89,"src":"n5","dest":"n2","body":{"type":"broadcast","message":"5","msg_id":3}}
[MATCH BROADCAST]
BEGIN GOSSIP
NEIGHBORS: n1, n3
GOSSIP LOOP
LOOP ITER
[BROADCAST] {"src":"n2","dest":"n1","body":{"type":"broadcast","message":"5","msg_id":9}}
LOOP ITER
[BROADCAST] {"src":"n2","dest":"n3","body":{"type":"broadcast","message":"5","msg_id":10}}
[BROADCAST_OK] {"src":"n2","dest":"n5","body":{"type":"broadcast_ok","in_reply_to":3,"msg_id":9}}
[RECEIVED] {"id":98,"src":"n1","dest":"n2","body":{"type":"broadcast_ok","in_reply_to":9,"msg_id":7}}
[MATCH UNKNOWN]
[RECEIVED] {"id":99,"src":"n3","dest":"n2","body":{"type":"broadcast_ok","in_reply_to":10,"msg_id":1}}
[MATCH UNKNOWN]
[RECEIVED] {"id":103,"src":"n1","dest":"n2","body":{"type":"broadcast","message":"6","msg_id":7}}
[CALLBACK MATCH] msg_id=7
[MATCH BROADCAST]
BEGIN GOSSIP
NEIGHBORS: n3, n5
GOSSIP LOOP
LOOP ITER
[BROADCAST] {"src":"n2","dest":"n3","body":{"type":"broadcast","message":"6","msg_id":11}}
LOOP ITER
[BROADCAST] {"src":"n2","dest":"n5","body":{"type":"broadcast","message":"6","msg_id":12}}
[BROADCAST_OK] {"src":"n2","dest":"n1","body":{"type":"broadcast_ok","in_reply_to":7,"msg_id":11}}
[RECEIVED] {"id":112,"src":"n5","dest":"n2","body":{"type":"broadcast_ok","in_reply_to":12,"msg_id":5}}
[MATCH UNKNOWN]
[RECEIVED] {"id":113,"src":"n3","dest":"n2","body":{"type":"broadcast_ok","in_reply_to":11,"msg_id":1}}
[MATCH UNKNOWN]
[RECEIVED] {"id":114,"src":"c11","dest":"n2","body":{"type":"read","msg_id":3}}
[MATCH READ]
[READ_OK] {"src":"n2","dest":"c11","body":{"type":"read_ok","messages":["0","1","2","3","4","5","6"],"in_reply_to":3,"msg_id":13}}
[RECEIVED] {"id":117,"src":"n3","dest":"n2","body":{"type":"broadcast","message":"7","msg_id":1}}
[MATCH BROADCAST]
BEGIN GOSSIP
NEIGHBORS: n1, n5
GOSSIP LOOP
LOOP ITER
[BROADCAST] {"src":"n2","dest":"n1","body":{"type":"broadcast","message":"7","msg_id":13}}
LOOP ITER
[BROADCAST] {"src":"n2","dest":"n5","body":{"type":"broadcast","message":"7","msg_id":14}}
[BROADCAST_OK] {"src":"n2","dest":"n3","body":{"type":"broadcast_ok","in_reply_to":1,"msg_id":13}}
[RECEIVED] {"id":124,"src":"n1","dest":"n2","body":{"type":"broadcast_ok","in_reply_to":13,"msg_id":9}}
[RECEIVED] {"id":125,"src":"n5","dest":"n2","body":{"type":"broadcast_ok","in_reply_to":14,"msg_id":5}}
[MATCH UNKNOWN]
[MATCH UNKNOWN]
[RECEIVED] {"id":132,"src":"n5","dest":"n2","body":{"type":"broadcast","message":"8","msg_id":6}}
[CALLBACK MATCH] msg_id=6
[MATCH BROADCAST]
BEGIN GOSSIP
NEIGHBORS: n1, n3
[RECEIVED] {"id":133,"src":"n1","dest":"n2","body":{"type":"broadcast","message":"8","msg_id":10}}
GOSSIP LOOP
[CALLBACK MATCH] msg_id=10
[BROADCAST_OK] {"src":"n2","dest":"n5","body":{"type":"broadcast_ok","in_reply_to":6,"msg_id":15}}
[MATCH BROADCAST]
[BROADCAST_OK] {"src":"n2","dest":"n1","body":{"type":"broadcast_ok","in_reply_to":10,"msg_id":15}}
[RECEIVED] {"id":144,"src":"c11","dest":"n2","body":{"type":"broadcast","message":9,"msg_id":4}}
[MATCH BROADCAST]
BEGIN GOSSIP
NEIGHBORS: n1, n3, n5
GOSSIP LOOP
LOOP ITER
[BROADCAST] {"src":"n2","dest":"n1","body":{"type":"broadcast","message":"9","msg_id":15}}
LOOP ITER
[BROADCAST] {"src":"n2","dest":"n3","body":{"type":"broadcast","message":"9","msg_id":16}}
LOOP ITER
[BROADCAST] {"src":"n2","dest":"n5","body":{"type":"broadcast","message":"9","msg_id":17}}
[BROADCAST_OK] {"src":"n2","dest":"c11","body":{"type":"broadcast_ok","in_reply_to":4,"msg_id":15}}
[RECEIVED] {"id":150,"src":"n1","dest":"n2","body":{"type":"broadcast_ok","in_reply_to":15,"msg_id":11}}
[RECEIVED] {"id":152,"src":"n3","dest":"n2","body":{"type":"broadcast_ok","in_reply_to":16,"msg_id":2}}
[RECEIVED] {"id":153,"src":"n5","dest":"n2","body":{"type":"broadcast_ok","in_reply_to":17,"msg_id":7}}
[MATCH UNKNOWN]
[MATCH UNKNOWN]
[MATCH UNKNOWN]
[RECEIVED] {"id":157,"src":"n3","dest":"n2","body":{"type":"broadcast","message":"10","msg_id":2}}
[MATCH BROADCAST]
BEGIN GOSSIP
NEIGHBORS: n1, n5
GOSSIP LOOP
LOOP ITER
[BROADCAST] {"src":"n2","dest":"n1","body":{"type":"broadcast","message":"10","msg_id":18}}
LOOP ITER
[BROADCAST] {"src":"n2","dest":"n5","body":{"type":"broadcast","message":"10","msg_id":19}}
[BROADCAST_OK] {"src":"n2","dest":"n3","body":{"type":"broadcast_ok","in_reply_to":2,"msg_id":18}}
[RECEIVED] {"id":164,"src":"n1","dest":"n2","body":{"type":"broadcast_ok","in_reply_to":18,"msg_id":12}}
[RECEIVED] {"id":165,"src":"n5","dest":"n2","body":{"type":"broadcast_ok","in_reply_to":19,"msg_id":8}}
[MATCH UNKNOWN]
[MATCH UNKNOWN]
[RECEIVED] {"id":172,"src":"n5","dest":"n2","body":{"type":"broadcast","message":"11","msg_id":9}}
[CALLBACK MATCH] msg_id=9
[RECEIVED] {"id":173,"src":"n1","dest":"n2","body":{"type":"broadcast","message":"11","msg_id":13}}
[MATCH BROADCAST]
[CALLBACK MATCH] msg_id=13
[MATCH BROADCAST]
[BROADCAST_OK] {"src":"n2","dest":"n1","body":{"type":"broadcast_ok","in_reply_to":13,"msg_id":20}}
[BROADCAST_OK] {"src":"n2","dest":"n5","body":{"type":"broadcast_ok","in_reply_to":9,"msg_id":20}}
[RECEIVED] {"id":181,"src":"n1","dest":"n2","body":{"type":"broadcast","message":"12","msg_id":14}}
[CALLBACK MATCH] msg_id=14
[MATCH BROADCAST]
BEGIN GOSSIP
NEIGHBORS: n3, n5
GOSSIP LOOP
LOOP ITER
[BROADCAST] {"src":"n2","dest":"n3","body":{"type":"broadcast","message":"12","msg_id":20}}
LOOP ITER
[BROADCAST] {"src":"n2","dest":"n5","body":{"type":"broadcast","message":"12","msg_id":21}}
[BROADCAST_OK] {"src":"n2","dest":"n1","body":{"type":"broadcast_ok","in_reply_to":14,"msg_id":20}}
[RECEIVED] {"id":190,"src":"n3","dest":"n2","body":{"type":"broadcast_ok","in_reply_to":20,"msg_id":3}}
[RECEIVED] {"id":191,"src":"n5","dest":"n2","body":{"type":"broadcast_ok","in_reply_to":21,"msg_id":10}}
[MATCH UNKNOWN]
[MATCH UNKNOWN]
[RECEIVED] {"id":194,"src":"c11","dest":"n2","body":{"type":"broadcast","message":13,"msg_id":5}}
[CALLBACK MATCH] msg_id=5
[MATCH BROADCAST]
BEGIN GOSSIP
NEIGHBORS: n1, n3, n5
GOSSIP LOOP
LOOP ITER
[BROADCAST] {"src":"n2","dest":"n1","body":{"type":"broadcast","message":"13","msg_id":22}}
LOOP ITER
[BROADCAST] {"src":"n2","dest":"n3","body":{"type":"broadcast","message":"13","msg_id":23}}
LOOP ITER
[BROADCAST] {"src":"n2","dest":"n5","body":{"type":"broadcast","message":"13","msg_id":24}}
[BROADCAST_OK] {"src":"n2","dest":"c11","body":{"type":"broadcast_ok","in_reply_to":5,"msg_id":22}}
[RECEIVED] {"id":200,"src":"n1","dest":"n2","body":{"type":"broadcast_ok","in_reply_to":22,"msg_id":16}}
[RECEIVED] {"id":201,"src":"n3","dest":"n2","body":{"type":"broadcast_ok","in_reply_to":23,"msg_id":3}}
[MATCH UNKNOWN]
[MATCH UNKNOWN]
[RECEIVED] {"id":203,"src":"n5","dest":"n2","body":{"type":"broadcast_ok","in_reply_to":24,"msg_id":10}}
[MATCH UNKNOWN]
[RECEIVED] {"id":207,"src":"n3","dest":"n2","body":{"type":"broadcast","message":"14","msg_id":3}}
[MATCH BROADCAST]
BEGIN GOSSIP
NEIGHBORS: n1, n5
GOSSIP LOOP
LOOP ITER
[BROADCAST] {"src":"n2","dest":"n1","body":{"type":"broadcast","message":"14","msg_id":25}}
LOOP ITER
[BROADCAST] {"src":"n2","dest":"n5","body":{"type":"broadcast","message":"14","msg_id":26}}
[BROADCAST_OK] {"src":"n2","dest":"n3","body":{"type":"broadcast_ok","in_reply_to":3,"msg_id":25}}
[RECEIVED] {"id":214,"src":"n1","dest":"n2","body":{"type":"broadcast_ok","in_reply_to":25,"msg_id":17}}
[RECEIVED] {"id":215,"src":"n5","dest":"n2","body":{"type":"broadcast_ok","in_reply_to":26,"msg_id":11}}
[MATCH UNKNOWN]
[MATCH UNKNOWN]
[RECEIVED] {"id":222,"src":"n1","dest":"n2","body":{"type":"broadcast","message":"15","msg_id":18}}
[RECEIVED] {"id":223,"src":"n5","dest":"n2","body":{"type":"broadcast","message":"15","msg_id":12}}
[CALLBACK MATCH] msg_id=18
[MATCH BROADCAST]
[CALLBACK MATCH] msg_id=12
[MATCH BROADCAST]
[BROADCAST_OK] {"src":"n2","dest":"n5","body":{"type":"broadcast_ok","in_reply_to":12,"msg_id":27}}
[BROADCAST_OK] {"src":"n2","dest":"n1","body":{"type":"broadcast_ok","in_reply_to":18,"msg_id":27}}
[RECEIVED] {"id":231,"src":"n5","dest":"n2","body":{"type":"broadcast","message":"16","msg_id":13}}
[MATCH BROADCAST]
BEGIN GOSSIP
NEIGHBORS: n1, n3
GOSSIP LOOP
LOOP ITER
[BROADCAST] {"src":"n2","dest":"n1","body":{"type":"broadcast","message":"16","msg_id":27}}
LOOP ITER
[BROADCAST] {"src":"n2","dest":"n3","body":{"type":"broadcast","message":"16","msg_id":28}}
[BROADCAST_OK] {"src":"n2","dest":"n5","body":{"type":"broadcast_ok","in_reply_to":13,"msg_id":27}}
[RECEIVED] {"id":240,"src":"n1","dest":"n2","body":{"type":"broadcast_ok","in_reply_to":27,"msg_id":19}}
[MATCH UNKNOWN]
[RECEIVED] {"id":241,"src":"n3","dest":"n2","body":{"type":"broadcast_ok","in_reply_to":28,"msg_id":4}}
[MATCH UNKNOWN]
[RECEIVED] {"id":243,"src":"n1","dest":"n2","body":{"type":"broadcast","message":"17","msg_id":19}}
[CALLBACK MATCH] msg_id=19
[MATCH BROADCAST]
BEGIN GOSSIP
NEIGHBORS: n3, n5
GOSSIP LOOP
LOOP ITER
[BROADCAST] {"src":"n2","dest":"n3","body":{"type":"broadcast","message":"17","msg_id":29}}
LOOP ITER
[BROADCAST] {"src":"n2","dest":"n5","body":{"type":"broadcast","message":"17","msg_id":30}}
[BROADCAST_OK] {"src":"n2","dest":"n1","body":{"type":"broadcast_ok","in_reply_to":19,"msg_id":29}}
[RECEIVED] {"id":251,"src":"n3","dest":"n2","body":{"type":"broadcast_ok","in_reply_to":29,"msg_id":4}}
[MATCH UNKNOWN]
[RECEIVED] {"id":253,"src":"n5","dest":"n2","body":{"type":"broadcast_ok","in_reply_to":30,"msg_id":15}}
[MATCH UNKNOWN]
[RECEIVED] {"id":254,"src":"c11","dest":"n2","body":{"type":"broadcast","message":18,"msg_id":6}}
[MATCH BROADCAST]
BEGIN GOSSIP
NEIGHBORS: n1, n3, n5
GOSSIP LOOP
LOOP ITER
[BROADCAST] {"src":"n2","dest":"n1","body":{"type":"broadcast","message":"18","msg_id":31}}
LOOP ITER
[BROADCAST] {"src":"n2","dest":"n3","body":{"type":"broadcast","message":"18","msg_id":32}}
LOOP ITER
[BROADCAST] {"src":"n2","dest":"n5","body":{"type":"broadcast","message":"18","msg_id":33}}
[BROADCAST_OK] {"src":"n2","dest":"c11","body":{"type":"broadcast_ok","in_reply_to":6,"msg_id":31}}
[RECEIVED] {"id":260,"src":"n3","dest":"n2","body":{"type":"broadcast_ok","in_reply_to":32,"msg_id":4}}
[MATCH UNKNOWN]
[RECEIVED] {"id":261,"src":"n1","dest":"n2","body":{"type":"broadcast_ok","in_reply_to":31,"msg_id":21}}
[MATCH UNKNOWN]
[RECEIVED] {"id":263,"src":"n5","dest":"n2","body":{"type":"broadcast_ok","in_reply_to":33,"msg_id":15}}
[MATCH UNKNOWN]
[RECEIVED] {"id":267,"src":"n3","dest":"n2","body":{"type":"broadcast","message":"19","msg_id":4}}
[MATCH BROADCAST]
BEGIN GOSSIP
NEIGHBORS: n1, n5
GOSSIP LOOP
LOOP ITER
[BROADCAST] {"src":"n2","dest":"n1","body":{"type":"broadcast","message":"19","msg_id":34}}
LOOP ITER
[BROADCAST] {"src":"n2","dest":"n5","body":{"type":"broadcast","message":"19","msg_id":35}}
[BROADCAST_OK] {"src":"n2","dest":"n3","body":{"type":"broadcast_ok","in_reply_to":4,"msg_id":34}}
[RECEIVED] {"id":274,"src":"n1","dest":"n2","body":{"type":"broadcast_ok","in_reply_to":34,"msg_id":22}}
[MATCH UNKNOWN]
[RECEIVED] {"id":275,"src":"n5","dest":"n2","body":{"type":"broadcast_ok","in_reply_to":35,"msg_id":16}}
[MATCH UNKNOWN]
[RECEIVED] {"id":285,"src":"n1","dest":"n2","body":{"type":"broadcast","message":"20","msg_id":23}}
[CALLBACK MATCH] msg_id=23
[MATCH BROADCAST]
BEGIN GOSSIP
NEIGHBORS: n3, n5
GOSSIP LOOP
LOOP ITER
[BROADCAST] {"src":"n2","dest":"n3","body":{"type":"broadcast","message":"20","msg_id":36}}
LOOP ITER
[BROADCAST] {"src":"n2","dest":"n5","body":{"type":"broadcast","message":"20","msg_id":37}}
[BROADCAST_OK] {"src":"n2","dest":"n1","body":{"type":"broadcast_ok","in_reply_to":23,"msg_id":36}}
[RECEIVED] {"id":294,"src":"n5","dest":"n2","body":{"type":"broadcast_ok","in_reply_to":37,"msg_id":17}}
[RECEIVED] {"id":295,"src":"n3","dest":"n2","body":{"type":"broadcast_ok","in_reply_to":36,"msg_id":5}}
[MATCH UNKNOWN]
[MATCH UNKNOWN]
[RECEIVED] {"id":296,"src":"c11","dest":"n2","body":{"type":"read","msg_id":7}}
[MATCH READ]
[READ_OK] {"src":"n2","dest":"c11","body":{"type":"read_ok","messages":["0","1","10","11","12","13","14","15","16","17","18","19","2","20","3","4","5","6","7","8","9"],"in_reply_to":7,"msg_id":38}}
[RECEIVED] {"id":308,"src":"c11","dest":"n2","body":{"type":"broadcast","message":21,"msg_id":8}}
[CALLBACK MATCH] msg_id=8
[MATCH BROADCAST]
BEGIN GOSSIP
NEIGHBORS: n1, n3, n5
GOSSIP LOOP
LOOP ITER
[BROADCAST] {"src":"n2","dest":"n1","body":{"type":"broadcast","message":"21","msg_id":38}}
LOOP ITER
[BROADCAST] {"src":"n2","dest":"n3","body":{"type":"broadcast","message":"21","msg_id":39}}
LOOP ITER
[BROADCAST] {"src":"n2","dest":"n5","body":{"type":"broadcast","message":"21","msg_id":40}}
[BROADCAST_OK] {"src":"n2","dest":"c11","body":{"type":"broadcast_ok","in_reply_to":8,"msg_id":38}}
[RECEIVED] {"id":314,"src":"n5","dest":"n2","body":{"type":"broadcast_ok","in_reply_to":40,"msg_id":17}}
[MATCH UNKNOWN]
[RECEIVED] {"id":315,"src":"n3","dest":"n2","body":{"type":"broadcast_ok","in_reply_to":39,"msg_id":5}}
[MATCH UNKNOWN]
[RECEIVED] {"id":317,"src":"n1","dest":"n2","body":{"type":"broadcast_ok","in_reply_to":38,"msg_id":25}}
[MATCH UNKNOWN]
[RECEIVED] {"id":321,"src":"n3","dest":"n2","body":{"type":"broadcast","message":"22","msg_id":5}}
[MATCH BROADCAST]
BEGIN GOSSIP
NEIGHBORS: n1, n5
GOSSIP LOOP
LOOP ITER
[BROADCAST] {"src":"n2","dest":"n1","body":{"type":"broadcast","message":"22","msg_id":41}}
LOOP ITER
[BROADCAST] {"src":"n2","dest":"n5","body":{"type":"broadcast","message":"22","msg_id":42}}
[BROADCAST_OK] {"src":"n2","dest":"n3","body":{"type":"broadcast_ok","in_reply_to":5,"msg_id":41}}
[RECEIVED] {"id":327,"src":"n1","dest":"n2","body":{"type":"broadcast_ok","in_reply_to":41,"msg_id":26}}
[MATCH UNKNOWN]
[RECEIVED] {"id":329,"src":"n5","dest":"n2","body":{"type":"broadcast_ok","in_reply_to":42,"msg_id":18}}
[MATCH UNKNOWN]
[RECEIVED] {"id":336,"src":"n5","dest":"n2","body":{"type":"broadcast","message":"23","msg_id":19}}
[RECEIVED] {"id":337,"src":"n1","dest":"n2","body":{"type":"broadcast","message":"23","msg_id":27}}
[MATCH BROADCAST]
[CALLBACK MATCH] msg_id=27
[MATCH BROADCAST]
[BROADCAST_OK] {"src":"n2","dest":"n1","body":{"type":"broadcast_ok","in_reply_to":27,"msg_id":43}}
[BROADCAST_OK] {"src":"n2","dest":"n5","body":{"type":"broadcast_ok","in_reply_to":19,"msg_id":43}}
[RECEIVED] {"id":348,"src":"c11","dest":"n2","body":{"type":"read","msg_id":9}}
[MATCH READ]
[READ_OK] {"src":"n2","dest":"c11","body":{"type":"read_ok","messages":["0","1","10","11","12","13","14","15","16","17","18","19","2","20","21","22","23","3","4","5","6","7","8","9"],"in_reply_to":9,"msg_id":43}}
[RECEIVED] {"id":356,"src":"n1","dest":"n2","body":{"type":"broadcast","message":"24","msg_id":28}}
[RECEIVED] {"id":357,"src":"n5","dest":"n2","body":{"type":"broadcast","message":"24","msg_id":20}}
[CALLBACK MATCH] msg_id=28
[MATCH BROADCAST]
[CALLBACK MATCH] msg_id=20
[MATCH BROADCAST]
[BROADCAST_OK] {"src":"n2","dest":"n5","body":{"type":"broadcast_ok","in_reply_to":20,"msg_id":43}}
[BROADCAST_OK] {"src":"n2","dest":"n1","body":{"type":"broadcast_ok","in_reply_to":28,"msg_id":43}}
[RECEIVED] {"id":363,"src":"n5","dest":"n2","body":{"type":"broadcast","message":"25","msg_id":21}}
[CALLBACK MATCH] msg_id=21
[MATCH BROADCAST]
BEGIN GOSSIP
NEIGHBORS: n1, n3
GOSSIP LOOP
LOOP ITER
[BROADCAST] {"src":"n2","dest":"n1","body":{"type":"broadcast","message":"25","msg_id":43}}
LOOP ITER
[BROADCAST] {"src":"n2","dest":"n3","body":{"type":"broadcast","message":"25","msg_id":44}}
[BROADCAST_OK] {"src":"n2","dest":"n5","body":{"type":"broadcast_ok","in_reply_to":21,"msg_id":43}}
[RECEIVED] {"id":372,"src":"n1","dest":"n2","body":{"type":"broadcast_ok","in_reply_to":43,"msg_id":29}}
[RECEIVED] {"id":373,"src":"n3","dest":"n2","body":{"type":"broadcast_ok","in_reply_to":44,"msg_id":6}}
[MATCH UNKNOWN]
[MATCH UNKNOWN]
[RECEIVED] {"id":375,"src":"n1","dest":"n2","body":{"type":"broadcast","message":"26","msg_id":29}}
[CALLBACK MATCH] msg_id=29
[MATCH BROADCAST]
BEGIN GOSSIP
NEIGHBORS: n3, n5
GOSSIP LOOP
LOOP ITER
[BROADCAST] {"src":"n2","dest":"n3","body":{"type":"broadcast","message":"26","msg_id":45}}
LOOP ITER
[BROADCAST] {"src":"n2","dest":"n5","body":{"type":"broadcast","message":"26","msg_id":46}}
[BROADCAST_OK] {"src":"n2","dest":"n1","body":{"type":"broadcast_ok","in_reply_to":29,"msg_id":45}}
[RECEIVED] {"id":383,"src":"n5","dest":"n2","body":{"type":"broadcast","message":"26","msg_id":23}}
[MATCH BROADCAST]
[BROADCAST_OK] {"src":"n2","dest":"n5","body":{"type":"broadcast_ok","in_reply_to":23,"msg_id":47}}
[RECEIVED] {"id":384,"src":"n5","dest":"n2","body":{"type":"broadcast_ok","in_reply_to":46,"msg_id":24}}
[MATCH UNKNOWN]
[RECEIVED] {"id":386,"src":"n3","dest":"n2","body":{"type":"broadcast_ok","in_reply_to":45,"msg_id":6}}
[MATCH UNKNOWN]
[RECEIVED] {"id":389,"src":"n1","dest":"n2","body":{"type":"broadcast","message":"27","msg_id":31}}
[CALLBACK MATCH] msg_id=31
[MATCH BROADCAST]
BEGIN GOSSIP
NEIGHBORS: n3, n5
GOSSIP LOOP
LOOP ITER
[BROADCAST] {"src":"n2","dest":"n3","body":{"type":"broadcast","message":"27","msg_id":47}}
LOOP ITER
[BROADCAST] {"src":"n2","dest":"n5","body":{"type":"broadcast","message":"27","msg_id":48}}
[BROADCAST_OK] {"src":"n2","dest":"n1","body":{"type":"broadcast_ok","in_reply_to":31,"msg_id":47}}
[RECEIVED] {"id":397,"src":"n3","dest":"n2","body":{"type":"broadcast_ok","in_reply_to":47,"msg_id":6}}
[MATCH UNKNOWN]
[RECEIVED] {"id":399,"src":"n5","dest":"n2","body":{"type":"broadcast_ok","in_reply_to":48,"msg_id":24}}
[MATCH UNKNOWN]
[RECEIVED] {"id":400,"src":"c11","dest":"n2","body":{"type":"read","msg_id":10}}
[MATCH READ]
[READ_OK] {"src":"n2","dest":"c11","body":{"type":"read_ok","messages":["0","1","10","11","12","13","14","15","16","17","18","19","2","20","21","22","23","24","25","26","27","3","4","5","6","7","8","9"],"in_reply_to":10,"msg_id":49}}
[RECEIVED] {"id":408,"src":"n1","dest":"n2","body":{"type":"broadcast","message":"28","msg_id":33}}
[RECEIVED] {"id":409,"src":"n5","dest":"n2","body":{"type":"broadcast","message":"28","msg_id":24}}
[CALLBACK MATCH] msg_id=33
[MATCH BROADCAST]
[CALLBACK MATCH] msg_id=24
[MATCH BROADCAST]
[BROADCAST_OK] {"src":"n2","dest":"n5","body":{"type":"broadcast_ok","in_reply_to":24,"msg_id":49}}
[BROADCAST_OK] {"src":"n2","dest":"n1","body":{"type":"broadcast_ok","in_reply_to":33,"msg_id":49}}
[RECEIVED] {"id":415,"src":"n5","dest":"n2","body":{"type":"broadcast","message":"29","msg_id":25}}
[CALLBACK MATCH] msg_id=25
[MATCH BROADCAST]
BEGIN GOSSIP
NEIGHBORS: n1, n3
GOSSIP LOOP
LOOP ITER
[BROADCAST] {"src":"n2","dest":"n1","body":{"type":"broadcast","message":"29","msg_id":49}}
LOOP ITER
[BROADCAST] {"src":"n2","dest":"n3","body":{"type":"broadcast","message":"29","msg_id":50}}
[BROADCAST_OK] {"src":"n2","dest":"n5","body":{"type":"broadcast_ok","in_reply_to":25,"msg_id":49}}
[RECEIVED] {"id":423,"src":"n1","dest":"n2","body":{"type":"broadcast_ok","in_reply_to":49,"msg_id":34}}
[RECEIVED] {"id":424,"src":"n3","dest":"n2","body":{"type":"broadcast_ok","in_reply_to":50,"msg_id":6}}
[MATCH UNKNOWN]
[MATCH UNKNOWN]
[RECEIVED] {"id":430,"src":"c11","dest":"n2","body":{"type":"broadcast","message":30,"msg_id":11}}
[CALLBACK MATCH] msg_id=11
[MATCH BROADCAST]
BEGIN GOSSIP
NEIGHBORS: n1, n3, n5
GOSSIP LOOP
LOOP ITER
[BROADCAST] {"src":"n2","dest":"n1","body":{"type":"broadcast","message":"30","msg_id":51}}
LOOP ITER
[BROADCAST] {"src":"n2","dest":"n3","body":{"type":"broadcast","message":"30","msg_id":52}}
LOOP ITER
[BROADCAST] {"src":"n2","dest":"n5","body":{"type":"broadcast","message":"30","msg_id":53}}
[BROADCAST_OK] {"src":"n2","dest":"c11","body":{"type":"broadcast_ok","in_reply_to":11,"msg_id":51}}
[RECEIVED] {"id":437,"src":"n3","dest":"n2","body":{"type":"broadcast_ok","in_reply_to":52,"msg_id":6}}
[MATCH UNKNOWN]
[RECEIVED] {"id":440,"src":"n1","dest":"n2","body":{"type":"broadcast_ok","in_reply_to":51,"msg_id":34}}
[RECEIVED] {"id":441,"src":"n5","dest":"n2","body":{"type":"broadcast_ok","in_reply_to":53,"msg_id":27}}
[MATCH UNKNOWN]
[MATCH UNKNOWN]
[RECEIVED] {"id":448,"src":"n1","dest":"n2","body":{"type":"broadcast","message":"31","msg_id":35}}
[RECEIVED] {"id":449,"src":"n5","dest":"n2","body":{"type":"broadcast","message":"31","msg_id":28}}
[CALLBACK MATCH] msg_id=35
[MATCH BROADCAST]
[MATCH BROADCAST]
[BROADCAST_OK] {"src":"n2","dest":"n1","body":{"type":"broadcast_ok","in_reply_to":35,"msg_id":54}}
[BROADCAST_OK] {"src":"n2","dest":"n5","body":{"type":"broadcast_ok","in_reply_to":28,"msg_id":54}}
[RECEIVED] {"id":455,"src":"n5","dest":"n2","body":{"type":"broadcast","message":"32","msg_id":29}}
[MATCH BROADCAST]
BEGIN GOSSIP
NEIGHBORS: n1, n3
GOSSIP LOOP
LOOP ITER
[BROADCAST] {"src":"n2","dest":"n1","body":{"type":"broadcast","message":"32","msg_id":54}}
LOOP ITER
[BROADCAST] {"src":"n2","dest":"n3","body":{"type":"broadcast","message":"32","msg_id":55}}
[BROADCAST_OK] {"src":"n2","dest":"n5","body":{"type":"broadcast_ok","in_reply_to":29,"msg_id":54}}
[RECEIVED] {"id":464,"src":"n1","dest":"n2","body":{"type":"broadcast_ok","in_reply_to":54,"msg_id":36}}
[MATCH UNKNOWN]
[RECEIVED] {"id":465,"src":"n3","dest":"n2","body":{"type":"broadcast_ok","in_reply_to":55,"msg_id":6}}
[MATCH UNKNOWN]
[RECEIVED] {"id":469,"src":"n1","dest":"n2","body":{"type":"broadcast","message":"33","msg_id":37}}
[CALLBACK MATCH] msg_id=37
[MATCH BROADCAST]
BEGIN GOSSIP
NEIGHBORS: n3, n5
GOSSIP LOOP
LOOP ITER
[BROADCAST] {"src":"n2","dest":"n3","body":{"type":"broadcast","message":"33","msg_id":56}}
LOOP ITER
[BROADCAST] {"src":"n2","dest":"n5","body":{"type":"broadcast","message":"33","msg_id":57}}
[BROADCAST_OK] {"src":"n2","dest":"n1","body":{"type":"broadcast_ok","in_reply_to":37,"msg_id":56}}
[RECEIVED] {"id":477,"src":"n3","dest":"n2","body":{"type":"broadcast_ok","in_reply_to":56,"msg_id":6}}
[MATCH UNKNOWN]
[RECEIVED] {"id":479,"src":"n5","dest":"n2","body":{"type":"broadcast_ok","in_reply_to":57,"msg_id":31}}
[MATCH UNKNOWN]
[RECEIVED] {"id":481,"src":"n1","dest":"n2","body":{"type":"broadcast","message":"34","msg_id":39}}
[CALLBACK MATCH] msg_id=39
[MATCH BROADCAST]
BEGIN GOSSIP
NEIGHBORS: n3, n5
GOSSIP LOOP
LOOP ITER
[BROADCAST] {"src":"n2","dest":"n3","body":{"type":"broadcast","message":"34","msg_id":58}}
LOOP ITER
[BROADCAST] {"src":"n2","dest":"n5","body":{"type":"broadcast","message":"34","msg_id":59}}
[BROADCAST_OK] {"src":"n2","dest":"n1","body":{"type":"broadcast_ok","in_reply_to":39,"msg_id":58}}
[RECEIVED] {"id":488,"src":"n3","dest":"n2","body":{"type":"broadcast_ok","in_reply_to":58,"msg_id":6}}
[RECEIVED] {"id":490,"src":"n5","dest":"n2","body":{"type":"broadcast_ok","in_reply_to":59,"msg_id":31}}
[MATCH UNKNOWN]
[MATCH UNKNOWN]
[RECEIVED] {"id":492,"src":"c11","dest":"n2","body":{"type":"read","msg_id":12}}
[MATCH READ]
[READ_OK] {"src":"n2","dest":"c11","body":{"type":"read_ok","messages":["0","1","10","11","12","13","14","15","16","17","18","19","2","20","21","22","23","24","25","26","27","28","29","3","30","31","32","33","34","4","5","6","7","8","9"],"in_reply_to":12,"msg_id":60}}
[RECEIVED] {"id":495,"src":"n3","dest":"n2","body":{"type":"broadcast","message":"35","msg_id":6}}
[MATCH BROADCAST]
BEGIN GOSSIP
NEIGHBORS: n1, n5
GOSSIP LOOP
LOOP ITER
[BROADCAST] {"src":"n2","dest":"n1","body":{"type":"broadcast","message":"35","msg_id":60}}
LOOP ITER
[BROADCAST] {"src":"n2","dest":"n5","body":{"type":"broadcast","message":"35","msg_id":61}}
[BROADCAST_OK] {"src":"n2","dest":"n3","body":{"type":"broadcast_ok","in_reply_to":6,"msg_id":60}}
[RECEIVED] {"id":502,"src":"n1","dest":"n2","body":{"type":"broadcast_ok","in_reply_to":60,"msg_id":41}}
[MATCH UNKNOWN]
[RECEIVED] {"id":503,"src":"n5","dest":"n2","body":{"type":"broadcast_ok","in_reply_to":61,"msg_id":31}}
[MATCH UNKNOWN]
[RECEIVED] {"id":509,"src":"n5","dest":"n2","body":{"type":"broadcast","message":"36","msg_id":32}}
[CALLBACK MATCH] msg_id=32
[MATCH BROADCAST]
BEGIN GOSSIP
NEIGHBORS: n1, n3
GOSSIP LOOP
LOOP ITER
[BROADCAST] {"src":"n2","dest":"n1","body":{"type":"broadcast","message":"36","msg_id":62}}
LOOP ITER
[BROADCAST] {"src":"n2","dest":"n3","body":{"type":"broadcast","message":"36","msg_id":63}}
[BROADCAST_OK] {"src":"n2","dest":"n5","body":{"type":"broadcast_ok","in_reply_to":32,"msg_id":62}}
[RECEIVED] {"id":518,"src":"n1","dest":"n2","body":{"type":"broadcast_ok","in_reply_to":62,"msg_id":42}}
[RECEIVED] {"id":519,"src":"n3","dest":"n2","body":{"type":"broadcast_ok","in_reply_to":63,"msg_id":7}}
[MATCH UNKNOWN]
[MATCH UNKNOWN]
[RECEIVED] {"id":524,"src":"c11","dest":"n2","body":{"type":"broadcast","message":37,"msg_id":13}}
[MATCH BROADCAST]
BEGIN GOSSIP
NEIGHBORS: n1, n3, n5
GOSSIP LOOP
LOOP ITER
[BROADCAST] {"src":"n2","dest":"n1","body":{"type":"broadcast","message":"37","msg_id":64}}
LOOP ITER
[BROADCAST] {"src":"n2","dest":"n3","body":{"type":"broadcast","message":"37","msg_id":65}}
LOOP ITER
[BROADCAST] {"src":"n2","dest":"n5","body":{"type":"broadcast","message":"37","msg_id":66}}
[BROADCAST_OK] {"src":"n2","dest":"c11","body":{"type":"broadcast_ok","in_reply_to":13,"msg_id":64}}
[RECEIVED] {"id":530,"src":"n3","dest":"n2","body":{"type":"broadcast_ok","in_reply_to":65,"msg_id":7}}
[RECEIVED] {"id":531,"src":"n1","dest":"n2","body":{"type":"broadcast_ok","in_reply_to":64,"msg_id":42}}
[MATCH UNKNOWN]
[MATCH UNKNOWN]
[RECEIVED] {"id":533,"src":"n5","dest":"n2","body":{"type":"broadcast_ok","in_reply_to":66,"msg_id":34}}
[MATCH UNKNOWN]
[RECEIVED] {"id":541,"src":"n5","dest":"n2","body":{"type":"broadcast","message":"38","msg_id":35}}
[MATCH BROADCAST]
BEGIN GOSSIP
NEIGHBORS: n1, n3
GOSSIP LOOP
LOOP ITER
[BROADCAST] {"src":"n2","dest":"n1","body":{"type":"broadcast","message":"38","msg_id":67}}
LOOP ITER
[BROADCAST] {"src":"n2","dest":"n3","body":{"type":"broadcast","message":"38","msg_id":68}}
[BROADCAST_OK] {"src":"n2","dest":"n5","body":{"type":"broadcast_ok","in_reply_to":35,"msg_id":67}}
[RECEIVED] {"id":550,"src":"n1","dest":"n2","body":{"type":"broadcast_ok","in_reply_to":67,"msg_id":43}}
[MATCH UNKNOWN]
[RECEIVED] {"id":551,"src":"n3","dest":"n2","body":{"type":"broadcast_ok","in_reply_to":68,"msg_id":7}}
[MATCH UNKNOWN]
[RECEIVED] {"id":553,"src":"n1","dest":"n2","body":{"type":"broadcast","message":"39","msg_id":43}}
[CALLBACK MATCH] msg_id=43
[MATCH BROADCAST]
BEGIN GOSSIP
NEIGHBORS: n3, n5
GOSSIP LOOP
LOOP ITER
[BROADCAST] {"src":"n2","dest":"n3","body":{"type":"broadcast","message":"39","msg_id":69}}
LOOP ITER
[BROADCAST] {"src":"n2","dest":"n5","body":{"type":"broadcast","message":"39","msg_id":70}}
[BROADCAST_OK] {"src":"n2","dest":"n1","body":{"type":"broadcast_ok","in_reply_to":43,"msg_id":69}}
[RECEIVED] {"id":561,"src":"n5","dest":"n2","body":{"type":"broadcast","message":"39","msg_id":37}}
[MATCH BROADCAST]
[RECEIVED] {"id":562,"src":"n5","dest":"n2","body":{"type":"broadcast_ok","in_reply_to":70,"msg_id":38}}
[BROADCAST_OK] {"src":"n2","dest":"n5","body":{"type":"broadcast_ok","in_reply_to":37,"msg_id":71}}
[MATCH UNKNOWN]
[RECEIVED] {"id":564,"src":"n3","dest":"n2","body":{"type":"broadcast_ok","in_reply_to":69,"msg_id":7}}
[MATCH UNKNOWN]
[RECEIVED] {"id":568,"src":"c11","dest":"n2","body":{"type":"read","msg_id":14}}
[MATCH READ]
[READ_OK] {"src":"n2","dest":"c11","body":{"type":"read_ok","messages":["0","1","10","11","12","13","14","15","16","17","18","19","2","20","21","22","23","24","25","26","27","28","29","3","30","31","32","33","34","35","36","37","38","39","4","5","6","7","8","9"],"in_reply_to":14,"msg_id":71}}
[RECEIVED] {"id":571,"src":"n3","dest":"n2","body":{"type":"broadcast","message":"40","msg_id":7}}
[MATCH BROADCAST]
BEGIN GOSSIP
NEIGHBORS: n1, n5
GOSSIP LOOP
LOOP ITER
[BROADCAST] {"src":"n2","dest":"n1","body":{"type":"broadcast","message":"40","msg_id":71}}
LOOP ITER
[BROADCAST] {"src":"n2","dest":"n5","body":{"type":"broadcast","message":"40","msg_id":72}}
[BROADCAST_OK] {"src":"n2","dest":"n3","body":{"type":"broadcast_ok","in_reply_to":7,"msg_id":71}}
[RECEIVED] {"id":577,"src":"n1","dest":"n2","body":{"type":"broadcast_ok","in_reply_to":71,"msg_id":45}}
[MATCH UNKNOWN]
[RECEIVED] {"id":579,"src":"n5","dest":"n2","body":{"type":"broadcast_ok","in_reply_to":72,"msg_id":38}}
[MATCH UNKNOWN]
[RECEIVED] {"id":586,"src":"n1","dest":"n2","body":{"type":"broadcast","message":"41","msg_id":46}}
[RECEIVED] {"id":587,"src":"n5","dest":"n2","body":{"type":"broadcast","message":"41","msg_id":39}}
[CALLBACK MATCH] msg_id=46
[MATCH BROADCAST]
[MATCH BROADCAST]
[BROADCAST_OK] {"src":"n2","dest":"n1","body":{"type":"broadcast_ok","in_reply_to":46,"msg_id":73}}
[BROADCAST_OK] {"src":"n2","dest":"n5","body":{"type":"broadcast_ok","in_reply_to":39,"msg_id":73}}
[RECEIVED] {"id":595,"src":"n1","dest":"n2","body":{"type":"broadcast","message":"42","msg_id":47}}
[CALLBACK MATCH] msg_id=47
[MATCH BROADCAST]
BEGIN GOSSIP
NEIGHBORS: n3, n5
GOSSIP LOOP
LOOP ITER
[BROADCAST] {"src":"n2","dest":"n3","body":{"type":"broadcast","message":"42","msg_id":73}}
LOOP ITER
[BROADCAST] {"src":"n2","dest":"n5","body":{"type":"broadcast","message":"42","msg_id":74}}
[BROADCAST_OK] {"src":"n2","dest":"n1","body":{"type":"broadcast_ok","in_reply_to":47,"msg_id":73}}
[RECEIVED] {"id":603,"src":"n3","dest":"n2","body":{"type":"broadcast_ok","in_reply_to":73,"msg_id":8}}
[MATCH UNKNOWN]
[RECEIVED] {"id":605,"src":"n5","dest":"n2","body":{"type":"broadcast_ok","in_reply_to":74,"msg_id":40}}
[MATCH UNKNOWN]
[RECEIVED] {"id":607,"src":"n1","dest":"n2","body":{"type":"broadcast","message":"43","msg_id":49}}
[CALLBACK MATCH] msg_id=49
[MATCH BROADCAST]
BEGIN GOSSIP
NEIGHBORS: n3, n5
GOSSIP LOOP
LOOP ITER
[BROADCAST] {"src":"n2","dest":"n3","body":{"type":"broadcast","message":"43","msg_id":75}}
LOOP ITER
[BROADCAST] {"src":"n2","dest":"n5","body":{"type":"broadcast","message":"43","msg_id":76}}
[BROADCAST_OK] {"src":"n2","dest":"n1","body":{"type":"broadcast_ok","in_reply_to":49,"msg_id":75}}
[RECEIVED] {"id":616,"src":"n3","dest":"n2","body":{"type":"broadcast_ok","in_reply_to":75,"msg_id":8}}
[RECEIVED] {"id":617,"src":"n5","dest":"n2","body":{"type":"broadcast_ok","in_reply_to":76,"msg_id":40}}
[MATCH UNKNOWN]
[MATCH UNKNOWN]
[RECEIVED] {"id":618,"src":"c11","dest":"n2","body":{"type":"broadcast","message":44,"msg_id":15}}
[CALLBACK MATCH] msg_id=15
[MATCH BROADCAST]
BEGIN GOSSIP
NEIGHBORS: n1, n3, n5
GOSSIP LOOP
LOOP ITER
[BROADCAST] {"src":"n2","dest":"n1","body":{"type":"broadcast","message":"44","msg_id":77}}
LOOP ITER
[BROADCAST] {"src":"n2","dest":"n3","body":{"type":"broadcast","message":"44","msg_id":78}}
LOOP ITER
[BROADCAST] {"src":"n2","dest":"n5","body":{"type":"broadcast","message":"44","msg_id":79}}
[BROADCAST_OK] {"src":"n2","dest":"c11","body":{"type":"broadcast_ok","in_reply_to":15,"msg_id":77}}
[RECEIVED] {"id":624,"src":"n3","dest":"n2","body":{"type":"broadcast_ok","in_reply_to":78,"msg_id":8}}
[MATCH UNKNOWN]
[RECEIVED] {"id":626,"src":"n5","dest":"n2","body":{"type":"broadcast_ok","in_reply_to":79,"msg_id":40}}
[MATCH UNKNOWN]
[RECEIVED] {"id":629,"src":"n1","dest":"n2","body":{"type":"broadcast_ok","in_reply_to":77,"msg_id":51}}
[MATCH UNKNOWN]
[RECEIVED] {"id":636,"src":"n1","dest":"n2","body":{"type":"broadcast","message":"45","msg_id":52}}
[RECEIVED] {"id":637,"src":"n5","dest":"n2","body":{"type":"broadcast","message":"45","msg_id":41}}
[CALLBACK MATCH] msg_id=52
[MATCH BROADCAST]
[CALLBACK MATCH] msg_id=41
[MATCH BROADCAST]
[BROADCAST_OK] {"src":"n2","dest":"n5","body":{"type":"broadcast_ok","in_reply_to":41,"msg_id":80}}
[BROADCAST_OK] {"src":"n2","dest":"n1","body":{"type":"broadcast_ok","in_reply_to":52,"msg_id":80}}
[RECEIVED] {"id":643,"src":"n5","dest":"n2","body":{"type":"broadcast","message":"46","msg_id":42}}
[CALLBACK MATCH] msg_id=42
[MATCH BROADCAST]
BEGIN GOSSIP
NEIGHBORS: n1, n3
GOSSIP LOOP
LOOP ITER
[BROADCAST] {"src":"n2","dest":"n1","body":{"type":"broadcast","message":"46","msg_id":80}}
LOOP ITER
[BROADCAST] {"src":"n2","dest":"n3","body":{"type":"broadcast","message":"46","msg_id":81}}
[BROADCAST_OK] {"src":"n2","dest":"n5","body":{"type":"broadcast_ok","in_reply_to":42,"msg_id":80}}
[RECEIVED] {"id":652,"src":"n1","dest":"n2","body":{"type":"broadcast_ok","in_reply_to":80,"msg_id":53}}
[MATCH UNKNOWN]
[RECEIVED] {"id":653,"src":"n3","dest":"n2","body":{"type":"broadcast_ok","in_reply_to":81,"msg_id":8}}
[MATCH UNKNOWN]
[RECEIVED] {"id":657,"src":"n1","dest":"n2","body":{"type":"broadcast","message":"47","msg_id":53}}
[CALLBACK MATCH] msg_id=53
[MATCH BROADCAST]
BEGIN GOSSIP
NEIGHBORS: n3, n5
GOSSIP LOOP
LOOP ITER
[BROADCAST] {"src":"n2","dest":"n3","body":{"type":"broadcast","message":"47","msg_id":82}}
LOOP ITER
[BROADCAST] {"src":"n2","dest":"n5","body":{"type":"broadcast","message":"47","msg_id":83}}
[BROADCAST_OK] {"src":"n2","dest":"n1","body":{"type":"broadcast_ok","in_reply_to":53,"msg_id":82}}
[RECEIVED] {"id":666,"src":"n3","dest":"n2","body":{"type":"broadcast_ok","in_reply_to":82,"msg_id":8}}
[RECEIVED] {"id":667,"src":"n5","dest":"n2","body":{"type":"broadcast_ok","in_reply_to":83,"msg_id":44}}
[MATCH UNKNOWN]
[MATCH UNKNOWN]
[RECEIVED] {"id":668,"src":"c11","dest":"n2","body":{"type":"read","msg_id":16}}
[CALLBACK MATCH] msg_id=16
[MATCH READ]
[READ_OK] {"src":"n2","dest":"c11","body":{"type":"read_ok","messages":["0","1","10","11","12","13","14","15","16","17","18","19","2","20","21","22","23","24","25","26","27","28","29","3","30","31","32","33","34","35","36","37","38","39","4","40","41","42","43","44","45","46","47","5","6","7","8","9"],"in_reply_to":16,"msg_id":84}}
[RECEIVED] {"id":671,"src":"n3","dest":"n2","body":{"type":"broadcast","message":"48","msg_id":8}}
[MATCH BROADCAST]
BEGIN GOSSIP
NEIGHBORS: n1, n5
GOSSIP LOOP
LOOP ITER
[BROADCAST] {"src":"n2","dest":"n1","body":{"type":"broadcast","message":"48","msg_id":84}}
LOOP ITER
[BROADCAST] {"src":"n2","dest":"n5","body":{"type":"broadcast","message":"48","msg_id":85}}
[BROADCAST_OK] {"src":"n2","dest":"n3","body":{"type":"broadcast_ok","in_reply_to":8,"msg_id":84}}
[RECEIVED] {"id":678,"src":"n1","dest":"n2","body":{"type":"broadcast_ok","in_reply_to":84,"msg_id":55}}
[MATCH UNKNOWN]
[RECEIVED] {"id":679,"src":"n5","dest":"n2","body":{"type":"broadcast_ok","in_reply_to":85,"msg_id":44}}
[MATCH UNKNOWN]
[RECEIVED] {"id":685,"src":"n5","dest":"n2","body":{"type":"broadcast","message":"49","msg_id":45}}
[CALLBACK MATCH] msg_id=45
[MATCH BROADCAST]
BEGIN GOSSIP
NEIGHBORS: n1, n3
GOSSIP LOOP
LOOP ITER
[BROADCAST] {"src":"n2","dest":"n1","body":{"type":"broadcast","message":"49","msg_id":86}}
LOOP ITER
[BROADCAST] {"src":"n2","dest":"n3","body":{"type":"broadcast","message":"49","msg_id":87}}
[BROADCAST_OK] {"src":"n2","dest":"n5","body":{"type":"broadcast_ok","in_reply_to":45,"msg_id":86}}
[RECEIVED] {"id":694,"src":"n1","dest":"n2","body":{"type":"broadcast_ok","in_reply_to":86,"msg_id":56}}
[MATCH UNKNOWN]
[RECEIVED] {"id":695,"src":"n3","dest":"n2","body":{"type":"broadcast_ok","in_reply_to":87,"msg_id":9}}
[MATCH UNKNOWN]
[RECEIVED] {"id":699,"src":"n1","dest":"n2","body":{"type":"broadcast","message":"50","msg_id":56}}
[CALLBACK MATCH] msg_id=56
[MATCH BROADCAST]
BEGIN GOSSIP
NEIGHBORS: n3, n5
GOSSIP LOOP
LOOP ITER
[BROADCAST] {"src":"n2","dest":"n3","body":{"type":"broadcast","message":"50","msg_id":88}}
LOOP ITER
[BROADCAST] {"src":"n2","dest":"n5","body":{"type":"broadcast","message":"50","msg_id":89}}
[BROADCAST_OK] {"src":"n2","dest":"n1","body":{"type":"broadcast_ok","in_reply_to":56,"msg_id":88}}
[RECEIVED] {"id":707,"src":"n3","dest":"n2","body":{"type":"broadcast_ok","in_reply_to":88,"msg_id":9}}
[MATCH UNKNOWN]
[RECEIVED] {"id":709,"src":"n5","dest":"n2","body":{"type":"broadcast_ok","in_reply_to":89,"msg_id":47}}
[MATCH UNKNOWN]
[RECEIVED] {"id":710,"src":"c11","dest":"n2","body":{"type":"broadcast","message":51,"msg_id":17}}
[CALLBACK MATCH] msg_id=17
[MATCH BROADCAST]
BEGIN GOSSIP
NEIGHBORS: n1, n3, n5
GOSSIP LOOP
LOOP ITER
[BROADCAST] {"src":"n2","dest":"n1","body":{"type":"broadcast","message":"51","msg_id":90}}
LOOP ITER
[BROADCAST] {"src":"n2","dest":"n3","body":{"type":"broadcast","message":"51","msg_id":91}}
LOOP ITER
[BROADCAST] {"src":"n2","dest":"n5","body":{"type":"broadcast","message":"51","msg_id":92}}
[BROADCAST_OK] {"src":"n2","dest":"c11","body":{"type":"broadcast_ok","in_reply_to":17,"msg_id":90}}
[RECEIVED] {"id":716,"src":"n1","dest":"n2","body":{"type":"broadcast_ok","in_reply_to":90,"msg_id":58}}
[RECEIVED] {"id":717,"src":"n3","dest":"n2","body":{"type":"broadcast_ok","in_reply_to":91,"msg_id":9}}
[MATCH UNKNOWN]
[RECEIVED] {"id":719,"src":"n5","dest":"n2","body":{"type":"broadcast_ok","in_reply_to":92,"msg_id":47}}
[MATCH UNKNOWN]
[MATCH UNKNOWN]
[RECEIVED] {"id":723,"src":"n3","dest":"n2","body":{"type":"broadcast","message":"52","msg_id":9}}
[MATCH BROADCAST]
BEGIN GOSSIP
NEIGHBORS: n1, n5
GOSSIP LOOP
LOOP ITER
[BROADCAST] {"src":"n2","dest":"n1","body":{"type":"broadcast","message":"52","msg_id":93}}
LOOP ITER
[BROADCAST] {"src":"n2","dest":"n5","body":{"type":"broadcast","message":"52","msg_id":94}}
[BROADCAST_OK] {"src":"n2","dest":"n3","body":{"type":"broadcast_ok","in_reply_to":9,"msg_id":93}}
[RECEIVED] {"id":730,"src":"n1","dest":"n2","body":{"type":"broadcast_ok","in_reply_to":93,"msg_id":59}}
[MATCH UNKNOWN]
[RECEIVED] {"id":731,"src":"n5","dest":"n2","body":{"type":"broadcast_ok","in_reply_to":94,"msg_id":48}}
[MATCH UNKNOWN]
[RECEIVED] {"id":738,"src":"n1","dest":"n2","body":{"type":"broadcast","message":"53","msg_id":60}}
[RECEIVED] {"id":739,"src":"n5","dest":"n2","body":{"type":"broadcast","message":"53","msg_id":49}}
[CALLBACK MATCH] msg_id=60
[MATCH BROADCAST]
[MATCH BROADCAST]
[BROADCAST_OK] {"src":"n2","dest":"n1","body":{"type":"broadcast_ok","in_reply_to":60,"msg_id":95}}
[BROADCAST_OK] {"src":"n2","dest":"n5","body":{"type":"broadcast_ok","in_reply_to":49,"msg_id":95}}
[RECEIVED] {"id":745,"src":"n5","dest":"n2","body":{"type":"broadcast","message":"54","msg_id":50}}
[CALLBACK MATCH] msg_id=50
[MATCH BROADCAST]
BEGIN GOSSIP
NEIGHBORS: n1, n3
GOSSIP LOOP
LOOP ITER
[BROADCAST] {"src":"n2","dest":"n1","body":{"type":"broadcast","message":"54","msg_id":95}}
LOOP ITER
[BROADCAST] {"src":"n2","dest":"n3","body":{"type":"broadcast","message":"54","msg_id":96}}
[BROADCAST_OK] {"src":"n2","dest":"n5","body":{"type":"broadcast_ok","in_reply_to":50,"msg_id":95}}
[RECEIVED] {"id":754,"src":"n1","dest":"n2","body":{"type":"broadcast_ok","in_reply_to":95,"msg_id":61}}
[MATCH UNKNOWN]
[RECEIVED] {"id":755,"src":"n3","dest":"n2","body":{"type":"broadcast_ok","in_reply_to":96,"msg_id":10}}
[MATCH UNKNOWN]
[RECEIVED] {"id":760,"src":"c11","dest":"n2","body":{"type":"broadcast","message":55,"msg_id":18}}
[MATCH BROADCAST]
BEGIN GOSSIP
NEIGHBORS: n1, n3, n5
GOSSIP LOOP
LOOP ITER
[BROADCAST] {"src":"n2","dest":"n1","body":{"type":"broadcast","message":"55","msg_id":97}}
LOOP ITER
[BROADCAST] {"src":"n2","dest":"n3","body":{"type":"broadcast","message":"55","msg_id":98}}
LOOP ITER
[BROADCAST] {"src":"n2","dest":"n5","body":{"type":"broadcast","message":"55","msg_id":99}}
[BROADCAST_OK] {"src":"n2","dest":"c11","body":{"type":"broadcast_ok","in_reply_to":18,"msg_id":97}}
[RECEIVED] {"id":766,"src":"n3","dest":"n2","body":{"type":"broadcast_ok","in_reply_to":98,"msg_id":10}}
[RECEIVED] {"id":767,"src":"n1","dest":"n2","body":{"type":"broadcast_ok","in_reply_to":97,"msg_id":61}}
[MATCH UNKNOWN]
[MATCH UNKNOWN]
[RECEIVED] {"id":769,"src":"n5","dest":"n2","body":{"type":"broadcast_ok","in_reply_to":99,"msg_id":52}}
[MATCH UNKNOWN]
[RECEIVED] {"id":773,"src":"n3","dest":"n2","body":{"type":"broadcast","message":"56","msg_id":10}}
[MATCH BROADCAST]
BEGIN GOSSIP
NEIGHBORS: n1, n5
GOSSIP LOOP
LOOP ITER
[BROADCAST] {"src":"n2","dest":"n1","body":{"type":"broadcast","message":"56","msg_id":100}}
LOOP ITER
[BROADCAST] {"src":"n2","dest":"n5","body":{"type":"broadcast","message":"56","msg_id":101}}
[BROADCAST_OK] {"src":"n2","dest":"n3","body":{"type":"broadcast_ok","in_reply_to":10,"msg_id":100}}
[RECEIVED] {"id":780,"src":"n1","dest":"n2","body":{"type":"broadcast_ok","in_reply_to":100,"msg_id":62}}
[MATCH UNKNOWN]
[RECEIVED] {"id":781,"src":"n5","dest":"n2","body":{"type":"broadcast_ok","in_reply_to":101,"msg_id":53}}
[MATCH UNKNOWN]
[RECEIVED] {"id":788,"src":"n1","dest":"n2","body":{"type":"broadcast","message":"57","msg_id":63}}
[RECEIVED] {"id":789,"src":"n5","dest":"n2","body":{"type":"broadcast","message":"57","msg_id":54}}
[CALLBACK MATCH] msg_id=63
[MATCH BROADCAST]
[CALLBACK MATCH] msg_id=54
[MATCH BROADCAST]
[BROADCAST_OK] {"src":"n2","dest":"n5","body":{"type":"broadcast_ok","in_reply_to":54,"msg_id":102}}
[BROADCAST_OK] {"src":"n2","dest":"n1","body":{"type":"broadcast_ok","in_reply_to":63,"msg_id":102}}
[RECEIVED] {"id":797,"src":"n1","dest":"n2","body":{"type":"broadcast","message":"58","msg_id":64}}
[CALLBACK MATCH] msg_id=64
[MATCH BROADCAST]
BEGIN GOSSIP
NEIGHBORS: n3, n5
GOSSIP LOOP
LOOP ITER
[BROADCAST] {"src":"n2","dest":"n3","body":{"type":"broadcast","message":"58","msg_id":102}}
LOOP ITER
[BROADCAST] {"src":"n2","dest":"n5","body":{"type":"broadcast","message":"58","msg_id":103}}
[BROADCAST_OK] {"src":"n2","dest":"n1","body":{"type":"broadcast_ok","in_reply_to":64,"msg_id":102}}
[RECEIVED] {"id":806,"src":"n5","dest":"n2","body":{"type":"broadcast_ok","in_reply_to":103,"msg_id":55}}
[RECEIVED] {"id":807,"src":"n3","dest":"n2","body":{"type":"broadcast_ok","in_reply_to":102,"msg_id":11}}
[MATCH UNKNOWN]
[MATCH UNKNOWN]
[RECEIVED] {"id":809,"src":"n1","dest":"n2","body":{"type":"broadcast","message":"59","msg_id":66}}
[CALLBACK MATCH] msg_id=66
[MATCH BROADCAST]
BEGIN GOSSIP
NEIGHBORS: n3, n5
GOSSIP LOOP
LOOP ITER
[BROADCAST] {"src":"n2","dest":"n3","body":{"type":"broadcast","message":"59","msg_id":104}}
LOOP ITER
[BROADCAST] {"src":"n2","dest":"n5","body":{"type":"broadcast","message":"59","msg_id":105}}
[BROADCAST_OK] {"src":"n2","dest":"n1","body":{"type":"broadcast_ok","in_reply_to":66,"msg_id":104}}
[RECEIVED] {"id":818,"src":"n5","dest":"n2","body":{"type":"broadcast_ok","in_reply_to":105,"msg_id":55}}
[RECEIVED] {"id":819,"src":"n3","dest":"n2","body":{"type":"broadcast_ok","in_reply_to":104,"msg_id":11}}
[MATCH UNKNOWN]
[MATCH UNKNOWN]
[RECEIVED] {"id":820,"src":"c11","dest":"n2","body":{"type":"read","msg_id":19}}
[MATCH READ]
[READ_OK] {"src":"n2","dest":"c11","body":{"type":"read_ok","messages":["0","1","10","11","12","13","14","15","16","17","18","19","2","20","21","22","23","24","25","26","27","28","29","3","30","31","32","33","34","35","36","37","38","39","4","40","41","42","43","44","45","46","47","48","49","5","50","51","52","53","54","55","56","57","58","59","6","7","8","9"],"in_reply_to":19,"msg_id":106}}
[RECEIVED] {"id":827,"src":"n5","dest":"n2","body":{"type":"broadcast","message":"60","msg_id":55}}
[CALLBACK MATCH] msg_id=55
[MATCH BROADCAST]
BEGIN GOSSIP
NEIGHBORS: n1, n3
GOSSIP LOOP
LOOP ITER
[BROADCAST] {"src":"n2","dest":"n1","body":{"type":"broadcast","message":"60","msg_id":106}}
LOOP ITER
[BROADCAST] {"src":"n2","dest":"n3","body":{"type":"broadcast","message":"60","msg_id":107}}
[BROADCAST_OK] {"src":"n2","dest":"n5","body":{"type":"broadcast_ok","in_reply_to":55,"msg_id":106}}
[RECEIVED] {"id":836,"src":"n1","dest":"n2","body":{"type":"broadcast_ok","in_reply_to":106,"msg_id":68}}
[MATCH UNKNOWN]
[RECEIVED] {"id":837,"src":"n3","dest":"n2","body":{"type":"broadcast_ok","in_reply_to":107,"msg_id":11}}
[MATCH UNKNOWN]
[RECEIVED] {"id":839,"src":"n1","dest":"n2","body":{"type":"broadcast","message":"61","msg_id":68}}
[CALLBACK MATCH] msg_id=68
[MATCH BROADCAST]
BEGIN GOSSIP
NEIGHBORS: n3, n5
GOSSIP LOOP
LOOP ITER
[BROADCAST] {"src":"n2","dest":"n3","body":{"type":"broadcast","message":"61","msg_id":108}}
LOOP ITER
[BROADCAST] {"src":"n2","dest":"n5","body":{"type":"broadcast","message":"61","msg_id":109}}
[BROADCAST_OK] {"src":"n2","dest":"n1","body":{"type":"broadcast_ok","in_reply_to":68,"msg_id":108}}
[RECEIVED] {"id":847,"src":"n3","dest":"n2","body":{"type":"broadcast_ok","in_reply_to":108,"msg_id":11}}
[MATCH UNKNOWN]
[RECEIVED] {"id":849,"src":"n5","dest":"n2","body":{"type":"broadcast_ok","in_reply_to":109,"msg_id":57}}
[MATCH UNKNOWN]
[RECEIVED] {"id":851,"src":"n1","dest":"n2","body":{"type":"broadcast","message":"62","msg_id":70}}
[CALLBACK MATCH] msg_id=70
[MATCH BROADCAST]
BEGIN GOSSIP
NEIGHBORS: n3, n5
GOSSIP LOOP
LOOP ITER
[BROADCAST] {"src":"n2","dest":"n3","body":{"type":"broadcast","message":"62","msg_id":110}}
LOOP ITER
[BROADCAST] {"src":"n2","dest":"n5","body":{"type":"broadcast","message":"62","msg_id":111}}
[BROADCAST_OK] {"src":"n2","dest":"n1","body":{"type":"broadcast_ok","in_reply_to":70,"msg_id":110}}
[RECEIVED] {"id":859,"src":"n3","dest":"n2","body":{"type":"broadcast_ok","in_reply_to":110,"msg_id":11}}
[RECEIVED] {"id":861,"src":"n5","dest":"n2","body":{"type":"broadcast_ok","in_reply_to":111,"msg_id":57}}
[MATCH UNKNOWN]
[MATCH UNKNOWN]
[RECEIVED] {"id":862,"src":"c11","dest":"n2","body":{"type":"broadcast","message":63,"msg_id":20}}
[MATCH BROADCAST]
BEGIN GOSSIP
NEIGHBORS: n1, n3, n5
GOSSIP LOOP
LOOP ITER
[BROADCAST] {"src":"n2","dest":"n1","body":{"type":"broadcast","message":"63","msg_id":112}}
LOOP ITER
[BROADCAST] {"src":"n2","dest":"n3","body":{"type":"broadcast","message":"63","msg_id":113}}
LOOP ITER
[BROADCAST] {"src":"n2","dest":"n5","body":{"type":"broadcast","message":"63","msg_id":114}}
[BROADCAST_OK] {"src":"n2","dest":"c11","body":{"type":"broadcast_ok","in_reply_to":20,"msg_id":112}}
[RECEIVED] {"id":868,"src":"n1","dest":"n2","body":{"type":"broadcast_ok","in_reply_to":112,"msg_id":72}}
[MATCH UNKNOWN]
[RECEIVED] {"id":870,"src":"n3","dest":"n2","body":{"type":"broadcast_ok","in_reply_to":113,"msg_id":11}}
[RECEIVED] {"id":871,"src":"n5","dest":"n2","body":{"type":"broadcast_ok","in_reply_to":114,"msg_id":57}}
[MATCH UNKNOWN]
[MATCH UNKNOWN]
[RECEIVED] {"id":877,"src":"n3","dest":"n2","body":{"type":"broadcast","message":"64","msg_id":11}}
[MATCH BROADCAST]
BEGIN GOSSIP
NEIGHBORS: n1, n5
GOSSIP LOOP
LOOP ITER
[BROADCAST] {"src":"n2","dest":"n1","body":{"type":"broadcast","message":"64","msg_id":115}}
LOOP ITER
[BROADCAST] {"src":"n2","dest":"n5","body":{"type":"broadcast","message":"64","msg_id":116}}
[BROADCAST_OK] {"src":"n2","dest":"n3","body":{"type":"broadcast_ok","in_reply_to":11,"msg_id":115}}
[RECEIVED] {"id":883,"src":"n1","dest":"n2","body":{"type":"broadcast_ok","in_reply_to":115,"msg_id":73}}
[MATCH UNKNOWN]
[RECEIVED] {"id":885,"src":"n5","dest":"n2","body":{"type":"broadcast_ok","in_reply_to":116,"msg_id":58}}
[MATCH UNKNOWN]
[RECEIVED] {"id":892,"src":"n1","dest":"n2","body":{"type":"broadcast","message":"65","msg_id":74}}
[CALLBACK MATCH] msg_id=74
[RECEIVED] {"id":894,"src":"n5","dest":"n2","body":{"type":"broadcast","message":"65","msg_id":59}}
[MATCH BROADCAST]
[CALLBACK MATCH] msg_id=59
[MATCH BROADCAST]
[BROADCAST_OK] {"src":"n2","dest":"n5","body":{"type":"broadcast_ok","in_reply_to":59,"msg_id":117}}
[BROADCAST_OK] {"src":"n2","dest":"n1","body":{"type":"broadcast_ok","in_reply_to":74,"msg_id":117}}
[RECEIVED] {"id":901,"src":"n1","dest":"n2","body":{"type":"broadcast","message":"66","msg_id":75}}
[CALLBACK MATCH] msg_id=75
[MATCH BROADCAST]
BEGIN GOSSIP
NEIGHBORS: n3, n5
GOSSIP LOOP
LOOP ITER
[BROADCAST] {"src":"n2","dest":"n3","body":{"type":"broadcast","message":"66","msg_id":117}}
LOOP ITER
[BROADCAST] {"src":"n2","dest":"n5","body":{"type":"broadcast","message":"66","msg_id":118}}
[BROADCAST_OK] {"src":"n2","dest":"n1","body":{"type":"broadcast_ok","in_reply_to":75,"msg_id":117}}
[RECEIVED] {"id":910,"src":"n3","dest":"n2","body":{"type":"broadcast_ok","in_reply_to":117,"msg_id":12}}
[MATCH UNKNOWN]
[RECEIVED] {"id":911,"src":"n5","dest":"n2","body":{"type":"broadcast_ok","in_reply_to":118,"msg_id":60}}
[MATCH UNKNOWN]
[RECEIVED] {"id":913,"src":"n1","dest":"n2","body":{"type":"broadcast","message":"67","msg_id":77}}
[CALLBACK MATCH] msg_id=77
[MATCH BROADCAST]
BEGIN GOSSIP
NEIGHBORS: n3, n5
GOSSIP LOOP
LOOP ITER
[BROADCAST] {"src":"n2","dest":"n3","body":{"type":"broadcast","message":"67","msg_id":119}}
LOOP ITER
[BROADCAST] {"src":"n2","dest":"n5","body":{"type":"broadcast","message":"67","msg_id":120}}
[BROADCAST_OK] {"src":"n2","dest":"n1","body":{"type":"broadcast_ok","in_reply_to":77,"msg_id":119}}
[RECEIVED] {"id":921,"src":"n3","dest":"n2","body":{"type":"broadcast_ok","in_reply_to":119,"msg_id":12}}
[MATCH UNKNOWN]
[RECEIVED] {"id":923,"src":"n5","dest":"n2","body":{"type":"broadcast_ok","in_reply_to":120,"msg_id":60}}
[MATCH UNKNOWN]
[RECEIVED] {"id":924,"src":"c11","dest":"n2","body":{"type":"read","msg_id":21}}
[MATCH READ]
[READ_OK] {"src":"n2","dest":"c11","body":{"type":"read_ok","messages":["0","1","10","11","12","13","14","15","16","17","18","19","2","20","21","22","23","24","25","26","27","28","29","3","30","31","32","33","34","35","36","37","38","39","4","40","41","42","43","44","45","46","47","48","49","5","50","51","52","53","54","55","56","57","58","59","6","60","61","62","63","64","65","66","67","7","8","9"],"in_reply_to":21,"msg_id":121}}
[RECEIVED] {"id":927,"src":"n3","dest":"n2","body":{"type":"broadcast","message":"68","msg_id":12}}
[MATCH BROADCAST]
BEGIN GOSSIP
NEIGHBORS: n1, n5
GOSSIP LOOP
LOOP ITER
[BROADCAST] {"src":"n2","dest":"n1","body":{"type":"broadcast","message":"68","msg_id":121}}
LOOP ITER
[BROADCAST] {"src":"n2","dest":"n5","body":{"type":"broadcast","message":"68","msg_id":122}}
[BROADCAST_OK] {"src":"n2","dest":"n3","body":{"type":"broadcast_ok","in_reply_to":12,"msg_id":121}}
[RECEIVED] {"id":933,"src":"n1","dest":"n2","body":{"type":"broadcast_ok","in_reply_to":121,"msg_id":79}}
[MATCH UNKNOWN]
[RECEIVED] {"id":935,"src":"n5","dest":"n2","body":{"type":"broadcast_ok","in_reply_to":122,"msg_id":60}}
[MATCH UNKNOWN]
[RECEIVED] {"id":941,"src":"n5","dest":"n2","body":{"type":"broadcast","message":"69","msg_id":61}}
[CALLBACK MATCH] msg_id=61
[MATCH BROADCAST]
BEGIN GOSSIP
NEIGHBORS: n1, n3
GOSSIP LOOP
LOOP ITER
[BROADCAST] {"src":"n2","dest":"n1","body":{"type":"broadcast","message":"69","msg_id":123}}
LOOP ITER
[BROADCAST] {"src":"n2","dest":"n3","body":{"type":"broadcast","message":"69","msg_id":124}}
[BROADCAST_OK] {"src":"n2","dest":"n5","body":{"type":"broadcast_ok","in_reply_to":61,"msg_id":123}}
[RECEIVED] {"id":949,"src":"n1","dest":"n2","body":{"type":"broadcast_ok","in_reply_to":123,"msg_id":80}}
[RECEIVED] {"id":950,"src":"n3","dest":"n2","body":{"type":"broadcast_ok","in_reply_to":124,"msg_id":13}}
[MATCH UNKNOWN]
[MATCH UNKNOWN]
[RECEIVED] {"id":953,"src":"n1","dest":"n2","body":{"type":"broadcast","message":"70","msg_id":80}}
[CALLBACK MATCH] msg_id=80
[MATCH BROADCAST]
BEGIN GOSSIP
NEIGHBORS: n3, n5
GOSSIP LOOP
LOOP ITER
[BROADCAST] {"src":"n2","dest":"n3","body":{"type":"broadcast","message":"70","msg_id":125}}
LOOP ITER
[BROADCAST] {"src":"n2","dest":"n5","body":{"type":"broadcast","message":"70","msg_id":126}}
[BROADCAST_OK] {"src":"n2","dest":"n1","body":{"type":"broadcast_ok","in_reply_to":80,"msg_id":125}}
[RECEIVED] {"id":962,"src":"n5","dest":"n2","body":{"type":"broadcast_ok","in_reply_to":126,"msg_id":63}}
[RECEIVED] {"id":963,"src":"n3","dest":"n2","body":{"type":"broadcast_ok","in_reply_to":125,"msg_id":13}}
[MATCH UNKNOWN]
[MATCH UNKNOWN]
[RECEIVED] {"id":965,"src":"n1","dest":"n2","body":{"type":"broadcast","message":"71","msg_id":82}}
[CALLBACK MATCH] msg_id=82
[MATCH BROADCAST]
BEGIN GOSSIP
NEIGHBORS: n3, n5
GOSSIP LOOP
LOOP ITER
[BROADCAST] {"src":"n2","dest":"n3","body":{"type":"broadcast","message":"71","msg_id":127}}
LOOP ITER
[BROADCAST] {"src":"n2","dest":"n5","body":{"type":"broadcast","message":"71","msg_id":128}}
[BROADCAST_OK] {"src":"n2","dest":"n1","body":{"type":"broadcast_ok","in_reply_to":82,"msg_id":127}}
[RECEIVED] {"id":974,"src":"n3","dest":"n2","body":{"type":"broadcast_ok","in_reply_to":127,"msg_id":13}}
[RECEIVED] {"id":975,"src":"n5","dest":"n2","body":{"type":"broadcast_ok","in_reply_to":128,"msg_id":63}}
[MATCH UNKNOWN]
[MATCH UNKNOWN]
[RECEIVED] {"id":976,"src":"c11","dest":"n2","body":{"type":"broadcast","message":72,"msg_id":22}}
[CALLBACK MATCH] msg_id=22
[MATCH BROADCAST]
BEGIN GOSSIP
NEIGHBORS: n1, n3, n5
GOSSIP LOOP
LOOP ITER
[BROADCAST] {"src":"n2","dest":"n1","body":{"type":"broadcast","message":"72","msg_id":129}}
LOOP ITER
[BROADCAST] {"src":"n2","dest":"n3","body":{"type":"broadcast","message":"72","msg_id":130}}
LOOP ITER
[BROADCAST] {"src":"n2","dest":"n5","body":{"type":"broadcast","message":"72","msg_id":131}}
[BROADCAST_OK] {"src":"n2","dest":"c11","body":{"type":"broadcast_ok","in_reply_to":22,"msg_id":129}}
[RECEIVED] {"id":982,"src":"n3","dest":"n2","body":{"type":"broadcast_ok","in_reply_to":130,"msg_id":13}}
[RECEIVED] {"id":983,"src":"n1","dest":"n2","body":{"type":"broadcast_ok","in_reply_to":129,"msg_id":84}}
[MATCH UNKNOWN]
[MATCH UNKNOWN]
[RECEIVED] {"id":985,"src":"n5","dest":"n2","body":{"type":"broadcast_ok","in_reply_to":131,"msg_id":63}}
[MATCH UNKNOWN]
[RECEIVED] {"id":993,"src":"n5","dest":"n2","body":{"type":"broadcast","message":"73","msg_id":64}}
[MATCH BROADCAST]
BEGIN GOSSIP
NEIGHBORS: n1, n3
GOSSIP LOOP
LOOP ITER
[BROADCAST] {"src":"n2","dest":"n1","body":{"type":"broadcast","message":"73","msg_id":132}}
LOOP ITER
[BROADCAST] {"src":"n2","dest":"n3","body":{"type":"broadcast","message":"73","msg_id":133}}
[BROADCAST_OK] {"src":"n2","dest":"n5","body":{"type":"broadcast_ok","in_reply_to":64,"msg_id":132}}
[RECEIVED] {"id":1001,"src":"n1","dest":"n2","body":{"type":"broadcast_ok","in_reply_to":132,"msg_id":85}}
[MATCH UNKNOWN]
[RECEIVED] {"id":1003,"src":"n3","dest":"n2","body":{"type":"broadcast_ok","in_reply_to":133,"msg_id":13}}
[MATCH UNKNOWN]
[RECEIVED] {"id":1007,"src":"n1","dest":"n2","body":{"type":"broadcast","message":"74","msg_id":85}}
[CALLBACK MATCH] msg_id=85
[MATCH BROADCAST]
BEGIN GOSSIP
NEIGHBORS: n3, n5
GOSSIP LOOP
LOOP ITER
[BROADCAST] {"src":"n2","dest":"n3","body":{"type":"broadcast","message":"74","msg_id":134}}
LOOP ITER
[BROADCAST] {"src":"n2","dest":"n5","body":{"type":"broadcast","message":"74","msg_id":135}}
[BROADCAST_OK] {"src":"n2","dest":"n1","body":{"type":"broadcast_ok","in_reply_to":85,"msg_id":134}}
[RECEIVED] {"id":1016,"src":"n3","dest":"n2","body":{"type":"broadcast_ok","in_reply_to":134,"msg_id":13}}
[RECEIVED] {"id":1017,"src":"n5","dest":"n2","body":{"type":"broadcast_ok","in_reply_to":135,"msg_id":66}}
[MATCH UNKNOWN]
[MATCH UNKNOWN]
[RECEIVED] {"id":1018,"src":"c11","dest":"n2","body":{"type":"read","msg_id":23}}
[MATCH READ]
[READ_OK] {"src":"n2","dest":"c11","body":{"type":"read_ok","messages":["0","1","10","11","12","13","14","15","16","17","18","19","2","20","21","22","23","24","25","26","27","28","29","3","30","31","32","33","34","35","36","37","38","39","4","40","41","42","43","44","45","46","47","48","49","5","50","51","52","53","54","55","56","57","58","59","6","60","61","62","63","64","65","66","67","68","69","7","70","71","72","73","74","8","9"],"in_reply_to":23,"msg_id":136}}
[RECEIVED] {"id":1021,"src":"n3","dest":"n2","body":{"type":"broadcast","message":"75","msg_id":13}}
[MATCH BROADCAST]
BEGIN GOSSIP
NEIGHBORS: n1, n5
GOSSIP LOOP
LOOP ITER
[BROADCAST] {"src":"n2","dest":"n1","body":{"type":"broadcast","message":"75","msg_id":136}}
LOOP ITER
[BROADCAST] {"src":"n2","dest":"n5","body":{"type":"broadcast","message":"75","msg_id":137}}
[BROADCAST_OK] {"src":"n2","dest":"n3","body":{"type":"broadcast_ok","in_reply_to":13,"msg_id":136}}
[RECEIVED] {"id":1027,"src":"n1","dest":"n2","body":{"type":"broadcast_ok","in_reply_to":136,"msg_id":87}}
[MATCH UNKNOWN]
[RECEIVED] {"id":1029,"src":"n5","dest":"n2","body":{"type":"broadcast_ok","in_reply_to":137,"msg_id":66}}
[MATCH UNKNOWN]
[RECEIVED] {"id":1036,"src":"n5","dest":"n2","body":{"type":"broadcast","message":"76","msg_id":67}}
[CALLBACK MATCH] msg_id=67
[MATCH BROADCAST]
[RECEIVED] {"id":1038,"src":"n1","dest":"n2","body":{"type":"broadcast","message":"76","msg_id":88}}
BEGIN GOSSIP
[CALLBACK MATCH] msg_id=88
[BROADCAST_OK] {"src":"n2","dest":"n5","body":{"type":"broadcast_ok","in_reply_to":67,"msg_id":138}}
[MATCH BROADCAST]
[BROADCAST_OK] {"src":"n2","dest":"n1","body":{"type":"broadcast_ok","in_reply_to":88,"msg_id":138}}
[RECEIVED] {"id":1048,"src":"c11","dest":"n2","body":{"type":"read","msg_id":24}}
[MATCH READ]
[READ_OK] {"src":"n2","dest":"c11","body":{"type":"read_ok","messages":["0","1","10","11","12","13","14","15","16","17","18","19","2","20","21","22","23","24","25","26","27","28","29","3","30","31","32","33","34","35","36","37","38","39","4","40","41","42","43","44","45","46","47","48","49","5","50","51","52","53","54","55","56","57","58","59","6","60","61","62","63","64","65","66","67","68","69","7","70","71","72","73","74","75","76","8","9"],"in_reply_to":24,"msg_id":138}}
[RECEIVED] {"id":1051,"src":"n3","dest":"n2","body":{"type":"broadcast","message":"77","msg_id":14}}
[MATCH BROADCAST]
BEGIN GOSSIP
NEIGHBORS: n1, n5
GOSSIP LOOP
LOOP ITER
[BROADCAST] {"src":"n2","dest":"n1","body":{"type":"broadcast","message":"77","msg_id":138}}
LOOP ITER
[BROADCAST] {"src":"n2","dest":"n5","body":{"type":"broadcast","message":"77","msg_id":139}}
[BROADCAST_OK] {"src":"n2","dest":"n3","body":{"type":"broadcast_ok","in_reply_to":14,"msg_id":138}}
[RECEIVED] {"id":1057,"src":"n1","dest":"n2","body":{"type":"broadcast_ok","in_reply_to":138,"msg_id":89}}
[MATCH UNKNOWN]
[RECEIVED] {"id":1059,"src":"n5","dest":"n2","body":{"type":"broadcast_ok","in_reply_to":139,"msg_id":68}}
[MATCH UNKNOWN]
[RECEIVED] {"id":1066,"src":"n5","dest":"n2","body":{"type":"broadcast","message":"78","msg_id":69}}
[RECEIVED] {"id":1067,"src":"n1","dest":"n2","body":{"type":"broadcast","message":"78","msg_id":90}}
[CALLBACK MATCH] msg_id=69
[MATCH BROADCAST]
[CALLBACK MATCH] msg_id=90
[MATCH BROADCAST]
[BROADCAST_OK] {"src":"n2","dest":"n1","body":{"type":"broadcast_ok","in_reply_to":90,"msg_id":140}}
[BROADCAST_OK] {"src":"n2","dest":"n5","body":{"type":"broadcast_ok","in_reply_to":69,"msg_id":140}}
[RECEIVED] {"id":1073,"src":"n5","dest":"n2","body":{"type":"broadcast","message":"79","msg_id":70}}
[MATCH BROADCAST]
BEGIN GOSSIP
NEIGHBORS: n1, n3
GOSSIP LOOP
LOOP ITER
[BROADCAST] {"src":"n2","dest":"n1","body":{"type":"broadcast","message":"79","msg_id":140}}
LOOP ITER
[BROADCAST] {"src":"n2","dest":"n3","body":{"type":"broadcast","message":"79","msg_id":141}}
[BROADCAST_OK] {"src":"n2","dest":"n5","body":{"type":"broadcast_ok","in_reply_to":70,"msg_id":140}}
[RECEIVED] {"id":1079,"src":"n1","dest":"n2","body":{"type":"broadcast","message":"79","msg_id":91}}
[CALLBACK MATCH] msg_id=91
[MATCH BROADCAST]
[BROADCAST_OK] {"src":"n2","dest":"n1","body":{"type":"broadcast_ok","in_reply_to":91,"msg_id":142}}
[RECEIVED] {"id":1083,"src":"n1","dest":"n2","body":{"type":"broadcast_ok","in_reply_to":140,"msg_id":92}}
[MATCH UNKNOWN]
[RECEIVED] {"id":1085,"src":"n3","dest":"n2","body":{"type":"broadcast_ok","in_reply_to":141,"msg_id":15}}
[MATCH UNKNOWN]
[RECEIVED] {"id":1087,"src":"n1","dest":"n2","body":{"type":"broadcast","message":"80","msg_id":92}}
[CALLBACK MATCH] msg_id=92
[MATCH BROADCAST]
BEGIN GOSSIP
NEIGHBORS: n3, n5
GOSSIP LOOP
LOOP ITER
[BROADCAST] {"src":"n2","dest":"n3","body":{"type":"broadcast","message":"80","msg_id":142}}
LOOP ITER
[BROADCAST] {"src":"n2","dest":"n5","body":{"type":"broadcast","message":"80","msg_id":143}}
[BROADCAST_OK] {"src":"n2","dest":"n1","body":{"type":"broadcast_ok","in_reply_to":92,"msg_id":142}}
[RECEIVED] {"id":1095,"src":"n3","dest":"n2","body":{"type":"broadcast_ok","in_reply_to":142,"msg_id":15}}
[RECEIVED] {"id":1097,"src":"n5","dest":"n2","body":{"type":"broadcast_ok","in_reply_to":143,"msg_id":72}}
[MATCH UNKNOWN]
[MATCH UNKNOWN]
[RECEIVED] {"id":1099,"src":"n1","dest":"n2","body":{"type":"broadcast","message":"81","msg_id":94}}
[CALLBACK MATCH] msg_id=94
[MATCH BROADCAST]
BEGIN GOSSIP
NEIGHBORS: n3, n5
GOSSIP LOOP
LOOP ITER
[BROADCAST] {"src":"n2","dest":"n3","body":{"type":"broadcast","message":"81","msg_id":144}}
LOOP ITER
[BROADCAST] {"src":"n2","dest":"n5","body":{"type":"broadcast","message":"81","msg_id":145}}
[BROADCAST_OK] {"src":"n2","dest":"n1","body":{"type":"broadcast_ok","in_reply_to":94,"msg_id":144}}
[RECEIVED] {"id":1108,"src":"n3","dest":"n2","body":{"type":"broadcast_ok","in_reply_to":144,"msg_id":15}}
[MATCH UNKNOWN]
[RECEIVED] {"id":1109,"src":"n5","dest":"n2","body":{"type":"broadcast_ok","in_reply_to":145,"msg_id":72}}
[MATCH UNKNOWN]
[RECEIVED] {"id":1110,"src":"c11","dest":"n2","body":{"type":"read","msg_id":25}}
[MATCH READ]
[READ_OK] {"src":"n2","dest":"c11","body":{"type":"read_ok","messages":["0","1","10","11","12","13","14","15","16","17","18","19","2","20","21","22","23","24","25","26","27","28","29","3","30","31","32","33","34","35","36","37","38","39","4","40","41","42","43","44","45","46","47","48","49","5","50","51","52","53","54","55","56","57","58","59","6","60","61","62","63","64","65","66","67","68","69","7","70","71","72","73","74","75","76","77","78","79","8","80","81","9"],"in_reply_to":25,"msg_id":146}}
[RECEIVED] {"id":1113,"src":"n3","dest":"n2","body":{"type":"broadcast","message":"82","msg_id":15}}
[MATCH BROADCAST]
BEGIN GOSSIP
NEIGHBORS: n1, n5
GOSSIP LOOP
LOOP ITER
[BROADCAST] {"src":"n2","dest":"n1","body":{"type":"broadcast","message":"82","msg_id":146}}
LOOP ITER
[BROADCAST] {"src":"n2","dest":"n5","body":{"type":"broadcast","message":"82","msg_id":147}}
[BROADCAST_OK] {"src":"n2","dest":"n3","body":{"type":"broadcast_ok","in_reply_to":15,"msg_id":146}}
[RECEIVED] {"id":1119,"src":"n1","dest":"n2","body":{"type":"broadcast_ok","in_reply_to":146,"msg_id":96}}
[MATCH UNKNOWN]
[RECEIVED] {"id":1121,"src":"n5","dest":"n2","body":{"type":"broadcast_ok","in_reply_to":147,"msg_id":72}}
[MATCH UNKNOWN]
[RECEIVED] {"id":1127,"src":"n5","dest":"n2","body":{"type":"broadcast","message":"83","msg_id":73}}
[CALLBACK MATCH] msg_id=73
[MATCH BROADCAST]
BEGIN GOSSIP
NEIGHBORS: n1, n3
GOSSIP LOOP
LOOP ITER
[BROADCAST] {"src":"n2","dest":"n1","body":{"type":"broadcast","message":"83","msg_id":148}}
LOOP ITER
[BROADCAST] {"src":"n2","dest":"n3","body":{"type":"broadcast","message":"83","msg_id":149}}
[BROADCAST_OK] {"src":"n2","dest":"n5","body":{"type":"broadcast_ok","in_reply_to":73,"msg_id":148}}
[RECEIVED] {"id":1136,"src":"n1","dest":"n2","body":{"type":"broadcast_ok","in_reply_to":148,"msg_id":97}}
[RECEIVED] {"id":1137,"src":"n3","dest":"n2","body":{"type":"broadcast_ok","in_reply_to":149,"msg_id":16}}
[MATCH UNKNOWN]
[MATCH UNKNOWN]
[RECEIVED] {"id":1141,"src":"n1","dest":"n2","body":{"type":"broadcast","message":"84","msg_id":97}}
[CALLBACK MATCH] msg_id=97
[MATCH BROADCAST]
BEGIN GOSSIP
NEIGHBORS: n3, n5
GOSSIP LOOP
LOOP ITER
[BROADCAST] {"src":"n2","dest":"n3","body":{"type":"broadcast","message":"84","msg_id":150}}
LOOP ITER
[BROADCAST] {"src":"n2","dest":"n5","body":{"type":"broadcast","message":"84","msg_id":151}}
[BROADCAST_OK] {"src":"n2","dest":"n1","body":{"type":"broadcast_ok","in_reply_to":97,"msg_id":150}}
[RECEIVED] {"id":1150,"src":"n3","dest":"n2","body":{"type":"broadcast_ok","in_reply_to":150,"msg_id":16}}
[RECEIVED] {"id":1151,"src":"n5","dest":"n2","body":{"type":"broadcast_ok","in_reply_to":151,"msg_id":75}}
[MATCH UNKNOWN]
[MATCH UNKNOWN]
[RECEIVED] {"id":1152,"src":"c11","dest":"n2","body":{"type":"broadcast","message":85,"msg_id":26}}
[CALLBACK MATCH] msg_id=26
[MATCH BROADCAST]
BEGIN GOSSIP
NEIGHBORS: n1, n3, n5
GOSSIP LOOP
LOOP ITER
[BROADCAST] {"src":"n2","dest":"n1","body":{"type":"broadcast","message":"85","msg_id":152}}
LOOP ITER
[BROADCAST] {"src":"n2","dest":"n3","body":{"type":"broadcast","message":"85","msg_id":153}}
LOOP ITER
[BROADCAST] {"src":"n2","dest":"n5","body":{"type":"broadcast","message":"85","msg_id":154}}
[BROADCAST_OK] {"src":"n2","dest":"c11","body":{"type":"broadcast_ok","in_reply_to":26,"msg_id":152}}
[RECEIVED] {"id":1158,"src":"n3","dest":"n2","body":{"type":"broadcast_ok","in_reply_to":153,"msg_id":16}}
[RECEIVED] {"id":1160,"src":"n1","dest":"n2","body":{"type":"broadcast_ok","in_reply_to":152,"msg_id":99}}
[MATCH UNKNOWN]
[RECEIVED] {"id":1161,"src":"n5","dest":"n2","body":{"type":"broadcast_ok","in_reply_to":154,"msg_id":75}}
[MATCH UNKNOWN]
[MATCH UNKNOWN]
[RECEIVED] {"id":1165,"src":"n3","dest":"n2","body":{"type":"broadcast","message":"86","msg_id":16}}
[MATCH BROADCAST]
BEGIN GOSSIP
NEIGHBORS: n1, n5
GOSSIP LOOP
LOOP ITER
[BROADCAST] {"src":"n2","dest":"n1","body":{"type":"broadcast","message":"86","msg_id":155}}
LOOP ITER
[BROADCAST] {"src":"n2","dest":"n5","body":{"type":"broadcast","message":"86","msg_id":156}}
[BROADCAST_OK] {"src":"n2","dest":"n3","body":{"type":"broadcast_ok","in_reply_to":16,"msg_id":155}}
[RECEIVED] {"id":1171,"src":"n1","dest":"n2","body":{"type":"broadcast_ok","in_reply_to":155,"msg_id":100}}
[MATCH UNKNOWN]
[RECEIVED] {"id":1173,"src":"n5","dest":"n2","body":{"type":"broadcast_ok","in_reply_to":156,"msg_id":76}}
[MATCH UNKNOWN]
[RECEIVED] {"id":1180,"src":"n1","dest":"n2","body":{"type":"broadcast","message":"87","msg_id":101}}
[RECEIVED] {"id":1181,"src":"n5","dest":"n2","body":{"type":"broadcast","message":"87","msg_id":77}}
[CALLBACK MATCH] msg_id=101
[MATCH BROADCAST]
[MATCH BROADCAST]
[BROADCAST_OK] {"src":"n2","dest":"n1","body":{"type":"broadcast_ok","in_reply_to":101,"msg_id":157}}
[BROADCAST_OK] {"src":"n2","dest":"n5","body":{"type":"broadcast_ok","in_reply_to":77,"msg_id":157}}
[RECEIVED] {"id":1187,"src":"n5","dest":"n2","body":{"type":"broadcast","message":"88","msg_id":78}}
[CALLBACK MATCH] msg_id=78
[MATCH BROADCAST]
BEGIN GOSSIP
NEIGHBORS: n1, n3
GOSSIP LOOP
LOOP ITER
[BROADCAST] {"src":"n2","dest":"n1","body":{"type":"broadcast","message":"88","msg_id":157}}
LOOP ITER
[BROADCAST] {"src":"n2","dest":"n3","body":{"type":"broadcast","message":"88","msg_id":158}}
[BROADCAST_OK] {"src":"n2","dest":"n5","body":{"type":"broadcast_ok","in_reply_to":78,"msg_id":157}}
[RECEIVED] {"id":1196,"src":"n1","dest":"n2","body":{"type":"broadcast_ok","in_reply_to":157,"msg_id":102}}
[MATCH UNKNOWN]
[RECEIVED] {"id":1197,"src":"n3","dest":"n2","body":{"type":"broadcast_ok","in_reply_to":158,"msg_id":17}}
[MATCH UNKNOWN]
[RECEIVED] {"id":1199,"src":"n1","dest":"n2","body":{"type":"broadcast","message":"89","msg_id":102}}
[CALLBACK MATCH] msg_id=102
[MATCH BROADCAST]
BEGIN GOSSIP
NEIGHBORS: n3, n5
GOSSIP LOOP
LOOP ITER
[BROADCAST] {"src":"n2","dest":"n3","body":{"type":"broadcast","message":"89","msg_id":159}}
LOOP ITER
[BROADCAST] {"src":"n2","dest":"n5","body":{"type":"broadcast","message":"89","msg_id":160}}
[BROADCAST_OK] {"src":"n2","dest":"n1","body":{"type":"broadcast_ok","in_reply_to":102,"msg_id":159}}
[RECEIVED] {"id":1208,"src":"n3","dest":"n2","body":{"type":"broadcast_ok","in_reply_to":159,"msg_id":17}}
[RECEIVED] {"id":1209,"src":"n5","dest":"n2","body":{"type":"broadcast_ok","in_reply_to":160,"msg_id":80}}
[MATCH UNKNOWN]
[MATCH UNKNOWN]
[RECEIVED] {"id":1211,"src":"n1","dest":"n2","body":{"type":"broadcast","message":"90","msg_id":104}}
[CALLBACK MATCH] msg_id=104
[MATCH BROADCAST]
BEGIN GOSSIP
NEIGHBORS: n3, n5
GOSSIP LOOP
LOOP ITER
[BROADCAST] {"src":"n2","dest":"n3","body":{"type":"broadcast","message":"90","msg_id":161}}
LOOP ITER
[BROADCAST] {"src":"n2","dest":"n5","body":{"type":"broadcast","message":"90","msg_id":162}}
[BROADCAST_OK] {"src":"n2","dest":"n1","body":{"type":"broadcast_ok","in_reply_to":104,"msg_id":161}}
[RECEIVED] {"id":1220,"src":"n3","dest":"n2","body":{"type":"broadcast_ok","in_reply_to":161,"msg_id":17}}
[RECEIVED] {"id":1221,"src":"n5","dest":"n2","body":{"type":"broadcast_ok","in_reply_to":162,"msg_id":80}}
[MATCH UNKNOWN]
[MATCH UNKNOWN]
[RECEIVED] {"id":1222,"src":"c11","dest":"n2","body":{"type":"read","msg_id":27}}
[MATCH READ]
[READ_OK] {"src":"n2","dest":"c11","body":{"type":"read_ok","messages":["0","1","10","11","12","13","14","15","16","17","18","19","2","20","21","22","23","24","25","26","27","28","29","3","30","31","32","33","34","35","36","37","38","39","4","40","41","42","43","44","45","46","47","48","49","5","50","51","52","53","54","55","56","57","58","59","6","60","61","62","63","64","65","66","67","68","69","7","70","71","72","73","74","75","76","77","78","79","8","80","81","82","83","84","85","86","87","88","89","9","90"],"in_reply_to":27,"msg_id":163}}
[RECEIVED] {"id":1225,"src":"n3","dest":"n2","body":{"type":"broadcast","message":"91","msg_id":17}}
[MATCH BROADCAST]
BEGIN GOSSIP
NEIGHBORS: n1, n5
GOSSIP LOOP
LOOP ITER
[BROADCAST] {"src":"n2","dest":"n1","body":{"type":"broadcast","message":"91","msg_id":163}}
LOOP ITER
[BROADCAST] {"src":"n2","dest":"n5","body":{"type":"broadcast","message":"91","msg_id":164}}
[BROADCAST_OK] {"src":"n2","dest":"n3","body":{"type":"broadcast_ok","in_reply_to":17,"msg_id":163}}
[RECEIVED] {"id":1232,"src":"n5","dest":"n2","body":{"type":"broadcast_ok","in_reply_to":164,"msg_id":80}}
[MATCH UNKNOWN]
[RECEIVED] {"id":1233,"src":"n1","dest":"n2","body":{"type":"broadcast_ok","in_reply_to":163,"msg_id":106}}
[MATCH UNKNOWN]
[RECEIVED] {"id":1241,"src":"n5","dest":"n2","body":{"type":"broadcast","message":"92","msg_id":81}}
[RECEIVED] {"id":1240,"src":"n1","dest":"n2","body":{"type":"broadcast","message":"92","msg_id":107}}
[CALLBACK MATCH] msg_id=81
[MATCH BROADCAST]
[CALLBACK MATCH] msg_id=107
[MATCH BROADCAST]
[BROADCAST_OK] {"src":"n2","dest":"n1","body":{"type":"broadcast_ok","in_reply_to":107,"msg_id":165}}
[BROADCAST_OK] {"src":"n2","dest":"n5","body":{"type":"broadcast_ok","in_reply_to":81,"msg_id":165}}
[RECEIVED] {"id":1247,"src":"n5","dest":"n2","body":{"type":"broadcast","message":"93","msg_id":82}}
[MATCH BROADCAST]
BEGIN GOSSIP
NEIGHBORS: n1, n3
GOSSIP LOOP
LOOP ITER
[BROADCAST] {"src":"n2","dest":"n1","body":{"type":"broadcast","message":"93","msg_id":165}}
LOOP ITER
[BROADCAST] {"src":"n2","dest":"n3","body":{"type":"broadcast","message":"93","msg_id":166}}
[BROADCAST_OK] {"src":"n2","dest":"n5","body":{"type":"broadcast_ok","in_reply_to":82,"msg_id":165}}
[RECEIVED] {"id":1256,"src":"n1","dest":"n2","body":{"type":"broadcast_ok","in_reply_to":165,"msg_id":108}}
[MATCH UNKNOWN]
[RECEIVED] {"id":1257,"src":"n3","dest":"n2","body":{"type":"broadcast_ok","in_reply_to":166,"msg_id":18}}
[MATCH UNKNOWN]
[RECEIVED] {"id":1259,"src":"n1","dest":"n2","body":{"type":"broadcast","message":"94","msg_id":108}}
[CALLBACK MATCH] msg_id=108
[MATCH BROADCAST]
BEGIN GOSSIP
NEIGHBORS: n3, n5
GOSSIP LOOP
LOOP ITER
[BROADCAST] {"src":"n2","dest":"n3","body":{"type":"broadcast","message":"94","msg_id":167}}
LOOP ITER
[BROADCAST] {"src":"n2","dest":"n5","body":{"type":"broadcast","message":"94","msg_id":168}}
[BROADCAST_OK] {"src":"n2","dest":"n1","body":{"type":"broadcast_ok","in_reply_to":108,"msg_id":167}}
[RECEIVED] {"id":1268,"src":"n5","dest":"n2","body":{"type":"broadcast_ok","in_reply_to":168,"msg_id":84}}
[RECEIVED] {"id":1269,"src":"n3","dest":"n2","body":{"type":"broadcast_ok","in_reply_to":167,"msg_id":18}}
[MATCH UNKNOWN]
[MATCH UNKNOWN]
[RECEIVED] {"id":1272,"src":"c11","dest":"n2","body":{"type":"read","msg_id":28}}
[MATCH READ]
[READ_OK] {"src":"n2","dest":"c11","body":{"type":"read_ok","messages":["0","1","10","11","12","13","14","15","16","17","18","19","2","20","21","22","23","24","25","26","27","28","29","3","30","31","32","33","34","35","36","37","38","39","4","40","41","42","43","44","45","46","47","48","49","5","50","51","52","53","54","55","56","57","58","59","6","60","61","62","63","64","65","66","67","68","69","7","70","71","72","73","74","75","76","77","78","79","8","80","81","82","83","84","85","86","87","88","89","9","90","91","92","93","94"],"in_reply_to":28,"msg_id":169}}
[RECEIVED] {"id":1281,"src":"n1","dest":"n2","body":{"type":"broadcast","message":"95","msg_id":110}}
[CALLBACK MATCH] msg_id=110
[MATCH BROADCAST]
BEGIN GOSSIP
NEIGHBORS: n3, n5
GOSSIP LOOP
LOOP ITER
[BROADCAST] {"src":"n2","dest":"n3","body":{"type":"broadcast","message":"95","msg_id":169}}
LOOP ITER
[BROADCAST] {"src":"n2","dest":"n5","body":{"type":"broadcast","message":"95","msg_id":170}}
[BROADCAST_OK] {"src":"n2","dest":"n1","body":{"type":"broadcast_ok","in_reply_to":110,"msg_id":169}}
[RECEIVED] {"id":1290,"src":"n3","dest":"n2","body":{"type":"broadcast_ok","in_reply_to":169,"msg_id":18}}
[MATCH UNKNOWN]
[RECEIVED] {"id":1291,"src":"n5","dest":"n2","body":{"type":"broadcast_ok","in_reply_to":170,"msg_id":84}}
[MATCH UNKNOWN]
[RECEIVED] {"id":1293,"src":"n1","dest":"n2","body":{"type":"broadcast","message":"96","msg_id":112}}
[CALLBACK MATCH] msg_id=112
[MATCH BROADCAST]
BEGIN GOSSIP
NEIGHBORS: n3, n5
GOSSIP LOOP
LOOP ITER
[BROADCAST] {"src":"n2","dest":"n3","body":{"type":"broadcast","message":"96","msg_id":171}}
LOOP ITER
[BROADCAST] {"src":"n2","dest":"n5","body":{"type":"broadcast","message":"96","msg_id":172}}
[BROADCAST_OK] {"src":"n2","dest":"n1","body":{"type":"broadcast_ok","in_reply_to":112,"msg_id":171}}
[RECEIVED] {"id":1302,"src":"n3","dest":"n2","body":{"type":"broadcast_ok","in_reply_to":171,"msg_id":18}}
[RECEIVED] {"id":1303,"src":"n5","dest":"n2","body":{"type":"broadcast_ok","in_reply_to":172,"msg_id":84}}
[MATCH UNKNOWN]
[MATCH UNKNOWN]
[RECEIVED] {"id":1304,"src":"c11","dest":"n2","body":{"type":"broadcast","message":97,"msg_id":29}}
[MATCH BROADCAST]
BEGIN GOSSIP
NEIGHBORS: n1, n3, n5
GOSSIP LOOP
LOOP ITER
[BROADCAST] {"src":"n2","dest":"n1","body":{"type":"broadcast","message":"97","msg_id":173}}
LOOP ITER
[BROADCAST] {"src":"n2","dest":"n3","body":{"type":"broadcast","message":"97","msg_id":174}}
LOOP ITER
[BROADCAST] {"src":"n2","dest":"n5","body":{"type":"broadcast","message":"97","msg_id":175}}
[BROADCAST_OK] {"src":"n2","dest":"c11","body":{"type":"broadcast_ok","in_reply_to":29,"msg_id":173}}
[RECEIVED] {"id":1310,"src":"n3","dest":"n2","body":{"type":"broadcast_ok","in_reply_to":174,"msg_id":18}}
[RECEIVED] {"id":1312,"src":"n1","dest":"n2","body":{"type":"broadcast_ok","in_reply_to":173,"msg_id":114}}
[MATCH UNKNOWN]
[RECEIVED] {"id":1313,"src":"n5","dest":"n2","body":{"type":"broadcast_ok","in_reply_to":175,"msg_id":84}}
[MATCH UNKNOWN]
[MATCH UNKNOWN]
[RECEIVED] {"id":1321,"src":"n5","dest":"n2","body":{"type":"broadcast","message":"98","msg_id":85}}
[MATCH BROADCAST]
BEGIN GOSSIP
NEIGHBORS: n1, n3
GOSSIP LOOP
LOOP ITER
[BROADCAST] {"src":"n2","dest":"n1","body":{"type":"broadcast","message":"98","msg_id":176}}
LOOP ITER
[BROADCAST] {"src":"n2","dest":"n3","body":{"type":"broadcast","message":"98","msg_id":177}}
[BROADCAST_OK] {"src":"n2","dest":"n5","body":{"type":"broadcast_ok","in_reply_to":85,"msg_id":176}}
[RECEIVED] {"id":1330,"src":"n1","dest":"n2","body":{"type":"broadcast_ok","in_reply_to":176,"msg_id":115}}
[MATCH UNKNOWN]
[RECEIVED] {"id":1331,"src":"n3","dest":"n2","body":{"type":"broadcast_ok","in_reply_to":177,"msg_id":18}}
[MATCH UNKNOWN]
[RECEIVED] {"id":1335,"src":"n1","dest":"n2","body":{"type":"broadcast","message":"99","msg_id":115}}
[CALLBACK MATCH] msg_id=115
[MATCH BROADCAST]
BEGIN GOSSIP
NEIGHBORS: n3, n5
GOSSIP LOOP
LOOP ITER
[BROADCAST] {"src":"n2","dest":"n3","body":{"type":"broadcast","message":"99","msg_id":178}}
LOOP ITER
[BROADCAST] {"src":"n2","dest":"n5","body":{"type":"broadcast","message":"99","msg_id":179}}
[BROADCAST_OK] {"src":"n2","dest":"n1","body":{"type":"broadcast_ok","in_reply_to":115,"msg_id":178}}
[RECEIVED] {"id":1344,"src":"n5","dest":"n2","body":{"type":"broadcast_ok","in_reply_to":179,"msg_id":87}}
[RECEIVED] {"id":1345,"src":"n3","dest":"n2","body":{"type":"broadcast_ok","in_reply_to":178,"msg_id":18}}
[MATCH UNKNOWN]
[MATCH UNKNOWN]
[RECEIVED] {"id":1346,"src":"c11","dest":"n2","body":{"type":"broadcast","message":100,"msg_id":30}}
[CALLBACK MATCH] msg_id=30
[MATCH BROADCAST]
BEGIN GOSSIP
NEIGHBORS: n1, n3, n5
GOSSIP LOOP
LOOP ITER
[BROADCAST] {"src":"n2","dest":"n1","body":{"type":"broadcast","message":"100","msg_id":180}}
LOOP ITER
[BROADCAST] {"src":"n2","dest":"n3","body":{"type":"broadcast","message":"100","msg_id":181}}
LOOP ITER
[BROADCAST] {"src":"n2","dest":"n5","body":{"type":"broadcast","message":"100","msg_id":182}}
[BROADCAST_OK] {"src":"n2","dest":"c11","body":{"type":"broadcast_ok","in_reply_to":30,"msg_id":180}}
[RECEIVED] {"id":1352,"src":"n3","dest":"n2","body":{"type":"broadcast_ok","in_reply_to":181,"msg_id":18}}
[RECEIVED] {"id":1353,"src":"n1","dest":"n2","body":{"type":"broadcast_ok","in_reply_to":180,"msg_id":117}}
[MATCH UNKNOWN]
[MATCH UNKNOWN]
[RECEIVED] {"id":1355,"src":"n5","dest":"n2","body":{"type":"broadcast_ok","in_reply_to":182,"msg_id":87}}
[MATCH UNKNOWN]
[RECEIVED] {"id":1367,"src":"n1","dest":"n2","body":{"type":"broadcast","message":"101","msg_id":118}}
[CALLBACK MATCH] msg_id=118
[MATCH BROADCAST]
BEGIN GOSSIP
NEIGHBORS: n3, n5
GOSSIP LOOP
LOOP ITER
[BROADCAST] {"src":"n2","dest":"n3","body":{"type":"broadcast","message":"101","msg_id":183}}
LOOP ITER
[BROADCAST] {"src":"n2","dest":"n5","body":{"type":"broadcast","message":"101","msg_id":184}}
[BROADCAST_OK] {"src":"n2","dest":"n1","body":{"type":"broadcast_ok","in_reply_to":118,"msg_id":183}}
[RECEIVED] {"id":1376,"src":"n3","dest":"n2","body":{"type":"broadcast_ok","in_reply_to":183,"msg_id":18}}
[RECEIVED] {"id":1377,"src":"n5","dest":"n2","body":{"type":"broadcast_ok","in_reply_to":184,"msg_id":88}}
[MATCH UNKNOWN]
[MATCH UNKNOWN]
[RECEIVED] {"id":1378,"src":"c11","dest":"n2","body":{"type":"broadcast","message":102,"msg_id":31}}
[MATCH BROADCAST]
BEGIN GOSSIP
NEIGHBORS: n1, n3, n5
GOSSIP LOOP
LOOP ITER
[BROADCAST] {"src":"n2","dest":"n1","body":{"type":"broadcast","message":"102","msg_id":185}}
LOOP ITER
[BROADCAST] {"src":"n2","dest":"n3","body":{"type":"broadcast","message":"102","msg_id":186}}
LOOP ITER
[BROADCAST] {"src":"n2","dest":"n5","body":{"type":"broadcast","message":"102","msg_id":187}}
[BROADCAST_OK] {"src":"n2","dest":"c11","body":{"type":"broadcast_ok","in_reply_to":31,"msg_id":185}}
[RECEIVED] {"id":1384,"src":"n3","dest":"n2","body":{"type":"broadcast_ok","in_reply_to":186,"msg_id":18}}
[RECEIVED] {"id":1385,"src":"n1","dest":"n2","body":{"type":"broadcast_ok","in_reply_to":185,"msg_id":120}}
[MATCH UNKNOWN]
[MATCH UNKNOWN]
[RECEIVED] {"id":1387,"src":"n5","dest":"n2","body":{"type":"broadcast_ok","in_reply_to":187,"msg_id":88}}
[MATCH UNKNOWN]
[RECEIVED] {"id":1396,"src":"n5","dest":"n2","body":{"type":"broadcast","message":"103","msg_id":89}}
[RECEIVED] {"id":1397,"src":"n1","dest":"n2","body":{"type":"broadcast","message":"103","msg_id":121}}
[CALLBACK MATCH] msg_id=89
[MATCH BROADCAST]
[CALLBACK MATCH] msg_id=121
[MATCH BROADCAST]
[BROADCAST_OK] {"src":"n2","dest":"n1","body":{"type":"broadcast_ok","in_reply_to":121,"msg_id":188}}
[BROADCAST_OK] {"src":"n2","dest":"n5","body":{"type":"broadcast_ok","in_reply_to":89,"msg_id":188}}
[RECEIVED] {"id":1403,"src":"n5","dest":"n2","body":{"type":"broadcast","message":"104","msg_id":90}}
[MATCH BROADCAST]
BEGIN GOSSIP
NEIGHBORS: n1, n3
GOSSIP LOOP
LOOP ITER
[BROADCAST] {"src":"n2","dest":"n1","body":{"type":"broadcast","message":"104","msg_id":188}}
LOOP ITER
[BROADCAST] {"src":"n2","dest":"n3","body":{"type":"broadcast","message":"104","msg_id":189}}
[BROADCAST_OK] {"src":"n2","dest":"n5","body":{"type":"broadcast_ok","in_reply_to":90,"msg_id":188}}
[RECEIVED] {"id":1412,"src":"n1","dest":"n2","body":{"type":"broadcast_ok","in_reply_to":188,"msg_id":122}}
[MATCH UNKNOWN]
[RECEIVED] {"id":1413,"src":"n3","dest":"n2","body":{"type":"broadcast_ok","in_reply_to":189,"msg_id":18}}
[MATCH UNKNOWN]
[RECEIVED] {"id":1418,"src":"c11","dest":"n2","body":{"type":"read","msg_id":32}}
[MATCH READ]
[READ_OK] {"src":"n2","dest":"c11","body":{"type":"read_ok","messages":["0","1","10","100","101","102","103","104","11","12","13","14","15","16","17","18","19","2","20","21","22","23","24","25","26","27","28","29","3","30","31","32","33","34","35","36","37","38","39","4","40","41","42","43","44","45","46","47","48","49","5","50","51","52","53","54","55","56","57","58","59","6","60","61","62","63","64","65","66","67","68","69","7","70","71","72","73","74","75","76","77","78","79","8","80","81","82","83","84","85","86","87","88","89","9","90","91","92","93","94","95","96","97","98","99"],"in_reply_to":32,"msg_id":190}}
[RECEIVED] {"id":1424,"src":"c11","dest":"n2","body":{"type":"read","msg_id":33}}
[MATCH READ]
[READ_OK] {"src":"n2","dest":"c11","body":{"type":"read_ok","messages":["0","1","10","100","101","102","103","104","11","12","13","14","15","16","17","18","19","2","20","21","22","23","24","25","26","27","28","29","3","30","31","32","33","34","35","36","37","38","39","4","40","41","42","43","44","45","46","47","48","49","5","50","51","52","53","54","55","56","57","58","59","6","60","61","62","63","64","65","66","67","68","69","7","70","71","72","73","74","75","76","77","78","79","8","80","81","82","83","84","85","86","87","88","89","9","90","91","92","93","94","95","96","97","98","99"],"in_reply_to":33,"msg_id":190}}
