[RECEIVED] {"id":1,"src":"c1","dest":"n4","body":{"type":"init","node_id":"n4","node_ids":["n1","n2","n3","n4","n5"],"msg_id":1}}
[MATCH INIT]
[INIT_OK] {"src":"n4","dest":"c1","body":{"type":"init_ok","in_reply_to":1,"msg_id":0}}
[RECEIVED] {"id":13,"src":"c5","dest":"n4","body":{"type":"topology","topology":{"n1":["n4","n2"],"n2":["n5","n3","n1"],"n3":["n2"],"n4":["n1","n5"],"n5":["n2","n4"]},"msg_id":1}}
[MATCH TOPOLOGY]
[TOPOLOGY_OK] {"src":"n4","dest":"c5","body":{"type":"topology_ok","in_reply_to":1,"msg_id":0}}
[RECEIVED] {"id":22,"src":"n1","dest":"n4","body":{"type":"broadcast","message":"0","msg_id":1}}
[MATCH BROADCAST]
BEGIN GOSSIP
NEIGHBORS: n5
GOSSIP LOOP
LOOP ITER
[BROADCAST] {"src":"n4","dest":"n5","body":{"type":"broadcast","message":"0","msg_id":0}}
[BROADCAST_OK] {"src":"n4","dest":"n1","body":{"type":"broadcast_ok","in_reply_to":1,"msg_id":0}}
[RECEIVED] {"id":31,"src":"n5","dest":"n4","body":{"type":"broadcast_ok","in_reply_to":0,"msg_id":0}}
[MATCH UNKNOWN]
[RECEIVED] {"id":38,"src":"n1","dest":"n4","body":{"type":"broadcast","message":"1","msg_id":2}}
[RECEIVED] {"id":39,"src":"n5","dest":"n4","body":{"type":"broadcast","message":"1","msg_id":0}}
[MATCH BROADCAST]
[CALLBACK MATCH] msg_id=0
[MATCH BROADCAST]
[BROADCAST_OK] {"src":"n4","dest":"n5","body":{"type":"broadcast_ok","in_reply_to":0,"msg_id":1}}
[BROADCAST_OK] {"src":"n4","dest":"n1","body":{"type":"broadcast_ok","in_reply_to":2,"msg_id":1}}
[RECEIVED] {"id":46,"src":"c13","dest":"n4","body":{"type":"broadcast","message":2,"msg_id":1}}
[MATCH BROADCAST]
BEGIN GOSSIP
NEIGHBORS: n1, n5
GOSSIP LOOP
LOOP ITER
[BROADCAST] {"src":"n4","dest":"n1","body":{"type":"broadcast","message":"2","msg_id":1}}
LOOP ITER
[BROADCAST] {"src":"n4","dest":"n5","body":{"type":"broadcast","message":"2","msg_id":2}}
[BROADCAST_OK] {"src":"n4","dest":"c13","body":{"type":"broadcast_ok","in_reply_to":1,"msg_id":1}}
[RECEIVED] {"id":52,"src":"n5","dest":"n4","body":{"type":"broadcast_ok","in_reply_to":2,"msg_id":1}}
[MATCH UNKNOWN]
[RECEIVED] {"id":53,"src":"n1","dest":"n4","body":{"type":"broadcast_ok","in_reply_to":1,"msg_id":3}}
[MATCH UNKNOWN]
[RECEIVED] {"id":60,"src":"n1","dest":"n4","body":{"type":"broadcast","message":"3","msg_id":5}}
[MATCH BROADCAST]
BEGIN GOSSIP
NEIGHBORS: n5
GOSSIP LOOP
LOOP ITER
[BROADCAST] {"src":"n4","dest":"n5","body":{"type":"broadcast","message":"3","msg_id":3}}
[BROADCAST_OK] {"src":"n4","dest":"n1","body":{"type":"broadcast_ok","in_reply_to":5,"msg_id":3}}
[RECEIVED] {"id":67,"src":"n5","dest":"n4","body":{"type":"broadcast_ok","in_reply_to":3,"msg_id":2}}
[MATCH UNKNOWN]
[RECEIVED] {"id":80,"src":"n1","dest":"n4","body":{"type":"broadcast","message":"4","msg_id":6}}
[RECEIVED] {"id":81,"src":"n5","dest":"n4","body":{"type":"broadcast","message":"4","msg_id":2}}
[MATCH BROADCAST]
[CALLBACK MATCH] msg_id=2
[MATCH BROADCAST]
[BROADCAST_OK] {"src":"n4","dest":"n5","body":{"type":"broadcast_ok","in_reply_to":2,"msg_id":4}}
[BROADCAST_OK] {"src":"n4","dest":"n1","body":{"type":"broadcast_ok","in_reply_to":6,"msg_id":4}}
[RECEIVED] {"id":86,"src":"c13","dest":"n4","body":{"type":"read","msg_id":2}}
[MATCH READ]
[READ_OK] {"src":"n4","dest":"c13","body":{"type":"read_ok","messages":["0","1","2","3","4"],"in_reply_to":2,"msg_id":4}}
[RECEIVED] {"id":90,"src":"n5","dest":"n4","body":{"type":"broadcast","message":"5","msg_id":4}}
[MATCH BROADCAST]
BEGIN GOSSIP
NEIGHBORS: n1
GOSSIP LOOP
LOOP ITER
[BROADCAST] {"src":"n4","dest":"n1","body":{"type":"broadcast","message":"5","msg_id":4}}
[BROADCAST_OK] {"src":"n4","dest":"n5","body":{"type":"broadcast_ok","in_reply_to":4,"msg_id":4}}
[RECEIVED] {"id":97,"src":"n1","dest":"n4","body":{"type":"broadcast_ok","in_reply_to":4,"msg_id":7}}
[MATCH UNKNOWN]
[RECEIVED] {"id":104,"src":"n1","dest":"n4","body":{"type":"broadcast","message":"6","msg_id":8}}
[MATCH BROADCAST]
BEGIN GOSSIP
NEIGHBORS: n5
GOSSIP LOOP
LOOP ITER
[BROADCAST] {"src":"n4","dest":"n5","body":{"type":"broadcast","message":"6","msg_id":5}}
[BROADCAST_OK] {"src":"n4","dest":"n1","body":{"type":"broadcast_ok","in_reply_to":8,"msg_id":5}}
[RECEIVED] {"id":111,"src":"n5","dest":"n4","body":{"type":"broadcast_ok","in_reply_to":5,"msg_id":5}}
[MATCH UNKNOWN]
[RECEIVED] {"id":122,"src":"n1","dest":"n4","body":{"type":"broadcast","message":"7","msg_id":9}}
[RECEIVED] {"id":123,"src":"n5","dest":"n4","body":{"type":"broadcast","message":"7","msg_id":5}}
[MATCH BROADCAST]
[CALLBACK MATCH] msg_id=5
[MATCH BROADCAST]
[BROADCAST_OK] {"src":"n4","dest":"n5","body":{"type":"broadcast_ok","in_reply_to":5,"msg_id":6}}
[BROADCAST_OK] {"src":"n4","dest":"n1","body":{"type":"broadcast_ok","in_reply_to":9,"msg_id":6}}
[RECEIVED] {"id":128,"src":"c13","dest":"n4","body":{"type":"broadcast","message":8,"msg_id":3}}
[CALLBACK MATCH] msg_id=3
[MATCH BROADCAST]
BEGIN GOSSIP
NEIGHBORS: n1, n5
GOSSIP LOOP
LOOP ITER
[BROADCAST] {"src":"n4","dest":"n1","body":{"type":"broadcast","message":"8","msg_id":6}}
LOOP ITER
[BROADCAST] {"src":"n4","dest":"n5","body":{"type":"broadcast","message":"8","msg_id":7}}
[BROADCAST_OK] {"src":"n4","dest":"c13","body":{"type":"broadcast_ok","in_reply_to":3,"msg_id":6}}
[RECEIVED] {"id":134,"src":"n5","dest":"n4","body":{"type":"broadcast_ok","in_reply_to":7,"msg_id":6}}
[MATCH UNKNOWN]
[RECEIVED] {"id":135,"src":"n1","dest":"n4","body":{"type":"broadcast_ok","in_reply_to":6,"msg_id":10}}
[MATCH UNKNOWN]
[RECEIVED] {"id":149,"src":"n1","dest":"n4","body":{"type":"broadcast","message":"9","msg_id":11}}
[RECEIVED] {"id":151,"src":"n5","dest":"n4","body":{"type":"broadcast","message":"9","msg_id":7}}
[MATCH BROADCAST]
[CALLBACK MATCH] msg_id=7
[MATCH BROADCAST]
[BROADCAST_OK] {"src":"n4","dest":"n5","body":{"type":"broadcast_ok","in_reply_to":7,"msg_id":8}}
[BROADCAST_OK] {"src":"n4","dest":"n1","body":{"type":"broadcast_ok","in_reply_to":11,"msg_id":8}}
[RECEIVED] {"id":162,"src":"n1","dest":"n4","body":{"type":"broadcast","message":"10","msg_id":12}}
[RECEIVED] {"id":163,"src":"n5","dest":"n4","body":{"type":"broadcast","message":"10","msg_id":8}}
[MATCH BROADCAST]
[MATCH BROADCAST]
[BROADCAST_OK] {"src":"n4","dest":"n1","body":{"type":"broadcast_ok","in_reply_to":12,"msg_id":8}}
[BROADCAST_OK] {"src":"n4","dest":"n5","body":{"type":"broadcast_ok","in_reply_to":8,"msg_id":8}}
[RECEIVED] {"id":168,"src":"c13","dest":"n4","body":{"type":"broadcast","message":11,"msg_id":4}}
[CALLBACK MATCH] msg_id=4
[MATCH BROADCAST]
BEGIN GOSSIP
NEIGHBORS: n1, n5
GOSSIP LOOP
LOOP ITER
[BROADCAST] {"src":"n4","dest":"n1","body":{"type":"broadcast","message":"11","msg_id":8}}
LOOP ITER
[BROADCAST] {"src":"n4","dest":"n5","body":{"type":"broadcast","message":"11","msg_id":9}}
[BROADCAST_OK] {"src":"n4","dest":"c13","body":{"type":"broadcast_ok","in_reply_to":4,"msg_id":8}}
[RECEIVED] {"id":174,"src":"n5","dest":"n4","body":{"type":"broadcast_ok","in_reply_to":9,"msg_id":9}}
[MATCH UNKNOWN]
[RECEIVED] {"id":175,"src":"n1","dest":"n4","body":{"type":"broadcast_ok","in_reply_to":8,"msg_id":13}}
[MATCH UNKNOWN]
[RECEIVED] {"id":182,"src":"n1","dest":"n4","body":{"type":"broadcast","message":"12","msg_id":15}}
[MATCH BROADCAST]
BEGIN GOSSIP
NEIGHBORS: n5
GOSSIP LOOP
LOOP ITER
[BROADCAST] {"src":"n4","dest":"n5","body":{"type":"broadcast","message":"12","msg_id":10}}
[BROADCAST_OK] {"src":"n4","dest":"n1","body":{"type":"broadcast_ok","in_reply_to":15,"msg_id":10}}
[RECEIVED] {"id":189,"src":"n5","dest":"n4","body":{"type":"broadcast_ok","in_reply_to":10,"msg_id":10}}
[MATCH UNKNOWN]
[RECEIVED] {"id":199,"src":"n1","dest":"n4","body":{"type":"broadcast","message":"13","msg_id":16}}
[MATCH BROADCAST]
BEGIN GOSSIP
[RECEIVED] {"id":202,"src":"n5","dest":"n4","body":{"type":"broadcast","message":"13","msg_id":10}}
NEIGHBORS: n5
[CALLBACK MATCH] msg_id=10
[BROADCAST_OK] {"src":"n4","dest":"n1","body":{"type":"broadcast_ok","in_reply_to":16,"msg_id":11}}
[MATCH BROADCAST]
[BROADCAST_OK] {"src":"n4","dest":"n5","body":{"type":"broadcast_ok","in_reply_to":10,"msg_id":11}}
[RECEIVED] {"id":212,"src":"n1","dest":"n4","body":{"type":"broadcast","message":"14","msg_id":17}}
[RECEIVED] {"id":213,"src":"n5","dest":"n4","body":{"type":"broadcast","message":"14","msg_id":11}}
[MATCH BROADCAST]
[MATCH BROADCAST]
[BROADCAST_OK] {"src":"n4","dest":"n1","body":{"type":"broadcast_ok","in_reply_to":17,"msg_id":11}}
[BROADCAST_OK] {"src":"n4","dest":"n5","body":{"type":"broadcast_ok","in_reply_to":11,"msg_id":11}}
[RECEIVED] {"id":218,"src":"c13","dest":"n4","body":{"type":"broadcast","message":15,"msg_id":5}}
[MATCH BROADCAST]
BEGIN GOSSIP
NEIGHBORS: n1, n5
GOSSIP LOOP
LOOP ITER
[BROADCAST] {"src":"n4","dest":"n1","body":{"type":"broadcast","message":"15","msg_id":11}}
LOOP ITER
[BROADCAST] {"src":"n4","dest":"n5","body":{"type":"broadcast","message":"15","msg_id":12}}
[BROADCAST_OK] {"src":"n4","dest":"c13","body":{"type":"broadcast_ok","in_reply_to":5,"msg_id":11}}
[RECEIVED] {"id":224,"src":"n1","dest":"n4","body":{"type":"broadcast_ok","in_reply_to":11,"msg_id":18}}
[RECEIVED] {"id":225,"src":"n5","dest":"n4","body":{"type":"broadcast_ok","in_reply_to":12,"msg_id":12}}
[MATCH UNKNOWN]
[MATCH UNKNOWN]
[RECEIVED] {"id":232,"src":"n5","dest":"n4","body":{"type":"broadcast","message":"16","msg_id":14}}
[MATCH BROADCAST]
BEGIN GOSSIP
NEIGHBORS: n1
GOSSIP LOOP
LOOP ITER
[BROADCAST] {"src":"n4","dest":"n1","body":{"type":"broadcast","message":"16","msg_id":13}}
[BROADCAST_OK] {"src":"n4","dest":"n5","body":{"type":"broadcast_ok","in_reply_to":14,"msg_id":13}}
[RECEIVED] {"id":239,"src":"n1","dest":"n4","body":{"type":"broadcast_ok","in_reply_to":13,"msg_id":19}}
[MATCH UNKNOWN]
[RECEIVED] {"id":244,"src":"n1","dest":"n4","body":{"type":"broadcast","message":"17","msg_id":20}}
[MATCH BROADCAST]
BEGIN GOSSIP
NEIGHBORS: n5
GOSSIP LOOP
LOOP ITER
[BROADCAST] {"src":"n4","dest":"n5","body":{"type":"broadcast","message":"17","msg_id":14}}
[BROADCAST_OK] {"src":"n4","dest":"n1","body":{"type":"broadcast_ok","in_reply_to":20,"msg_id":14}}
[RECEIVED] {"id":252,"src":"n5","dest":"n4","body":{"type":"broadcast_ok","in_reply_to":14,"msg_id":15}}
[MATCH UNKNOWN]
[RECEIVED] {"id":259,"src":"n1","dest":"n4","body":{"type":"broadcast","message":"18","msg_id":21}}
[MATCH BROADCAST]
BEGIN GOSSIP
[RECEIVED] {"id":262,"src":"n5","dest":"n4","body":{"type":"broadcast","message":"18","msg_id":15}}
NEIGHBORS: n5
[MATCH BROADCAST]
[BROADCAST_OK] {"src":"n4","dest":"n1","body":{"type":"broadcast_ok","in_reply_to":21,"msg_id":15}}
[BROADCAST_OK] {"src":"n4","dest":"n5","body":{"type":"broadcast_ok","in_reply_to":15,"msg_id":15}}
[RECEIVED] {"id":272,"src":"n1","dest":"n4","body":{"type":"broadcast","message":"19","msg_id":22}}
[RECEIVED] {"id":273,"src":"n5","dest":"n4","body":{"type":"broadcast","message":"19","msg_id":16}}
[MATCH BROADCAST]
[MATCH BROADCAST]
[BROADCAST_OK] {"src":"n4","dest":"n1","body":{"type":"broadcast_ok","in_reply_to":22,"msg_id":15}}
[BROADCAST_OK] {"src":"n4","dest":"n5","body":{"type":"broadcast_ok","in_reply_to":16,"msg_id":15}}
[RECEIVED] {"id":278,"src":"c13","dest":"n4","body":{"type":"read","msg_id":6}}
[CALLBACK MATCH] msg_id=6
[MATCH READ]
[READ_OK] {"src":"n4","dest":"c13","body":{"type":"read_ok","messages":["0","1","10","11","12","13","14","15","16","17","18","19","2","3","4","5","6","7","8","9"],"in_reply_to":6,"msg_id":15}}
[RECEIVED] {"id":286,"src":"n1","dest":"n4","body":{"type":"broadcast","message":"20","msg_id":24}}
[MATCH BROADCAST]
BEGIN GOSSIP
NEIGHBORS: n5
GOSSIP LOOP
LOOP ITER
[BROADCAST] {"src":"n4","dest":"n5","body":{"type":"broadcast","message":"20","msg_id":15}}
[BROADCAST_OK] {"src":"n4","dest":"n1","body":{"type":"broadcast_ok","in_reply_to":24,"msg_id":15}}
[RECEIVED] {"id":293,"src":"n5","dest":"n4","body":{"type":"broadcast_ok","in_reply_to":15,"msg_id":17}}
[MATCH UNKNOWN]
[RECEIVED] {"id":300,"src":"c13","dest":"n4","body":{"type":"read","msg_id":7}}
[MATCH READ]
[READ_OK] {"src":"n4","dest":"c13","body":{"type":"read_ok","messages":["0","1","10","11","12","13","14","15","16","17","18","19","2","20","3","4","5","6","7","8","9"],"in_reply_to":7,"msg_id":16}}
[RECEIVED] {"id":313,"src":"n5","dest":"n4","body":{"type":"broadcast","message":"21","msg_id":17}}
[MATCH BROADCAST]
BEGIN GOSSIP
[RECEIVED] {"id":316,"src":"n1","dest":"n4","body":{"type":"broadcast","message":"21","msg_id":25}}
NEIGHBORS: n1
[MATCH BROADCAST]
[BROADCAST_OK] {"src":"n4","dest":"n5","body":{"type":"broadcast_ok","in_reply_to":17,"msg_id":16}}
[BROADCAST_OK] {"src":"n4","dest":"n1","body":{"type":"broadcast_ok","in_reply_to":25,"msg_id":16}}
[RECEIVED] {"id":326,"src":"n1","dest":"n4","body":{"type":"broadcast","message":"22","msg_id":26}}
[MATCH BROADCAST]
BEGIN GOSSIP
NEIGHBORS: n5
[RECEIVED] {"id":328,"src":"n5","dest":"n4","body":{"type":"broadcast","message":"22","msg_id":18}}
GOSSIP LOOP
[MATCH BROADCAST]
[BROADCAST_OK] {"src":"n4","dest":"n1","body":{"type":"broadcast_ok","in_reply_to":26,"msg_id":16}}
[BROADCAST_OK] {"src":"n4","dest":"n5","body":{"type":"broadcast_ok","in_reply_to":18,"msg_id":16}}
[RECEIVED] {"id":332,"src":"c13","dest":"n4","body":{"type":"broadcast","message":23,"msg_id":8}}
[CALLBACK MATCH] msg_id=8
[MATCH BROADCAST]
BEGIN GOSSIP
NEIGHBORS: n1, n5
GOSSIP LOOP
LOOP ITER
[BROADCAST] {"src":"n4","dest":"n1","body":{"type":"broadcast","message":"23","msg_id":16}}
LOOP ITER
[BROADCAST] {"src":"n4","dest":"n5","body":{"type":"broadcast","message":"23","msg_id":17}}
[BROADCAST_OK] {"src":"n4","dest":"c13","body":{"type":"broadcast_ok","in_reply_to":8,"msg_id":16}}
[RECEIVED] {"id":338,"src":"n5","dest":"n4","body":{"type":"broadcast_ok","in_reply_to":17,"msg_id":19}}
[RECEIVED] {"id":339,"src":"n1","dest":"n4","body":{"type":"broadcast_ok","in_reply_to":16,"msg_id":27}}
[MATCH UNKNOWN]
[MATCH UNKNOWN]
[RECEIVED] {"id":352,"src":"c13","dest":"n4","body":{"type":"broadcast","message":24,"msg_id":9}}
[CALLBACK MATCH] msg_id=9
[MATCH BROADCAST]
BEGIN GOSSIP
NEIGHBORS: n1, n5
GOSSIP LOOP
LOOP ITER
[BROADCAST] {"src":"n4","dest":"n1","body":{"type":"broadcast","message":"24","msg_id":18}}
LOOP ITER
[BROADCAST] {"src":"n4","dest":"n5","body":{"type":"broadcast","message":"24","msg_id":19}}
[BROADCAST_OK] {"src":"n4","dest":"c13","body":{"type":"broadcast_ok","in_reply_to":9,"msg_id":18}}
[RECEIVED] {"id":359,"src":"n1","dest":"n4","body":{"type":"broadcast_ok","in_reply_to":18,"msg_id":28}}
[RECEIVED] {"id":358,"src":"n5","dest":"n4","body":{"type":"broadcast_ok","in_reply_to":19,"msg_id":20}}
[MATCH UNKNOWN]
[MATCH UNKNOWN]
[RECEIVED] {"id":364,"src":"n5","dest":"n4","body":{"type":"broadcast","message":"25","msg_id":22}}
[MATCH BROADCAST]
BEGIN GOSSIP
NEIGHBORS: n1
GOSSIP LOOP
LOOP ITER
[BROADCAST] {"src":"n4","dest":"n1","body":{"type":"broadcast","message":"25","msg_id":20}}
[BROADCAST_OK] {"src":"n4","dest":"n5","body":{"type":"broadcast_ok","in_reply_to":22,"msg_id":20}}
[RECEIVED] {"id":371,"src":"n1","dest":"n4","body":{"type":"broadcast_ok","in_reply_to":20,"msg_id":29}}
[MATCH UNKNOWN]
[RECEIVED] {"id":376,"src":"n1","dest":"n4","body":{"type":"broadcast","message":"26","msg_id":30}}
[MATCH BROADCAST]
BEGIN GOSSIP
NEIGHBORS: n5
GOSSIP LOOP
LOOP ITER
[BROADCAST] {"src":"n4","dest":"n5","body":{"type":"broadcast","message":"26","msg_id":21}}
[BROADCAST_OK] {"src":"n4","dest":"n1","body":{"type":"broadcast_ok","in_reply_to":30,"msg_id":21}}
[RECEIVED] {"id":385,"src":"n5","dest":"n4","body":{"type":"broadcast_ok","in_reply_to":21,"msg_id":23}}
[MATCH UNKNOWN]
[RECEIVED] {"id":390,"src":"n1","dest":"n4","body":{"type":"broadcast","message":"27","msg_id":32}}
[MATCH BROADCAST]
BEGIN GOSSIP
NEIGHBORS: n5
GOSSIP LOOP
LOOP ITER
[BROADCAST] {"src":"n4","dest":"n5","body":{"type":"broadcast","message":"27","msg_id":22}}
[BROADCAST_OK] {"src":"n4","dest":"n1","body":{"type":"broadcast_ok","in_reply_to":32,"msg_id":22}}
[RECEIVED] {"id":398,"src":"n5","dest":"n4","body":{"type":"broadcast_ok","in_reply_to":22,"msg_id":24}}
[MATCH UNKNOWN]
[RECEIVED] {"id":404,"src":"c13","dest":"n4","body":{"type":"broadcast","message":28,"msg_id":10}}
[MATCH BROADCAST]
BEGIN GOSSIP
NEIGHBORS: n1, n5
GOSSIP LOOP
LOOP ITER
[BROADCAST] {"src":"n4","dest":"n1","body":{"type":"broadcast","message":"28","msg_id":23}}
LOOP ITER
[BROADCAST] {"src":"n4","dest":"n5","body":{"type":"broadcast","message":"28","msg_id":24}}
[BROADCAST_OK] {"src":"n4","dest":"c13","body":{"type":"broadcast_ok","in_reply_to":10,"msg_id":23}}
[RECEIVED] {"id":410,"src":"n1","dest":"n4","body":{"type":"broadcast_ok","in_reply_to":23,"msg_id":33}}
[MATCH UNKNOWN]
[RECEIVED] {"id":411,"src":"n5","dest":"n4","body":{"type":"broadcast_ok","in_reply_to":24,"msg_id":24}}
[MATCH UNKNOWN]
[RECEIVED] {"id":416,"src":"n5","dest":"n4","body":{"type":"broadcast","message":"29","msg_id":26}}
[MATCH BROADCAST]
BEGIN GOSSIP
NEIGHBORS: n1
GOSSIP LOOP
LOOP ITER
[BROADCAST] {"src":"n4","dest":"n1","body":{"type":"broadcast","message":"29","msg_id":25}}
[BROADCAST_OK] {"src":"n4","dest":"n5","body":{"type":"broadcast_ok","in_reply_to":26,"msg_id":25}}
[RECEIVED] {"id":425,"src":"n1","dest":"n4","body":{"type":"broadcast_ok","in_reply_to":25,"msg_id":34}}
[MATCH UNKNOWN]
[RECEIVED] {"id":436,"src":"n1","dest":"n4","body":{"type":"broadcast","message":"30","msg_id":34}}
[MATCH BROADCAST]
BEGIN GOSSIP
NEIGHBORS: n5
GOSSIP LOOP
[RECEIVED] {"id":438,"src":"n5","dest":"n4","body":{"type":"broadcast","message":"30","msg_id":27}}
LOOP ITER
[MATCH BROADCAST]
[BROADCAST_OK] {"src":"n4","dest":"n1","body":{"type":"broadcast_ok","in_reply_to":34,"msg_id":26}}
[BROADCAST_OK] {"src":"n4","dest":"n5","body":{"type":"broadcast_ok","in_reply_to":27,"msg_id":27}}
[RECEIVED] {"id":444,"src":"c13","dest":"n4","body":{"type":"broadcast","message":31,"msg_id":11}}
[CALLBACK MATCH] msg_id=11
[MATCH BROADCAST]
BEGIN GOSSIP
NEIGHBORS: n1, n5
GOSSIP LOOP
LOOP ITER
[BROADCAST] {"src":"n4","dest":"n1","body":{"type":"broadcast","message":"31","msg_id":27}}
LOOP ITER
[BROADCAST] {"src":"n4","dest":"n5","body":{"type":"broadcast","message":"31","msg_id":28}}
[BROADCAST_OK] {"src":"n4","dest":"c13","body":{"type":"broadcast_ok","in_reply_to":11,"msg_id":27}}
[RECEIVED] {"id":450,"src":"n1","dest":"n4","body":{"type":"broadcast_ok","in_reply_to":27,"msg_id":35}}
[MATCH UNKNOWN]
[RECEIVED] {"id":451,"src":"n5","dest":"n4","body":{"type":"broadcast_ok","in_reply_to":28,"msg_id":28}}
[MATCH UNKNOWN]
[RECEIVED] {"id":456,"src":"n5","dest":"n4","body":{"type":"broadcast","message":"32","msg_id":30}}
[MATCH BROADCAST]
BEGIN GOSSIP
NEIGHBORS: n1
GOSSIP LOOP
LOOP ITER
[BROADCAST] {"src":"n4","dest":"n1","body":{"type":"broadcast","message":"32","msg_id":29}}
[BROADCAST_OK] {"src":"n4","dest":"n5","body":{"type":"broadcast_ok","in_reply_to":30,"msg_id":29}}
[RECEIVED] {"id":463,"src":"n1","dest":"n4","body":{"type":"broadcast","message":"32","msg_id":36}}
[MATCH BROADCAST]
[BROADCAST_OK] {"src":"n4","dest":"n1","body":{"type":"broadcast_ok","in_reply_to":36,"msg_id":30}}
[RECEIVED] {"id":466,"src":"n1","dest":"n4","body":{"type":"broadcast_ok","in_reply_to":29,"msg_id":37}}
[MATCH UNKNOWN]
[RECEIVED] {"id":470,"src":"n1","dest":"n4","body":{"type":"broadcast","message":"33","msg_id":38}}
[MATCH BROADCAST]
BEGIN GOSSIP
NEIGHBORS: n5
GOSSIP LOOP
LOOP ITER
[BROADCAST] {"src":"n4","dest":"n5","body":{"type":"broadcast","message":"33","msg_id":30}}
[BROADCAST_OK] {"src":"n4","dest":"n1","body":{"type":"broadcast_ok","in_reply_to":38,"msg_id":30}}
[RECEIVED] {"id":478,"src":"n5","dest":"n4","body":{"type":"broadcast_ok","in_reply_to":30,"msg_id":31}}
[MATCH UNKNOWN]
[RECEIVED] {"id":482,"src":"n1","dest":"n4","body":{"type":"broadcast","message":"34","msg_id":40}}
[MATCH BROADCAST]
BEGIN GOSSIP
NEIGHBORS: n5
GOSSIP LOOP
LOOP ITER
[BROADCAST] {"src":"n4","dest":"n5","body":{"type":"broadcast","message":"34","msg_id":31}}
[BROADCAST_OK] {"src":"n4","dest":"n1","body":{"type":"broadcast_ok","in_reply_to":40,"msg_id":31}}
[RECEIVED] {"id":489,"src":"n5","dest":"n4","body":{"type":"broadcast_ok","in_reply_to":31,"msg_id":31}}
[MATCH UNKNOWN]
[RECEIVED] {"id":500,"src":"n1","dest":"n4","body":{"type":"broadcast","message":"35","msg_id":41}}
[MATCH BROADCAST]
[RECEIVED] {"id":501,"src":"n5","dest":"n4","body":{"type":"broadcast","message":"35","msg_id":31}}
BEGIN GOSSIP
[CALLBACK MATCH] msg_id=31
[BROADCAST_OK] {"src":"n4","dest":"n1","body":{"type":"broadcast_ok","in_reply_to":41,"msg_id":32}}
[MATCH BROADCAST]
[BROADCAST_OK] {"src":"n4","dest":"n5","body":{"type":"broadcast_ok","in_reply_to":31,"msg_id":32}}
[RECEIVED] {"id":506,"src":"c13","dest":"n4","body":{"type":"read","msg_id":12}}
[CALLBACK MATCH] msg_id=12
[MATCH READ]
[READ_OK] {"src":"n4","dest":"c13","body":{"type":"read_ok","messages":["0","1","10","11","12","13","14","15","16","17","18","19","2","20","21","22","23","24","25","26","27","28","29","3","30","31","32","33","34","35","4","5","6","7","8","9"],"in_reply_to":12,"msg_id":32}}
[RECEIVED] {"id":510,"src":"n5","dest":"n4","body":{"type":"broadcast","message":"36","msg_id":33}}
[MATCH BROADCAST]
BEGIN GOSSIP
NEIGHBORS: n1
GOSSIP LOOP
LOOP ITER
[BROADCAST] {"src":"n4","dest":"n1","body":{"type":"broadcast","message":"36","msg_id":32}}
[BROADCAST_OK] {"src":"n4","dest":"n5","body":{"type":"broadcast_ok","in_reply_to":33,"msg_id":32}}
[RECEIVED] {"id":517,"src":"n1","dest":"n4","body":{"type":"broadcast_ok","in_reply_to":32,"msg_id":42}}
[MATCH UNKNOWN]
[RECEIVED] {"id":529,"src":"n1","dest":"n4","body":{"type":"broadcast","message":"37","msg_id":42}}
[MATCH BROADCAST]
[RECEIVED] {"id":532,"src":"n5","dest":"n4","body":{"type":"broadcast","message":"37","msg_id":34}}
BEGIN GOSSIP
[MATCH BROADCAST]
[BROADCAST_OK] {"src":"n4","dest":"n1","body":{"type":"broadcast_ok","in_reply_to":42,"msg_id":33}}
[BROADCAST_OK] {"src":"n4","dest":"n5","body":{"type":"broadcast_ok","in_reply_to":34,"msg_id":33}}
[RECEIVED] {"id":538,"src":"c13","dest":"n4","body":{"type":"read","msg_id":13}}
[CALLBACK MATCH] msg_id=13
[MATCH READ]
[READ_OK] {"src":"n4","dest":"c13","body":{"type":"read_ok","messages":["0","1","10","11","12","13","14","15","16","17","18","19","2","20","21","22","23","24","25","26","27","28","29","3","30","31","32","33","34","35","36","37","4","5","6","7","8","9"],"in_reply_to":13,"msg_id":33}}
[RECEIVED] {"id":542,"src":"n5","dest":"n4","body":{"type":"broadcast","message":"38","msg_id":36}}
[MATCH BROADCAST]
BEGIN GOSSIP
NEIGHBORS: n1
GOSSIP LOOP
LOOP ITER
[BROADCAST] {"src":"n4","dest":"n1","body":{"type":"broadcast","message":"38","msg_id":33}}
[BROADCAST_OK] {"src":"n4","dest":"n5","body":{"type":"broadcast_ok","in_reply_to":36,"msg_id":33}}
[RECEIVED] {"id":549,"src":"n1","dest":"n4","body":{"type":"broadcast_ok","in_reply_to":33,"msg_id":43}}
[MATCH UNKNOWN]
[RECEIVED] {"id":554,"src":"n1","dest":"n4","body":{"type":"broadcast","message":"39","msg_id":44}}
[MATCH BROADCAST]
BEGIN GOSSIP
NEIGHBORS: n5
GOSSIP LOOP
LOOP ITER
[BROADCAST] {"src":"n4","dest":"n5","body":{"type":"broadcast","message":"39","msg_id":34}}
[BROADCAST_OK] {"src":"n4","dest":"n1","body":{"type":"broadcast_ok","in_reply_to":44,"msg_id":34}}
[RECEIVED] {"id":563,"src":"n5","dest":"n4","body":{"type":"broadcast_ok","in_reply_to":34,"msg_id":37}}
[MATCH UNKNOWN]
[RECEIVED] {"id":576,"src":"n1","dest":"n4","body":{"type":"broadcast","message":"40","msg_id":45}}
[MATCH BROADCAST]
BEGIN GOSSIP
[RECEIVED] {"id":578,"src":"n5","dest":"n4","body":{"type":"broadcast","message":"40","msg_id":38}}
NEIGHBORS: n5
[MATCH BROADCAST]
[BROADCAST_OK] {"src":"n4","dest":"n1","body":{"type":"broadcast_ok","in_reply_to":45,"msg_id":35}}
[BROADCAST_OK] {"src":"n4","dest":"n5","body":{"type":"broadcast_ok","in_reply_to":38,"msg_id":35}}
[RECEIVED] {"id":582,"src":"c13","dest":"n4","body":{"type":"broadcast","message":41,"msg_id":14}}
[CALLBACK MATCH] msg_id=14
[MATCH BROADCAST]
BEGIN GOSSIP
NEIGHBORS: n1, n5
GOSSIP LOOP
LOOP ITER
[BROADCAST] {"src":"n4","dest":"n1","body":{"type":"broadcast","message":"41","msg_id":35}}
LOOP ITER
[BROADCAST] {"src":"n4","dest":"n5","body":{"type":"broadcast","message":"41","msg_id":36}}
[BROADCAST_OK] {"src":"n4","dest":"c13","body":{"type":"broadcast_ok","in_reply_to":14,"msg_id":35}}
[RECEIVED] {"id":588,"src":"n1","dest":"n4","body":{"type":"broadcast_ok","in_reply_to":35,"msg_id":46}}
[MATCH UNKNOWN]
[RECEIVED] {"id":589,"src":"n5","dest":"n4","body":{"type":"broadcast_ok","in_reply_to":36,"msg_id":39}}
[MATCH UNKNOWN]
[RECEIVED] {"id":596,"src":"n1","dest":"n4","body":{"type":"broadcast","message":"42","msg_id":48}}
[MATCH BROADCAST]
BEGIN GOSSIP
NEIGHBORS: n5
GOSSIP LOOP
LOOP ITER
[BROADCAST] {"src":"n4","dest":"n5","body":{"type":"broadcast","message":"42","msg_id":37}}
[BROADCAST_OK] {"src":"n4","dest":"n1","body":{"type":"broadcast_ok","in_reply_to":48,"msg_id":37}}
[RECEIVED] {"id":604,"src":"n5","dest":"n4","body":{"type":"broadcast_ok","in_reply_to":37,"msg_id":40}}
[MATCH UNKNOWN]
[RECEIVED] {"id":608,"src":"n1","dest":"n4","body":{"type":"broadcast","message":"43","msg_id":50}}
[MATCH BROADCAST]
BEGIN GOSSIP
NEIGHBORS: n5
GOSSIP LOOP
LOOP ITER
[BROADCAST] {"src":"n4","dest":"n5","body":{"type":"broadcast","message":"43","msg_id":38}}
[BROADCAST_OK] {"src":"n4","dest":"n1","body":{"type":"broadcast_ok","in_reply_to":50,"msg_id":38}}
[RECEIVED] {"id":615,"src":"n5","dest":"n4","body":{"type":"broadcast_ok","in_reply_to":38,"msg_id":40}}
[MATCH UNKNOWN]
[RECEIVED] {"id":623,"src":"n1","dest":"n4","body":{"type":"broadcast","message":"44","msg_id":51}}
[MATCH BROADCAST]
[RECEIVED] {"id":625,"src":"n5","dest":"n4","body":{"type":"broadcast","message":"44","msg_id":40}}
BEGIN GOSSIP
[MATCH BROADCAST]
[BROADCAST_OK] {"src":"n4","dest":"n1","body":{"type":"broadcast_ok","in_reply_to":51,"msg_id":39}}
[BROADCAST_OK] {"src":"n4","dest":"n5","body":{"type":"broadcast_ok","in_reply_to":40,"msg_id":39}}
[RECEIVED] {"id":632,"src":"c13","dest":"n4","body":{"type":"broadcast","message":45,"msg_id":15}}
[CALLBACK MATCH] msg_id=15
[MATCH BROADCAST]
BEGIN GOSSIP
NEIGHBORS: n1, n5
GOSSIP LOOP
LOOP ITER
[BROADCAST] {"src":"n4","dest":"n1","body":{"type":"broadcast","message":"45","msg_id":39}}
LOOP ITER
[BROADCAST] {"src":"n4","dest":"n5","body":{"type":"broadcast","message":"45","msg_id":40}}
[BROADCAST_OK] {"src":"n4","dest":"c13","body":{"type":"broadcast_ok","in_reply_to":15,"msg_id":39}}
[RECEIVED] {"id":638,"src":"n5","dest":"n4","body":{"type":"broadcast_ok","in_reply_to":40,"msg_id":41}}
[RECEIVED] {"id":639,"src":"n1","dest":"n4","body":{"type":"broadcast_ok","in_reply_to":39,"msg_id":52}}
[MATCH UNKNOWN]
[MATCH UNKNOWN]
[RECEIVED] {"id":644,"src":"n5","dest":"n4","body":{"type":"broadcast","message":"46","msg_id":43}}
[MATCH BROADCAST]
BEGIN GOSSIP
NEIGHBORS: n1
GOSSIP LOOP
LOOP ITER
[BROADCAST] {"src":"n4","dest":"n1","body":{"type":"broadcast","message":"46","msg_id":41}}
[BROADCAST_OK] {"src":"n4","dest":"n5","body":{"type":"broadcast_ok","in_reply_to":43,"msg_id":41}}
[RECEIVED] {"id":651,"src":"n1","dest":"n4","body":{"type":"broadcast_ok","in_reply_to":41,"msg_id":53}}
[MATCH UNKNOWN]
[RECEIVED] {"id":658,"src":"n1","dest":"n4","body":{"type":"broadcast","message":"47","msg_id":54}}
[MATCH BROADCAST]
BEGIN GOSSIP
NEIGHBORS: n5
GOSSIP LOOP
LOOP ITER
[BROADCAST] {"src":"n4","dest":"n5","body":{"type":"broadcast","message":"47","msg_id":42}}
[BROADCAST_OK] {"src":"n4","dest":"n1","body":{"type":"broadcast_ok","in_reply_to":54,"msg_id":42}}
[RECEIVED] {"id":665,"src":"n5","dest":"n4","body":{"type":"broadcast_ok","in_reply_to":42,"msg_id":44}}
[MATCH UNKNOWN]
[RECEIVED] {"id":676,"src":"n1","dest":"n4","body":{"type":"broadcast","message":"48","msg_id":55}}
[RECEIVED] {"id":677,"src":"n5","dest":"n4","body":{"type":"broadcast","message":"48","msg_id":44}}
[MATCH BROADCAST]
[MATCH BROADCAST]
[BROADCAST_OK] {"src":"n4","dest":"n1","body":{"type":"broadcast_ok","in_reply_to":55,"msg_id":43}}
[BROADCAST_OK] {"src":"n4","dest":"n5","body":{"type":"broadcast_ok","in_reply_to":44,"msg_id":43}}
[RECEIVED] {"id":682,"src":"c13","dest":"n4","body":{"type":"read","msg_id":16}}
[CALLBACK MATCH] msg_id=16
[MATCH READ]
[READ_OK] {"src":"n4","dest":"c13","body":{"type":"read_ok","messages":["0","1","10","11","12","13","14","15","16","17","18","19","2","20","21","22","23","24","25","26","27","28","29","3","30","31","32","33","34","35","36","37","38","39","4","40","41","42","43","44","45","46","47","48","5","6","7","8","9"],"in_reply_to":16,"msg_id":43}}
[RECEIVED] {"id":686,"src":"n5","dest":"n4","body":{"type":"broadcast","message":"49","msg_id":46}}
[MATCH BROADCAST]
BEGIN GOSSIP
NEIGHBORS: n1
GOSSIP LOOP
LOOP ITER
[BROADCAST] {"src":"n4","dest":"n1","body":{"type":"broadcast","message":"49","msg_id":43}}
[BROADCAST_OK] {"src":"n4","dest":"n5","body":{"type":"broadcast_ok","in_reply_to":46,"msg_id":43}}
[RECEIVED] {"id":693,"src":"n1","dest":"n4","body":{"type":"broadcast_ok","in_reply_to":43,"msg_id":56}}
[MATCH UNKNOWN]
[RECEIVED] {"id":700,"src":"n1","dest":"n4","body":{"type":"broadcast","message":"50","msg_id":57}}
[MATCH BROADCAST]
BEGIN GOSSIP
NEIGHBORS: n5
GOSSIP LOOP
LOOP ITER
[BROADCAST] {"src":"n4","dest":"n5","body":{"type":"broadcast","message":"50","msg_id":44}}
[BROADCAST_OK] {"src":"n4","dest":"n1","body":{"type":"broadcast_ok","in_reply_to":57,"msg_id":44}}
[RECEIVED] {"id":708,"src":"n5","dest":"n4","body":{"type":"broadcast_ok","in_reply_to":44,"msg_id":47}}
[MATCH UNKNOWN]
[RECEIVED] {"id":715,"src":"n1","dest":"n4","body":{"type":"broadcast","message":"51","msg_id":58}}
[MATCH BROADCAST]
[RECEIVED] {"id":718,"src":"n5","dest":"n4","body":{"type":"broadcast","message":"51","msg_id":47}}
BEGIN GOSSIP
[MATCH BROADCAST]
[BROADCAST_OK] {"src":"n4","dest":"n1","body":{"type":"broadcast_ok","in_reply_to":58,"msg_id":45}}
[BROADCAST_OK] {"src":"n4","dest":"n5","body":{"type":"broadcast_ok","in_reply_to":47,"msg_id":45}}
[RECEIVED] {"id":728,"src":"n1","dest":"n4","body":{"type":"broadcast","message":"52","msg_id":59}}
[RECEIVED] {"id":729,"src":"n5","dest":"n4","body":{"type":"broadcast","message":"52","msg_id":48}}
[MATCH BROADCAST]
[MATCH BROADCAST]
[BROADCAST_OK] {"src":"n4","dest":"n1","body":{"type":"broadcast_ok","in_reply_to":59,"msg_id":45}}
[BROADCAST_OK] {"src":"n4","dest":"n5","body":{"type":"broadcast_ok","in_reply_to":48,"msg_id":45}}
[RECEIVED] {"id":734,"src":"c13","dest":"n4","body":{"type":"broadcast","message":53,"msg_id":17}}
[CALLBACK MATCH] msg_id=17
[MATCH BROADCAST]
BEGIN GOSSIP
NEIGHBORS: n1, n5
GOSSIP LOOP
LOOP ITER
[BROADCAST] {"src":"n4","dest":"n1","body":{"type":"broadcast","message":"53","msg_id":45}}
LOOP ITER
[BROADCAST] {"src":"n4","dest":"n5","body":{"type":"broadcast","message":"53","msg_id":46}}
[BROADCAST_OK] {"src":"n4","dest":"c13","body":{"type":"broadcast_ok","in_reply_to":17,"msg_id":45}}
[RECEIVED] {"id":740,"src":"n1","dest":"n4","body":{"type":"broadcast_ok","in_reply_to":45,"msg_id":60}}
[MATCH UNKNOWN]
[RECEIVED] {"id":741,"src":"n5","dest":"n4","body":{"type":"broadcast_ok","in_reply_to":46,"msg_id":49}}
[MATCH UNKNOWN]
[RECEIVED] {"id":746,"src":"n5","dest":"n4","body":{"type":"broadcast","message":"54","msg_id":51}}
[MATCH BROADCAST]
BEGIN GOSSIP
NEIGHBORS: n1
GOSSIP LOOP
LOOP ITER
[BROADCAST] {"src":"n4","dest":"n1","body":{"type":"broadcast","message":"54","msg_id":47}}
[BROADCAST_OK] {"src":"n4","dest":"n5","body":{"type":"broadcast_ok","in_reply_to":51,"msg_id":47}}
[RECEIVED] {"id":753,"src":"n1","dest":"n4","body":{"type":"broadcast_ok","in_reply_to":47,"msg_id":61}}
[MATCH UNKNOWN]
[RECEIVED] {"id":765,"src":"n1","dest":"n4","body":{"type":"broadcast","message":"55","msg_id":61}}
[MATCH BROADCAST]
BEGIN GOSSIP
NEIGHBORS: n5
[RECEIVED] {"id":768,"src":"n5","dest":"n4","body":{"type":"broadcast","message":"55","msg_id":52}}
GOSSIP LOOP
[MATCH BROADCAST]
[BROADCAST_OK] {"src":"n4","dest":"n1","body":{"type":"broadcast_ok","in_reply_to":61,"msg_id":48}}
[BROADCAST_OK] {"src":"n4","dest":"n5","body":{"type":"broadcast_ok","in_reply_to":52,"msg_id":48}}
[RECEIVED] {"id":778,"src":"n1","dest":"n4","body":{"type":"broadcast","message":"56","msg_id":62}}
[MATCH BROADCAST]
BEGIN GOSSIP
[RECEIVED] {"id":779,"src":"n5","dest":"n4","body":{"type":"broadcast","message":"56","msg_id":53}}
NEIGHBORS: n5
[MATCH BROADCAST]
[BROADCAST_OK] {"src":"n4","dest":"n1","body":{"type":"broadcast_ok","in_reply_to":62,"msg_id":48}}
[BROADCAST_OK] {"src":"n4","dest":"n5","body":{"type":"broadcast_ok","in_reply_to":53,"msg_id":48}}
[RECEIVED] {"id":784,"src":"c13","dest":"n4","body":{"type":"broadcast","message":57,"msg_id":18}}
[CALLBACK MATCH] msg_id=18
[MATCH BROADCAST]
BEGIN GOSSIP
NEIGHBORS: n1, n5
GOSSIP LOOP
LOOP ITER
[BROADCAST] {"src":"n4","dest":"n1","body":{"type":"broadcast","message":"57","msg_id":48}}
LOOP ITER
[BROADCAST] {"src":"n4","dest":"n5","body":{"type":"broadcast","message":"57","msg_id":49}}
[BROADCAST_OK] {"src":"n4","dest":"c13","body":{"type":"broadcast_ok","in_reply_to":18,"msg_id":48}}
[RECEIVED] {"id":790,"src":"n1","dest":"n4","body":{"type":"broadcast_ok","in_reply_to":48,"msg_id":63}}
[RECEIVED] {"id":791,"src":"n5","dest":"n4","body":{"type":"broadcast_ok","in_reply_to":49,"msg_id":54}}
[MATCH UNKNOWN]
[MATCH UNKNOWN]
[RECEIVED] {"id":798,"src":"n1","dest":"n4","body":{"type":"broadcast","message":"58","msg_id":65}}
[MATCH BROADCAST]
BEGIN GOSSIP
NEIGHBORS: n5
GOSSIP LOOP
LOOP ITER
[BROADCAST] {"src":"n4","dest":"n5","body":{"type":"broadcast","message":"58","msg_id":50}}
[BROADCAST_OK] {"src":"n4","dest":"n1","body":{"type":"broadcast_ok","in_reply_to":65,"msg_id":50}}
[RECEIVED] {"id":805,"src":"n5","dest":"n4","body":{"type":"broadcast_ok","in_reply_to":50,"msg_id":55}}
[MATCH UNKNOWN]
[RECEIVED] {"id":810,"src":"n1","dest":"n4","body":{"type":"broadcast","message":"59","msg_id":67}}
[MATCH BROADCAST]
BEGIN GOSSIP
NEIGHBORS: n5
GOSSIP LOOP
LOOP ITER
[BROADCAST] {"src":"n4","dest":"n5","body":{"type":"broadcast","message":"59","msg_id":51}}
[BROADCAST_OK] {"src":"n4","dest":"n1","body":{"type":"broadcast_ok","in_reply_to":67,"msg_id":51}}
[RECEIVED] {"id":817,"src":"n5","dest":"n4","body":{"type":"broadcast_ok","in_reply_to":51,"msg_id":55}}
[MATCH UNKNOWN]
[RECEIVED] {"id":824,"src":"c13","dest":"n4","body":{"type":"read","msg_id":19}}
[CALLBACK MATCH] msg_id=19
[MATCH READ]
[READ_OK] {"src":"n4","dest":"c13","body":{"type":"read_ok","messages":["0","1","10","11","12","13","14","15","16","17","18","19","2","20","21","22","23","24","25","26","27","28","29","3","30","31","32","33","34","35","36","37","38","39","4","40","41","42","43","44","45","46","47","48","49","5","50","51","52","53","54","55","56","57","58","59","6","7","8","9"],"in_reply_to":19,"msg_id":52}}
[RECEIVED] {"id":828,"src":"n5","dest":"n4","body":{"type":"broadcast","message":"60","msg_id":56}}
[MATCH BROADCAST]
BEGIN GOSSIP
NEIGHBORS: n1
GOSSIP LOOP
LOOP ITER
[BROADCAST] {"src":"n4","dest":"n1","body":{"type":"broadcast","message":"60","msg_id":52}}
[BROADCAST_OK] {"src":"n4","dest":"n5","body":{"type":"broadcast_ok","in_reply_to":56,"msg_id":52}}
[RECEIVED] {"id":835,"src":"n1","dest":"n4","body":{"type":"broadcast_ok","in_reply_to":52,"msg_id":68}}
[MATCH UNKNOWN]
[RECEIVED] {"id":840,"src":"n1","dest":"n4","body":{"type":"broadcast","message":"61","msg_id":69}}
[MATCH BROADCAST]
BEGIN GOSSIP
NEIGHBORS: n5
GOSSIP LOOP
LOOP ITER
[BROADCAST] {"src":"n4","dest":"n5","body":{"type":"broadcast","message":"61","msg_id":53}}
[BROADCAST_OK] {"src":"n4","dest":"n1","body":{"type":"broadcast_ok","in_reply_to":69,"msg_id":53}}
[RECEIVED] {"id":848,"src":"n5","dest":"n4","body":{"type":"broadcast_ok","in_reply_to":53,"msg_id":57}}
[MATCH UNKNOWN]
[RECEIVED] {"id":852,"src":"n1","dest":"n4","body":{"type":"broadcast","message":"62","msg_id":71}}
[MATCH BROADCAST]
BEGIN GOSSIP
NEIGHBORS: n5
GOSSIP LOOP
LOOP ITER
[BROADCAST] {"src":"n4","dest":"n5","body":{"type":"broadcast","message":"62","msg_id":54}}
[BROADCAST_OK] {"src":"n4","dest":"n1","body":{"type":"broadcast_ok","in_reply_to":71,"msg_id":54}}
[RECEIVED] {"id":860,"src":"n5","dest":"n4","body":{"type":"broadcast_ok","in_reply_to":54,"msg_id":57}}
[MATCH UNKNOWN]
[RECEIVED] {"id":867,"src":"n1","dest":"n4","body":{"type":"broadcast","message":"63","msg_id":72}}
[MATCH BROADCAST]
BEGIN GOSSIP
NEIGHBORS: n5
GOSSIP LOOP
LOOP ITER
[RECEIVED] {"id":869,"src":"n5","dest":"n4","body":{"type":"broadcast","message":"63","msg_id":57}}
[BROADCAST] {"src":"n4","dest":"n5","body":{"type":"broadcast","message":"63","msg_id":55}}
[MATCH BROADCAST]
[BROADCAST_OK] {"src":"n4","dest":"n5","body":{"type":"broadcast_ok","in_reply_to":57,"msg_id":56}}
[BROADCAST_OK] {"src":"n4","dest":"n1","body":{"type":"broadcast_ok","in_reply_to":72,"msg_id":55}}
[RECEIVED] {"id":875,"src":"n5","dest":"n4","body":{"type":"broadcast_ok","in_reply_to":55,"msg_id":58}}
[MATCH UNKNOWN]
[RECEIVED] {"id":882,"src":"n1","dest":"n4","body":{"type":"broadcast","message":"64","msg_id":73}}
[MATCH BROADCAST]
BEGIN GOSSIP
[RECEIVED] {"id":884,"src":"n5","dest":"n4","body":{"type":"broadcast","message":"64","msg_id":58}}
NEIGHBORS: n5
[MATCH BROADCAST]
[BROADCAST_OK] {"src":"n4","dest":"n1","body":{"type":"broadcast_ok","in_reply_to":73,"msg_id":56}}
[BROADCAST_OK] {"src":"n4","dest":"n5","body":{"type":"broadcast_ok","in_reply_to":58,"msg_id":56}}
[RECEIVED] {"id":888,"src":"c13","dest":"n4","body":{"type":"broadcast","message":65,"msg_id":20}}
[CALLBACK MATCH] msg_id=20
[MATCH BROADCAST]
BEGIN GOSSIP
NEIGHBORS: n1, n5
GOSSIP LOOP
LOOP ITER
[BROADCAST] {"src":"n4","dest":"n1","body":{"type":"broadcast","message":"65","msg_id":56}}
LOOP ITER
[BROADCAST] {"src":"n4","dest":"n5","body":{"type":"broadcast","message":"65","msg_id":57}}
[BROADCAST_OK] {"src":"n4","dest":"c13","body":{"type":"broadcast_ok","in_reply_to":20,"msg_id":56}}
[RECEIVED] {"id":893,"src":"n1","dest":"n4","body":{"type":"broadcast_ok","in_reply_to":56,"msg_id":74}}
[MATCH UNKNOWN]
[RECEIVED] {"id":895,"src":"n5","dest":"n4","body":{"type":"broadcast_ok","in_reply_to":57,"msg_id":59}}
[MATCH UNKNOWN]
[RECEIVED] {"id":902,"src":"n1","dest":"n4","body":{"type":"broadcast","message":"66","msg_id":76}}
[MATCH BROADCAST]
BEGIN GOSSIP
NEIGHBORS: n5
GOSSIP LOOP
LOOP ITER
[BROADCAST] {"src":"n4","dest":"n5","body":{"type":"broadcast","message":"66","msg_id":58}}
[BROADCAST_OK] {"src":"n4","dest":"n1","body":{"type":"broadcast_ok","in_reply_to":76,"msg_id":58}}
[RECEIVED] {"id":909,"src":"n5","dest":"n4","body":{"type":"broadcast_ok","in_reply_to":58,"msg_id":60}}
[MATCH UNKNOWN]
[RECEIVED] {"id":914,"src":"n1","dest":"n4","body":{"type":"broadcast","message":"67","msg_id":78}}
[MATCH BROADCAST]
BEGIN GOSSIP
NEIGHBORS: n5
GOSSIP LOOP
LOOP ITER
[BROADCAST] {"src":"n4","dest":"n5","body":{"type":"broadcast","message":"67","msg_id":59}}
[BROADCAST_OK] {"src":"n4","dest":"n1","body":{"type":"broadcast_ok","in_reply_to":78,"msg_id":59}}
[RECEIVED] {"id":922,"src":"n5","dest":"n4","body":{"type":"broadcast_ok","in_reply_to":59,"msg_id":60}}
[MATCH UNKNOWN]
[RECEIVED] {"id":932,"src":"n1","dest":"n4","body":{"type":"broadcast","message":"68","msg_id":79}}
[MATCH BROADCAST]
BEGIN GOSSIP
[RECEIVED] {"id":934,"src":"n5","dest":"n4","body":{"type":"broadcast","message":"68","msg_id":60}}
NEIGHBORS: n5
[MATCH BROADCAST]
[BROADCAST_OK] {"src":"n4","dest":"n1","body":{"type":"broadcast_ok","in_reply_to":79,"msg_id":60}}
[BROADCAST_OK] {"src":"n4","dest":"n5","body":{"type":"broadcast_ok","in_reply_to":60,"msg_id":60}}
[RECEIVED] {"id":938,"src":"c13","dest":"n4","body":{"type":"read","msg_id":21}}
[CALLBACK MATCH] msg_id=21
[MATCH READ]
[READ_OK] {"src":"n4","dest":"c13","body":{"type":"read_ok","messages":["0","1","10","11","12","13","14","15","16","17","18","19","2","20","21","22","23","24","25","26","27","28","29","3","30","31","32","33","34","35","36","37","38","39","4","40","41","42","43","44","45","46","47","48","49","5","50","51","52","53","54","55","56","57","58","59","6","60","61","62","63","64","65","66","67","68","7","8","9"],"in_reply_to":21,"msg_id":60}}
[RECEIVED] {"id":942,"src":"n5","dest":"n4","body":{"type":"broadcast","message":"69","msg_id":62}}
[MATCH BROADCAST]
BEGIN GOSSIP
NEIGHBORS: n1
GOSSIP LOOP
LOOP ITER
[BROADCAST] {"src":"n4","dest":"n1","body":{"type":"broadcast","message":"69","msg_id":60}}
[BROADCAST_OK] {"src":"n4","dest":"n5","body":{"type":"broadcast_ok","in_reply_to":62,"msg_id":60}}
[RECEIVED] {"id":951,"src":"n1","dest":"n4","body":{"type":"broadcast_ok","in_reply_to":60,"msg_id":80}}
[MATCH UNKNOWN]
[RECEIVED] {"id":954,"src":"n1","dest":"n4","body":{"type":"broadcast","message":"70","msg_id":81}}
[MATCH BROADCAST]
BEGIN GOSSIP
NEIGHBORS: n5
GOSSIP LOOP
LOOP ITER
[BROADCAST] {"src":"n4","dest":"n5","body":{"type":"broadcast","message":"70","msg_id":61}}
[BROADCAST_OK] {"src":"n4","dest":"n1","body":{"type":"broadcast_ok","in_reply_to":81,"msg_id":61}}
[RECEIVED] {"id":961,"src":"n5","dest":"n4","body":{"type":"broadcast_ok","in_reply_to":61,"msg_id":63}}
[MATCH UNKNOWN]
[RECEIVED] {"id":966,"src":"n1","dest":"n4","body":{"type":"broadcast","message":"71","msg_id":83}}
[MATCH BROADCAST]
BEGIN GOSSIP
NEIGHBORS: n5
GOSSIP LOOP
LOOP ITER
[BROADCAST] {"src":"n4","dest":"n5","body":{"type":"broadcast","message":"71","msg_id":62}}
[BROADCAST_OK] {"src":"n4","dest":"n1","body":{"type":"broadcast_ok","in_reply_to":83,"msg_id":62}}
[RECEIVED] {"id":973,"src":"n5","dest":"n4","body":{"type":"broadcast_ok","in_reply_to":62,"msg_id":63}}
[MATCH UNKNOWN]
[RECEIVED] {"id":981,"src":"n1","dest":"n4","body":{"type":"broadcast","message":"72","msg_id":84}}
[MATCH BROADCAST]
BEGIN GOSSIP
NEIGHBORS: n5
GOSSIP LOOP
[RECEIVED] {"id":984,"src":"n5","dest":"n4","body":{"type":"broadcast","message":"72","msg_id":63}}
LOOP ITER
[MATCH BROADCAST]
[BROADCAST_OK] {"src":"n4","dest":"n1","body":{"type":"broadcast_ok","in_reply_to":84,"msg_id":63}}
[BROADCAST_OK] {"src":"n4","dest":"n5","body":{"type":"broadcast_ok","in_reply_to":63,"msg_id":64}}
[RECEIVED] {"id":990,"src":"c13","dest":"n4","body":{"type":"read","msg_id":22}}
[CALLBACK MATCH] msg_id=22
[MATCH READ]
[READ_OK] {"src":"n4","dest":"c13","body":{"type":"read_ok","messages":["0","1","10","11","12","13","14","15","16","17","18","19","2","20","21","22","23","24","25","26","27","28","29","3","30","31","32","33","34","35","36","37","38","39","4","40","41","42","43","44","45","46","47","48","49","5","50","51","52","53","54","55","56","57","58","59","6","60","61","62","63","64","65","66","67","68","69","7","70","71","72","8","9"],"in_reply_to":22,"msg_id":64}}
[RECEIVED] {"id":994,"src":"n5","dest":"n4","body":{"type":"broadcast","message":"73","msg_id":65}}
[MATCH BROADCAST]
BEGIN GOSSIP
NEIGHBORS: n1
GOSSIP LOOP
LOOP ITER
[BROADCAST] {"src":"n4","dest":"n1","body":{"type":"broadcast","message":"73","msg_id":64}}
[BROADCAST_OK] {"src":"n4","dest":"n5","body":{"type":"broadcast_ok","in_reply_to":65,"msg_id":64}}
[RECEIVED] {"id":1002,"src":"n1","dest":"n4","body":{"type":"broadcast_ok","in_reply_to":64,"msg_id":85}}
[MATCH UNKNOWN]
[RECEIVED] {"id":1008,"src":"n1","dest":"n4","body":{"type":"broadcast","message":"74","msg_id":86}}
[MATCH BROADCAST]
BEGIN GOSSIP
NEIGHBORS: n5
GOSSIP LOOP
LOOP ITER
[BROADCAST] {"src":"n4","dest":"n5","body":{"type":"broadcast","message":"74","msg_id":65}}
[BROADCAST_OK] {"src":"n4","dest":"n1","body":{"type":"broadcast_ok","in_reply_to":86,"msg_id":65}}
[RECEIVED] {"id":1015,"src":"n5","dest":"n4","body":{"type":"broadcast_ok","in_reply_to":65,"msg_id":66}}
[MATCH UNKNOWN]
[RECEIVED] {"id":1026,"src":"n1","dest":"n4","body":{"type":"broadcast","message":"75","msg_id":87}}
[MATCH BROADCAST]
[RECEIVED] {"id":1028,"src":"n5","dest":"n4","body":{"type":"broadcast","message":"75","msg_id":66}}
BEGIN GOSSIP
[MATCH BROADCAST]
[BROADCAST_OK] {"src":"n4","dest":"n1","body":{"type":"broadcast_ok","in_reply_to":87,"msg_id":66}}
[BROADCAST_OK] {"src":"n4","dest":"n5","body":{"type":"broadcast_ok","in_reply_to":66,"msg_id":66}}
[RECEIVED] {"id":1032,"src":"c13","dest":"n4","body":{"type":"broadcast","message":76,"msg_id":23}}
[CALLBACK MATCH] msg_id=23
[MATCH BROADCAST]
BEGIN GOSSIP
NEIGHBORS: n1, n5
GOSSIP LOOP
LOOP ITER
[BROADCAST] {"src":"n4","dest":"n1","body":{"type":"broadcast","message":"76","msg_id":66}}
LOOP ITER
[BROADCAST] {"src":"n4","dest":"n5","body":{"type":"broadcast","message":"76","msg_id":67}}
[BROADCAST_OK] {"src":"n4","dest":"c13","body":{"type":"broadcast_ok","in_reply_to":23,"msg_id":66}}
[RECEIVED] {"id":1037,"src":"n5","dest":"n4","body":{"type":"broadcast_ok","in_reply_to":67,"msg_id":67}}
[MATCH UNKNOWN]
[RECEIVED] {"id":1039,"src":"n1","dest":"n4","body":{"type":"broadcast_ok","in_reply_to":66,"msg_id":88}}
[MATCH UNKNOWN]
[RECEIVED] {"id":1056,"src":"n1","dest":"n4","body":{"type":"broadcast","message":"77","msg_id":89}}
[MATCH BROADCAST]
BEGIN GOSSIP
[RECEIVED] {"id":1058,"src":"n5","dest":"n4","body":{"type":"broadcast","message":"77","msg_id":68}}
NEIGHBORS: n5
[MATCH BROADCAST]
[BROADCAST_OK] {"src":"n4","dest":"n1","body":{"type":"broadcast_ok","in_reply_to":89,"msg_id":68}}
[BROADCAST_OK] {"src":"n4","dest":"n5","body":{"type":"broadcast_ok","in_reply_to":68,"msg_id":68}}
[RECEIVED] {"id":1062,"src":"c13","dest":"n4","body":{"type":"broadcast","message":78,"msg_id":24}}
[CALLBACK MATCH] msg_id=24
[MATCH BROADCAST]
BEGIN GOSSIP
NEIGHBORS: n1, n5
GOSSIP LOOP
LOOP ITER
[BROADCAST] {"src":"n4","dest":"n1","body":{"type":"broadcast","message":"78","msg_id":68}}
LOOP ITER
[BROADCAST] {"src":"n4","dest":"n5","body":{"type":"broadcast","message":"78","msg_id":69}}
[BROADCAST_OK] {"src":"n4","dest":"c13","body":{"type":"broadcast_ok","in_reply_to":24,"msg_id":68}}
[RECEIVED] {"id":1068,"src":"n5","dest":"n4","body":{"type":"broadcast_ok","in_reply_to":69,"msg_id":69}}
[RECEIVED] {"id":1069,"src":"n1","dest":"n4","body":{"type":"broadcast_ok","in_reply_to":68,"msg_id":90}}
[MATCH UNKNOWN]
[MATCH UNKNOWN]
[RECEIVED] {"id":1074,"src":"n5","dest":"n4","body":{"type":"broadcast","message":"79","msg_id":71}}
[MATCH BROADCAST]
BEGIN GOSSIP
NEIGHBORS: n1
GOSSIP LOOP
LOOP ITER
[BROADCAST] {"src":"n4","dest":"n1","body":{"type":"broadcast","message":"79","msg_id":70}}
[BROADCAST_OK] {"src":"n4","dest":"n5","body":{"type":"broadcast_ok","in_reply_to":71,"msg_id":70}}
[RECEIVED] {"id":1080,"src":"n1","dest":"n4","body":{"type":"broadcast_ok","in_reply_to":70,"msg_id":91}}
[MATCH UNKNOWN]
[RECEIVED] {"id":1088,"src":"n1","dest":"n4","body":{"type":"broadcast","message":"80","msg_id":93}}
[MATCH BROADCAST]
BEGIN GOSSIP
NEIGHBORS: n5
GOSSIP LOOP
LOOP ITER
[BROADCAST] {"src":"n4","dest":"n5","body":{"type":"broadcast","message":"80","msg_id":71}}
[BROADCAST_OK] {"src":"n4","dest":"n1","body":{"type":"broadcast_ok","in_reply_to":93,"msg_id":71}}
[RECEIVED] {"id":1096,"src":"n5","dest":"n4","body":{"type":"broadcast_ok","in_reply_to":71,"msg_id":72}}
[MATCH UNKNOWN]
[RECEIVED] {"id":1100,"src":"n1","dest":"n4","body":{"type":"broadcast","message":"81","msg_id":95}}
[MATCH BROADCAST]
BEGIN GOSSIP
NEIGHBORS: n5
GOSSIP LOOP
LOOP ITER
[BROADCAST] {"src":"n4","dest":"n5","body":{"type":"broadcast","message":"81","msg_id":72}}
[BROADCAST_OK] {"src":"n4","dest":"n1","body":{"type":"broadcast_ok","in_reply_to":95,"msg_id":72}}
[RECEIVED] {"id":1107,"src":"n5","dest":"n4","body":{"type":"broadcast_ok","in_reply_to":72,"msg_id":72}}
[MATCH UNKNOWN]
[RECEIVED] {"id":1118,"src":"n1","dest":"n4","body":{"type":"broadcast","message":"82","msg_id":96}}
[MATCH BROADCAST]
BEGIN GOSSIP
[RECEIVED] {"id":1120,"src":"n5","dest":"n4","body":{"type":"broadcast","message":"82","msg_id":72}}
NEIGHBORS: n5
[CALLBACK MATCH] msg_id=72
[BROADCAST_OK] {"src":"n4","dest":"n1","body":{"type":"broadcast_ok","in_reply_to":96,"msg_id":73}}
[MATCH BROADCAST]
[BROADCAST_OK] {"src":"n4","dest":"n5","body":{"type":"broadcast_ok","in_reply_to":72,"msg_id":73}}
[RECEIVED] {"id":1124,"src":"c13","dest":"n4","body":{"type":"read","msg_id":25}}
[CALLBACK MATCH] msg_id=25
[MATCH READ]
[READ_OK] {"src":"n4","dest":"c13","body":{"type":"read_ok","messages":["0","1","10","11","12","13","14","15","16","17","18","19","2","20","21","22","23","24","25","26","27","28","29","3","30","31","32","33","34","35","36","37","38","39","4","40","41","42","43","44","45","46","47","48","49","5","50","51","52","53","54","55","56","57","58","59","6","60","61","62","63","64","65","66","67","68","69","7","70","71","72","73","74","75","76","77","78","79","8","80","81","82","9"],"in_reply_to":25,"msg_id":73}}
[RECEIVED] {"id":1128,"src":"n5","dest":"n4","body":{"type":"broadcast","message":"83","msg_id":74}}
[MATCH BROADCAST]
BEGIN GOSSIP
NEIGHBORS: n1
GOSSIP LOOP
LOOP ITER
[BROADCAST] {"src":"n4","dest":"n1","body":{"type":"broadcast","message":"83","msg_id":73}}
[BROADCAST_OK] {"src":"n4","dest":"n5","body":{"type":"broadcast_ok","in_reply_to":74,"msg_id":73}}
[RECEIVED] {"id":1135,"src":"n1","dest":"n4","body":{"type":"broadcast_ok","in_reply_to":73,"msg_id":97}}
[MATCH UNKNOWN]
[RECEIVED] {"id":1142,"src":"n1","dest":"n4","body":{"type":"broadcast","message":"84","msg_id":98}}
[MATCH BROADCAST]
BEGIN GOSSIP
NEIGHBORS: n5
GOSSIP LOOP
LOOP ITER
[BROADCAST] {"src":"n4","dest":"n5","body":{"type":"broadcast","message":"84","msg_id":74}}
[BROADCAST_OK] {"src":"n4","dest":"n1","body":{"type":"broadcast_ok","in_reply_to":98,"msg_id":74}}
[RECEIVED] {"id":1149,"src":"n5","dest":"n4","body":{"type":"broadcast_ok","in_reply_to":74,"msg_id":75}}
[MATCH UNKNOWN]
[RECEIVED] {"id":1157,"src":"n1","dest":"n4","body":{"type":"broadcast","message":"85","msg_id":99}}
[RECEIVED] {"id":1159,"src":"n5","dest":"n4","body":{"type":"broadcast","message":"85","msg_id":75}}
[MATCH BROADCAST]
[MATCH BROADCAST]
[BROADCAST_OK] {"src":"n4","dest":"n1","body":{"type":"broadcast_ok","in_reply_to":99,"msg_id":75}}
[BROADCAST_OK] {"src":"n4","dest":"n5","body":{"type":"broadcast_ok","in_reply_to":75,"msg_id":75}}
[RECEIVED] {"id":1170,"src":"n1","dest":"n4","body":{"type":"broadcast","message":"86","msg_id":100}}
[MATCH BROADCAST]
BEGIN GOSSIP
[RECEIVED] {"id":1172,"src":"n5","dest":"n4","body":{"type":"broadcast","message":"86","msg_id":76}}
NEIGHBORS: n5
[MATCH BROADCAST]
[BROADCAST_OK] {"src":"n4","dest":"n1","body":{"type":"broadcast_ok","in_reply_to":100,"msg_id":75}}
[BROADCAST_OK] {"src":"n4","dest":"n5","body":{"type":"broadcast_ok","in_reply_to":76,"msg_id":75}}
[RECEIVED] {"id":1176,"src":"c13","dest":"n4","body":{"type":"broadcast","message":87,"msg_id":26}}
[MATCH BROADCAST]
BEGIN GOSSIP
NEIGHBORS: n1, n5
GOSSIP LOOP
LOOP ITER
[BROADCAST] {"src":"n4","dest":"n1","body":{"type":"broadcast","message":"87","msg_id":75}}
LOOP ITER
[BROADCAST] {"src":"n4","dest":"n5","body":{"type":"broadcast","message":"87","msg_id":76}}
[BROADCAST_OK] {"src":"n4","dest":"c13","body":{"type":"broadcast_ok","in_reply_to":26,"msg_id":75}}
[RECEIVED] {"id":1182,"src":"n1","dest":"n4","body":{"type":"broadcast_ok","in_reply_to":75,"msg_id":101}}
[RECEIVED] {"id":1183,"src":"n5","dest":"n4","body":{"type":"broadcast_ok","in_reply_to":76,"msg_id":77}}
[MATCH UNKNOWN]
[MATCH UNKNOWN]
[RECEIVED] {"id":1188,"src":"n5","dest":"n4","body":{"type":"broadcast","message":"88","msg_id":79}}
[MATCH BROADCAST]
BEGIN GOSSIP
NEIGHBORS: n1
GOSSIP LOOP
LOOP ITER
[BROADCAST] {"src":"n4","dest":"n1","body":{"type":"broadcast","message":"88","msg_id":77}}
[BROADCAST_OK] {"src":"n4","dest":"n5","body":{"type":"broadcast_ok","in_reply_to":79,"msg_id":77}}
[RECEIVED] {"id":1195,"src":"n1","dest":"n4","body":{"type":"broadcast_ok","in_reply_to":77,"msg_id":102}}
[MATCH UNKNOWN]
[RECEIVED] {"id":1200,"src":"n1","dest":"n4","body":{"type":"broadcast","message":"89","msg_id":103}}
[MATCH BROADCAST]
BEGIN GOSSIP
NEIGHBORS: n5
GOSSIP LOOP
LOOP ITER
[BROADCAST] {"src":"n4","dest":"n5","body":{"type":"broadcast","message":"89","msg_id":78}}
[BROADCAST_OK] {"src":"n4","dest":"n1","body":{"type":"broadcast_ok","in_reply_to":103,"msg_id":78}}
[RECEIVED] {"id":1207,"src":"n5","dest":"n4","body":{"type":"broadcast_ok","in_reply_to":78,"msg_id":80}}
[MATCH UNKNOWN]
[RECEIVED] {"id":1212,"src":"n1","dest":"n4","body":{"type":"broadcast","message":"90","msg_id":105}}
[MATCH BROADCAST]
BEGIN GOSSIP
NEIGHBORS: n5
GOSSIP LOOP
LOOP ITER
[BROADCAST] {"src":"n4","dest":"n5","body":{"type":"broadcast","message":"90","msg_id":79}}
[BROADCAST_OK] {"src":"n4","dest":"n1","body":{"type":"broadcast_ok","in_reply_to":105,"msg_id":79}}
[RECEIVED] {"id":1219,"src":"n5","dest":"n4","body":{"type":"broadcast_ok","in_reply_to":79,"msg_id":80}}
[MATCH UNKNOWN]
[RECEIVED] {"id":1229,"src":"n1","dest":"n4","body":{"type":"broadcast","message":"91","msg_id":106}}
[MATCH BROADCAST]
[RECEIVED] {"id":1231,"src":"n5","dest":"n4","body":{"type":"broadcast","message":"91","msg_id":80}}
BEGIN GOSSIP
[MATCH BROADCAST]
[BROADCAST_OK] {"src":"n4","dest":"n1","body":{"type":"broadcast_ok","in_reply_to":106,"msg_id":80}}
[BROADCAST_OK] {"src":"n4","dest":"n5","body":{"type":"broadcast_ok","in_reply_to":80,"msg_id":80}}
[RECEIVED] {"id":1236,"src":"c13","dest":"n4","body":{"type":"broadcast","message":92,"msg_id":27}}
[CALLBACK MATCH] msg_id=27
[MATCH BROADCAST]
BEGIN GOSSIP
NEIGHBORS: n1, n5
GOSSIP LOOP
LOOP ITER
[BROADCAST] {"src":"n4","dest":"n1","body":{"type":"broadcast","message":"92","msg_id":80}}
LOOP ITER
[BROADCAST] {"src":"n4","dest":"n5","body":{"type":"broadcast","message":"92","msg_id":81}}
[BROADCAST_OK] {"src":"n4","dest":"c13","body":{"type":"broadcast_ok","in_reply_to":27,"msg_id":80}}
[RECEIVED] {"id":1242,"src":"n1","dest":"n4","body":{"type":"broadcast_ok","in_reply_to":80,"msg_id":107}}
[RECEIVED] {"id":1243,"src":"n5","dest":"n4","body":{"type":"broadcast_ok","in_reply_to":81,"msg_id":81}}
[MATCH UNKNOWN]
[MATCH UNKNOWN]
[RECEIVED] {"id":1248,"src":"n5","dest":"n4","body":{"type":"broadcast","message":"93","msg_id":83}}
[MATCH BROADCAST]
BEGIN GOSSIP
NEIGHBORS: n1
GOSSIP LOOP
LOOP ITER
[BROADCAST] {"src":"n4","dest":"n1","body":{"type":"broadcast","message":"93","msg_id":82}}
[BROADCAST_OK] {"src":"n4","dest":"n5","body":{"type":"broadcast_ok","in_reply_to":83,"msg_id":82}}
[RECEIVED] {"id":1255,"src":"n1","dest":"n4","body":{"type":"broadcast_ok","in_reply_to":82,"msg_id":108}}
[MATCH UNKNOWN]
[RECEIVED] {"id":1260,"src":"n1","dest":"n4","body":{"type":"broadcast","message":"94","msg_id":109}}
[MATCH BROADCAST]
BEGIN GOSSIP
NEIGHBORS: n5
GOSSIP LOOP
LOOP ITER
[BROADCAST] {"src":"n4","dest":"n5","body":{"type":"broadcast","message":"94","msg_id":83}}
[BROADCAST_OK] {"src":"n4","dest":"n1","body":{"type":"broadcast_ok","in_reply_to":109,"msg_id":83}}
[RECEIVED] {"id":1267,"src":"n5","dest":"n4","body":{"type":"broadcast_ok","in_reply_to":83,"msg_id":84}}
[MATCH UNKNOWN]
[RECEIVED] {"id":1276,"src":"c13","dest":"n4","body":{"type":"read","msg_id":28}}
[CALLBACK MATCH] msg_id=28
[MATCH READ]
[READ_OK] {"src":"n4","dest":"c13","body":{"type":"read_ok","messages":["0","1","10","11","12","13","14","15","16","17","18","19","2","20","21","22","23","24","25","26","27","28","29","3","30","31","32","33","34","35","36","37","38","39","4","40","41","42","43","44","45","46","47","48","49","5","50","51","52","53","54","55","56","57","58","59","6","60","61","62","63","64","65","66","67","68","69","7","70","71","72","73","74","75","76","77","78","79","8","80","81","82","83","84","85","86","87","88","89","9","90","91","92","93","94"],"in_reply_to":28,"msg_id":84}}
[RECEIVED] {"id":1282,"src":"n1","dest":"n4","body":{"type":"broadcast","message":"95","msg_id":111}}
[MATCH BROADCAST]
BEGIN GOSSIP
NEIGHBORS: n5
GOSSIP LOOP
LOOP ITER
[BROADCAST] {"src":"n4","dest":"n5","body":{"type":"broadcast","message":"95","msg_id":84}}
[BROADCAST_OK] {"src":"n4","dest":"n1","body":{"type":"broadcast_ok","in_reply_to":111,"msg_id":84}}
[RECEIVED] {"id":1289,"src":"n5","dest":"n4","body":{"type":"broadcast_ok","in_reply_to":84,"msg_id":84}}
[MATCH UNKNOWN]
[RECEIVED] {"id":1294,"src":"n1","dest":"n4","body":{"type":"broadcast","message":"96","msg_id":113}}
[MATCH BROADCAST]
BEGIN GOSSIP
NEIGHBORS: n5
GOSSIP LOOP
LOOP ITER
[BROADCAST] {"src":"n4","dest":"n5","body":{"type":"broadcast","message":"96","msg_id":85}}
[BROADCAST_OK] {"src":"n4","dest":"n1","body":{"type":"broadcast_ok","in_reply_to":113,"msg_id":85}}
[RECEIVED] {"id":1301,"src":"n5","dest":"n4","body":{"type":"broadcast_ok","in_reply_to":85,"msg_id":84}}
[MATCH UNKNOWN]
[RECEIVED] {"id":1311,"src":"n5","dest":"n4","body":{"type":"broadcast","message":"97","msg_id":84}}
[RECEIVED] {"id":1309,"src":"n1","dest":"n4","body":{"type":"broadcast","message":"97","msg_id":114}}
[CALLBACK MATCH] msg_id=84
[MATCH BROADCAST]
[MATCH BROADCAST]
[BROADCAST_OK] {"src":"n4","dest":"n5","body":{"type":"broadcast_ok","in_reply_to":84,"msg_id":86}}
[BROADCAST_OK] {"src":"n4","dest":"n1","body":{"type":"broadcast_ok","in_reply_to":114,"msg_id":86}}
[RECEIVED] {"id":1318,"src":"c13","dest":"n4","body":{"type":"read","msg_id":29}}
[CALLBACK MATCH] msg_id=29
[MATCH READ]
[READ_OK] {"src":"n4","dest":"c13","body":{"type":"read_ok","messages":["0","1","10","11","12","13","14","15","16","17","18","19","2","20","21","22","23","24","25","26","27","28","29","3","30","31","32","33","34","35","36","37","38","39","4","40","41","42","43","44","45","46","47","48","49","5","50","51","52","53","54","55","56","57","58","59","6","60","61","62","63","64","65","66","67","68","69","7","70","71","72","73","74","75","76","77","78","79","8","80","81","82","83","84","85","86","87","88","89","9","90","91","92","93","94","95","96","97"],"in_reply_to":29,"msg_id":86}}
[RECEIVED] {"id":1322,"src":"n5","dest":"n4","body":{"type":"broadcast","message":"98","msg_id":86}}
[MATCH BROADCAST]
BEGIN GOSSIP
NEIGHBORS: n1
GOSSIP LOOP
LOOP ITER
[BROADCAST] {"src":"n4","dest":"n1","body":{"type":"broadcast","message":"98","msg_id":86}}
[BROADCAST_OK] {"src":"n4","dest":"n5","body":{"type":"broadcast_ok","in_reply_to":86,"msg_id":86}}
[RECEIVED] {"id":1329,"src":"n1","dest":"n4","body":{"type":"broadcast_ok","in_reply_to":86,"msg_id":115}}
[MATCH UNKNOWN]
[RECEIVED] {"id":1336,"src":"n1","dest":"n4","body":{"type":"broadcast","message":"99","msg_id":116}}
[MATCH BROADCAST]
BEGIN GOSSIP
NEIGHBORS: n5
GOSSIP LOOP
LOOP ITER
[BROADCAST] {"src":"n4","dest":"n5","body":{"type":"broadcast","message":"99","msg_id":87}}
[BROADCAST_OK] {"src":"n4","dest":"n1","body":{"type":"broadcast_ok","in_reply_to":116,"msg_id":87}}
[RECEIVED] {"id":1343,"src":"n5","dest":"n4","body":{"type":"broadcast_ok","in_reply_to":87,"msg_id":87}}
[MATCH UNKNOWN]
[RECEIVED] {"id":1351,"src":"n1","dest":"n4","body":{"type":"broadcast","message":"100","msg_id":117}}
[MATCH BROADCAST]
BEGIN GOSSIP
[RECEIVED] {"id":1354,"src":"n5","dest":"n4","body":{"type":"broadcast","message":"100","msg_id":87}}
NEIGHBORS: n5
[CALLBACK MATCH] msg_id=87
[BROADCAST_OK] {"src":"n4","dest":"n1","body":{"type":"broadcast_ok","in_reply_to":117,"msg_id":88}}
[MATCH BROADCAST]
[BROADCAST_OK] {"src":"n4","dest":"n5","body":{"type":"broadcast_ok","in_reply_to":87,"msg_id":88}}
[RECEIVED] {"id":1360,"src":"c13","dest":"n4","body":{"type":"read","msg_id":30}}
[CALLBACK MATCH] msg_id=30
[MATCH READ]
[READ_OK] {"src":"n4","dest":"c13","body":{"type":"read_ok","messages":["0","1","10","100","11","12","13","14","15","16","17","18","19","2","20","21","22","23","24","25","26","27","28","29","3","30","31","32","33","34","35","36","37","38","39","4","40","41","42","43","44","45","46","47","48","49","5","50","51","52","53","54","55","56","57","58","59","6","60","61","62","63","64","65","66","67","68","69","7","70","71","72","73","74","75","76","77","78","79","8","80","81","82","83","84","85","86","87","88","89","9","90","91","92","93","94","95","96","97","98","99"],"in_reply_to":30,"msg_id":88}}
[RECEIVED] {"id":1368,"src":"n1","dest":"n4","body":{"type":"broadcast","message":"101","msg_id":119}}
[MATCH BROADCAST]
BEGIN GOSSIP
NEIGHBORS: n5
GOSSIP LOOP
LOOP ITER
[BROADCAST] {"src":"n4","dest":"n5","body":{"type":"broadcast","message":"101","msg_id":88}}
[BROADCAST_OK] {"src":"n4","dest":"n1","body":{"type":"broadcast_ok","in_reply_to":119,"msg_id":88}}
[RECEIVED] {"id":1375,"src":"n5","dest":"n4","body":{"type":"broadcast_ok","in_reply_to":88,"msg_id":88}}
[MATCH UNKNOWN]
[RECEIVED] {"id":1383,"src":"n1","dest":"n4","body":{"type":"broadcast","message":"102","msg_id":120}}
[MATCH BROADCAST]
BEGIN GOSSIP
NEIGHBORS: n5
GOSSIP LOOP
[RECEIVED] {"id":1386,"src":"n5","dest":"n4","body":{"type":"broadcast","message":"102","msg_id":88}}
LOOP ITER
[CALLBACK MATCH] msg_id=88
[BROADCAST_OK] {"src":"n4","dest":"n1","body":{"type":"broadcast_ok","in_reply_to":120,"msg_id":89}}
[MATCH BROADCAST]
[BROADCAST_OK] {"src":"n4","dest":"n5","body":{"type":"broadcast_ok","in_reply_to":88,"msg_id":90}}
[RECEIVED] {"id":1392,"src":"c13","dest":"n4","body":{"type":"broadcast","message":103,"msg_id":31}}
[MATCH BROADCAST]
BEGIN GOSSIP
NEIGHBORS: n1, n5
GOSSIP LOOP
LOOP ITER
[BROADCAST] {"src":"n4","dest":"n1","body":{"type":"broadcast","message":"103","msg_id":90}}
LOOP ITER
[BROADCAST] {"src":"n4","dest":"n5","body":{"type":"broadcast","message":"103","msg_id":91}}
[BROADCAST_OK] {"src":"n4","dest":"c13","body":{"type":"broadcast_ok","in_reply_to":31,"msg_id":90}}
[RECEIVED] {"id":1398,"src":"n5","dest":"n4","body":{"type":"broadcast_ok","in_reply_to":91,"msg_id":89}}
[RECEIVED] {"id":1399,"src":"n1","dest":"n4","body":{"type":"broadcast_ok","in_reply_to":90,"msg_id":121}}
[MATCH UNKNOWN]
[MATCH UNKNOWN]
[RECEIVED] {"id":1404,"src":"n5","dest":"n4","body":{"type":"broadcast","message":"104","msg_id":91}}
[CALLBACK MATCH] msg_id=91
[MATCH BROADCAST]
BEGIN GOSSIP
NEIGHBORS: n1
GOSSIP LOOP
LOOP ITER
[BROADCAST] {"src":"n4","dest":"n1","body":{"type":"broadcast","message":"104","msg_id":92}}
[BROADCAST_OK] {"src":"n4","dest":"n5","body":{"type":"broadcast_ok","in_reply_to":91,"msg_id":92}}
[RECEIVED] {"id":1411,"src":"n1","dest":"n4","body":{"type":"broadcast_ok","in_reply_to":92,"msg_id":122}}
[MATCH UNKNOWN]
[RECEIVED] {"id":1422,"src":"c13","dest":"n4","body":{"type":"read","msg_id":32}}
[CALLBACK MATCH] msg_id=32
[MATCH READ]
[READ_OK] {"src":"n4","dest":"c13","body":{"type":"read_ok","messages":["0","1","10","100","101","102","103","104","11","12","13","14","15","16","17","18","19","2","20","21","22","23","24","25","26","27","28","29","3","30","31","32","33","34","35","36","37","38","39","4","40","41","42","43","44","45","46","47","48","49","5","50","51","52","53","54","55","56","57","58","59","6","60","61","62","63","64","65","66","67","68","69","7","70","71","72","73","74","75","76","77","78","79","8","80","81","82","83","84","85","86","87","88","89","9","90","91","92","93","94","95","96","97","98","99"],"in_reply_to":32,"msg_id":93}}
[RECEIVED] {"id":1426,"src":"c13","dest":"n4","body":{"type":"read","msg_id":33}}
[CALLBACK MATCH] msg_id=33
[MATCH READ]
[READ_OK] {"src":"n4","dest":"c13","body":{"type":"read_ok","messages":["0","1","10","100","101","102","103","104","11","12","13","14","15","16","17","18","19","2","20","21","22","23","24","25","26","27","28","29","3","30","31","32","33","34","35","36","37","38","39","4","40","41","42","43","44","45","46","47","48","49","5","50","51","52","53","54","55","56","57","58","59","6","60","61","62","63","64","65","66","67","68","69","7","70","71","72","73","74","75","76","77","78","79","8","80","81","82","83","84","85","86","87","88","89","9","90","91","92","93","94","95","96","97","98","99"],"in_reply_to":33,"msg_id":93}}
