2025-05-30 19:37:50,092{GMT}	INFO	[jepsen test runner] jepsen.core: Test version 9c9bbdfd60f614614ba86cf415b5dc43daf0d73d (plus uncommitted changes)
2025-05-30 19:37:50,092{GMT}	INFO	[jepsen test runner] jepsen.core: Command line:
lein run test -w broadcast --bin self/server/_build/default/bin/main.exe --time-limit 5 --rate 10
2025-05-30 19:37:50,129{GMT}	INFO	[jepsen test runner] jepsen.core: Running test:
{:args []
 :remote
 #jepsen.control.retry.Remote{:remote #jepsen.control.scp.Remote{:cmd-remote #jepsen.control.sshj.SSHJRemote{:concurrency-limit 6,
                                                                                                             :conn-spec nil,
                                                                                                             :client nil,
                                                                                                             :semaphore nil},
                                                                 :conn-spec nil},
                              :conn nil}
 :log-net-send false
 :node-count nil
 :availability nil
 :max-txn-length 4
 :concurrency 5
 :db
 #object[maelstrom.db$db$reify__16612
         "0x71737478"
         "maelstrom.db$db$reify__16612@71737478"]
 :max-writes-per-key 16
 :leave-db-running? false
 :name "broadcast"
 :logging-json? false
 :start-time
 #object[org.joda.time.DateTime "0x11303cb" "2025-05-30T19:37:50.062-04:00"]
 :nemesis-interval 10
 :net
 #object[maelstrom.net$jepsen_net$reify__15721
         "0x655e3f4c"
         "maelstrom.net$jepsen_net$reify__15721@655e3f4c"]
 :client
 #object[maelstrom.workload.broadcast$client$reify__17142
         "0x26e74d50"
         "maelstrom.workload.broadcast$client$reify__17142@26e74d50"]
 :barrier
 #object[java.util.concurrent.CyclicBarrier
         "0x6bdc984"
         "java.util.concurrent.CyclicBarrier@6bdc984"]
 :log-stderr false
 :pure-generators true
 :ssh {:dummy? true}
 :rate 10.0
 :checker
 #object[jepsen.checker$compose$reify__11089
         "0x1f299fc3"
         "jepsen.checker$compose$reify__11089@1f299fc3"]
 :argv
 ("test"
  "-w"
  "broadcast"
  "--bin"
  "self/server/_build/default/bin/main.exe"
  "--time-limit"
  "5"
  "--rate"
  "10")
 :nemesis
 (jepsen.nemesis.ReflCompose
  {:fm {:start-partition 0,
        :stop-partition 0,
        :kill 1,
        :start 1,
        :pause 1,
        :resume 1},
   :nemeses [#unprintable "jepsen.nemesis.combined$partition_nemesis$reify__16905@b997735"
             #unprintable "jepsen.nemesis.combined$db_nemesis$reify__16886@178826db"]})
 :nodes ["n1" "n2" "n3" "n4" "n5"]
 :test-count 1
 :latency {:mean 0, :dist :constant}
 :bin "self/server/_build/default/bin/main.exe"
 :generator
 #object[jepsen.util.Forgettable
         "0x5f04449a"
         ((jepsen.generator.Synchronize
           {:gen (jepsen.generator.TimeLimit
                  {:limit 5000000000,
                   :cutoff nil,
                   :gen (jepsen.generator.Any
                         {:gens [(jepsen.generator.OnThreads
                                  {:f #{:nemesis},
                                   :context-filter #object[jepsen.generator.context$make_thread_filter$lazy_filter__12077
                                                           "0x6f8af186"
                                                           "jepsen.generator.context$make_thread_filter$lazy_filter__12077@6f8af186"],
                                   :gen nil})
                                 (jepsen.generator.OnThreads
                                  {:f #jepsen.generator.context.AllBut{:element :nemesis},
                                   :context-filter #object[jepsen.generator.context$make_thread_filter$lazy_filter__12077
                                                           "0x5aaecd25"
                                                           "jepsen.generator.context$make_thread_filter$lazy_filter__12077@5aaecd25"],
                                   :gen (jepsen.generator.Stagger
                                         {:dt 200000000,
                                          :next-time nil,
                                          :gen (jepsen.generator.Mix
                                                {:i 1,
                                                 :gens [({:f :broadcast,
                                                          :value 0}
                                                         {:f :broadcast,
                                                          :value 1}
                                                         {:f :broadcast,
                                                          :value 2}
                                                         {:f :broadcast,
                                                          :value 3}
                                                         {:f :broadcast,
                                                          :value 4}
                                                         {:f :broadcast,
                                                          :value 5}
                                                         {:f :broadcast,
                                                          :value 6}
                                                         {:f :broadcast,
                                                          :value 7}
                                                         ...)
                                                        ({:f :read}
                                                         {:f :read}
                                                         {:f :read}
                                                         {:f :read}
                                                         {:f :read}
                                                         {:f :read}
                                                         {:f :read}
                                                         {:f :read}
                                                         ...)]})})})]})})})
          (jepsen.generator.Synchronize
           {:gen (jepsen.generator.OnThreads
                  {:f #{:nemesis},
                   :context-filter #object[jepsen.generator.context$make_thread_filter$lazy_filter__12077
                                           "0x1acd660d"
                                           "jepsen.generator.context$make_thread_filter$lazy_filter__12077@1acd660d"],
                   :gen ()})})
          (jepsen.generator.Synchronize
           {:gen {:type :log, :value "Waiting for recovery..."}})
          (jepsen.generator.Synchronize {:gen {:type :sleep, :value 10}})
          (jepsen.generator.Synchronize
           {:gen (jepsen.generator.OnThreads
                  {:f #jepsen.generator.context.AllBut{:element :nemesis},
                   :context-filter #object[jepsen.generator.context$make_thread_filter$lazy_filter__12077
                                           "0x22f3b213"
                                           "jepsen.generator.context$make_thread_filter$lazy_filter__12077@22f3b213"],
                   :gen (jepsen.generator.EachThread
                         {:fresh-gen {:f :read, :final? true},
                          :context-filters #object[clojure.core$promise$reify__8621
                                                   "0xe18848d"
                                                   {:status :pending, :val nil}],
                          :gens {}})})}))]
 :log-net-recv false
 :os
 #object[maelstrom.net$jepsen_os$reify__15724
         "0x53a65166"
         "maelstrom.net$jepsen_os$reify__15724@53a65166"]
 :time-limit 5
 :workload :broadcast
 :consistency-models [:strict-serializable]
 :topology :grid}

2025-05-30 19:37:50,996{GMT}	INFO	[jepsen node n1] maelstrom.net: Starting Maelstrom network
2025-05-30 19:37:50,997{GMT}	INFO	[jepsen test runner] jepsen.db: Tearing down DB
2025-05-30 19:37:50,998{GMT}	INFO	[jepsen test runner] jepsen.db: Setting up DB
2025-05-30 19:37:50,998{GMT}	INFO	[jepsen node n2] maelstrom.db: Setting up n2
2025-05-30 19:37:50,998{GMT}	INFO	[jepsen node n4] maelstrom.db: Setting up n4
2025-05-30 19:37:50,998{GMT}	INFO	[jepsen node n3] maelstrom.db: Setting up n3
2025-05-30 19:37:50,998{GMT}	INFO	[jepsen node n5] maelstrom.db: Setting up n5
2025-05-30 19:37:50,998{GMT}	INFO	[jepsen node n2] maelstrom.process: launching self/server/_build/default/bin/main.exe []
2025-05-30 19:37:50,998{GMT}	INFO	[jepsen node n3] maelstrom.process: launching self/server/_build/default/bin/main.exe []
2025-05-30 19:37:50,998{GMT}	INFO	[jepsen node n4] maelstrom.process: launching self/server/_build/default/bin/main.exe []
2025-05-30 19:37:50,998{GMT}	INFO	[jepsen node n5] maelstrom.process: launching self/server/_build/default/bin/main.exe []
2025-05-30 19:37:50,999{GMT}	INFO	[jepsen node n1] maelstrom.service: Starting services: (lin-kv lin-tso lww-kv seq-kv)
2025-05-30 19:37:51,000{GMT}	INFO	[jepsen node n1] maelstrom.db: Setting up n1
2025-05-30 19:37:51,000{GMT}	INFO	[jepsen node n1] maelstrom.process: launching self/server/_build/default/bin/main.exe []
2025-05-30 19:38:00,198{GMT}	INFO	[jepsen test runner] jepsen.core: Relative time begins now
2025-05-30 19:38:00,228{GMT}	INFO	[jepsen worker 0] jepsen.util: 0	:invoke	:read	nil
2025-05-30 19:38:00,230{GMT}	INFO	[jepsen worker 0] jepsen.util: 0	:ok	:read	[]
2025-05-30 19:38:00,243{GMT}	INFO	[jepsen worker 1] jepsen.util: 1	:invoke	:broadcast	0
2025-05-30 19:38:00,244{GMT}	INFO	[jepsen worker 1] jepsen.util: 1	:ok	:broadcast	0
2025-05-30 19:38:00,339{GMT}	INFO	[jepsen worker 2] jepsen.util: 2	:invoke	:broadcast	1
2025-05-30 19:38:00,341{GMT}	INFO	[jepsen worker 2] jepsen.util: 2	:ok	:broadcast	1
2025-05-30 19:38:00,480{GMT}	INFO	[jepsen worker 3] jepsen.util: 3	:invoke	:broadcast	2
2025-05-30 19:38:00,482{GMT}	INFO	[jepsen worker 3] jepsen.util: 3	:ok	:broadcast	2
2025-05-30 19:38:00,595{GMT}	INFO	[jepsen worker 4] jepsen.util: 4	:invoke	:read	nil
2025-05-30 19:38:00,597{GMT}	INFO	[jepsen worker 4] jepsen.util: 4	:ok	:read	["0" "1" "2"]
2025-05-30 19:38:00,668{GMT}	INFO	[jepsen worker 0] jepsen.util: 0	:invoke	:broadcast	3
2025-05-30 19:38:00,669{GMT}	INFO	[jepsen worker 0] jepsen.util: 0	:ok	:broadcast	3
2025-05-30 19:38:00,846{GMT}	INFO	[jepsen worker 0] jepsen.util: 0	:invoke	:read	nil
2025-05-30 19:38:00,847{GMT}	INFO	[jepsen worker 0] jepsen.util: 0	:ok	:read	["0" "1" "2" "3"]
2025-05-30 19:38:01,044{GMT}	INFO	[jepsen worker 1] jepsen.util: 1	:invoke	:read	nil
2025-05-30 19:38:01,044{GMT}	INFO	[jepsen worker 1] jepsen.util: 1	:ok	:read	["0" "1" "2" "3"]
2025-05-30 19:38:01,232{GMT}	INFO	[jepsen worker 2] jepsen.util: 2	:invoke	:read	nil
2025-05-30 19:38:01,233{GMT}	INFO	[jepsen worker 2] jepsen.util: 2	:ok	:read	["0" "1" "2" "3"]
2025-05-30 19:38:01,406{GMT}	INFO	[jepsen worker 3] jepsen.util: 3	:invoke	:read	nil
2025-05-30 19:38:01,409{GMT}	INFO	[jepsen worker 3] jepsen.util: 3	:ok	:read	["0" "1" "2" "3"]
2025-05-30 19:38:01,444{GMT}	INFO	[jepsen worker 4] jepsen.util: 4	:invoke	:broadcast	4
2025-05-30 19:38:01,445{GMT}	INFO	[jepsen worker 4] jepsen.util: 4	:ok	:broadcast	4
2025-05-30 19:38:01,600{GMT}	INFO	[jepsen worker 0] jepsen.util: 0	:invoke	:read	nil
2025-05-30 19:38:01,602{GMT}	INFO	[jepsen worker 0] jepsen.util: 0	:ok	:read	["0" "1" "2" "3" "4"]
2025-05-30 19:38:01,684{GMT}	INFO	[jepsen worker 0] jepsen.util: 0	:invoke	:read	nil
2025-05-30 19:38:01,685{GMT}	INFO	[jepsen worker 0] jepsen.util: 0	:ok	:read	["0" "1" "2" "3" "4"]
2025-05-30 19:38:01,791{GMT}	INFO	[jepsen worker 1] jepsen.util: 1	:invoke	:read	nil
2025-05-30 19:38:01,796{GMT}	INFO	[jepsen worker 1] jepsen.util: 1	:ok	:read	["0" "1" "2" "3" "4"]
2025-05-30 19:38:01,934{GMT}	INFO	[jepsen worker 2] jepsen.util: 2	:invoke	:broadcast	5
2025-05-30 19:38:01,936{GMT}	INFO	[jepsen worker 2] jepsen.util: 2	:ok	:broadcast	5
2025-05-30 19:38:02,082{GMT}	INFO	[jepsen worker 3] jepsen.util: 3	:invoke	:read	nil
2025-05-30 19:38:02,083{GMT}	INFO	[jepsen worker 3] jepsen.util: 3	:ok	:read	["0" "1" "2" "3" "4" "5"]
2025-05-30 19:38:02,272{GMT}	INFO	[jepsen worker 4] jepsen.util: 4	:invoke	:broadcast	6
2025-05-30 19:38:02,276{GMT}	INFO	[jepsen worker 4] jepsen.util: 4	:ok	:broadcast	6
2025-05-30 19:38:02,418{GMT}	INFO	[jepsen worker 0] jepsen.util: 0	:invoke	:broadcast	7
2025-05-30 19:38:02,419{GMT}	INFO	[jepsen worker 0] jepsen.util: 0	:ok	:broadcast	7
2025-05-30 19:38:02,574{GMT}	INFO	[jepsen worker 0] jepsen.util: 0	:invoke	:read	nil
2025-05-30 19:38:02,575{GMT}	INFO	[jepsen worker 0] jepsen.util: 0	:ok	:read	["0" "1" "2" "3" "4" "5" "6" "7"]
2025-05-30 19:38:02,704{GMT}	INFO	[jepsen worker 1] jepsen.util: 1	:invoke	:broadcast	8
2025-05-30 19:38:02,708{GMT}	INFO	[jepsen worker 1] jepsen.util: 1	:ok	:broadcast	8
2025-05-30 19:38:02,849{GMT}	INFO	[jepsen worker 2] jepsen.util: 2	:invoke	:broadcast	9
2025-05-30 19:38:02,853{GMT}	INFO	[jepsen worker 2] jepsen.util: 2	:ok	:broadcast	9
2025-05-30 19:38:02,871{GMT}	INFO	[jepsen worker 3] jepsen.util: 3	:invoke	:broadcast	10
2025-05-30 19:38:02,873{GMT}	INFO	[jepsen worker 3] jepsen.util: 3	:ok	:broadcast	10
2025-05-30 19:38:02,973{GMT}	INFO	[jepsen worker 4] jepsen.util: 4	:invoke	:broadcast	11
2025-05-30 19:38:02,974{GMT}	INFO	[jepsen worker 4] jepsen.util: 4	:ok	:broadcast	11
2025-05-30 19:38:03,009{GMT}	INFO	[jepsen worker 0] jepsen.util: 0	:invoke	:broadcast	12
2025-05-30 19:38:03,010{GMT}	INFO	[jepsen worker 0] jepsen.util: 0	:ok	:broadcast	12
2025-05-30 19:38:03,168{GMT}	INFO	[jepsen worker 0] jepsen.util: 0	:invoke	:read	nil
2025-05-30 19:38:03,174{GMT}	INFO	[jepsen worker 0] jepsen.util: 0	:ok	:read	["0" "1" "10" "11" "12" "2" "3" "4" "5" "6" "7" "8" "9"]
2025-05-30 19:38:03,268{GMT}	INFO	[jepsen worker 1] jepsen.util: 1	:invoke	:read	nil
2025-05-30 19:38:03,270{GMT}	INFO	[jepsen worker 1] jepsen.util: 1	:ok	:read	["0" "1" "10" "11" "12" "2" "3" "4" "5" "6" "7" "8" "9"]
2025-05-30 19:38:03,274{GMT}	INFO	[jepsen worker 2] jepsen.util: 2	:invoke	:read	nil
2025-05-30 19:38:03,275{GMT}	INFO	[jepsen worker 2] jepsen.util: 2	:ok	:read	["0" "1" "10" "11" "12" "2" "3" "4" "5" "6" "7" "8" "9"]
2025-05-30 19:38:03,444{GMT}	INFO	[jepsen worker 3] jepsen.util: 3	:invoke	:broadcast	13
2025-05-30 19:38:03,449{GMT}	INFO	[jepsen worker 3] jepsen.util: 3	:ok	:broadcast	13
2025-05-30 19:38:03,576{GMT}	INFO	[jepsen worker 4] jepsen.util: 4	:invoke	:read	nil
2025-05-30 19:38:03,579{GMT}	INFO	[jepsen worker 4] jepsen.util: 4	:ok	:read	["0" "1" "10" "11" "12" "13" "2" "3" "4" "5" "6" "7" "8" "9"]
2025-05-30 19:38:03,658{GMT}	INFO	[jepsen worker 0] jepsen.util: 0	:invoke	:read	nil
2025-05-30 19:38:03,661{GMT}	INFO	[jepsen worker 0] jepsen.util: 0	:ok	:read	["0" "1" "10" "11" "12" "13" "2" "3" "4" "5" "6" "7" "8" "9"]
2025-05-30 19:38:03,804{GMT}	INFO	[jepsen worker 0] jepsen.util: 0	:invoke	:read	nil
2025-05-30 19:38:03,807{GMT}	INFO	[jepsen worker 0] jepsen.util: 0	:ok	:read	["0" "1" "10" "11" "12" "13" "2" "3" "4" "5" "6" "7" "8" "9"]
2025-05-30 19:38:03,926{GMT}	INFO	[jepsen worker 1] jepsen.util: 1	:invoke	:broadcast	14
2025-05-30 19:38:03,929{GMT}	INFO	[jepsen worker 1] jepsen.util: 1	:ok	:broadcast	14
2025-05-30 19:38:04,014{GMT}	INFO	[jepsen worker 2] jepsen.util: 2	:invoke	:read	nil
2025-05-30 19:38:04,017{GMT}	INFO	[jepsen worker 2] jepsen.util: 2	:ok	:read	["0" "1" "10" "11" "12" "13" "14" "2" "3" "4" "5" "6" "7" "8" "9"]
2025-05-30 19:38:04,179{GMT}	INFO	[jepsen worker 3] jepsen.util: 3	:invoke	:read	nil
2025-05-30 19:38:04,182{GMT}	INFO	[jepsen worker 3] jepsen.util: 3	:ok	:read	["0" "1" "10" "11" "12" "13" "14" "2" "3" "4" "5" "6" "7" "8" "9"]
2025-05-30 19:38:04,315{GMT}	INFO	[jepsen worker 4] jepsen.util: 4	:invoke	:broadcast	15
2025-05-30 19:38:04,318{GMT}	INFO	[jepsen worker 4] jepsen.util: 4	:ok	:broadcast	15
2025-05-30 19:38:04,359{GMT}	INFO	[jepsen worker 0] jepsen.util: 0	:invoke	:broadcast	16
2025-05-30 19:38:04,361{GMT}	INFO	[jepsen worker 0] jepsen.util: 0	:ok	:broadcast	16
2025-05-30 19:38:04,523{GMT}	INFO	[jepsen worker 0] jepsen.util: 0	:invoke	:read	nil
2025-05-30 19:38:04,526{GMT}	INFO	[jepsen worker 0] jepsen.util: 0	:ok	:read	["0" "1" "10" "11" "12" "13" "14" "15" "16" "2" "3" "4" "5" "6" "7" "8" "9"]
2025-05-30 19:38:04,692{GMT}	INFO	[jepsen worker 1] jepsen.util: 1	:invoke	:read	nil
2025-05-30 19:38:04,695{GMT}	INFO	[jepsen worker 1] jepsen.util: 1	:ok	:read	["0" "1" "10" "11" "12" "13" "14" "15" "16" "2" "3" "4" "5" "6" "7" "8" "9"]
2025-05-30 19:38:04,849{GMT}	INFO	[jepsen worker 2] jepsen.util: 2	:invoke	:broadcast	17
2025-05-30 19:38:04,851{GMT}	INFO	[jepsen worker 2] jepsen.util: 2	:ok	:broadcast	17
2025-05-30 19:38:04,894{GMT}	INFO	[jepsen worker 3] jepsen.util: 3	:invoke	:read	nil
2025-05-30 19:38:04,896{GMT}	INFO	[jepsen worker 3] jepsen.util: 3	:ok	:read	["0" "1" "10" "11" "12" "13" "14" "15" "16" "17" "2" "3" "4" "5" "6" "7" "8" "9"]
2025-05-30 19:38:04,943{GMT}	INFO	[jepsen worker 4] jepsen.util: 4	:invoke	:read	nil
2025-05-30 19:38:04,945{GMT}	INFO	[jepsen worker 4] jepsen.util: 4	:ok	:read	["0" "1" "10" "11" "12" "13" "14" "15" "16" "17" "2" "3" "4" "5" "6" "7" "8" "9"]
2025-05-30 19:38:05,029{GMT}	INFO	[jepsen worker 0] jepsen.util: 0	:invoke	:read	nil
2025-05-30 19:38:05,032{GMT}	INFO	[jepsen worker 0] jepsen.util: 0	:ok	:read	["0" "1" "10" "11" "12" "13" "14" "15" "16" "17" "2" "3" "4" "5" "6" "7" "8" "9"]
2025-05-30 19:38:05,201{GMT}	INFO	[jepsen worker 0] jepsen.util: 0	:invoke	:broadcast	18
2025-05-30 19:38:05,204{GMT}	INFO	[jepsen worker 0] jepsen.util: 0	:ok	:broadcast	18
2025-05-30 19:38:05,205{GMT}	INFO	[jepsen worker 1] jepsen.generator.interpreter: Waiting for recovery...
2025-05-30 19:38:15,212{GMT}	INFO	[jepsen worker 4] jepsen.util: 4	:invoke	:read	nil
2025-05-30 19:38:15,213{GMT}	INFO	[jepsen worker 0] jepsen.util: 0	:invoke	:read	nil
2025-05-30 19:38:15,213{GMT}	INFO	[jepsen worker 3] jepsen.util: 3	:invoke	:read	nil
2025-05-30 19:38:15,212{GMT}	INFO	[jepsen worker 2] jepsen.util: 2	:invoke	:read	nil
2025-05-30 19:38:15,213{GMT}	INFO	[jepsen worker 1] jepsen.util: 1	:invoke	:read	nil
2025-05-30 19:38:15,215{GMT}	INFO	[jepsen worker 3] jepsen.util: 3	:ok	:read	["0" "1" "10" "11" "12" "13" "14" "15" "16" "17" "18" "2" "3" "4" "5" "6" "7" "8" "9"]
2025-05-30 19:38:15,215{GMT}	INFO	[jepsen worker 4] jepsen.util: 4	:ok	:read	["0" "1" "10" "11" "12" "13" "14" "15" "16" "17" "18" "2" "3" "4" "5" "6" "7" "8" "9"]
2025-05-30 19:38:15,215{GMT}	INFO	[jepsen worker 2] jepsen.util: 2	:ok	:read	["0" "1" "10" "11" "12" "13" "14" "15" "16" "17" "18" "2" "3" "4" "5" "6" "7" "8" "9"]
2025-05-30 19:38:15,215{GMT}	INFO	[jepsen worker 0] jepsen.util: 0	:ok	:read	["0" "1" "10" "11" "12" "13" "14" "15" "16" "17" "18" "2" "3" "4" "5" "6" "7" "8" "9"]
2025-05-30 19:38:15,216{GMT}	INFO	[jepsen worker 1] jepsen.util: 1	:ok	:read	["0" "1" "10" "11" "12" "13" "14" "15" "16" "17" "18" "2" "3" "4" "5" "6" "7" "8" "9"]
2025-05-30 19:38:15,239{GMT}	INFO	[jepsen test runner] jepsen.core: Run complete, writing
2025-05-30 19:38:15,275{GMT}	INFO	[jepsen node n1] maelstrom.db: Tearing down n1
2025-05-30 19:38:15,275{GMT}	INFO	[jepsen node n5] maelstrom.db: Tearing down n5
2025-05-30 19:38:15,275{GMT}	INFO	[jepsen node n2] maelstrom.db: Tearing down n2
2025-05-30 19:38:15,275{GMT}	INFO	[jepsen node n3] maelstrom.db: Tearing down n3
2025-05-30 19:38:15,275{GMT}	INFO	[jepsen node n4] maelstrom.db: Tearing down n4
2025-05-30 19:38:17,105{GMT}	INFO	[jepsen node n1] maelstrom.net: Shutting down Maelstrom network
2025-05-30 19:38:17,106{GMT}	INFO	[jepsen test runner] jepsen.core: Analyzing...
2025-05-30 19:38:17,245{GMT}	INFO	[jepsen test runner] jepsen.core: Analysis complete
2025-05-30 19:38:17,254{GMT}	INFO	[jepsen results] jepsen.store: Wrote /Users/adr/code/maelstrom/store/broadcast/20250530T193750.062-0400/results.edn
2025-05-30 19:38:17,269{GMT}	INFO	[jepsen test runner] jepsen.core: {:perf {:latency-graph {:valid? true},
        :rate-graph {:valid? true},
        :valid? true},
 :timeline {:valid? true},
 :exceptions {:valid? true},
 :stats {:valid? true,
         :count 48,
         :ok-count 48,
         :fail-count 0,
         :info-count 0,
         :by-f {:broadcast {:valid? true,
                            :count 19,
                            :ok-count 19,
                            :fail-count 0,
                            :info-count 0},
                :read {:valid? true,
                       :count 29,
                       :ok-count 29,
                       :fail-count 0,
                       :info-count 0}}},
 :availability {:valid? true, :ok-fraction 1.0},
 :net {:all {:send-count 306,
             :recv-count 306,
             :msg-count 306,
             :msgs-per-op 6.375},
       :clients {:send-count 116, :recv-count 116, :msg-count 116},
       :servers {:send-count 190,
                 :recv-count 190,
                 :msg-count 190,
                 :msgs-per-op 3.9583333},
       :valid? true},
 :workload {:worst-stale (),
            :duplicated-count 0,
            :valid? false,
            :lost-count 19,
            :lost (0 1 2 3 4 5 6 7 8 9 10 11 12 13 14 15 16 17 18),
            :stable-count 0,
            :stale-count 0,
            :stale (),
            :never-read-count 0,
            :attempt-count 19,
            :lost-latencies {0 0, 0.5 0, 0.95 0, 0.99 0, 1 0},
            :never-read (),
            :duplicated {}},
 :valid? false}


Analysis invalid! (ﾉಥ益ಥ）ﾉ ┻━┻
