[RECEIVED] {"id":0,"src":"c0","dest":"n5","body":{"type":"init","node_id":"n5","node_ids":["n1","n2","n3","n4","n5"],"msg_id":1}}
[MATCH] InitBody
Initialized node n5
Init send {"src":"n5","dest":"c0","body":{"type":"init_ok","in_reply_to":1,"msg_id":0}}
[RECEIVED] {"id":10,"src":"c10","dest":"n5","body":{"echo":"Please echo 96","type":"echo","msg_id":1}}
[MATCH] EchoBody
Echoing {"src":"n5","dest":"c10","body":{"type":"echo_ok","echo":"Please echo 96","msg_id":1,"in_reply_to":1}}
[RECEIVED] {"id":16,"src":"c10","dest":"n5","body":{"echo":"Please echo 54","type":"echo","msg_id":2}}
[MATCH] EchoBody
Echoing {"src":"n5","dest":"c10","body":{"type":"echo_ok","echo":"Please echo 54","msg_id":2,"in_reply_to":2}}
[RECEIVED] {"id":18,"src":"c10","dest":"n5","body":{"echo":"Please echo 6","type":"echo","msg_id":3}}
[MATCH] EchoBody
Echoing {"src":"n5","dest":"c10","body":{"type":"echo_ok","echo":"Please echo 6","msg_id":3,"in_reply_to":3}}
[RECEIVED] {"id":22,"src":"c10","dest":"n5","body":{"echo":"Please echo 119","type":"echo","msg_id":4}}
[MATCH] EchoBody
Echoing {"src":"n5","dest":"c10","body":{"type":"echo_ok","echo":"Please echo 119","msg_id":4,"in_reply_to":4}}
[RECEIVED] {"id":28,"src":"c10","dest":"n5","body":{"echo":"Please echo 11","type":"echo","msg_id":5}}
[MATCH] EchoBody
Echoing {"src":"n5","dest":"c10","body":{"type":"echo_ok","echo":"Please echo 11","msg_id":5,"in_reply_to":5}}
[RECEIVED] {"id":30,"src":"c10","dest":"n5","body":{"echo":"Please echo 7","type":"echo","msg_id":6}}
[MATCH] EchoBody
Echoing {"src":"n5","dest":"c10","body":{"type":"echo_ok","echo":"Please echo 7","msg_id":6,"in_reply_to":6}}
[RECEIVED] {"id":38,"src":"c10","dest":"n5","body":{"echo":"Please echo 2","type":"echo","msg_id":7}}
[MATCH] EchoBody
Echoing {"src":"n5","dest":"c10","body":{"type":"echo_ok","echo":"Please echo 2","msg_id":7,"in_reply_to":7}}
[RECEIVED] {"id":40,"src":"c10","dest":"n5","body":{"echo":"Please echo 13","type":"echo","msg_id":8}}
[MATCH] EchoBody
Echoing {"src":"n5","dest":"c10","body":{"type":"echo_ok","echo":"Please echo 13","msg_id":8,"in_reply_to":8}}
[RECEIVED] {"id":44,"src":"c10","dest":"n5","body":{"echo":"Please echo 64","type":"echo","msg_id":9}}
[MATCH] EchoBody
Echoing {"src":"n5","dest":"c10","body":{"type":"echo_ok","echo":"Please echo 64","msg_id":9,"in_reply_to":9}}
