2025-06-06 11:47:03,710{GMT}	INFO	[jepsen test runner] jepsen.core: Test version 0c3c2c75dbcb573641ea386c58bda5103ab5c285 (plus uncommitted changes)
2025-06-06 11:47:03,710{GMT}	INFO	[jepsen test runner] jepsen.core: Command line:
lein run test -w broadcast --bin self/server/_build/default/bin/main.exe --time-limit 20 --rate 10
2025-06-06 11:47:03,752{GMT}	INFO	[jepsen test runner] jepsen.core: Running test:
{:args []
 :remote
 #jepsen.control.retry.Remote{:remote #jepsen.control.scp.Remote{:cmd-remote #jepsen.control.sshj.SSHJRemote{:concurrency-limit 6,
                                                                                                             :conn-spec nil,
                                                                                                             :client nil,
                                                                                                             :semaphore nil},
                                                                 :conn-spec nil},
                              :conn nil}
 :log-net-send false
 :node-count nil
 :availability nil
 :max-txn-length 4
 :concurrency 5
 :db
 #object[maelstrom.db$db$reify__16612
         "0x71737478"
         "maelstrom.db$db$reify__16612@71737478"]
 :max-writes-per-key 16
 :leave-db-running? false
 :name "broadcast"
 :logging-json? false
 :start-time
 #object[org.joda.time.DateTime "0x11303cb" "2025-06-06T11:47:03.669-04:00"]
 :nemesis-interval 10
 :net
 #object[maelstrom.net$jepsen_net$reify__15721
         "0x655e3f4c"
         "maelstrom.net$jepsen_net$reify__15721@655e3f4c"]
 :client
 #object[maelstrom.workload.broadcast$client$reify__17142
         "0x26e74d50"
         "maelstrom.workload.broadcast$client$reify__17142@26e74d50"]
 :barrier
 #object[java.util.concurrent.CyclicBarrier
         "0x6bdc984"
         "java.util.concurrent.CyclicBarrier@6bdc984"]
 :log-stderr false
 :pure-generators true
 :ssh {:dummy? true}
 :rate 10.0
 :checker
 #object[jepsen.checker$compose$reify__11089
         "0x1f299fc3"
         "jepsen.checker$compose$reify__11089@1f299fc3"]
 :argv
 ("test"
  "-w"
  "broadcast"
  "--bin"
  "self/server/_build/default/bin/main.exe"
  "--time-limit"
  "20"
  "--rate"
  "10")
 :nemesis
 (jepsen.nemesis.ReflCompose
  {:fm {:start-partition 0,
        :stop-partition 0,
        :kill 1,
        :start 1,
        :pause 1,
        :resume 1},
   :nemeses [#unprintable "jepsen.nemesis.combined$partition_nemesis$reify__16905@b997735"
             #unprintable "jepsen.nemesis.combined$db_nemesis$reify__16886@178826db"]})
 :nodes ["n1" "n2" "n3" "n4" "n5"]
 :test-count 1
 :latency {:mean 0, :dist :constant}
 :bin "self/server/_build/default/bin/main.exe"
 :generator
 #object[jepsen.util.Forgettable
         "0x5f04449a"
         ((jepsen.generator.Synchronize
           {:gen (jepsen.generator.TimeLimit
                  {:limit 20000000000,
                   :cutoff nil,
                   :gen (jepsen.generator.Any
                         {:gens [(jepsen.generator.OnThreads
                                  {:f #{:nemesis},
                                   :context-filter #object[jepsen.generator.context$make_thread_filter$lazy_filter__12077
                                                           "0x6f8af186"
                                                           "jepsen.generator.context$make_thread_filter$lazy_filter__12077@6f8af186"],
                                   :gen nil})
                                 (jepsen.generator.OnThreads
                                  {:f #jepsen.generator.context.AllBut{:element :nemesis},
                                   :context-filter #object[jepsen.generator.context$make_thread_filter$lazy_filter__12077
                                                           "0x5aaecd25"
                                                           "jepsen.generator.context$make_thread_filter$lazy_filter__12077@5aaecd25"],
                                   :gen (jepsen.generator.Stagger
                                         {:dt 200000000,
                                          :next-time nil,
                                          :gen (jepsen.generator.Mix
                                                {:i 0,
                                                 :gens [({:f :broadcast,
                                                          :value 0}
                                                         {:f :broadcast,
                                                          :value 1}
                                                         {:f :broadcast,
                                                          :value 2}
                                                         {:f :broadcast,
                                                          :value 3}
                                                         {:f :broadcast,
                                                          :value 4}
                                                         {:f :broadcast,
                                                          :value 5}
                                                         {:f :broadcast,
                                                          :value 6}
                                                         {:f :broadcast,
                                                          :value 7}
                                                         ...)
                                                        ({:f :read}
                                                         {:f :read}
                                                         {:f :read}
                                                         {:f :read}
                                                         {:f :read}
                                                         {:f :read}
                                                         {:f :read}
                                                         {:f :read}
                                                         ...)]})})})]})})})
          (jepsen.generator.Synchronize
           {:gen (jepsen.generator.OnThreads
                  {:f #{:nemesis},
                   :context-filter #object[jepsen.generator.context$make_thread_filter$lazy_filter__12077
                                           "0x1acd660d"
                                           "jepsen.generator.context$make_thread_filter$lazy_filter__12077@1acd660d"],
                   :gen ()})})
          (jepsen.generator.Synchronize
           {:gen {:type :log, :value "Waiting for recovery..."}})
          (jepsen.generator.Synchronize {:gen {:type :sleep, :value 10}})
          (jepsen.generator.Synchronize
           {:gen (jepsen.generator.OnThreads
                  {:f #jepsen.generator.context.AllBut{:element :nemesis},
                   :context-filter #object[jepsen.generator.context$make_thread_filter$lazy_filter__12077
                                           "0x22f3b213"
                                           "jepsen.generator.context$make_thread_filter$lazy_filter__12077@22f3b213"],
                   :gen (jepsen.generator.EachThread
                         {:fresh-gen {:f :read, :final? true},
                          :context-filters #object[clojure.core$promise$reify__8621
                                                   "0xe18848d"
                                                   {:status :pending, :val nil}],
                          :gens {}})})}))]
 :log-net-recv false
 :os
 #object[maelstrom.net$jepsen_os$reify__15724
         "0x53a65166"
         "maelstrom.net$jepsen_os$reify__15724@53a65166"]
 :time-limit 20
 :workload :broadcast
 :consistency-models [:strict-serializable]
 :topology :grid}

2025-06-06 11:47:04,863{GMT}	INFO	[jepsen node n1] maelstrom.net: Starting Maelstrom network
2025-06-06 11:47:04,864{GMT}	INFO	[jepsen test runner] jepsen.db: Tearing down DB
2025-06-06 11:47:04,865{GMT}	INFO	[jepsen test runner] jepsen.db: Setting up DB
2025-06-06 11:47:04,865{GMT}	INFO	[jepsen node n3] maelstrom.db: Setting up n3
2025-06-06 11:47:04,865{GMT}	INFO	[jepsen node n2] maelstrom.db: Setting up n2
2025-06-06 11:47:04,865{GMT}	INFO	[jepsen node n4] maelstrom.db: Setting up n4
2025-06-06 11:47:04,865{GMT}	INFO	[jepsen node n5] maelstrom.db: Setting up n5
2025-06-06 11:47:04,865{GMT}	INFO	[jepsen node n4] maelstrom.process: launching self/server/_build/default/bin/main.exe []
2025-06-06 11:47:04,865{GMT}	INFO	[jepsen node n3] maelstrom.process: launching self/server/_build/default/bin/main.exe []
2025-06-06 11:47:04,866{GMT}	INFO	[jepsen node n5] maelstrom.process: launching self/server/_build/default/bin/main.exe []
2025-06-06 11:47:04,866{GMT}	INFO	[jepsen node n2] maelstrom.process: launching self/server/_build/default/bin/main.exe []
2025-06-06 11:47:04,866{GMT}	INFO	[jepsen node n1] maelstrom.service: Starting services: (lin-kv lin-tso lww-kv seq-kv)
2025-06-06 11:47:04,867{GMT}	INFO	[jepsen node n1] maelstrom.db: Setting up n1
2025-06-06 11:47:04,867{GMT}	INFO	[jepsen node n1] maelstrom.process: launching self/server/_build/default/bin/main.exe []
2025-06-06 11:47:07,260{GMT}	INFO	[Jepsen shutdown hook] jepsen.core: Downloading DB logs before JVM shutdown...
