[INBOUND INIT]
[MATCH init]
[INIT_OK] {"src":"n1","dest":"c3","body":{"type":"init_ok","in_reply_to":1,"msg_id":0}}
[INBOUND ECHO]
[MATCH echo]
[ECHO_OK] {"src":"n1","dest":"c12","body":{"type":"echo_ok","echo":"Please echo 126","msg_id":0,"in_reply_to":1}}
[INBOUND ECHO]
[MATCH echo]
[ECHO_OK] {"src":"n1","dest":"c12","body":{"type":"echo_ok","echo":"Please echo 85","msg_id":0,"in_reply_to":2}}
[INBOUND ECHO]
[MATCH echo]
[ECHO_OK] {"src":"n1","dest":"c12","body":{"type":"echo_ok","echo":"Please echo 53","msg_id":0,"in_reply_to":3}}
[INBOUND ECHO]
[MATCH echo]
[ECHO_OK] {"src":"n1","dest":"c12","body":{"type":"echo_ok","echo":"Please echo 11","msg_id":0,"in_reply_to":4}}
[INBOUND ECHO]
[MATCH echo]
[ECHO_OK] {"src":"n1","dest":"c12","body":{"type":"echo_ok","echo":"Please echo 107","msg_id":0,"in_reply_to":5}}
[INBOUND ECHO]
[MATCH echo]
[ECHO_OK] {"src":"n1","dest":"c12","body":{"type":"echo_ok","echo":"Please echo 18","msg_id":0,"in_reply_to":6}}
[INBOUND ECHO]
[MATCH echo]
[ECHO_OK] {"src":"n1","dest":"c12","body":{"type":"echo_ok","echo":"Please echo 54","msg_id":0,"in_reply_to":7}}
[INBOUND ECHO]
[MATCH echo]
[ECHO_OK] {"src":"n1","dest":"c12","body":{"type":"echo_ok","echo":"Please echo 73","msg_id":0,"in_reply_to":8}}
[INBOUND ECHO]
[MATCH echo]
[ECHO_OK] {"src":"n1","dest":"c12","body":{"type":"echo_ok","echo":"Please echo 53","msg_id":0,"in_reply_to":9}}
[INBOUND ECHO]
[MATCH echo]
[ECHO_OK] {"src":"n1","dest":"c12","body":{"type":"echo_ok","echo":"Please echo 6","msg_id":0,"in_reply_to":10}}
[INBOUND ECHO]
[MATCH echo]
[ECHO_OK] {"src":"n1","dest":"c12","body":{"type":"echo_ok","echo":"Please echo 1","msg_id":0,"in_reply_to":11}}
[INBOUND ECHO]
[MATCH echo]
[ECHO_OK] {"src":"n1","dest":"c12","body":{"type":"echo_ok","echo":"Please echo 109","msg_id":0,"in_reply_to":12}}
[INBOUND ECHO]
[MATCH echo]
[ECHO_OK] {"src":"n1","dest":"c12","body":{"type":"echo_ok","echo":"Please echo 48","msg_id":0,"in_reply_to":13}}
[INBOUND ECHO]
[MATCH echo]
[ECHO_OK] {"src":"n1","dest":"c12","body":{"type":"echo_ok","echo":"Please echo 102","msg_id":0,"in_reply_to":14}}
[INBOUND ECHO]
[MATCH echo]
[ECHO_OK] {"src":"n1","dest":"c12","body":{"type":"echo_ok","echo":"Please echo 45","msg_id":0,"in_reply_to":15}}
[INBOUND ECHO]
[MATCH echo]
[ECHO_OK] {"src":"n1","dest":"c12","body":{"type":"echo_ok","echo":"Please echo 34","msg_id":0,"in_reply_to":16}}
[INBOUND ECHO]
[MATCH echo]
[ECHO_OK] {"src":"n1","dest":"c12","body":{"type":"echo_ok","echo":"Please echo 59","msg_id":0,"in_reply_to":17}}
[INBOUND ECHO]
[MATCH echo]
[ECHO_OK] {"src":"n1","dest":"c12","body":{"type":"echo_ok","echo":"Please echo 80","msg_id":0,"in_reply_to":18}}
[INBOUND ECHO]
[MATCH echo]
[ECHO_OK] {"src":"n1","dest":"c12","body":{"type":"echo_ok","echo":"Please echo 1","msg_id":0,"in_reply_to":19}}
[INBOUND ECHO]
[MATCH echo]
[ECHO_OK] {"src":"n1","dest":"c12","body":{"type":"echo_ok","echo":"Please echo 88","msg_id":0,"in_reply_to":20}}
[INBOUND ECHO]
[MATCH echo]
[ECHO_OK] {"src":"n1","dest":"c12","body":{"type":"echo_ok","echo":"Please echo 76","msg_id":0,"in_reply_to":21}}
[INBOUND ECHO]
[MATCH echo]
[ECHO_OK] {"src":"n1","dest":"c12","body":{"type":"echo_ok","echo":"Please echo 15","msg_id":0,"in_reply_to":22}}
[INBOUND ECHO]
[MATCH echo]
[ECHO_OK] {"src":"n1","dest":"c12","body":{"type":"echo_ok","echo":"Please echo 80","msg_id":0,"in_reply_to":23}}
[INBOUND ECHO]
[MATCH echo]
[ECHO_OK] {"src":"n1","dest":"c12","body":{"type":"echo_ok","echo":"Please echo 47","msg_id":0,"in_reply_to":24}}
[INBOUND ECHO]
[MATCH echo]
[ECHO_OK] {"src":"n1","dest":"c12","body":{"type":"echo_ok","echo":"Please echo 83","msg_id":0,"in_reply_to":25}}
[INBOUND ECHO]
[MATCH echo]
[ECHO_OK] {"src":"n1","dest":"c12","body":{"type":"echo_ok","echo":"Please echo 39","msg_id":0,"in_reply_to":26}}
[INBOUND ECHO]
[MATCH echo]
[ECHO_OK] {"src":"n1","dest":"c12","body":{"type":"echo_ok","echo":"Please echo 93","msg_id":0,"in_reply_to":27}}
[INBOUND ECHO]
[MATCH echo]
[ECHO_OK] {"src":"n1","dest":"c12","body":{"type":"echo_ok","echo":"Please echo 0","msg_id":0,"in_reply_to":28}}
