[INBOUND INIT]
[MATCH init]
[INIT_OK] {"src":"n3","dest":"c2","body":{"type":"init_ok","in_reply_to":1,"msg_id":0}}
[INBOUND ECHO]
[MATCH echo]
[ECHO_OK] {"src":"n3","dest":"c11","body":{"type":"echo_ok","echo":"Please echo 20","msg_id":0,"in_reply_to":1}}
[INBOUND ECHO]
[MATCH echo]
[ECHO_OK] {"src":"n3","dest":"c11","body":{"type":"echo_ok","echo":"Please echo 86","msg_id":0,"in_reply_to":2}}
[INBOUND ECHO]
[MATCH echo]
[ECHO_OK] {"src":"n3","dest":"c11","body":{"type":"echo_ok","echo":"Please echo 38","msg_id":0,"in_reply_to":3}}
[INBOUND ECHO]
[MATCH echo]
[ECHO_OK] {"src":"n3","dest":"c11","body":{"type":"echo_ok","echo":"Please echo 51","msg_id":0,"in_reply_to":4}}
[INBOUND ECHO]
[MATCH echo]
[ECHO_OK] {"src":"n3","dest":"c11","body":{"type":"echo_ok","echo":"Please echo 90","msg_id":0,"in_reply_to":5}}
[INBOUND ECHO]
[MATCH echo]
[ECHO_OK] {"src":"n3","dest":"c11","body":{"type":"echo_ok","echo":"Please echo 2","msg_id":0,"in_reply_to":6}}
[INBOUND ECHO]
[MATCH echo]
[ECHO_OK] {"src":"n3","dest":"c11","body":{"type":"echo_ok","echo":"Please echo 89","msg_id":0,"in_reply_to":7}}
[INBOUND ECHO]
[MATCH echo]
[ECHO_OK] {"src":"n3","dest":"c11","body":{"type":"echo_ok","echo":"Please echo 123","msg_id":0,"in_reply_to":8}}
[INBOUND ECHO]
[MATCH echo]
[ECHO_OK] {"src":"n3","dest":"c11","body":{"type":"echo_ok","echo":"Please echo 52","msg_id":0,"in_reply_to":9}}
[INBOUND ECHO]
[MATCH echo]
[ECHO_OK] {"src":"n3","dest":"c11","body":{"type":"echo_ok","echo":"Please echo 99","msg_id":0,"in_reply_to":10}}
[INBOUND ECHO]
[MATCH echo]
[ECHO_OK] {"src":"n3","dest":"c11","body":{"type":"echo_ok","echo":"Please echo 44","msg_id":0,"in_reply_to":11}}
[INBOUND ECHO]
[MATCH echo]
[ECHO_OK] {"src":"n3","dest":"c11","body":{"type":"echo_ok","echo":"Please echo 70","msg_id":0,"in_reply_to":12}}
[INBOUND ECHO]
[MATCH echo]
[ECHO_OK] {"src":"n3","dest":"c11","body":{"type":"echo_ok","echo":"Please echo 120","msg_id":0,"in_reply_to":13}}
[INBOUND ECHO]
[MATCH echo]
[ECHO_OK] {"src":"n3","dest":"c11","body":{"type":"echo_ok","echo":"Please echo 52","msg_id":0,"in_reply_to":14}}
[INBOUND ECHO]
[MATCH echo]
[ECHO_OK] {"src":"n3","dest":"c11","body":{"type":"echo_ok","echo":"Please echo 1","msg_id":0,"in_reply_to":15}}
[INBOUND ECHO]
[MATCH echo]
[ECHO_OK] {"src":"n3","dest":"c11","body":{"type":"echo_ok","echo":"Please echo 92","msg_id":0,"in_reply_to":16}}
[INBOUND ECHO]
[MATCH echo]
[ECHO_OK] {"src":"n3","dest":"c11","body":{"type":"echo_ok","echo":"Please echo 125","msg_id":0,"in_reply_to":17}}
[INBOUND ECHO]
[MATCH echo]
[ECHO_OK] {"src":"n3","dest":"c11","body":{"type":"echo_ok","echo":"Please echo 26","msg_id":0,"in_reply_to":18}}
[INBOUND ECHO]
[MATCH echo]
[ECHO_OK] {"src":"n3","dest":"c11","body":{"type":"echo_ok","echo":"Please echo 126","msg_id":0,"in_reply_to":19}}
[INBOUND ECHO]
[MATCH echo]
[ECHO_OK] {"src":"n3","dest":"c11","body":{"type":"echo_ok","echo":"Please echo 127","msg_id":0,"in_reply_to":20}}
[INBOUND ECHO]
[MATCH echo]
[ECHO_OK] {"src":"n3","dest":"c11","body":{"type":"echo_ok","echo":"Please echo 80","msg_id":0,"in_reply_to":21}}
[INBOUND ECHO]
[MATCH echo]
[ECHO_OK] {"src":"n3","dest":"c11","body":{"type":"echo_ok","echo":"Please echo 29","msg_id":0,"in_reply_to":22}}
[INBOUND ECHO]
[MATCH echo]
[ECHO_OK] {"src":"n3","dest":"c11","body":{"type":"echo_ok","echo":"Please echo 5","msg_id":0,"in_reply_to":23}}
[INBOUND ECHO]
[MATCH echo]
[ECHO_OK] {"src":"n3","dest":"c11","body":{"type":"echo_ok","echo":"Please echo 58","msg_id":0,"in_reply_to":24}}
[INBOUND ECHO]
[MATCH echo]
[ECHO_OK] {"src":"n3","dest":"c11","body":{"type":"echo_ok","echo":"Please echo 17","msg_id":0,"in_reply_to":25}}
[INBOUND ECHO]
[MATCH echo]
[ECHO_OK] {"src":"n3","dest":"c11","body":{"type":"echo_ok","echo":"Please echo 79","msg_id":0,"in_reply_to":26}}
[INBOUND ECHO]
[MATCH echo]
[ECHO_OK] {"src":"n3","dest":"c11","body":{"type":"echo_ok","echo":"Please echo 8","msg_id":0,"in_reply_to":27}}
[INBOUND ECHO]
[MATCH echo]
[ECHO_OK] {"src":"n3","dest":"c11","body":{"type":"echo_ok","echo":"Please echo 127","msg_id":0,"in_reply_to":28}}
[INBOUND ECHO]
[MATCH echo]
[ECHO_OK] {"src":"n3","dest":"c11","body":{"type":"echo_ok","echo":"Please echo 111","msg_id":0,"in_reply_to":29}}
[INBOUND ECHO]
[MATCH echo]
[ECHO_OK] {"src":"n3","dest":"c11","body":{"type":"echo_ok","echo":"Please echo 40","msg_id":0,"in_reply_to":30}}
[INBOUND ECHO]
[MATCH echo]
[ECHO_OK] {"src":"n3","dest":"c11","body":{"type":"echo_ok","echo":"Please echo 108","msg_id":0,"in_reply_to":31}}
[INBOUND ECHO]
[MATCH echo]
[ECHO_OK] {"src":"n3","dest":"c11","body":{"type":"echo_ok","echo":"Please echo 104","msg_id":0,"in_reply_to":32}}
[INBOUND ECHO]
[MATCH echo]
[ECHO_OK] {"src":"n3","dest":"c11","body":{"type":"echo_ok","echo":"Please echo 115","msg_id":0,"in_reply_to":33}}
[INBOUND ECHO]
[MATCH echo]
[ECHO_OK] {"src":"n3","dest":"c11","body":{"type":"echo_ok","echo":"Please echo 9","msg_id":0,"in_reply_to":34}}
[INBOUND ECHO]
[MATCH echo]
[ECHO_OK] {"src":"n3","dest":"c11","body":{"type":"echo_ok","echo":"Please echo 8","msg_id":0,"in_reply_to":35}}
[INBOUND ECHO]
[MATCH echo]
[ECHO_OK] {"src":"n3","dest":"c11","body":{"type":"echo_ok","echo":"Please echo 3","msg_id":0,"in_reply_to":36}}
[INBOUND ECHO]
[MATCH echo]
[ECHO_OK] {"src":"n3","dest":"c11","body":{"type":"echo_ok","echo":"Please echo 82","msg_id":0,"in_reply_to":37}}
[INBOUND ECHO]
[MATCH echo]
[ECHO_OK] {"src":"n3","dest":"c11","body":{"type":"echo_ok","echo":"Please echo 60","msg_id":0,"in_reply_to":38}}
[INBOUND ECHO]
[MATCH echo]
[ECHO_OK] {"src":"n3","dest":"c11","body":{"type":"echo_ok","echo":"Please echo 70","msg_id":0,"in_reply_to":39}}
[INBOUND ECHO]
[MATCH echo]
[ECHO_OK] {"src":"n3","dest":"c11","body":{"type":"echo_ok","echo":"Please echo 102","msg_id":0,"in_reply_to":40}}
[INBOUND ECHO]
[MATCH echo]
[ECHO_OK] {"src":"n3","dest":"c11","body":{"type":"echo_ok","echo":"Please echo 57","msg_id":0,"in_reply_to":41}}
[INBOUND ECHO]
[MATCH echo]
[ECHO_OK] {"src":"n3","dest":"c11","body":{"type":"echo_ok","echo":"Please echo 17","msg_id":0,"in_reply_to":42}}
[INBOUND ECHO]
[MATCH echo]
[ECHO_OK] {"src":"n3","dest":"c11","body":{"type":"echo_ok","echo":"Please echo 64","msg_id":0,"in_reply_to":43}}
[INBOUND ECHO]
[MATCH echo]
[ECHO_OK] {"src":"n3","dest":"c11","body":{"type":"echo_ok","echo":"Please echo 117","msg_id":0,"in_reply_to":44}}
[INBOUND ECHO]
[MATCH echo]
[ECHO_OK] {"src":"n3","dest":"c11","body":{"type":"echo_ok","echo":"Please echo 127","msg_id":0,"in_reply_to":45}}
[INBOUND ECHO]
[MATCH echo]
[ECHO_OK] {"src":"n3","dest":"c11","body":{"type":"echo_ok","echo":"Please echo 116","msg_id":0,"in_reply_to":46}}
[INBOUND ECHO]
[MATCH echo]
[ECHO_OK] {"src":"n3","dest":"c11","body":{"type":"echo_ok","echo":"Please echo 5","msg_id":0,"in_reply_to":47}}
[INBOUND ECHO]
[MATCH echo]
[ECHO_OK] {"src":"n3","dest":"c11","body":{"type":"echo_ok","echo":"Please echo 3","msg_id":0,"in_reply_to":48}}
