[INBOUND INIT]
[MATCH init]
[INIT_OK] {"src":"n4","dest":"c1","body":{"type":"init_ok","in_reply_to":1,"msg_id":0}}
[INBOUND ECHO]
[MATCH echo]
[ECHO_OK] {"src":"n4","dest":"c14","body":{"type":"echo_ok","echo":"Please echo 94","msg_id":0,"in_reply_to":1}}
[INBOUND ECHO]
[MATCH echo]
[ECHO_OK] {"src":"n4","dest":"c14","body":{"type":"echo_ok","echo":"Please echo 122","msg_id":0,"in_reply_to":2}}
[INBOUND ECHO]
[MATCH echo]
[ECHO_OK] {"src":"n4","dest":"c14","body":{"type":"echo_ok","echo":"Please echo 50","msg_id":0,"in_reply_to":3}}
[INBOUND ECHO]
[MATCH echo]
[ECHO_OK] {"src":"n4","dest":"c14","body":{"type":"echo_ok","echo":"Please echo 113","msg_id":0,"in_reply_to":4}}
[INBOUND ECHO]
[MATCH echo]
[ECHO_OK] {"src":"n4","dest":"c14","body":{"type":"echo_ok","echo":"Please echo 110","msg_id":0,"in_reply_to":5}}
[INBOUND ECHO]
[MATCH echo]
[ECHO_OK] {"src":"n4","dest":"c14","body":{"type":"echo_ok","echo":"Please echo 51","msg_id":0,"in_reply_to":6}}
[INBOUND ECHO]
[MATCH echo]
[ECHO_OK] {"src":"n4","dest":"c14","body":{"type":"echo_ok","echo":"Please echo 88","msg_id":0,"in_reply_to":7}}
[INBOUND ECHO]
[MATCH echo]
[ECHO_OK] {"src":"n4","dest":"c14","body":{"type":"echo_ok","echo":"Please echo 113","msg_id":0,"in_reply_to":8}}
[INBOUND ECHO]
[MATCH echo]
[ECHO_OK] {"src":"n4","dest":"c14","body":{"type":"echo_ok","echo":"Please echo 90","msg_id":0,"in_reply_to":9}}
[INBOUND ECHO]
[MATCH echo]
[ECHO_OK] {"src":"n4","dest":"c14","body":{"type":"echo_ok","echo":"Please echo 3","msg_id":0,"in_reply_to":10}}
[INBOUND ECHO]
[MATCH echo]
[ECHO_OK] {"src":"n4","dest":"c14","body":{"type":"echo_ok","echo":"Please echo 18","msg_id":0,"in_reply_to":11}}
[INBOUND ECHO]
[MATCH echo]
[ECHO_OK] {"src":"n4","dest":"c14","body":{"type":"echo_ok","echo":"Please echo 38","msg_id":0,"in_reply_to":12}}
[INBOUND ECHO]
[MATCH echo]
[ECHO_OK] {"src":"n4","dest":"c14","body":{"type":"echo_ok","echo":"Please echo 94","msg_id":0,"in_reply_to":13}}
[INBOUND ECHO]
[MATCH echo]
[ECHO_OK] {"src":"n4","dest":"c14","body":{"type":"echo_ok","echo":"Please echo 82","msg_id":0,"in_reply_to":14}}
[INBOUND ECHO]
[MATCH echo]
[ECHO_OK] {"src":"n4","dest":"c14","body":{"type":"echo_ok","echo":"Please echo 18","msg_id":0,"in_reply_to":15}}
[INBOUND ECHO]
[MATCH echo]
[ECHO_OK] {"src":"n4","dest":"c14","body":{"type":"echo_ok","echo":"Please echo 61","msg_id":0,"in_reply_to":16}}
[INBOUND ECHO]
[MATCH echo]
[ECHO_OK] {"src":"n4","dest":"c14","body":{"type":"echo_ok","echo":"Please echo 21","msg_id":0,"in_reply_to":17}}
[INBOUND ECHO]
[MATCH echo]
[ECHO_OK] {"src":"n4","dest":"c14","body":{"type":"echo_ok","echo":"Please echo 85","msg_id":0,"in_reply_to":18}}
[INBOUND ECHO]
[MATCH echo]
[ECHO_OK] {"src":"n4","dest":"c14","body":{"type":"echo_ok","echo":"Please echo 120","msg_id":0,"in_reply_to":19}}
[INBOUND ECHO]
[MATCH echo]
[ECHO_OK] {"src":"n4","dest":"c14","body":{"type":"echo_ok","echo":"Please echo 83","msg_id":0,"in_reply_to":20}}
[INBOUND ECHO]
[MATCH echo]
[ECHO_OK] {"src":"n4","dest":"c14","body":{"type":"echo_ok","echo":"Please echo 75","msg_id":0,"in_reply_to":21}}
[INBOUND ECHO]
[MATCH echo]
[ECHO_OK] {"src":"n4","dest":"c14","body":{"type":"echo_ok","echo":"Please echo 88","msg_id":0,"in_reply_to":22}}
[INBOUND ECHO]
[MATCH echo]
[ECHO_OK] {"src":"n4","dest":"c14","body":{"type":"echo_ok","echo":"Please echo 42","msg_id":0,"in_reply_to":23}}
[INBOUND ECHO]
[MATCH echo]
[ECHO_OK] {"src":"n4","dest":"c14","body":{"type":"echo_ok","echo":"Please echo 113","msg_id":0,"in_reply_to":24}}
[INBOUND ECHO]
[MATCH echo]
[ECHO_OK] {"src":"n4","dest":"c14","body":{"type":"echo_ok","echo":"Please echo 45","msg_id":0,"in_reply_to":25}}
[INBOUND ECHO]
[MATCH echo]
[ECHO_OK] {"src":"n4","dest":"c14","body":{"type":"echo_ok","echo":"Please echo 56","msg_id":0,"in_reply_to":26}}
[INBOUND ECHO]
[MATCH echo]
[ECHO_OK] {"src":"n4","dest":"c14","body":{"type":"echo_ok","echo":"Please echo 19","msg_id":0,"in_reply_to":27}}
[INBOUND ECHO]
[MATCH echo]
[ECHO_OK] {"src":"n4","dest":"c14","body":{"type":"echo_ok","echo":"Please echo 105","msg_id":0,"in_reply_to":28}}
[INBOUND ECHO]
[MATCH echo]
[ECHO_OK] {"src":"n4","dest":"c14","body":{"type":"echo_ok","echo":"Please echo 57","msg_id":0,"in_reply_to":29}}
[INBOUND ECHO]
[MATCH echo]
[ECHO_OK] {"src":"n4","dest":"c14","body":{"type":"echo_ok","echo":"Please echo 116","msg_id":0,"in_reply_to":30}}
[INBOUND ECHO]
[MATCH echo]
[ECHO_OK] {"src":"n4","dest":"c14","body":{"type":"echo_ok","echo":"Please echo 15","msg_id":0,"in_reply_to":31}}
[INBOUND ECHO]
[MATCH echo]
[ECHO_OK] {"src":"n4","dest":"c14","body":{"type":"echo_ok","echo":"Please echo 83","msg_id":0,"in_reply_to":32}}
[INBOUND ECHO]
[MATCH echo]
[ECHO_OK] {"src":"n4","dest":"c14","body":{"type":"echo_ok","echo":"Please echo 75","msg_id":0,"in_reply_to":33}}
[INBOUND ECHO]
[MATCH echo]
[ECHO_OK] {"src":"n4","dest":"c14","body":{"type":"echo_ok","echo":"Please echo 116","msg_id":0,"in_reply_to":34}}
[INBOUND ECHO]
[MATCH echo]
[ECHO_OK] {"src":"n4","dest":"c14","body":{"type":"echo_ok","echo":"Please echo 24","msg_id":0,"in_reply_to":35}}
[INBOUND ECHO]
[MATCH echo]
[ECHO_OK] {"src":"n4","dest":"c14","body":{"type":"echo_ok","echo":"Please echo 90","msg_id":0,"in_reply_to":36}}
[INBOUND ECHO]
[MATCH echo]
[ECHO_OK] {"src":"n4","dest":"c14","body":{"type":"echo_ok","echo":"Please echo 105","msg_id":0,"in_reply_to":37}}
[INBOUND ECHO]
[MATCH echo]
[ECHO_OK] {"src":"n4","dest":"c14","body":{"type":"echo_ok","echo":"Please echo 86","msg_id":0,"in_reply_to":38}}
[INBOUND ECHO]
[MATCH echo]
[ECHO_OK] {"src":"n4","dest":"c14","body":{"type":"echo_ok","echo":"Please echo 0","msg_id":0,"in_reply_to":39}}
[INBOUND ECHO]
[MATCH echo]
[ECHO_OK] {"src":"n4","dest":"c14","body":{"type":"echo_ok","echo":"Please echo 48","msg_id":0,"in_reply_to":40}}
[INBOUND ECHO]
[MATCH echo]
[ECHO_OK] {"src":"n4","dest":"c14","body":{"type":"echo_ok","echo":"Please echo 68","msg_id":0,"in_reply_to":41}}
[INBOUND ECHO]
[MATCH echo]
[ECHO_OK] {"src":"n4","dest":"c14","body":{"type":"echo_ok","echo":"Please echo 54","msg_id":0,"in_reply_to":42}}
[INBOUND ECHO]
[MATCH echo]
[ECHO_OK] {"src":"n4","dest":"c14","body":{"type":"echo_ok","echo":"Please echo 126","msg_id":0,"in_reply_to":43}}
[INBOUND ECHO]
[MATCH echo]
[ECHO_OK] {"src":"n4","dest":"c14","body":{"type":"echo_ok","echo":"Please echo 13","msg_id":0,"in_reply_to":44}}
[INBOUND ECHO]
[MATCH echo]
[ECHO_OK] {"src":"n4","dest":"c14","body":{"type":"echo_ok","echo":"Please echo 69","msg_id":0,"in_reply_to":45}}
[INBOUND ECHO]
[MATCH echo]
[ECHO_OK] {"src":"n4","dest":"c14","body":{"type":"echo_ok","echo":"Please echo 120","msg_id":0,"in_reply_to":46}}
[INBOUND ECHO]
[MATCH echo]
[ECHO_OK] {"src":"n4","dest":"c14","body":{"type":"echo_ok","echo":"Please echo 78","msg_id":0,"in_reply_to":47}}
[INBOUND ECHO]
[MATCH echo]
[ECHO_OK] {"src":"n4","dest":"c14","body":{"type":"echo_ok","echo":"Please echo 96","msg_id":0,"in_reply_to":48}}
[INBOUND ECHO]
[MATCH echo]
[ECHO_OK] {"src":"n4","dest":"c14","body":{"type":"echo_ok","echo":"Please echo 40","msg_id":0,"in_reply_to":49}}
