[INBOUND INIT]
[MATCH init]
[INIT_OK] {"src":"n5","dest":"c4","body":{"type":"init_ok","in_reply_to":1,"msg_id":0}}
[INBOUND ECHO]
[MATCH echo]
[ECHO_OK] {"src":"n5","dest":"c10","body":{"type":"echo_ok","echo":"Please echo 117","msg_id":0,"in_reply_to":1}}
[INBOUND ECHO]
[MATCH echo]
[ECHO_OK] {"src":"n5","dest":"c10","body":{"type":"echo_ok","echo":"Please echo 74","msg_id":0,"in_reply_to":2}}
[INBOUND ECHO]
[MATCH echo]
[ECHO_OK] {"src":"n5","dest":"c10","body":{"type":"echo_ok","echo":"Please echo 65","msg_id":0,"in_reply_to":3}}
[INBOUND ECHO]
[MATCH echo]
[ECHO_OK] {"src":"n5","dest":"c10","body":{"type":"echo_ok","echo":"Please echo 54","msg_id":0,"in_reply_to":4}}
[INBOUND ECHO]
[MATCH echo]
[ECHO_OK] {"src":"n5","dest":"c10","body":{"type":"echo_ok","echo":"Please echo 25","msg_id":0,"in_reply_to":5}}
[INBOUND ECHO]
[MATCH echo]
[ECHO_OK] {"src":"n5","dest":"c10","body":{"type":"echo_ok","echo":"Please echo 101","msg_id":0,"in_reply_to":6}}
[INBOUND ECHO]
[MATCH echo]
[ECHO_OK] {"src":"n5","dest":"c10","body":{"type":"echo_ok","echo":"Please echo 40","msg_id":0,"in_reply_to":7}}
[INBOUND ECHO]
[MATCH echo]
[ECHO_OK] {"src":"n5","dest":"c10","body":{"type":"echo_ok","echo":"Please echo 44","msg_id":0,"in_reply_to":8}}
[INBOUND ECHO]
[MATCH echo]
[ECHO_OK] {"src":"n5","dest":"c10","body":{"type":"echo_ok","echo":"Please echo 9","msg_id":0,"in_reply_to":9}}
[INBOUND ECHO]
[MATCH echo]
[ECHO_OK] {"src":"n5","dest":"c10","body":{"type":"echo_ok","echo":"Please echo 20","msg_id":0,"in_reply_to":10}}
[INBOUND ECHO]
[MATCH echo]
[ECHO_OK] {"src":"n5","dest":"c10","body":{"type":"echo_ok","echo":"Please echo 63","msg_id":0,"in_reply_to":11}}
[INBOUND ECHO]
[MATCH echo]
[ECHO_OK] {"src":"n5","dest":"c10","body":{"type":"echo_ok","echo":"Please echo 2","msg_id":0,"in_reply_to":12}}
[INBOUND ECHO]
[MATCH echo]
[ECHO_OK] {"src":"n5","dest":"c10","body":{"type":"echo_ok","echo":"Please echo 59","msg_id":0,"in_reply_to":13}}
[INBOUND ECHO]
[MATCH echo]
[ECHO_OK] {"src":"n5","dest":"c10","body":{"type":"echo_ok","echo":"Please echo 36","msg_id":0,"in_reply_to":14}}
[INBOUND ECHO]
[MATCH echo]
[ECHO_OK] {"src":"n5","dest":"c10","body":{"type":"echo_ok","echo":"Please echo 117","msg_id":0,"in_reply_to":15}}
[INBOUND ECHO]
[MATCH echo]
[ECHO_OK] {"src":"n5","dest":"c10","body":{"type":"echo_ok","echo":"Please echo 8","msg_id":0,"in_reply_to":16}}
[INBOUND ECHO]
[MATCH echo]
[ECHO_OK] {"src":"n5","dest":"c10","body":{"type":"echo_ok","echo":"Please echo 65","msg_id":0,"in_reply_to":17}}
[INBOUND ECHO]
[MATCH echo]
[ECHO_OK] {"src":"n5","dest":"c10","body":{"type":"echo_ok","echo":"Please echo 120","msg_id":0,"in_reply_to":18}}
[INBOUND ECHO]
[MATCH echo]
[ECHO_OK] {"src":"n5","dest":"c10","body":{"type":"echo_ok","echo":"Please echo 105","msg_id":0,"in_reply_to":19}}
[INBOUND ECHO]
[MATCH echo]
[ECHO_OK] {"src":"n5","dest":"c10","body":{"type":"echo_ok","echo":"Please echo 101","msg_id":0,"in_reply_to":20}}
[INBOUND ECHO]
[MATCH echo]
[ECHO_OK] {"src":"n5","dest":"c10","body":{"type":"echo_ok","echo":"Please echo 76","msg_id":0,"in_reply_to":21}}
[INBOUND ECHO]
[MATCH echo]
[ECHO_OK] {"src":"n5","dest":"c10","body":{"type":"echo_ok","echo":"Please echo 77","msg_id":0,"in_reply_to":22}}
[INBOUND ECHO]
[MATCH echo]
[ECHO_OK] {"src":"n5","dest":"c10","body":{"type":"echo_ok","echo":"Please echo 30","msg_id":0,"in_reply_to":23}}
[INBOUND ECHO]
[MATCH echo]
[ECHO_OK] {"src":"n5","dest":"c10","body":{"type":"echo_ok","echo":"Please echo 60","msg_id":0,"in_reply_to":24}}
[INBOUND ECHO]
[MATCH echo]
[ECHO_OK] {"src":"n5","dest":"c10","body":{"type":"echo_ok","echo":"Please echo 77","msg_id":0,"in_reply_to":25}}
[INBOUND ECHO]
[MATCH echo]
[ECHO_OK] {"src":"n5","dest":"c10","body":{"type":"echo_ok","echo":"Please echo 64","msg_id":0,"in_reply_to":26}}
[INBOUND ECHO]
[MATCH echo]
[ECHO_OK] {"src":"n5","dest":"c10","body":{"type":"echo_ok","echo":"Please echo 22","msg_id":0,"in_reply_to":27}}
[INBOUND ECHO]
[MATCH echo]
[ECHO_OK] {"src":"n5","dest":"c10","body":{"type":"echo_ok","echo":"Please echo 78","msg_id":0,"in_reply_to":28}}
[INBOUND ECHO]
[MATCH echo]
[ECHO_OK] {"src":"n5","dest":"c10","body":{"type":"echo_ok","echo":"Please echo 78","msg_id":0,"in_reply_to":29}}
[INBOUND ECHO]
[MATCH echo]
[ECHO_OK] {"src":"n5","dest":"c10","body":{"type":"echo_ok","echo":"Please echo 118","msg_id":0,"in_reply_to":30}}
[INBOUND ECHO]
[MATCH echo]
[ECHO_OK] {"src":"n5","dest":"c10","body":{"type":"echo_ok","echo":"Please echo 124","msg_id":0,"in_reply_to":31}}
[INBOUND ECHO]
[MATCH echo]
[ECHO_OK] {"src":"n5","dest":"c10","body":{"type":"echo_ok","echo":"Please echo 8","msg_id":0,"in_reply_to":32}}
[INBOUND ECHO]
[MATCH echo]
[ECHO_OK] {"src":"n5","dest":"c10","body":{"type":"echo_ok","echo":"Please echo 120","msg_id":0,"in_reply_to":33}}
[INBOUND ECHO]
[MATCH echo]
[ECHO_OK] {"src":"n5","dest":"c10","body":{"type":"echo_ok","echo":"Please echo 71","msg_id":0,"in_reply_to":34}}
[INBOUND ECHO]
[MATCH echo]
[ECHO_OK] {"src":"n5","dest":"c10","body":{"type":"echo_ok","echo":"Please echo 59","msg_id":0,"in_reply_to":35}}
[INBOUND ECHO]
[MATCH echo]
[ECHO_OK] {"src":"n5","dest":"c10","body":{"type":"echo_ok","echo":"Please echo 97","msg_id":0,"in_reply_to":36}}
