2025-06-06 03:08:05,407{GMT}	INFO	[jepsen test runner] jepsen.core: Test version 49be5191af382759bc9da6021eec14a3b553e782 (plus uncommitted changes)
2025-06-06 03:08:05,408{GMT}	INFO	[jepsen test runner] jepsen.core: Command line:
lein run test -w echo --bin self/server/_build/default/bin/main.exe --time-limit 20 --rate 10
2025-06-06 03:08:05,441{GMT}	INFO	[jepsen test runner] jepsen.core: Running test:
{:args []
 :remote
 #jepsen.control.retry.Remote{:remote #jepsen.control.scp.Remote{:cmd-remote #jepsen.control.sshj.SSHJRemote{:concurrency-limit 6,
                                                                                                             :conn-spec nil,
                                                                                                             :client nil,
                                                                                                             :semaphore nil},
                                                                 :conn-spec nil},
                              :conn nil}
 :log-net-send false
 :node-count nil
 :availability nil
 :max-txn-length 4
 :concurrency 5
 :db
 #object[maelstrom.db$db$reify__16612
         "0x354d5692"
         "maelstrom.db$db$reify__16612@354d5692"]
 :max-writes-per-key 16
 :leave-db-running? false
 :name "echo"
 :logging-json? false
 :start-time
 #object[org.joda.time.DateTime "0x54fd5f6" "2025-06-06T03:08:05.349-04:00"]
 :nemesis-interval 10
 :net
 #object[maelstrom.net$jepsen_net$reify__15721
         "0x219aab91"
         "maelstrom.net$jepsen_net$reify__15721@219aab91"]
 :client
 #object[maelstrom.workload.echo$client$reify__17402
         "0x71737478"
         "maelstrom.workload.echo$client$reify__17402@71737478"]
 :barrier
 #object[java.util.concurrent.CyclicBarrier
         "0x64001530"
         "java.util.concurrent.CyclicBarrier@64001530"]
 :log-stderr false
 :pure-generators true
 :ssh {:dummy? true}
 :rate 10.0
 :checker
 #object[jepsen.checker$compose$reify__11089
         "0x1f9b8c23"
         "jepsen.checker$compose$reify__11089@1f9b8c23"]
 :argv
 ("test"
  "-w"
  "echo"
  "--bin"
  "self/server/_build/default/bin/main.exe"
  "--time-limit"
  "20"
  "--rate"
  "10")
 :nemesis
 (jepsen.nemesis.ReflCompose
  {:fm {:start-partition 0,
        :stop-partition 0,
        :kill 1,
        :start 1,
        :pause 1,
        :resume 1},
   :nemeses [#unprintable "jepsen.nemesis.combined$partition_nemesis$reify__16905@6b297a62"
             #unprintable "jepsen.nemesis.combined$db_nemesis$reify__16886@11303cb"]})
 :nodes ["n1" "n2" "n3" "n4" "n5"]
 :test-count 1
 :latency {:mean 0, :dist :constant}
 :bin "self/server/_build/default/bin/main.exe"
 :generator
 #object[jepsen.util.Forgettable
         "0x2c9573f1"
         (jepsen.generator.TimeLimit
          {:limit 20000000000,
           :cutoff nil,
           :gen (jepsen.generator.Any
                 {:gens [(jepsen.generator.OnThreads
                          {:f #{:nemesis},
                           :context-filter #object[jepsen.generator.context$make_thread_filter$lazy_filter__12077
                                                   "0x5634c26c"
                                                   "jepsen.generator.context$make_thread_filter$lazy_filter__12077@5634c26c"],
                           :gen nil})
                         (jepsen.generator.OnThreads
                          {:f #jepsen.generator.context.AllBut{:element :nemesis},
                           :context-filter #object[jepsen.generator.context$make_thread_filter$lazy_filter__12077
                                                   "0x37a5ac85"
                                                   "jepsen.generator.context$make_thread_filter$lazy_filter__12077@37a5ac85"],
                           :gen (jepsen.generator.Stagger
                                 {:dt 200000000,
                                  :next-time nil,
                                  :gen (jepsen.generator.EachThread
                                        {:fresh-gen #object[maelstrom.workload.echo$workload$fn__17421
                                                            "0x5d4f0fd5"
                                                            "maelstrom.workload.echo$workload$fn__17421@5d4f0fd5"],
                                         :context-filters #object[clojure.core$promise$reify__8621
                                                                  "0x2092b072"
                                                                  {:status :pending,
                                                                   :val nil}],
                                         :gens {}})})})]})})]
 :log-net-recv false
 :os
 #object[maelstrom.net$jepsen_os$reify__15724
         "0x504521ae"
         "maelstrom.net$jepsen_os$reify__15724@504521ae"]
 :time-limit 20
 :workload :echo
 :consistency-models [:strict-serializable]
 :topology :grid}

2025-06-06 03:08:06,621{GMT}	INFO	[jepsen node n1] maelstrom.net: Starting Maelstrom network
2025-06-06 03:08:06,622{GMT}	INFO	[jepsen test runner] jepsen.db: Tearing down DB
2025-06-06 03:08:06,623{GMT}	INFO	[jepsen test runner] jepsen.db: Setting up DB
2025-06-06 03:08:06,624{GMT}	INFO	[jepsen node n3] maelstrom.db: Setting up n3
2025-06-06 03:08:06,624{GMT}	INFO	[jepsen node n2] maelstrom.db: Setting up n2
2025-06-06 03:08:06,624{GMT}	INFO	[jepsen node n4] maelstrom.db: Setting up n4
2025-06-06 03:08:06,624{GMT}	INFO	[jepsen node n5] maelstrom.db: Setting up n5
2025-06-06 03:08:06,624{GMT}	INFO	[jepsen node n4] maelstrom.process: launching self/server/_build/default/bin/main.exe []
2025-06-06 03:08:06,624{GMT}	INFO	[jepsen node n3] maelstrom.process: launching self/server/_build/default/bin/main.exe []
2025-06-06 03:08:06,624{GMT}	INFO	[jepsen node n5] maelstrom.process: launching self/server/_build/default/bin/main.exe []
2025-06-06 03:08:06,624{GMT}	INFO	[jepsen node n2] maelstrom.process: launching self/server/_build/default/bin/main.exe []
2025-06-06 03:08:06,625{GMT}	INFO	[jepsen node n1] maelstrom.service: Starting services: (lin-kv lin-tso lww-kv seq-kv)
2025-06-06 03:08:06,625{GMT}	INFO	[jepsen node n1] maelstrom.db: Setting up n1
2025-06-06 03:08:06,626{GMT}	INFO	[jepsen node n1] maelstrom.process: launching self/server/_build/default/bin/main.exe []
2025-06-06 03:08:10,744{GMT}	INFO	[Jepsen shutdown hook] jepsen.core: Downloading DB logs before JVM shutdown...
