[RECEIVED] {"id":3,"src":"c3","dest":"n3","body":{"type":"init","node_id":"n3","node_ids":["n1","n2","n3","n4","n5"],"msg_id":1}}
[MATCH INIT]
[INIT_OK] {"src":"n3","dest":"c3","body":{"type":"init_ok","in_reply_to":1,"msg_id":0}}
[RECEIVED] {"id":13,"src":"c9","dest":"n3","body":{"type":"topology","topology":{"n1":["n4","n2"],"n2":["n5","n3","n1"],"n3":["n2"],"n4":["n1","n5"],"n5":["n2","n4"]},"msg_id":1}}
[MATCH TOPOLOGY]
[TOPOLOGY_OK] {"src":"n3","dest":"c9","body":{"type":"topology_ok","in_reply_to":1,"msg_id":0}}
[RECEIVED] {"id":27,"src":"c12","dest":"n3","body":{"type":"read","msg_id":1}}
[MATCH READ]
[READ_OK] {"src":"n3","dest":"c12","body":{"type":"read_ok","messages":[],"in_reply_to":1,"msg_id":0}}
[RECEIVED] {"id":35,"src":"c12","dest":"n3","body":{"type":"read","msg_id":2}}
[MATCH READ]
[READ_OK] {"src":"n3","dest":"c12","body":{"type":"read_ok","messages":[],"in_reply_to":2,"msg_id":0}}
[RECEIVED] {"id":37,"src":"c12","dest":"n3","body":{"type":"read","msg_id":3}}
[MATCH READ]
[READ_OK] {"src":"n3","dest":"c12","body":{"type":"read_ok","messages":[],"in_reply_to":3,"msg_id":0}}
[RECEIVED] {"id":39,"src":"c12","dest":"n3","body":{"type":"broadcast","message":4,"msg_id":4}}
[MATCH BROADCAST]
BEGIN GOSSIP
NEIGHBORS: n2
GOSSIP LOOP
LOOP ITER
[BROADCAST] {"src":"n3","dest":"c12","body":{"type":"broadcast","message":"4","msg_id":0}}
GOSSIP LOOP
LOOP ITER
[BROADCAST] {"src":"n3","dest":"c12","body":{"type":"broadcast","message":"4","msg_id":1}}
GOSSIP LOOP
LOOP ITER
[BROADCAST] {"src":"n3","dest":"c12","body":{"type":"broadcast","message":"4","msg_id":2}}
GOSSIP LOOP
LOOP ITER
[BROADCAST] {"src":"n3","dest":"c12","body":{"type":"broadcast","message":"4","msg_id":3}}
GOSSIP LOOP
LOOP ITER
[BROADCAST] {"src":"n3","dest":"c12","body":{"type":"broadcast","message":"4","msg_id":4}}
[RECEIVED] {"id":90,"src":"c19","dest":"n3","body":{"type":"read","msg_id":1}}
GOSSIP LOOP
LOOP ITER
[BROADCAST] {"src":"n3","dest":"c12","body":{"type":"broadcast","message":"4","msg_id":5}}
GOSSIP LOOP
LOOP ITER
[BROADCAST] {"src":"n3","dest":"c12","body":{"type":"broadcast","message":"4","msg_id":6}}
GOSSIP LOOP
LOOP ITER
[BROADCAST] {"src":"n3","dest":"c12","body":{"type":"broadcast","message":"4","msg_id":7}}
GOSSIP LOOP
LOOP ITER
[BROADCAST] {"src":"n3","dest":"c12","body":{"type":"broadcast","message":"4","msg_id":8}}
GOSSIP LOOP
LOOP ITER
[BROADCAST] {"src":"n3","dest":"c12","body":{"type":"broadcast","message":"4","msg_id":9}}
[RECEIVED] {"id":97,"src":"c19","dest":"n3","body":{"type":"read","msg_id":2}}
GOSSIP LOOP
LOOP ITER
[BROADCAST] {"src":"n3","dest":"c12","body":{"type":"broadcast","message":"4","msg_id":10}}
GOSSIP LOOP
LOOP ITER
[BROADCAST] {"src":"n3","dest":"c12","body":{"type":"broadcast","message":"4","msg_id":11}}
GOSSIP LOOP
LOOP ITER
[BROADCAST] {"src":"n3","dest":"c12","body":{"type":"broadcast","message":"4","msg_id":12}}
GOSSIP LOOP
LOOP ITER
[BROADCAST] {"src":"n3","dest":"c12","body":{"type":"broadcast","message":"4","msg_id":13}}
GOSSIP LOOP
LOOP ITER
[BROADCAST] {"src":"n3","dest":"c12","body":{"type":"broadcast","message":"4","msg_id":14}}
[RECEIVED] {"id":102,"src":"c19","dest":"n3","body":{"type":"broadcast","message":10,"msg_id":3}}
GOSSIP LOOP
LOOP ITER
[BROADCAST] {"src":"n3","dest":"c12","body":{"type":"broadcast","message":"4","msg_id":15}}
GOSSIP LOOP
LOOP ITER
[BROADCAST] {"src":"n3","dest":"c12","body":{"type":"broadcast","message":"4","msg_id":16}}
GOSSIP LOOP
LOOP ITER
[BROADCAST] {"src":"n3","dest":"c12","body":{"type":"broadcast","message":"4","msg_id":17}}
GOSSIP LOOP
LOOP ITER
[BROADCAST] {"src":"n3","dest":"c12","body":{"type":"broadcast","message":"4","msg_id":18}}
GOSSIP LOOP
LOOP ITER
[BROADCAST] {"src":"n3","dest":"c12","body":{"type":"broadcast","message":"4","msg_id":19}}
GOSSIP LOOP
LOOP ITER
[BROADCAST] {"src":"n3","dest":"c12","body":{"type":"broadcast","message":"4","msg_id":20}}
GOSSIP LOOP
LOOP ITER
[BROADCAST] {"src":"n3","dest":"c12","body":{"type":"broadcast","message":"4","msg_id":21}}
GOSSIP LOOP
LOOP ITER
[BROADCAST] {"src":"n3","dest":"c12","body":{"type":"broadcast","message":"4","msg_id":22}}
GOSSIP LOOP
LOOP ITER
[BROADCAST] {"src":"n3","dest":"c12","body":{"type":"broadcast","message":"4","msg_id":23}}
GOSSIP LOOP
LOOP ITER
[BROADCAST] {"src":"n3","dest":"c12","body":{"type":"broadcast","message":"4","msg_id":24}}
GOSSIP LOOP
LOOP ITER
[BROADCAST] {"src":"n3","dest":"c12","body":{"type":"broadcast","message":"4","msg_id":25}}
GOSSIP LOOP
LOOP ITER
[BROADCAST] {"src":"n3","dest":"c12","body":{"type":"broadcast","message":"4","msg_id":26}}
GOSSIP LOOP
LOOP ITER
[BROADCAST] {"src":"n3","dest":"c12","body":{"type":"broadcast","message":"4","msg_id":27}}
GOSSIP LOOP
LOOP ITER
[BROADCAST] {"src":"n3","dest":"c12","body":{"type":"broadcast","message":"4","msg_id":28}}
GOSSIP LOOP
LOOP ITER
[BROADCAST] {"src":"n3","dest":"c12","body":{"type":"broadcast","message":"4","msg_id":29}}
[RECEIVED] {"id":105,"src":"c24","dest":"n3","body":{"type":"read","msg_id":1}}
GOSSIP LOOP
LOOP ITER
[BROADCAST] {"src":"n3","dest":"c12","body":{"type":"broadcast","message":"4","msg_id":30}}
GOSSIP LOOP
LOOP ITER
[BROADCAST] {"src":"n3","dest":"c12","body":{"type":"broadcast","message":"4","msg_id":31}}
GOSSIP LOOP
LOOP ITER
[BROADCAST] {"src":"n3","dest":"c12","body":{"type":"broadcast","message":"4","msg_id":32}}
GOSSIP LOOP
LOOP ITER
[BROADCAST] {"src":"n3","dest":"c12","body":{"type":"broadcast","message":"4","msg_id":33}}
GOSSIP LOOP
LOOP ITER
[BROADCAST] {"src":"n3","dest":"c12","body":{"type":"broadcast","message":"4","msg_id":34}}
GOSSIP LOOP
LOOP ITER
[BROADCAST] {"src":"n3","dest":"c12","body":{"type":"broadcast","message":"4","msg_id":35}}
