[RECEIVED] {"id":0,"src":"c0","dest":"n5","body":{"type":"init","node_id":"n5","node_ids":["n1","n2","n3","n4","n5"],"msg_id":1}}
[MATCH INIT]
[INIT_OK] {"src":"n5","dest":"c0","body":{"type":"init_ok","in_reply_to":1,"msg_id":0}}
[RECEIVED] {"id":14,"src":"c5","dest":"n5","body":{"type":"topology","topology":{"n1":["n4","n2"],"n2":["n5","n3","n1"],"n3":["n2"],"n4":["n1","n5"],"n5":["n2","n4"]},"msg_id":1}}
[MATCH TOPOLOGY]
[TOPOLOGY_OK] {"src":"n5","dest":"c5","body":{"type":"topology_ok","in_reply_to":1,"msg_id":0}}
[RECEIVED] {"id":32,"src":"c14","dest":"n5","body":{"type":"broadcast","message":3,"msg_id":1}}
[MATCH BROADCAST]
BEGIN GOSSIP
NEIGHBORS: n2, n4
GOSSIP LOOP
LOOP ITER
[BROADCAST] {"src":"n5","dest":"c14","body":{"type":"broadcast","message":"3","msg_id":0}}
LOOP ITER
[BROADCAST] {"src":"n5","dest":"c14","body":{"type":"broadcast","message":"3","msg_id":1}}
GOSSIP LOOP
LOOP ITER
[BROADCAST] {"src":"n5","dest":"c14","body":{"type":"broadcast","message":"3","msg_id":2}}
LOOP ITER
[BROADCAST] {"src":"n5","dest":"c14","body":{"type":"broadcast","message":"3","msg_id":3}}
GOSSIP LOOP
LOOP ITER
[BROADCAST] {"src":"n5","dest":"c14","body":{"type":"broadcast","message":"3","msg_id":4}}
LOOP ITER
[BROADCAST] {"src":"n5","dest":"c14","body":{"type":"broadcast","message":"3","msg_id":5}}
GOSSIP LOOP
LOOP ITER
[BROADCAST] {"src":"n5","dest":"c14","body":{"type":"broadcast","message":"3","msg_id":6}}
LOOP ITER
[BROADCAST] {"src":"n5","dest":"c14","body":{"type":"broadcast","message":"3","msg_id":7}}
GOSSIP LOOP
LOOP ITER
[BROADCAST] {"src":"n5","dest":"c14","body":{"type":"broadcast","message":"3","msg_id":8}}
LOOP ITER
[BROADCAST] {"src":"n5","dest":"c14","body":{"type":"broadcast","message":"3","msg_id":9}}
[RECEIVED] {"id":88,"src":"c18","dest":"n5","body":{"type":"broadcast","message":6,"msg_id":1}}
GOSSIP LOOP
LOOP ITER
[BROADCAST] {"src":"n5","dest":"c14","body":{"type":"broadcast","message":"3","msg_id":10}}
LOOP ITER
[BROADCAST] {"src":"n5","dest":"c14","body":{"type":"broadcast","message":"3","msg_id":11}}
GOSSIP LOOP
LOOP ITER
[BROADCAST] {"src":"n5","dest":"c14","body":{"type":"broadcast","message":"3","msg_id":12}}
LOOP ITER
[BROADCAST] {"src":"n5","dest":"c14","body":{"type":"broadcast","message":"3","msg_id":13}}
GOSSIP LOOP
LOOP ITER
[BROADCAST] {"src":"n5","dest":"c14","body":{"type":"broadcast","message":"3","msg_id":14}}
LOOP ITER
[BROADCAST] {"src":"n5","dest":"c14","body":{"type":"broadcast","message":"3","msg_id":15}}
GOSSIP LOOP
LOOP ITER
[BROADCAST] {"src":"n5","dest":"c14","body":{"type":"broadcast","message":"3","msg_id":16}}
LOOP ITER
[BROADCAST] {"src":"n5","dest":"c14","body":{"type":"broadcast","message":"3","msg_id":17}}
GOSSIP LOOP
LOOP ITER
[BROADCAST] {"src":"n5","dest":"c14","body":{"type":"broadcast","message":"3","msg_id":18}}
LOOP ITER
[BROADCAST] {"src":"n5","dest":"c14","body":{"type":"broadcast","message":"3","msg_id":19}}
[RECEIVED] {"id":96,"src":"c21","dest":"n5","body":{"type":"read","msg_id":1}}
GOSSIP LOOP
LOOP ITER
[BROADCAST] {"src":"n5","dest":"c14","body":{"type":"broadcast","message":"3","msg_id":20}}
LOOP ITER
[BROADCAST] {"src":"n5","dest":"c14","body":{"type":"broadcast","message":"3","msg_id":21}}
GOSSIP LOOP
LOOP ITER
[BROADCAST] {"src":"n5","dest":"c14","body":{"type":"broadcast","message":"3","msg_id":22}}
LOOP ITER
[BROADCAST] {"src":"n5","dest":"c14","body":{"type":"broadcast","message":"3","msg_id":23}}
GOSSIP LOOP
LOOP ITER
[BROADCAST] {"src":"n5","dest":"c14","body":{"type":"broadcast","message":"3","msg_id":24}}
LOOP ITER
[BROADCAST] {"src":"n5","dest":"c14","body":{"type":"broadcast","message":"3","msg_id":25}}
GOSSIP LOOP
LOOP ITER
[BROADCAST] {"src":"n5","dest":"c14","body":{"type":"broadcast","message":"3","msg_id":26}}
LOOP ITER
[BROADCAST] {"src":"n5","dest":"c14","body":{"type":"broadcast","message":"3","msg_id":27}}
GOSSIP LOOP
LOOP ITER
[BROADCAST] {"src":"n5","dest":"c14","body":{"type":"broadcast","message":"3","msg_id":28}}
LOOP ITER
[BROADCAST] {"src":"n5","dest":"c14","body":{"type":"broadcast","message":"3","msg_id":29}}
[RECEIVED] {"id":101,"src":"c21","dest":"n5","body":{"type":"read","msg_id":2}}
GOSSIP LOOP
LOOP ITER
[BROADCAST] {"src":"n5","dest":"c14","body":{"type":"broadcast","message":"3","msg_id":30}}
LOOP ITER
[BROADCAST] {"src":"n5","dest":"c14","body":{"type":"broadcast","message":"3","msg_id":31}}
GOSSIP LOOP
LOOP ITER
[BROADCAST] {"src":"n5","dest":"c14","body":{"type":"broadcast","message":"3","msg_id":32}}
LOOP ITER
[BROADCAST] {"src":"n5","dest":"c14","body":{"type":"broadcast","message":"3","msg_id":33}}
GOSSIP LOOP
LOOP ITER
[BROADCAST] {"src":"n5","dest":"c14","body":{"type":"broadcast","message":"3","msg_id":34}}
LOOP ITER
[BROADCAST] {"src":"n5","dest":"c14","body":{"type":"broadcast","message":"3","msg_id":35}}
GOSSIP LOOP
LOOP ITER
[BROADCAST] {"src":"n5","dest":"c14","body":{"type":"broadcast","message":"3","msg_id":36}}
LOOP ITER
[BROADCAST] {"src":"n5","dest":"c14","body":{"type":"broadcast","message":"3","msg_id":37}}
GOSSIP LOOP
LOOP ITER
[BROADCAST] {"src":"n5","dest":"c14","body":{"type":"broadcast","message":"3","msg_id":38}}
LOOP ITER
[BROADCAST] {"src":"n5","dest":"c14","body":{"type":"broadcast","message":"3","msg_id":39}}
GOSSIP LOOP
LOOP ITER
[BROADCAST] {"src":"n5","dest":"c14","body":{"type":"broadcast","message":"3","msg_id":40}}
LOOP ITER
[BROADCAST] {"src":"n5","dest":"c14","body":{"type":"broadcast","message":"3","msg_id":41}}
GOSSIP LOOP
LOOP ITER
[BROADCAST] {"src":"n5","dest":"c14","body":{"type":"broadcast","message":"3","msg_id":42}}
LOOP ITER
[BROADCAST] {"src":"n5","dest":"c14","body":{"type":"broadcast","message":"3","msg_id":43}}
GOSSIP LOOP
LOOP ITER
[BROADCAST] {"src":"n5","dest":"c14","body":{"type":"broadcast","message":"3","msg_id":44}}
LOOP ITER
[BROADCAST] {"src":"n5","dest":"c14","body":{"type":"broadcast","message":"3","msg_id":45}}
GOSSIP LOOP
LOOP ITER
[BROADCAST] {"src":"n5","dest":"c14","body":{"type":"broadcast","message":"3","msg_id":46}}
LOOP ITER
[BROADCAST] {"src":"n5","dest":"c14","body":{"type":"broadcast","message":"3","msg_id":47}}
GOSSIP LOOP
LOOP ITER
[BROADCAST] {"src":"n5","dest":"c14","body":{"type":"broadcast","message":"3","msg_id":48}}
LOOP ITER
[BROADCAST] {"src":"n5","dest":"c14","body":{"type":"broadcast","message":"3","msg_id":49}}
GOSSIP LOOP
LOOP ITER
[BROADCAST] {"src":"n5","dest":"c14","body":{"type":"broadcast","message":"3","msg_id":50}}
LOOP ITER
[BROADCAST] {"src":"n5","dest":"c14","body":{"type":"broadcast","message":"3","msg_id":51}}
GOSSIP LOOP
LOOP ITER
[BROADCAST] {"src":"n5","dest":"c14","body":{"type":"broadcast","message":"3","msg_id":52}}
LOOP ITER
[BROADCAST] {"src":"n5","dest":"c14","body":{"type":"broadcast","message":"3","msg_id":53}}
GOSSIP LOOP
LOOP ITER
[BROADCAST] {"src":"n5","dest":"c14","body":{"type":"broadcast","message":"3","msg_id":54}}
LOOP ITER
[BROADCAST] {"src":"n5","dest":"c14","body":{"type":"broadcast","message":"3","msg_id":55}}
GOSSIP LOOP
LOOP ITER
[BROADCAST] {"src":"n5","dest":"c14","body":{"type":"broadcast","message":"3","msg_id":56}}
LOOP ITER
[BROADCAST] {"src":"n5","dest":"c14","body":{"type":"broadcast","message":"3","msg_id":57}}
GOSSIP LOOP
LOOP ITER
[BROADCAST] {"src":"n5","dest":"c14","body":{"type":"broadcast","message":"3","msg_id":58}}
LOOP ITER
[BROADCAST] {"src":"n5","dest":"c14","body":{"type":"broadcast","message":"3","msg_id":59}}
GOSSIP LOOP
LOOP ITER
[BROADCAST] {"src":"n5","dest":"c14","body":{"type":"broadcast","message":"3","msg_id":60}}
LOOP ITER
[BROADCAST] {"src":"n5","dest":"c14","body":{"type":"broadcast","message":"3","msg_id":61}}
[RECEIVED] {"id":106,"src":"c21","dest":"n5","body":{"type":"read","msg_id":3}}
GOSSIP LOOP
LOOP ITER
[BROADCAST] {"src":"n5","dest":"c14","body":{"type":"broadcast","message":"3","msg_id":62}}
LOOP ITER
[BROADCAST] {"src":"n5","dest":"c14","body":{"type":"broadcast","message":"3","msg_id":63}}
GOSSIP LOOP
LOOP ITER
[BROADCAST] {"src":"n5","dest":"c14","body":{"type":"broadcast","message":"3","msg_id":64}}
LOOP ITER
[BROADCAST] {"src":"n5","dest":"c14","body":{"type":"broadcast","message":"3","msg_id":65}}
GOSSIP LOOP
LOOP ITER
[BROADCAST] {"src":"n5","dest":"c14","body":{"type":"broadcast","message":"3","msg_id":66}}
LOOP ITER
[BROADCAST] {"src":"n5","dest":"c14","body":{"type":"broadcast","message":"3","msg_id":67}}
GOSSIP LOOP
LOOP ITER
[BROADCAST] {"src":"n5","dest":"c14","body":{"type":"broadcast","message":"3","msg_id":68}}
LOOP ITER
[BROADCAST] {"src":"n5","dest":"c14","body":{"type":"broadcast","message":"3","msg_id":69}}
GOSSIP LOOP
LOOP ITER
[BROADCAST] {"src":"n5","dest":"c14","body":{"type":"broadcast","message":"3","msg_id":70}}
LOOP ITER
[BROADCAST] {"src":"n5","dest":"c14","body":{"type":"broadcast","message":"3","msg_id":71}}
