[RECEIVED] {"id":0,"src":"c0","dest":"n2","body":{"type":"init","node_id":"n2","node_ids":["n1","n2","n3","n4","n5"],"msg_id":1}}
[MATCH INIT]
[INIT_OK] {"src":"n2","dest":"c0","body":{"type":"init_ok","in_reply_to":1,"msg_id":0}}
[RECEIVED] {"id":12,"src":"c5","dest":"n2","body":{"type":"topology","topology":{"n1":["n4","n2"],"n2":["n5","n3","n1"],"n3":["n2"],"n4":["n1","n5"],"n5":["n2","n4"]},"msg_id":1}}
[MATCH TOPOLOGY]
[TOPOLOGY_OK] {"src":"n2","dest":"c5","body":{"type":"topology_ok","in_reply_to":1,"msg_id":0}}
[RECEIVED] {"id":22,"src":"c11","dest":"n2","body":{"type":"broadcast","message":0,"msg_id":1}}
[MATCH BROADCAST]
BEGIN GOSSIP
NEIGHBORS: n1, n3, n5
GOSSIP LOOP
LOOP ITER
[BROADCAST] {"src":"n2","dest":"n1","body":{"type":"broadcast","message":"0","msg_id":0}}
LOOP ITER
[BROADCAST] {"src":"n2","dest":"n3","body":{"type":"broadcast","message":"0","msg_id":1}}
LOOP ITER
[BROADCAST] {"src":"n2","dest":"n5","body":{"type":"broadcast","message":"0","msg_id":2}}
[RECEIVED] {"id":30,"src":"n3","dest":"n2","body":{"type":"broadcast_ok","in_reply_to":1,"msg_id":0}}
[MATCH UNKNOWN]
[RECEIVED] {"id":38,"src":"n3","dest":"n2","body":{"type":"broadcast","message":"3","msg_id":0}}
GOSSIP LOOP
LOOP ITER
[BROADCAST] {"src":"n2","dest":"n1","body":{"type":"broadcast","message":"0","msg_id":3}}
LOOP ITER
[BROADCAST] {"src":"n2","dest":"n3","body":{"type":"broadcast","message":"0","msg_id":4}}
LOOP ITER
[BROADCAST] {"src":"n2","dest":"n5","body":{"type":"broadcast","message":"0","msg_id":5}}
[RECEIVED] {"id":45,"src":"n3","dest":"n2","body":{"type":"broadcast","message":"3","msg_id":1}}
GOSSIP LOOP
LOOP ITER
[BROADCAST] {"src":"n2","dest":"n1","body":{"type":"broadcast","message":"0","msg_id":6}}
LOOP ITER
[BROADCAST] {"src":"n2","dest":"n3","body":{"type":"broadcast","message":"0","msg_id":7}}
LOOP ITER
[BROADCAST] {"src":"n2","dest":"n5","body":{"type":"broadcast","message":"0","msg_id":8}}
[RECEIVED] {"id":52,"src":"n3","dest":"n2","body":{"type":"broadcast","message":"3","msg_id":2}}
GOSSIP LOOP
LOOP ITER
[BROADCAST] {"src":"n2","dest":"n1","body":{"type":"broadcast","message":"0","msg_id":9}}
LOOP ITER
[BROADCAST] {"src":"n2","dest":"n3","body":{"type":"broadcast","message":"0","msg_id":10}}
LOOP ITER
[BROADCAST] {"src":"n2","dest":"n5","body":{"type":"broadcast","message":"0","msg_id":11}}
[RECEIVED] {"id":59,"src":"n3","dest":"n2","body":{"type":"broadcast","message":"3","msg_id":3}}
GOSSIP LOOP
LOOP ITER
[BROADCAST] {"src":"n2","dest":"n1","body":{"type":"broadcast","message":"0","msg_id":12}}
LOOP ITER
[BROADCAST] {"src":"n2","dest":"n3","body":{"type":"broadcast","message":"0","msg_id":13}}
LOOP ITER
[BROADCAST] {"src":"n2","dest":"n5","body":{"type":"broadcast","message":"0","msg_id":14}}
[RECEIVED] {"id":66,"src":"n3","dest":"n2","body":{"type":"broadcast","message":"3","msg_id":4}}
[RECEIVED] {"id":67,"src":"c15","dest":"n2","body":{"type":"broadcast","message":4,"msg_id":1}}
GOSSIP LOOP
LOOP ITER
[BROADCAST] {"src":"n2","dest":"n1","body":{"type":"broadcast","message":"0","msg_id":15}}
LOOP ITER
[BROADCAST] {"src":"n2","dest":"n3","body":{"type":"broadcast","message":"0","msg_id":16}}
LOOP ITER
[BROADCAST] {"src":"n2","dest":"n5","body":{"type":"broadcast","message":"0","msg_id":17}}
[RECEIVED] {"id":78,"src":"n3","dest":"n2","body":{"type":"broadcast","message":"3","msg_id":5}}
GOSSIP LOOP
LOOP ITER
[BROADCAST] {"src":"n2","dest":"n1","body":{"type":"broadcast","message":"0","msg_id":18}}
LOOP ITER
[BROADCAST] {"src":"n2","dest":"n3","body":{"type":"broadcast","message":"0","msg_id":19}}
LOOP ITER
[BROADCAST] {"src":"n2","dest":"n5","body":{"type":"broadcast","message":"0","msg_id":20}}
[RECEIVED] {"id":85,"src":"n3","dest":"n2","body":{"type":"broadcast","message":"3","msg_id":6}}
GOSSIP LOOP
LOOP ITER
[BROADCAST] {"src":"n2","dest":"n1","body":{"type":"broadcast","message":"0","msg_id":21}}
LOOP ITER
[BROADCAST] {"src":"n2","dest":"n3","body":{"type":"broadcast","message":"0","msg_id":22}}
LOOP ITER
[BROADCAST] {"src":"n2","dest":"n5","body":{"type":"broadcast","message":"0","msg_id":23}}
[RECEIVED] {"id":92,"src":"n3","dest":"n2","body":{"type":"broadcast","message":"3","msg_id":7}}
GOSSIP LOOP
LOOP ITER
[BROADCAST] {"src":"n2","dest":"n1","body":{"type":"broadcast","message":"0","msg_id":24}}
LOOP ITER
[BROADCAST] {"src":"n2","dest":"n3","body":{"type":"broadcast","message":"0","msg_id":25}}
LOOP ITER
[BROADCAST] {"src":"n2","dest":"n5","body":{"type":"broadcast","message":"0","msg_id":26}}
[RECEIVED] {"id":99,"src":"n3","dest":"n2","body":{"type":"broadcast","message":"3","msg_id":8}}
GOSSIP LOOP
LOOP ITER
[BROADCAST] {"src":"n2","dest":"n1","body":{"type":"broadcast","message":"0","msg_id":27}}
LOOP ITER
[BROADCAST] {"src":"n2","dest":"n3","body":{"type":"broadcast","message":"0","msg_id":28}}
LOOP ITER
[BROADCAST] {"src":"n2","dest":"n5","body":{"type":"broadcast","message":"0","msg_id":29}}
[RECEIVED] {"id":106,"src":"n3","dest":"n2","body":{"type":"broadcast","message":"3","msg_id":9}}
[RECEIVED] {"id":107,"src":"c19","dest":"n2","body":{"type":"read","msg_id":1}}
GOSSIP LOOP
LOOP ITER
[BROADCAST] {"src":"n2","dest":"n1","body":{"type":"broadcast","message":"0","msg_id":30}}
LOOP ITER
[BROADCAST] {"src":"n2","dest":"n3","body":{"type":"broadcast","message":"0","msg_id":31}}
LOOP ITER
[BROADCAST] {"src":"n2","dest":"n5","body":{"type":"broadcast","message":"0","msg_id":32}}
[RECEIVED] {"id":118,"src":"n3","dest":"n2","body":{"type":"broadcast","message":"3","msg_id":10}}
GOSSIP LOOP
LOOP ITER
[BROADCAST] {"src":"n2","dest":"n1","body":{"type":"broadcast","message":"0","msg_id":33}}
LOOP ITER
[BROADCAST] {"src":"n2","dest":"n3","body":{"type":"broadcast","message":"0","msg_id":34}}
LOOP ITER
[BROADCAST] {"src":"n2","dest":"n5","body":{"type":"broadcast","message":"0","msg_id":35}}
[RECEIVED] {"id":125,"src":"n3","dest":"n2","body":{"type":"broadcast","message":"3","msg_id":11}}
GOSSIP LOOP
LOOP ITER
[BROADCAST] {"src":"n2","dest":"n1","body":{"type":"broadcast","message":"0","msg_id":36}}
LOOP ITER
[BROADCAST] {"src":"n2","dest":"n3","body":{"type":"broadcast","message":"0","msg_id":37}}
LOOP ITER
[BROADCAST] {"src":"n2","dest":"n5","body":{"type":"broadcast","message":"0","msg_id":38}}
[RECEIVED] {"id":132,"src":"n3","dest":"n2","body":{"type":"broadcast","message":"3","msg_id":12}}
GOSSIP LOOP
LOOP ITER
[BROADCAST] {"src":"n2","dest":"n1","body":{"type":"broadcast","message":"0","msg_id":39}}
LOOP ITER
[BROADCAST] {"src":"n2","dest":"n3","body":{"type":"broadcast","message":"0","msg_id":40}}
LOOP ITER
[BROADCAST] {"src":"n2","dest":"n5","body":{"type":"broadcast","message":"0","msg_id":41}}
[RECEIVED] {"id":139,"src":"n3","dest":"n2","body":{"type":"broadcast","message":"3","msg_id":13}}
GOSSIP LOOP
LOOP ITER
[BROADCAST] {"src":"n2","dest":"n1","body":{"type":"broadcast","message":"0","msg_id":42}}
LOOP ITER
[BROADCAST] {"src":"n2","dest":"n3","body":{"type":"broadcast","message":"0","msg_id":43}}
LOOP ITER
[BROADCAST] {"src":"n2","dest":"n5","body":{"type":"broadcast","message":"0","msg_id":44}}
[RECEIVED] {"id":146,"src":"n3","dest":"n2","body":{"type":"broadcast","message":"3","msg_id":14}}
[RECEIVED] {"id":147,"src":"c19","dest":"n2","body":{"type":"read","msg_id":2}}
GOSSIP LOOP
LOOP ITER
[BROADCAST] {"src":"n2","dest":"n1","body":{"type":"broadcast","message":"0","msg_id":45}}
LOOP ITER
[BROADCAST] {"src":"n2","dest":"n3","body":{"type":"broadcast","message":"0","msg_id":46}}
LOOP ITER
[BROADCAST] {"src":"n2","dest":"n5","body":{"type":"broadcast","message":"0","msg_id":47}}
[RECEIVED] {"id":158,"src":"n3","dest":"n2","body":{"type":"broadcast","message":"3","msg_id":15}}
GOSSIP LOOP
LOOP ITER
[BROADCAST] {"src":"n2","dest":"n1","body":{"type":"broadcast","message":"0","msg_id":48}}
LOOP ITER
[BROADCAST] {"src":"n2","dest":"n3","body":{"type":"broadcast","message":"0","msg_id":49}}
LOOP ITER
[BROADCAST] {"src":"n2","dest":"n5","body":{"type":"broadcast","message":"0","msg_id":50}}
[RECEIVED] {"id":165,"src":"n3","dest":"n2","body":{"type":"broadcast","message":"3","msg_id":16}}
GOSSIP LOOP
LOOP ITER
[BROADCAST] {"src":"n2","dest":"n1","body":{"type":"broadcast","message":"0","msg_id":51}}
LOOP ITER
[BROADCAST] {"src":"n2","dest":"n3","body":{"type":"broadcast","message":"0","msg_id":52}}
LOOP ITER
[BROADCAST] {"src":"n2","dest":"n5","body":{"type":"broadcast","message":"0","msg_id":53}}
[RECEIVED] {"id":172,"src":"n3","dest":"n2","body":{"type":"broadcast","message":"3","msg_id":17}}
GOSSIP LOOP
LOOP ITER
[BROADCAST] {"src":"n2","dest":"n1","body":{"type":"broadcast","message":"0","msg_id":54}}
LOOP ITER
[BROADCAST] {"src":"n2","dest":"n3","body":{"type":"broadcast","message":"0","msg_id":55}}
LOOP ITER
[BROADCAST] {"src":"n2","dest":"n5","body":{"type":"broadcast","message":"0","msg_id":56}}
[RECEIVED] {"id":179,"src":"n3","dest":"n2","body":{"type":"broadcast","message":"3","msg_id":18}}
GOSSIP LOOP
LOOP ITER
[BROADCAST] {"src":"n2","dest":"n1","body":{"type":"broadcast","message":"0","msg_id":57}}
LOOP ITER
[BROADCAST] {"src":"n2","dest":"n3","body":{"type":"broadcast","message":"0","msg_id":58}}
LOOP ITER
[BROADCAST] {"src":"n2","dest":"n5","body":{"type":"broadcast","message":"0","msg_id":59}}
[RECEIVED] {"id":186,"src":"n3","dest":"n2","body":{"type":"broadcast","message":"3","msg_id":19}}
GOSSIP LOOP
LOOP ITER
[BROADCAST] {"src":"n2","dest":"n1","body":{"type":"broadcast","message":"0","msg_id":60}}
LOOP ITER
[BROADCAST] {"src":"n2","dest":"n3","body":{"type":"broadcast","message":"0","msg_id":61}}
LOOP ITER
[BROADCAST] {"src":"n2","dest":"n5","body":{"type":"broadcast","message":"0","msg_id":62}}
[RECEIVED] {"id":193,"src":"n3","dest":"n2","body":{"type":"broadcast","message":"3","msg_id":20}}
GOSSIP LOOP
LOOP ITER
[BROADCAST] {"src":"n2","dest":"n1","body":{"type":"broadcast","message":"0","msg_id":63}}
LOOP ITER
[BROADCAST] {"src":"n2","dest":"n3","body":{"type":"broadcast","message":"0","msg_id":64}}
LOOP ITER
[BROADCAST] {"src":"n2","dest":"n5","body":{"type":"broadcast","message":"0","msg_id":65}}
[RECEIVED] {"id":200,"src":"n3","dest":"n2","body":{"type":"broadcast","message":"3","msg_id":21}}
GOSSIP LOOP
LOOP ITER
[BROADCAST] {"src":"n2","dest":"n1","body":{"type":"broadcast","message":"0","msg_id":66}}
LOOP ITER
[BROADCAST] {"src":"n2","dest":"n3","body":{"type":"broadcast","message":"0","msg_id":67}}
LOOP ITER
[BROADCAST] {"src":"n2","dest":"n5","body":{"type":"broadcast","message":"0","msg_id":68}}
[RECEIVED] {"id":207,"src":"n3","dest":"n2","body":{"type":"broadcast","message":"3","msg_id":22}}
GOSSIP LOOP
LOOP ITER
[BROADCAST] {"src":"n2","dest":"n1","body":{"type":"broadcast","message":"0","msg_id":69}}
LOOP ITER
[BROADCAST] {"src":"n2","dest":"n3","body":{"type":"broadcast","message":"0","msg_id":70}}
LOOP ITER
[BROADCAST] {"src":"n2","dest":"n5","body":{"type":"broadcast","message":"0","msg_id":71}}
[RECEIVED] {"id":214,"src":"n3","dest":"n2","body":{"type":"broadcast","message":"3","msg_id":23}}
GOSSIP LOOP
LOOP ITER
[BROADCAST] {"src":"n2","dest":"n1","body":{"type":"broadcast","message":"0","msg_id":72}}
LOOP ITER
[BROADCAST] {"src":"n2","dest":"n3","body":{"type":"broadcast","message":"0","msg_id":73}}
LOOP ITER
[BROADCAST] {"src":"n2","dest":"n5","body":{"type":"broadcast","message":"0","msg_id":74}}
[RECEIVED] {"id":221,"src":"n3","dest":"n2","body":{"type":"broadcast","message":"3","msg_id":24}}
GOSSIP LOOP
LOOP ITER
[BROADCAST] {"src":"n2","dest":"n1","body":{"type":"broadcast","message":"0","msg_id":75}}
LOOP ITER
[BROADCAST] {"src":"n2","dest":"n3","body":{"type":"broadcast","message":"0","msg_id":76}}
LOOP ITER
[BROADCAST] {"src":"n2","dest":"n5","body":{"type":"broadcast","message":"0","msg_id":77}}
[RECEIVED] {"id":228,"src":"n3","dest":"n2","body":{"type":"broadcast","message":"3","msg_id":25}}
GOSSIP LOOP
LOOP ITER
[BROADCAST] {"src":"n2","dest":"n1","body":{"type":"broadcast","message":"0","msg_id":78}}
LOOP ITER
[BROADCAST] {"src":"n2","dest":"n3","body":{"type":"broadcast","message":"0","msg_id":79}}
LOOP ITER
[BROADCAST] {"src":"n2","dest":"n5","body":{"type":"broadcast","message":"0","msg_id":80}}
[RECEIVED] {"id":235,"src":"n3","dest":"n2","body":{"type":"broadcast","message":"3","msg_id":26}}
GOSSIP LOOP
LOOP ITER
[BROADCAST] {"src":"n2","dest":"n1","body":{"type":"broadcast","message":"0","msg_id":81}}
LOOP ITER
[BROADCAST] {"src":"n2","dest":"n3","body":{"type":"broadcast","message":"0","msg_id":82}}
LOOP ITER
[BROADCAST] {"src":"n2","dest":"n5","body":{"type":"broadcast","message":"0","msg_id":83}}
[RECEIVED] {"id":242,"src":"n3","dest":"n2","body":{"type":"broadcast","message":"3","msg_id":27}}
GOSSIP LOOP
LOOP ITER
[BROADCAST] {"src":"n2","dest":"n1","body":{"type":"broadcast","message":"0","msg_id":84}}
LOOP ITER
[BROADCAST] {"src":"n2","dest":"n3","body":{"type":"broadcast","message":"0","msg_id":85}}
LOOP ITER
[BROADCAST] {"src":"n2","dest":"n5","body":{"type":"broadcast","message":"0","msg_id":86}}
[RECEIVED] {"id":249,"src":"n3","dest":"n2","body":{"type":"broadcast","message":"3","msg_id":28}}
GOSSIP LOOP
LOOP ITER
[BROADCAST] {"src":"n2","dest":"n1","body":{"type":"broadcast","message":"0","msg_id":87}}
LOOP ITER
[BROADCAST] {"src":"n2","dest":"n3","body":{"type":"broadcast","message":"0","msg_id":88}}
LOOP ITER
[BROADCAST] {"src":"n2","dest":"n5","body":{"type":"broadcast","message":"0","msg_id":89}}
[RECEIVED] {"id":256,"src":"n3","dest":"n2","body":{"type":"broadcast","message":"3","msg_id":29}}
GOSSIP LOOP
LOOP ITER
[BROADCAST] {"src":"n2","dest":"n1","body":{"type":"broadcast","message":"0","msg_id":90}}
LOOP ITER
[BROADCAST] {"src":"n2","dest":"n3","body":{"type":"broadcast","message":"0","msg_id":91}}
LOOP ITER
[BROADCAST] {"src":"n2","dest":"n5","body":{"type":"broadcast","message":"0","msg_id":92}}
[RECEIVED] {"id":266,"src":"c19","dest":"n2","body":{"type":"read","msg_id":3}}
[RECEIVED] {"id":268,"src":"n3","dest":"n2","body":{"type":"broadcast","message":"3","msg_id":30}}
GOSSIP LOOP
LOOP ITER
[BROADCAST] {"src":"n2","dest":"n1","body":{"type":"broadcast","message":"0","msg_id":93}}
LOOP ITER
[BROADCAST] {"src":"n2","dest":"n3","body":{"type":"broadcast","message":"0","msg_id":94}}
LOOP ITER
[BROADCAST] {"src":"n2","dest":"n5","body":{"type":"broadcast","message":"0","msg_id":95}}
[RECEIVED] {"id":275,"src":"n3","dest":"n2","body":{"type":"broadcast","message":"3","msg_id":31}}
GOSSIP LOOP
LOOP ITER
[BROADCAST] {"src":"n2","dest":"n1","body":{"type":"broadcast","message":"0","msg_id":96}}
LOOP ITER
[BROADCAST] {"src":"n2","dest":"n3","body":{"type":"broadcast","message":"0","msg_id":97}}
LOOP ITER
[BROADCAST] {"src":"n2","dest":"n5","body":{"type":"broadcast","message":"0","msg_id":98}}
[RECEIVED] {"id":282,"src":"n3","dest":"n2","body":{"type":"broadcast","message":"3","msg_id":32}}
GOSSIP LOOP
LOOP ITER
[BROADCAST] {"src":"n2","dest":"n1","body":{"type":"broadcast","message":"0","msg_id":99}}
LOOP ITER
[BROADCAST] {"src":"n2","dest":"n3","body":{"type":"broadcast","message":"0","msg_id":100}}
LOOP ITER
[BROADCAST] {"src":"n2","dest":"n5","body":{"type":"broadcast","message":"0","msg_id":101}}
[RECEIVED] {"id":289,"src":"n3","dest":"n2","body":{"type":"broadcast","message":"3","msg_id":33}}
GOSSIP LOOP
LOOP ITER
[BROADCAST] {"src":"n2","dest":"n1","body":{"type":"broadcast","message":"0","msg_id":102}}
LOOP ITER
[BROADCAST] {"src":"n2","dest":"n3","body":{"type":"broadcast","message":"0","msg_id":103}}
LOOP ITER
[BROADCAST] {"src":"n2","dest":"n5","body":{"type":"broadcast","message":"0","msg_id":104}}
[RECEIVED] {"id":296,"src":"n3","dest":"n2","body":{"type":"broadcast","message":"3","msg_id":34}}
GOSSIP LOOP
LOOP ITER
[BROADCAST] {"src":"n2","dest":"n1","body":{"type":"broadcast","message":"0","msg_id":105}}
LOOP ITER
[BROADCAST] {"src":"n2","dest":"n3","body":{"type":"broadcast","message":"0","msg_id":106}}
LOOP ITER
[BROADCAST] {"src":"n2","dest":"n5","body":{"type":"broadcast","message":"0","msg_id":107}}
[RECEIVED] {"id":303,"src":"n3","dest":"n2","body":{"type":"broadcast","message":"3","msg_id":35}}
