[RECEIVED] {"id":3,"src":"c3","dest":"n3","body":{"type":"init","node_id":"n3","node_ids":["n1","n2","n3","n4","n5"],"msg_id":1}}
[MATCH INIT]
[INIT_OK] {"src":"n3","dest":"c3","body":{"type":"init_ok","in_reply_to":1,"msg_id":0}}
[RECEIVED] {"id":11,"src":"c7","dest":"n3","body":{"type":"topology","topology":{"n1":["n4","n2"],"n2":["n5","n3","n1"],"n3":["n2"],"n4":["n1","n5"],"n5":["n2","n4"]},"msg_id":1}}
[MATCH TOPOLOGY]
[TOPOLOGY_OK] {"src":"n3","dest":"c7","body":{"type":"topology_ok","in_reply_to":1,"msg_id":0}}
[RECEIVED] {"id":23,"src":"c12","dest":"n3","body":{"type":"read","msg_id":1}}
[RECEIVED] {"id":25,"src":"n2","dest":"n3","body":{"type":"broadcast","message":"0","msg_id":1}}
[MATCH READ]
[MATCH BROADCAST]
[READ_OK] {"src":"n3","dest":"c12","body":{"type":"read_ok","messages":[],"in_reply_to":1,"msg_id":0}}
BEGIN GOSSIP
NEIGHBORS: 
END GOSSIP
[BROADCAST_OK] {"src":"n3","dest":"n2","body":{"type":"broadcast_ok","in_reply_to":1,"msg_id":0}}
[RECEIVED] {"id":35,"src":"c12","dest":"n3","body":{"type":"read","msg_id":2}}
[MATCH READ]
[READ_OK] {"src":"n3","dest":"c12","body":{"type":"read_ok","messages":["0"],"in_reply_to":2,"msg_id":0}}
[RECEIVED] {"id":37,"src":"c12","dest":"n3","body":{"type":"broadcast","message":3,"msg_id":3}}
[MATCH BROADCAST]
BEGIN GOSSIP
NEIGHBORS: n2
GOSSIP LOOP
LOOP ITER
[BROADCAST] {"src":"n3","dest":"n2","body":{"type":"broadcast","message":"3","msg_id":0}}
[RECEIVED] {"id":41,"src":"n2","dest":"n3","body":{"type":"broadcast","message":"0","msg_id":4}}
GOSSIP LOOP
LOOP ITER
[BROADCAST] {"src":"n3","dest":"n2","body":{"type":"broadcast","message":"3","msg_id":1}}
[RECEIVED] {"id":49,"src":"n2","dest":"n3","body":{"type":"broadcast","message":"0","msg_id":7}}
GOSSIP LOOP
LOOP ITER
[BROADCAST] {"src":"n3","dest":"n2","body":{"type":"broadcast","message":"3","msg_id":2}}
[RECEIVED] {"id":57,"src":"n2","dest":"n3","body":{"type":"broadcast","message":"0","msg_id":10}}
GOSSIP LOOP
LOOP ITER
[BROADCAST] {"src":"n3","dest":"n2","body":{"type":"broadcast","message":"3","msg_id":3}}
[RECEIVED] {"id":64,"src":"n2","dest":"n3","body":{"type":"broadcast","message":"0","msg_id":13}}
GOSSIP LOOP
LOOP ITER
[BROADCAST] {"src":"n3","dest":"n2","body":{"type":"broadcast","message":"3","msg_id":4}}
[RECEIVED] {"id":72,"src":"n2","dest":"n3","body":{"type":"broadcast","message":"0","msg_id":16}}
[RECEIVED] {"id":77,"src":"c18","dest":"n3","body":{"type":"broadcast","message":8,"msg_id":1}}
GOSSIP LOOP
LOOP ITER
[BROADCAST] {"src":"n3","dest":"n2","body":{"type":"broadcast","message":"3","msg_id":5}}
[RECEIVED] {"id":83,"src":"n2","dest":"n3","body":{"type":"broadcast","message":"0","msg_id":19}}
GOSSIP LOOP
LOOP ITER
[BROADCAST] {"src":"n3","dest":"n2","body":{"type":"broadcast","message":"3","msg_id":6}}
[RECEIVED] {"id":90,"src":"n2","dest":"n3","body":{"type":"broadcast","message":"0","msg_id":22}}
GOSSIP LOOP
LOOP ITER
[BROADCAST] {"src":"n3","dest":"n2","body":{"type":"broadcast","message":"3","msg_id":7}}
[RECEIVED] {"id":97,"src":"n2","dest":"n3","body":{"type":"broadcast","message":"0","msg_id":25}}
GOSSIP LOOP
LOOP ITER
[BROADCAST] {"src":"n3","dest":"n2","body":{"type":"broadcast","message":"3","msg_id":8}}
[RECEIVED] {"id":104,"src":"n2","dest":"n3","body":{"type":"broadcast","message":"0","msg_id":28}}
GOSSIP LOOP
LOOP ITER
[BROADCAST] {"src":"n3","dest":"n2","body":{"type":"broadcast","message":"3","msg_id":9}}
[RECEIVED] {"id":112,"src":"n2","dest":"n3","body":{"type":"broadcast","message":"0","msg_id":31}}
[RECEIVED] {"id":117,"src":"c23","dest":"n3","body":{"type":"broadcast","message":11,"msg_id":1}}
GOSSIP LOOP
LOOP ITER
[BROADCAST] {"src":"n3","dest":"n2","body":{"type":"broadcast","message":"3","msg_id":10}}
[RECEIVED] {"id":123,"src":"n2","dest":"n3","body":{"type":"broadcast","message":"0","msg_id":34}}
GOSSIP LOOP
LOOP ITER
[BROADCAST] {"src":"n3","dest":"n2","body":{"type":"broadcast","message":"3","msg_id":11}}
[RECEIVED] {"id":130,"src":"n2","dest":"n3","body":{"type":"broadcast","message":"0","msg_id":37}}
GOSSIP LOOP
LOOP ITER
[BROADCAST] {"src":"n3","dest":"n2","body":{"type":"broadcast","message":"3","msg_id":12}}
[RECEIVED] {"id":137,"src":"n2","dest":"n3","body":{"type":"broadcast","message":"0","msg_id":40}}
GOSSIP LOOP
LOOP ITER
[BROADCAST] {"src":"n3","dest":"n2","body":{"type":"broadcast","message":"3","msg_id":13}}
[RECEIVED] {"id":144,"src":"n2","dest":"n3","body":{"type":"broadcast","message":"0","msg_id":43}}
GOSSIP LOOP
LOOP ITER
[BROADCAST] {"src":"n3","dest":"n2","body":{"type":"broadcast","message":"3","msg_id":14}}
[RECEIVED] {"id":152,"src":"n2","dest":"n3","body":{"type":"broadcast","message":"0","msg_id":46}}
[RECEIVED] {"id":157,"src":"c26","dest":"n3","body":{"type":"read","msg_id":1}}
GOSSIP LOOP
LOOP ITER
[BROADCAST] {"src":"n3","dest":"n2","body":{"type":"broadcast","message":"3","msg_id":15}}
[RECEIVED] {"id":163,"src":"n2","dest":"n3","body":{"type":"broadcast","message":"0","msg_id":49}}
GOSSIP LOOP
LOOP ITER
[BROADCAST] {"src":"n3","dest":"n2","body":{"type":"broadcast","message":"3","msg_id":16}}
[RECEIVED] {"id":170,"src":"n2","dest":"n3","body":{"type":"broadcast","message":"0","msg_id":52}}
GOSSIP LOOP
LOOP ITER
[BROADCAST] {"src":"n3","dest":"n2","body":{"type":"broadcast","message":"3","msg_id":17}}
[RECEIVED] {"id":177,"src":"n2","dest":"n3","body":{"type":"broadcast","message":"0","msg_id":55}}
GOSSIP LOOP
LOOP ITER
[BROADCAST] {"src":"n3","dest":"n2","body":{"type":"broadcast","message":"3","msg_id":18}}
[RECEIVED] {"id":184,"src":"n2","dest":"n3","body":{"type":"broadcast","message":"0","msg_id":58}}
GOSSIP LOOP
LOOP ITER
[BROADCAST] {"src":"n3","dest":"n2","body":{"type":"broadcast","message":"3","msg_id":19}}
[RECEIVED] {"id":191,"src":"n2","dest":"n3","body":{"type":"broadcast","message":"0","msg_id":61}}
GOSSIP LOOP
LOOP ITER
[BROADCAST] {"src":"n3","dest":"n2","body":{"type":"broadcast","message":"3","msg_id":20}}
[RECEIVED] {"id":198,"src":"n2","dest":"n3","body":{"type":"broadcast","message":"0","msg_id":64}}
GOSSIP LOOP
LOOP ITER
[BROADCAST] {"src":"n3","dest":"n2","body":{"type":"broadcast","message":"3","msg_id":21}}
[RECEIVED] {"id":205,"src":"n2","dest":"n3","body":{"type":"broadcast","message":"0","msg_id":67}}
GOSSIP LOOP
LOOP ITER
[BROADCAST] {"src":"n3","dest":"n2","body":{"type":"broadcast","message":"3","msg_id":22}}
[RECEIVED] {"id":212,"src":"n2","dest":"n3","body":{"type":"broadcast","message":"0","msg_id":70}}
GOSSIP LOOP
LOOP ITER
[BROADCAST] {"src":"n3","dest":"n2","body":{"type":"broadcast","message":"3","msg_id":23}}
[RECEIVED] {"id":219,"src":"n2","dest":"n3","body":{"type":"broadcast","message":"0","msg_id":73}}
GOSSIP LOOP
LOOP ITER
[BROADCAST] {"src":"n3","dest":"n2","body":{"type":"broadcast","message":"3","msg_id":24}}
[RECEIVED] {"id":226,"src":"n2","dest":"n3","body":{"type":"broadcast","message":"0","msg_id":76}}
GOSSIP LOOP
LOOP ITER
[BROADCAST] {"src":"n3","dest":"n2","body":{"type":"broadcast","message":"3","msg_id":25}}
[RECEIVED] {"id":233,"src":"n2","dest":"n3","body":{"type":"broadcast","message":"0","msg_id":79}}
GOSSIP LOOP
LOOP ITER
[BROADCAST] {"src":"n3","dest":"n2","body":{"type":"broadcast","message":"3","msg_id":26}}
[RECEIVED] {"id":240,"src":"n2","dest":"n3","body":{"type":"broadcast","message":"0","msg_id":82}}
GOSSIP LOOP
LOOP ITER
[BROADCAST] {"src":"n3","dest":"n2","body":{"type":"broadcast","message":"3","msg_id":27}}
[RECEIVED] {"id":247,"src":"n2","dest":"n3","body":{"type":"broadcast","message":"0","msg_id":85}}
GOSSIP LOOP
LOOP ITER
[BROADCAST] {"src":"n3","dest":"n2","body":{"type":"broadcast","message":"3","msg_id":28}}
[RECEIVED] {"id":254,"src":"n2","dest":"n3","body":{"type":"broadcast","message":"0","msg_id":88}}
GOSSIP LOOP
LOOP ITER
[BROADCAST] {"src":"n3","dest":"n2","body":{"type":"broadcast","message":"3","msg_id":29}}
[RECEIVED] {"id":261,"src":"n2","dest":"n3","body":{"type":"broadcast","message":"0","msg_id":91}}
[RECEIVED] {"id":263,"src":"c26","dest":"n3","body":{"type":"read","msg_id":2}}
GOSSIP LOOP
LOOP ITER
[BROADCAST] {"src":"n3","dest":"n2","body":{"type":"broadcast","message":"3","msg_id":30}}
[RECEIVED] {"id":273,"src":"n2","dest":"n3","body":{"type":"broadcast","message":"0","msg_id":94}}
GOSSIP LOOP
LOOP ITER
[BROADCAST] {"src":"n3","dest":"n2","body":{"type":"broadcast","message":"3","msg_id":31}}
[RECEIVED] {"id":280,"src":"n2","dest":"n3","body":{"type":"broadcast","message":"0","msg_id":97}}
GOSSIP LOOP
LOOP ITER
[BROADCAST] {"src":"n3","dest":"n2","body":{"type":"broadcast","message":"3","msg_id":32}}
[RECEIVED] {"id":287,"src":"n2","dest":"n3","body":{"type":"broadcast","message":"0","msg_id":100}}
GOSSIP LOOP
LOOP ITER
[BROADCAST] {"src":"n3","dest":"n2","body":{"type":"broadcast","message":"3","msg_id":33}}
[RECEIVED] {"id":294,"src":"n2","dest":"n3","body":{"type":"broadcast","message":"0","msg_id":103}}
GOSSIP LOOP
LOOP ITER
[BROADCAST] {"src":"n3","dest":"n2","body":{"type":"broadcast","message":"3","msg_id":34}}
[RECEIVED] {"id":301,"src":"n2","dest":"n3","body":{"type":"broadcast","message":"0","msg_id":106}}
GOSSIP LOOP
LOOP ITER
[BROADCAST] {"src":"n3","dest":"n2","body":{"type":"broadcast","message":"3","msg_id":35}}
