[RECEIVED] {"id":1,"src":"c1","dest":"n5","body":{"type":"init","node_id":"n5","node_ids":["n1","n2","n3","n4","n5"],"msg_id":1}}
[MATCH INIT]
[INIT_OK] {"src":"n5","dest":"c1","body":{"type":"init_ok","in_reply_to":1,"msg_id":0}}
[RECEIVED] {"id":14,"src":"c9","dest":"n5","body":{"type":"topology","topology":{"n1":["n4","n2"],"n2":["n5","n3","n1"],"n3":["n2"],"n4":["n1","n5"],"n5":["n2","n4"]},"msg_id":1}}
[MATCH TOPOLOGY]
[TOPOLOGY_OK] {"src":"n5","dest":"c9","body":{"type":"topology_ok","in_reply_to":1,"msg_id":0}}
[RECEIVED] {"id":26,"src":"n2","dest":"n5","body":{"type":"broadcast","message":"0","msg_id":2}}
[MATCH BROADCAST]
BEGIN GOSSIP
NEIGHBORS: n4
GOSSIP LOOP
LOOP ITER
[BROADCAST] {"src":"n5","dest":"n4","body":{"type":"broadcast","message":"0","msg_id":0}}
[RECEIVED] {"id":31,"src":"n4","dest":"n5","body":{"type":"broadcast","message":"0","msg_id":0}}
[RECEIVED] {"id":33,"src":"c14","dest":"n5","body":{"type":"broadcast","message":2,"msg_id":1}}
GOSSIP LOOP
LOOP ITER
[BROADCAST] {"src":"n5","dest":"n4","body":{"type":"broadcast","message":"0","msg_id":1}}
[RECEIVED] {"id":43,"src":"n2","dest":"n5","body":{"type":"broadcast","message":"0","msg_id":5}}
[RECEIVED] {"id":44,"src":"n4","dest":"n5","body":{"type":"broadcast","message":"0","msg_id":1}}
GOSSIP LOOP
LOOP ITER
[BROADCAST] {"src":"n5","dest":"n4","body":{"type":"broadcast","message":"0","msg_id":2}}
[RECEIVED] {"id":50,"src":"n4","dest":"n5","body":{"type":"broadcast","message":"0","msg_id":2}}
[RECEIVED] {"id":51,"src":"n2","dest":"n5","body":{"type":"broadcast","message":"0","msg_id":8}}
GOSSIP LOOP
LOOP ITER
[BROADCAST] {"src":"n5","dest":"n4","body":{"type":"broadcast","message":"0","msg_id":3}}
[RECEIVED] {"id":55,"src":"n4","dest":"n5","body":{"type":"broadcast","message":"0","msg_id":3}}
[RECEIVED] {"id":58,"src":"n2","dest":"n5","body":{"type":"broadcast","message":"0","msg_id":11}}
GOSSIP LOOP
LOOP ITER
[BROADCAST] {"src":"n5","dest":"n4","body":{"type":"broadcast","message":"0","msg_id":4}}
[RECEIVED] {"id":62,"src":"n4","dest":"n5","body":{"type":"broadcast","message":"0","msg_id":4}}
[RECEIVED] {"id":65,"src":"n2","dest":"n5","body":{"type":"broadcast","message":"0","msg_id":14}}
GOSSIP LOOP
LOOP ITER
[BROADCAST] {"src":"n5","dest":"n4","body":{"type":"broadcast","message":"0","msg_id":5}}
[RECEIVED] {"id":69,"src":"n4","dest":"n5","body":{"type":"broadcast","message":"0","msg_id":5}}
[RECEIVED] {"id":73,"src":"n2","dest":"n5","body":{"type":"broadcast","message":"0","msg_id":17}}
[RECEIVED] {"id":75,"src":"c17","dest":"n5","body":{"type":"broadcast","message":6,"msg_id":1}}
GOSSIP LOOP
LOOP ITER
[BROADCAST] {"src":"n5","dest":"n4","body":{"type":"broadcast","message":"0","msg_id":6}}
[RECEIVED] {"id":79,"src":"n4","dest":"n5","body":{"type":"broadcast","message":"0","msg_id":6}}
[RECEIVED] {"id":84,"src":"n2","dest":"n5","body":{"type":"broadcast","message":"0","msg_id":20}}
GOSSIP LOOP
LOOP ITER
[BROADCAST] {"src":"n5","dest":"n4","body":{"type":"broadcast","message":"0","msg_id":7}}
[RECEIVED] {"id":88,"src":"n4","dest":"n5","body":{"type":"broadcast","message":"0","msg_id":7}}
[RECEIVED] {"id":91,"src":"n2","dest":"n5","body":{"type":"broadcast","message":"0","msg_id":23}}
GOSSIP LOOP
LOOP ITER
[BROADCAST] {"src":"n5","dest":"n4","body":{"type":"broadcast","message":"0","msg_id":8}}
[RECEIVED] {"id":93,"src":"n4","dest":"n5","body":{"type":"broadcast","message":"0","msg_id":8}}
[RECEIVED] {"id":98,"src":"n2","dest":"n5","body":{"type":"broadcast","message":"0","msg_id":26}}
GOSSIP LOOP
LOOP ITER
[BROADCAST] {"src":"n5","dest":"n4","body":{"type":"broadcast","message":"0","msg_id":9}}
[RECEIVED] {"id":101,"src":"n4","dest":"n5","body":{"type":"broadcast","message":"0","msg_id":9}}
[RECEIVED] {"id":105,"src":"n2","dest":"n5","body":{"type":"broadcast","message":"0","msg_id":29}}
GOSSIP LOOP
LOOP ITER
[BROADCAST] {"src":"n5","dest":"n4","body":{"type":"broadcast","message":"0","msg_id":10}}
[RECEIVED] {"id":108,"src":"n4","dest":"n5","body":{"type":"broadcast","message":"0","msg_id":10}}
[RECEIVED] {"id":113,"src":"n2","dest":"n5","body":{"type":"broadcast","message":"0","msg_id":32}}
[RECEIVED] {"id":115,"src":"c21","dest":"n5","body":{"type":"broadcast","message":10,"msg_id":1}}
GOSSIP LOOP
LOOP ITER
[BROADCAST] {"src":"n5","dest":"n4","body":{"type":"broadcast","message":"0","msg_id":11}}
[RECEIVED] {"id":121,"src":"n4","dest":"n5","body":{"type":"broadcast","message":"0","msg_id":11}}
[RECEIVED] {"id":124,"src":"n2","dest":"n5","body":{"type":"broadcast","message":"0","msg_id":35}}
GOSSIP LOOP
LOOP ITER
[BROADCAST] {"src":"n5","dest":"n4","body":{"type":"broadcast","message":"0","msg_id":12}}
[RECEIVED] {"id":128,"src":"n4","dest":"n5","body":{"type":"broadcast","message":"0","msg_id":12}}
[RECEIVED] {"id":131,"src":"n2","dest":"n5","body":{"type":"broadcast","message":"0","msg_id":38}}
GOSSIP LOOP
LOOP ITER
[BROADCAST] {"src":"n5","dest":"n4","body":{"type":"broadcast","message":"0","msg_id":13}}
[RECEIVED] {"id":135,"src":"n4","dest":"n5","body":{"type":"broadcast","message":"0","msg_id":13}}
[RECEIVED] {"id":138,"src":"n2","dest":"n5","body":{"type":"broadcast","message":"0","msg_id":41}}
GOSSIP LOOP
LOOP ITER
[BROADCAST] {"src":"n5","dest":"n4","body":{"type":"broadcast","message":"0","msg_id":14}}
[RECEIVED] {"id":140,"src":"n4","dest":"n5","body":{"type":"broadcast","message":"0","msg_id":14}}
[RECEIVED] {"id":145,"src":"n2","dest":"n5","body":{"type":"broadcast","message":"0","msg_id":44}}
GOSSIP LOOP
LOOP ITER
[BROADCAST] {"src":"n5","dest":"n4","body":{"type":"broadcast","message":"0","msg_id":15}}
[RECEIVED] {"id":150,"src":"n4","dest":"n5","body":{"type":"broadcast","message":"0","msg_id":15}}
[RECEIVED] {"id":153,"src":"n2","dest":"n5","body":{"type":"broadcast","message":"0","msg_id":47}}
[RECEIVED] {"id":155,"src":"c25","dest":"n5","body":{"type":"read","msg_id":1}}
GOSSIP LOOP
LOOP ITER
[BROADCAST] {"src":"n5","dest":"n4","body":{"type":"broadcast","message":"0","msg_id":16}}
[RECEIVED] {"id":160,"src":"n4","dest":"n5","body":{"type":"broadcast","message":"0","msg_id":16}}
[RECEIVED] {"id":164,"src":"n2","dest":"n5","body":{"type":"broadcast","message":"0","msg_id":50}}
GOSSIP LOOP
[RECEIVED] {"id":166,"src":"n4","dest":"n5","body":{"type":"broadcast","message":"0","msg_id":17}}
LOOP ITER
[BROADCAST] {"src":"n5","dest":"n4","body":{"type":"broadcast","message":"0","msg_id":17}}
[RECEIVED] {"id":171,"src":"n2","dest":"n5","body":{"type":"broadcast","message":"0","msg_id":53}}
GOSSIP LOOP
[RECEIVED] {"id":173,"src":"n4","dest":"n5","body":{"type":"broadcast","message":"0","msg_id":18}}
LOOP ITER
[BROADCAST] {"src":"n5","dest":"n4","body":{"type":"broadcast","message":"0","msg_id":18}}
[RECEIVED] {"id":178,"src":"n2","dest":"n5","body":{"type":"broadcast","message":"0","msg_id":56}}
GOSSIP LOOP
[RECEIVED] {"id":180,"src":"n4","dest":"n5","body":{"type":"broadcast","message":"0","msg_id":19}}
LOOP ITER
[BROADCAST] {"src":"n5","dest":"n4","body":{"type":"broadcast","message":"0","msg_id":19}}
[RECEIVED] {"id":185,"src":"n2","dest":"n5","body":{"type":"broadcast","message":"0","msg_id":59}}
GOSSIP LOOP
LOOP ITER
[BROADCAST] {"src":"n5","dest":"n4","body":{"type":"broadcast","message":"0","msg_id":20}}
[RECEIVED] {"id":187,"src":"n4","dest":"n5","body":{"type":"broadcast","message":"0","msg_id":20}}
[RECEIVED] {"id":192,"src":"n2","dest":"n5","body":{"type":"broadcast","message":"0","msg_id":62}}
GOSSIP LOOP
[RECEIVED] {"id":195,"src":"n4","dest":"n5","body":{"type":"broadcast","message":"0","msg_id":21}}
LOOP ITER
[BROADCAST] {"src":"n5","dest":"n4","body":{"type":"broadcast","message":"0","msg_id":21}}
[RECEIVED] {"id":199,"src":"n2","dest":"n5","body":{"type":"broadcast","message":"0","msg_id":65}}
GOSSIP LOOP
[RECEIVED] {"id":201,"src":"n4","dest":"n5","body":{"type":"broadcast","message":"0","msg_id":22}}
LOOP ITER
[BROADCAST] {"src":"n5","dest":"n4","body":{"type":"broadcast","message":"0","msg_id":22}}
[RECEIVED] {"id":206,"src":"n2","dest":"n5","body":{"type":"broadcast","message":"0","msg_id":68}}
GOSSIP LOOP
LOOP ITER
[BROADCAST] {"src":"n5","dest":"n4","body":{"type":"broadcast","message":"0","msg_id":23}}
[RECEIVED] {"id":208,"src":"n4","dest":"n5","body":{"type":"broadcast","message":"0","msg_id":23}}
[RECEIVED] {"id":213,"src":"n2","dest":"n5","body":{"type":"broadcast","message":"0","msg_id":71}}
GOSSIP LOOP
[RECEIVED] {"id":215,"src":"n4","dest":"n5","body":{"type":"broadcast","message":"0","msg_id":24}}
LOOP ITER
[BROADCAST] {"src":"n5","dest":"n4","body":{"type":"broadcast","message":"0","msg_id":24}}
[RECEIVED] {"id":220,"src":"n2","dest":"n5","body":{"type":"broadcast","message":"0","msg_id":74}}
GOSSIP LOOP
[RECEIVED] {"id":223,"src":"n4","dest":"n5","body":{"type":"broadcast","message":"0","msg_id":25}}
LOOP ITER
[BROADCAST] {"src":"n5","dest":"n4","body":{"type":"broadcast","message":"0","msg_id":25}}
[RECEIVED] {"id":227,"src":"n2","dest":"n5","body":{"type":"broadcast","message":"0","msg_id":77}}
GOSSIP LOOP
LOOP ITER
[BROADCAST] {"src":"n5","dest":"n4","body":{"type":"broadcast","message":"0","msg_id":26}}
[RECEIVED] {"id":229,"src":"n4","dest":"n5","body":{"type":"broadcast","message":"0","msg_id":26}}
[RECEIVED] {"id":234,"src":"n2","dest":"n5","body":{"type":"broadcast","message":"0","msg_id":80}}
GOSSIP LOOP
LOOP ITER
[BROADCAST] {"src":"n5","dest":"n4","body":{"type":"broadcast","message":"0","msg_id":27}}
[RECEIVED] {"id":237,"src":"n4","dest":"n5","body":{"type":"broadcast","message":"0","msg_id":27}}
[RECEIVED] {"id":241,"src":"n2","dest":"n5","body":{"type":"broadcast","message":"0","msg_id":83}}
GOSSIP LOOP
LOOP ITER
[BROADCAST] {"src":"n5","dest":"n4","body":{"type":"broadcast","message":"0","msg_id":28}}
[RECEIVED] {"id":244,"src":"n4","dest":"n5","body":{"type":"broadcast","message":"0","msg_id":28}}
[RECEIVED] {"id":248,"src":"n2","dest":"n5","body":{"type":"broadcast","message":"0","msg_id":86}}
GOSSIP LOOP
LOOP ITER
[BROADCAST] {"src":"n5","dest":"n4","body":{"type":"broadcast","message":"0","msg_id":29}}
[RECEIVED] {"id":252,"src":"n4","dest":"n5","body":{"type":"broadcast","message":"0","msg_id":29}}
[RECEIVED] {"id":255,"src":"n2","dest":"n5","body":{"type":"broadcast","message":"0","msg_id":89}}
GOSSIP LOOP
LOOP ITER
[BROADCAST] {"src":"n5","dest":"n4","body":{"type":"broadcast","message":"0","msg_id":30}}
[RECEIVED] {"id":259,"src":"n4","dest":"n5","body":{"type":"broadcast","message":"0","msg_id":30}}
[RECEIVED] {"id":262,"src":"n2","dest":"n5","body":{"type":"broadcast","message":"0","msg_id":92}}
[RECEIVED] {"id":267,"src":"c25","dest":"n5","body":{"type":"read","msg_id":2}}
GOSSIP LOOP
LOOP ITER
[BROADCAST] {"src":"n5","dest":"n4","body":{"type":"broadcast","message":"0","msg_id":31}}
[RECEIVED] {"id":271,"src":"n4","dest":"n5","body":{"type":"broadcast","message":"0","msg_id":31}}
[RECEIVED] {"id":274,"src":"n2","dest":"n5","body":{"type":"broadcast","message":"0","msg_id":95}}
GOSSIP LOOP
LOOP ITER
[BROADCAST] {"src":"n5","dest":"n4","body":{"type":"broadcast","message":"0","msg_id":32}}
[RECEIVED] {"id":277,"src":"n4","dest":"n5","body":{"type":"broadcast","message":"0","msg_id":32}}
[RECEIVED] {"id":281,"src":"n2","dest":"n5","body":{"type":"broadcast","message":"0","msg_id":98}}
GOSSIP LOOP
LOOP ITER
[BROADCAST] {"src":"n5","dest":"n4","body":{"type":"broadcast","message":"0","msg_id":33}}
[RECEIVED] {"id":284,"src":"n4","dest":"n5","body":{"type":"broadcast","message":"0","msg_id":33}}
[RECEIVED] {"id":288,"src":"n2","dest":"n5","body":{"type":"broadcast","message":"0","msg_id":101}}
GOSSIP LOOP
LOOP ITER
[BROADCAST] {"src":"n5","dest":"n4","body":{"type":"broadcast","message":"0","msg_id":34}}
[RECEIVED] {"id":291,"src":"n4","dest":"n5","body":{"type":"broadcast","message":"0","msg_id":34}}
[RECEIVED] {"id":295,"src":"n2","dest":"n5","body":{"type":"broadcast","message":"0","msg_id":104}}
GOSSIP LOOP
LOOP ITER
[BROADCAST] {"src":"n5","dest":"n4","body":{"type":"broadcast","message":"0","msg_id":35}}
[RECEIVED] {"id":297,"src":"n4","dest":"n5","body":{"type":"broadcast","message":"0","msg_id":35}}
[RECEIVED] {"id":302,"src":"n2","dest":"n5","body":{"type":"broadcast","message":"0","msg_id":107}}
