[RECEIVED] {"id":3,"src":"c3","dest":"n3","body":{"type":"init","node_id":"n3","node_ids":["n1","n2","n3","n4","n5"],"msg_id":1}}
[INIT] {"src":"n3","dest":"c3","body":{"type":"init_ok","in_reply_to":1,"msg_id":0}}
[RECEIVED] {"id":12,"src":"c11","dest":"n3","body":{"echo":"Please echo 108","type":"echo","msg_id":1}}
[MATCH ECHO]
[ECHO] {"src":"n3","dest":"c11","body":{"type":"echo_ok","echo":"Please echo 108","msg_id":1,"in_reply_to":1}}
[RECEIVED] {"id":18,"src":"c11","dest":"n3","body":{"echo":"Please echo 4","type":"echo","msg_id":2}}
[MATCH ECHO]
[ECHO] {"src":"n3","dest":"c11","body":{"type":"echo_ok","echo":"Please echo 4","msg_id":2,"in_reply_to":2}}
[RECEIVED] {"id":40,"src":"c11","dest":"n3","body":{"echo":"Please echo 95","type":"echo","msg_id":3}}
[MATCH ECHO]
[ECHO] {"src":"n3","dest":"c11","body":{"type":"echo_ok","echo":"Please echo 95","msg_id":3,"in_reply_to":3}}
[RECEIVED] {"id":62,"src":"c11","dest":"n3","body":{"echo":"Please echo 32","type":"echo","msg_id":4}}
[MATCH ECHO]
[ECHO] {"src":"n3","dest":"c11","body":{"type":"echo_ok","echo":"Please echo 32","msg_id":4,"in_reply_to":4}}
[RECEIVED] {"id":64,"src":"c11","dest":"n3","body":{"echo":"Please echo 56","type":"echo","msg_id":5}}
[MATCH ECHO]
[ECHO] {"src":"n3","dest":"c11","body":{"type":"echo_ok","echo":"Please echo 56","msg_id":5,"in_reply_to":5}}
[RECEIVED] {"id":86,"src":"c11","dest":"n3","body":{"echo":"Please echo 103","type":"echo","msg_id":6}}
[MATCH ECHO]
[ECHO] {"src":"n3","dest":"c11","body":{"type":"echo_ok","echo":"Please echo 103","msg_id":6,"in_reply_to":6}}
[RECEIVED] {"id":90,"src":"c11","dest":"n3","body":{"echo":"Please echo 127","type":"echo","msg_id":7}}
[MATCH ECHO]
[ECHO] {"src":"n3","dest":"c11","body":{"type":"echo_ok","echo":"Please echo 127","msg_id":7,"in_reply_to":7}}
[RECEIVED] {"id":98,"src":"c11","dest":"n3","body":{"echo":"Please echo 47","type":"echo","msg_id":8}}
[MATCH ECHO]
[ECHO] {"src":"n3","dest":"c11","body":{"type":"echo_ok","echo":"Please echo 47","msg_id":8,"in_reply_to":8}}
[RECEIVED] {"id":100,"src":"c11","dest":"n3","body":{"echo":"Please echo 94","type":"echo","msg_id":9}}
[MATCH ECHO]
[ECHO] {"src":"n3","dest":"c11","body":{"type":"echo_ok","echo":"Please echo 94","msg_id":9,"in_reply_to":9}}
