[RECEIVED] {"id":1,"src":"c1","dest":"n5","body":{"type":"init","node_id":"n5","node_ids":["n1","n2","n3","n4","n5"],"msg_id":1}}
[INIT] {"src":"n5","dest":"c1","body":{"type":"init_ok","in_reply_to":1,"msg_id":0}}
[RECEIVED] {"id":20,"src":"c13","dest":"n5","body":{"echo":"Please echo 111","type":"echo","msg_id":1}}
[MATCH ECHO]
[ECHO] {"src":"n5","dest":"c13","body":{"type":"echo_ok","echo":"Please echo 111","msg_id":1,"in_reply_to":1}}
[RECEIVED] {"id":24,"src":"c13","dest":"n5","body":{"echo":"Please echo 116","type":"echo","msg_id":2}}
[MATCH ECHO]
[ECHO] {"src":"n5","dest":"c13","body":{"type":"echo_ok","echo":"Please echo 116","msg_id":2,"in_reply_to":2}}
[RECEIVED] {"id":32,"src":"c13","dest":"n5","body":{"echo":"Please echo 58","type":"echo","msg_id":3}}
[MATCH ECHO]
[ECHO] {"src":"n5","dest":"c13","body":{"type":"echo_ok","echo":"Please echo 58","msg_id":3,"in_reply_to":3}}
[RECEIVED] {"id":36,"src":"c13","dest":"n5","body":{"echo":"Please echo 2","type":"echo","msg_id":4}}
[MATCH ECHO]
[ECHO] {"src":"n5","dest":"c13","body":{"type":"echo_ok","echo":"Please echo 2","msg_id":4,"in_reply_to":4}}
[RECEIVED] {"id":44,"src":"c13","dest":"n5","body":{"echo":"Please echo 75","type":"echo","msg_id":5}}
[MATCH ECHO]
[ECHO] {"src":"n5","dest":"c13","body":{"type":"echo_ok","echo":"Please echo 75","msg_id":5,"in_reply_to":5}}
[RECEIVED] {"id":50,"src":"c13","dest":"n5","body":{"echo":"Please echo 79","type":"echo","msg_id":6}}
[MATCH ECHO]
[ECHO] {"src":"n5","dest":"c13","body":{"type":"echo_ok","echo":"Please echo 79","msg_id":6,"in_reply_to":6}}
[RECEIVED] {"id":54,"src":"c13","dest":"n5","body":{"echo":"Please echo 47","type":"echo","msg_id":7}}
[MATCH ECHO]
[ECHO] {"src":"n5","dest":"c13","body":{"type":"echo_ok","echo":"Please echo 47","msg_id":7,"in_reply_to":7}}
[RECEIVED] {"id":70,"src":"c13","dest":"n5","body":{"echo":"Please echo 56","type":"echo","msg_id":8}}
[MATCH ECHO]
[ECHO] {"src":"n5","dest":"c13","body":{"type":"echo_ok","echo":"Please echo 56","msg_id":8,"in_reply_to":8}}
[RECEIVED] {"id":76,"src":"c13","dest":"n5","body":{"echo":"Please echo 22","type":"echo","msg_id":9}}
[MATCH ECHO]
[ECHO] {"src":"n5","dest":"c13","body":{"type":"echo_ok","echo":"Please echo 22","msg_id":9,"in_reply_to":9}}
[RECEIVED] {"id":88,"src":"c13","dest":"n5","body":{"echo":"Please echo 43","type":"echo","msg_id":10}}
[MATCH ECHO]
[ECHO] {"src":"n5","dest":"c13","body":{"type":"echo_ok","echo":"Please echo 43","msg_id":10,"in_reply_to":10}}
