[RECEIVED] {"id":1,"src":"c1","dest":"n1","body":{"type":"init","node_id":"n1","node_ids":["n1","n2","n3","n4","n5"],"msg_id":1}}
[MATCH INIT]
[INIT] {"src":"n1","dest":"c1","body":{"type":"init_ok","in_reply_to":1,"msg_id":0}}
[RECEIVED] {"id":13,"src":"c6","dest":"n1","body":{"type":"topology","topology":{"n1":["n4","n2"],"n2":["n5","n3","n1"],"n3":["n2"],"n4":["n1","n5"],"n5":["n2","n4"]},"msg_id":1}}
[MATCH TOPOLOGY]
[TOPOLOGY] {"src":"n1","dest":"c6","body":{"type":"topology_ok","in_reply_to":1,"msg_id":1}}
[RECEIVED] {"id":20,"src":"c10","dest":"n1","body":{"type":"read","msg_id":1}}
[MATCH READ]
[READ] {"src":"n1","dest":"c10","body":{"type":"read_ok","messages":[],"in_reply_to":1,"msg_id":2}}
[RECEIVED] {"id":28,"src":"n2","dest":"n1","body":{"type":"broadcast","message":"0","msg_id":null}}
[MATCH BROADCAST]
[BROADCAST REQUEST: n1 -> n4] {"id":0,"src":"n1","dest":"n4","body":{"type":"broadcast","message":"0","msg_id":null}}
[RECEIVED] {"id":31,"src":"n4","dest":"n1","body":{"type":"broadcast","message":"0","msg_id":null}}
[MATCH BROADCAST]
[RECEIVED] {"id":33,"src":"n4","dest":"n1","body":{"type":"broadcast","message":"1","msg_id":null}}
[MATCH BROADCAST]
[BROADCAST REQUEST: n1 -> n2] {"id":0,"src":"n1","dest":"n2","body":{"type":"broadcast","message":"1","msg_id":null}}
[RECEIVED] {"id":45,"src":"n4","dest":"n1","body":{"type":"broadcast","message":"2","msg_id":null}}
[MATCH BROADCAST]
[RECEIVED] {"id":46,"src":"n2","dest":"n1","body":{"type":"broadcast","message":"2","msg_id":null}}
[BROADCAST REQUEST: n1 -> n2] {"id":0,"src":"n1","dest":"n2","body":{"type":"broadcast","message":"2","msg_id":null}}
[MATCH BROADCAST]
[RECEIVED] {"id":48,"src":"c10","dest":"n1","body":{"type":"broadcast","message":3,"msg_id":2}}
[MATCH BROADCAST]
[BROADCAST REQUEST: n1 -> n4] {"id":0,"src":"n1","dest":"n4","body":{"type":"broadcast","message":"3","msg_id":null}}
[BROADCAST REQUEST: n1 -> n2] {"id":0,"src":"n1","dest":"n2","body":{"type":"broadcast","message":"3","msg_id":null}}
[BROADCAST] {"src":"n1","dest":"c10","body":{"type":"broadcast_ok","in_reply_to":2,"msg_id":8}}
[RECEIVED] {"id":56,"src":"c10","dest":"n1","body":{"type":"read","msg_id":3}}
[MATCH READ]
[READ] {"src":"n1","dest":"c10","body":{"type":"read_ok","messages":["0","1","2","3"],"in_reply_to":3,"msg_id":9}}
[RECEIVED] {"id":61,"src":"n2","dest":"n1","body":{"type":"broadcast","message":"4","msg_id":null}}
[MATCH BROADCAST]
[BROADCAST REQUEST: n1 -> n4] {"id":0,"src":"n1","dest":"n4","body":{"type":"broadcast","message":"4","msg_id":null}}
[RECEIVED] {"id":65,"src":"n4","dest":"n1","body":{"type":"broadcast","message":"4","msg_id":null}}
[MATCH BROADCAST]
[RECEIVED] {"id":70,"src":"n2","dest":"n1","body":{"type":"broadcast","message":"5","msg_id":null}}
[MATCH BROADCAST]
[BROADCAST REQUEST: n1 -> n4] {"id":0,"src":"n1","dest":"n4","body":{"type":"broadcast","message":"5","msg_id":null}}
[RECEIVED] {"id":73,"src":"n4","dest":"n1","body":{"type":"broadcast","message":"5","msg_id":null}}
[MATCH BROADCAST]
[RECEIVED] {"id":75,"src":"n4","dest":"n1","body":{"type":"broadcast","message":"6","msg_id":null}}
[MATCH BROADCAST]
[BROADCAST REQUEST: n1 -> n2] {"id":0,"src":"n1","dest":"n2","body":{"type":"broadcast","message":"6","msg_id":null}}
[RECEIVED] {"id":87,"src":"n4","dest":"n1","body":{"type":"broadcast","message":"7","msg_id":null}}
[RECEIVED] {"id":88,"src":"n2","dest":"n1","body":{"type":"broadcast","message":"7","msg_id":null}}
[MATCH BROADCAST]
[MATCH BROADCAST]
[BROADCAST REQUEST: n1 -> n2] {"id":0,"src":"n1","dest":"n2","body":{"type":"broadcast","message":"7","msg_id":null}}
[RECEIVED] {"id":90,"src":"c10","dest":"n1","body":{"type":"read","msg_id":4}}
[MATCH READ]
[READ] {"src":"n1","dest":"c10","body":{"type":"read_ok","messages":["0","1","2","3","4","5","6","7"],"in_reply_to":4,"msg_id":17}}
[RECEIVED] {"id":92,"src":"c10","dest":"n1","body":{"type":"broadcast","message":8,"msg_id":5}}
[MATCH BROADCAST]
[BROADCAST REQUEST: n1 -> n4] {"id":0,"src":"n1","dest":"n4","body":{"type":"broadcast","message":"8","msg_id":null}}
[BROADCAST REQUEST: n1 -> n2] {"id":0,"src":"n1","dest":"n2","body":{"type":"broadcast","message":"8","msg_id":null}}
[BROADCAST] {"src":"n1","dest":"c10","body":{"type":"broadcast_ok","in_reply_to":5,"msg_id":18}}
[RECEIVED] {"id":106,"src":"n2","dest":"n1","body":{"type":"broadcast","message":"9","msg_id":null}}
[MATCH BROADCAST]
[BROADCAST REQUEST: n1 -> n4] {"id":0,"src":"n1","dest":"n4","body":{"type":"broadcast","message":"9","msg_id":null}}
[RECEIVED] {"id":117,"src":"n2","dest":"n1","body":{"type":"broadcast","message":"10","msg_id":null}}
[RECEIVED] {"id":118,"src":"n4","dest":"n1","body":{"type":"broadcast","message":"10","msg_id":null}}
[MATCH BROADCAST]
[MATCH BROADCAST]
[BROADCAST REQUEST: n1 -> n4] {"id":0,"src":"n1","dest":"n4","body":{"type":"broadcast","message":"10","msg_id":null}}
[RECEIVED] {"id":120,"src":"c10","dest":"n1","body":{"type":"broadcast","message":11,"msg_id":6}}
[MATCH BROADCAST]
[BROADCAST REQUEST: n1 -> n4] {"id":0,"src":"n1","dest":"n4","body":{"type":"broadcast","message":"11","msg_id":null}}
[BROADCAST REQUEST: n1 -> n2] {"id":0,"src":"n1","dest":"n2","body":{"type":"broadcast","message":"11","msg_id":null}}
[BROADCAST] {"src":"n1","dest":"c10","body":{"type":"broadcast_ok","in_reply_to":6,"msg_id":22}}
[RECEIVED] {"id":128,"src":"c10","dest":"n1","body":{"type":"read","msg_id":7}}
[MATCH READ]
[READ] {"src":"n1","dest":"c10","body":{"type":"read_ok","messages":["0","1","10","11","2","3","4","5","6","7","8","9"],"in_reply_to":7,"msg_id":23}}
[RECEIVED] {"id":136,"src":"n2","dest":"n1","body":{"type":"broadcast","message":"12","msg_id":null}}
[MATCH BROADCAST]
[BROADCAST REQUEST: n1 -> n4] {"id":0,"src":"n1","dest":"n4","body":{"type":"broadcast","message":"12","msg_id":null}}
[RECEIVED] {"id":141,"src":"n4","dest":"n1","body":{"type":"broadcast","message":"13","msg_id":null}}
[MATCH BROADCAST]
[BROADCAST REQUEST: n1 -> n2] {"id":0,"src":"n1","dest":"n2","body":{"type":"broadcast","message":"13","msg_id":null}}
[RECEIVED] {"id":150,"src":"c10","dest":"n1","body":{"type":"read","msg_id":8}}
[MATCH READ]
[READ] {"src":"n1","dest":"c10","body":{"type":"read_ok","messages":["0","1","10","11","12","13","2","3","4","5","6","7","8","9"],"in_reply_to":8,"msg_id":26}}
[RECEIVED] {"id":152,"src":"c10","dest":"n1","body":{"type":"broadcast","message":14,"msg_id":9}}
[MATCH BROADCAST]
[BROADCAST REQUEST: n1 -> n4] {"id":0,"src":"n1","dest":"n4","body":{"type":"broadcast","message":"14","msg_id":null}}
[BROADCAST REQUEST: n1 -> n2] {"id":0,"src":"n1","dest":"n2","body":{"type":"broadcast","message":"14","msg_id":null}}
[BROADCAST] {"src":"n1","dest":"c10","body":{"type":"broadcast_ok","in_reply_to":9,"msg_id":27}}
[RECEIVED] {"id":163,"src":"n2","dest":"n1","body":{"type":"broadcast","message":"15","msg_id":null}}
[MATCH BROADCAST]
[BROADCAST REQUEST: n1 -> n4] {"id":0,"src":"n1","dest":"n4","body":{"type":"broadcast","message":"15","msg_id":null}}
[RECEIVED] {"id":167,"src":"n4","dest":"n1","body":{"type":"broadcast","message":"15","msg_id":null}}
[MATCH BROADCAST]
[RECEIVED] {"id":171,"src":"n4","dest":"n1","body":{"type":"broadcast","message":"16","msg_id":null}}
[MATCH BROADCAST]
[BROADCAST REQUEST: n1 -> n2] {"id":0,"src":"n1","dest":"n2","body":{"type":"broadcast","message":"16","msg_id":null}}
[RECEIVED] {"id":180,"src":"c10","dest":"n1","body":{"type":"read","msg_id":10}}
[MATCH READ]
[READ] {"src":"n1","dest":"c10","body":{"type":"read_ok","messages":["0","1","10","11","12","13","14","15","16","2","3","4","5","6","7","8","9"],"in_reply_to":10,"msg_id":31}}
[RECEIVED] {"id":182,"src":"c10","dest":"n1","body":{"type":"broadcast","message":17,"msg_id":11}}
[MATCH BROADCAST]
[BROADCAST REQUEST: n1 -> n4] {"id":0,"src":"n1","dest":"n4","body":{"type":"broadcast","message":"17","msg_id":null}}
[BROADCAST REQUEST: n1 -> n2] {"id":0,"src":"n1","dest":"n2","body":{"type":"broadcast","message":"17","msg_id":null}}
[BROADCAST] {"src":"n1","dest":"c10","body":{"type":"broadcast_ok","in_reply_to":11,"msg_id":32}}
[RECEIVED] {"id":196,"src":"n2","dest":"n1","body":{"type":"broadcast","message":"18","msg_id":null}}
[MATCH BROADCAST]
[BROADCAST REQUEST: n1 -> n4] {"id":0,"src":"n1","dest":"n4","body":{"type":"broadcast","message":"18","msg_id":null}}
[RECEIVED] {"id":199,"src":"n4","dest":"n1","body":{"type":"broadcast","message":"18","msg_id":null}}
[MATCH BROADCAST]
[RECEIVED] {"id":204,"src":"c10","dest":"n1","body":{"type":"read","msg_id":12}}
[MATCH READ]
[READ] {"src":"n1","dest":"c10","body":{"type":"read_ok","messages":["0","1","10","11","12","13","14","15","16","17","18","2","3","4","5","6","7","8","9"],"in_reply_to":12,"msg_id":35}}
[RECEIVED] {"id":206,"src":"c10","dest":"n1","body":{"type":"broadcast","message":19,"msg_id":13}}
[MATCH BROADCAST]
[BROADCAST REQUEST: n1 -> n4] {"id":0,"src":"n1","dest":"n4","body":{"type":"broadcast","message":"19","msg_id":null}}
[BROADCAST REQUEST: n1 -> n2] {"id":0,"src":"n1","dest":"n2","body":{"type":"broadcast","message":"19","msg_id":null}}
[BROADCAST] {"src":"n1","dest":"c10","body":{"type":"broadcast_ok","in_reply_to":13,"msg_id":36}}
[RECEIVED] {"id":220,"src":"n2","dest":"n1","body":{"type":"broadcast","message":"20","msg_id":null}}
[MATCH BROADCAST]
[BROADCAST REQUEST: n1 -> n4] {"id":0,"src":"n1","dest":"n4","body":{"type":"broadcast","message":"20","msg_id":null}}
[RECEIVED] {"id":223,"src":"n4","dest":"n1","body":{"type":"broadcast","message":"20","msg_id":null}}
[MATCH BROADCAST]
[RECEIVED] {"id":231,"src":"n2","dest":"n1","body":{"type":"broadcast","message":"21","msg_id":null}}
[RECEIVED] {"id":232,"src":"n4","dest":"n1","body":{"type":"broadcast","message":"21","msg_id":null}}
[MATCH BROADCAST]
[MATCH BROADCAST]
[BROADCAST REQUEST: n1 -> n4] {"id":0,"src":"n1","dest":"n4","body":{"type":"broadcast","message":"21","msg_id":null}}
[RECEIVED] {"id":234,"src":"c10","dest":"n1","body":{"type":"read","msg_id":14}}
[MATCH READ]
[READ] {"src":"n1","dest":"c10","body":{"type":"read_ok","messages":["0","1","10","11","12","13","14","15","16","17","18","19","2","20","21","3","4","5","6","7","8","9"],"in_reply_to":14,"msg_id":41}}
[RECEIVED] {"id":236,"src":"c10","dest":"n1","body":{"type":"read","msg_id":15}}
[MATCH READ]
[READ] {"src":"n1","dest":"c10","body":{"type":"read_ok","messages":["0","1","10","11","12","13","14","15","16","17","18","19","2","20","21","3","4","5","6","7","8","9"],"in_reply_to":15,"msg_id":42}}
[RECEIVED] {"id":241,"src":"n2","dest":"n1","body":{"type":"broadcast","message":"22","msg_id":null}}
[MATCH BROADCAST]
[BROADCAST REQUEST: n1 -> n4] {"id":0,"src":"n1","dest":"n4","body":{"type":"broadcast","message":"22","msg_id":null}}
[RECEIVED] {"id":245,"src":"n4","dest":"n1","body":{"type":"broadcast","message":"22","msg_id":null}}
[MATCH BROADCAST]
[RECEIVED] {"id":250,"src":"n2","dest":"n1","body":{"type":"broadcast","message":"23","msg_id":null}}
[MATCH BROADCAST]
[BROADCAST REQUEST: n1 -> n4] {"id":0,"src":"n1","dest":"n4","body":{"type":"broadcast","message":"23","msg_id":null}}
[RECEIVED] {"id":253,"src":"n4","dest":"n1","body":{"type":"broadcast","message":"23","msg_id":null}}
[MATCH BROADCAST]
[RECEIVED] {"id":255,"src":"n4","dest":"n1","body":{"type":"broadcast","message":"24","msg_id":null}}
[MATCH BROADCAST]
[BROADCAST REQUEST: n1 -> n2] {"id":0,"src":"n1","dest":"n2","body":{"type":"broadcast","message":"24","msg_id":null}}
[RECEIVED] {"id":267,"src":"n4","dest":"n1","body":{"type":"broadcast","message":"25","msg_id":null}}
[RECEIVED] {"id":268,"src":"n2","dest":"n1","body":{"type":"broadcast","message":"25","msg_id":null}}
[MATCH BROADCAST]
[MATCH BROADCAST]
[BROADCAST REQUEST: n1 -> n2] {"id":0,"src":"n1","dest":"n2","body":{"type":"broadcast","message":"25","msg_id":null}}
[RECEIVED] {"id":270,"src":"c10","dest":"n1","body":{"type":"read","msg_id":16}}
[MATCH READ]
[READ] {"src":"n1","dest":"c10","body":{"type":"read_ok","messages":["0","1","10","11","12","13","14","15","16","17","18","19","2","20","21","22","23","24","25","3","4","5","6","7","8","9"],"in_reply_to":16,"msg_id":50}}
[RECEIVED] {"id":272,"src":"c10","dest":"n1","body":{"type":"read","msg_id":17}}
[MATCH READ]
[READ] {"src":"n1","dest":"c10","body":{"type":"read_ok","messages":["0","1","10","11","12","13","14","15","16","17","18","19","2","20","21","22","23","24","25","3","4","5","6","7","8","9"],"in_reply_to":17,"msg_id":51}}
[RECEIVED] {"id":279,"src":"n4","dest":"n1","body":{"type":"broadcast","message":"26","msg_id":null}}
[MATCH BROADCAST]
[BROADCAST REQUEST: n1 -> n2] {"id":0,"src":"n1","dest":"n2","body":{"type":"broadcast","message":"26","msg_id":null}}
[RECEIVED] {"id":291,"src":"n4","dest":"n1","body":{"type":"broadcast","message":"27","msg_id":null}}
[RECEIVED] {"id":292,"src":"n2","dest":"n1","body":{"type":"broadcast","message":"27","msg_id":null}}
[MATCH BROADCAST]
[MATCH BROADCAST]
[BROADCAST REQUEST: n1 -> n2] {"id":0,"src":"n1","dest":"n2","body":{"type":"broadcast","message":"27","msg_id":null}}
[RECEIVED] {"id":294,"src":"c10","dest":"n1","body":{"type":"broadcast","message":28,"msg_id":18}}
[MATCH BROADCAST]
[BROADCAST REQUEST: n1 -> n4] {"id":0,"src":"n1","dest":"n4","body":{"type":"broadcast","message":"28","msg_id":null}}
[BROADCAST REQUEST: n1 -> n2] {"id":0,"src":"n1","dest":"n2","body":{"type":"broadcast","message":"28","msg_id":null}}
[BROADCAST] {"src":"n1","dest":"c10","body":{"type":"broadcast_ok","in_reply_to":18,"msg_id":55}}
[RECEIVED] {"id":302,"src":"c10","dest":"n1","body":{"type":"broadcast","message":29,"msg_id":19}}
[MATCH BROADCAST]
[BROADCAST REQUEST: n1 -> n4] {"id":0,"src":"n1","dest":"n4","body":{"type":"broadcast","message":"29","msg_id":null}}
[BROADCAST REQUEST: n1 -> n2] {"id":0,"src":"n1","dest":"n2","body":{"type":"broadcast","message":"29","msg_id":null}}
[BROADCAST] {"src":"n1","dest":"c10","body":{"type":"broadcast_ok","in_reply_to":19,"msg_id":56}}
[RECEIVED] {"id":313,"src":"n2","dest":"n1","body":{"type":"broadcast","message":"30","msg_id":null}}
[MATCH BROADCAST]
[BROADCAST REQUEST: n1 -> n4] {"id":0,"src":"n1","dest":"n4","body":{"type":"broadcast","message":"30","msg_id":null}}
[RECEIVED] {"id":317,"src":"n4","dest":"n1","body":{"type":"broadcast","message":"30","msg_id":null}}
[MATCH BROADCAST]
[RECEIVED] {"id":327,"src":"n4","dest":"n1","body":{"type":"broadcast","message":"31","msg_id":null}}
[RECEIVED] {"id":328,"src":"n2","dest":"n1","body":{"type":"broadcast","message":"31","msg_id":null}}
[MATCH BROADCAST]
[MATCH BROADCAST]
[BROADCAST REQUEST: n1 -> n2] {"id":0,"src":"n1","dest":"n2","body":{"type":"broadcast","message":"31","msg_id":null}}
[RECEIVED] {"id":330,"src":"c10","dest":"n1","body":{"type":"broadcast","message":32,"msg_id":20}}
[MATCH BROADCAST]
[BROADCAST REQUEST: n1 -> n4] {"id":0,"src":"n1","dest":"n4","body":{"type":"broadcast","message":"32","msg_id":null}}
[BROADCAST REQUEST: n1 -> n2] {"id":0,"src":"n1","dest":"n2","body":{"type":"broadcast","message":"32","msg_id":null}}
[BROADCAST] {"src":"n1","dest":"c10","body":{"type":"broadcast_ok","in_reply_to":20,"msg_id":61}}
[RECEIVED] {"id":338,"src":"c10","dest":"n1","body":{"type":"broadcast","message":33,"msg_id":21}}
[MATCH BROADCAST]
[BROADCAST REQUEST: n1 -> n4] {"id":0,"src":"n1","dest":"n4","body":{"type":"broadcast","message":"33","msg_id":null}}
[BROADCAST REQUEST: n1 -> n2] {"id":0,"src":"n1","dest":"n2","body":{"type":"broadcast","message":"33","msg_id":null}}
[BROADCAST] {"src":"n1","dest":"c10","body":{"type":"broadcast_ok","in_reply_to":21,"msg_id":62}}
[RECEIVED] {"id":349,"src":"n2","dest":"n1","body":{"type":"broadcast","message":"34","msg_id":null}}
[MATCH BROADCAST]
[BROADCAST REQUEST: n1 -> n4] {"id":0,"src":"n1","dest":"n4","body":{"type":"broadcast","message":"34","msg_id":null}}
[RECEIVED] {"id":353,"src":"n4","dest":"n1","body":{"type":"broadcast","message":"34","msg_id":null}}
[MATCH BROADCAST]
[RECEIVED] {"id":358,"src":"n2","dest":"n1","body":{"type":"broadcast","message":"35","msg_id":null}}
[MATCH BROADCAST]
[BROADCAST REQUEST: n1 -> n4] {"id":0,"src":"n1","dest":"n4","body":{"type":"broadcast","message":"35","msg_id":null}}
[RECEIVED] {"id":361,"src":"n4","dest":"n1","body":{"type":"broadcast","message":"35","msg_id":null}}
[MATCH BROADCAST]
[RECEIVED] {"id":369,"src":"n4","dest":"n1","body":{"type":"broadcast","message":"36","msg_id":null}}
[RECEIVED] {"id":370,"src":"n2","dest":"n1","body":{"type":"broadcast","message":"36","msg_id":null}}
[MATCH BROADCAST]
[MATCH BROADCAST]
[BROADCAST REQUEST: n1 -> n2] {"id":0,"src":"n1","dest":"n2","body":{"type":"broadcast","message":"36","msg_id":null}}
[RECEIVED] {"id":372,"src":"c10","dest":"n1","body":{"type":"read","msg_id":22}}
[MATCH READ]
[READ] {"src":"n1","dest":"c10","body":{"type":"read_ok","messages":["0","1","10","11","12","13","14","15","16","17","18","19","2","20","21","22","23","24","25","26","27","28","29","3","30","31","32","33","34","35","36","4","5","6","7","8","9"],"in_reply_to":22,"msg_id":69}}
[RECEIVED] {"id":374,"src":"c10","dest":"n1","body":{"type":"broadcast","message":37,"msg_id":23}}
[MATCH BROADCAST]
[BROADCAST REQUEST: n1 -> n4] {"id":0,"src":"n1","dest":"n4","body":{"type":"broadcast","message":"37","msg_id":null}}
[BROADCAST REQUEST: n1 -> n2] {"id":0,"src":"n1","dest":"n2","body":{"type":"broadcast","message":"37","msg_id":null}}
[BROADCAST] {"src":"n1","dest":"c10","body":{"type":"broadcast_ok","in_reply_to":23,"msg_id":70}}
[RECEIVED] {"id":385,"src":"n2","dest":"n1","body":{"type":"broadcast","message":"38","msg_id":null}}
[MATCH BROADCAST]
[BROADCAST REQUEST: n1 -> n4] {"id":0,"src":"n1","dest":"n4","body":{"type":"broadcast","message":"38","msg_id":null}}
[RECEIVED] {"id":389,"src":"n4","dest":"n1","body":{"type":"broadcast","message":"38","msg_id":null}}
[MATCH BROADCAST]
[RECEIVED] {"id":393,"src":"n4","dest":"n1","body":{"type":"broadcast","message":"39","msg_id":null}}
[MATCH BROADCAST]
[BROADCAST REQUEST: n1 -> n2] {"id":0,"src":"n1","dest":"n2","body":{"type":"broadcast","message":"39","msg_id":null}}
[RECEIVED] {"id":402,"src":"c10","dest":"n1","body":{"type":"broadcast","message":40,"msg_id":24}}
[MATCH BROADCAST]
[BROADCAST REQUEST: n1 -> n4] {"id":0,"src":"n1","dest":"n4","body":{"type":"broadcast","message":"40","msg_id":null}}
[BROADCAST REQUEST: n1 -> n2] {"id":0,"src":"n1","dest":"n2","body":{"type":"broadcast","message":"40","msg_id":null}}
[BROADCAST] {"src":"n1","dest":"c10","body":{"type":"broadcast_ok","in_reply_to":24,"msg_id":74}}
[RECEIVED] {"id":410,"src":"c10","dest":"n1","body":{"type":"broadcast","message":41,"msg_id":25}}
[MATCH BROADCAST]
[BROADCAST REQUEST: n1 -> n4] {"id":0,"src":"n1","dest":"n4","body":{"type":"broadcast","message":"41","msg_id":null}}
[BROADCAST REQUEST: n1 -> n2] {"id":0,"src":"n1","dest":"n2","body":{"type":"broadcast","message":"41","msg_id":null}}
[BROADCAST] {"src":"n1","dest":"c10","body":{"type":"broadcast_ok","in_reply_to":25,"msg_id":75}}
[RECEIVED] {"id":421,"src":"n2","dest":"n1","body":{"type":"broadcast","message":"42","msg_id":null}}
[MATCH BROADCAST]
[BROADCAST REQUEST: n1 -> n4] {"id":0,"src":"n1","dest":"n4","body":{"type":"broadcast","message":"42","msg_id":null}}
[RECEIVED] {"id":425,"src":"n4","dest":"n1","body":{"type":"broadcast","message":"42","msg_id":null}}
[MATCH BROADCAST]
[RECEIVED] {"id":429,"src":"n4","dest":"n1","body":{"type":"broadcast","message":"43","msg_id":null}}
[MATCH BROADCAST]
[BROADCAST REQUEST: n1 -> n2] {"id":0,"src":"n1","dest":"n2","body":{"type":"broadcast","message":"43","msg_id":null}}
[RECEIVED] {"id":438,"src":"c10","dest":"n1","body":{"type":"broadcast","message":44,"msg_id":26}}
[MATCH BROADCAST]
[BROADCAST REQUEST: n1 -> n4] {"id":0,"src":"n1","dest":"n4","body":{"type":"broadcast","message":"44","msg_id":null}}
[BROADCAST REQUEST: n1 -> n2] {"id":0,"src":"n1","dest":"n2","body":{"type":"broadcast","message":"44","msg_id":null}}
[BROADCAST] {"src":"n1","dest":"c10","body":{"type":"broadcast_ok","in_reply_to":26,"msg_id":79}}
[RECEIVED] {"id":446,"src":"c10","dest":"n1","body":{"type":"read","msg_id":27}}
[MATCH READ]
[READ] {"src":"n1","dest":"c10","body":{"type":"read_ok","messages":["0","1","10","11","12","13","14","15","16","17","18","19","2","20","21","22","23","24","25","26","27","28","29","3","30","31","32","33","34","35","36","37","38","39","4","40","41","42","43","44","5","6","7","8","9"],"in_reply_to":27,"msg_id":80}}
[RECEIVED] {"id":451,"src":"n2","dest":"n1","body":{"type":"broadcast","message":"45","msg_id":null}}
[MATCH BROADCAST]
[BROADCAST REQUEST: n1 -> n4] {"id":0,"src":"n1","dest":"n4","body":{"type":"broadcast","message":"45","msg_id":null}}
[RECEIVED] {"id":455,"src":"n4","dest":"n1","body":{"type":"broadcast","message":"45","msg_id":null}}
[MATCH BROADCAST]
[RECEIVED] {"id":460,"src":"n2","dest":"n1","body":{"type":"broadcast","message":"46","msg_id":null}}
[MATCH BROADCAST]
[BROADCAST REQUEST: n1 -> n4] {"id":0,"src":"n1","dest":"n4","body":{"type":"broadcast","message":"46","msg_id":null}}
[RECEIVED] {"id":468,"src":"c10","dest":"n1","body":{"type":"broadcast","message":47,"msg_id":28}}
[MATCH BROADCAST]
[BROADCAST REQUEST: n1 -> n4] {"id":0,"src":"n1","dest":"n4","body":{"type":"broadcast","message":"47","msg_id":null}}
[BROADCAST REQUEST: n1 -> n2] {"id":0,"src":"n1","dest":"n2","body":{"type":"broadcast","message":"47","msg_id":null}}
[BROADCAST] {"src":"n1","dest":"c10","body":{"type":"broadcast_ok","in_reply_to":28,"msg_id":84}}
[RECEIVED] {"id":476,"src":"c10","dest":"n1","body":{"type":"broadcast","message":48,"msg_id":29}}
[MATCH BROADCAST]
[BROADCAST REQUEST: n1 -> n4] {"id":0,"src":"n1","dest":"n4","body":{"type":"broadcast","message":"48","msg_id":null}}
[BROADCAST REQUEST: n1 -> n2] {"id":0,"src":"n1","dest":"n2","body":{"type":"broadcast","message":"48","msg_id":null}}
[BROADCAST] {"src":"n1","dest":"c10","body":{"type":"broadcast_ok","in_reply_to":29,"msg_id":85}}
[RECEIVED] {"id":489,"src":"n4","dest":"n1","body":{"type":"broadcast","message":"49","msg_id":null}}
[MATCH BROADCAST]
[BROADCAST REQUEST: n1 -> n2] {"id":0,"src":"n1","dest":"n2","body":{"type":"broadcast","message":"49","msg_id":null}}
[RECEIVED] {"id":495,"src":"n2","dest":"n1","body":{"type":"broadcast","message":"49","msg_id":null}}
[MATCH BROADCAST]
[RECEIVED] {"id":498,"src":"c10","dest":"n1","body":{"type":"read","msg_id":30}}
[MATCH READ]
[READ] {"src":"n1","dest":"c10","body":{"type":"read_ok","messages":["0","1","10","11","12","13","14","15","16","17","18","19","2","20","21","22","23","24","25","26","27","28","29","3","30","31","32","33","34","35","36","37","38","39","4","40","41","42","43","44","45","46","47","48","49","5","6","7","8","9"],"in_reply_to":30,"msg_id":88}}
[RECEIVED] {"id":500,"src":"c10","dest":"n1","body":{"type":"broadcast","message":50,"msg_id":31}}
[MATCH BROADCAST]
[BROADCAST REQUEST: n1 -> n4] {"id":0,"src":"n1","dest":"n4","body":{"type":"broadcast","message":"50","msg_id":null}}
[BROADCAST REQUEST: n1 -> n2] {"id":0,"src":"n1","dest":"n2","body":{"type":"broadcast","message":"50","msg_id":null}}
[BROADCAST] {"src":"n1","dest":"c10","body":{"type":"broadcast_ok","in_reply_to":31,"msg_id":89}}
[RECEIVED] {"id":514,"src":"n2","dest":"n1","body":{"type":"broadcast","message":"51","msg_id":null}}
[MATCH BROADCAST]
[BROADCAST REQUEST: n1 -> n4] {"id":0,"src":"n1","dest":"n4","body":{"type":"broadcast","message":"51","msg_id":null}}
[RECEIVED] {"id":517,"src":"n4","dest":"n1","body":{"type":"broadcast","message":"51","msg_id":null}}
[MATCH BROADCAST]
[RECEIVED] {"id":519,"src":"n4","dest":"n1","body":{"type":"broadcast","message":"52","msg_id":null}}
[MATCH BROADCAST]
[BROADCAST REQUEST: n1 -> n2] {"id":0,"src":"n1","dest":"n2","body":{"type":"broadcast","message":"52","msg_id":null}}
[RECEIVED] {"id":528,"src":"c10","dest":"n1","body":{"type":"read","msg_id":32}}
[MATCH READ]
[READ] {"src":"n1","dest":"c10","body":{"type":"read_ok","messages":["0","1","10","11","12","13","14","15","16","17","18","19","2","20","21","22","23","24","25","26","27","28","29","3","30","31","32","33","34","35","36","37","38","39","4","40","41","42","43","44","45","46","47","48","49","5","50","51","52","6","7","8","9"],"in_reply_to":32,"msg_id":93}}
[RECEIVED] {"id":530,"src":"c10","dest":"n1","body":{"type":"read","msg_id":33}}
[MATCH READ]
[READ] {"src":"n1","dest":"c10","body":{"type":"read_ok","messages":["0","1","10","11","12","13","14","15","16","17","18","19","2","20","21","22","23","24","25","26","27","28","29","3","30","31","32","33","34","35","36","37","38","39","4","40","41","42","43","44","45","46","47","48","49","5","50","51","52","6","7","8","9"],"in_reply_to":33,"msg_id":94}}
[RECEIVED] {"id":535,"src":"n2","dest":"n1","body":{"type":"broadcast","message":"53","msg_id":null}}
[MATCH BROADCAST]
[BROADCAST REQUEST: n1 -> n4] {"id":0,"src":"n1","dest":"n4","body":{"type":"broadcast","message":"53","msg_id":null}}
[RECEIVED] {"id":539,"src":"n4","dest":"n1","body":{"type":"broadcast","message":"53","msg_id":null}}
[MATCH BROADCAST]
[RECEIVED] {"id":543,"src":"n4","dest":"n1","body":{"type":"broadcast","message":"54","msg_id":null}}
[MATCH BROADCAST]
[BROADCAST REQUEST: n1 -> n2] {"id":0,"src":"n1","dest":"n2","body":{"type":"broadcast","message":"54","msg_id":null}}
[RECEIVED] {"id":552,"src":"c10","dest":"n1","body":{"type":"broadcast","message":55,"msg_id":34}}
[MATCH BROADCAST]
[BROADCAST REQUEST: n1 -> n4] {"id":0,"src":"n1","dest":"n4","body":{"type":"broadcast","message":"55","msg_id":null}}
[BROADCAST REQUEST: n1 -> n2] {"id":0,"src":"n1","dest":"n2","body":{"type":"broadcast","message":"55","msg_id":null}}
[BROADCAST] {"src":"n1","dest":"c10","body":{"type":"broadcast_ok","in_reply_to":34,"msg_id":98}}
[RECEIVED] {"id":560,"src":"c10","dest":"n1","body":{"type":"broadcast","message":56,"msg_id":35}}
[MATCH BROADCAST]
[BROADCAST REQUEST: n1 -> n4] {"id":0,"src":"n1","dest":"n4","body":{"type":"broadcast","message":"56","msg_id":null}}
[BROADCAST REQUEST: n1 -> n2] {"id":0,"src":"n1","dest":"n2","body":{"type":"broadcast","message":"56","msg_id":null}}
[BROADCAST] {"src":"n1","dest":"c10","body":{"type":"broadcast_ok","in_reply_to":35,"msg_id":99}}
[RECEIVED] {"id":573,"src":"n4","dest":"n1","body":{"type":"broadcast","message":"57","msg_id":null}}
[MATCH BROADCAST]
[BROADCAST REQUEST: n1 -> n2] {"id":0,"src":"n1","dest":"n2","body":{"type":"broadcast","message":"57","msg_id":null}}
[RECEIVED] {"id":582,"src":"c10","dest":"n1","body":{"type":"broadcast","message":58,"msg_id":36}}
[MATCH BROADCAST]
[BROADCAST REQUEST: n1 -> n4] {"id":0,"src":"n1","dest":"n4","body":{"type":"broadcast","message":"58","msg_id":null}}
[BROADCAST REQUEST: n1 -> n2] {"id":0,"src":"n1","dest":"n2","body":{"type":"broadcast","message":"58","msg_id":null}}
[BROADCAST] {"src":"n1","dest":"c10","body":{"type":"broadcast_ok","in_reply_to":36,"msg_id":101}}
[RECEIVED] {"id":590,"src":"c10","dest":"n1","body":{"type":"read","msg_id":37}}
[MATCH READ]
[READ] {"src":"n1","dest":"c10","body":{"type":"read_ok","messages":["0","1","10","11","12","13","14","15","16","17","18","19","2","20","21","22","23","24","25","26","27","28","29","3","30","31","32","33","34","35","36","37","38","39","4","40","41","42","43","44","45","46","47","48","49","5","50","51","52","53","54","55","56","57","58","6","7","8","9"],"in_reply_to":37,"msg_id":102}}
[RECEIVED] {"id":597,"src":"n4","dest":"n1","body":{"type":"broadcast","message":"59","msg_id":null}}
[MATCH BROADCAST]
[BROADCAST REQUEST: n1 -> n2] {"id":0,"src":"n1","dest":"n2","body":{"type":"broadcast","message":"59","msg_id":null}}
[RECEIVED] {"id":603,"src":"n2","dest":"n1","body":{"type":"broadcast","message":"59","msg_id":null}}
[MATCH BROADCAST]
[RECEIVED] {"id":609,"src":"n4","dest":"n1","body":{"type":"broadcast","message":"60","msg_id":null}}
[RECEIVED] {"id":610,"src":"n2","dest":"n1","body":{"type":"broadcast","message":"60","msg_id":null}}
[MATCH BROADCAST]
[MATCH BROADCAST]
[BROADCAST REQUEST: n1 -> n2] {"id":0,"src":"n1","dest":"n2","body":{"type":"broadcast","message":"60","msg_id":null}}
[RECEIVED] {"id":612,"src":"c10","dest":"n1","body":{"type":"broadcast","message":61,"msg_id":38}}
[MATCH BROADCAST]
[BROADCAST REQUEST: n1 -> n4] {"id":0,"src":"n1","dest":"n4","body":{"type":"broadcast","message":"61","msg_id":null}}
[BROADCAST REQUEST: n1 -> n2] {"id":0,"src":"n1","dest":"n2","body":{"type":"broadcast","message":"61","msg_id":null}}
[BROADCAST] {"src":"n1","dest":"c10","body":{"type":"broadcast_ok","in_reply_to":38,"msg_id":107}}
[RECEIVED] {"id":620,"src":"c10","dest":"n1","body":{"type":"broadcast","message":62,"msg_id":39}}
[MATCH BROADCAST]
[BROADCAST REQUEST: n1 -> n4] {"id":0,"src":"n1","dest":"n4","body":{"type":"broadcast","message":"62","msg_id":null}}
[BROADCAST REQUEST: n1 -> n2] {"id":0,"src":"n1","dest":"n2","body":{"type":"broadcast","message":"62","msg_id":null}}
[BROADCAST] {"src":"n1","dest":"c10","body":{"type":"broadcast_ok","in_reply_to":39,"msg_id":108}}
[RECEIVED] {"id":631,"src":"n2","dest":"n1","body":{"type":"broadcast","message":"63","msg_id":null}}
[MATCH BROADCAST]
[BROADCAST REQUEST: n1 -> n4] {"id":0,"src":"n1","dest":"n4","body":{"type":"broadcast","message":"63","msg_id":null}}
[RECEIVED] {"id":635,"src":"n4","dest":"n1","body":{"type":"broadcast","message":"63","msg_id":null}}
[MATCH BROADCAST]
[RECEIVED] {"id":640,"src":"n2","dest":"n1","body":{"type":"broadcast","message":"64","msg_id":null}}
[MATCH BROADCAST]
[BROADCAST REQUEST: n1 -> n4] {"id":0,"src":"n1","dest":"n4","body":{"type":"broadcast","message":"64","msg_id":null}}
[RECEIVED] {"id":643,"src":"n4","dest":"n1","body":{"type":"broadcast","message":"64","msg_id":null}}
[MATCH BROADCAST]
[RECEIVED] {"id":645,"src":"n4","dest":"n1","body":{"type":"broadcast","message":"65","msg_id":null}}
[MATCH BROADCAST]
[BROADCAST REQUEST: n1 -> n2] {"id":0,"src":"n1","dest":"n2","body":{"type":"broadcast","message":"65","msg_id":null}}
[RECEIVED] {"id":654,"src":"c10","dest":"n1","body":{"type":"broadcast","message":66,"msg_id":40}}
[MATCH BROADCAST]
[BROADCAST REQUEST: n1 -> n4] {"id":0,"src":"n1","dest":"n4","body":{"type":"broadcast","message":"66","msg_id":null}}
[BROADCAST REQUEST: n1 -> n2] {"id":0,"src":"n1","dest":"n2","body":{"type":"broadcast","message":"66","msg_id":null}}
[BROADCAST] {"src":"n1","dest":"c10","body":{"type":"broadcast_ok","in_reply_to":40,"msg_id":114}}
[RECEIVED] {"id":662,"src":"c10","dest":"n1","body":{"type":"broadcast","message":67,"msg_id":41}}
[MATCH BROADCAST]
[BROADCAST REQUEST: n1 -> n4] {"id":0,"src":"n1","dest":"n4","body":{"type":"broadcast","message":"67","msg_id":null}}
[BROADCAST REQUEST: n1 -> n2] {"id":0,"src":"n1","dest":"n2","body":{"type":"broadcast","message":"67","msg_id":null}}
[BROADCAST] {"src":"n1","dest":"c10","body":{"type":"broadcast_ok","in_reply_to":41,"msg_id":115}}
[RECEIVED] {"id":673,"src":"n2","dest":"n1","body":{"type":"broadcast","message":"68","msg_id":null}}
[MATCH BROADCAST]
[BROADCAST REQUEST: n1 -> n4] {"id":0,"src":"n1","dest":"n4","body":{"type":"broadcast","message":"68","msg_id":null}}
[RECEIVED] {"id":677,"src":"n4","dest":"n1","body":{"type":"broadcast","message":"68","msg_id":null}}
[MATCH BROADCAST]
[RECEIVED] {"id":682,"src":"n2","dest":"n1","body":{"type":"broadcast","message":"69","msg_id":null}}
[MATCH BROADCAST]
[BROADCAST REQUEST: n1 -> n4] {"id":0,"src":"n1","dest":"n4","body":{"type":"broadcast","message":"69","msg_id":null}}
[RECEIVED] {"id":685,"src":"n4","dest":"n1","body":{"type":"broadcast","message":"69","msg_id":null}}
[MATCH BROADCAST]
[RECEIVED] {"id":687,"src":"n4","dest":"n1","body":{"type":"broadcast","message":"70","msg_id":null}}
[MATCH BROADCAST]
[BROADCAST REQUEST: n1 -> n2] {"id":0,"src":"n1","dest":"n2","body":{"type":"broadcast","message":"70","msg_id":null}}
[RECEIVED] {"id":699,"src":"n4","dest":"n1","body":{"type":"broadcast","message":"71","msg_id":null}}
[MATCH BROADCAST]
[RECEIVED] {"id":700,"src":"n2","dest":"n1","body":{"type":"broadcast","message":"71","msg_id":null}}
[BROADCAST REQUEST: n1 -> n2] {"id":0,"src":"n1","dest":"n2","body":{"type":"broadcast","message":"71","msg_id":null}}
[MATCH BROADCAST]
[RECEIVED] {"id":702,"src":"c10","dest":"n1","body":{"type":"read","msg_id":42}}
[MATCH READ]
[READ] {"src":"n1","dest":"c10","body":{"type":"read_ok","messages":["0","1","10","11","12","13","14","15","16","17","18","19","2","20","21","22","23","24","25","26","27","28","29","3","30","31","32","33","34","35","36","37","38","39","4","40","41","42","43","44","45","46","47","48","49","5","50","51","52","53","54","55","56","57","58","59","6","60","61","62","63","64","65","66","67","68","69","7","70","71","8","9"],"in_reply_to":42,"msg_id":123}}
[RECEIVED] {"id":704,"src":"c10","dest":"n1","body":{"type":"broadcast","message":72,"msg_id":43}}
[MATCH BROADCAST]
[BROADCAST REQUEST: n1 -> n4] {"id":0,"src":"n1","dest":"n4","body":{"type":"broadcast","message":"72","msg_id":null}}
[BROADCAST REQUEST: n1 -> n2] {"id":0,"src":"n1","dest":"n2","body":{"type":"broadcast","message":"72","msg_id":null}}
[BROADCAST] {"src":"n1","dest":"c10","body":{"type":"broadcast_ok","in_reply_to":43,"msg_id":124}}
[RECEIVED] {"id":718,"src":"n2","dest":"n1","body":{"type":"broadcast","message":"73","msg_id":null}}
[MATCH BROADCAST]
[BROADCAST REQUEST: n1 -> n4] {"id":0,"src":"n1","dest":"n4","body":{"type":"broadcast","message":"73","msg_id":null}}
[RECEIVED] {"id":726,"src":"c10","dest":"n1","body":{"type":"broadcast","message":74,"msg_id":44}}
[MATCH BROADCAST]
[BROADCAST REQUEST: n1 -> n4] {"id":0,"src":"n1","dest":"n4","body":{"type":"broadcast","message":"74","msg_id":null}}
[BROADCAST REQUEST: n1 -> n2] {"id":0,"src":"n1","dest":"n2","body":{"type":"broadcast","message":"74","msg_id":null}}
[BROADCAST] {"src":"n1","dest":"c10","body":{"type":"broadcast_ok","in_reply_to":44,"msg_id":126}}
[RECEIVED] {"id":734,"src":"c10","dest":"n1","body":{"type":"read","msg_id":45}}
[MATCH READ]
[READ] {"src":"n1","dest":"c10","body":{"type":"read_ok","messages":["0","1","10","11","12","13","14","15","16","17","18","19","2","20","21","22","23","24","25","26","27","28","29","3","30","31","32","33","34","35","36","37","38","39","4","40","41","42","43","44","45","46","47","48","49","5","50","51","52","53","54","55","56","57","58","59","6","60","61","62","63","64","65","66","67","68","69","7","70","71","72","73","74","8","9"],"in_reply_to":45,"msg_id":127}}
[RECEIVED] {"id":747,"src":"n4","dest":"n1","body":{"type":"broadcast","message":"75","msg_id":null}}
[RECEIVED] {"id":748,"src":"n2","dest":"n1","body":{"type":"broadcast","message":"75","msg_id":null}}
[MATCH BROADCAST]
[MATCH BROADCAST]
[BROADCAST REQUEST: n1 -> n2] {"id":0,"src":"n1","dest":"n2","body":{"type":"broadcast","message":"75","msg_id":null}}
[RECEIVED] {"id":750,"src":"c10","dest":"n1","body":{"type":"broadcast","message":76,"msg_id":46}}
[MATCH BROADCAST]
[BROADCAST REQUEST: n1 -> n4] {"id":0,"src":"n1","dest":"n4","body":{"type":"broadcast","message":"76","msg_id":null}}
[BROADCAST REQUEST: n1 -> n2] {"id":0,"src":"n1","dest":"n2","body":{"type":"broadcast","message":"76","msg_id":null}}
[BROADCAST] {"src":"n1","dest":"c10","body":{"type":"broadcast_ok","in_reply_to":46,"msg_id":130}}
[RECEIVED] {"id":758,"src":"c10","dest":"n1","body":{"type":"read","msg_id":47}}
[MATCH READ]
[READ] {"src":"n1","dest":"c10","body":{"type":"read_ok","messages":["0","1","10","11","12","13","14","15","16","17","18","19","2","20","21","22","23","24","25","26","27","28","29","3","30","31","32","33","34","35","36","37","38","39","4","40","41","42","43","44","45","46","47","48","49","5","50","51","52","53","54","55","56","57","58","59","6","60","61","62","63","64","65","66","67","68","69","7","70","71","72","73","74","75","76","8","9"],"in_reply_to":47,"msg_id":131}}
[RECEIVED] {"id":765,"src":"n4","dest":"n1","body":{"type":"broadcast","message":"77","msg_id":null}}
[MATCH BROADCAST]
[BROADCAST REQUEST: n1 -> n2] {"id":0,"src":"n1","dest":"n2","body":{"type":"broadcast","message":"77","msg_id":null}}
[RECEIVED] {"id":776,"src":"n4","dest":"n1","body":{"type":"broadcast","message":"78","msg_id":null}}
[MATCH BROADCAST]
[RECEIVED] {"id":778,"src":"n2","dest":"n1","body":{"type":"broadcast","message":"78","msg_id":null}}
[BROADCAST REQUEST: n1 -> n2] {"id":0,"src":"n1","dest":"n2","body":{"type":"broadcast","message":"78","msg_id":null}}
[MATCH BROADCAST]
[RECEIVED] {"id":780,"src":"c10","dest":"n1","body":{"type":"read","msg_id":48}}
[MATCH READ]
[READ] {"src":"n1","dest":"c10","body":{"type":"read_ok","messages":["0","1","10","11","12","13","14","15","16","17","18","19","2","20","21","22","23","24","25","26","27","28","29","3","30","31","32","33","34","35","36","37","38","39","4","40","41","42","43","44","45","46","47","48","49","5","50","51","52","53","54","55","56","57","58","59","6","60","61","62","63","64","65","66","67","68","69","7","70","71","72","73","74","75","76","77","78","8","9"],"in_reply_to":48,"msg_id":135}}
[RECEIVED] {"id":782,"src":"c10","dest":"n1","body":{"type":"broadcast","message":79,"msg_id":49}}
[MATCH BROADCAST]
[BROADCAST REQUEST: n1 -> n4] {"id":0,"src":"n1","dest":"n4","body":{"type":"broadcast","message":"79","msg_id":null}}
[BROADCAST REQUEST: n1 -> n2] {"id":0,"src":"n1","dest":"n2","body":{"type":"broadcast","message":"79","msg_id":null}}
[BROADCAST] {"src":"n1","dest":"c10","body":{"type":"broadcast_ok","in_reply_to":49,"msg_id":136}}
[RECEIVED] {"id":793,"src":"n2","dest":"n1","body":{"type":"broadcast","message":"80","msg_id":null}}
[MATCH BROADCAST]
[BROADCAST REQUEST: n1 -> n4] {"id":0,"src":"n1","dest":"n4","body":{"type":"broadcast","message":"80","msg_id":null}}
[RECEIVED] {"id":797,"src":"n4","dest":"n1","body":{"type":"broadcast","message":"80","msg_id":null}}
[MATCH BROADCAST]
[RECEIVED] {"id":802,"src":"n2","dest":"n1","body":{"type":"broadcast","message":"81","msg_id":null}}
[MATCH BROADCAST]
[BROADCAST REQUEST: n1 -> n4] {"id":0,"src":"n1","dest":"n4","body":{"type":"broadcast","message":"81","msg_id":null}}
[RECEIVED] {"id":805,"src":"n4","dest":"n1","body":{"type":"broadcast","message":"81","msg_id":null}}
[MATCH BROADCAST]
[RECEIVED] {"id":807,"src":"n4","dest":"n1","body":{"type":"broadcast","message":"82","msg_id":null}}
[MATCH BROADCAST]
[BROADCAST REQUEST: n1 -> n2] {"id":0,"src":"n1","dest":"n2","body":{"type":"broadcast","message":"82","msg_id":null}}
[RECEIVED] {"id":813,"src":"n2","dest":"n1","body":{"type":"broadcast","message":"82","msg_id":null}}
[MATCH BROADCAST]
[RECEIVED] {"id":816,"src":"c10","dest":"n1","body":{"type":"broadcast","message":83,"msg_id":50}}
[MATCH BROADCAST]
[BROADCAST REQUEST: n1 -> n4] {"id":0,"src":"n1","dest":"n4","body":{"type":"broadcast","message":"83","msg_id":null}}
[BROADCAST REQUEST: n1 -> n2] {"id":0,"src":"n1","dest":"n2","body":{"type":"broadcast","message":"83","msg_id":null}}
[BROADCAST] {"src":"n1","dest":"c10","body":{"type":"broadcast_ok","in_reply_to":50,"msg_id":143}}
[RECEIVED] {"id":824,"src":"c10","dest":"n1","body":{"type":"read","msg_id":51}}
[MATCH READ]
[READ] {"src":"n1","dest":"c10","body":{"type":"read_ok","messages":["0","1","10","11","12","13","14","15","16","17","18","19","2","20","21","22","23","24","25","26","27","28","29","3","30","31","32","33","34","35","36","37","38","39","4","40","41","42","43","44","45","46","47","48","49","5","50","51","52","53","54","55","56","57","58","59","6","60","61","62","63","64","65","66","67","68","69","7","70","71","72","73","74","75","76","77","78","79","8","80","81","82","83","9"],"in_reply_to":51,"msg_id":144}}
[RECEIVED] {"id":829,"src":"n2","dest":"n1","body":{"type":"broadcast","message":"84","msg_id":null}}
[MATCH BROADCAST]
[BROADCAST REQUEST: n1 -> n4] {"id":0,"src":"n1","dest":"n4","body":{"type":"broadcast","message":"84","msg_id":null}}
[RECEIVED] {"id":840,"src":"c10","dest":"n1","body":{"type":"broadcast","message":85,"msg_id":52}}
[MATCH BROADCAST]
[BROADCAST REQUEST: n1 -> n4] {"id":0,"src":"n1","dest":"n4","body":{"type":"broadcast","message":"85","msg_id":null}}
[BROADCAST REQUEST: n1 -> n2] {"id":0,"src":"n1","dest":"n2","body":{"type":"broadcast","message":"85","msg_id":null}}
[BROADCAST] {"src":"n1","dest":"c10","body":{"type":"broadcast_ok","in_reply_to":52,"msg_id":146}}
[RECEIVED] {"id":848,"src":"c10","dest":"n1","body":{"type":"broadcast","message":86,"msg_id":53}}
[MATCH BROADCAST]
[BROADCAST REQUEST: n1 -> n4] {"id":0,"src":"n1","dest":"n4","body":{"type":"broadcast","message":"86","msg_id":null}}
[BROADCAST REQUEST: n1 -> n2] {"id":0,"src":"n1","dest":"n2","body":{"type":"broadcast","message":"86","msg_id":null}}
[BROADCAST] {"src":"n1","dest":"c10","body":{"type":"broadcast_ok","in_reply_to":53,"msg_id":147}}
[RECEIVED] {"id":862,"src":"n2","dest":"n1","body":{"type":"broadcast","message":"87","msg_id":null}}
[MATCH BROADCAST]
[BROADCAST REQUEST: n1 -> n4] {"id":0,"src":"n1","dest":"n4","body":{"type":"broadcast","message":"87","msg_id":null}}
[RECEIVED] {"id":865,"src":"n4","dest":"n1","body":{"type":"broadcast","message":"87","msg_id":null}}
[MATCH BROADCAST]
[RECEIVED] {"id":867,"src":"n4","dest":"n1","body":{"type":"broadcast","message":"88","msg_id":null}}
[MATCH BROADCAST]
[BROADCAST REQUEST: n1 -> n2] {"id":0,"src":"n1","dest":"n2","body":{"type":"broadcast","message":"88","msg_id":null}}
[RECEIVED] {"id":876,"src":"c10","dest":"n1","body":{"type":"broadcast","message":89,"msg_id":54}}
[MATCH BROADCAST]
[BROADCAST REQUEST: n1 -> n4] {"id":0,"src":"n1","dest":"n4","body":{"type":"broadcast","message":"89","msg_id":null}}
[BROADCAST REQUEST: n1 -> n2] {"id":0,"src":"n1","dest":"n2","body":{"type":"broadcast","message":"89","msg_id":null}}
[BROADCAST] {"src":"n1","dest":"c10","body":{"type":"broadcast_ok","in_reply_to":54,"msg_id":151}}
[RECEIVED] {"id":884,"src":"c10","dest":"n1","body":{"type":"read","msg_id":55}}
[MATCH READ]
[READ] {"src":"n1","dest":"c10","body":{"type":"read_ok","messages":["0","1","10","11","12","13","14","15","16","17","18","19","2","20","21","22","23","24","25","26","27","28","29","3","30","31","32","33","34","35","36","37","38","39","4","40","41","42","43","44","45","46","47","48","49","5","50","51","52","53","54","55","56","57","58","59","6","60","61","62","63","64","65","66","67","68","69","7","70","71","72","73","74","75","76","77","78","79","8","80","81","82","83","84","85","86","87","88","89","9"],"in_reply_to":55,"msg_id":152}}
[RECEIVED] {"id":889,"src":"n2","dest":"n1","body":{"type":"broadcast","message":"90","msg_id":null}}
[MATCH BROADCAST]
[BROADCAST REQUEST: n1 -> n4] {"id":0,"src":"n1","dest":"n4","body":{"type":"broadcast","message":"90","msg_id":null}}
[RECEIVED] {"id":893,"src":"n4","dest":"n1","body":{"type":"broadcast","message":"90","msg_id":null}}
[MATCH BROADCAST]
[RECEIVED] {"id":898,"src":"n2","dest":"n1","body":{"type":"broadcast","message":"91","msg_id":null}}
[MATCH BROADCAST]
[BROADCAST REQUEST: n1 -> n4] {"id":0,"src":"n1","dest":"n4","body":{"type":"broadcast","message":"91","msg_id":null}}
[RECEIVED] {"id":901,"src":"n4","dest":"n1","body":{"type":"broadcast","message":"91","msg_id":null}}
[MATCH BROADCAST]
[RECEIVED] {"id":903,"src":"n4","dest":"n1","body":{"type":"broadcast","message":"92","msg_id":null}}
[MATCH BROADCAST]
[BROADCAST REQUEST: n1 -> n2] {"id":0,"src":"n1","dest":"n2","body":{"type":"broadcast","message":"92","msg_id":null}}
[RECEIVED] {"id":912,"src":"c10","dest":"n1","body":{"type":"broadcast","message":93,"msg_id":56}}
[MATCH BROADCAST]
[BROADCAST REQUEST: n1 -> n4] {"id":0,"src":"n1","dest":"n4","body":{"type":"broadcast","message":"93","msg_id":null}}
[BROADCAST REQUEST: n1 -> n2] {"id":0,"src":"n1","dest":"n2","body":{"type":"broadcast","message":"93","msg_id":null}}
[BROADCAST] {"src":"n1","dest":"c10","body":{"type":"broadcast_ok","in_reply_to":56,"msg_id":158}}
[RECEIVED] {"id":920,"src":"c10","dest":"n1","body":{"type":"broadcast","message":94,"msg_id":57}}
[MATCH BROADCAST]
[BROADCAST REQUEST: n1 -> n4] {"id":0,"src":"n1","dest":"n4","body":{"type":"broadcast","message":"94","msg_id":null}}
[BROADCAST REQUEST: n1 -> n2] {"id":0,"src":"n1","dest":"n2","body":{"type":"broadcast","message":"94","msg_id":null}}
[BROADCAST] {"src":"n1","dest":"c10","body":{"type":"broadcast_ok","in_reply_to":57,"msg_id":159}}
[RECEIVED] {"id":933,"src":"n4","dest":"n1","body":{"type":"broadcast","message":"95","msg_id":null}}
[MATCH BROADCAST]
[BROADCAST REQUEST: n1 -> n2] {"id":0,"src":"n1","dest":"n2","body":{"type":"broadcast","message":"95","msg_id":null}}
[RECEIVED] {"id":945,"src":"n4","dest":"n1","body":{"type":"broadcast","message":"96","msg_id":null}}
[RECEIVED] {"id":946,"src":"n2","dest":"n1","body":{"type":"broadcast","message":"96","msg_id":null}}
[MATCH BROADCAST]
[MATCH BROADCAST]
[BROADCAST REQUEST: n1 -> n2] {"id":0,"src":"n1","dest":"n2","body":{"type":"broadcast","message":"96","msg_id":null}}
[RECEIVED] {"id":948,"src":"c10","dest":"n1","body":{"type":"broadcast","message":97,"msg_id":58}}
[MATCH BROADCAST]
[BROADCAST REQUEST: n1 -> n4] {"id":0,"src":"n1","dest":"n4","body":{"type":"broadcast","message":"97","msg_id":null}}
[BROADCAST REQUEST: n1 -> n2] {"id":0,"src":"n1","dest":"n2","body":{"type":"broadcast","message":"97","msg_id":null}}
[BROADCAST] {"src":"n1","dest":"c10","body":{"type":"broadcast_ok","in_reply_to":58,"msg_id":163}}
[RECEIVED] {"id":956,"src":"c10","dest":"n1","body":{"type":"read","msg_id":59}}
[MATCH READ]
[READ] {"src":"n1","dest":"c10","body":{"type":"read_ok","messages":["0","1","10","11","12","13","14","15","16","17","18","19","2","20","21","22","23","24","25","26","27","28","29","3","30","31","32","33","34","35","36","37","38","39","4","40","41","42","43","44","45","46","47","48","49","5","50","51","52","53","54","55","56","57","58","59","6","60","61","62","63","64","65","66","67","68","69","7","70","71","72","73","74","75","76","77","78","79","8","80","81","82","83","84","85","86","87","88","89","9","90","91","92","93","94","95","96","97"],"in_reply_to":59,"msg_id":164}}
[RECEIVED] {"id":963,"src":"n4","dest":"n1","body":{"type":"broadcast","message":"98","msg_id":null}}
[MATCH BROADCAST]
[BROADCAST REQUEST: n1 -> n2] {"id":0,"src":"n1","dest":"n2","body":{"type":"broadcast","message":"98","msg_id":null}}
[RECEIVED] {"id":972,"src":"c10","dest":"n1","body":{"type":"read","msg_id":60}}
[MATCH READ]
[READ] {"src":"n1","dest":"c10","body":{"type":"read_ok","messages":["0","1","10","11","12","13","14","15","16","17","18","19","2","20","21","22","23","24","25","26","27","28","29","3","30","31","32","33","34","35","36","37","38","39","4","40","41","42","43","44","45","46","47","48","49","5","50","51","52","53","54","55","56","57","58","59","6","60","61","62","63","64","65","66","67","68","69","7","70","71","72","73","74","75","76","77","78","79","8","80","81","82","83","84","85","86","87","88","89","9","90","91","92","93","94","95","96","97","98"],"in_reply_to":60,"msg_id":166}}
[RECEIVED] {"id":974,"src":"c10","dest":"n1","body":{"type":"broadcast","message":99,"msg_id":61}}
[MATCH BROADCAST]
[BROADCAST REQUEST: n1 -> n4] {"id":0,"src":"n1","dest":"n4","body":{"type":"broadcast","message":"99","msg_id":null}}
[BROADCAST REQUEST: n1 -> n2] {"id":0,"src":"n1","dest":"n2","body":{"type":"broadcast","message":"99","msg_id":null}}
[BROADCAST] {"src":"n1","dest":"c10","body":{"type":"broadcast_ok","in_reply_to":61,"msg_id":167}}
[RECEIVED] {"id":985,"src":"n2","dest":"n1","body":{"type":"broadcast","message":"100","msg_id":null}}
[MATCH BROADCAST]
[BROADCAST REQUEST: n1 -> n4] {"id":0,"src":"n1","dest":"n4","body":{"type":"broadcast","message":"100","msg_id":null}}
[RECEIVED] {"id":989,"src":"n4","dest":"n1","body":{"type":"broadcast","message":"100","msg_id":null}}
[MATCH BROADCAST]
[RECEIVED] {"id":994,"src":"n2","dest":"n1","body":{"type":"broadcast","message":"101","msg_id":null}}
[MATCH BROADCAST]
[BROADCAST REQUEST: n1 -> n4] {"id":0,"src":"n1","dest":"n4","body":{"type":"broadcast","message":"101","msg_id":null}}
[RECEIVED] {"id":997,"src":"n4","dest":"n1","body":{"type":"broadcast","message":"101","msg_id":null}}
[MATCH BROADCAST]
[RECEIVED] {"id":1002,"src":"c10","dest":"n1","body":{"type":"read","msg_id":62}}
[MATCH READ]
[READ] {"src":"n1","dest":"c10","body":{"type":"read_ok","messages":["0","1","10","100","101","11","12","13","14","15","16","17","18","19","2","20","21","22","23","24","25","26","27","28","29","3","30","31","32","33","34","35","36","37","38","39","4","40","41","42","43","44","45","46","47","48","49","5","50","51","52","53","54","55","56","57","58","59","6","60","61","62","63","64","65","66","67","68","69","7","70","71","72","73","74","75","76","77","78","79","8","80","81","82","83","84","85","86","87","88","89","9","90","91","92","93","94","95","96","97","98","99"],"in_reply_to":62,"msg_id":172}}
[RECEIVED] {"id":1004,"src":"c10","dest":"n1","body":{"type":"read","msg_id":63}}
[MATCH READ]
[READ] {"src":"n1","dest":"c10","body":{"type":"read_ok","messages":["0","1","10","100","101","11","12","13","14","15","16","17","18","19","2","20","21","22","23","24","25","26","27","28","29","3","30","31","32","33","34","35","36","37","38","39","4","40","41","42","43","44","45","46","47","48","49","5","50","51","52","53","54","55","56","57","58","59","6","60","61","62","63","64","65","66","67","68","69","7","70","71","72","73","74","75","76","77","78","79","8","80","81","82","83","84","85","86","87","88","89","9","90","91","92","93","94","95","96","97","98","99"],"in_reply_to":63,"msg_id":173}}
[RECEIVED] {"id":1007,"src":"c10","dest":"n1","body":{"type":"read","msg_id":64}}
[MATCH READ]
[READ] {"src":"n1","dest":"c10","body":{"type":"read_ok","messages":["0","1","10","100","101","11","12","13","14","15","16","17","18","19","2","20","21","22","23","24","25","26","27","28","29","3","30","31","32","33","34","35","36","37","38","39","4","40","41","42","43","44","45","46","47","48","49","5","50","51","52","53","54","55","56","57","58","59","6","60","61","62","63","64","65","66","67","68","69","7","70","71","72","73","74","75","76","77","78","79","8","80","81","82","83","84","85","86","87","88","89","9","90","91","92","93","94","95","96","97","98","99"],"in_reply_to":64,"msg_id":174}}
