2025-06-06 03:21:35,780{GMT}	INFO	[jepsen test runner] jepsen.core: Test version 49be5191af382759bc9da6021eec14a3b553e782 (plus uncommitted changes)
2025-06-06 03:21:35,781{GMT}	INFO	[jepsen test runner] jepsen.core: Command line:
lein run test -w broadcast --bin self/server/_build/default/bin/main.exe --time-limit 20 --rate 10
2025-06-06 03:21:35,823{GMT}	INFO	[jepsen test runner] jepsen.core: Running test:
{:args []
 :remote
 #jepsen.control.retry.Remote{:remote #jepsen.control.scp.Remote{:cmd-remote #jepsen.control.sshj.SSHJRemote{:concurrency-limit 6,
                                                                                                             :conn-spec nil,
                                                                                                             :client nil,
                                                                                                             :semaphore nil},
                                                                 :conn-spec nil},
                              :conn nil}
 :log-net-send false
 :node-count nil
 :availability nil
 :max-txn-length 4
 :concurrency 5
 :db
 #object[maelstrom.db$db$reify__16612
         "0x5a69f1ef"
         "maelstrom.db$db$reify__16612@5a69f1ef"]
 :max-writes-per-key 16
 :leave-db-running? false
 :name "broadcast"
 :logging-json? false
 :start-time
 #object[org.joda.time.DateTime "0x64001530" "2025-06-06T03:21:35.737-04:00"]
 :nemesis-interval 10
 :net
 #object[maelstrom.net$jepsen_net$reify__15721
         "0x1f9b8c23"
         "maelstrom.net$jepsen_net$reify__15721@1f9b8c23"]
 :client
 #object[maelstrom.workload.broadcast$client$reify__17142
         "0x6b297a62"
         "maelstrom.workload.broadcast$client$reify__17142@6b297a62"]
 :barrier
 #object[java.util.concurrent.CyclicBarrier
         "0x11303cb"
         "java.util.concurrent.CyclicBarrier@11303cb"]
 :log-stderr false
 :pure-generators true
 :ssh {:dummy? true}
 :rate 10.0
 :checker
 #object[jepsen.checker$compose$reify__11089
         "0x655e3f4c"
         "jepsen.checker$compose$reify__11089@655e3f4c"]
 :argv
 ("test"
  "-w"
  "broadcast"
  "--bin"
  "self/server/_build/default/bin/main.exe"
  "--time-limit"
  "20"
  "--rate"
  "10")
 :nemesis
 (jepsen.nemesis.ReflCompose
  {:fm {:start-partition 0,
        :stop-partition 0,
        :kill 1,
        :start 1,
        :pause 1,
        :resume 1},
   :nemeses [#unprintable "jepsen.nemesis.combined$partition_nemesis$reify__16905@26e74d50"
             #unprintable "jepsen.nemesis.combined$db_nemesis$reify__16886@6bdc984"]})
 :nodes ["n1" "n2" "n3" "n4" "n5"]
 :test-count 1
 :latency {:mean 0, :dist :constant}
 :bin "self/server/_build/default/bin/main.exe"
 :generator
 #object[jepsen.util.Forgettable
         "0x4c18b432"
         ((jepsen.generator.Synchronize
           {:gen (jepsen.generator.TimeLimit
                  {:limit 20000000000,
                   :cutoff nil,
                   :gen (jepsen.generator.Any
                         {:gens [(jepsen.generator.OnThreads
                                  {:f #{:nemesis},
                                   :context-filter #object[jepsen.generator.context$make_thread_filter$lazy_filter__12077
                                                           "0x2092b072"
                                                           "jepsen.generator.context$make_thread_filter$lazy_filter__12077@2092b072"],
                                   :gen nil})
                                 (jepsen.generator.OnThreads
                                  {:f #jepsen.generator.context.AllBut{:element :nemesis},
                                   :context-filter #object[jepsen.generator.context$make_thread_filter$lazy_filter__12077
                                                           "0x504521ae"
                                                           "jepsen.generator.context$make_thread_filter$lazy_filter__12077@504521ae"],
                                   :gen (jepsen.generator.Stagger
                                         {:dt 200000000,
                                          :next-time nil,
                                          :gen (jepsen.generator.Mix
                                                {:i 0,
                                                 :gens [({:f :broadcast,
                                                          :value 0}
                                                         {:f :broadcast,
                                                          :value 1}
                                                         {:f :broadcast,
                                                          :value 2}
                                                         {:f :broadcast,
                                                          :value 3}
                                                         {:f :broadcast,
                                                          :value 4}
                                                         {:f :broadcast,
                                                          :value 5}
                                                         {:f :broadcast,
                                                          :value 6}
                                                         {:f :broadcast,
                                                          :value 7}
                                                         ...)
                                                        ({:f :read}
                                                         {:f :read}
                                                         {:f :read}
                                                         {:f :read}
                                                         {:f :read}
                                                         {:f :read}
                                                         {:f :read}
                                                         {:f :read}
                                                         ...)]})})})]})})})
          (jepsen.generator.Synchronize
           {:gen (jepsen.generator.OnThreads
                  {:f #{:nemesis},
                   :context-filter #object[jepsen.generator.context$make_thread_filter$lazy_filter__12077
                                           "0x6f8af186"
                                           "jepsen.generator.context$make_thread_filter$lazy_filter__12077@6f8af186"],
                   :gen ()})})
          (jepsen.generator.Synchronize
           {:gen {:type :log, :value "Waiting for recovery..."}})
          (jepsen.generator.Synchronize {:gen {:type :sleep, :value 10}})
          (jepsen.generator.Synchronize
           {:gen (jepsen.generator.OnThreads
                  {:f #jepsen.generator.context.AllBut{:element :nemesis},
                   :context-filter #object[jepsen.generator.context$make_thread_filter$lazy_filter__12077
                                           "0x5aaecd25"
                                           "jepsen.generator.context$make_thread_filter$lazy_filter__12077@5aaecd25"],
                   :gen (jepsen.generator.EachThread
                         {:fresh-gen {:f :read, :final? true},
                          :context-filters #object[clojure.core$promise$reify__8621
                                                   "0x239fdf8f"
                                                   {:status :pending, :val nil}],
                          :gens {}})})}))]
 :log-net-recv false
 :os
 #object[maelstrom.net$jepsen_os$reify__15724
         "0x1acd660d"
         "maelstrom.net$jepsen_os$reify__15724@1acd660d"]
 :time-limit 20
 :workload :broadcast
 :consistency-models [:strict-serializable]
 :topology :grid}

2025-06-06 03:21:36,967{GMT}	INFO	[jepsen node n1] maelstrom.net: Starting Maelstrom network
2025-06-06 03:21:36,968{GMT}	INFO	[jepsen test runner] jepsen.db: Tearing down DB
2025-06-06 03:21:36,970{GMT}	INFO	[jepsen test runner] jepsen.db: Setting up DB
2025-06-06 03:21:36,970{GMT}	INFO	[jepsen node n4] maelstrom.db: Setting up n4
2025-06-06 03:21:36,970{GMT}	INFO	[jepsen node n2] maelstrom.db: Setting up n2
2025-06-06 03:21:36,970{GMT}	INFO	[jepsen node n5] maelstrom.db: Setting up n5
2025-06-06 03:21:36,970{GMT}	INFO	[jepsen node n3] maelstrom.db: Setting up n3
2025-06-06 03:21:36,970{GMT}	INFO	[jepsen node n3] maelstrom.process: launching self/server/_build/default/bin/main.exe []
2025-06-06 03:21:36,970{GMT}	INFO	[jepsen node n2] maelstrom.process: launching self/server/_build/default/bin/main.exe []
2025-06-06 03:21:36,970{GMT}	INFO	[jepsen node n4] maelstrom.process: launching self/server/_build/default/bin/main.exe []
2025-06-06 03:21:36,971{GMT}	INFO	[jepsen node n5] maelstrom.process: launching self/server/_build/default/bin/main.exe []
2025-06-06 03:21:36,971{GMT}	INFO	[jepsen node n1] maelstrom.service: Starting services: (lin-kv lin-tso lww-kv seq-kv)
2025-06-06 03:21:36,972{GMT}	INFO	[jepsen node n1] maelstrom.db: Setting up n1
2025-06-06 03:21:36,972{GMT}	INFO	[jepsen node n1] maelstrom.process: launching self/server/_build/default/bin/main.exe []
2025-06-06 03:21:46,382{GMT}	INFO	[jepsen test runner] jepsen.core: Relative time begins now
2025-06-06 03:21:46,411{GMT}	INFO	[jepsen worker 0] jepsen.util: 0	:invoke	:broadcast	0
2025-06-06 03:21:46,562{GMT}	INFO	[jepsen worker 1] jepsen.util: 1	:invoke	:broadcast	1
2025-06-06 03:21:46,734{GMT}	INFO	[jepsen worker 2] jepsen.util: 2	:invoke	:read	nil
2025-06-06 03:21:46,740{GMT}	INFO	[jepsen worker 2] jepsen.util: 2	:ok	:read	[]
2025-06-06 03:21:46,783{GMT}	INFO	[jepsen worker 3] jepsen.util: 3	:invoke	:broadcast	2
2025-06-06 03:21:46,807{GMT}	INFO	[jepsen worker 4] jepsen.util: 4	:invoke	:broadcast	3
2025-06-06 03:21:46,985{GMT}	INFO	[jepsen worker 2] jepsen.util: 2	:invoke	:broadcast	4
2025-06-06 03:21:51,422{GMT}	INFO	[jepsen worker 0] jepsen.util: 0	:info	:broadcast	0	:net-timeout
2025-06-06 03:21:51,424{GMT}	INFO	[jepsen worker 0] jepsen.util: 5	:invoke	:broadcast	5
2025-06-06 03:21:51,568{GMT}	INFO	[jepsen worker 1] jepsen.util: 1	:info	:broadcast	1	:net-timeout
2025-06-06 03:21:51,589{GMT}	INFO	[jepsen worker 1] jepsen.util: 6	:invoke	:read	nil
2025-06-06 03:21:51,593{GMT}	INFO	[jepsen worker 1] jepsen.util: 6	:ok	:read	["1"]
2025-06-06 03:21:51,723{GMT}	INFO	[jepsen worker 1] jepsen.util: 6	:invoke	:read	nil
2025-06-06 03:21:51,726{GMT}	INFO	[jepsen worker 1] jepsen.util: 6	:ok	:read	["1"]
2025-06-06 03:21:51,790{GMT}	INFO	[jepsen worker 3] jepsen.util: 3	:info	:broadcast	2	:net-timeout
2025-06-06 03:21:51,806{GMT}	INFO	[jepsen worker 3] jepsen.util: 8	:invoke	:read	nil
2025-06-06 03:21:51,808{GMT}	INFO	[jepsen worker 3] jepsen.util: 8	:ok	:read	["2"]
2025-06-06 03:21:51,812{GMT}	INFO	[jepsen worker 4] jepsen.util: 4	:info	:broadcast	3	:net-timeout
2025-06-06 03:21:51,980{GMT}	INFO	[jepsen worker 4] jepsen.util: 9	:invoke	:read	nil
2025-06-06 03:21:51,983{GMT}	INFO	[jepsen worker 4] jepsen.util: 9	:ok	:read	["3"]
2025-06-06 03:21:51,990{GMT}	INFO	[jepsen worker 2] jepsen.util: 2	:info	:broadcast	4	:net-timeout
2025-06-06 03:21:52,086{GMT}	INFO	[jepsen worker 1] jepsen.util: 6	:invoke	:read	nil
2025-06-06 03:21:52,088{GMT}	INFO	[jepsen worker 1] jepsen.util: 6	:ok	:read	["1"]
2025-06-06 03:21:52,263{GMT}	INFO	[jepsen worker 1] jepsen.util: 6	:invoke	:broadcast	6
2025-06-06 03:21:52,295{GMT}	INFO	[jepsen worker 2] jepsen.util: 7	:invoke	:read	nil
2025-06-06 03:21:52,298{GMT}	INFO	[jepsen worker 2] jepsen.util: 7	:ok	:read	["4"]
2025-06-06 03:21:52,404{GMT}	INFO	[jepsen worker 2] jepsen.util: 7	:invoke	:read	nil
2025-06-06 03:21:52,406{GMT}	INFO	[jepsen worker 2] jepsen.util: 7	:ok	:read	["4"]
2025-06-06 03:21:52,445{GMT}	INFO	[jepsen worker 3] jepsen.util: 8	:invoke	:read	nil
2025-06-06 03:21:52,446{GMT}	INFO	[jepsen worker 3] jepsen.util: 8	:ok	:read	["2"]
2025-06-06 03:21:52,595{GMT}	INFO	[jepsen worker 4] jepsen.util: 9	:invoke	:broadcast	7
2025-06-06 03:21:52,715{GMT}	INFO	[jepsen worker 2] jepsen.util: 7	:invoke	:broadcast	8
2025-06-06 03:21:52,871{GMT}	INFO	[jepsen worker 3] jepsen.util: 8	:invoke	:broadcast	9
2025-06-06 03:21:56,430{GMT}	INFO	[jepsen worker 0] jepsen.util: 5	:info	:broadcast	5	:net-timeout
2025-06-06 03:21:56,431{GMT}	INFO	[jepsen worker 0] jepsen.util: 10	:invoke	:read	nil
2025-06-06 03:21:56,434{GMT}	INFO	[jepsen worker 0] jepsen.util: 10	:ok	:read	["0" "5"]
2025-06-06 03:21:56,633{GMT}	INFO	[jepsen worker 0] jepsen.util: 10	:invoke	:read	nil
2025-06-06 03:21:56,637{GMT}	INFO	[jepsen worker 0] jepsen.util: 10	:ok	:read	["0" "5"]
2025-06-06 03:21:56,728{GMT}	INFO	[jepsen worker 0] jepsen.util: 10	:invoke	:broadcast	10
2025-06-06 03:21:57,265{GMT}	INFO	[jepsen worker 1] jepsen.util: 6	:info	:broadcast	6	:net-timeout
2025-06-06 03:21:57,266{GMT}	INFO	[jepsen worker 1] jepsen.util: 11	:invoke	:read	nil
2025-06-06 03:21:57,268{GMT}	INFO	[jepsen worker 1] jepsen.util: 11	:ok	:read	["1" "6"]
2025-06-06 03:21:57,443{GMT}	INFO	[jepsen worker 1] jepsen.util: 11	:invoke	:read	nil
2025-06-06 03:21:57,444{GMT}	INFO	[jepsen worker 1] jepsen.util: 11	:ok	:read	["1" "6"]
2025-06-06 03:21:57,583{GMT}	INFO	[jepsen worker 1] jepsen.util: 11	:invoke	:read	nil
2025-06-06 03:21:57,585{GMT}	INFO	[jepsen worker 1] jepsen.util: 11	:ok	:read	["1" "6"]
2025-06-06 03:21:57,598{GMT}	INFO	[jepsen worker 1] jepsen.util: 11	:invoke	:read	nil
2025-06-06 03:21:57,600{GMT}	INFO	[jepsen worker 4] jepsen.util: 9	:info	:broadcast	7	:net-timeout
2025-06-06 03:21:57,602{GMT}	INFO	[jepsen worker 1] jepsen.util: 11	:ok	:read	["1" "6"]
2025-06-06 03:21:57,624{GMT}	INFO	[jepsen worker 4] jepsen.util: 14	:invoke	:broadcast	11
2025-06-06 03:21:57,698{GMT}	INFO	[jepsen worker 1] jepsen.util: 11	:invoke	:broadcast	12
2025-06-06 03:21:57,718{GMT}	INFO	[jepsen worker 2] jepsen.util: 7	:info	:broadcast	8	:net-timeout
2025-06-06 03:21:57,776{GMT}	INFO	[jepsen worker 2] jepsen.util: 12	:invoke	:read	nil
2025-06-06 03:21:57,782{GMT}	INFO	[jepsen worker 2] jepsen.util: 12	:ok	:read	["4" "8"]
2025-06-06 03:21:57,849{GMT}	INFO	[jepsen worker 2] jepsen.util: 12	:invoke	:read	nil
2025-06-06 03:21:57,852{GMT}	INFO	[jepsen worker 2] jepsen.util: 12	:ok	:read	["4" "8"]
2025-06-06 03:21:57,873{GMT}	INFO	[jepsen worker 3] jepsen.util: 8	:info	:broadcast	9	:net-timeout
2025-06-06 03:21:57,935{GMT}	INFO	[jepsen worker 2] jepsen.util: 12	:invoke	:read	nil
2025-06-06 03:21:57,937{GMT}	INFO	[jepsen worker 2] jepsen.util: 12	:ok	:read	["4" "8"]
2025-06-06 03:21:58,018{GMT}	INFO	[jepsen worker 2] jepsen.util: 12	:invoke	:read	nil
2025-06-06 03:21:58,021{GMT}	INFO	[jepsen worker 2] jepsen.util: 12	:ok	:read	["4" "8"]
2025-06-06 03:21:58,120{GMT}	INFO	[jepsen worker 2] jepsen.util: 12	:invoke	:read	nil
2025-06-06 03:21:58,125{GMT}	INFO	[jepsen worker 2] jepsen.util: 12	:ok	:read	["4" "8"]
2025-06-06 03:21:58,194{GMT}	INFO	[jepsen worker 3] jepsen.util: 13	:invoke	:read	nil
2025-06-06 03:21:58,196{GMT}	INFO	[jepsen worker 3] jepsen.util: 13	:ok	:read	["2" "9"]
2025-06-06 03:21:58,319{GMT}	INFO	[jepsen worker 2] jepsen.util: 12	:invoke	:read	nil
2025-06-06 03:21:58,322{GMT}	INFO	[jepsen worker 2] jepsen.util: 12	:ok	:read	["4" "8"]
2025-06-06 03:21:58,402{GMT}	INFO	[jepsen worker 2] jepsen.util: 12	:invoke	:broadcast	13
2025-06-06 03:21:58,539{GMT}	INFO	[jepsen worker 3] jepsen.util: 13	:invoke	:broadcast	14
2025-06-06 03:22:01,730{GMT}	INFO	[jepsen worker 0] jepsen.util: 10	:info	:broadcast	10	:net-timeout
2025-06-06 03:22:01,731{GMT}	INFO	[jepsen worker 0] jepsen.util: 15	:invoke	:read	nil
2025-06-06 03:22:01,732{GMT}	INFO	[jepsen worker 0] jepsen.util: 15	:ok	:read	["0" "10" "5"]
2025-06-06 03:22:01,782{GMT}	INFO	[jepsen worker 0] jepsen.util: 15	:invoke	:read	nil
2025-06-06 03:22:01,783{GMT}	INFO	[jepsen worker 0] jepsen.util: 15	:ok	:read	["0" "10" "5"]
2025-06-06 03:22:01,889{GMT}	INFO	[jepsen worker 0] jepsen.util: 15	:invoke	:broadcast	15
2025-06-06 03:22:02,625{GMT}	INFO	[jepsen worker 4] jepsen.util: 14	:info	:broadcast	11	:net-timeout
2025-06-06 03:22:02,625{GMT}	INFO	[jepsen worker 4] jepsen.util: 19	:invoke	:read	nil
2025-06-06 03:22:02,626{GMT}	INFO	[jepsen worker 4] jepsen.util: 19	:ok	:read	["11" "3" "7"]
2025-06-06 03:22:02,703{GMT}	INFO	[jepsen worker 1] jepsen.util: 11	:info	:broadcast	12	:net-timeout
2025-06-06 03:22:02,776{GMT}	INFO	[jepsen worker 1] jepsen.util: 16	:invoke	:broadcast	16
2025-06-06 03:22:02,791{GMT}	INFO	[jepsen worker 4] jepsen.util: 19	:invoke	:broadcast	17
2025-06-06 03:22:03,407{GMT}	INFO	[jepsen worker 2] jepsen.util: 12	:info	:broadcast	13	:net-timeout
2025-06-06 03:22:03,408{GMT}	INFO	[jepsen worker 2] jepsen.util: 17	:invoke	:broadcast	18
2025-06-06 03:22:03,539{GMT}	INFO	[jepsen worker 3] jepsen.util: 13	:info	:broadcast	14	:net-timeout
2025-06-06 03:22:03,555{GMT}	INFO	[jepsen worker 3] jepsen.util: 18	:invoke	:read	nil
2025-06-06 03:22:03,557{GMT}	INFO	[jepsen worker 3] jepsen.util: 18	:ok	:read	["14" "2" "9"]
2025-06-06 03:22:03,731{GMT}	INFO	[jepsen worker 3] jepsen.util: 18	:invoke	:broadcast	19
2025-06-06 03:22:06,895{GMT}	INFO	[jepsen worker 0] jepsen.util: 15	:info	:broadcast	15	:net-timeout
2025-06-06 03:22:07,781{GMT}	INFO	[jepsen worker 1] jepsen.util: 16	:info	:broadcast	16	:net-timeout
2025-06-06 03:22:07,796{GMT}	INFO	[jepsen worker 4] jepsen.util: 19	:info	:broadcast	17	:net-timeout
2025-06-06 03:22:08,412{GMT}	INFO	[jepsen worker 2] jepsen.util: 17	:info	:broadcast	18	:net-timeout
2025-06-06 03:22:08,731{GMT}	INFO	[jepsen worker 3] jepsen.util: 18	:info	:broadcast	19	:net-timeout
2025-06-06 03:22:08,731{GMT}	INFO	[jepsen worker 4] jepsen.generator.interpreter: Waiting for recovery...
2025-06-06 03:22:18,740{GMT}	INFO	[jepsen worker 2] jepsen.util: 22	:invoke	:read	nil
2025-06-06 03:22:18,741{GMT}	INFO	[jepsen worker 3] jepsen.util: 23	:invoke	:read	nil
2025-06-06 03:22:18,741{GMT}	INFO	[jepsen worker 1] jepsen.util: 21	:invoke	:read	nil
2025-06-06 03:22:18,741{GMT}	INFO	[jepsen worker 0] jepsen.util: 20	:invoke	:read	nil
2025-06-06 03:22:18,741{GMT}	INFO	[jepsen worker 4] jepsen.util: 24	:invoke	:read	nil
2025-06-06 03:22:18,744{GMT}	INFO	[jepsen worker 4] jepsen.util: 24	:ok	:read	["11" "17" "3" "7"]
2025-06-06 03:22:18,744{GMT}	INFO	[jepsen worker 2] jepsen.util: 22	:ok	:read	["13" "18" "4" "8"]
2025-06-06 03:22:18,744{GMT}	INFO	[jepsen worker 0] jepsen.util: 20	:ok	:read	["0" "10" "15" "5"]
2025-06-06 03:22:18,744{GMT}	INFO	[jepsen worker 1] jepsen.util: 21	:ok	:read	["1" "12" "16" "6"]
2025-06-06 03:22:18,745{GMT}	INFO	[jepsen worker 3] jepsen.util: 23	:ok	:read	["14" "19" "2" "9"]
2025-06-06 03:22:18,773{GMT}	INFO	[jepsen test runner] jepsen.core: Run complete, writing
2025-06-06 03:22:18,825{GMT}	INFO	[jepsen node n4] maelstrom.db: Tearing down n4
2025-06-06 03:22:18,825{GMT}	INFO	[jepsen node n3] maelstrom.db: Tearing down n3
2025-06-06 03:22:18,825{GMT}	INFO	[jepsen node n2] maelstrom.db: Tearing down n2
2025-06-06 03:22:18,825{GMT}	INFO	[jepsen node n5] maelstrom.db: Tearing down n5
2025-06-06 03:22:18,825{GMT}	INFO	[jepsen node n1] maelstrom.db: Tearing down n1
2025-06-06 03:22:20,145{GMT}	INFO	[jepsen node n1] maelstrom.net: Shutting down Maelstrom network
2025-06-06 03:22:20,151{GMT}	INFO	[jepsen test runner] jepsen.core: Analyzing...
2025-06-06 03:22:20,311{GMT}	INFO	[jepsen test runner] jepsen.core: Analysis complete
2025-06-06 03:22:20,320{GMT}	INFO	[jepsen results] jepsen.store: Wrote /Users/adr/code/maelstrom/store/broadcast/20250606T032135.737-0400/results.edn
2025-06-06 03:22:20,335{GMT}	INFO	[jepsen test runner] jepsen.core: {:perf {:latency-graph {:valid? true},
        :rate-graph {:valid? true},
        :valid? true},
 :timeline {:valid? true},
 :exceptions {:valid? true},
 :stats {:valid? false,
         :count 51,
         :ok-count 31,
         :fail-count 0,
         :info-count 20,
         :by-f {:broadcast {:valid? false,
                            :count 20,
                            :ok-count 0,
                            :fail-count 0,
                            :info-count 20},
                :read {:valid? true,
                       :count 31,
                       :ok-count 31,
                       :fail-count 0,
                       :info-count 0}}},
 :availability {:valid? true, :ok-fraction 0.60784316},
 :net {:all {:send-count 102,
             :recv-count 102,
             :msg-count 102,
             :msgs-per-op 2.0},
       :clients {:send-count 102, :recv-count 102, :msg-count 102},
       :servers {:send-count 0,
                 :recv-count 0,
                 :msg-count 0,
                 :msgs-per-op 0.0},
       :valid? true},
 :workload {:worst-stale (),
            :duplicated-count 0,
            :valid? :unknown,
            :lost-count 0,
            :lost (),
            :stable-count 0,
            :stale-count 0,
            :stale (),
            :never-read-count 20,
            :attempt-count 20,
            :never-read (0
                         1
                         2
                         3
                         4
                         5
                         6
                         7
                         8
                         9
                         10
                         11
                         12
                         13
                         14
                         15
                         16
                         17
                         18
                         19),
            :duplicated {}},
 :valid? false}


Analysis invalid! (ﾉಥ益ಥ）ﾉ ┻━┻
