[RECEIVED] {"id":1,"src":"c1","dest":"n2","body":{"type":"init","node_id":"n2","node_ids":["n1","n2","n3","n4","n5"],"msg_id":1}}
[MATCH] InitBody
Initialized node n2
Init send {"src":"n2","dest":"c1","body":{"type":"init_ok","in_reply_to":1,"msg_id":0}}
[RECEIVED] {"id":14,"src":"c6","dest":"n2","body":{"type":"topology","topology":{"n1":["n4","n2"],"n2":["n5","n3","n1"],"n3":["n2"],"n4":["n1","n5"],"n5":["n2","n4"]},"msg_id":1}}
[MATCH] TopologyBody
[TOPOLOGY RESPONSE] {"src":"n2","dest":"c6","body":{"type":"topology_ok","in_reply_to":1,"msg_id":1}}
[RECEIVED] {"id":22,"src":"n1","dest":"n2","body":{"type":"broadcast","message":"0","msg_id":null}}
[MATCH] BroadcastBody
[INSIDE BROADCAST LOOP]
[BROADCAST REQUEST] {"id":0,"src":"n2","dest":"n5","body":{"type":"broadcast","message":"0","msg_id":null}}
[BROADCAST REQUEST] {"id":0,"src":"n2","dest":"n3","body":{"type":"broadcast","message":"0","msg_id":null}}
[BROADCAST REQUEST] {"id":0,"src":"n2","dest":"n1","body":{"type":"broadcast","message":"0","msg_id":null}}
[BROADCAST RESPONSE] {"src":"n2","dest":"n1","body":{"type":"broadcast_ok","in_reply_to":0,"msg_id":2}}
[RECEIVED] {"id":28,"src":"n5","dest":"n2","body":{"type":"broadcast","message":"0","msg_id":null}}
[MATCH] BroadcastBody
[BROADCAST RESPONSE] {"src":"n2","dest":"n5","body":{"type":"broadcast_ok","in_reply_to":0,"msg_id":3}}
[RECEIVED] {"id":31,"src":"n3","dest":"n2","body":{"type":"broadcast","message":"0","msg_id":null}}
[MATCH] BroadcastBody
[BROADCAST RESPONSE] {"src":"n2","dest":"n3","body":{"type":"broadcast_ok","in_reply_to":0,"msg_id":4}}
[RECEIVED] {"id":32,"src":"c11","dest":"n2","body":{"type":"read","msg_id":1}}
[MATCH] ReadBody
[READ RESPONSE] {"src":"n2","dest":"c11","body":{"type":"read_ok","messages":["0"],"in_reply_to":1,"msg_id":5}}
[RECEIVED] {"id":42,"src":"n1","dest":"n2","body":{"type":"broadcast","message":"1","msg_id":null}}
[MATCH] BroadcastBody
[INSIDE BROADCAST LOOP]
[BROADCAST REQUEST] {"id":0,"src":"n2","dest":"n5","body":{"type":"broadcast","message":"1","msg_id":null}}
[BROADCAST REQUEST] {"id":0,"src":"n2","dest":"n3","body":{"type":"broadcast","message":"1","msg_id":null}}
[BROADCAST REQUEST] {"id":0,"src":"n2","dest":"n1","body":{"type":"broadcast","message":"1","msg_id":null}}
[BROADCAST RESPONSE] {"src":"n2","dest":"n1","body":{"type":"broadcast_ok","in_reply_to":0,"msg_id":6}}
[RECEIVED] {"id":49,"src":"n5","dest":"n2","body":{"type":"broadcast","message":"1","msg_id":null}}
[MATCH] BroadcastBody
[BROADCAST RESPONSE] {"src":"n2","dest":"n5","body":{"type":"broadcast_ok","in_reply_to":0,"msg_id":7}}
[RECEIVED] {"id":51,"src":"n3","dest":"n2","body":{"type":"broadcast","message":"1","msg_id":null}}
[MATCH] BroadcastBody
[BROADCAST RESPONSE] {"src":"n2","dest":"n3","body":{"type":"broadcast_ok","in_reply_to":0,"msg_id":8}}
[RECEIVED] {"id":54,"src":"c11","dest":"n2","body":{"type":"read","msg_id":2}}
[MATCH] ReadBody
[READ RESPONSE] {"src":"n2","dest":"c11","body":{"type":"read_ok","messages":["0","1"],"in_reply_to":2,"msg_id":9}}
[RECEIVED] {"id":66,"src":"n1","dest":"n2","body":{"type":"broadcast","message":"2","msg_id":null}}
[MATCH] BroadcastBody
[INSIDE BROADCAST LOOP]
[BROADCAST REQUEST] {"id":0,"src":"n2","dest":"n5","body":{"type":"broadcast","message":"2","msg_id":null}}
[BROADCAST REQUEST] {"id":0,"src":"n2","dest":"n3","body":{"type":"broadcast","message":"2","msg_id":null}}
[BROADCAST REQUEST] {"id":0,"src":"n2","dest":"n1","body":{"type":"broadcast","message":"2","msg_id":null}}
[BROADCAST RESPONSE] {"src":"n2","dest":"n1","body":{"type":"broadcast_ok","in_reply_to":0,"msg_id":10}}
[RECEIVED] {"id":73,"src":"n5","dest":"n2","body":{"type":"broadcast","message":"2","msg_id":null}}
[MATCH] BroadcastBody
[BROADCAST RESPONSE] {"src":"n2","dest":"n5","body":{"type":"broadcast_ok","in_reply_to":0,"msg_id":11}}
[RECEIVED] {"id":75,"src":"n3","dest":"n2","body":{"type":"broadcast","message":"2","msg_id":null}}
[MATCH] BroadcastBody
[BROADCAST RESPONSE] {"src":"n2","dest":"n3","body":{"type":"broadcast_ok","in_reply_to":0,"msg_id":12}}
[RECEIVED] {"id":76,"src":"c11","dest":"n2","body":{"type":"read","msg_id":3}}
[MATCH] ReadBody
[READ RESPONSE] {"src":"n2","dest":"c11","body":{"type":"read_ok","messages":["0","1","2"],"in_reply_to":3,"msg_id":13}}
[RECEIVED] {"id":85,"src":"n5","dest":"n2","body":{"type":"broadcast","message":"3","msg_id":null}}
[MATCH] BroadcastBody
[RECEIVED] {"id":86,"src":"n1","dest":"n2","body":{"type":"broadcast","message":"3","msg_id":null}}
[INSIDE BROADCAST LOOP]
[MATCH] BroadcastBody
[BROADCAST REQUEST] {"id":0,"src":"n2","dest":"n5","body":{"type":"broadcast","message":"3","msg_id":null}}
[BROADCAST REQUEST] {"id":0,"src":"n2","dest":"n3","body":{"type":"broadcast","message":"3","msg_id":null}}
[BROADCAST REQUEST] {"id":0,"src":"n2","dest":"n1","body":{"type":"broadcast","message":"3","msg_id":null}}
[BROADCAST RESPONSE] {"src":"n2","dest":"n5","body":{"type":"broadcast_ok","in_reply_to":0,"msg_id":14}}
[BROADCAST RESPONSE] {"src":"n2","dest":"n1","body":{"type":"broadcast_ok","in_reply_to":0,"msg_id":15}}
[RECEIVED] {"id":91,"src":"n3","dest":"n2","body":{"type":"broadcast","message":"3","msg_id":null}}
[MATCH] BroadcastBody
[BROADCAST RESPONSE] {"src":"n2","dest":"n3","body":{"type":"broadcast_ok","in_reply_to":0,"msg_id":16}}
[RECEIVED] {"id":96,"src":"n1","dest":"n2","body":{"type":"broadcast","message":"4","msg_id":null}}
[MATCH] BroadcastBody
[INSIDE BROADCAST LOOP]
[BROADCAST REQUEST] {"id":0,"src":"n2","dest":"n5","body":{"type":"broadcast","message":"4","msg_id":null}}
[BROADCAST REQUEST] {"id":0,"src":"n2","dest":"n3","body":{"type":"broadcast","message":"4","msg_id":null}}
[BROADCAST REQUEST] {"id":0,"src":"n2","dest":"n1","body":{"type":"broadcast","message":"4","msg_id":null}}
[BROADCAST RESPONSE] {"src":"n2","dest":"n1","body":{"type":"broadcast_ok","in_reply_to":0,"msg_id":17}}
[RECEIVED] {"id":103,"src":"n5","dest":"n2","body":{"type":"broadcast","message":"4","msg_id":null}}
[MATCH] BroadcastBody
[RECEIVED] {"id":105,"src":"n3","dest":"n2","body":{"type":"broadcast","message":"4","msg_id":null}}
[BROADCAST RESPONSE] {"src":"n2","dest":"n5","body":{"type":"broadcast_ok","in_reply_to":0,"msg_id":18}}
[MATCH] BroadcastBody
[BROADCAST RESPONSE] {"src":"n2","dest":"n3","body":{"type":"broadcast_ok","in_reply_to":0,"msg_id":19}}
[RECEIVED] {"id":108,"src":"n1","dest":"n2","body":{"type":"broadcast","message":"5","msg_id":null}}
[MATCH] BroadcastBody
[INSIDE BROADCAST LOOP]
[BROADCAST REQUEST] {"id":0,"src":"n2","dest":"n5","body":{"type":"broadcast","message":"5","msg_id":null}}
[BROADCAST REQUEST] {"id":0,"src":"n2","dest":"n3","body":{"type":"broadcast","message":"5","msg_id":null}}
[BROADCAST REQUEST] {"id":0,"src":"n2","dest":"n1","body":{"type":"broadcast","message":"5","msg_id":null}}
[BROADCAST RESPONSE] {"src":"n2","dest":"n1","body":{"type":"broadcast_ok","in_reply_to":0,"msg_id":20}}
[RECEIVED] {"id":115,"src":"n5","dest":"n2","body":{"type":"broadcast","message":"5","msg_id":null}}
[MATCH] BroadcastBody
[RECEIVED] {"id":116,"src":"n3","dest":"n2","body":{"type":"broadcast","message":"5","msg_id":null}}
[BROADCAST RESPONSE] {"src":"n2","dest":"n5","body":{"type":"broadcast_ok","in_reply_to":0,"msg_id":21}}
[MATCH] BroadcastBody
[BROADCAST RESPONSE] {"src":"n2","dest":"n3","body":{"type":"broadcast_ok","in_reply_to":0,"msg_id":22}}
[RECEIVED] {"id":118,"src":"c11","dest":"n2","body":{"type":"read","msg_id":4}}
[MATCH] ReadBody
[READ RESPONSE] {"src":"n2","dest":"c11","body":{"type":"read_ok","messages":["0","1","2","3","4","5"],"in_reply_to":4,"msg_id":23}}
[RECEIVED] {"id":121,"src":"n3","dest":"n2","body":{"type":"broadcast","message":"6","msg_id":null}}
[MATCH] BroadcastBody
[INSIDE BROADCAST LOOP]
[BROADCAST REQUEST] {"id":0,"src":"n2","dest":"n5","body":{"type":"broadcast","message":"6","msg_id":null}}
[BROADCAST REQUEST] {"id":0,"src":"n2","dest":"n3","body":{"type":"broadcast","message":"6","msg_id":null}}
[BROADCAST REQUEST] {"id":0,"src":"n2","dest":"n1","body":{"type":"broadcast","message":"6","msg_id":null}}
[BROADCAST RESPONSE] {"src":"n2","dest":"n3","body":{"type":"broadcast_ok","in_reply_to":0,"msg_id":24}}
[RECEIVED] {"id":126,"src":"n5","dest":"n2","body":{"type":"broadcast","message":"6","msg_id":null}}
[MATCH] BroadcastBody
[BROADCAST RESPONSE] {"src":"n2","dest":"n5","body":{"type":"broadcast_ok","in_reply_to":0,"msg_id":25}}
[RECEIVED] {"id":129,"src":"n1","dest":"n2","body":{"type":"broadcast","message":"6","msg_id":null}}
[MATCH] BroadcastBody
[BROADCAST RESPONSE] {"src":"n2","dest":"n1","body":{"type":"broadcast_ok","in_reply_to":0,"msg_id":26}}
[RECEIVED] {"id":135,"src":"n5","dest":"n2","body":{"type":"broadcast","message":"7","msg_id":null}}
[MATCH] BroadcastBody
[INSIDE BROADCAST LOOP]
[BROADCAST REQUEST] {"id":0,"src":"n2","dest":"n5","body":{"type":"broadcast","message":"7","msg_id":null}}
[BROADCAST REQUEST] {"id":0,"src":"n2","dest":"n3","body":{"type":"broadcast","message":"7","msg_id":null}}
[BROADCAST REQUEST] {"id":0,"src":"n2","dest":"n1","body":{"type":"broadcast","message":"7","msg_id":null}}
[BROADCAST RESPONSE] {"src":"n2","dest":"n5","body":{"type":"broadcast_ok","in_reply_to":0,"msg_id":27}}
[RECEIVED] {"id":144,"src":"n3","dest":"n2","body":{"type":"broadcast","message":"7","msg_id":null}}
[MATCH] BroadcastBody
[BROADCAST RESPONSE] {"src":"n2","dest":"n3","body":{"type":"broadcast_ok","in_reply_to":0,"msg_id":28}}
[RECEIVED] {"id":145,"src":"n1","dest":"n2","body":{"type":"broadcast","message":"7","msg_id":null}}
[MATCH] BroadcastBody
[BROADCAST RESPONSE] {"src":"n2","dest":"n1","body":{"type":"broadcast_ok","in_reply_to":0,"msg_id":29}}
[RECEIVED] {"id":148,"src":"n1","dest":"n2","body":{"type":"broadcast","message":"8","msg_id":null}}
[MATCH] BroadcastBody
[INSIDE BROADCAST LOOP]
[BROADCAST REQUEST] {"id":0,"src":"n2","dest":"n5","body":{"type":"broadcast","message":"8","msg_id":null}}
[BROADCAST REQUEST] {"id":0,"src":"n2","dest":"n3","body":{"type":"broadcast","message":"8","msg_id":null}}
[BROADCAST REQUEST] {"id":0,"src":"n2","dest":"n1","body":{"type":"broadcast","message":"8","msg_id":null}}
[BROADCAST RESPONSE] {"src":"n2","dest":"n1","body":{"type":"broadcast_ok","in_reply_to":0,"msg_id":30}}
[RECEIVED] {"id":155,"src":"n5","dest":"n2","body":{"type":"broadcast","message":"8","msg_id":null}}
[MATCH] BroadcastBody
[RECEIVED] {"id":156,"src":"n3","dest":"n2","body":{"type":"broadcast","message":"8","msg_id":null}}
[BROADCAST RESPONSE] {"src":"n2","dest":"n5","body":{"type":"broadcast_ok","in_reply_to":0,"msg_id":31}}
[MATCH] BroadcastBody
[BROADCAST RESPONSE] {"src":"n2","dest":"n3","body":{"type":"broadcast_ok","in_reply_to":0,"msg_id":32}}
[RECEIVED] {"id":160,"src":"n1","dest":"n2","body":{"type":"broadcast","message":"9","msg_id":null}}
[MATCH] BroadcastBody
[INSIDE BROADCAST LOOP]
[BROADCAST REQUEST] {"id":0,"src":"n2","dest":"n5","body":{"type":"broadcast","message":"9","msg_id":null}}
[BROADCAST REQUEST] {"id":0,"src":"n2","dest":"n3","body":{"type":"broadcast","message":"9","msg_id":null}}
[BROADCAST REQUEST] {"id":0,"src":"n2","dest":"n1","body":{"type":"broadcast","message":"9","msg_id":null}}
[BROADCAST RESPONSE] {"src":"n2","dest":"n1","body":{"type":"broadcast_ok","in_reply_to":0,"msg_id":33}}
[RECEIVED] {"id":167,"src":"n5","dest":"n2","body":{"type":"broadcast","message":"9","msg_id":null}}
[MATCH] BroadcastBody
[RECEIVED] {"id":169,"src":"n3","dest":"n2","body":{"type":"broadcast","message":"9","msg_id":null}}
[BROADCAST RESPONSE] {"src":"n2","dest":"n5","body":{"type":"broadcast_ok","in_reply_to":0,"msg_id":34}}
[MATCH] BroadcastBody
[BROADCAST RESPONSE] {"src":"n2","dest":"n3","body":{"type":"broadcast_ok","in_reply_to":0,"msg_id":35}}
[RECEIVED] {"id":170,"src":"c11","dest":"n2","body":{"type":"broadcast","message":10,"msg_id":5}}
[MATCH] BroadcastBody
[INSIDE BROADCAST LOOP]
[BROADCAST REQUEST] {"id":0,"src":"n2","dest":"n5","body":{"type":"broadcast","message":"10","msg_id":null}}
[BROADCAST REQUEST] {"id":0,"src":"n2","dest":"n3","body":{"type":"broadcast","message":"10","msg_id":null}}
[BROADCAST REQUEST] {"id":0,"src":"n2","dest":"n1","body":{"type":"broadcast","message":"10","msg_id":null}}
[BROADCAST RESPONSE] {"src":"n2","dest":"c11","body":{"type":"broadcast_ok","in_reply_to":5,"msg_id":36}}
[RECEIVED] {"id":175,"src":"n5","dest":"n2","body":{"type":"broadcast","message":"10","msg_id":null}}
[RECEIVED] {"id":176,"src":"n3","dest":"n2","body":{"type":"broadcast","message":"10","msg_id":null}}
[MATCH] BroadcastBody
[MATCH] BroadcastBody
[BROADCAST RESPONSE] {"src":"n2","dest":"n5","body":{"type":"broadcast_ok","in_reply_to":0,"msg_id":37}}
[BROADCAST RESPONSE] {"src":"n2","dest":"n3","body":{"type":"broadcast_ok","in_reply_to":0,"msg_id":38}}
[RECEIVED] {"id":179,"src":"n1","dest":"n2","body":{"type":"broadcast","message":"10","msg_id":null}}
[MATCH] BroadcastBody
[BROADCAST RESPONSE] {"src":"n2","dest":"n1","body":{"type":"broadcast_ok","in_reply_to":0,"msg_id":39}}
[RECEIVED] {"id":187,"src":"n5","dest":"n2","body":{"type":"broadcast","message":"11","msg_id":null}}
[MATCH] BroadcastBody
[INSIDE BROADCAST LOOP]
[BROADCAST REQUEST] {"id":0,"src":"n2","dest":"n5","body":{"type":"broadcast","message":"11","msg_id":null}}
[BROADCAST REQUEST] {"id":0,"src":"n2","dest":"n3","body":{"type":"broadcast","message":"11","msg_id":null}}
[BROADCAST REQUEST] {"id":0,"src":"n2","dest":"n1","body":{"type":"broadcast","message":"11","msg_id":null}}
[BROADCAST RESPONSE] {"src":"n2","dest":"n5","body":{"type":"broadcast_ok","in_reply_to":0,"msg_id":40}}
[RECEIVED] {"id":195,"src":"n3","dest":"n2","body":{"type":"broadcast","message":"11","msg_id":null}}
[MATCH] BroadcastBody
[RECEIVED] {"id":197,"src":"n1","dest":"n2","body":{"type":"broadcast","message":"11","msg_id":null}}
[BROADCAST RESPONSE] {"src":"n2","dest":"n3","body":{"type":"broadcast_ok","in_reply_to":0,"msg_id":41}}
[MATCH] BroadcastBody
[BROADCAST RESPONSE] {"src":"n2","dest":"n1","body":{"type":"broadcast_ok","in_reply_to":0,"msg_id":42}}
[RECEIVED] {"id":200,"src":"n1","dest":"n2","body":{"type":"broadcast","message":"12","msg_id":null}}
[MATCH] BroadcastBody
[INSIDE BROADCAST LOOP]
[BROADCAST REQUEST] {"id":0,"src":"n2","dest":"n5","body":{"type":"broadcast","message":"12","msg_id":null}}
[BROADCAST REQUEST] {"id":0,"src":"n2","dest":"n3","body":{"type":"broadcast","message":"12","msg_id":null}}
[BROADCAST REQUEST] {"id":0,"src":"n2","dest":"n1","body":{"type":"broadcast","message":"12","msg_id":null}}
[BROADCAST RESPONSE] {"src":"n2","dest":"n1","body":{"type":"broadcast_ok","in_reply_to":0,"msg_id":43}}
[RECEIVED] {"id":207,"src":"n5","dest":"n2","body":{"type":"broadcast","message":"12","msg_id":null}}
[RECEIVED] {"id":208,"src":"n3","dest":"n2","body":{"type":"broadcast","message":"12","msg_id":null}}
[MATCH] BroadcastBody
[MATCH] BroadcastBody
[BROADCAST RESPONSE] {"src":"n2","dest":"n5","body":{"type":"broadcast_ok","in_reply_to":0,"msg_id":44}}
[BROADCAST RESPONSE] {"src":"n2","dest":"n3","body":{"type":"broadcast_ok","in_reply_to":0,"msg_id":45}}
[RECEIVED] {"id":212,"src":"n1","dest":"n2","body":{"type":"broadcast","message":"13","msg_id":null}}
[MATCH] BroadcastBody
[INSIDE BROADCAST LOOP]
[BROADCAST REQUEST] {"id":0,"src":"n2","dest":"n5","body":{"type":"broadcast","message":"13","msg_id":null}}
[BROADCAST REQUEST] {"id":0,"src":"n2","dest":"n3","body":{"type":"broadcast","message":"13","msg_id":null}}
[BROADCAST REQUEST] {"id":0,"src":"n2","dest":"n1","body":{"type":"broadcast","message":"13","msg_id":null}}
[BROADCAST RESPONSE] {"src":"n2","dest":"n1","body":{"type":"broadcast_ok","in_reply_to":0,"msg_id":46}}
[RECEIVED] {"id":219,"src":"n5","dest":"n2","body":{"type":"broadcast","message":"13","msg_id":null}}
[RECEIVED] {"id":220,"src":"n3","dest":"n2","body":{"type":"broadcast","message":"13","msg_id":null}}
[MATCH] BroadcastBody
[MATCH] BroadcastBody
[BROADCAST RESPONSE] {"src":"n2","dest":"n5","body":{"type":"broadcast_ok","in_reply_to":0,"msg_id":47}}
[BROADCAST RESPONSE] {"src":"n2","dest":"n3","body":{"type":"broadcast_ok","in_reply_to":0,"msg_id":48}}
[RECEIVED] {"id":222,"src":"c11","dest":"n2","body":{"type":"broadcast","message":14,"msg_id":6}}
[MATCH] BroadcastBody
[INSIDE BROADCAST LOOP]
[BROADCAST REQUEST] {"id":0,"src":"n2","dest":"n5","body":{"type":"broadcast","message":"14","msg_id":null}}
[BROADCAST REQUEST] {"id":0,"src":"n2","dest":"n3","body":{"type":"broadcast","message":"14","msg_id":null}}
[BROADCAST REQUEST] {"id":0,"src":"n2","dest":"n1","body":{"type":"broadcast","message":"14","msg_id":null}}
[BROADCAST RESPONSE] {"src":"n2","dest":"c11","body":{"type":"broadcast_ok","in_reply_to":6,"msg_id":49}}
[RECEIVED] {"id":227,"src":"n5","dest":"n2","body":{"type":"broadcast","message":"14","msg_id":null}}
[MATCH] BroadcastBody
[RECEIVED] {"id":229,"src":"n3","dest":"n2","body":{"type":"broadcast","message":"14","msg_id":null}}
[BROADCAST RESPONSE] {"src":"n2","dest":"n5","body":{"type":"broadcast_ok","in_reply_to":0,"msg_id":50}}
[MATCH] BroadcastBody
[BROADCAST RESPONSE] {"src":"n2","dest":"n3","body":{"type":"broadcast_ok","in_reply_to":0,"msg_id":51}}
[RECEIVED] {"id":231,"src":"n1","dest":"n2","body":{"type":"broadcast","message":"14","msg_id":null}}
[MATCH] BroadcastBody
[BROADCAST RESPONSE] {"src":"n2","dest":"n1","body":{"type":"broadcast_ok","in_reply_to":0,"msg_id":52}}
[RECEIVED] {"id":241,"src":"n1","dest":"n2","body":{"type":"broadcast","message":"15","msg_id":null}}
[RECEIVED] {"id":242,"src":"n5","dest":"n2","body":{"type":"broadcast","message":"15","msg_id":null}}
[MATCH] BroadcastBody
[MATCH] BroadcastBody
[INSIDE BROADCAST LOOP]
[BROADCAST REQUEST] {"id":0,"src":"n2","dest":"n5","body":{"type":"broadcast","message":"15","msg_id":null}}
[BROADCAST REQUEST] {"id":0,"src":"n2","dest":"n3","body":{"type":"broadcast","message":"15","msg_id":null}}
[BROADCAST REQUEST] {"id":0,"src":"n2","dest":"n1","body":{"type":"broadcast","message":"15","msg_id":null}}
[BROADCAST RESPONSE] {"src":"n2","dest":"n1","body":{"type":"broadcast_ok","in_reply_to":0,"msg_id":53}}
[BROADCAST RESPONSE] {"src":"n2","dest":"n5","body":{"type":"broadcast_ok","in_reply_to":0,"msg_id":54}}
[RECEIVED] {"id":247,"src":"n3","dest":"n2","body":{"type":"broadcast","message":"15","msg_id":null}}
[MATCH] BroadcastBody
[BROADCAST RESPONSE] {"src":"n2","dest":"n3","body":{"type":"broadcast_ok","in_reply_to":0,"msg_id":55}}
[RECEIVED] {"id":252,"src":"n1","dest":"n2","body":{"type":"broadcast","message":"16","msg_id":null}}
[MATCH] BroadcastBody
[INSIDE BROADCAST LOOP]
[BROADCAST REQUEST] {"id":0,"src":"n2","dest":"n5","body":{"type":"broadcast","message":"16","msg_id":null}}
[BROADCAST REQUEST] {"id":0,"src":"n2","dest":"n3","body":{"type":"broadcast","message":"16","msg_id":null}}
[BROADCAST REQUEST] {"id":0,"src":"n2","dest":"n1","body":{"type":"broadcast","message":"16","msg_id":null}}
[BROADCAST RESPONSE] {"src":"n2","dest":"n1","body":{"type":"broadcast_ok","in_reply_to":0,"msg_id":56}}
[RECEIVED] {"id":259,"src":"n5","dest":"n2","body":{"type":"broadcast","message":"16","msg_id":null}}
[MATCH] BroadcastBody
[BROADCAST RESPONSE] {"src":"n2","dest":"n5","body":{"type":"broadcast_ok","in_reply_to":0,"msg_id":57}}
[RECEIVED] {"id":261,"src":"n3","dest":"n2","body":{"type":"broadcast","message":"16","msg_id":null}}
[MATCH] BroadcastBody
[BROADCAST RESPONSE] {"src":"n2","dest":"n3","body":{"type":"broadcast_ok","in_reply_to":0,"msg_id":58}}
[RECEIVED] {"id":264,"src":"c11","dest":"n2","body":{"type":"read","msg_id":7}}
[MATCH] ReadBody
[READ RESPONSE] {"src":"n2","dest":"c11","body":{"type":"read_ok","messages":["0","1","10","11","12","13","14","15","16","2","3","4","5","6","7","8","9"],"in_reply_to":7,"msg_id":59}}
[RECEIVED] {"id":276,"src":"n1","dest":"n2","body":{"type":"broadcast","message":"17","msg_id":null}}
[MATCH] BroadcastBody
[INSIDE BROADCAST LOOP]
[BROADCAST REQUEST] {"id":0,"src":"n2","dest":"n5","body":{"type":"broadcast","message":"17","msg_id":null}}
[BROADCAST REQUEST] {"id":0,"src":"n2","dest":"n3","body":{"type":"broadcast","message":"17","msg_id":null}}
[BROADCAST REQUEST] {"id":0,"src":"n2","dest":"n1","body":{"type":"broadcast","message":"17","msg_id":null}}
[BROADCAST RESPONSE] {"src":"n2","dest":"n1","body":{"type":"broadcast_ok","in_reply_to":0,"msg_id":60}}
[RECEIVED] {"id":283,"src":"n5","dest":"n2","body":{"type":"broadcast","message":"17","msg_id":null}}
[RECEIVED] {"id":284,"src":"n3","dest":"n2","body":{"type":"broadcast","message":"17","msg_id":null}}
[MATCH] BroadcastBody
[MATCH] BroadcastBody
[BROADCAST RESPONSE] {"src":"n2","dest":"n5","body":{"type":"broadcast_ok","in_reply_to":0,"msg_id":61}}
[BROADCAST RESPONSE] {"src":"n2","dest":"n3","body":{"type":"broadcast_ok","in_reply_to":0,"msg_id":62}}
[RECEIVED] {"id":287,"src":"c11","dest":"n2","body":{"type":"broadcast","message":18,"msg_id":8}}
[MATCH] BroadcastBody
[INSIDE BROADCAST LOOP]
[BROADCAST REQUEST] {"id":0,"src":"n2","dest":"n5","body":{"type":"broadcast","message":"18","msg_id":null}}
[BROADCAST REQUEST] {"id":0,"src":"n2","dest":"n3","body":{"type":"broadcast","message":"18","msg_id":null}}
[BROADCAST REQUEST] {"id":0,"src":"n2","dest":"n1","body":{"type":"broadcast","message":"18","msg_id":null}}
[BROADCAST RESPONSE] {"src":"n2","dest":"c11","body":{"type":"broadcast_ok","in_reply_to":8,"msg_id":63}}
[RECEIVED] {"id":294,"src":"n3","dest":"n2","body":{"type":"broadcast","message":"18","msg_id":null}}
[RECEIVED] {"id":293,"src":"n5","dest":"n2","body":{"type":"broadcast","message":"18","msg_id":null}}
[MATCH] BroadcastBody
[MATCH] BroadcastBody
[BROADCAST RESPONSE] {"src":"n2","dest":"n3","body":{"type":"broadcast_ok","in_reply_to":0,"msg_id":64}}
[BROADCAST RESPONSE] {"src":"n2","dest":"n5","body":{"type":"broadcast_ok","in_reply_to":0,"msg_id":65}}
[RECEIVED] {"id":297,"src":"n1","dest":"n2","body":{"type":"broadcast","message":"18","msg_id":null}}
[MATCH] BroadcastBody
[BROADCAST RESPONSE] {"src":"n2","dest":"n1","body":{"type":"broadcast_ok","in_reply_to":0,"msg_id":66}}
[RECEIVED] {"id":305,"src":"n5","dest":"n2","body":{"type":"broadcast","message":"19","msg_id":null}}
[RECEIVED] {"id":306,"src":"n1","dest":"n2","body":{"type":"broadcast","message":"19","msg_id":null}}
[MATCH] BroadcastBody
[MATCH] BroadcastBody
[INSIDE BROADCAST LOOP]
[BROADCAST REQUEST] {"id":0,"src":"n2","dest":"n5","body":{"type":"broadcast","message":"19","msg_id":null}}
[BROADCAST REQUEST] {"id":0,"src":"n2","dest":"n3","body":{"type":"broadcast","message":"19","msg_id":null}}
[BROADCAST REQUEST] {"id":0,"src":"n2","dest":"n1","body":{"type":"broadcast","message":"19","msg_id":null}}
[BROADCAST RESPONSE] {"src":"n2","dest":"n5","body":{"type":"broadcast_ok","in_reply_to":0,"msg_id":67}}
[BROADCAST RESPONSE] {"src":"n2","dest":"n1","body":{"type":"broadcast_ok","in_reply_to":0,"msg_id":68}}
[RECEIVED] {"id":311,"src":"n3","dest":"n2","body":{"type":"broadcast","message":"19","msg_id":null}}
[MATCH] BroadcastBody
[BROADCAST RESPONSE] {"src":"n2","dest":"n3","body":{"type":"broadcast_ok","in_reply_to":0,"msg_id":69}}
[RECEIVED] {"id":316,"src":"n1","dest":"n2","body":{"type":"broadcast","message":"20","msg_id":null}}
[MATCH] BroadcastBody
[INSIDE BROADCAST LOOP]
[BROADCAST REQUEST] {"id":0,"src":"n2","dest":"n5","body":{"type":"broadcast","message":"20","msg_id":null}}
[BROADCAST REQUEST] {"id":0,"src":"n2","dest":"n3","body":{"type":"broadcast","message":"20","msg_id":null}}
[BROADCAST REQUEST] {"id":0,"src":"n2","dest":"n1","body":{"type":"broadcast","message":"20","msg_id":null}}
[BROADCAST RESPONSE] {"src":"n2","dest":"n1","body":{"type":"broadcast_ok","in_reply_to":0,"msg_id":70}}
[RECEIVED] {"id":323,"src":"n5","dest":"n2","body":{"type":"broadcast","message":"20","msg_id":null}}
[MATCH] BroadcastBody
[BROADCAST RESPONSE] {"src":"n2","dest":"n5","body":{"type":"broadcast_ok","in_reply_to":0,"msg_id":71}}
[RECEIVED] {"id":325,"src":"n3","dest":"n2","body":{"type":"broadcast","message":"20","msg_id":null}}
[MATCH] BroadcastBody
[BROADCAST RESPONSE] {"src":"n2","dest":"n3","body":{"type":"broadcast_ok","in_reply_to":0,"msg_id":72}}
[RECEIVED] {"id":328,"src":"n1","dest":"n2","body":{"type":"broadcast","message":"21","msg_id":null}}
[MATCH] BroadcastBody
[INSIDE BROADCAST LOOP]
[BROADCAST REQUEST] {"id":0,"src":"n2","dest":"n5","body":{"type":"broadcast","message":"21","msg_id":null}}
[BROADCAST REQUEST] {"id":0,"src":"n2","dest":"n3","body":{"type":"broadcast","message":"21","msg_id":null}}
[BROADCAST REQUEST] {"id":0,"src":"n2","dest":"n1","body":{"type":"broadcast","message":"21","msg_id":null}}
[BROADCAST RESPONSE] {"src":"n2","dest":"n1","body":{"type":"broadcast_ok","in_reply_to":0,"msg_id":73}}
[RECEIVED] {"id":335,"src":"n5","dest":"n2","body":{"type":"broadcast","message":"21","msg_id":null}}
[RECEIVED] {"id":336,"src":"n3","dest":"n2","body":{"type":"broadcast","message":"21","msg_id":null}}
[MATCH] BroadcastBody
[MATCH] BroadcastBody
[BROADCAST RESPONSE] {"src":"n2","dest":"n5","body":{"type":"broadcast_ok","in_reply_to":0,"msg_id":74}}
[BROADCAST RESPONSE] {"src":"n2","dest":"n3","body":{"type":"broadcast_ok","in_reply_to":0,"msg_id":75}}
[RECEIVED] {"id":338,"src":"c11","dest":"n2","body":{"type":"broadcast","message":22,"msg_id":9}}
[MATCH] BroadcastBody
[INSIDE BROADCAST LOOP]
[BROADCAST REQUEST] {"id":0,"src":"n2","dest":"n5","body":{"type":"broadcast","message":"22","msg_id":null}}
[BROADCAST REQUEST] {"id":0,"src":"n2","dest":"n3","body":{"type":"broadcast","message":"22","msg_id":null}}
[BROADCAST REQUEST] {"id":0,"src":"n2","dest":"n1","body":{"type":"broadcast","message":"22","msg_id":null}}
[BROADCAST RESPONSE] {"src":"n2","dest":"c11","body":{"type":"broadcast_ok","in_reply_to":9,"msg_id":76}}
[RECEIVED] {"id":343,"src":"n5","dest":"n2","body":{"type":"broadcast","message":"22","msg_id":null}}
[RECEIVED] {"id":344,"src":"n3","dest":"n2","body":{"type":"broadcast","message":"22","msg_id":null}}
[MATCH] BroadcastBody
[MATCH] BroadcastBody
[BROADCAST RESPONSE] {"src":"n2","dest":"n5","body":{"type":"broadcast_ok","in_reply_to":0,"msg_id":77}}
[BROADCAST RESPONSE] {"src":"n2","dest":"n3","body":{"type":"broadcast_ok","in_reply_to":0,"msg_id":78}}
[RECEIVED] {"id":347,"src":"n1","dest":"n2","body":{"type":"broadcast","message":"22","msg_id":null}}
[MATCH] BroadcastBody
[BROADCAST RESPONSE] {"src":"n2","dest":"n1","body":{"type":"broadcast_ok","in_reply_to":0,"msg_id":79}}
[RECEIVED] {"id":351,"src":"n3","dest":"n2","body":{"type":"broadcast","message":"23","msg_id":null}}
[MATCH] BroadcastBody
[INSIDE BROADCAST LOOP]
[BROADCAST REQUEST] {"id":0,"src":"n2","dest":"n5","body":{"type":"broadcast","message":"23","msg_id":null}}
[BROADCAST REQUEST] {"id":0,"src":"n2","dest":"n3","body":{"type":"broadcast","message":"23","msg_id":null}}
[BROADCAST REQUEST] {"id":0,"src":"n2","dest":"n1","body":{"type":"broadcast","message":"23","msg_id":null}}
[BROADCAST RESPONSE] {"src":"n2","dest":"n3","body":{"type":"broadcast_ok","in_reply_to":0,"msg_id":80}}
[RECEIVED] {"id":356,"src":"n5","dest":"n2","body":{"type":"broadcast","message":"23","msg_id":null}}
[MATCH] BroadcastBody
[BROADCAST RESPONSE] {"src":"n2","dest":"n5","body":{"type":"broadcast_ok","in_reply_to":0,"msg_id":81}}
[RECEIVED] {"id":359,"src":"n1","dest":"n2","body":{"type":"broadcast","message":"23","msg_id":null}}
[MATCH] BroadcastBody
[BROADCAST RESPONSE] {"src":"n2","dest":"n1","body":{"type":"broadcast_ok","in_reply_to":0,"msg_id":82}}
[RECEIVED] {"id":364,"src":"c11","dest":"n2","body":{"type":"read","msg_id":10}}
[MATCH] ReadBody
[READ RESPONSE] {"src":"n2","dest":"c11","body":{"type":"read_ok","messages":["0","1","10","11","12","13","14","15","16","17","18","19","2","20","21","22","23","3","4","5","6","7","8","9"],"in_reply_to":10,"msg_id":83}}
