[RECEIVED] {"id":3,"src":"c3","dest":"n3","body":{"type":"init","node_id":"n3","node_ids":["n1","n2","n3","n4","n5"],"msg_id":1}}
[MATCH] InitBody
Initialized node n3
Init send {"src":"n3","dest":"c3","body":{"type":"init_ok","in_reply_to":1,"msg_id":0}}
[RECEIVED] {"id":13,"src":"c7","dest":"n3","body":{"type":"topology","topology":{"n1":["n4","n2"],"n2":["n5","n3","n1"],"n3":["n2"],"n4":["n1","n5"],"n5":["n2","n4"]},"msg_id":1}}
[MATCH] TopologyBody
[TOPOLOGY RESPONSE] {"src":"n3","dest":"c7","body":{"type":"topology_ok","in_reply_to":1,"msg_id":1}}
[RECEIVED] {"id":27,"src":"n2","dest":"n3","body":{"type":"broadcast","message":"0","msg_id":null}}
[MATCH] BroadcastBody
[INSIDE BROADCAST LOOP]
[BROADCAST REQUEST] {"id":0,"src":"n3","dest":"n2","body":{"type":"broadcast","message":"0","msg_id":null}}
[BROADCAST RESPONSE] {"src":"n3","dest":"n2","body":{"type":"broadcast_ok","in_reply_to":0,"msg_id":2}}
[RECEIVED] {"id":34,"src":"c12","dest":"n3","body":{"type":"read","msg_id":1}}
[MATCH] ReadBody
[READ RESPONSE] {"src":"n3","dest":"c12","body":{"type":"read_ok","messages":["0"],"in_reply_to":1,"msg_id":3}}
[RECEIVED] {"id":47,"src":"n2","dest":"n3","body":{"type":"broadcast","message":"1","msg_id":null}}
[MATCH] BroadcastBody
[INSIDE BROADCAST LOOP]
[BROADCAST REQUEST] {"id":0,"src":"n3","dest":"n2","body":{"type":"broadcast","message":"1","msg_id":null}}
[BROADCAST RESPONSE] {"src":"n3","dest":"n2","body":{"type":"broadcast_ok","in_reply_to":0,"msg_id":4}}
[RECEIVED] {"id":56,"src":"c12","dest":"n3","body":{"type":"read","msg_id":2}}
[MATCH] ReadBody
[READ RESPONSE] {"src":"n3","dest":"c12","body":{"type":"read_ok","messages":["0","1"],"in_reply_to":2,"msg_id":5}}
[RECEIVED] {"id":71,"src":"n2","dest":"n3","body":{"type":"broadcast","message":"2","msg_id":null}}
[MATCH] BroadcastBody
[INSIDE BROADCAST LOOP]
[BROADCAST REQUEST] {"id":0,"src":"n3","dest":"n2","body":{"type":"broadcast","message":"2","msg_id":null}}
[BROADCAST RESPONSE] {"src":"n3","dest":"n2","body":{"type":"broadcast_ok","in_reply_to":0,"msg_id":6}}
[RECEIVED] {"id":78,"src":"c12","dest":"n3","body":{"type":"read","msg_id":3}}
[MATCH] ReadBody
[READ RESPONSE] {"src":"n3","dest":"c12","body":{"type":"read_ok","messages":["0","1","2"],"in_reply_to":3,"msg_id":7}}
[RECEIVED] {"id":89,"src":"n2","dest":"n3","body":{"type":"broadcast","message":"3","msg_id":null}}
[MATCH] BroadcastBody
[INSIDE BROADCAST LOOP]
[BROADCAST REQUEST] {"id":0,"src":"n3","dest":"n2","body":{"type":"broadcast","message":"3","msg_id":null}}
[BROADCAST RESPONSE] {"src":"n3","dest":"n2","body":{"type":"broadcast_ok","in_reply_to":0,"msg_id":8}}
[RECEIVED] {"id":101,"src":"n2","dest":"n3","body":{"type":"broadcast","message":"4","msg_id":null}}
[MATCH] BroadcastBody
[INSIDE BROADCAST LOOP]
[BROADCAST REQUEST] {"id":0,"src":"n3","dest":"n2","body":{"type":"broadcast","message":"4","msg_id":null}}
[BROADCAST RESPONSE] {"src":"n3","dest":"n2","body":{"type":"broadcast_ok","in_reply_to":0,"msg_id":9}}
[RECEIVED] {"id":113,"src":"n2","dest":"n3","body":{"type":"broadcast","message":"5","msg_id":null}}
[MATCH] BroadcastBody
[INSIDE BROADCAST LOOP]
[BROADCAST REQUEST] {"id":0,"src":"n3","dest":"n2","body":{"type":"broadcast","message":"5","msg_id":null}}
[BROADCAST RESPONSE] {"src":"n3","dest":"n2","body":{"type":"broadcast_ok","in_reply_to":0,"msg_id":10}}
[RECEIVED] {"id":120,"src":"c12","dest":"n3","body":{"type":"broadcast","message":6,"msg_id":4}}
[MATCH] BroadcastBody
[INSIDE BROADCAST LOOP]
[BROADCAST REQUEST] {"id":0,"src":"n3","dest":"n2","body":{"type":"broadcast","message":"6","msg_id":null}}
[BROADCAST RESPONSE] {"src":"n3","dest":"c12","body":{"type":"broadcast_ok","in_reply_to":4,"msg_id":11}}
[RECEIVED] {"id":124,"src":"n2","dest":"n3","body":{"type":"broadcast","message":"6","msg_id":null}}
[MATCH] BroadcastBody
[BROADCAST RESPONSE] {"src":"n3","dest":"n2","body":{"type":"broadcast_ok","in_reply_to":0,"msg_id":12}}
[RECEIVED] {"id":140,"src":"n2","dest":"n3","body":{"type":"broadcast","message":"7","msg_id":null}}
[MATCH] BroadcastBody
[INSIDE BROADCAST LOOP]
[BROADCAST REQUEST] {"id":0,"src":"n3","dest":"n2","body":{"type":"broadcast","message":"7","msg_id":null}}
[BROADCAST RESPONSE] {"src":"n3","dest":"n2","body":{"type":"broadcast_ok","in_reply_to":0,"msg_id":13}}
[RECEIVED] {"id":153,"src":"n2","dest":"n3","body":{"type":"broadcast","message":"8","msg_id":null}}
[MATCH] BroadcastBody
[INSIDE BROADCAST LOOP]
[BROADCAST REQUEST] {"id":0,"src":"n3","dest":"n2","body":{"type":"broadcast","message":"8","msg_id":null}}
[BROADCAST RESPONSE] {"src":"n3","dest":"n2","body":{"type":"broadcast_ok","in_reply_to":0,"msg_id":14}}
[RECEIVED] {"id":165,"src":"n2","dest":"n3","body":{"type":"broadcast","message":"9","msg_id":null}}
[MATCH] BroadcastBody
[INSIDE BROADCAST LOOP]
[BROADCAST REQUEST] {"id":0,"src":"n3","dest":"n2","body":{"type":"broadcast","message":"9","msg_id":null}}
[BROADCAST RESPONSE] {"src":"n3","dest":"n2","body":{"type":"broadcast_ok","in_reply_to":0,"msg_id":15}}
[RECEIVED] {"id":172,"src":"n2","dest":"n3","body":{"type":"broadcast","message":"10","msg_id":null}}
[MATCH] BroadcastBody
[INSIDE BROADCAST LOOP]
[BROADCAST REQUEST] {"id":0,"src":"n3","dest":"n2","body":{"type":"broadcast","message":"10","msg_id":null}}
[BROADCAST RESPONSE] {"src":"n3","dest":"n2","body":{"type":"broadcast_ok","in_reply_to":0,"msg_id":16}}
[RECEIVED] {"id":182,"src":"c12","dest":"n3","body":{"type":"read","msg_id":5}}
[MATCH] ReadBody
[READ RESPONSE] {"src":"n3","dest":"c12","body":{"type":"read_ok","messages":["0","1","10","2","3","4","5","6","7","8","9"],"in_reply_to":5,"msg_id":17}}
[RECEIVED] {"id":191,"src":"n2","dest":"n3","body":{"type":"broadcast","message":"11","msg_id":null}}
[MATCH] BroadcastBody
[INSIDE BROADCAST LOOP]
[BROADCAST REQUEST] {"id":0,"src":"n3","dest":"n2","body":{"type":"broadcast","message":"11","msg_id":null}}
[BROADCAST RESPONSE] {"src":"n3","dest":"n2","body":{"type":"broadcast_ok","in_reply_to":0,"msg_id":18}}
[RECEIVED] {"id":205,"src":"n2","dest":"n3","body":{"type":"broadcast","message":"12","msg_id":null}}
[MATCH] BroadcastBody
[INSIDE BROADCAST LOOP]
[BROADCAST REQUEST] {"id":0,"src":"n3","dest":"n2","body":{"type":"broadcast","message":"12","msg_id":null}}
[BROADCAST RESPONSE] {"src":"n3","dest":"n2","body":{"type":"broadcast_ok","in_reply_to":0,"msg_id":19}}
[RECEIVED] {"id":217,"src":"n2","dest":"n3","body":{"type":"broadcast","message":"13","msg_id":null}}
[MATCH] BroadcastBody
[INSIDE BROADCAST LOOP]
[BROADCAST REQUEST] {"id":0,"src":"n3","dest":"n2","body":{"type":"broadcast","message":"13","msg_id":null}}
[BROADCAST RESPONSE] {"src":"n3","dest":"n2","body":{"type":"broadcast_ok","in_reply_to":0,"msg_id":20}}
[RECEIVED] {"id":224,"src":"n2","dest":"n3","body":{"type":"broadcast","message":"14","msg_id":null}}
[MATCH] BroadcastBody
[INSIDE BROADCAST LOOP]
[BROADCAST REQUEST] {"id":0,"src":"n3","dest":"n2","body":{"type":"broadcast","message":"14","msg_id":null}}
[BROADCAST RESPONSE] {"src":"n3","dest":"n2","body":{"type":"broadcast_ok","in_reply_to":0,"msg_id":21}}
[RECEIVED] {"id":234,"src":"c12","dest":"n3","body":{"type":"read","msg_id":6}}
[MATCH] ReadBody
[READ RESPONSE] {"src":"n3","dest":"c12","body":{"type":"read_ok","messages":["0","1","10","11","12","13","14","2","3","4","5","6","7","8","9"],"in_reply_to":6,"msg_id":22}}
[RECEIVED] {"id":245,"src":"n2","dest":"n3","body":{"type":"broadcast","message":"15","msg_id":null}}
[MATCH] BroadcastBody
[INSIDE BROADCAST LOOP]
[BROADCAST REQUEST] {"id":0,"src":"n3","dest":"n2","body":{"type":"broadcast","message":"15","msg_id":null}}
[BROADCAST RESPONSE] {"src":"n3","dest":"n2","body":{"type":"broadcast_ok","in_reply_to":0,"msg_id":23}}
[RECEIVED] {"id":257,"src":"n2","dest":"n3","body":{"type":"broadcast","message":"16","msg_id":null}}
[MATCH] BroadcastBody
[INSIDE BROADCAST LOOP]
[BROADCAST REQUEST] {"id":0,"src":"n3","dest":"n2","body":{"type":"broadcast","message":"16","msg_id":null}}
[BROADCAST RESPONSE] {"src":"n3","dest":"n2","body":{"type":"broadcast_ok","in_reply_to":0,"msg_id":24}}
[RECEIVED] {"id":266,"src":"c12","dest":"n3","body":{"type":"read","msg_id":7}}
[MATCH] ReadBody
[READ RESPONSE] {"src":"n3","dest":"c12","body":{"type":"read_ok","messages":["0","1","10","11","12","13","14","15","16","2","3","4","5","6","7","8","9"],"in_reply_to":7,"msg_id":25}}
[RECEIVED] {"id":281,"src":"n2","dest":"n3","body":{"type":"broadcast","message":"17","msg_id":null}}
[MATCH] BroadcastBody
[INSIDE BROADCAST LOOP]
[BROADCAST REQUEST] {"id":0,"src":"n3","dest":"n2","body":{"type":"broadcast","message":"17","msg_id":null}}
[BROADCAST RESPONSE] {"src":"n3","dest":"n2","body":{"type":"broadcast_ok","in_reply_to":0,"msg_id":26}}
[RECEIVED] {"id":286,"src":"c12","dest":"n3","body":{"type":"read","msg_id":8}}
[MATCH] ReadBody
[READ RESPONSE] {"src":"n3","dest":"c12","body":{"type":"read_ok","messages":["0","1","10","11","12","13","14","15","16","17","2","3","4","5","6","7","8","9"],"in_reply_to":8,"msg_id":27}}
[RECEIVED] {"id":290,"src":"n2","dest":"n3","body":{"type":"broadcast","message":"18","msg_id":null}}
[MATCH] BroadcastBody
[INSIDE BROADCAST LOOP]
[BROADCAST REQUEST] {"id":0,"src":"n3","dest":"n2","body":{"type":"broadcast","message":"18","msg_id":null}}
[BROADCAST RESPONSE] {"src":"n3","dest":"n2","body":{"type":"broadcast_ok","in_reply_to":0,"msg_id":28}}
[RECEIVED] {"id":309,"src":"n2","dest":"n3","body":{"type":"broadcast","message":"19","msg_id":null}}
[MATCH] BroadcastBody
[INSIDE BROADCAST LOOP]
[BROADCAST REQUEST] {"id":0,"src":"n3","dest":"n2","body":{"type":"broadcast","message":"19","msg_id":null}}
[BROADCAST RESPONSE] {"src":"n3","dest":"n2","body":{"type":"broadcast_ok","in_reply_to":0,"msg_id":29}}
[RECEIVED] {"id":321,"src":"n2","dest":"n3","body":{"type":"broadcast","message":"20","msg_id":null}}
[MATCH] BroadcastBody
[INSIDE BROADCAST LOOP]
[BROADCAST REQUEST] {"id":0,"src":"n3","dest":"n2","body":{"type":"broadcast","message":"20","msg_id":null}}
[BROADCAST RESPONSE] {"src":"n3","dest":"n2","body":{"type":"broadcast_ok","in_reply_to":0,"msg_id":30}}
[RECEIVED] {"id":333,"src":"n2","dest":"n3","body":{"type":"broadcast","message":"21","msg_id":null}}
[MATCH] BroadcastBody
[INSIDE BROADCAST LOOP]
[BROADCAST REQUEST] {"id":0,"src":"n3","dest":"n2","body":{"type":"broadcast","message":"21","msg_id":null}}
[BROADCAST RESPONSE] {"src":"n3","dest":"n2","body":{"type":"broadcast_ok","in_reply_to":0,"msg_id":31}}
[RECEIVED] {"id":340,"src":"n2","dest":"n3","body":{"type":"broadcast","message":"22","msg_id":null}}
[MATCH] BroadcastBody
[INSIDE BROADCAST LOOP]
[BROADCAST REQUEST] {"id":0,"src":"n3","dest":"n2","body":{"type":"broadcast","message":"22","msg_id":null}}
[BROADCAST RESPONSE] {"src":"n3","dest":"n2","body":{"type":"broadcast_ok","in_reply_to":0,"msg_id":32}}
[RECEIVED] {"id":350,"src":"c12","dest":"n3","body":{"type":"broadcast","message":23,"msg_id":9}}
[MATCH] BroadcastBody
[INSIDE BROADCAST LOOP]
[BROADCAST REQUEST] {"id":0,"src":"n3","dest":"n2","body":{"type":"broadcast","message":"23","msg_id":null}}
[BROADCAST RESPONSE] {"src":"n3","dest":"c12","body":{"type":"broadcast_ok","in_reply_to":9,"msg_id":33}}
[RECEIVED] {"id":354,"src":"n2","dest":"n3","body":{"type":"broadcast","message":"23","msg_id":null}}
[MATCH] BroadcastBody
[BROADCAST RESPONSE] {"src":"n3","dest":"n2","body":{"type":"broadcast_ok","in_reply_to":0,"msg_id":34}}
[RECEIVED] {"id":366,"src":"c12","dest":"n3","body":{"type":"read","msg_id":10}}
[MATCH] ReadBody
[READ RESPONSE] {"src":"n3","dest":"c12","body":{"type":"read_ok","messages":["0","1","10","11","12","13","14","15","16","17","18","19","2","20","21","22","23","3","4","5","6","7","8","9"],"in_reply_to":10,"msg_id":35}}
