[RECEIVED] {"id":4,"src":"c4","dest":"n4","body":{"type":"init","node_id":"n4","node_ids":["n1","n2","n3","n4","n5"],"msg_id":1}}
[MATCH] InitBody
Initialized node n4
Init send {"src":"n4","dest":"c4","body":{"type":"init_ok","in_reply_to":1,"msg_id":0}}
[RECEIVED] {"id":10,"src":"c8","dest":"n4","body":{"type":"topology","topology":{"n1":["n4","n2"],"n2":["n5","n3","n1"],"n3":["n2"],"n4":["n1","n5"],"n5":["n2","n4"]},"msg_id":1}}
[MATCH] TopologyBody
[TOPOLOGY RESPONSE] {"src":"n4","dest":"c8","body":{"type":"topology_ok","in_reply_to":1,"msg_id":1}}
[RECEIVED] {"id":21,"src":"n1","dest":"n4","body":{"type":"broadcast","message":"0","msg_id":null}}
[MATCH] BroadcastBody
[INSIDE BROADCAST LOOP]
[BROADCAST REQUEST] {"id":0,"src":"n4","dest":"n1","body":{"type":"broadcast","message":"0","msg_id":null}}
[BROADCAST REQUEST] {"id":0,"src":"n4","dest":"n5","body":{"type":"broadcast","message":"0","msg_id":null}}
[BROADCAST RESPONSE] {"src":"n4","dest":"n1","body":{"type":"broadcast_ok","in_reply_to":0,"msg_id":2}}
[RECEIVED] {"id":30,"src":"n5","dest":"n4","body":{"type":"broadcast","message":"0","msg_id":null}}
[MATCH] BroadcastBody
[BROADCAST RESPONSE] {"src":"n4","dest":"n5","body":{"type":"broadcast_ok","in_reply_to":0,"msg_id":3}}
[RECEIVED] {"id":36,"src":"c13","dest":"n4","body":{"type":"read","msg_id":1}}
[MATCH] ReadBody
[READ RESPONSE] {"src":"n4","dest":"c13","body":{"type":"read_ok","messages":["0"],"in_reply_to":1,"msg_id":4}}
[RECEIVED] {"id":41,"src":"n1","dest":"n4","body":{"type":"broadcast","message":"1","msg_id":null}}
[MATCH] BroadcastBody
[INSIDE BROADCAST LOOP]
[BROADCAST REQUEST] {"id":0,"src":"n4","dest":"n1","body":{"type":"broadcast","message":"1","msg_id":null}}
[BROADCAST REQUEST] {"id":0,"src":"n4","dest":"n5","body":{"type":"broadcast","message":"1","msg_id":null}}
[BROADCAST RESPONSE] {"src":"n4","dest":"n1","body":{"type":"broadcast_ok","in_reply_to":0,"msg_id":5}}
[RECEIVED] {"id":50,"src":"n5","dest":"n4","body":{"type":"broadcast","message":"1","msg_id":null}}
[MATCH] BroadcastBody
[BROADCAST RESPONSE] {"src":"n4","dest":"n5","body":{"type":"broadcast_ok","in_reply_to":0,"msg_id":6}}
[RECEIVED] {"id":58,"src":"c13","dest":"n4","body":{"type":"read","msg_id":2}}
[MATCH] ReadBody
[READ RESPONSE] {"src":"n4","dest":"c13","body":{"type":"read_ok","messages":["0","1"],"in_reply_to":2,"msg_id":7}}
[RECEIVED] {"id":65,"src":"n1","dest":"n4","body":{"type":"broadcast","message":"2","msg_id":null}}
[MATCH] BroadcastBody
[INSIDE BROADCAST LOOP]
[BROADCAST REQUEST] {"id":0,"src":"n4","dest":"n1","body":{"type":"broadcast","message":"2","msg_id":null}}
[BROADCAST REQUEST] {"id":0,"src":"n4","dest":"n5","body":{"type":"broadcast","message":"2","msg_id":null}}
[BROADCAST RESPONSE] {"src":"n4","dest":"n1","body":{"type":"broadcast_ok","in_reply_to":0,"msg_id":8}}
[RECEIVED] {"id":74,"src":"n5","dest":"n4","body":{"type":"broadcast","message":"2","msg_id":null}}
[MATCH] BroadcastBody
[BROADCAST RESPONSE] {"src":"n4","dest":"n5","body":{"type":"broadcast_ok","in_reply_to":0,"msg_id":9}}
[RECEIVED] {"id":80,"src":"c13","dest":"n4","body":{"type":"broadcast","message":3,"msg_id":3}}
[MATCH] BroadcastBody
[INSIDE BROADCAST LOOP]
[BROADCAST REQUEST] {"id":0,"src":"n4","dest":"n1","body":{"type":"broadcast","message":"3","msg_id":null}}
[BROADCAST REQUEST] {"id":0,"src":"n4","dest":"n5","body":{"type":"broadcast","message":"3","msg_id":null}}
[BROADCAST RESPONSE] {"src":"n4","dest":"c13","body":{"type":"broadcast_ok","in_reply_to":3,"msg_id":10}}
[RECEIVED] {"id":84,"src":"n1","dest":"n4","body":{"type":"broadcast","message":"3","msg_id":null}}
[MATCH] BroadcastBody
[BROADCAST RESPONSE] {"src":"n4","dest":"n1","body":{"type":"broadcast_ok","in_reply_to":0,"msg_id":11}}
[RECEIVED] {"id":87,"src":"n5","dest":"n4","body":{"type":"broadcast","message":"3","msg_id":null}}
[MATCH] BroadcastBody
[BROADCAST RESPONSE] {"src":"n4","dest":"n5","body":{"type":"broadcast_ok","in_reply_to":0,"msg_id":12}}
[RECEIVED] {"id":95,"src":"n1","dest":"n4","body":{"type":"broadcast","message":"4","msg_id":null}}
[MATCH] BroadcastBody
[INSIDE BROADCAST LOOP]
[BROADCAST REQUEST] {"id":0,"src":"n4","dest":"n1","body":{"type":"broadcast","message":"4","msg_id":null}}
[BROADCAST REQUEST] {"id":0,"src":"n4","dest":"n5","body":{"type":"broadcast","message":"4","msg_id":null}}
[BROADCAST RESPONSE] {"src":"n4","dest":"n1","body":{"type":"broadcast_ok","in_reply_to":0,"msg_id":13}}
[RECEIVED] {"id":104,"src":"n5","dest":"n4","body":{"type":"broadcast","message":"4","msg_id":null}}
[MATCH] BroadcastBody
[BROADCAST RESPONSE] {"src":"n4","dest":"n5","body":{"type":"broadcast_ok","in_reply_to":0,"msg_id":14}}
[RECEIVED] {"id":107,"src":"n1","dest":"n4","body":{"type":"broadcast","message":"5","msg_id":null}}
[MATCH] BroadcastBody
[INSIDE BROADCAST LOOP]
[BROADCAST REQUEST] {"id":0,"src":"n4","dest":"n1","body":{"type":"broadcast","message":"5","msg_id":null}}
[BROADCAST REQUEST] {"id":0,"src":"n4","dest":"n5","body":{"type":"broadcast","message":"5","msg_id":null}}
[BROADCAST RESPONSE] {"src":"n4","dest":"n1","body":{"type":"broadcast_ok","in_reply_to":0,"msg_id":15}}
[RECEIVED] {"id":117,"src":"n5","dest":"n4","body":{"type":"broadcast","message":"5","msg_id":null}}
[MATCH] BroadcastBody
[BROADCAST RESPONSE] {"src":"n4","dest":"n5","body":{"type":"broadcast_ok","in_reply_to":0,"msg_id":16}}
[RECEIVED] {"id":127,"src":"n5","dest":"n4","body":{"type":"broadcast","message":"6","msg_id":null}}
[MATCH] BroadcastBody
[RECEIVED] {"id":128,"src":"n1","dest":"n4","body":{"type":"broadcast","message":"6","msg_id":null}}
[INSIDE BROADCAST LOOP]
[MATCH] BroadcastBody
[BROADCAST REQUEST] {"id":0,"src":"n4","dest":"n1","body":{"type":"broadcast","message":"6","msg_id":null}}
[BROADCAST REQUEST] {"id":0,"src":"n4","dest":"n5","body":{"type":"broadcast","message":"6","msg_id":null}}
[BROADCAST RESPONSE] {"src":"n4","dest":"n5","body":{"type":"broadcast_ok","in_reply_to":0,"msg_id":17}}
[BROADCAST RESPONSE] {"src":"n4","dest":"n1","body":{"type":"broadcast_ok","in_reply_to":0,"msg_id":18}}
[RECEIVED] {"id":132,"src":"c13","dest":"n4","body":{"type":"read","msg_id":4}}
[MATCH] ReadBody
[READ RESPONSE] {"src":"n4","dest":"c13","body":{"type":"read_ok","messages":["0","1","2","3","4","5","6"],"in_reply_to":4,"msg_id":19}}
[RECEIVED] {"id":136,"src":"n5","dest":"n4","body":{"type":"broadcast","message":"7","msg_id":null}}
[MATCH] BroadcastBody
[INSIDE BROADCAST LOOP]
[BROADCAST REQUEST] {"id":0,"src":"n4","dest":"n1","body":{"type":"broadcast","message":"7","msg_id":null}}
[BROADCAST REQUEST] {"id":0,"src":"n4","dest":"n5","body":{"type":"broadcast","message":"7","msg_id":null}}
[BROADCAST RESPONSE] {"src":"n4","dest":"n5","body":{"type":"broadcast_ok","in_reply_to":0,"msg_id":20}}
[RECEIVED] {"id":143,"src":"n1","dest":"n4","body":{"type":"broadcast","message":"7","msg_id":null}}
[MATCH] BroadcastBody
[BROADCAST RESPONSE] {"src":"n4","dest":"n1","body":{"type":"broadcast_ok","in_reply_to":0,"msg_id":21}}
[RECEIVED] {"id":147,"src":"n1","dest":"n4","body":{"type":"broadcast","message":"8","msg_id":null}}
[MATCH] BroadcastBody
[INSIDE BROADCAST LOOP]
[BROADCAST REQUEST] {"id":0,"src":"n4","dest":"n1","body":{"type":"broadcast","message":"8","msg_id":null}}
[BROADCAST REQUEST] {"id":0,"src":"n4","dest":"n5","body":{"type":"broadcast","message":"8","msg_id":null}}
[BROADCAST RESPONSE] {"src":"n4","dest":"n1","body":{"type":"broadcast_ok","in_reply_to":0,"msg_id":22}}
[RECEIVED] {"id":157,"src":"n5","dest":"n4","body":{"type":"broadcast","message":"8","msg_id":null}}
[MATCH] BroadcastBody
[BROADCAST RESPONSE] {"src":"n4","dest":"n5","body":{"type":"broadcast_ok","in_reply_to":0,"msg_id":23}}
[RECEIVED] {"id":159,"src":"n1","dest":"n4","body":{"type":"broadcast","message":"9","msg_id":null}}
[MATCH] BroadcastBody
[INSIDE BROADCAST LOOP]
[BROADCAST REQUEST] {"id":0,"src":"n4","dest":"n1","body":{"type":"broadcast","message":"9","msg_id":null}}
[BROADCAST REQUEST] {"id":0,"src":"n4","dest":"n5","body":{"type":"broadcast","message":"9","msg_id":null}}
[BROADCAST RESPONSE] {"src":"n4","dest":"n1","body":{"type":"broadcast_ok","in_reply_to":0,"msg_id":24}}
[RECEIVED] {"id":168,"src":"n5","dest":"n4","body":{"type":"broadcast","message":"9","msg_id":null}}
[MATCH] BroadcastBody
[BROADCAST RESPONSE] {"src":"n4","dest":"n5","body":{"type":"broadcast_ok","in_reply_to":0,"msg_id":25}}
[RECEIVED] {"id":177,"src":"n5","dest":"n4","body":{"type":"broadcast","message":"10","msg_id":null}}
[RECEIVED] {"id":178,"src":"n1","dest":"n4","body":{"type":"broadcast","message":"10","msg_id":null}}
[MATCH] BroadcastBody
[MATCH] BroadcastBody
[INSIDE BROADCAST LOOP]
[BROADCAST REQUEST] {"id":0,"src":"n4","dest":"n1","body":{"type":"broadcast","message":"10","msg_id":null}}
[BROADCAST REQUEST] {"id":0,"src":"n4","dest":"n5","body":{"type":"broadcast","message":"10","msg_id":null}}
[BROADCAST RESPONSE] {"src":"n4","dest":"n5","body":{"type":"broadcast_ok","in_reply_to":0,"msg_id":26}}
[BROADCAST RESPONSE] {"src":"n4","dest":"n1","body":{"type":"broadcast_ok","in_reply_to":0,"msg_id":27}}
[RECEIVED] {"id":184,"src":"c13","dest":"n4","body":{"type":"read","msg_id":5}}
[MATCH] ReadBody
[READ RESPONSE] {"src":"n4","dest":"c13","body":{"type":"read_ok","messages":["0","1","10","2","3","4","5","6","7","8","9"],"in_reply_to":5,"msg_id":28}}
[RECEIVED] {"id":188,"src":"n5","dest":"n4","body":{"type":"broadcast","message":"11","msg_id":null}}
[MATCH] BroadcastBody
[INSIDE BROADCAST LOOP]
[BROADCAST REQUEST] {"id":0,"src":"n4","dest":"n1","body":{"type":"broadcast","message":"11","msg_id":null}}
[BROADCAST REQUEST] {"id":0,"src":"n4","dest":"n5","body":{"type":"broadcast","message":"11","msg_id":null}}
[BROADCAST RESPONSE] {"src":"n4","dest":"n5","body":{"type":"broadcast_ok","in_reply_to":0,"msg_id":29}}
[RECEIVED] {"id":196,"src":"n1","dest":"n4","body":{"type":"broadcast","message":"11","msg_id":null}}
[MATCH] BroadcastBody
[BROADCAST RESPONSE] {"src":"n4","dest":"n1","body":{"type":"broadcast_ok","in_reply_to":0,"msg_id":30}}
[RECEIVED] {"id":199,"src":"n1","dest":"n4","body":{"type":"broadcast","message":"12","msg_id":null}}
[MATCH] BroadcastBody
[INSIDE BROADCAST LOOP]
[BROADCAST REQUEST] {"id":0,"src":"n4","dest":"n1","body":{"type":"broadcast","message":"12","msg_id":null}}
[BROADCAST REQUEST] {"id":0,"src":"n4","dest":"n5","body":{"type":"broadcast","message":"12","msg_id":null}}
[BROADCAST RESPONSE] {"src":"n4","dest":"n1","body":{"type":"broadcast_ok","in_reply_to":0,"msg_id":31}}
[RECEIVED] {"id":209,"src":"n5","dest":"n4","body":{"type":"broadcast","message":"12","msg_id":null}}
[MATCH] BroadcastBody
[BROADCAST RESPONSE] {"src":"n4","dest":"n5","body":{"type":"broadcast_ok","in_reply_to":0,"msg_id":32}}
[RECEIVED] {"id":211,"src":"n1","dest":"n4","body":{"type":"broadcast","message":"13","msg_id":null}}
[MATCH] BroadcastBody
[INSIDE BROADCAST LOOP]
[BROADCAST REQUEST] {"id":0,"src":"n4","dest":"n1","body":{"type":"broadcast","message":"13","msg_id":null}}
[BROADCAST REQUEST] {"id":0,"src":"n4","dest":"n5","body":{"type":"broadcast","message":"13","msg_id":null}}
[BROADCAST RESPONSE] {"src":"n4","dest":"n1","body":{"type":"broadcast_ok","in_reply_to":0,"msg_id":33}}
[RECEIVED] {"id":221,"src":"n5","dest":"n4","body":{"type":"broadcast","message":"13","msg_id":null}}
[MATCH] BroadcastBody
[BROADCAST RESPONSE] {"src":"n4","dest":"n5","body":{"type":"broadcast_ok","in_reply_to":0,"msg_id":34}}
[RECEIVED] {"id":228,"src":"n5","dest":"n4","body":{"type":"broadcast","message":"14","msg_id":null}}
[RECEIVED] {"id":230,"src":"n1","dest":"n4","body":{"type":"broadcast","message":"14","msg_id":null}}
[MATCH] BroadcastBody
[MATCH] BroadcastBody
[INSIDE BROADCAST LOOP]
[BROADCAST REQUEST] {"id":0,"src":"n4","dest":"n1","body":{"type":"broadcast","message":"14","msg_id":null}}
[BROADCAST REQUEST] {"id":0,"src":"n4","dest":"n5","body":{"type":"broadcast","message":"14","msg_id":null}}
[BROADCAST RESPONSE] {"src":"n4","dest":"n5","body":{"type":"broadcast_ok","in_reply_to":0,"msg_id":35}}
[BROADCAST RESPONSE] {"src":"n4","dest":"n1","body":{"type":"broadcast_ok","in_reply_to":0,"msg_id":36}}
[RECEIVED] {"id":236,"src":"c13","dest":"n4","body":{"type":"broadcast","message":15,"msg_id":6}}
[MATCH] BroadcastBody
[INSIDE BROADCAST LOOP]
[BROADCAST REQUEST] {"id":0,"src":"n4","dest":"n1","body":{"type":"broadcast","message":"15","msg_id":null}}
[BROADCAST REQUEST] {"id":0,"src":"n4","dest":"n5","body":{"type":"broadcast","message":"15","msg_id":null}}
[BROADCAST RESPONSE] {"src":"n4","dest":"c13","body":{"type":"broadcast_ok","in_reply_to":6,"msg_id":37}}
[RECEIVED] {"id":240,"src":"n1","dest":"n4","body":{"type":"broadcast","message":"15","msg_id":null}}
[MATCH] BroadcastBody
[BROADCAST RESPONSE] {"src":"n4","dest":"n1","body":{"type":"broadcast_ok","in_reply_to":0,"msg_id":38}}
[RECEIVED] {"id":243,"src":"n5","dest":"n4","body":{"type":"broadcast","message":"15","msg_id":null}}
[MATCH] BroadcastBody
[BROADCAST RESPONSE] {"src":"n4","dest":"n5","body":{"type":"broadcast_ok","in_reply_to":0,"msg_id":39}}
[RECEIVED] {"id":251,"src":"n1","dest":"n4","body":{"type":"broadcast","message":"16","msg_id":null}}
[MATCH] BroadcastBody
[INSIDE BROADCAST LOOP]
[BROADCAST REQUEST] {"id":0,"src":"n4","dest":"n1","body":{"type":"broadcast","message":"16","msg_id":null}}
[BROADCAST REQUEST] {"id":0,"src":"n4","dest":"n5","body":{"type":"broadcast","message":"16","msg_id":null}}
[BROADCAST RESPONSE] {"src":"n4","dest":"n1","body":{"type":"broadcast_ok","in_reply_to":0,"msg_id":40}}
[RECEIVED] {"id":260,"src":"n5","dest":"n4","body":{"type":"broadcast","message":"16","msg_id":null}}
[MATCH] BroadcastBody
[BROADCAST RESPONSE] {"src":"n4","dest":"n5","body":{"type":"broadcast_ok","in_reply_to":0,"msg_id":41}}
[RECEIVED] {"id":268,"src":"c13","dest":"n4","body":{"type":"read","msg_id":7}}
[MATCH] ReadBody
[READ RESPONSE] {"src":"n4","dest":"c13","body":{"type":"read_ok","messages":["0","1","10","11","12","13","14","15","16","2","3","4","5","6","7","8","9"],"in_reply_to":7,"msg_id":42}}
[RECEIVED] {"id":275,"src":"n1","dest":"n4","body":{"type":"broadcast","message":"17","msg_id":null}}
[MATCH] BroadcastBody
[INSIDE BROADCAST LOOP]
[BROADCAST REQUEST] {"id":0,"src":"n4","dest":"n1","body":{"type":"broadcast","message":"17","msg_id":null}}
[BROADCAST REQUEST] {"id":0,"src":"n4","dest":"n5","body":{"type":"broadcast","message":"17","msg_id":null}}
[BROADCAST RESPONSE] {"src":"n4","dest":"n1","body":{"type":"broadcast_ok","in_reply_to":0,"msg_id":43}}
[RECEIVED] {"id":285,"src":"n5","dest":"n4","body":{"type":"broadcast","message":"17","msg_id":null}}
[MATCH] BroadcastBody
[BROADCAST RESPONSE] {"src":"n4","dest":"n5","body":{"type":"broadcast_ok","in_reply_to":0,"msg_id":44}}
[RECEIVED] {"id":295,"src":"n5","dest":"n4","body":{"type":"broadcast","message":"18","msg_id":null}}
[RECEIVED] {"id":296,"src":"n1","dest":"n4","body":{"type":"broadcast","message":"18","msg_id":null}}
[MATCH] BroadcastBody
[MATCH] BroadcastBody
[INSIDE BROADCAST LOOP]
[BROADCAST REQUEST] {"id":0,"src":"n4","dest":"n1","body":{"type":"broadcast","message":"18","msg_id":null}}
[BROADCAST REQUEST] {"id":0,"src":"n4","dest":"n5","body":{"type":"broadcast","message":"18","msg_id":null}}
[BROADCAST RESPONSE] {"src":"n4","dest":"n5","body":{"type":"broadcast_ok","in_reply_to":0,"msg_id":45}}
[BROADCAST RESPONSE] {"src":"n4","dest":"n1","body":{"type":"broadcast_ok","in_reply_to":0,"msg_id":46}}
[RECEIVED] {"id":300,"src":"c13","dest":"n4","body":{"type":"broadcast","message":19,"msg_id":8}}
[MATCH] BroadcastBody
[INSIDE BROADCAST LOOP]
[BROADCAST REQUEST] {"id":0,"src":"n4","dest":"n1","body":{"type":"broadcast","message":"19","msg_id":null}}
[BROADCAST REQUEST] {"id":0,"src":"n4","dest":"n5","body":{"type":"broadcast","message":"19","msg_id":null}}
[BROADCAST RESPONSE] {"src":"n4","dest":"c13","body":{"type":"broadcast_ok","in_reply_to":8,"msg_id":47}}
[RECEIVED] {"id":304,"src":"n1","dest":"n4","body":{"type":"broadcast","message":"19","msg_id":null}}
[MATCH] BroadcastBody
[BROADCAST RESPONSE] {"src":"n4","dest":"n1","body":{"type":"broadcast_ok","in_reply_to":0,"msg_id":48}}
[RECEIVED] {"id":307,"src":"n5","dest":"n4","body":{"type":"broadcast","message":"19","msg_id":null}}
[MATCH] BroadcastBody
[BROADCAST RESPONSE] {"src":"n4","dest":"n5","body":{"type":"broadcast_ok","in_reply_to":0,"msg_id":49}}
[RECEIVED] {"id":315,"src":"n1","dest":"n4","body":{"type":"broadcast","message":"20","msg_id":null}}
[MATCH] BroadcastBody
[INSIDE BROADCAST LOOP]
[BROADCAST REQUEST] {"id":0,"src":"n4","dest":"n1","body":{"type":"broadcast","message":"20","msg_id":null}}
[BROADCAST REQUEST] {"id":0,"src":"n4","dest":"n5","body":{"type":"broadcast","message":"20","msg_id":null}}
[BROADCAST RESPONSE] {"src":"n4","dest":"n1","body":{"type":"broadcast_ok","in_reply_to":0,"msg_id":50}}
[RECEIVED] {"id":324,"src":"n5","dest":"n4","body":{"type":"broadcast","message":"20","msg_id":null}}
[MATCH] BroadcastBody
[BROADCAST RESPONSE] {"src":"n4","dest":"n5","body":{"type":"broadcast_ok","in_reply_to":0,"msg_id":51}}
[RECEIVED] {"id":327,"src":"n1","dest":"n4","body":{"type":"broadcast","message":"21","msg_id":null}}
[MATCH] BroadcastBody
[INSIDE BROADCAST LOOP]
[BROADCAST REQUEST] {"id":0,"src":"n4","dest":"n1","body":{"type":"broadcast","message":"21","msg_id":null}}
[BROADCAST REQUEST] {"id":0,"src":"n4","dest":"n5","body":{"type":"broadcast","message":"21","msg_id":null}}
[BROADCAST RESPONSE] {"src":"n4","dest":"n1","body":{"type":"broadcast_ok","in_reply_to":0,"msg_id":52}}
[RECEIVED] {"id":337,"src":"n5","dest":"n4","body":{"type":"broadcast","message":"21","msg_id":null}}
[MATCH] BroadcastBody
[BROADCAST RESPONSE] {"src":"n4","dest":"n5","body":{"type":"broadcast_ok","in_reply_to":0,"msg_id":53}}
[RECEIVED] {"id":345,"src":"n5","dest":"n4","body":{"type":"broadcast","message":"22","msg_id":null}}
[MATCH] BroadcastBody
[RECEIVED] {"id":346,"src":"n1","dest":"n4","body":{"type":"broadcast","message":"22","msg_id":null}}
[INSIDE BROADCAST LOOP]
[MATCH] BroadcastBody
[BROADCAST REQUEST] {"id":0,"src":"n4","dest":"n1","body":{"type":"broadcast","message":"22","msg_id":null}}
[BROADCAST REQUEST] {"id":0,"src":"n4","dest":"n5","body":{"type":"broadcast","message":"22","msg_id":null}}
[BROADCAST RESPONSE] {"src":"n4","dest":"n5","body":{"type":"broadcast_ok","in_reply_to":0,"msg_id":54}}
[BROADCAST RESPONSE] {"src":"n4","dest":"n1","body":{"type":"broadcast_ok","in_reply_to":0,"msg_id":55}}
[RECEIVED] {"id":357,"src":"n1","dest":"n4","body":{"type":"broadcast","message":"23","msg_id":null}}
[RECEIVED] {"id":358,"src":"n5","dest":"n4","body":{"type":"broadcast","message":"23","msg_id":null}}
[MATCH] BroadcastBody
[MATCH] BroadcastBody
[INSIDE BROADCAST LOOP]
[BROADCAST REQUEST] {"id":0,"src":"n4","dest":"n1","body":{"type":"broadcast","message":"23","msg_id":null}}
[BROADCAST REQUEST] {"id":0,"src":"n4","dest":"n5","body":{"type":"broadcast","message":"23","msg_id":null}}
[BROADCAST RESPONSE] {"src":"n4","dest":"n1","body":{"type":"broadcast_ok","in_reply_to":0,"msg_id":56}}
[BROADCAST RESPONSE] {"src":"n4","dest":"n5","body":{"type":"broadcast_ok","in_reply_to":0,"msg_id":57}}
[RECEIVED] {"id":363,"src":"c13","dest":"n4","body":{"type":"read","msg_id":9}}
[MATCH] ReadBody
[READ RESPONSE] {"src":"n4","dest":"c13","body":{"type":"read_ok","messages":["0","1","10","11","12","13","14","15","16","17","18","19","2","20","21","22","23","3","4","5","6","7","8","9"],"in_reply_to":9,"msg_id":58}}
