[RECEIVED] {"id":0,"src":"c0","dest":"n0","body":{"type":"init","node_id":"n0","node_ids":["n0"],"msg_id":1}}
[MATCH INIT]
[INIT_OK] {"src":"n0","dest":"c0","body":{"type":"init_ok","in_reply_to":1,"msg_id":0}}
[RECEIVED] {"id":2,"src":"c2","dest":"n0","body":{"echo":"Please echo 72","type":"echo","msg_id":1}}
[MATCH ECHO]
[ECHO_OK] {"src":"n0","dest":"c2","body":{"type":"echo_ok","echo":"Please echo 72","msg_id":0,"in_reply_to":1}}
[RECEIVED] {"id":4,"src":"c2","dest":"n0","body":{"echo":"Please echo 10","type":"echo","msg_id":2}}
[MATCH ECHO]
[ECHO_OK] {"src":"n0","dest":"c2","body":{"type":"echo_ok","echo":"Please echo 10","msg_id":0,"in_reply_to":2}}
[RECEIVED] {"id":6,"src":"c2","dest":"n0","body":{"echo":"Please echo 78","type":"echo","msg_id":3}}
[MATCH ECHO]
[ECHO_OK] {"src":"n0","dest":"c2","body":{"type":"echo_ok","echo":"Please echo 78","msg_id":0,"in_reply_to":3}}
[RECEIVED] {"id":8,"src":"c2","dest":"n0","body":{"echo":"Please echo 48","type":"echo","msg_id":4}}
[MATCH ECHO]
[ECHO_OK] {"src":"n0","dest":"c2","body":{"type":"echo_ok","echo":"Please echo 48","msg_id":0,"in_reply_to":4}}
[RECEIVED] {"id":10,"src":"c2","dest":"n0","body":{"echo":"Please echo 105","type":"echo","msg_id":5}}
[MATCH ECHO]
[ECHO_OK] {"src":"n0","dest":"c2","body":{"type":"echo_ok","echo":"Please echo 105","msg_id":0,"in_reply_to":5}}
[RECEIVED] {"id":12,"src":"c2","dest":"n0","body":{"echo":"Please echo 104","type":"echo","msg_id":6}}
[MATCH ECHO]
[ECHO_OK] {"src":"n0","dest":"c2","body":{"type":"echo_ok","echo":"Please echo 104","msg_id":0,"in_reply_to":6}}
[RECEIVED] {"id":14,"src":"c2","dest":"n0","body":{"echo":"Please echo 6","type":"echo","msg_id":7}}
[MATCH ECHO]
[ECHO_OK] {"src":"n0","dest":"c2","body":{"type":"echo_ok","echo":"Please echo 6","msg_id":0,"in_reply_to":7}}
[RECEIVED] {"id":16,"src":"c2","dest":"n0","body":{"echo":"Please echo 112","type":"echo","msg_id":8}}
[MATCH ECHO]
[ECHO_OK] {"src":"n0","dest":"c2","body":{"type":"echo_ok","echo":"Please echo 112","msg_id":0,"in_reply_to":8}}
[RECEIVED] {"id":18,"src":"c2","dest":"n0","body":{"echo":"Please echo 71","type":"echo","msg_id":9}}
[MATCH ECHO]
[ECHO_OK] {"src":"n0","dest":"c2","body":{"type":"echo_ok","echo":"Please echo 71","msg_id":0,"in_reply_to":9}}
[RECEIVED] {"id":20,"src":"c2","dest":"n0","body":{"echo":"Please echo 19","type":"echo","msg_id":10}}
[MATCH ECHO]
[ECHO_OK] {"src":"n0","dest":"c2","body":{"type":"echo_ok","echo":"Please echo 19","msg_id":0,"in_reply_to":10}}
[RECEIVED] {"id":22,"src":"c2","dest":"n0","body":{"echo":"Please echo 59","type":"echo","msg_id":11}}
[MATCH ECHO]
[ECHO_OK] {"src":"n0","dest":"c2","body":{"type":"echo_ok","echo":"Please echo 59","msg_id":0,"in_reply_to":11}}
[RECEIVED] {"id":24,"src":"c2","dest":"n0","body":{"echo":"Please echo 14","type":"echo","msg_id":12}}
[MATCH ECHO]
[ECHO_OK] {"src":"n0","dest":"c2","body":{"type":"echo_ok","echo":"Please echo 14","msg_id":0,"in_reply_to":12}}
[RECEIVED] {"id":26,"src":"c2","dest":"n0","body":{"echo":"Please echo 8","type":"echo","msg_id":13}}
[MATCH ECHO]
[ECHO_OK] {"src":"n0","dest":"c2","body":{"type":"echo_ok","echo":"Please echo 8","msg_id":0,"in_reply_to":13}}
[RECEIVED] {"id":28,"src":"c2","dest":"n0","body":{"echo":"Please echo 32","type":"echo","msg_id":14}}
[MATCH ECHO]
[ECHO_OK] {"src":"n0","dest":"c2","body":{"type":"echo_ok","echo":"Please echo 32","msg_id":0,"in_reply_to":14}}
[RECEIVED] {"id":30,"src":"c2","dest":"n0","body":{"echo":"Please echo 77","type":"echo","msg_id":15}}
[MATCH ECHO]
[ECHO_OK] {"src":"n0","dest":"c2","body":{"type":"echo_ok","echo":"Please echo 77","msg_id":0,"in_reply_to":15}}
[RECEIVED] {"id":32,"src":"c2","dest":"n0","body":{"echo":"Please echo 99","type":"echo","msg_id":16}}
[MATCH ECHO]
[ECHO_OK] {"src":"n0","dest":"c2","body":{"type":"echo_ok","echo":"Please echo 99","msg_id":0,"in_reply_to":16}}
[RECEIVED] {"id":34,"src":"c2","dest":"n0","body":{"echo":"Please echo 92","type":"echo","msg_id":17}}
[MATCH ECHO]
[ECHO_OK] {"src":"n0","dest":"c2","body":{"type":"echo_ok","echo":"Please echo 92","msg_id":0,"in_reply_to":17}}
[RECEIVED] {"id":36,"src":"c2","dest":"n0","body":{"echo":"Please echo 48","type":"echo","msg_id":18}}
[MATCH ECHO]
[ECHO_OK] {"src":"n0","dest":"c2","body":{"type":"echo_ok","echo":"Please echo 48","msg_id":0,"in_reply_to":18}}
[RECEIVED] {"id":38,"src":"c2","dest":"n0","body":{"echo":"Please echo 61","type":"echo","msg_id":19}}
[MATCH ECHO]
[ECHO_OK] {"src":"n0","dest":"c2","body":{"type":"echo_ok","echo":"Please echo 61","msg_id":0,"in_reply_to":19}}
[RECEIVED] {"id":40,"src":"c2","dest":"n0","body":{"echo":"Please echo 32","type":"echo","msg_id":20}}
[MATCH ECHO]
[ECHO_OK] {"src":"n0","dest":"c2","body":{"type":"echo_ok","echo":"Please echo 32","msg_id":0,"in_reply_to":20}}
[RECEIVED] {"id":42,"src":"c2","dest":"n0","body":{"echo":"Please echo 104","type":"echo","msg_id":21}}
[MATCH ECHO]
[ECHO_OK] {"src":"n0","dest":"c2","body":{"type":"echo_ok","echo":"Please echo 104","msg_id":0,"in_reply_to":21}}
[RECEIVED] {"id":44,"src":"c2","dest":"n0","body":{"echo":"Please echo 112","type":"echo","msg_id":22}}
[MATCH ECHO]
[ECHO_OK] {"src":"n0","dest":"c2","body":{"type":"echo_ok","echo":"Please echo 112","msg_id":0,"in_reply_to":22}}
[RECEIVED] {"id":46,"src":"c2","dest":"n0","body":{"echo":"Please echo 10","type":"echo","msg_id":23}}
[MATCH ECHO]
[ECHO_OK] {"src":"n0","dest":"c2","body":{"type":"echo_ok","echo":"Please echo 10","msg_id":0,"in_reply_to":23}}
[RECEIVED] {"id":48,"src":"c2","dest":"n0","body":{"echo":"Please echo 60","type":"echo","msg_id":24}}
[MATCH ECHO]
[ECHO_OK] {"src":"n0","dest":"c2","body":{"type":"echo_ok","echo":"Please echo 60","msg_id":0,"in_reply_to":24}}
[RECEIVED] {"id":50,"src":"c2","dest":"n0","body":{"echo":"Please echo 122","type":"echo","msg_id":25}}
[MATCH ECHO]
[ECHO_OK] {"src":"n0","dest":"c2","body":{"type":"echo_ok","echo":"Please echo 122","msg_id":0,"in_reply_to":25}}
[RECEIVED] {"id":52,"src":"c2","dest":"n0","body":{"echo":"Please echo 65","type":"echo","msg_id":26}}
[MATCH ECHO]
[ECHO_OK] {"src":"n0","dest":"c2","body":{"type":"echo_ok","echo":"Please echo 65","msg_id":0,"in_reply_to":26}}
[RECEIVED] {"id":54,"src":"c2","dest":"n0","body":{"echo":"Please echo 4","type":"echo","msg_id":27}}
[MATCH ECHO]
[ECHO_OK] {"src":"n0","dest":"c2","body":{"type":"echo_ok","echo":"Please echo 4","msg_id":0,"in_reply_to":27}}
[RECEIVED] {"id":56,"src":"c2","dest":"n0","body":{"echo":"Please echo 9","type":"echo","msg_id":28}}
[MATCH ECHO]
[ECHO_OK] {"src":"n0","dest":"c2","body":{"type":"echo_ok","echo":"Please echo 9","msg_id":0,"in_reply_to":28}}
[RECEIVED] {"id":58,"src":"c2","dest":"n0","body":{"echo":"Please echo 112","type":"echo","msg_id":29}}
[MATCH ECHO]
[ECHO_OK] {"src":"n0","dest":"c2","body":{"type":"echo_ok","echo":"Please echo 112","msg_id":0,"in_reply_to":29}}
[RECEIVED] {"id":60,"src":"c2","dest":"n0","body":{"echo":"Please echo 105","type":"echo","msg_id":30}}
[MATCH ECHO]
[ECHO_OK] {"src":"n0","dest":"c2","body":{"type":"echo_ok","echo":"Please echo 105","msg_id":0,"in_reply_to":30}}
[RECEIVED] {"id":62,"src":"c2","dest":"n0","body":{"echo":"Please echo 7","type":"echo","msg_id":31}}
[MATCH ECHO]
[ECHO_OK] {"src":"n0","dest":"c2","body":{"type":"echo_ok","echo":"Please echo 7","msg_id":0,"in_reply_to":31}}
[RECEIVED] {"id":64,"src":"c2","dest":"n0","body":{"echo":"Please echo 35","type":"echo","msg_id":32}}
[MATCH ECHO]
[ECHO_OK] {"src":"n0","dest":"c2","body":{"type":"echo_ok","echo":"Please echo 35","msg_id":0,"in_reply_to":32}}
[RECEIVED] {"id":66,"src":"c2","dest":"n0","body":{"echo":"Please echo 61","type":"echo","msg_id":33}}
[MATCH ECHO]
[ECHO_OK] {"src":"n0","dest":"c2","body":{"type":"echo_ok","echo":"Please echo 61","msg_id":0,"in_reply_to":33}}
[RECEIVED] {"id":68,"src":"c2","dest":"n0","body":{"echo":"Please echo 75","type":"echo","msg_id":34}}
[MATCH ECHO]
[ECHO_OK] {"src":"n0","dest":"c2","body":{"type":"echo_ok","echo":"Please echo 75","msg_id":0,"in_reply_to":34}}
[RECEIVED] {"id":70,"src":"c2","dest":"n0","body":{"echo":"Please echo 89","type":"echo","msg_id":35}}
[MATCH ECHO]
[ECHO_OK] {"src":"n0","dest":"c2","body":{"type":"echo_ok","echo":"Please echo 89","msg_id":0,"in_reply_to":35}}
[RECEIVED] {"id":72,"src":"c2","dest":"n0","body":{"echo":"Please echo 124","type":"echo","msg_id":36}}
[MATCH ECHO]
[ECHO_OK] {"src":"n0","dest":"c2","body":{"type":"echo_ok","echo":"Please echo 124","msg_id":0,"in_reply_to":36}}
[RECEIVED] {"id":74,"src":"c2","dest":"n0","body":{"echo":"Please echo 103","type":"echo","msg_id":37}}
[MATCH ECHO]
[ECHO_OK] {"src":"n0","dest":"c2","body":{"type":"echo_ok","echo":"Please echo 103","msg_id":0,"in_reply_to":37}}
[RECEIVED] {"id":76,"src":"c2","dest":"n0","body":{"echo":"Please echo 70","type":"echo","msg_id":38}}
[MATCH ECHO]
[ECHO_OK] {"src":"n0","dest":"c2","body":{"type":"echo_ok","echo":"Please echo 70","msg_id":0,"in_reply_to":38}}
[RECEIVED] {"id":78,"src":"c2","dest":"n0","body":{"echo":"Please echo 89","type":"echo","msg_id":39}}
[MATCH ECHO]
[ECHO_OK] {"src":"n0","dest":"c2","body":{"type":"echo_ok","echo":"Please echo 89","msg_id":0,"in_reply_to":39}}
[RECEIVED] {"id":80,"src":"c2","dest":"n0","body":{"echo":"Please echo 122","type":"echo","msg_id":40}}
[MATCH ECHO]
[ECHO_OK] {"src":"n0","dest":"c2","body":{"type":"echo_ok","echo":"Please echo 122","msg_id":0,"in_reply_to":40}}
[RECEIVED] {"id":82,"src":"c2","dest":"n0","body":{"echo":"Please echo 41","type":"echo","msg_id":41}}
[MATCH ECHO]
[ECHO_OK] {"src":"n0","dest":"c2","body":{"type":"echo_ok","echo":"Please echo 41","msg_id":0,"in_reply_to":41}}
[RECEIVED] {"id":84,"src":"c2","dest":"n0","body":{"echo":"Please echo 115","type":"echo","msg_id":42}}
[MATCH ECHO]
[ECHO_OK] {"src":"n0","dest":"c2","body":{"type":"echo_ok","echo":"Please echo 115","msg_id":0,"in_reply_to":42}}
[RECEIVED] {"id":86,"src":"c2","dest":"n0","body":{"echo":"Please echo 118","type":"echo","msg_id":43}}
[MATCH ECHO]
[ECHO_OK] {"src":"n0","dest":"c2","body":{"type":"echo_ok","echo":"Please echo 118","msg_id":0,"in_reply_to":43}}
[RECEIVED] {"id":88,"src":"c2","dest":"n0","body":{"echo":"Please echo 37","type":"echo","msg_id":44}}
[MATCH ECHO]
[ECHO_OK] {"src":"n0","dest":"c2","body":{"type":"echo_ok","echo":"Please echo 37","msg_id":0,"in_reply_to":44}}
[RECEIVED] {"id":90,"src":"c2","dest":"n0","body":{"echo":"Please echo 89","type":"echo","msg_id":45}}
[MATCH ECHO]
[ECHO_OK] {"src":"n0","dest":"c2","body":{"type":"echo_ok","echo":"Please echo 89","msg_id":0,"in_reply_to":45}}
[RECEIVED] {"id":92,"src":"c2","dest":"n0","body":{"echo":"Please echo 23","type":"echo","msg_id":46}}
[MATCH ECHO]
[ECHO_OK] {"src":"n0","dest":"c2","body":{"type":"echo_ok","echo":"Please echo 23","msg_id":0,"in_reply_to":46}}
[RECEIVED] {"id":94,"src":"c2","dest":"n0","body":{"echo":"Please echo 98","type":"echo","msg_id":47}}
[MATCH ECHO]
[ECHO_OK] {"src":"n0","dest":"c2","body":{"type":"echo_ok","echo":"Please echo 98","msg_id":0,"in_reply_to":47}}
[RECEIVED] {"id":96,"src":"c2","dest":"n0","body":{"echo":"Please echo 38","type":"echo","msg_id":48}}
[MATCH ECHO]
[ECHO_OK] {"src":"n0","dest":"c2","body":{"type":"echo_ok","echo":"Please echo 38","msg_id":0,"in_reply_to":48}}
[RECEIVED] {"id":98,"src":"c2","dest":"n0","body":{"echo":"Please echo 113","type":"echo","msg_id":49}}
[MATCH ECHO]
[ECHO_OK] {"src":"n0","dest":"c2","body":{"type":"echo_ok","echo":"Please echo 113","msg_id":0,"in_reply_to":49}}
[RECEIVED] {"id":100,"src":"c2","dest":"n0","body":{"echo":"Please echo 79","type":"echo","msg_id":50}}
[MATCH ECHO]
[ECHO_OK] {"src":"n0","dest":"c2","body":{"type":"echo_ok","echo":"Please echo 79","msg_id":0,"in_reply_to":50}}
[RECEIVED] {"id":102,"src":"c2","dest":"n0","body":{"echo":"Please echo 43","type":"echo","msg_id":51}}
[MATCH ECHO]
[ECHO_OK] {"src":"n0","dest":"c2","body":{"type":"echo_ok","echo":"Please echo 43","msg_id":0,"in_reply_to":51}}
[RECEIVED] {"id":104,"src":"c2","dest":"n0","body":{"echo":"Please echo 69","type":"echo","msg_id":52}}
[MATCH ECHO]
[ECHO_OK] {"src":"n0","dest":"c2","body":{"type":"echo_ok","echo":"Please echo 69","msg_id":0,"in_reply_to":52}}
[RECEIVED] {"id":106,"src":"c2","dest":"n0","body":{"echo":"Please echo 44","type":"echo","msg_id":53}}
[MATCH ECHO]
[ECHO_OK] {"src":"n0","dest":"c2","body":{"type":"echo_ok","echo":"Please echo 44","msg_id":0,"in_reply_to":53}}
[RECEIVED] {"id":108,"src":"c2","dest":"n0","body":{"echo":"Please echo 16","type":"echo","msg_id":54}}
[MATCH ECHO]
[ECHO_OK] {"src":"n0","dest":"c2","body":{"type":"echo_ok","echo":"Please echo 16","msg_id":0,"in_reply_to":54}}
[RECEIVED] {"id":110,"src":"c2","dest":"n0","body":{"echo":"Please echo 0","type":"echo","msg_id":55}}
[MATCH ECHO]
[ECHO_OK] {"src":"n0","dest":"c2","body":{"type":"echo_ok","echo":"Please echo 0","msg_id":0,"in_reply_to":55}}
[RECEIVED] {"id":112,"src":"c2","dest":"n0","body":{"echo":"Please echo 115","type":"echo","msg_id":56}}
[MATCH ECHO]
[ECHO_OK] {"src":"n0","dest":"c2","body":{"type":"echo_ok","echo":"Please echo 115","msg_id":0,"in_reply_to":56}}
[RECEIVED] {"id":114,"src":"c2","dest":"n0","body":{"echo":"Please echo 75","type":"echo","msg_id":57}}
[MATCH ECHO]
[ECHO_OK] {"src":"n0","dest":"c2","body":{"type":"echo_ok","echo":"Please echo 75","msg_id":0,"in_reply_to":57}}
[RECEIVED] {"id":116,"src":"c2","dest":"n0","body":{"echo":"Please echo 46","type":"echo","msg_id":58}}
[MATCH ECHO]
[ECHO_OK] {"src":"n0","dest":"c2","body":{"type":"echo_ok","echo":"Please echo 46","msg_id":0,"in_reply_to":58}}
[RECEIVED] {"id":118,"src":"c2","dest":"n0","body":{"echo":"Please echo 126","type":"echo","msg_id":59}}
[MATCH ECHO]
[ECHO_OK] {"src":"n0","dest":"c2","body":{"type":"echo_ok","echo":"Please echo 126","msg_id":0,"in_reply_to":59}}
[RECEIVED] {"id":120,"src":"c2","dest":"n0","body":{"echo":"Please echo 74","type":"echo","msg_id":60}}
[MATCH ECHO]
[ECHO_OK] {"src":"n0","dest":"c2","body":{"type":"echo_ok","echo":"Please echo 74","msg_id":0,"in_reply_to":60}}
[RECEIVED] {"id":122,"src":"c2","dest":"n0","body":{"echo":"Please echo 43","type":"echo","msg_id":61}}
[MATCH ECHO]
[ECHO_OK] {"src":"n0","dest":"c2","body":{"type":"echo_ok","echo":"Please echo 43","msg_id":0,"in_reply_to":61}}
[RECEIVED] {"id":124,"src":"c2","dest":"n0","body":{"echo":"Please echo 77","type":"echo","msg_id":62}}
[MATCH ECHO]
[ECHO_OK] {"src":"n0","dest":"c2","body":{"type":"echo_ok","echo":"Please echo 77","msg_id":0,"in_reply_to":62}}
[RECEIVED] {"id":126,"src":"c2","dest":"n0","body":{"echo":"Please echo 18","type":"echo","msg_id":63}}
[MATCH ECHO]
[ECHO_OK] {"src":"n0","dest":"c2","body":{"type":"echo_ok","echo":"Please echo 18","msg_id":0,"in_reply_to":63}}
[RECEIVED] {"id":128,"src":"c2","dest":"n0","body":{"echo":"Please echo 80","type":"echo","msg_id":64}}
[MATCH ECHO]
[ECHO_OK] {"src":"n0","dest":"c2","body":{"type":"echo_ok","echo":"Please echo 80","msg_id":0,"in_reply_to":64}}
[RECEIVED] {"id":130,"src":"c2","dest":"n0","body":{"echo":"Please echo 26","type":"echo","msg_id":65}}
[MATCH ECHO]
[ECHO_OK] {"src":"n0","dest":"c2","body":{"type":"echo_ok","echo":"Please echo 26","msg_id":0,"in_reply_to":65}}
[RECEIVED] {"id":132,"src":"c2","dest":"n0","body":{"echo":"Please echo 56","type":"echo","msg_id":66}}
[MATCH ECHO]
[ECHO_OK] {"src":"n0","dest":"c2","body":{"type":"echo_ok","echo":"Please echo 56","msg_id":0,"in_reply_to":66}}
[RECEIVED] {"id":134,"src":"c2","dest":"n0","body":{"echo":"Please echo 11","type":"echo","msg_id":67}}
[MATCH ECHO]
[ECHO_OK] {"src":"n0","dest":"c2","body":{"type":"echo_ok","echo":"Please echo 11","msg_id":0,"in_reply_to":67}}
[RECEIVED] {"id":136,"src":"c2","dest":"n0","body":{"echo":"Please echo 39","type":"echo","msg_id":68}}
[MATCH ECHO]
[ECHO_OK] {"src":"n0","dest":"c2","body":{"type":"echo_ok","echo":"Please echo 39","msg_id":0,"in_reply_to":68}}
[RECEIVED] {"id":138,"src":"c2","dest":"n0","body":{"echo":"Please echo 60","type":"echo","msg_id":69}}
[MATCH ECHO]
[ECHO_OK] {"src":"n0","dest":"c2","body":{"type":"echo_ok","echo":"Please echo 60","msg_id":0,"in_reply_to":69}}
[RECEIVED] {"id":140,"src":"c2","dest":"n0","body":{"echo":"Please echo 52","type":"echo","msg_id":70}}
[MATCH ECHO]
[ECHO_OK] {"src":"n0","dest":"c2","body":{"type":"echo_ok","echo":"Please echo 52","msg_id":0,"in_reply_to":70}}
[RECEIVED] {"id":142,"src":"c2","dest":"n0","body":{"echo":"Please echo 39","type":"echo","msg_id":71}}
[MATCH ECHO]
[ECHO_OK] {"src":"n0","dest":"c2","body":{"type":"echo_ok","echo":"Please echo 39","msg_id":0,"in_reply_to":71}}
[RECEIVED] {"id":144,"src":"c2","dest":"n0","body":{"echo":"Please echo 46","type":"echo","msg_id":72}}
[MATCH ECHO]
[ECHO_OK] {"src":"n0","dest":"c2","body":{"type":"echo_ok","echo":"Please echo 46","msg_id":0,"in_reply_to":72}}
[RECEIVED] {"id":146,"src":"c2","dest":"n0","body":{"echo":"Please echo 45","type":"echo","msg_id":73}}
[MATCH ECHO]
[ECHO_OK] {"src":"n0","dest":"c2","body":{"type":"echo_ok","echo":"Please echo 45","msg_id":0,"in_reply_to":73}}
[RECEIVED] {"id":148,"src":"c2","dest":"n0","body":{"echo":"Please echo 17","type":"echo","msg_id":74}}
[MATCH ECHO]
[ECHO_OK] {"src":"n0","dest":"c2","body":{"type":"echo_ok","echo":"Please echo 17","msg_id":0,"in_reply_to":74}}
[RECEIVED] {"id":150,"src":"c2","dest":"n0","body":{"echo":"Please echo 113","type":"echo","msg_id":75}}
[MATCH ECHO]
[ECHO_OK] {"src":"n0","dest":"c2","body":{"type":"echo_ok","echo":"Please echo 113","msg_id":0,"in_reply_to":75}}
[RECEIVED] {"id":152,"src":"c2","dest":"n0","body":{"echo":"Please echo 28","type":"echo","msg_id":76}}
[MATCH ECHO]
[ECHO_OK] {"src":"n0","dest":"c2","body":{"type":"echo_ok","echo":"Please echo 28","msg_id":0,"in_reply_to":76}}
[RECEIVED] {"id":154,"src":"c2","dest":"n0","body":{"echo":"Please echo 15","type":"echo","msg_id":77}}
[MATCH ECHO]
[ECHO_OK] {"src":"n0","dest":"c2","body":{"type":"echo_ok","echo":"Please echo 15","msg_id":0,"in_reply_to":77}}
[RECEIVED] {"id":156,"src":"c2","dest":"n0","body":{"echo":"Please echo 77","type":"echo","msg_id":78}}
[MATCH ECHO]
[ECHO_OK] {"src":"n0","dest":"c2","body":{"type":"echo_ok","echo":"Please echo 77","msg_id":0,"in_reply_to":78}}
[RECEIVED] {"id":158,"src":"c2","dest":"n0","body":{"echo":"Please echo 14","type":"echo","msg_id":79}}
[MATCH ECHO]
[ECHO_OK] {"src":"n0","dest":"c2","body":{"type":"echo_ok","echo":"Please echo 14","msg_id":0,"in_reply_to":79}}
[RECEIVED] {"id":160,"src":"c2","dest":"n0","body":{"echo":"Please echo 46","type":"echo","msg_id":80}}
[MATCH ECHO]
[ECHO_OK] {"src":"n0","dest":"c2","body":{"type":"echo_ok","echo":"Please echo 46","msg_id":0,"in_reply_to":80}}
[RECEIVED] {"id":162,"src":"c2","dest":"n0","body":{"echo":"Please echo 72","type":"echo","msg_id":81}}
[MATCH ECHO]
[ECHO_OK] {"src":"n0","dest":"c2","body":{"type":"echo_ok","echo":"Please echo 72","msg_id":0,"in_reply_to":81}}
[RECEIVED] {"id":164,"src":"c2","dest":"n0","body":{"echo":"Please echo 76","type":"echo","msg_id":82}}
[MATCH ECHO]
[ECHO_OK] {"src":"n0","dest":"c2","body":{"type":"echo_ok","echo":"Please echo 76","msg_id":0,"in_reply_to":82}}
[RECEIVED] {"id":166,"src":"c2","dest":"n0","body":{"echo":"Please echo 119","type":"echo","msg_id":83}}
[MATCH ECHO]
[ECHO_OK] {"src":"n0","dest":"c2","body":{"type":"echo_ok","echo":"Please echo 119","msg_id":0,"in_reply_to":83}}
[RECEIVED] {"id":168,"src":"c2","dest":"n0","body":{"echo":"Please echo 72","type":"echo","msg_id":84}}
[MATCH ECHO]
[ECHO_OK] {"src":"n0","dest":"c2","body":{"type":"echo_ok","echo":"Please echo 72","msg_id":0,"in_reply_to":84}}
[RECEIVED] {"id":170,"src":"c2","dest":"n0","body":{"echo":"Please echo 126","type":"echo","msg_id":85}}
[MATCH ECHO]
[ECHO_OK] {"src":"n0","dest":"c2","body":{"type":"echo_ok","echo":"Please echo 126","msg_id":0,"in_reply_to":85}}
[RECEIVED] {"id":172,"src":"c2","dest":"n0","body":{"echo":"Please echo 60","type":"echo","msg_id":86}}
[MATCH ECHO]
[ECHO_OK] {"src":"n0","dest":"c2","body":{"type":"echo_ok","echo":"Please echo 60","msg_id":0,"in_reply_to":86}}
[RECEIVED] {"id":174,"src":"c2","dest":"n0","body":{"echo":"Please echo 9","type":"echo","msg_id":87}}
[MATCH ECHO]
[ECHO_OK] {"src":"n0","dest":"c2","body":{"type":"echo_ok","echo":"Please echo 9","msg_id":0,"in_reply_to":87}}
[RECEIVED] {"id":176,"src":"c2","dest":"n0","body":{"echo":"Please echo 111","type":"echo","msg_id":88}}
[MATCH ECHO]
[ECHO_OK] {"src":"n0","dest":"c2","body":{"type":"echo_ok","echo":"Please echo 111","msg_id":0,"in_reply_to":88}}
[RECEIVED] {"id":178,"src":"c2","dest":"n0","body":{"echo":"Please echo 73","type":"echo","msg_id":89}}
[MATCH ECHO]
[ECHO_OK] {"src":"n0","dest":"c2","body":{"type":"echo_ok","echo":"Please echo 73","msg_id":0,"in_reply_to":89}}
[RECEIVED] {"id":180,"src":"c2","dest":"n0","body":{"echo":"Please echo 98","type":"echo","msg_id":90}}
[MATCH ECHO]
[ECHO_OK] {"src":"n0","dest":"c2","body":{"type":"echo_ok","echo":"Please echo 98","msg_id":0,"in_reply_to":90}}
[RECEIVED] {"id":182,"src":"c2","dest":"n0","body":{"echo":"Please echo 54","type":"echo","msg_id":91}}
[MATCH ECHO]
[ECHO_OK] {"src":"n0","dest":"c2","body":{"type":"echo_ok","echo":"Please echo 54","msg_id":0,"in_reply_to":91}}
[RECEIVED] {"id":184,"src":"c2","dest":"n0","body":{"echo":"Please echo 33","type":"echo","msg_id":92}}
[MATCH ECHO]
[ECHO_OK] {"src":"n0","dest":"c2","body":{"type":"echo_ok","echo":"Please echo 33","msg_id":0,"in_reply_to":92}}
[RECEIVED] {"id":186,"src":"c2","dest":"n0","body":{"echo":"Please echo 97","type":"echo","msg_id":93}}
[MATCH ECHO]
[ECHO_OK] {"src":"n0","dest":"c2","body":{"type":"echo_ok","echo":"Please echo 97","msg_id":0,"in_reply_to":93}}
[RECEIVED] {"id":188,"src":"c2","dest":"n0","body":{"echo":"Please echo 44","type":"echo","msg_id":94}}
[MATCH ECHO]
[ECHO_OK] {"src":"n0","dest":"c2","body":{"type":"echo_ok","echo":"Please echo 44","msg_id":0,"in_reply_to":94}}
[RECEIVED] {"id":190,"src":"c2","dest":"n0","body":{"echo":"Please echo 96","type":"echo","msg_id":95}}
[MATCH ECHO]
[ECHO_OK] {"src":"n0","dest":"c2","body":{"type":"echo_ok","echo":"Please echo 96","msg_id":0,"in_reply_to":95}}
[RECEIVED] {"id":192,"src":"c2","dest":"n0","body":{"echo":"Please echo 59","type":"echo","msg_id":96}}
[MATCH ECHO]
[ECHO_OK] {"src":"n0","dest":"c2","body":{"type":"echo_ok","echo":"Please echo 59","msg_id":0,"in_reply_to":96}}
[RECEIVED] {"id":194,"src":"c2","dest":"n0","body":{"echo":"Please echo 25","type":"echo","msg_id":97}}
[MATCH ECHO]
[ECHO_OK] {"src":"n0","dest":"c2","body":{"type":"echo_ok","echo":"Please echo 25","msg_id":0,"in_reply_to":97}}
[RECEIVED] {"id":196,"src":"c2","dest":"n0","body":{"echo":"Please echo 71","type":"echo","msg_id":98}}
[MATCH ECHO]
[ECHO_OK] {"src":"n0","dest":"c2","body":{"type":"echo_ok","echo":"Please echo 71","msg_id":0,"in_reply_to":98}}
[RECEIVED] {"id":198,"src":"c2","dest":"n0","body":{"echo":"Please echo 122","type":"echo","msg_id":99}}
[MATCH ECHO]
[ECHO_OK] {"src":"n0","dest":"c2","body":{"type":"echo_ok","echo":"Please echo 122","msg_id":0,"in_reply_to":99}}
[RECEIVED] {"id":200,"src":"c2","dest":"n0","body":{"echo":"Please echo 103","type":"echo","msg_id":100}}
[MATCH ECHO]
[ECHO_OK] {"src":"n0","dest":"c2","body":{"type":"echo_ok","echo":"Please echo 103","msg_id":0,"in_reply_to":100}}
[RECEIVED] {"id":202,"src":"c2","dest":"n0","body":{"echo":"Please echo 24","type":"echo","msg_id":101}}
[MATCH ECHO]
[ECHO_OK] {"src":"n0","dest":"c2","body":{"type":"echo_ok","echo":"Please echo 24","msg_id":0,"in_reply_to":101}}
[RECEIVED] {"id":204,"src":"c2","dest":"n0","body":{"echo":"Please echo 57","type":"echo","msg_id":102}}
[MATCH ECHO]
[ECHO_OK] {"src":"n0","dest":"c2","body":{"type":"echo_ok","echo":"Please echo 57","msg_id":0,"in_reply_to":102}}
[RECEIVED] {"id":206,"src":"c2","dest":"n0","body":{"echo":"Please echo 21","type":"echo","msg_id":103}}
[MATCH ECHO]
[ECHO_OK] {"src":"n0","dest":"c2","body":{"type":"echo_ok","echo":"Please echo 21","msg_id":0,"in_reply_to":103}}
[RECEIVED] {"id":208,"src":"c2","dest":"n0","body":{"echo":"Please echo 111","type":"echo","msg_id":104}}
[MATCH ECHO]
[ECHO_OK] {"src":"n0","dest":"c2","body":{"type":"echo_ok","echo":"Please echo 111","msg_id":0,"in_reply_to":104}}
[RECEIVED] {"id":210,"src":"c2","dest":"n0","body":{"echo":"Please echo 12","type":"echo","msg_id":105}}
[MATCH ECHO]
[ECHO_OK] {"src":"n0","dest":"c2","body":{"type":"echo_ok","echo":"Please echo 12","msg_id":0,"in_reply_to":105}}
[RECEIVED] {"id":212,"src":"c2","dest":"n0","body":{"echo":"Please echo 5","type":"echo","msg_id":106}}
[MATCH ECHO]
[ECHO_OK] {"src":"n0","dest":"c2","body":{"type":"echo_ok","echo":"Please echo 5","msg_id":0,"in_reply_to":106}}
[RECEIVED] {"id":214,"src":"c2","dest":"n0","body":{"echo":"Please echo 90","type":"echo","msg_id":107}}
[MATCH ECHO]
[ECHO_OK] {"src":"n0","dest":"c2","body":{"type":"echo_ok","echo":"Please echo 90","msg_id":0,"in_reply_to":107}}
[RECEIVED] {"id":216,"src":"c2","dest":"n0","body":{"echo":"Please echo 83","type":"echo","msg_id":108}}
[MATCH ECHO]
[ECHO_OK] {"src":"n0","dest":"c2","body":{"type":"echo_ok","echo":"Please echo 83","msg_id":0,"in_reply_to":108}}
[RECEIVED] {"id":218,"src":"c2","dest":"n0","body":{"echo":"Please echo 127","type":"echo","msg_id":109}}
[MATCH ECHO]
[ECHO_OK] {"src":"n0","dest":"c2","body":{"type":"echo_ok","echo":"Please echo 127","msg_id":0,"in_reply_to":109}}
[RECEIVED] {"id":220,"src":"c2","dest":"n0","body":{"echo":"Please echo 69","type":"echo","msg_id":110}}
[MATCH ECHO]
[ECHO_OK] {"src":"n0","dest":"c2","body":{"type":"echo_ok","echo":"Please echo 69","msg_id":0,"in_reply_to":110}}
[RECEIVED] {"id":222,"src":"c2","dest":"n0","body":{"echo":"Please echo 96","type":"echo","msg_id":111}}
[MATCH ECHO]
[ECHO_OK] {"src":"n0","dest":"c2","body":{"type":"echo_ok","echo":"Please echo 96","msg_id":0,"in_reply_to":111}}
[RECEIVED] {"id":224,"src":"c2","dest":"n0","body":{"echo":"Please echo 22","type":"echo","msg_id":112}}
[MATCH ECHO]
[ECHO_OK] {"src":"n0","dest":"c2","body":{"type":"echo_ok","echo":"Please echo 22","msg_id":0,"in_reply_to":112}}
[RECEIVED] {"id":226,"src":"c2","dest":"n0","body":{"echo":"Please echo 75","type":"echo","msg_id":113}}
[MATCH ECHO]
[ECHO_OK] {"src":"n0","dest":"c2","body":{"type":"echo_ok","echo":"Please echo 75","msg_id":0,"in_reply_to":113}}
[RECEIVED] {"id":228,"src":"c2","dest":"n0","body":{"echo":"Please echo 73","type":"echo","msg_id":114}}
[MATCH ECHO]
[ECHO_OK] {"src":"n0","dest":"c2","body":{"type":"echo_ok","echo":"Please echo 73","msg_id":0,"in_reply_to":114}}
[RECEIVED] {"id":230,"src":"c2","dest":"n0","body":{"echo":"Please echo 35","type":"echo","msg_id":115}}
[MATCH ECHO]
[ECHO_OK] {"src":"n0","dest":"c2","body":{"type":"echo_ok","echo":"Please echo 35","msg_id":0,"in_reply_to":115}}
[RECEIVED] {"id":232,"src":"c2","dest":"n0","body":{"echo":"Please echo 62","type":"echo","msg_id":116}}
[MATCH ECHO]
[ECHO_OK] {"src":"n0","dest":"c2","body":{"type":"echo_ok","echo":"Please echo 62","msg_id":0,"in_reply_to":116}}
[RECEIVED] {"id":234,"src":"c2","dest":"n0","body":{"echo":"Please echo 40","type":"echo","msg_id":117}}
[MATCH ECHO]
[ECHO_OK] {"src":"n0","dest":"c2","body":{"type":"echo_ok","echo":"Please echo 40","msg_id":0,"in_reply_to":117}}
[RECEIVED] {"id":236,"src":"c2","dest":"n0","body":{"echo":"Please echo 48","type":"echo","msg_id":118}}
[MATCH ECHO]
[ECHO_OK] {"src":"n0","dest":"c2","body":{"type":"echo_ok","echo":"Please echo 48","msg_id":0,"in_reply_to":118}}
[RECEIVED] {"id":238,"src":"c2","dest":"n0","body":{"echo":"Please echo 103","type":"echo","msg_id":119}}
[MATCH ECHO]
[ECHO_OK] {"src":"n0","dest":"c2","body":{"type":"echo_ok","echo":"Please echo 103","msg_id":0,"in_reply_to":119}}
[RECEIVED] {"id":240,"src":"c2","dest":"n0","body":{"echo":"Please echo 114","type":"echo","msg_id":120}}
[MATCH ECHO]
[ECHO_OK] {"src":"n0","dest":"c2","body":{"type":"echo_ok","echo":"Please echo 114","msg_id":0,"in_reply_to":120}}
[RECEIVED] {"id":242,"src":"c2","dest":"n0","body":{"echo":"Please echo 119","type":"echo","msg_id":121}}
[MATCH ECHO]
[ECHO_OK] {"src":"n0","dest":"c2","body":{"type":"echo_ok","echo":"Please echo 119","msg_id":0,"in_reply_to":121}}
[RECEIVED] {"id":244,"src":"c2","dest":"n0","body":{"echo":"Please echo 35","type":"echo","msg_id":122}}
[MATCH ECHO]
[ECHO_OK] {"src":"n0","dest":"c2","body":{"type":"echo_ok","echo":"Please echo 35","msg_id":0,"in_reply_to":122}}
[RECEIVED] {"id":246,"src":"c2","dest":"n0","body":{"echo":"Please echo 115","type":"echo","msg_id":123}}
[MATCH ECHO]
[ECHO_OK] {"src":"n0","dest":"c2","body":{"type":"echo_ok","echo":"Please echo 115","msg_id":0,"in_reply_to":123}}
[RECEIVED] {"id":248,"src":"c2","dest":"n0","body":{"echo":"Please echo 36","type":"echo","msg_id":124}}
[MATCH ECHO]
[ECHO_OK] {"src":"n0","dest":"c2","body":{"type":"echo_ok","echo":"Please echo 36","msg_id":0,"in_reply_to":124}}
[RECEIVED] {"id":250,"src":"c2","dest":"n0","body":{"echo":"Please echo 121","type":"echo","msg_id":125}}
[MATCH ECHO]
[ECHO_OK] {"src":"n0","dest":"c2","body":{"type":"echo_ok","echo":"Please echo 121","msg_id":0,"in_reply_to":125}}
[RECEIVED] {"id":252,"src":"c2","dest":"n0","body":{"echo":"Please echo 105","type":"echo","msg_id":126}}
[MATCH ECHO]
[ECHO_OK] {"src":"n0","dest":"c2","body":{"type":"echo_ok","echo":"Please echo 105","msg_id":0,"in_reply_to":126}}
[RECEIVED] {"id":254,"src":"c2","dest":"n0","body":{"echo":"Please echo 27","type":"echo","msg_id":127}}
[MATCH ECHO]
[ECHO_OK] {"src":"n0","dest":"c2","body":{"type":"echo_ok","echo":"Please echo 27","msg_id":0,"in_reply_to":127}}
[RECEIVED] {"id":256,"src":"c2","dest":"n0","body":{"echo":"Please echo 64","type":"echo","msg_id":128}}
[MATCH ECHO]
[ECHO_OK] {"src":"n0","dest":"c2","body":{"type":"echo_ok","echo":"Please echo 64","msg_id":0,"in_reply_to":128}}
[RECEIVED] {"id":258,"src":"c2","dest":"n0","body":{"echo":"Please echo 120","type":"echo","msg_id":129}}
[MATCH ECHO]
[ECHO_OK] {"src":"n0","dest":"c2","body":{"type":"echo_ok","echo":"Please echo 120","msg_id":0,"in_reply_to":129}}
[RECEIVED] {"id":260,"src":"c2","dest":"n0","body":{"echo":"Please echo 16","type":"echo","msg_id":130}}
[MATCH ECHO]
[ECHO_OK] {"src":"n0","dest":"c2","body":{"type":"echo_ok","echo":"Please echo 16","msg_id":0,"in_reply_to":130}}
[RECEIVED] {"id":262,"src":"c2","dest":"n0","body":{"echo":"Please echo 100","type":"echo","msg_id":131}}
[MATCH ECHO]
[ECHO_OK] {"src":"n0","dest":"c2","body":{"type":"echo_ok","echo":"Please echo 100","msg_id":0,"in_reply_to":131}}
[RECEIVED] {"id":264,"src":"c2","dest":"n0","body":{"echo":"Please echo 99","type":"echo","msg_id":132}}
[MATCH ECHO]
[ECHO_OK] {"src":"n0","dest":"c2","body":{"type":"echo_ok","echo":"Please echo 99","msg_id":0,"in_reply_to":132}}
[RECEIVED] {"id":266,"src":"c2","dest":"n0","body":{"echo":"Please echo 47","type":"echo","msg_id":133}}
[MATCH ECHO]
[ECHO_OK] {"src":"n0","dest":"c2","body":{"type":"echo_ok","echo":"Please echo 47","msg_id":0,"in_reply_to":133}}
[RECEIVED] {"id":268,"src":"c2","dest":"n0","body":{"echo":"Please echo 10","type":"echo","msg_id":134}}
[MATCH ECHO]
[ECHO_OK] {"src":"n0","dest":"c2","body":{"type":"echo_ok","echo":"Please echo 10","msg_id":0,"in_reply_to":134}}
[RECEIVED] {"id":270,"src":"c2","dest":"n0","body":{"echo":"Please echo 96","type":"echo","msg_id":135}}
[MATCH ECHO]
[ECHO_OK] {"src":"n0","dest":"c2","body":{"type":"echo_ok","echo":"Please echo 96","msg_id":0,"in_reply_to":135}}
[RECEIVED] {"id":272,"src":"c2","dest":"n0","body":{"echo":"Please echo 100","type":"echo","msg_id":136}}
[MATCH ECHO]
[ECHO_OK] {"src":"n0","dest":"c2","body":{"type":"echo_ok","echo":"Please echo 100","msg_id":0,"in_reply_to":136}}
[RECEIVED] {"id":274,"src":"c2","dest":"n0","body":{"echo":"Please echo 67","type":"echo","msg_id":137}}
[MATCH ECHO]
[ECHO_OK] {"src":"n0","dest":"c2","body":{"type":"echo_ok","echo":"Please echo 67","msg_id":0,"in_reply_to":137}}
[RECEIVED] {"id":276,"src":"c2","dest":"n0","body":{"echo":"Please echo 75","type":"echo","msg_id":138}}
[MATCH ECHO]
[ECHO_OK] {"src":"n0","dest":"c2","body":{"type":"echo_ok","echo":"Please echo 75","msg_id":0,"in_reply_to":138}}
[RECEIVED] {"id":278,"src":"c2","dest":"n0","body":{"echo":"Please echo 107","type":"echo","msg_id":139}}
[MATCH ECHO]
[ECHO_OK] {"src":"n0","dest":"c2","body":{"type":"echo_ok","echo":"Please echo 107","msg_id":0,"in_reply_to":139}}
[RECEIVED] {"id":280,"src":"c2","dest":"n0","body":{"echo":"Please echo 106","type":"echo","msg_id":140}}
[MATCH ECHO]
[ECHO_OK] {"src":"n0","dest":"c2","body":{"type":"echo_ok","echo":"Please echo 106","msg_id":0,"in_reply_to":140}}
[RECEIVED] {"id":282,"src":"c2","dest":"n0","body":{"echo":"Please echo 83","type":"echo","msg_id":141}}
[MATCH ECHO]
[ECHO_OK] {"src":"n0","dest":"c2","body":{"type":"echo_ok","echo":"Please echo 83","msg_id":0,"in_reply_to":141}}
[RECEIVED] {"id":284,"src":"c2","dest":"n0","body":{"echo":"Please echo 3","type":"echo","msg_id":142}}
[MATCH ECHO]
[ECHO_OK] {"src":"n0","dest":"c2","body":{"type":"echo_ok","echo":"Please echo 3","msg_id":0,"in_reply_to":142}}
[RECEIVED] {"id":286,"src":"c2","dest":"n0","body":{"echo":"Please echo 6","type":"echo","msg_id":143}}
[MATCH ECHO]
[ECHO_OK] {"src":"n0","dest":"c2","body":{"type":"echo_ok","echo":"Please echo 6","msg_id":0,"in_reply_to":143}}
[RECEIVED] {"id":288,"src":"c2","dest":"n0","body":{"echo":"Please echo 31","type":"echo","msg_id":144}}
[MATCH ECHO]
[ECHO_OK] {"src":"n0","dest":"c2","body":{"type":"echo_ok","echo":"Please echo 31","msg_id":0,"in_reply_to":144}}
[RECEIVED] {"id":290,"src":"c2","dest":"n0","body":{"echo":"Please echo 36","type":"echo","msg_id":145}}
[MATCH ECHO]
[ECHO_OK] {"src":"n0","dest":"c2","body":{"type":"echo_ok","echo":"Please echo 36","msg_id":0,"in_reply_to":145}}
[RECEIVED] {"id":292,"src":"c2","dest":"n0","body":{"echo":"Please echo 60","type":"echo","msg_id":146}}
[MATCH ECHO]
[ECHO_OK] {"src":"n0","dest":"c2","body":{"type":"echo_ok","echo":"Please echo 60","msg_id":0,"in_reply_to":146}}
[RECEIVED] {"id":294,"src":"c2","dest":"n0","body":{"echo":"Please echo 87","type":"echo","msg_id":147}}
[MATCH ECHO]
[ECHO_OK] {"src":"n0","dest":"c2","body":{"type":"echo_ok","echo":"Please echo 87","msg_id":0,"in_reply_to":147}}
[RECEIVED] {"id":296,"src":"c2","dest":"n0","body":{"echo":"Please echo 115","type":"echo","msg_id":148}}
[MATCH ECHO]
[ECHO_OK] {"src":"n0","dest":"c2","body":{"type":"echo_ok","echo":"Please echo 115","msg_id":0,"in_reply_to":148}}
[RECEIVED] {"id":298,"src":"c2","dest":"n0","body":{"echo":"Please echo 71","type":"echo","msg_id":149}}
[MATCH ECHO]
[ECHO_OK] {"src":"n0","dest":"c2","body":{"type":"echo_ok","echo":"Please echo 71","msg_id":0,"in_reply_to":149}}
[RECEIVED] {"id":300,"src":"c2","dest":"n0","body":{"echo":"Please echo 63","type":"echo","msg_id":150}}
[MATCH ECHO]
[ECHO_OK] {"src":"n0","dest":"c2","body":{"type":"echo_ok","echo":"Please echo 63","msg_id":0,"in_reply_to":150}}
[RECEIVED] {"id":302,"src":"c2","dest":"n0","body":{"echo":"Please echo 56","type":"echo","msg_id":151}}
[MATCH ECHO]
[ECHO_OK] {"src":"n0","dest":"c2","body":{"type":"echo_ok","echo":"Please echo 56","msg_id":0,"in_reply_to":151}}
[RECEIVED] {"id":304,"src":"c2","dest":"n0","body":{"echo":"Please echo 67","type":"echo","msg_id":152}}
[MATCH ECHO]
[ECHO_OK] {"src":"n0","dest":"c2","body":{"type":"echo_ok","echo":"Please echo 67","msg_id":0,"in_reply_to":152}}
[RECEIVED] {"id":306,"src":"c2","dest":"n0","body":{"echo":"Please echo 112","type":"echo","msg_id":153}}
[MATCH ECHO]
[ECHO_OK] {"src":"n0","dest":"c2","body":{"type":"echo_ok","echo":"Please echo 112","msg_id":0,"in_reply_to":153}}
[RECEIVED] {"id":308,"src":"c2","dest":"n0","body":{"echo":"Please echo 69","type":"echo","msg_id":154}}
[MATCH ECHO]
[ECHO_OK] {"src":"n0","dest":"c2","body":{"type":"echo_ok","echo":"Please echo 69","msg_id":0,"in_reply_to":154}}
[RECEIVED] {"id":310,"src":"c2","dest":"n0","body":{"echo":"Please echo 35","type":"echo","msg_id":155}}
[MATCH ECHO]
[ECHO_OK] {"src":"n0","dest":"c2","body":{"type":"echo_ok","echo":"Please echo 35","msg_id":0,"in_reply_to":155}}
[RECEIVED] {"id":312,"src":"c2","dest":"n0","body":{"echo":"Please echo 24","type":"echo","msg_id":156}}
[MATCH ECHO]
[ECHO_OK] {"src":"n0","dest":"c2","body":{"type":"echo_ok","echo":"Please echo 24","msg_id":0,"in_reply_to":156}}
[RECEIVED] {"id":314,"src":"c2","dest":"n0","body":{"echo":"Please echo 22","type":"echo","msg_id":157}}
[MATCH ECHO]
[ECHO_OK] {"src":"n0","dest":"c2","body":{"type":"echo_ok","echo":"Please echo 22","msg_id":0,"in_reply_to":157}}
[RECEIVED] {"id":316,"src":"c2","dest":"n0","body":{"echo":"Please echo 16","type":"echo","msg_id":158}}
[MATCH ECHO]
[ECHO_OK] {"src":"n0","dest":"c2","body":{"type":"echo_ok","echo":"Please echo 16","msg_id":0,"in_reply_to":158}}
[RECEIVED] {"id":318,"src":"c2","dest":"n0","body":{"echo":"Please echo 40","type":"echo","msg_id":159}}
[MATCH ECHO]
[ECHO_OK] {"src":"n0","dest":"c2","body":{"type":"echo_ok","echo":"Please echo 40","msg_id":0,"in_reply_to":159}}
[RECEIVED] {"id":320,"src":"c2","dest":"n0","body":{"echo":"Please echo 18","type":"echo","msg_id":160}}
[MATCH ECHO]
[ECHO_OK] {"src":"n0","dest":"c2","body":{"type":"echo_ok","echo":"Please echo 18","msg_id":0,"in_reply_to":160}}
[RECEIVED] {"id":322,"src":"c2","dest":"n0","body":{"echo":"Please echo 104","type":"echo","msg_id":161}}
[MATCH ECHO]
[ECHO_OK] {"src":"n0","dest":"c2","body":{"type":"echo_ok","echo":"Please echo 104","msg_id":0,"in_reply_to":161}}
[RECEIVED] {"id":324,"src":"c2","dest":"n0","body":{"echo":"Please echo 59","type":"echo","msg_id":162}}
[MATCH ECHO]
[ECHO_OK] {"src":"n0","dest":"c2","body":{"type":"echo_ok","echo":"Please echo 59","msg_id":0,"in_reply_to":162}}
[RECEIVED] {"id":326,"src":"c2","dest":"n0","body":{"echo":"Please echo 106","type":"echo","msg_id":163}}
[MATCH ECHO]
[ECHO_OK] {"src":"n0","dest":"c2","body":{"type":"echo_ok","echo":"Please echo 106","msg_id":0,"in_reply_to":163}}
[RECEIVED] {"id":328,"src":"c2","dest":"n0","body":{"echo":"Please echo 114","type":"echo","msg_id":164}}
[MATCH ECHO]
[ECHO_OK] {"src":"n0","dest":"c2","body":{"type":"echo_ok","echo":"Please echo 114","msg_id":0,"in_reply_to":164}}
[RECEIVED] {"id":330,"src":"c2","dest":"n0","body":{"echo":"Please echo 83","type":"echo","msg_id":165}}
[MATCH ECHO]
[ECHO_OK] {"src":"n0","dest":"c2","body":{"type":"echo_ok","echo":"Please echo 83","msg_id":0,"in_reply_to":165}}
[RECEIVED] {"id":332,"src":"c2","dest":"n0","body":{"echo":"Please echo 28","type":"echo","msg_id":166}}
[MATCH ECHO]
[ECHO_OK] {"src":"n0","dest":"c2","body":{"type":"echo_ok","echo":"Please echo 28","msg_id":0,"in_reply_to":166}}
[RECEIVED] {"id":334,"src":"c2","dest":"n0","body":{"echo":"Please echo 49","type":"echo","msg_id":167}}
[MATCH ECHO]
[ECHO_OK] {"src":"n0","dest":"c2","body":{"type":"echo_ok","echo":"Please echo 49","msg_id":0,"in_reply_to":167}}
[RECEIVED] {"id":336,"src":"c2","dest":"n0","body":{"echo":"Please echo 19","type":"echo","msg_id":168}}
[MATCH ECHO]
[ECHO_OK] {"src":"n0","dest":"c2","body":{"type":"echo_ok","echo":"Please echo 19","msg_id":0,"in_reply_to":168}}
[RECEIVED] {"id":338,"src":"c2","dest":"n0","body":{"echo":"Please echo 1","type":"echo","msg_id":169}}
[MATCH ECHO]
[ECHO_OK] {"src":"n0","dest":"c2","body":{"type":"echo_ok","echo":"Please echo 1","msg_id":0,"in_reply_to":169}}
[RECEIVED] {"id":340,"src":"c2","dest":"n0","body":{"echo":"Please echo 60","type":"echo","msg_id":170}}
[MATCH ECHO]
[ECHO_OK] {"src":"n0","dest":"c2","body":{"type":"echo_ok","echo":"Please echo 60","msg_id":0,"in_reply_to":170}}
[RECEIVED] {"id":342,"src":"c2","dest":"n0","body":{"echo":"Please echo 44","type":"echo","msg_id":171}}
[MATCH ECHO]
[ECHO_OK] {"src":"n0","dest":"c2","body":{"type":"echo_ok","echo":"Please echo 44","msg_id":0,"in_reply_to":171}}
[RECEIVED] {"id":344,"src":"c2","dest":"n0","body":{"echo":"Please echo 16","type":"echo","msg_id":172}}
[MATCH ECHO]
[ECHO_OK] {"src":"n0","dest":"c2","body":{"type":"echo_ok","echo":"Please echo 16","msg_id":0,"in_reply_to":172}}
[RECEIVED] {"id":346,"src":"c2","dest":"n0","body":{"echo":"Please echo 59","type":"echo","msg_id":173}}
[MATCH ECHO]
[ECHO_OK] {"src":"n0","dest":"c2","body":{"type":"echo_ok","echo":"Please echo 59","msg_id":0,"in_reply_to":173}}
[RECEIVED] {"id":348,"src":"c2","dest":"n0","body":{"echo":"Please echo 15","type":"echo","msg_id":174}}
[MATCH ECHO]
[ECHO_OK] {"src":"n0","dest":"c2","body":{"type":"echo_ok","echo":"Please echo 15","msg_id":0,"in_reply_to":174}}
[RECEIVED] {"id":350,"src":"c2","dest":"n0","body":{"echo":"Please echo 61","type":"echo","msg_id":175}}
[MATCH ECHO]
[ECHO_OK] {"src":"n0","dest":"c2","body":{"type":"echo_ok","echo":"Please echo 61","msg_id":0,"in_reply_to":175}}
[RECEIVED] {"id":352,"src":"c2","dest":"n0","body":{"echo":"Please echo 25","type":"echo","msg_id":176}}
[MATCH ECHO]
[ECHO_OK] {"src":"n0","dest":"c2","body":{"type":"echo_ok","echo":"Please echo 25","msg_id":0,"in_reply_to":176}}
[RECEIVED] {"id":354,"src":"c2","dest":"n0","body":{"echo":"Please echo 88","type":"echo","msg_id":177}}
[MATCH ECHO]
[ECHO_OK] {"src":"n0","dest":"c2","body":{"type":"echo_ok","echo":"Please echo 88","msg_id":0,"in_reply_to":177}}
[RECEIVED] {"id":356,"src":"c2","dest":"n0","body":{"echo":"Please echo 39","type":"echo","msg_id":178}}
[MATCH ECHO]
[ECHO_OK] {"src":"n0","dest":"c2","body":{"type":"echo_ok","echo":"Please echo 39","msg_id":0,"in_reply_to":178}}
[RECEIVED] {"id":358,"src":"c2","dest":"n0","body":{"echo":"Please echo 56","type":"echo","msg_id":179}}
[MATCH ECHO]
[ECHO_OK] {"src":"n0","dest":"c2","body":{"type":"echo_ok","echo":"Please echo 56","msg_id":0,"in_reply_to":179}}
[RECEIVED] {"id":360,"src":"c2","dest":"n0","body":{"echo":"Please echo 127","type":"echo","msg_id":180}}
[MATCH ECHO]
[ECHO_OK] {"src":"n0","dest":"c2","body":{"type":"echo_ok","echo":"Please echo 127","msg_id":0,"in_reply_to":180}}
[RECEIVED] {"id":362,"src":"c2","dest":"n0","body":{"echo":"Please echo 108","type":"echo","msg_id":181}}
[MATCH ECHO]
[ECHO_OK] {"src":"n0","dest":"c2","body":{"type":"echo_ok","echo":"Please echo 108","msg_id":0,"in_reply_to":181}}
[RECEIVED] {"id":364,"src":"c2","dest":"n0","body":{"echo":"Please echo 76","type":"echo","msg_id":182}}
[MATCH ECHO]
[ECHO_OK] {"src":"n0","dest":"c2","body":{"type":"echo_ok","echo":"Please echo 76","msg_id":0,"in_reply_to":182}}
[RECEIVED] {"id":366,"src":"c2","dest":"n0","body":{"echo":"Please echo 25","type":"echo","msg_id":183}}
[MATCH ECHO]
[ECHO_OK] {"src":"n0","dest":"c2","body":{"type":"echo_ok","echo":"Please echo 25","msg_id":0,"in_reply_to":183}}
[RECEIVED] {"id":368,"src":"c2","dest":"n0","body":{"echo":"Please echo 57","type":"echo","msg_id":184}}
[MATCH ECHO]
[ECHO_OK] {"src":"n0","dest":"c2","body":{"type":"echo_ok","echo":"Please echo 57","msg_id":0,"in_reply_to":184}}
[RECEIVED] {"id":370,"src":"c2","dest":"n0","body":{"echo":"Please echo 20","type":"echo","msg_id":185}}
[MATCH ECHO]
[ECHO_OK] {"src":"n0","dest":"c2","body":{"type":"echo_ok","echo":"Please echo 20","msg_id":0,"in_reply_to":185}}
[RECEIVED] {"id":372,"src":"c2","dest":"n0","body":{"echo":"Please echo 120","type":"echo","msg_id":186}}
[MATCH ECHO]
[ECHO_OK] {"src":"n0","dest":"c2","body":{"type":"echo_ok","echo":"Please echo 120","msg_id":0,"in_reply_to":186}}
[RECEIVED] {"id":374,"src":"c2","dest":"n0","body":{"echo":"Please echo 104","type":"echo","msg_id":187}}
[MATCH ECHO]
[ECHO_OK] {"src":"n0","dest":"c2","body":{"type":"echo_ok","echo":"Please echo 104","msg_id":0,"in_reply_to":187}}
[RECEIVED] {"id":376,"src":"c2","dest":"n0","body":{"echo":"Please echo 35","type":"echo","msg_id":188}}
[MATCH ECHO]
[ECHO_OK] {"src":"n0","dest":"c2","body":{"type":"echo_ok","echo":"Please echo 35","msg_id":0,"in_reply_to":188}}
[RECEIVED] {"id":378,"src":"c2","dest":"n0","body":{"echo":"Please echo 95","type":"echo","msg_id":189}}
[MATCH ECHO]
[ECHO_OK] {"src":"n0","dest":"c2","body":{"type":"echo_ok","echo":"Please echo 95","msg_id":0,"in_reply_to":189}}
[RECEIVED] {"id":380,"src":"c2","dest":"n0","body":{"echo":"Please echo 95","type":"echo","msg_id":190}}
[MATCH ECHO]
[ECHO_OK] {"src":"n0","dest":"c2","body":{"type":"echo_ok","echo":"Please echo 95","msg_id":0,"in_reply_to":190}}
[RECEIVED] {"id":382,"src":"c2","dest":"n0","body":{"echo":"Please echo 13","type":"echo","msg_id":191}}
[MATCH ECHO]
[ECHO_OK] {"src":"n0","dest":"c2","body":{"type":"echo_ok","echo":"Please echo 13","msg_id":0,"in_reply_to":191}}
[RECEIVED] {"id":384,"src":"c2","dest":"n0","body":{"echo":"Please echo 123","type":"echo","msg_id":192}}
[MATCH ECHO]
[ECHO_OK] {"src":"n0","dest":"c2","body":{"type":"echo_ok","echo":"Please echo 123","msg_id":0,"in_reply_to":192}}
[RECEIVED] {"id":386,"src":"c2","dest":"n0","body":{"echo":"Please echo 107","type":"echo","msg_id":193}}
[MATCH ECHO]
[ECHO_OK] {"src":"n0","dest":"c2","body":{"type":"echo_ok","echo":"Please echo 107","msg_id":0,"in_reply_to":193}}
