[INFO] Entering main loop
[RECEIVED] {"id":0,"src":"c2","dest":"n2","body":{"type":"init","node_id":"n2","node_ids":["n1","n2","n3","n4","n5"],"msg_id":1}}
[MATCH] InitBody
Initialized node n2
Init send {"src":"n2","dest":"c2","body":{"type":"init_ok","in_reply_to":1,"msg_id":0}}
[RECEIVED] {"id":18,"src":"c12","dest":"n2","body":{"echo":"Please echo 88","type":"echo","msg_id":1}}
[MATCH] EchoBody
Echoing {"src":"n2","dest":"c12","body":{"type":"echo_ok","echo":"Please echo 88","msg_id":1,"in_reply_to":1}}
[RECEIVED] {"id":22,"src":"c12","dest":"n2","body":{"echo":"Please echo 81","type":"echo","msg_id":2}}
[MATCH] EchoBody
Echoing {"src":"n2","dest":"c12","body":{"type":"echo_ok","echo":"Please echo 81","msg_id":2,"in_reply_to":2}}
[RECEIVED] {"id":28,"src":"c12","dest":"n2","body":{"echo":"Please echo 122","type":"echo","msg_id":3}}
[MATCH] EchoBody
Echoing {"src":"n2","dest":"c12","body":{"type":"echo_ok","echo":"Please echo 122","msg_id":3,"in_reply_to":3}}
[RECEIVED] {"id":30,"src":"c12","dest":"n2","body":{"echo":"Please echo 84","type":"echo","msg_id":4}}
[MATCH] EchoBody
Echoing {"src":"n2","dest":"c12","body":{"type":"echo_ok","echo":"Please echo 84","msg_id":4,"in_reply_to":4}}
[RECEIVED] {"id":42,"src":"c12","dest":"n2","body":{"echo":"Please echo 34","type":"echo","msg_id":5}}
[MATCH] EchoBody
Echoing {"src":"n2","dest":"c12","body":{"type":"echo_ok","echo":"Please echo 34","msg_id":5,"in_reply_to":5}}
[RECEIVED] {"id":58,"src":"c12","dest":"n2","body":{"echo":"Please echo 68","type":"echo","msg_id":6}}
[MATCH] EchoBody
Echoing {"src":"n2","dest":"c12","body":{"type":"echo_ok","echo":"Please echo 68","msg_id":6,"in_reply_to":6}}
[RECEIVED] {"id":62,"src":"c12","dest":"n2","body":{"echo":"Please echo 126","type":"echo","msg_id":7}}
[MATCH] EchoBody
Echoing {"src":"n2","dest":"c12","body":{"type":"echo_ok","echo":"Please echo 126","msg_id":7,"in_reply_to":7}}
