[RECEIVED] {"id":3,"src":"c3","dest":"n1","body":{"type":"init","node_id":"n1","node_ids":["n1","n2","n3","n4","n5"],"msg_id":1}}
[MATCH INIT]
[INIT] {"src":"n1","dest":"c3","body":{"type":"init_ok","in_reply_to":1,"msg_id":0}}
[RECEIVED] {"id":18,"src":"c13","dest":"n1","body":{"echo":"Please echo 34","type":"echo","msg_id":1}}
[MATCH ECHO]
[ECHO] {"src":"n1","dest":"c13","body":{"type":"echo_ok","echo":"Please echo 34","msg_id":1,"in_reply_to":1}}
[RECEIVED] {"id":30,"src":"c13","dest":"n1","body":{"echo":"Please echo 15","type":"echo","msg_id":2}}
[MATCH ECHO]
[ECHO] {"src":"n1","dest":"c13","body":{"type":"echo_ok","echo":"Please echo 15","msg_id":2,"in_reply_to":2}}
[RECEIVED] {"id":34,"src":"c13","dest":"n1","body":{"echo":"Please echo 93","type":"echo","msg_id":3}}
[MATCH ECHO]
[ECHO] {"src":"n1","dest":"c13","body":{"type":"echo_ok","echo":"Please echo 93","msg_id":3,"in_reply_to":3}}
[RECEIVED] {"id":42,"src":"c13","dest":"n1","body":{"echo":"Please echo 47","type":"echo","msg_id":4}}
[MATCH ECHO]
[ECHO] {"src":"n1","dest":"c13","body":{"type":"echo_ok","echo":"Please echo 47","msg_id":4,"in_reply_to":4}}
[RECEIVED] {"id":44,"src":"c13","dest":"n1","body":{"echo":"Please echo 66","type":"echo","msg_id":5}}
[MATCH ECHO]
[ECHO] {"src":"n1","dest":"c13","body":{"type":"echo_ok","echo":"Please echo 66","msg_id":5,"in_reply_to":5}}
[RECEIVED] {"id":52,"src":"c13","dest":"n1","body":{"echo":"Please echo 91","type":"echo","msg_id":6}}
[MATCH ECHO]
[ECHO] {"src":"n1","dest":"c13","body":{"type":"echo_ok","echo":"Please echo 91","msg_id":6,"in_reply_to":6}}
[RECEIVED] {"id":88,"src":"c13","dest":"n1","body":{"echo":"Please echo 28","type":"echo","msg_id":7}}
[MATCH ECHO]
[ECHO] {"src":"n1","dest":"c13","body":{"type":"echo_ok","echo":"Please echo 28","msg_id":7,"in_reply_to":7}}
[RECEIVED] {"id":92,"src":"c13","dest":"n1","body":{"echo":"Please echo 7","type":"echo","msg_id":8}}
[MATCH ECHO]
[ECHO] {"src":"n1","dest":"c13","body":{"type":"echo_ok","echo":"Please echo 7","msg_id":8,"in_reply_to":8}}
[RECEIVED] {"id":94,"src":"c13","dest":"n1","body":{"echo":"Please echo 26","type":"echo","msg_id":9}}
[MATCH ECHO]
[ECHO] {"src":"n1","dest":"c13","body":{"type":"echo_ok","echo":"Please echo 26","msg_id":9,"in_reply_to":9}}
[RECEIVED] {"id":116,"src":"c13","dest":"n1","body":{"echo":"Please echo 125","type":"echo","msg_id":10}}
[MATCH ECHO]
[ECHO] {"src":"n1","dest":"c13","body":{"type":"echo_ok","echo":"Please echo 125","msg_id":10,"in_reply_to":10}}
[RECEIVED] {"id":122,"src":"c13","dest":"n1","body":{"echo":"Please echo 30","type":"echo","msg_id":11}}
[MATCH ECHO]
[ECHO] {"src":"n1","dest":"c13","body":{"type":"echo_ok","echo":"Please echo 30","msg_id":11,"in_reply_to":11}}
[RECEIVED] {"id":128,"src":"c13","dest":"n1","body":{"echo":"Please echo 110","type":"echo","msg_id":12}}
[MATCH ECHO]
[ECHO] {"src":"n1","dest":"c13","body":{"type":"echo_ok","echo":"Please echo 110","msg_id":12,"in_reply_to":12}}
[RECEIVED] {"id":130,"src":"c13","dest":"n1","body":{"echo":"Please echo 39","type":"echo","msg_id":13}}
[MATCH ECHO]
[ECHO] {"src":"n1","dest":"c13","body":{"type":"echo_ok","echo":"Please echo 39","msg_id":13,"in_reply_to":13}}
[RECEIVED] {"id":138,"src":"c13","dest":"n1","body":{"echo":"Please echo 82","type":"echo","msg_id":14}}
[MATCH ECHO]
[ECHO] {"src":"n1","dest":"c13","body":{"type":"echo_ok","echo":"Please echo 82","msg_id":14,"in_reply_to":14}}
[RECEIVED] {"id":162,"src":"c13","dest":"n1","body":{"echo":"Please echo 120","type":"echo","msg_id":15}}
[MATCH ECHO]
[ECHO] {"src":"n1","dest":"c13","body":{"type":"echo_ok","echo":"Please echo 120","msg_id":15,"in_reply_to":15}}
[RECEIVED] {"id":170,"src":"c13","dest":"n1","body":{"echo":"Please echo 111","type":"echo","msg_id":16}}
[MATCH ECHO]
[ECHO] {"src":"n1","dest":"c13","body":{"type":"echo_ok","echo":"Please echo 111","msg_id":16,"in_reply_to":16}}
[RECEIVED] {"id":176,"src":"c13","dest":"n1","body":{"echo":"Please echo 87","type":"echo","msg_id":17}}
[MATCH ECHO]
[ECHO] {"src":"n1","dest":"c13","body":{"type":"echo_ok","echo":"Please echo 87","msg_id":17,"in_reply_to":17}}
[RECEIVED] {"id":178,"src":"c13","dest":"n1","body":{"echo":"Please echo 38","type":"echo","msg_id":18}}
[MATCH ECHO]
[ECHO] {"src":"n1","dest":"c13","body":{"type":"echo_ok","echo":"Please echo 38","msg_id":18,"in_reply_to":18}}
[RECEIVED] {"id":180,"src":"c13","dest":"n1","body":{"echo":"Please echo 99","type":"echo","msg_id":19}}
[MATCH ECHO]
[ECHO] {"src":"n1","dest":"c13","body":{"type":"echo_ok","echo":"Please echo 99","msg_id":19,"in_reply_to":19}}
[RECEIVED] {"id":184,"src":"c13","dest":"n1","body":{"echo":"Please echo 56","type":"echo","msg_id":20}}
[MATCH ECHO]
[ECHO] {"src":"n1","dest":"c13","body":{"type":"echo_ok","echo":"Please echo 56","msg_id":20,"in_reply_to":20}}
[RECEIVED] {"id":196,"src":"c13","dest":"n1","body":{"echo":"Please echo 33","type":"echo","msg_id":21}}
[MATCH ECHO]
[ECHO] {"src":"n1","dest":"c13","body":{"type":"echo_ok","echo":"Please echo 33","msg_id":21,"in_reply_to":21}}
[RECEIVED] {"id":226,"src":"c13","dest":"n1","body":{"echo":"Please echo 108","type":"echo","msg_id":22}}
[MATCH ECHO]
[ECHO] {"src":"n1","dest":"c13","body":{"type":"echo_ok","echo":"Please echo 108","msg_id":22,"in_reply_to":22}}
[RECEIVED] {"id":228,"src":"c13","dest":"n1","body":{"echo":"Please echo 18","type":"echo","msg_id":23}}
[MATCH ECHO]
[ECHO] {"src":"n1","dest":"c13","body":{"type":"echo_ok","echo":"Please echo 18","msg_id":23,"in_reply_to":23}}
[RECEIVED] {"id":242,"src":"c13","dest":"n1","body":{"echo":"Please echo 121","type":"echo","msg_id":24}}
[MATCH ECHO]
[ECHO] {"src":"n1","dest":"c13","body":{"type":"echo_ok","echo":"Please echo 121","msg_id":24,"in_reply_to":24}}
[RECEIVED] {"id":262,"src":"c13","dest":"n1","body":{"echo":"Please echo 4","type":"echo","msg_id":25}}
[MATCH ECHO]
[ECHO] {"src":"n1","dest":"c13","body":{"type":"echo_ok","echo":"Please echo 4","msg_id":25,"in_reply_to":25}}
[RECEIVED] {"id":265,"src":"c13","dest":"n1","body":{"echo":"Please echo 37","type":"echo","msg_id":26}}
[MATCH ECHO]
[ECHO] {"src":"n1","dest":"c13","body":{"type":"echo_ok","echo":"Please echo 37","msg_id":26,"in_reply_to":26}}
[RECEIVED] {"id":282,"src":"c13","dest":"n1","body":{"echo":"Please echo 8","type":"echo","msg_id":27}}
[MATCH ECHO]
[ECHO] {"src":"n1","dest":"c13","body":{"type":"echo_ok","echo":"Please echo 8","msg_id":27,"in_reply_to":27}}
[RECEIVED] {"id":300,"src":"c13","dest":"n1","body":{"echo":"Please echo 56","type":"echo","msg_id":28}}
[MATCH ECHO]
[ECHO] {"src":"n1","dest":"c13","body":{"type":"echo_ok","echo":"Please echo 56","msg_id":28,"in_reply_to":28}}
[RECEIVED] {"id":302,"src":"c13","dest":"n1","body":{"echo":"Please echo 67","type":"echo","msg_id":29}}
[MATCH ECHO]
[ECHO] {"src":"n1","dest":"c13","body":{"type":"echo_ok","echo":"Please echo 67","msg_id":29,"in_reply_to":29}}
[RECEIVED] {"id":306,"src":"c13","dest":"n1","body":{"echo":"Please echo 112","type":"echo","msg_id":30}}
[MATCH ECHO]
[ECHO] {"src":"n1","dest":"c13","body":{"type":"echo_ok","echo":"Please echo 112","msg_id":30,"in_reply_to":30}}
[RECEIVED] {"id":314,"src":"c13","dest":"n1","body":{"echo":"Please echo 31","type":"echo","msg_id":31}}
[MATCH ECHO]
[ECHO] {"src":"n1","dest":"c13","body":{"type":"echo_ok","echo":"Please echo 31","msg_id":31,"in_reply_to":31}}
[RECEIVED] {"id":320,"src":"c13","dest":"n1","body":{"echo":"Please echo 74","type":"echo","msg_id":32}}
[MATCH ECHO]
[ECHO] {"src":"n1","dest":"c13","body":{"type":"echo_ok","echo":"Please echo 74","msg_id":32,"in_reply_to":32}}
[RECEIVED] {"id":332,"src":"c13","dest":"n1","body":{"echo":"Please echo 124","type":"echo","msg_id":33}}
[MATCH ECHO]
[ECHO] {"src":"n1","dest":"c13","body":{"type":"echo_ok","echo":"Please echo 124","msg_id":33,"in_reply_to":33}}
[RECEIVED] {"id":356,"src":"c13","dest":"n1","body":{"echo":"Please echo 68","type":"echo","msg_id":34}}
[MATCH ECHO]
[ECHO] {"src":"n1","dest":"c13","body":{"type":"echo_ok","echo":"Please echo 68","msg_id":34,"in_reply_to":34}}
[RECEIVED] {"id":362,"src":"c13","dest":"n1","body":{"echo":"Please echo 9","type":"echo","msg_id":35}}
[MATCH ECHO]
[ECHO] {"src":"n1","dest":"c13","body":{"type":"echo_ok","echo":"Please echo 9","msg_id":35,"in_reply_to":35}}
[RECEIVED] {"id":364,"src":"c13","dest":"n1","body":{"echo":"Please echo 96","type":"echo","msg_id":36}}
[MATCH ECHO]
[ECHO] {"src":"n1","dest":"c13","body":{"type":"echo_ok","echo":"Please echo 96","msg_id":36,"in_reply_to":36}}
[RECEIVED] {"id":382,"src":"c13","dest":"n1","body":{"echo":"Please echo 12","type":"echo","msg_id":37}}
[MATCH ECHO]
[ECHO] {"src":"n1","dest":"c13","body":{"type":"echo_ok","echo":"Please echo 12","msg_id":37,"in_reply_to":37}}
[RECEIVED] {"id":384,"src":"c13","dest":"n1","body":{"echo":"Please echo 35","type":"echo","msg_id":38}}
[MATCH ECHO]
[ECHO] {"src":"n1","dest":"c13","body":{"type":"echo_ok","echo":"Please echo 35","msg_id":38,"in_reply_to":38}}
[RECEIVED] {"id":390,"src":"c13","dest":"n1","body":{"echo":"Please echo 120","type":"echo","msg_id":39}}
[MATCH ECHO]
[ECHO] {"src":"n1","dest":"c13","body":{"type":"echo_ok","echo":"Please echo 120","msg_id":39,"in_reply_to":39}}
[RECEIVED] {"id":392,"src":"c13","dest":"n1","body":{"echo":"Please echo 13","type":"echo","msg_id":40}}
[MATCH ECHO]
[ECHO] {"src":"n1","dest":"c13","body":{"type":"echo_ok","echo":"Please echo 13","msg_id":40,"in_reply_to":40}}
