[RECEIVED] {"id":1,"src":"c1","dest":"n2","body":{"type":"init","node_id":"n2","node_ids":["n1","n2","n3","n4","n5"],"msg_id":1}}
[MATCH INIT]
[INIT] {"src":"n2","dest":"c1","body":{"type":"init_ok","in_reply_to":1,"msg_id":0}}
[RECEIVED] {"id":12,"src":"c11","dest":"n2","body":{"echo":"Please echo 115","type":"echo","msg_id":1}}
[MATCH ECHO]
[ECHO] {"src":"n2","dest":"c11","body":{"type":"echo_ok","echo":"Please echo 115","msg_id":1,"in_reply_to":1}}
[RECEIVED] {"id":28,"src":"c11","dest":"n2","body":{"echo":"Please echo 33","type":"echo","msg_id":2}}
[MATCH ECHO]
[ECHO] {"src":"n2","dest":"c11","body":{"type":"echo_ok","echo":"Please echo 33","msg_id":2,"in_reply_to":2}}
[RECEIVED] {"id":32,"src":"c11","dest":"n2","body":{"echo":"Please echo 61","type":"echo","msg_id":3}}
[MATCH ECHO]
[ECHO] {"src":"n2","dest":"c11","body":{"type":"echo_ok","echo":"Please echo 61","msg_id":3,"in_reply_to":3}}
[RECEIVED] {"id":36,"src":"c11","dest":"n2","body":{"echo":"Please echo 35","type":"echo","msg_id":4}}
[MATCH ECHO]
[ECHO] {"src":"n2","dest":"c11","body":{"type":"echo_ok","echo":"Please echo 35","msg_id":4,"in_reply_to":4}}
[RECEIVED] {"id":50,"src":"c11","dest":"n2","body":{"echo":"Please echo 26","type":"echo","msg_id":5}}
[MATCH ECHO]
[ECHO] {"src":"n2","dest":"c11","body":{"type":"echo_ok","echo":"Please echo 26","msg_id":5,"in_reply_to":5}}
[RECEIVED] {"id":58,"src":"c11","dest":"n2","body":{"echo":"Please echo 70","type":"echo","msg_id":6}}
[MATCH ECHO]
[ECHO] {"src":"n2","dest":"c11","body":{"type":"echo_ok","echo":"Please echo 70","msg_id":6,"in_reply_to":6}}
[RECEIVED] {"id":62,"src":"c11","dest":"n2","body":{"echo":"Please echo 56","type":"echo","msg_id":7}}
[MATCH ECHO]
[ECHO] {"src":"n2","dest":"c11","body":{"type":"echo_ok","echo":"Please echo 56","msg_id":7,"in_reply_to":7}}
[RECEIVED] {"id":66,"src":"c11","dest":"n2","body":{"echo":"Please echo 7","type":"echo","msg_id":8}}
[MATCH ECHO]
[ECHO] {"src":"n2","dest":"c11","body":{"type":"echo_ok","echo":"Please echo 7","msg_id":8,"in_reply_to":8}}
[RECEIVED] {"id":68,"src":"c11","dest":"n2","body":{"echo":"Please echo 121","type":"echo","msg_id":9}}
[MATCH ECHO]
[ECHO] {"src":"n2","dest":"c11","body":{"type":"echo_ok","echo":"Please echo 121","msg_id":9,"in_reply_to":9}}
[RECEIVED] {"id":74,"src":"c11","dest":"n2","body":{"echo":"Please echo 120","type":"echo","msg_id":10}}
[MATCH ECHO]
[ECHO] {"src":"n2","dest":"c11","body":{"type":"echo_ok","echo":"Please echo 120","msg_id":10,"in_reply_to":10}}
[RECEIVED] {"id":86,"src":"c11","dest":"n2","body":{"echo":"Please echo 78","type":"echo","msg_id":11}}
[MATCH ECHO]
[ECHO] {"src":"n2","dest":"c11","body":{"type":"echo_ok","echo":"Please echo 78","msg_id":11,"in_reply_to":11}}
[RECEIVED] {"id":100,"src":"c11","dest":"n2","body":{"echo":"Please echo 42","type":"echo","msg_id":12}}
[MATCH ECHO]
[ECHO] {"src":"n2","dest":"c11","body":{"type":"echo_ok","echo":"Please echo 42","msg_id":12,"in_reply_to":12}}
[RECEIVED] {"id":104,"src":"c11","dest":"n2","body":{"echo":"Please echo 44","type":"echo","msg_id":13}}
[MATCH ECHO]
[ECHO] {"src":"n2","dest":"c11","body":{"type":"echo_ok","echo":"Please echo 44","msg_id":13,"in_reply_to":13}}
[RECEIVED] {"id":108,"src":"c11","dest":"n2","body":{"echo":"Please echo 33","type":"echo","msg_id":14}}
[MATCH ECHO]
[ECHO] {"src":"n2","dest":"c11","body":{"type":"echo_ok","echo":"Please echo 33","msg_id":14,"in_reply_to":14}}
[RECEIVED] {"id":113,"src":"c11","dest":"n2","body":{"echo":"Please echo 11","type":"echo","msg_id":15}}
[MATCH ECHO]
[ECHO] {"src":"n2","dest":"c11","body":{"type":"echo_ok","echo":"Please echo 11","msg_id":15,"in_reply_to":15}}
[RECEIVED] {"id":132,"src":"c11","dest":"n2","body":{"echo":"Please echo 118","type":"echo","msg_id":16}}
[MATCH ECHO]
[ECHO] {"src":"n2","dest":"c11","body":{"type":"echo_ok","echo":"Please echo 118","msg_id":16,"in_reply_to":16}}
[RECEIVED] {"id":136,"src":"c11","dest":"n2","body":{"echo":"Please echo 18","type":"echo","msg_id":17}}
[MATCH ECHO]
[ECHO] {"src":"n2","dest":"c11","body":{"type":"echo_ok","echo":"Please echo 18","msg_id":17,"in_reply_to":17}}
[RECEIVED] {"id":140,"src":"c11","dest":"n2","body":{"echo":"Please echo 3","type":"echo","msg_id":18}}
[MATCH ECHO]
[ECHO] {"src":"n2","dest":"c11","body":{"type":"echo_ok","echo":"Please echo 3","msg_id":18,"in_reply_to":18}}
[RECEIVED] {"id":142,"src":"c11","dest":"n2","body":{"echo":"Please echo 79","type":"echo","msg_id":19}}
[MATCH ECHO]
[ECHO] {"src":"n2","dest":"c11","body":{"type":"echo_ok","echo":"Please echo 79","msg_id":19,"in_reply_to":19}}
[RECEIVED] {"id":150,"src":"c11","dest":"n2","body":{"echo":"Please echo 7","type":"echo","msg_id":20}}
[MATCH ECHO]
[ECHO] {"src":"n2","dest":"c11","body":{"type":"echo_ok","echo":"Please echo 7","msg_id":20,"in_reply_to":20}}
[RECEIVED] {"id":158,"src":"c11","dest":"n2","body":{"echo":"Please echo 113","type":"echo","msg_id":21}}
[MATCH ECHO]
[ECHO] {"src":"n2","dest":"c11","body":{"type":"echo_ok","echo":"Please echo 113","msg_id":21,"in_reply_to":21}}
[RECEIVED] {"id":186,"src":"c11","dest":"n2","body":{"echo":"Please echo 35","type":"echo","msg_id":22}}
[MATCH ECHO]
[ECHO] {"src":"n2","dest":"c11","body":{"type":"echo_ok","echo":"Please echo 35","msg_id":22,"in_reply_to":22}}
[RECEIVED] {"id":214,"src":"c11","dest":"n2","body":{"echo":"Please echo 4","type":"echo","msg_id":23}}
[MATCH ECHO]
[ECHO] {"src":"n2","dest":"c11","body":{"type":"echo_ok","echo":"Please echo 4","msg_id":23,"in_reply_to":23}}
[RECEIVED] {"id":234,"src":"c11","dest":"n2","body":{"echo":"Please echo 115","type":"echo","msg_id":24}}
[MATCH ECHO]
[ECHO] {"src":"n2","dest":"c11","body":{"type":"echo_ok","echo":"Please echo 115","msg_id":24,"in_reply_to":24}}
[RECEIVED] {"id":238,"src":"c11","dest":"n2","body":{"echo":"Please echo 106","type":"echo","msg_id":25}}
[MATCH ECHO]
[ECHO] {"src":"n2","dest":"c11","body":{"type":"echo_ok","echo":"Please echo 106","msg_id":25,"in_reply_to":25}}
[RECEIVED] {"id":251,"src":"c11","dest":"n2","body":{"echo":"Please echo 86","type":"echo","msg_id":26}}
[MATCH ECHO]
[ECHO] {"src":"n2","dest":"c11","body":{"type":"echo_ok","echo":"Please echo 86","msg_id":26,"in_reply_to":26}}
[RECEIVED] {"id":274,"src":"c11","dest":"n2","body":{"echo":"Please echo 113","type":"echo","msg_id":27}}
[MATCH ECHO]
[ECHO] {"src":"n2","dest":"c11","body":{"type":"echo_ok","echo":"Please echo 113","msg_id":27,"in_reply_to":27}}
[RECEIVED] {"id":288,"src":"c11","dest":"n2","body":{"echo":"Please echo 99","type":"echo","msg_id":28}}
[MATCH ECHO]
[ECHO] {"src":"n2","dest":"c11","body":{"type":"echo_ok","echo":"Please echo 99","msg_id":28,"in_reply_to":28}}
[RECEIVED] {"id":296,"src":"c11","dest":"n2","body":{"echo":"Please echo 90","type":"echo","msg_id":29}}
[MATCH ECHO]
[ECHO] {"src":"n2","dest":"c11","body":{"type":"echo_ok","echo":"Please echo 90","msg_id":29,"in_reply_to":29}}
[RECEIVED] {"id":312,"src":"c11","dest":"n2","body":{"echo":"Please echo 95","type":"echo","msg_id":30}}
[MATCH ECHO]
[ECHO] {"src":"n2","dest":"c11","body":{"type":"echo_ok","echo":"Please echo 95","msg_id":30,"in_reply_to":30}}
[RECEIVED] {"id":324,"src":"c11","dest":"n2","body":{"echo":"Please echo 47","type":"echo","msg_id":31}}
[MATCH ECHO]
[ECHO] {"src":"n2","dest":"c11","body":{"type":"echo_ok","echo":"Please echo 47","msg_id":31,"in_reply_to":31}}
[RECEIVED] {"id":334,"src":"c11","dest":"n2","body":{"echo":"Please echo 49","type":"echo","msg_id":32}}
[MATCH ECHO]
[ECHO] {"src":"n2","dest":"c11","body":{"type":"echo_ok","echo":"Please echo 49","msg_id":32,"in_reply_to":32}}
[RECEIVED] {"id":340,"src":"c11","dest":"n2","body":{"echo":"Please echo 24","type":"echo","msg_id":33}}
[MATCH ECHO]
[ECHO] {"src":"n2","dest":"c11","body":{"type":"echo_ok","echo":"Please echo 24","msg_id":33,"in_reply_to":33}}
[RECEIVED] {"id":358,"src":"c11","dest":"n2","body":{"echo":"Please echo 56","type":"echo","msg_id":34}}
[MATCH ECHO]
[ECHO] {"src":"n2","dest":"c11","body":{"type":"echo_ok","echo":"Please echo 56","msg_id":34,"in_reply_to":34}}
[RECEIVED] {"id":366,"src":"c11","dest":"n2","body":{"echo":"Please echo 102","type":"echo","msg_id":35}}
[MATCH ECHO]
[ECHO] {"src":"n2","dest":"c11","body":{"type":"echo_ok","echo":"Please echo 102","msg_id":35,"in_reply_to":35}}
[RECEIVED] {"id":374,"src":"c11","dest":"n2","body":{"echo":"Please echo 3","type":"echo","msg_id":36}}
[MATCH ECHO]
[ECHO] {"src":"n2","dest":"c11","body":{"type":"echo_ok","echo":"Please echo 3","msg_id":36,"in_reply_to":36}}
[RECEIVED] {"id":378,"src":"c11","dest":"n2","body":{"echo":"Please echo 85","type":"echo","msg_id":37}}
[MATCH ECHO]
[ECHO] {"src":"n2","dest":"c11","body":{"type":"echo_ok","echo":"Please echo 85","msg_id":37,"in_reply_to":37}}
[RECEIVED] {"id":380,"src":"c11","dest":"n2","body":{"echo":"Please echo 10","type":"echo","msg_id":38}}
[MATCH ECHO]
[ECHO] {"src":"n2","dest":"c11","body":{"type":"echo_ok","echo":"Please echo 10","msg_id":38,"in_reply_to":38}}
[RECEIVED] {"id":385,"src":"c11","dest":"n2","body":{"echo":"Please echo 103","type":"echo","msg_id":39}}
[MATCH ECHO]
[ECHO] {"src":"n2","dest":"c11","body":{"type":"echo_ok","echo":"Please echo 103","msg_id":39,"in_reply_to":39}}
[RECEIVED] {"id":394,"src":"c11","dest":"n2","body":{"echo":"Please echo 111","type":"echo","msg_id":40}}
[MATCH ECHO]
[ECHO] {"src":"n2","dest":"c11","body":{"type":"echo_ok","echo":"Please echo 111","msg_id":40,"in_reply_to":40}}
[RECEIVED] {"id":396,"src":"c11","dest":"n2","body":{"echo":"Please echo 107","type":"echo","msg_id":41}}
[MATCH ECHO]
[ECHO] {"src":"n2","dest":"c11","body":{"type":"echo_ok","echo":"Please echo 107","msg_id":41,"in_reply_to":41}}
[RECEIVED] {"id":398,"src":"c11","dest":"n2","body":{"echo":"Please echo 80","type":"echo","msg_id":42}}
[MATCH ECHO]
[ECHO] {"src":"n2","dest":"c11","body":{"type":"echo_ok","echo":"Please echo 80","msg_id":42,"in_reply_to":42}}
