[RECEIVED] {"id":0,"src":"c0","dest":"n3","body":{"type":"init","node_id":"n3","node_ids":["n1","n2","n3","n4","n5"],"msg_id":1}}
[MATCH INIT]
[INIT] {"src":"n3","dest":"c0","body":{"type":"init_ok","in_reply_to":1,"msg_id":0}}
[RECEIVED] {"id":10,"src":"c10","dest":"n3","body":{"echo":"Please echo 70","type":"echo","msg_id":1}}
[MATCH ECHO]
[ECHO] {"src":"n3","dest":"c10","body":{"type":"echo_ok","echo":"Please echo 70","msg_id":1,"in_reply_to":1}}
[RECEIVED] {"id":22,"src":"c10","dest":"n3","body":{"echo":"Please echo 51","type":"echo","msg_id":2}}
[MATCH ECHO]
[ECHO] {"src":"n3","dest":"c10","body":{"type":"echo_ok","echo":"Please echo 51","msg_id":2,"in_reply_to":2}}
[RECEIVED] {"id":54,"src":"c10","dest":"n3","body":{"echo":"Please echo 74","type":"echo","msg_id":3}}
[MATCH ECHO]
[ECHO] {"src":"n3","dest":"c10","body":{"type":"echo_ok","echo":"Please echo 74","msg_id":3,"in_reply_to":3}}
[RECEIVED] {"id":82,"src":"c10","dest":"n3","body":{"echo":"Please echo 86","type":"echo","msg_id":4}}
[MATCH ECHO]
[ECHO] {"src":"n3","dest":"c10","body":{"type":"echo_ok","echo":"Please echo 86","msg_id":4,"in_reply_to":4}}
[RECEIVED] {"id":90,"src":"c10","dest":"n3","body":{"echo":"Please echo 57","type":"echo","msg_id":5}}
[MATCH ECHO]
[ECHO] {"src":"n3","dest":"c10","body":{"type":"echo_ok","echo":"Please echo 57","msg_id":5,"in_reply_to":5}}
[RECEIVED] {"id":98,"src":"c10","dest":"n3","body":{"echo":"Please echo 84","type":"echo","msg_id":6}}
[MATCH ECHO]
[ECHO] {"src":"n3","dest":"c10","body":{"type":"echo_ok","echo":"Please echo 84","msg_id":6,"in_reply_to":6}}
[RECEIVED] {"id":110,"src":"c10","dest":"n3","body":{"echo":"Please echo 109","type":"echo","msg_id":7}}
[MATCH ECHO]
[ECHO] {"src":"n3","dest":"c10","body":{"type":"echo_ok","echo":"Please echo 109","msg_id":7,"in_reply_to":7}}
[RECEIVED] {"id":112,"src":"c10","dest":"n3","body":{"echo":"Please echo 7","type":"echo","msg_id":8}}
[MATCH ECHO]
[ECHO] {"src":"n3","dest":"c10","body":{"type":"echo_ok","echo":"Please echo 7","msg_id":8,"in_reply_to":8}}
[RECEIVED] {"id":126,"src":"c10","dest":"n3","body":{"echo":"Please echo 90","type":"echo","msg_id":9}}
[MATCH ECHO]
[ECHO] {"src":"n3","dest":"c10","body":{"type":"echo_ok","echo":"Please echo 90","msg_id":9,"in_reply_to":9}}
[RECEIVED] {"id":134,"src":"c10","dest":"n3","body":{"echo":"Please echo 71","type":"echo","msg_id":10}}
[MATCH ECHO]
[ECHO] {"src":"n3","dest":"c10","body":{"type":"echo_ok","echo":"Please echo 71","msg_id":10,"in_reply_to":10}}
[RECEIVED] {"id":146,"src":"c10","dest":"n3","body":{"echo":"Please echo 104","type":"echo","msg_id":11}}
[MATCH ECHO]
[ECHO] {"src":"n3","dest":"c10","body":{"type":"echo_ok","echo":"Please echo 104","msg_id":11,"in_reply_to":11}}
[RECEIVED] {"id":152,"src":"c10","dest":"n3","body":{"echo":"Please echo 116","type":"echo","msg_id":12}}
[MATCH ECHO]
[ECHO] {"src":"n3","dest":"c10","body":{"type":"echo_ok","echo":"Please echo 116","msg_id":12,"in_reply_to":12}}
[RECEIVED] {"id":156,"src":"c10","dest":"n3","body":{"echo":"Please echo 113","type":"echo","msg_id":13}}
[MATCH ECHO]
[ECHO] {"src":"n3","dest":"c10","body":{"type":"echo_ok","echo":"Please echo 113","msg_id":13,"in_reply_to":13}}
[RECEIVED] {"id":194,"src":"c10","dest":"n3","body":{"echo":"Please echo 75","type":"echo","msg_id":14}}
[MATCH ECHO]
[ECHO] {"src":"n3","dest":"c10","body":{"type":"echo_ok","echo":"Please echo 75","msg_id":14,"in_reply_to":14}}
[RECEIVED] {"id":198,"src":"c10","dest":"n3","body":{"echo":"Please echo 75","type":"echo","msg_id":15}}
[MATCH ECHO]
[ECHO] {"src":"n3","dest":"c10","body":{"type":"echo_ok","echo":"Please echo 75","msg_id":15,"in_reply_to":15}}
[RECEIVED] {"id":200,"src":"c10","dest":"n3","body":{"echo":"Please echo 15","type":"echo","msg_id":16}}
[MATCH ECHO]
[ECHO] {"src":"n3","dest":"c10","body":{"type":"echo_ok","echo":"Please echo 15","msg_id":16,"in_reply_to":16}}
[RECEIVED] {"id":204,"src":"c10","dest":"n3","body":{"echo":"Please echo 83","type":"echo","msg_id":17}}
[MATCH ECHO]
[ECHO] {"src":"n3","dest":"c10","body":{"type":"echo_ok","echo":"Please echo 83","msg_id":17,"in_reply_to":17}}
[RECEIVED] {"id":211,"src":"c10","dest":"n3","body":{"echo":"Please echo 94","type":"echo","msg_id":18}}
[MATCH ECHO]
[ECHO] {"src":"n3","dest":"c10","body":{"type":"echo_ok","echo":"Please echo 94","msg_id":18,"in_reply_to":18}}
[RECEIVED] {"id":216,"src":"c10","dest":"n3","body":{"echo":"Please echo 60","type":"echo","msg_id":19}}
[MATCH ECHO]
[ECHO] {"src":"n3","dest":"c10","body":{"type":"echo_ok","echo":"Please echo 60","msg_id":19,"in_reply_to":19}}
[RECEIVED] {"id":258,"src":"c10","dest":"n3","body":{"echo":"Please echo 62","type":"echo","msg_id":20}}
[MATCH ECHO]
[ECHO] {"src":"n3","dest":"c10","body":{"type":"echo_ok","echo":"Please echo 62","msg_id":20,"in_reply_to":20}}
[RECEIVED] {"id":268,"src":"c10","dest":"n3","body":{"echo":"Please echo 110","type":"echo","msg_id":21}}
[MATCH ECHO]
[ECHO] {"src":"n3","dest":"c10","body":{"type":"echo_ok","echo":"Please echo 110","msg_id":21,"in_reply_to":21}}
[RECEIVED] {"id":270,"src":"c10","dest":"n3","body":{"echo":"Please echo 19","type":"echo","msg_id":22}}
[MATCH ECHO]
[ECHO] {"src":"n3","dest":"c10","body":{"type":"echo_ok","echo":"Please echo 19","msg_id":22,"in_reply_to":22}}
[RECEIVED] {"id":278,"src":"c10","dest":"n3","body":{"echo":"Please echo 48","type":"echo","msg_id":23}}
[MATCH ECHO]
[ECHO] {"src":"n3","dest":"c10","body":{"type":"echo_ok","echo":"Please echo 48","msg_id":23,"in_reply_to":23}}
[RECEIVED] {"id":280,"src":"c10","dest":"n3","body":{"echo":"Please echo 48","type":"echo","msg_id":24}}
[MATCH ECHO]
[ECHO] {"src":"n3","dest":"c10","body":{"type":"echo_ok","echo":"Please echo 48","msg_id":24,"in_reply_to":24}}
[RECEIVED] {"id":286,"src":"c10","dest":"n3","body":{"echo":"Please echo 11","type":"echo","msg_id":25}}
[MATCH ECHO]
[ECHO] {"src":"n3","dest":"c10","body":{"type":"echo_ok","echo":"Please echo 11","msg_id":25,"in_reply_to":25}}
[RECEIVED] {"id":326,"src":"c10","dest":"n3","body":{"echo":"Please echo 37","type":"echo","msg_id":26}}
[MATCH ECHO]
[ECHO] {"src":"n3","dest":"c10","body":{"type":"echo_ok","echo":"Please echo 37","msg_id":26,"in_reply_to":26}}
[RECEIVED] {"id":328,"src":"c10","dest":"n3","body":{"echo":"Please echo 36","type":"echo","msg_id":27}}
[MATCH ECHO]
[ECHO] {"src":"n3","dest":"c10","body":{"type":"echo_ok","echo":"Please echo 36","msg_id":27,"in_reply_to":27}}
[RECEIVED] {"id":342,"src":"c10","dest":"n3","body":{"echo":"Please echo 105","type":"echo","msg_id":28}}
[MATCH ECHO]
[ECHO] {"src":"n3","dest":"c10","body":{"type":"echo_ok","echo":"Please echo 105","msg_id":28,"in_reply_to":28}}
[RECEIVED] {"id":348,"src":"c10","dest":"n3","body":{"echo":"Please echo 11","type":"echo","msg_id":29}}
[MATCH ECHO]
[ECHO] {"src":"n3","dest":"c10","body":{"type":"echo_ok","echo":"Please echo 11","msg_id":29,"in_reply_to":29}}
[RECEIVED] {"id":368,"src":"c10","dest":"n3","body":{"echo":"Please echo 97","type":"echo","msg_id":30}}
[MATCH ECHO]
[ECHO] {"src":"n3","dest":"c10","body":{"type":"echo_ok","echo":"Please echo 97","msg_id":30,"in_reply_to":30}}
[RECEIVED] {"id":400,"src":"c10","dest":"n3","body":{"echo":"Please echo 50","type":"echo","msg_id":31}}
[MATCH ECHO]
[ECHO] {"src":"n3","dest":"c10","body":{"type":"echo_ok","echo":"Please echo 50","msg_id":31,"in_reply_to":31}}
