[RECEIVED] {"id":2,"src":"c2","dest":"n5","body":{"type":"init","node_id":"n5","node_ids":["n1","n2","n3","n4","n5"],"msg_id":1}}
[MATCH INIT]
[INIT] {"src":"n5","dest":"c2","body":{"type":"init_ok","in_reply_to":1,"msg_id":0}}
[RECEIVED] {"id":38,"src":"c14","dest":"n5","body":{"echo":"Please echo 120","type":"echo","msg_id":1}}
[MATCH ECHO]
[ECHO] {"src":"n5","dest":"c14","body":{"type":"echo_ok","echo":"Please echo 120","msg_id":1,"in_reply_to":1}}
[RECEIVED] {"id":40,"src":"c14","dest":"n5","body":{"echo":"Please echo 68","type":"echo","msg_id":2}}
[MATCH ECHO]
[ECHO] {"src":"n5","dest":"c14","body":{"type":"echo_ok","echo":"Please echo 68","msg_id":2,"in_reply_to":2}}
[RECEIVED] {"id":46,"src":"c14","dest":"n5","body":{"echo":"Please echo 113","type":"echo","msg_id":3}}
[MATCH ECHO]
[ECHO] {"src":"n5","dest":"c14","body":{"type":"echo_ok","echo":"Please echo 113","msg_id":3,"in_reply_to":3}}
[RECEIVED] {"id":48,"src":"c14","dest":"n5","body":{"echo":"Please echo 71","type":"echo","msg_id":4}}
[MATCH ECHO]
[ECHO] {"src":"n5","dest":"c14","body":{"type":"echo_ok","echo":"Please echo 71","msg_id":4,"in_reply_to":4}}
[RECEIVED] {"id":64,"src":"c14","dest":"n5","body":{"echo":"Please echo 96","type":"echo","msg_id":5}}
[MATCH ECHO]
[ECHO] {"src":"n5","dest":"c14","body":{"type":"echo_ok","echo":"Please echo 96","msg_id":5,"in_reply_to":5}}
[RECEIVED] {"id":70,"src":"c14","dest":"n5","body":{"echo":"Please echo 74","type":"echo","msg_id":6}}
[MATCH ECHO]
[ECHO] {"src":"n5","dest":"c14","body":{"type":"echo_ok","echo":"Please echo 74","msg_id":6,"in_reply_to":6}}
[RECEIVED] {"id":72,"src":"c14","dest":"n5","body":{"echo":"Please echo 42","type":"echo","msg_id":7}}
[MATCH ECHO]
[ECHO] {"src":"n5","dest":"c14","body":{"type":"echo_ok","echo":"Please echo 42","msg_id":7,"in_reply_to":7}}
[RECEIVED] {"id":76,"src":"c14","dest":"n5","body":{"echo":"Please echo 14","type":"echo","msg_id":8}}
[MATCH ECHO]
[ECHO] {"src":"n5","dest":"c14","body":{"type":"echo_ok","echo":"Please echo 14","msg_id":8,"in_reply_to":8}}
[RECEIVED] {"id":78,"src":"c14","dest":"n5","body":{"echo":"Please echo 31","type":"echo","msg_id":9}}
[MATCH ECHO]
[ECHO] {"src":"n5","dest":"c14","body":{"type":"echo_ok","echo":"Please echo 31","msg_id":9,"in_reply_to":9}}
[RECEIVED] {"id":80,"src":"c14","dest":"n5","body":{"echo":"Please echo 89","type":"echo","msg_id":10}}
[MATCH ECHO]
[ECHO] {"src":"n5","dest":"c14","body":{"type":"echo_ok","echo":"Please echo 89","msg_id":10,"in_reply_to":10}}
[RECEIVED] {"id":84,"src":"c14","dest":"n5","body":{"echo":"Please echo 115","type":"echo","msg_id":11}}
[MATCH ECHO]
[ECHO] {"src":"n5","dest":"c14","body":{"type":"echo_ok","echo":"Please echo 115","msg_id":11,"in_reply_to":11}}
[RECEIVED] {"id":106,"src":"c14","dest":"n5","body":{"echo":"Please echo 99","type":"echo","msg_id":12}}
[MATCH ECHO]
[ECHO] {"src":"n5","dest":"c14","body":{"type":"echo_ok","echo":"Please echo 99","msg_id":12,"in_reply_to":12}}
[RECEIVED] {"id":120,"src":"c14","dest":"n5","body":{"echo":"Please echo 54","type":"echo","msg_id":13}}
[MATCH ECHO]
[ECHO] {"src":"n5","dest":"c14","body":{"type":"echo_ok","echo":"Please echo 54","msg_id":13,"in_reply_to":13}}
[RECEIVED] {"id":124,"src":"c14","dest":"n5","body":{"echo":"Please echo 98","type":"echo","msg_id":14}}
[MATCH ECHO]
[ECHO] {"src":"n5","dest":"c14","body":{"type":"echo_ok","echo":"Please echo 98","msg_id":14,"in_reply_to":14}}
[RECEIVED] {"id":164,"src":"c14","dest":"n5","body":{"echo":"Please echo 45","type":"echo","msg_id":15}}
[MATCH ECHO]
[ECHO] {"src":"n5","dest":"c14","body":{"type":"echo_ok","echo":"Please echo 45","msg_id":15,"in_reply_to":15}}
[RECEIVED] {"id":166,"src":"c14","dest":"n5","body":{"echo":"Please echo 113","type":"echo","msg_id":16}}
[MATCH ECHO]
[ECHO] {"src":"n5","dest":"c14","body":{"type":"echo_ok","echo":"Please echo 113","msg_id":16,"in_reply_to":16}}
[RECEIVED] {"id":182,"src":"c14","dest":"n5","body":{"echo":"Please echo 61","type":"echo","msg_id":17}}
[MATCH ECHO]
[ECHO] {"src":"n5","dest":"c14","body":{"type":"echo_ok","echo":"Please echo 61","msg_id":17,"in_reply_to":17}}
[RECEIVED] {"id":192,"src":"c14","dest":"n5","body":{"echo":"Please echo 91","type":"echo","msg_id":18}}
[MATCH ECHO]
[ECHO] {"src":"n5","dest":"c14","body":{"type":"echo_ok","echo":"Please echo 91","msg_id":18,"in_reply_to":18}}
[RECEIVED] {"id":208,"src":"c14","dest":"n5","body":{"echo":"Please echo 63","type":"echo","msg_id":19}}
[MATCH ECHO]
[ECHO] {"src":"n5","dest":"c14","body":{"type":"echo_ok","echo":"Please echo 63","msg_id":19,"in_reply_to":19}}
[RECEIVED] {"id":210,"src":"c14","dest":"n5","body":{"echo":"Please echo 7","type":"echo","msg_id":20}}
[MATCH ECHO]
[ECHO] {"src":"n5","dest":"c14","body":{"type":"echo_ok","echo":"Please echo 7","msg_id":20,"in_reply_to":20}}
[RECEIVED] {"id":218,"src":"c14","dest":"n5","body":{"echo":"Please echo 77","type":"echo","msg_id":21}}
[MATCH ECHO]
[ECHO] {"src":"n5","dest":"c14","body":{"type":"echo_ok","echo":"Please echo 77","msg_id":21,"in_reply_to":21}}
[RECEIVED] {"id":222,"src":"c14","dest":"n5","body":{"echo":"Please echo 110","type":"echo","msg_id":22}}
[MATCH ECHO]
[ECHO] {"src":"n5","dest":"c14","body":{"type":"echo_ok","echo":"Please echo 110","msg_id":22,"in_reply_to":22}}
[RECEIVED] {"id":232,"src":"c14","dest":"n5","body":{"echo":"Please echo 120","type":"echo","msg_id":23}}
[MATCH ECHO]
[ECHO] {"src":"n5","dest":"c14","body":{"type":"echo_ok","echo":"Please echo 120","msg_id":23,"in_reply_to":23}}
[RECEIVED] {"id":236,"src":"c14","dest":"n5","body":{"echo":"Please echo 2","type":"echo","msg_id":24}}
[MATCH ECHO]
[ECHO] {"src":"n5","dest":"c14","body":{"type":"echo_ok","echo":"Please echo 2","msg_id":24,"in_reply_to":24}}
[RECEIVED] {"id":240,"src":"c14","dest":"n5","body":{"echo":"Please echo 51","type":"echo","msg_id":25}}
[MATCH ECHO]
[ECHO] {"src":"n5","dest":"c14","body":{"type":"echo_ok","echo":"Please echo 51","msg_id":25,"in_reply_to":25}}
[RECEIVED] {"id":244,"src":"c14","dest":"n5","body":{"echo":"Please echo 106","type":"echo","msg_id":26}}
[MATCH ECHO]
[ECHO] {"src":"n5","dest":"c14","body":{"type":"echo_ok","echo":"Please echo 106","msg_id":26,"in_reply_to":26}}
[RECEIVED] {"id":246,"src":"c14","dest":"n5","body":{"echo":"Please echo 125","type":"echo","msg_id":27}}
[MATCH ECHO]
[ECHO] {"src":"n5","dest":"c14","body":{"type":"echo_ok","echo":"Please echo 125","msg_id":27,"in_reply_to":27}}
[RECEIVED] {"id":276,"src":"c14","dest":"n5","body":{"echo":"Please echo 124","type":"echo","msg_id":28}}
[MATCH ECHO]
[ECHO] {"src":"n5","dest":"c14","body":{"type":"echo_ok","echo":"Please echo 124","msg_id":28,"in_reply_to":28}}
[RECEIVED] {"id":284,"src":"c14","dest":"n5","body":{"echo":"Please echo 95","type":"echo","msg_id":29}}
[MATCH ECHO]
[ECHO] {"src":"n5","dest":"c14","body":{"type":"echo_ok","echo":"Please echo 95","msg_id":29,"in_reply_to":29}}
[RECEIVED] {"id":290,"src":"c14","dest":"n5","body":{"echo":"Please echo 127","type":"echo","msg_id":30}}
[MATCH ECHO]
[ECHO] {"src":"n5","dest":"c14","body":{"type":"echo_ok","echo":"Please echo 127","msg_id":30,"in_reply_to":30}}
[RECEIVED] {"id":304,"src":"c14","dest":"n5","body":{"echo":"Please echo 68","type":"echo","msg_id":31}}
[MATCH ECHO]
[ECHO] {"src":"n5","dest":"c14","body":{"type":"echo_ok","echo":"Please echo 68","msg_id":31,"in_reply_to":31}}
[RECEIVED] {"id":308,"src":"c14","dest":"n5","body":{"echo":"Please echo 52","type":"echo","msg_id":32}}
[MATCH ECHO]
[ECHO] {"src":"n5","dest":"c14","body":{"type":"echo_ok","echo":"Please echo 52","msg_id":32,"in_reply_to":32}}
[RECEIVED] {"id":316,"src":"c14","dest":"n5","body":{"echo":"Please echo 34","type":"echo","msg_id":33}}
[MATCH ECHO]
[ECHO] {"src":"n5","dest":"c14","body":{"type":"echo_ok","echo":"Please echo 34","msg_id":33,"in_reply_to":33}}
[RECEIVED] {"id":322,"src":"c14","dest":"n5","body":{"echo":"Please echo 68","type":"echo","msg_id":34}}
[MATCH ECHO]
[ECHO] {"src":"n5","dest":"c14","body":{"type":"echo_ok","echo":"Please echo 68","msg_id":34,"in_reply_to":34}}
[RECEIVED] {"id":330,"src":"c14","dest":"n5","body":{"echo":"Please echo 46","type":"echo","msg_id":35}}
[MATCH ECHO]
[ECHO] {"src":"n5","dest":"c14","body":{"type":"echo_ok","echo":"Please echo 46","msg_id":35,"in_reply_to":35}}
[RECEIVED] {"id":336,"src":"c14","dest":"n5","body":{"echo":"Please echo 126","type":"echo","msg_id":36}}
[MATCH ECHO]
[ECHO] {"src":"n5","dest":"c14","body":{"type":"echo_ok","echo":"Please echo 126","msg_id":36,"in_reply_to":36}}
[RECEIVED] {"id":338,"src":"c14","dest":"n5","body":{"echo":"Please echo 77","type":"echo","msg_id":37}}
[MATCH ECHO]
[ECHO] {"src":"n5","dest":"c14","body":{"type":"echo_ok","echo":"Please echo 77","msg_id":37,"in_reply_to":37}}
[RECEIVED] {"id":346,"src":"c14","dest":"n5","body":{"echo":"Please echo 70","type":"echo","msg_id":38}}
[MATCH ECHO]
[ECHO] {"src":"n5","dest":"c14","body":{"type":"echo_ok","echo":"Please echo 70","msg_id":38,"in_reply_to":38}}
[RECEIVED] {"id":352,"src":"c14","dest":"n5","body":{"echo":"Please echo 70","type":"echo","msg_id":39}}
[MATCH ECHO]
[ECHO] {"src":"n5","dest":"c14","body":{"type":"echo_ok","echo":"Please echo 70","msg_id":39,"in_reply_to":39}}
[RECEIVED] {"id":354,"src":"c14","dest":"n5","body":{"echo":"Please echo 108","type":"echo","msg_id":40}}
[MATCH ECHO]
[ECHO] {"src":"n5","dest":"c14","body":{"type":"echo_ok","echo":"Please echo 108","msg_id":40,"in_reply_to":40}}
[RECEIVED] {"id":376,"src":"c14","dest":"n5","body":{"echo":"Please echo 105","type":"echo","msg_id":41}}
[MATCH ECHO]
[ECHO] {"src":"n5","dest":"c14","body":{"type":"echo_ok","echo":"Please echo 105","msg_id":41,"in_reply_to":41}}
[RECEIVED] {"id":402,"src":"c14","dest":"n5","body":{"echo":"Please echo 23","type":"echo","msg_id":42}}
[MATCH ECHO]
[ECHO] {"src":"n5","dest":"c14","body":{"type":"echo_ok","echo":"Please echo 23","msg_id":42,"in_reply_to":42}}
