[RECEIVED] {"id":1,"src":"c0","dest":"n2","body":{"type":"init","node_id":"n2","node_ids":["n1","n2","n3","n4","n5"],"msg_id":1}}
[MATCH INIT]
[INIT] {"src":"n2","dest":"c0","body":{"type":"init_ok","in_reply_to":1,"msg_id":0}}
[RECEIVED] {"id":13,"src":"c6","dest":"n2","body":{"type":"topology","topology":{"n1":["n4","n2"],"n2":["n5","n3","n1"],"n3":["n2"],"n4":["n1","n5"],"n5":["n2","n4"]},"msg_id":1}}
[MATCH TOPOLOGY]
[TOPOLOGY] {"src":"n2","dest":"c6","body":{"type":"topology_ok","in_reply_to":1,"msg_id":1}}
[RECEIVED] {"id":22,"src":"c11","dest":"n2","body":{"type":"broadcast","message":0,"msg_id":1}}
[MATCH BROADCAST]
[BROADCAST REQUEST: n2 -> n5] {"id":0,"src":"n2","dest":"n5","body":{"type":"broadcast","message":"0","msg_id":null}}
[BROADCAST REQUEST: n2 -> n3] {"id":0,"src":"n2","dest":"n3","body":{"type":"broadcast","message":"0","msg_id":null}}
[BROADCAST REQUEST: n2 -> n1] {"id":0,"src":"n2","dest":"n1","body":{"type":"broadcast","message":"0","msg_id":null}}
[BROADCAST] {"src":"n2","dest":"c11","body":{"type":"broadcast_ok","in_reply_to":1,"msg_id":2}}
[RECEIVED] {"id":27,"src":"n5","dest":"n2","body":{"type":"broadcast","message":"0","msg_id":null}}
[MATCH BROADCAST]
[RECEIVED] {"id":30,"src":"n3","dest":"n2","body":{"type":"broadcast","message":"0","msg_id":null}}
[MATCH BROADCAST]
[RECEIVED] {"id":31,"src":"n1","dest":"n2","body":{"type":"broadcast","message":"0","msg_id":null}}
[MATCH BROADCAST]
[RECEIVED] {"id":41,"src":"n5","dest":"n2","body":{"type":"broadcast","message":"1","msg_id":null}}
[MATCH BROADCAST]
[BROADCAST REQUEST: n2 -> n5] {"id":0,"src":"n2","dest":"n5","body":{"type":"broadcast","message":"1","msg_id":null}}
[BROADCAST REQUEST: n2 -> n3] {"id":0,"src":"n2","dest":"n3","body":{"type":"broadcast","message":"1","msg_id":null}}
[BROADCAST REQUEST: n2 -> n1] {"id":0,"src":"n2","dest":"n1","body":{"type":"broadcast","message":"1","msg_id":null}}
[RECEIVED] {"id":43,"src":"n1","dest":"n2","body":{"type":"broadcast","message":"1","msg_id":null}}
[MATCH BROADCAST]
[RECEIVED] {"id":47,"src":"n3","dest":"n2","body":{"type":"broadcast","message":"1","msg_id":null}}
[MATCH BROADCAST]
[RECEIVED] {"id":49,"src":"n5","dest":"n2","body":{"type":"broadcast","message":"2","msg_id":null}}
[MATCH BROADCAST]
[BROADCAST REQUEST: n2 -> n5] {"id":0,"src":"n2","dest":"n5","body":{"type":"broadcast","message":"2","msg_id":null}}
[BROADCAST REQUEST: n2 -> n3] {"id":0,"src":"n2","dest":"n3","body":{"type":"broadcast","message":"2","msg_id":null}}
[BROADCAST REQUEST: n2 -> n1] {"id":0,"src":"n2","dest":"n1","body":{"type":"broadcast","message":"2","msg_id":null}}
[RECEIVED] {"id":57,"src":"n3","dest":"n2","body":{"type":"broadcast","message":"2","msg_id":null}}
[MATCH BROADCAST]
[RECEIVED] {"id":59,"src":"n1","dest":"n2","body":{"type":"broadcast","message":"2","msg_id":null}}
[MATCH BROADCAST]
[RECEIVED] {"id":62,"src":"n1","dest":"n2","body":{"type":"broadcast","message":"3","msg_id":null}}
[MATCH BROADCAST]
[BROADCAST REQUEST: n2 -> n5] {"id":0,"src":"n2","dest":"n5","body":{"type":"broadcast","message":"3","msg_id":null}}
[BROADCAST REQUEST: n2 -> n3] {"id":0,"src":"n2","dest":"n3","body":{"type":"broadcast","message":"3","msg_id":null}}
[BROADCAST REQUEST: n2 -> n1] {"id":0,"src":"n2","dest":"n1","body":{"type":"broadcast","message":"3","msg_id":null}}
[RECEIVED] {"id":69,"src":"n5","dest":"n2","body":{"type":"broadcast","message":"3","msg_id":null}}
[MATCH BROADCAST]
[RECEIVED] {"id":71,"src":"n3","dest":"n2","body":{"type":"broadcast","message":"3","msg_id":null}}
[MATCH BROADCAST]
[RECEIVED] {"id":74,"src":"n1","dest":"n2","body":{"type":"broadcast","message":"4","msg_id":null}}
[MATCH BROADCAST]
[BROADCAST REQUEST: n2 -> n5] {"id":0,"src":"n2","dest":"n5","body":{"type":"broadcast","message":"4","msg_id":null}}
[BROADCAST REQUEST: n2 -> n3] {"id":0,"src":"n2","dest":"n3","body":{"type":"broadcast","message":"4","msg_id":null}}
[BROADCAST REQUEST: n2 -> n1] {"id":0,"src":"n2","dest":"n1","body":{"type":"broadcast","message":"4","msg_id":null}}
[RECEIVED] {"id":81,"src":"n5","dest":"n2","body":{"type":"broadcast","message":"4","msg_id":null}}
[MATCH BROADCAST]
[RECEIVED] {"id":83,"src":"n3","dest":"n2","body":{"type":"broadcast","message":"4","msg_id":null}}
[MATCH BROADCAST]
[RECEIVED] {"id":84,"src":"c11","dest":"n2","body":{"type":"read","msg_id":2}}
[MATCH READ]
[READ] {"src":"n2","dest":"c11","body":{"type":"read_ok","messages":["0","1","2","3","4"],"in_reply_to":2,"msg_id":18}}
[RECEIVED] {"id":91,"src":"n5","dest":"n2","body":{"type":"broadcast","message":"5","msg_id":null}}
[MATCH BROADCAST]
[BROADCAST REQUEST: n2 -> n5] {"id":0,"src":"n2","dest":"n5","body":{"type":"broadcast","message":"5","msg_id":null}}
[BROADCAST REQUEST: n2 -> n3] {"id":0,"src":"n2","dest":"n3","body":{"type":"broadcast","message":"5","msg_id":null}}
[BROADCAST REQUEST: n2 -> n1] {"id":0,"src":"n2","dest":"n1","body":{"type":"broadcast","message":"5","msg_id":null}}
[RECEIVED] {"id":97,"src":"n1","dest":"n2","body":{"type":"broadcast","message":"5","msg_id":null}}
[MATCH BROADCAST]
[RECEIVED] {"id":101,"src":"n3","dest":"n2","body":{"type":"broadcast","message":"5","msg_id":null}}
[MATCH BROADCAST]
[RECEIVED] {"id":104,"src":"n1","dest":"n2","body":{"type":"broadcast","message":"6","msg_id":null}}
[MATCH BROADCAST]
[BROADCAST REQUEST: n2 -> n5] {"id":0,"src":"n2","dest":"n5","body":{"type":"broadcast","message":"6","msg_id":null}}
[BROADCAST REQUEST: n2 -> n3] {"id":0,"src":"n2","dest":"n3","body":{"type":"broadcast","message":"6","msg_id":null}}
[BROADCAST REQUEST: n2 -> n1] {"id":0,"src":"n2","dest":"n1","body":{"type":"broadcast","message":"6","msg_id":null}}
[RECEIVED] {"id":111,"src":"n5","dest":"n2","body":{"type":"broadcast","message":"6","msg_id":null}}
[MATCH BROADCAST]
[RECEIVED] {"id":112,"src":"n3","dest":"n2","body":{"type":"broadcast","message":"6","msg_id":null}}
[MATCH BROADCAST]
[RECEIVED] {"id":116,"src":"c11","dest":"n2","body":{"type":"broadcast","message":7,"msg_id":3}}
[MATCH BROADCAST]
[BROADCAST REQUEST: n2 -> n5] {"id":0,"src":"n2","dest":"n5","body":{"type":"broadcast","message":"7","msg_id":null}}
[BROADCAST REQUEST: n2 -> n3] {"id":0,"src":"n2","dest":"n3","body":{"type":"broadcast","message":"7","msg_id":null}}
[BROADCAST REQUEST: n2 -> n1] {"id":0,"src":"n2","dest":"n1","body":{"type":"broadcast","message":"7","msg_id":null}}
[BROADCAST] {"src":"n2","dest":"c11","body":{"type":"broadcast_ok","in_reply_to":3,"msg_id":25}}
[RECEIVED] {"id":121,"src":"n5","dest":"n2","body":{"type":"broadcast","message":"7","msg_id":null}}
[MATCH BROADCAST]
[RECEIVED] {"id":124,"src":"n3","dest":"n2","body":{"type":"broadcast","message":"7","msg_id":null}}
[MATCH BROADCAST]
[RECEIVED] {"id":125,"src":"n1","dest":"n2","body":{"type":"broadcast","message":"7","msg_id":null}}
[MATCH BROADCAST]
[RECEIVED] {"id":129,"src":"n3","dest":"n2","body":{"type":"broadcast","message":"8","msg_id":null}}
[MATCH BROADCAST]
[BROADCAST REQUEST: n2 -> n5] {"id":0,"src":"n2","dest":"n5","body":{"type":"broadcast","message":"8","msg_id":null}}
[BROADCAST REQUEST: n2 -> n3] {"id":0,"src":"n2","dest":"n3","body":{"type":"broadcast","message":"8","msg_id":null}}
[BROADCAST REQUEST: n2 -> n1] {"id":0,"src":"n2","dest":"n1","body":{"type":"broadcast","message":"8","msg_id":null}}
[RECEIVED] {"id":134,"src":"n5","dest":"n2","body":{"type":"broadcast","message":"8","msg_id":null}}
[MATCH BROADCAST]
[RECEIVED] {"id":137,"src":"n1","dest":"n2","body":{"type":"broadcast","message":"8","msg_id":null}}
[MATCH BROADCAST]
[RECEIVED] {"id":146,"src":"n1","dest":"n2","body":{"type":"broadcast","message":"9","msg_id":null}}
[MATCH BROADCAST]
[BROADCAST REQUEST: n2 -> n5] {"id":0,"src":"n2","dest":"n5","body":{"type":"broadcast","message":"9","msg_id":null}}
[BROADCAST REQUEST: n2 -> n3] {"id":0,"src":"n2","dest":"n3","body":{"type":"broadcast","message":"9","msg_id":null}}
[BROADCAST REQUEST: n2 -> n1] {"id":0,"src":"n2","dest":"n1","body":{"type":"broadcast","message":"9","msg_id":null}}
[RECEIVED] {"id":152,"src":"n5","dest":"n2","body":{"type":"broadcast","message":"9","msg_id":null}}
[MATCH BROADCAST]
[RECEIVED] {"id":155,"src":"n3","dest":"n2","body":{"type":"broadcast","message":"9","msg_id":null}}
[MATCH BROADCAST]
[RECEIVED] {"id":158,"src":"c11","dest":"n2","body":{"type":"read","msg_id":4}}
[MATCH READ]
[READ] {"src":"n2","dest":"c11","body":{"type":"read_ok","messages":["0","1","2","3","4","5","6","7","8","9"],"in_reply_to":4,"msg_id":35}}
[RECEIVED] {"id":165,"src":"n5","dest":"n2","body":{"type":"broadcast","message":"10","msg_id":null}}
[MATCH BROADCAST]
[BROADCAST REQUEST: n2 -> n5] {"id":0,"src":"n2","dest":"n5","body":{"type":"broadcast","message":"10","msg_id":null}}
[BROADCAST REQUEST: n2 -> n3] {"id":0,"src":"n2","dest":"n3","body":{"type":"broadcast","message":"10","msg_id":null}}
[BROADCAST REQUEST: n2 -> n1] {"id":0,"src":"n2","dest":"n1","body":{"type":"broadcast","message":"10","msg_id":null}}
[RECEIVED] {"id":174,"src":"n3","dest":"n2","body":{"type":"broadcast","message":"10","msg_id":null}}
[RECEIVED] {"id":175,"src":"n1","dest":"n2","body":{"type":"broadcast","message":"10","msg_id":null}}
[MATCH BROADCAST]
[MATCH BROADCAST]
[RECEIVED] {"id":180,"src":"n1","dest":"n2","body":{"type":"broadcast","message":"11","msg_id":null}}
[MATCH BROADCAST]
[BROADCAST REQUEST: n2 -> n5] {"id":0,"src":"n2","dest":"n5","body":{"type":"broadcast","message":"11","msg_id":null}}
[BROADCAST REQUEST: n2 -> n3] {"id":0,"src":"n2","dest":"n3","body":{"type":"broadcast","message":"11","msg_id":null}}
[BROADCAST REQUEST: n2 -> n1] {"id":0,"src":"n2","dest":"n1","body":{"type":"broadcast","message":"11","msg_id":null}}
[RECEIVED] {"id":187,"src":"n5","dest":"n2","body":{"type":"broadcast","message":"11","msg_id":null}}
[MATCH BROADCAST]
[RECEIVED] {"id":189,"src":"n3","dest":"n2","body":{"type":"broadcast","message":"11","msg_id":null}}
[MATCH BROADCAST]
[RECEIVED] {"id":190,"src":"c11","dest":"n2","body":{"type":"broadcast","message":12,"msg_id":5}}
[MATCH BROADCAST]
[BROADCAST REQUEST: n2 -> n5] {"id":0,"src":"n2","dest":"n5","body":{"type":"broadcast","message":"12","msg_id":null}}
[BROADCAST REQUEST: n2 -> n3] {"id":0,"src":"n2","dest":"n3","body":{"type":"broadcast","message":"12","msg_id":null}}
[BROADCAST REQUEST: n2 -> n1] {"id":0,"src":"n2","dest":"n1","body":{"type":"broadcast","message":"12","msg_id":null}}
[BROADCAST] {"src":"n2","dest":"c11","body":{"type":"broadcast_ok","in_reply_to":5,"msg_id":42}}
[RECEIVED] {"id":195,"src":"n5","dest":"n2","body":{"type":"broadcast","message":"12","msg_id":null}}
[MATCH BROADCAST]
[RECEIVED] {"id":198,"src":"n3","dest":"n2","body":{"type":"broadcast","message":"12","msg_id":null}}
[MATCH BROADCAST]
[RECEIVED] {"id":199,"src":"n1","dest":"n2","body":{"type":"broadcast","message":"12","msg_id":null}}
[MATCH BROADCAST]
[RECEIVED] {"id":208,"src":"n5","dest":"n2","body":{"type":"broadcast","message":"13","msg_id":null}}
[RECEIVED] {"id":211,"src":"n1","dest":"n2","body":{"type":"broadcast","message":"13","msg_id":null}}
[MATCH BROADCAST]
[MATCH BROADCAST]
[BROADCAST REQUEST: n2 -> n5] {"id":0,"src":"n2","dest":"n5","body":{"type":"broadcast","message":"13","msg_id":null}}
[BROADCAST REQUEST: n2 -> n3] {"id":0,"src":"n2","dest":"n3","body":{"type":"broadcast","message":"13","msg_id":null}}
[BROADCAST REQUEST: n2 -> n1] {"id":0,"src":"n2","dest":"n1","body":{"type":"broadcast","message":"13","msg_id":null}}
[RECEIVED] {"id":215,"src":"n3","dest":"n2","body":{"type":"broadcast","message":"13","msg_id":null}}
[MATCH BROADCAST]
[RECEIVED] {"id":217,"src":"n5","dest":"n2","body":{"type":"broadcast","message":"14","msg_id":null}}
[MATCH BROADCAST]
[BROADCAST REQUEST: n2 -> n5] {"id":0,"src":"n2","dest":"n5","body":{"type":"broadcast","message":"14","msg_id":null}}
[BROADCAST REQUEST: n2 -> n3] {"id":0,"src":"n2","dest":"n3","body":{"type":"broadcast","message":"14","msg_id":null}}
[BROADCAST REQUEST: n2 -> n1] {"id":0,"src":"n2","dest":"n1","body":{"type":"broadcast","message":"14","msg_id":null}}
[RECEIVED] {"id":226,"src":"n3","dest":"n2","body":{"type":"broadcast","message":"14","msg_id":null}}
[RECEIVED] {"id":227,"src":"n1","dest":"n2","body":{"type":"broadcast","message":"14","msg_id":null}}
[MATCH BROADCAST]
[MATCH BROADCAST]
[RECEIVED] {"id":230,"src":"n1","dest":"n2","body":{"type":"broadcast","message":"15","msg_id":null}}
[MATCH BROADCAST]
[BROADCAST REQUEST: n2 -> n5] {"id":0,"src":"n2","dest":"n5","body":{"type":"broadcast","message":"15","msg_id":null}}
[BROADCAST REQUEST: n2 -> n3] {"id":0,"src":"n2","dest":"n3","body":{"type":"broadcast","message":"15","msg_id":null}}
[BROADCAST REQUEST: n2 -> n1] {"id":0,"src":"n2","dest":"n1","body":{"type":"broadcast","message":"15","msg_id":null}}
[RECEIVED] {"id":237,"src":"n5","dest":"n2","body":{"type":"broadcast","message":"15","msg_id":null}}
[MATCH BROADCAST]
[RECEIVED] {"id":238,"src":"n3","dest":"n2","body":{"type":"broadcast","message":"15","msg_id":null}}
[MATCH BROADCAST]
[RECEIVED] {"id":242,"src":"c11","dest":"n2","body":{"type":"read","msg_id":6}}
[MATCH READ]
[READ] {"src":"n2","dest":"c11","body":{"type":"read_ok","messages":["0","1","10","11","12","13","14","15","2","3","4","5","6","7","8","9"],"in_reply_to":6,"msg_id":55}}
[RECEIVED] {"id":250,"src":"n5","dest":"n2","body":{"type":"broadcast","message":"16","msg_id":null}}
[MATCH BROADCAST]
[BROADCAST REQUEST: n2 -> n5] {"id":0,"src":"n2","dest":"n5","body":{"type":"broadcast","message":"16","msg_id":null}}
[BROADCAST REQUEST: n2 -> n3] {"id":0,"src":"n2","dest":"n3","body":{"type":"broadcast","message":"16","msg_id":null}}
[BROADCAST REQUEST: n2 -> n1] {"id":0,"src":"n2","dest":"n1","body":{"type":"broadcast","message":"16","msg_id":null}}
[RECEIVED] {"id":253,"src":"n1","dest":"n2","body":{"type":"broadcast","message":"16","msg_id":null}}
[MATCH BROADCAST]
[RECEIVED] {"id":257,"src":"n3","dest":"n2","body":{"type":"broadcast","message":"16","msg_id":null}}
[MATCH BROADCAST]
[RECEIVED] {"id":264,"src":"n1","dest":"n2","body":{"type":"broadcast","message":"17","msg_id":null}}
[MATCH BROADCAST]
[BROADCAST REQUEST: n2 -> n5] {"id":0,"src":"n2","dest":"n5","body":{"type":"broadcast","message":"17","msg_id":null}}
[BROADCAST REQUEST: n2 -> n3] {"id":0,"src":"n2","dest":"n3","body":{"type":"broadcast","message":"17","msg_id":null}}
[BROADCAST REQUEST: n2 -> n1] {"id":0,"src":"n2","dest":"n1","body":{"type":"broadcast","message":"17","msg_id":null}}
[RECEIVED] {"id":271,"src":"n5","dest":"n2","body":{"type":"broadcast","message":"17","msg_id":null}}
[MATCH BROADCAST]
[RECEIVED] {"id":273,"src":"n3","dest":"n2","body":{"type":"broadcast","message":"17","msg_id":null}}
[MATCH BROADCAST]
[RECEIVED] {"id":274,"src":"c11","dest":"n2","body":{"type":"read","msg_id":7}}
[MATCH READ]
[READ] {"src":"n2","dest":"c11","body":{"type":"read_ok","messages":["0","1","10","11","12","13","14","15","16","17","2","3","4","5","6","7","8","9"],"in_reply_to":7,"msg_id":62}}
[RECEIVED] {"id":283,"src":"n1","dest":"n2","body":{"type":"broadcast","message":"18","msg_id":null}}
[RECEIVED] {"id":284,"src":"n5","dest":"n2","body":{"type":"broadcast","message":"18","msg_id":null}}
[MATCH BROADCAST]
[MATCH BROADCAST]
[BROADCAST REQUEST: n2 -> n5] {"id":0,"src":"n2","dest":"n5","body":{"type":"broadcast","message":"18","msg_id":null}}
[BROADCAST REQUEST: n2 -> n3] {"id":0,"src":"n2","dest":"n3","body":{"type":"broadcast","message":"18","msg_id":null}}
[BROADCAST REQUEST: n2 -> n1] {"id":0,"src":"n2","dest":"n1","body":{"type":"broadcast","message":"18","msg_id":null}}
[RECEIVED] {"id":289,"src":"n3","dest":"n2","body":{"type":"broadcast","message":"18","msg_id":null}}
[MATCH BROADCAST]
[RECEIVED] {"id":296,"src":"c11","dest":"n2","body":{"type":"broadcast","message":19,"msg_id":8}}
[MATCH BROADCAST]
[BROADCAST REQUEST: n2 -> n5] {"id":0,"src":"n2","dest":"n5","body":{"type":"broadcast","message":"19","msg_id":null}}
[BROADCAST REQUEST: n2 -> n3] {"id":0,"src":"n2","dest":"n3","body":{"type":"broadcast","message":"19","msg_id":null}}
[BROADCAST REQUEST: n2 -> n1] {"id":0,"src":"n2","dest":"n1","body":{"type":"broadcast","message":"19","msg_id":null}}
[BROADCAST] {"src":"n2","dest":"c11","body":{"type":"broadcast_ok","in_reply_to":8,"msg_id":66}}
[RECEIVED] {"id":302,"src":"n3","dest":"n2","body":{"type":"broadcast","message":"19","msg_id":null}}
[RECEIVED] {"id":303,"src":"n5","dest":"n2","body":{"type":"broadcast","message":"19","msg_id":null}}
[RECEIVED] {"id":304,"src":"n1","dest":"n2","body":{"type":"broadcast","message":"19","msg_id":null}}
[MATCH BROADCAST]
[MATCH BROADCAST]
[MATCH BROADCAST]
[RECEIVED] {"id":309,"src":"n3","dest":"n2","body":{"type":"broadcast","message":"20","msg_id":null}}
[MATCH BROADCAST]
[BROADCAST REQUEST: n2 -> n5] {"id":0,"src":"n2","dest":"n5","body":{"type":"broadcast","message":"20","msg_id":null}}
[BROADCAST REQUEST: n2 -> n3] {"id":0,"src":"n2","dest":"n3","body":{"type":"broadcast","message":"20","msg_id":null}}
[BROADCAST REQUEST: n2 -> n1] {"id":0,"src":"n2","dest":"n1","body":{"type":"broadcast","message":"20","msg_id":null}}
[RECEIVED] {"id":314,"src":"n5","dest":"n2","body":{"type":"broadcast","message":"20","msg_id":null}}
[MATCH BROADCAST]
[RECEIVED] {"id":317,"src":"n1","dest":"n2","body":{"type":"broadcast","message":"20","msg_id":null}}
[MATCH BROADCAST]
[RECEIVED] {"id":325,"src":"n5","dest":"n2","body":{"type":"broadcast","message":"21","msg_id":null}}
[MATCH BROADCAST]
[BROADCAST REQUEST: n2 -> n5] {"id":0,"src":"n2","dest":"n5","body":{"type":"broadcast","message":"21","msg_id":null}}
[RECEIVED] {"id":327,"src":"n1","dest":"n2","body":{"type":"broadcast","message":"21","msg_id":null}}
[BROADCAST REQUEST: n2 -> n3] {"id":0,"src":"n2","dest":"n3","body":{"type":"broadcast","message":"21","msg_id":null}}
[MATCH BROADCAST]
[BROADCAST REQUEST: n2 -> n1] {"id":0,"src":"n2","dest":"n1","body":{"type":"broadcast","message":"21","msg_id":null}}
[RECEIVED] {"id":331,"src":"n3","dest":"n2","body":{"type":"broadcast","message":"21","msg_id":null}}
[MATCH BROADCAST]
[RECEIVED] {"id":333,"src":"n5","dest":"n2","body":{"type":"broadcast","message":"22","msg_id":null}}
[MATCH BROADCAST]
[BROADCAST REQUEST: n2 -> n5] {"id":0,"src":"n2","dest":"n5","body":{"type":"broadcast","message":"22","msg_id":null}}
[BROADCAST REQUEST: n2 -> n3] {"id":0,"src":"n2","dest":"n3","body":{"type":"broadcast","message":"22","msg_id":null}}
[BROADCAST REQUEST: n2 -> n1] {"id":0,"src":"n2","dest":"n1","body":{"type":"broadcast","message":"22","msg_id":null}}
[RECEIVED] {"id":341,"src":"n3","dest":"n2","body":{"type":"broadcast","message":"22","msg_id":null}}
[MATCH BROADCAST]
[RECEIVED] {"id":343,"src":"n1","dest":"n2","body":{"type":"broadcast","message":"22","msg_id":null}}
[MATCH BROADCAST]
[RECEIVED] {"id":346,"src":"n1","dest":"n2","body":{"type":"broadcast","message":"23","msg_id":null}}
[MATCH BROADCAST]
[BROADCAST REQUEST: n2 -> n5] {"id":0,"src":"n2","dest":"n5","body":{"type":"broadcast","message":"23","msg_id":null}}
[BROADCAST REQUEST: n2 -> n3] {"id":0,"src":"n2","dest":"n3","body":{"type":"broadcast","message":"23","msg_id":null}}
[BROADCAST REQUEST: n2 -> n1] {"id":0,"src":"n2","dest":"n1","body":{"type":"broadcast","message":"23","msg_id":null}}
[RECEIVED] {"id":353,"src":"n3","dest":"n2","body":{"type":"broadcast","message":"23","msg_id":null}}
[MATCH BROADCAST]
[RECEIVED] {"id":354,"src":"n5","dest":"n2","body":{"type":"broadcast","message":"23","msg_id":null}}
[MATCH BROADCAST]
[RECEIVED] {"id":358,"src":"n1","dest":"n2","body":{"type":"broadcast","message":"24","msg_id":null}}
[MATCH BROADCAST]
[BROADCAST REQUEST: n2 -> n5] {"id":0,"src":"n2","dest":"n5","body":{"type":"broadcast","message":"24","msg_id":null}}
[BROADCAST REQUEST: n2 -> n3] {"id":0,"src":"n2","dest":"n3","body":{"type":"broadcast","message":"24","msg_id":null}}
[BROADCAST REQUEST: n2 -> n1] {"id":0,"src":"n2","dest":"n1","body":{"type":"broadcast","message":"24","msg_id":null}}
[RECEIVED] {"id":365,"src":"n5","dest":"n2","body":{"type":"broadcast","message":"24","msg_id":null}}
[MATCH BROADCAST]
[RECEIVED] {"id":367,"src":"n3","dest":"n2","body":{"type":"broadcast","message":"24","msg_id":null}}
[MATCH BROADCAST]
[RECEIVED] {"id":368,"src":"c11","dest":"n2","body":{"type":"read","msg_id":9}}
[MATCH READ]
[READ] {"src":"n2","dest":"c11","body":{"type":"read_ok","messages":["0","1","10","11","12","13","14","15","16","17","18","19","2","20","21","22","23","24","3","4","5","6","7","8","9"],"in_reply_to":9,"msg_id":85}}
[RECEIVED] {"id":373,"src":"c11","dest":"n2","body":{"type":"read","msg_id":10}}
[MATCH READ]
[READ] {"src":"n2","dest":"c11","body":{"type":"read_ok","messages":["0","1","10","11","12","13","14","15","16","17","18","19","2","20","21","22","23","24","3","4","5","6","7","8","9"],"in_reply_to":10,"msg_id":86}}
