[INFO] Entering main loop
[RECEIVED] {"id":0,"src":"c0","dest":"n5","body":{"type":"init","node_id":"n5","node_ids":["n1","n2","n3","n4","n5"],"msg_id":1}}
[MATCH] InitBody
Initialized node n5
Init send {"src":"n5","dest":"c0","body":{"type":"init_ok","in_reply_to":1,"msg_id":0}}
[RECEIVED] {"id":12,"src":"c11","dest":"n5","body":{"echo":"Please echo 21","type":"echo","msg_id":1}}
[MATCH] EchoBody
Echoing {"src":"n5","dest":"c11","body":{"type":"echo_ok","echo":"Please echo 21","msg_id":1,"in_reply_to":1}}
[RECEIVED] {"id":18,"src":"c11","dest":"n5","body":{"echo":"Please echo 57","type":"echo","msg_id":2}}
[MATCH] EchoBody
Echoing {"src":"n5","dest":"c11","body":{"type":"echo_ok","echo":"Please echo 57","msg_id":2,"in_reply_to":2}}
[RECEIVED] {"id":36,"src":"c11","dest":"n5","body":{"echo":"Please echo 61","type":"echo","msg_id":3}}
[MATCH] EchoBody
Echoing {"src":"n5","dest":"c11","body":{"type":"echo_ok","echo":"Please echo 61","msg_id":3,"in_reply_to":3}}
[RECEIVED] {"id":48,"src":"c11","dest":"n5","body":{"echo":"Please echo 16","type":"echo","msg_id":4}}
[MATCH] EchoBody
Echoing {"src":"n5","dest":"c11","body":{"type":"echo_ok","echo":"Please echo 16","msg_id":4,"in_reply_to":4}}
[RECEIVED] {"id":52,"src":"c11","dest":"n5","body":{"echo":"Please echo 12","type":"echo","msg_id":5}}
[MATCH] EchoBody
Echoing {"src":"n5","dest":"c11","body":{"type":"echo_ok","echo":"Please echo 12","msg_id":5,"in_reply_to":5}}
[RECEIVED] {"id":56,"src":"c11","dest":"n5","body":{"echo":"Please echo 64","type":"echo","msg_id":6}}
[MATCH] EchoBody
Echoing {"src":"n5","dest":"c11","body":{"type":"echo_ok","echo":"Please echo 64","msg_id":6,"in_reply_to":6}}
[RECEIVED] {"id":60,"src":"c11","dest":"n5","body":{"echo":"Please echo 4","type":"echo","msg_id":7}}
[MATCH] EchoBody
Echoing {"src":"n5","dest":"c11","body":{"type":"echo_ok","echo":"Please echo 4","msg_id":7,"in_reply_to":7}}
[RECEIVED] {"id":62,"src":"c11","dest":"n5","body":{"echo":"Please echo 15","type":"echo","msg_id":8}}
[MATCH] EchoBody
Echoing {"src":"n5","dest":"c11","body":{"type":"echo_ok","echo":"Please echo 15","msg_id":8,"in_reply_to":8}}
