2025-06-06 03:28:05,310{GMT}	INFO	[jepsen test runner] jepsen.core: Test version 49be5191af382759bc9da6021eec14a3b553e782 (plus uncommitted changes)
2025-06-06 03:28:05,311{GMT}	INFO	[jepsen test runner] jepsen.core: Command line:
lein run test -w broadcast --bin self/server/_build/default/bin/main.exe --time-limit 20 --rate 10
2025-06-06 03:28:05,354{GMT}	INFO	[jepsen test runner] jepsen.core: Running test:
{:args []
 :remote
 #jepsen.control.retry.Remote{:remote #jepsen.control.scp.Remote{:cmd-remote #jepsen.control.sshj.SSHJRemote{:concurrency-limit 6,
                                                                                                             :conn-spec nil,
                                                                                                             :client nil,
                                                                                                             :semaphore nil},
                                                                 :conn-spec nil},
                              :conn nil}
 :log-net-send false
 :node-count nil
 :availability nil
 :max-txn-length 4
 :concurrency 5
 :db
 #object[maelstrom.db$db$reify__16612
         "0x54fd5f6"
         "maelstrom.db$db$reify__16612@54fd5f6"]
 :max-writes-per-key 16
 :leave-db-running? false
 :name "broadcast"
 :logging-json? false
 :start-time
 #object[org.joda.time.DateTime "0x1f9b8c23" "2025-06-06T03:28:05.273-04:00"]
 :nemesis-interval 10
 :net
 #object[maelstrom.net$jepsen_net$reify__15721
         "0x6b297a62"
         "maelstrom.net$jepsen_net$reify__15721@6b297a62"]
 :client
 #object[maelstrom.workload.broadcast$client$reify__17142
         "0x11303cb"
         "maelstrom.workload.broadcast$client$reify__17142@11303cb"]
 :barrier
 #object[java.util.concurrent.CyclicBarrier
         "0x655e3f4c"
         "java.util.concurrent.CyclicBarrier@655e3f4c"]
 :log-stderr false
 :pure-generators true
 :ssh {:dummy? true}
 :rate 10.0
 :checker
 #object[jepsen.checker$compose$reify__11089
         "0x26e74d50"
         "jepsen.checker$compose$reify__11089@26e74d50"]
 :argv
 ("test"
  "-w"
  "broadcast"
  "--bin"
  "self/server/_build/default/bin/main.exe"
  "--time-limit"
  "20"
  "--rate"
  "10")
 :nemesis
 (jepsen.nemesis.ReflCompose
  {:fm {:start-partition 0,
        :stop-partition 0,
        :kill 1,
        :start 1,
        :pause 1,
        :resume 1},
   :nemeses [#unprintable "jepsen.nemesis.combined$partition_nemesis$reify__16905@6bdc984"
             #unprintable "jepsen.nemesis.combined$db_nemesis$reify__16886@1f299fc3"]})
 :nodes ["n1" "n2" "n3" "n4" "n5"]
 :test-count 1
 :latency {:mean 0, :dist :constant}
 :bin "self/server/_build/default/bin/main.exe"
 :generator
 #object[jepsen.util.Forgettable
         "0x4b954cbb"
         ((jepsen.generator.Synchronize
           {:gen (jepsen.generator.TimeLimit
                  {:limit 20000000000,
                   :cutoff nil,
                   :gen (jepsen.generator.Any
                         {:gens [(jepsen.generator.OnThreads
                                  {:f #{:nemesis},
                                   :context-filter #object[jepsen.generator.context$make_thread_filter$lazy_filter__12077
                                                           "0x504521ae"
                                                           "jepsen.generator.context$make_thread_filter$lazy_filter__12077@504521ae"],
                                   :gen nil})
                                 (jepsen.generator.OnThreads
                                  {:f #jepsen.generator.context.AllBut{:element :nemesis},
                                   :context-filter #object[jepsen.generator.context$make_thread_filter$lazy_filter__12077
                                                           "0x4a9e6ea7"
                                                           "jepsen.generator.context$make_thread_filter$lazy_filter__12077@4a9e6ea7"],
                                   :gen (jepsen.generator.Stagger
                                         {:dt 200000000,
                                          :next-time nil,
                                          :gen (jepsen.generator.Mix
                                                {:i 1,
                                                 :gens [({:f :broadcast,
                                                          :value 0}
                                                         {:f :broadcast,
                                                          :value 1}
                                                         {:f :broadcast,
                                                          :value 2}
                                                         {:f :broadcast,
                                                          :value 3}
                                                         {:f :broadcast,
                                                          :value 4}
                                                         {:f :broadcast,
                                                          :value 5}
                                                         {:f :broadcast,
                                                          :value 6}
                                                         {:f :broadcast,
                                                          :value 7}
                                                         ...)
                                                        ({:f :read}
                                                         {:f :read}
                                                         {:f :read}
                                                         {:f :read}
                                                         {:f :read}
                                                         {:f :read}
                                                         {:f :read}
                                                         {:f :read}
                                                         ...)]})})})]})})})
          (jepsen.generator.Synchronize
           {:gen (jepsen.generator.OnThreads
                  {:f #{:nemesis},
                   :context-filter #object[jepsen.generator.context$make_thread_filter$lazy_filter__12077
                                           "0x5aaecd25"
                                           "jepsen.generator.context$make_thread_filter$lazy_filter__12077@5aaecd25"],
                   :gen ()})})
          (jepsen.generator.Synchronize
           {:gen {:type :log, :value "Waiting for recovery..."}})
          (jepsen.generator.Synchronize {:gen {:type :sleep, :value 10}})
          (jepsen.generator.Synchronize
           {:gen (jepsen.generator.OnThreads
                  {:f #jepsen.generator.context.AllBut{:element :nemesis},
                   :context-filter #object[jepsen.generator.context$make_thread_filter$lazy_filter__12077
                                           "0x239fdf8f"
                                           "jepsen.generator.context$make_thread_filter$lazy_filter__12077@239fdf8f"],
                   :gen (jepsen.generator.EachThread
                         {:fresh-gen {:f :read, :final? true},
                          :context-filters #object[clojure.core$promise$reify__8621
                                                   "0x1acd660d"
                                                   {:status :pending, :val nil}],
                          :gens {}})})}))]
 :log-net-recv false
 :os
 #object[maelstrom.net$jepsen_os$reify__15724
         "0x22f3b213"
         "maelstrom.net$jepsen_os$reify__15724@22f3b213"]
 :time-limit 20
 :workload :broadcast
 :consistency-models [:strict-serializable]
 :topology :grid}

2025-06-06 03:28:06,532{GMT}	INFO	[jepsen node n1] maelstrom.net: Starting Maelstrom network
2025-06-06 03:28:06,533{GMT}	INFO	[jepsen test runner] jepsen.db: Tearing down DB
2025-06-06 03:28:06,534{GMT}	INFO	[jepsen test runner] jepsen.db: Setting up DB
2025-06-06 03:28:06,534{GMT}	INFO	[jepsen node n3] maelstrom.db: Setting up n3
2025-06-06 03:28:06,534{GMT}	INFO	[jepsen node n2] maelstrom.db: Setting up n2
2025-06-06 03:28:06,534{GMT}	INFO	[jepsen node n5] maelstrom.db: Setting up n5
2025-06-06 03:28:06,534{GMT}	INFO	[jepsen node n4] maelstrom.db: Setting up n4
2025-06-06 03:28:06,535{GMT}	INFO	[jepsen node n2] maelstrom.process: launching self/server/_build/default/bin/main.exe []
2025-06-06 03:28:06,535{GMT}	INFO	[jepsen node n5] maelstrom.process: launching self/server/_build/default/bin/main.exe []
2025-06-06 03:28:06,535{GMT}	INFO	[jepsen node n3] maelstrom.process: launching self/server/_build/default/bin/main.exe []
2025-06-06 03:28:06,535{GMT}	INFO	[jepsen node n4] maelstrom.process: launching self/server/_build/default/bin/main.exe []
2025-06-06 03:28:06,536{GMT}	INFO	[jepsen node n1] maelstrom.service: Starting services: (lin-kv lin-tso lww-kv seq-kv)
2025-06-06 03:28:06,536{GMT}	INFO	[jepsen node n1] maelstrom.db: Setting up n1
2025-06-06 03:28:06,537{GMT}	INFO	[jepsen node n1] maelstrom.process: launching self/server/_build/default/bin/main.exe []
2025-06-06 03:28:16,082{GMT}	INFO	[jepsen test runner] jepsen.core: Relative time begins now
2025-06-06 03:28:16,103{GMT}	INFO	[jepsen worker 0] jepsen.util: 0	:invoke	:read	nil
2025-06-06 03:28:16,103{GMT}	INFO	[jepsen worker 1] jepsen.util: 1	:invoke	:broadcast	0
2025-06-06 03:28:16,107{GMT}	INFO	[jepsen worker 0] jepsen.util: 0	:ok	:read	[]
2025-06-06 03:28:16,308{GMT}	INFO	[jepsen worker 2] jepsen.util: 2	:invoke	:read	nil
2025-06-06 03:28:16,309{GMT}	INFO	[jepsen worker 2] jepsen.util: 2	:ok	:read	[]
2025-06-06 03:28:16,355{GMT}	INFO	[jepsen worker 3] jepsen.util: 3	:invoke	:read	nil
2025-06-06 03:28:16,356{GMT}	INFO	[jepsen worker 3] jepsen.util: 3	:ok	:read	[]
2025-06-06 03:28:16,378{GMT}	INFO	[jepsen worker 4] jepsen.util: 4	:invoke	:read	nil
2025-06-06 03:28:16,379{GMT}	INFO	[jepsen worker 4] jepsen.util: 4	:ok	:read	[]
2025-06-06 03:28:16,518{GMT}	INFO	[jepsen worker 0] jepsen.util: 0	:invoke	:broadcast	1
2025-06-06 03:28:16,577{GMT}	INFO	[jepsen worker 2] jepsen.util: 2	:invoke	:broadcast	2
2025-06-06 03:28:16,626{GMT}	INFO	[jepsen worker 3] jepsen.util: 3	:invoke	:read	nil
2025-06-06 03:28:16,626{GMT}	INFO	[jepsen worker 3] jepsen.util: 3	:ok	:read	[]
2025-06-06 03:28:16,818{GMT}	INFO	[jepsen worker 3] jepsen.util: 3	:invoke	:broadcast	3
2025-06-06 03:28:16,957{GMT}	INFO	[jepsen worker 4] jepsen.util: 4	:invoke	:broadcast	4
2025-06-06 03:28:21,111{GMT}	INFO	[jepsen worker 1] jepsen.util: 1	:info	:broadcast	0	:net-timeout
2025-06-06 03:28:21,111{GMT}	INFO	[jepsen worker 1] jepsen.util: 6	:invoke	:broadcast	5
2025-06-06 03:28:21,518{GMT}	INFO	[jepsen worker 0] jepsen.util: 0	:info	:broadcast	1	:net-timeout
2025-06-06 03:28:21,518{GMT}	INFO	[jepsen worker 0] jepsen.util: 5	:invoke	:broadcast	6
2025-06-06 03:28:21,577{GMT}	INFO	[jepsen worker 2] jepsen.util: 2	:info	:broadcast	2	:net-timeout
2025-06-06 03:28:21,582{GMT}	INFO	[jepsen worker 2] jepsen.util: 7	:invoke	:read	nil
2025-06-06 03:28:21,584{GMT}	INFO	[jepsen worker 2] jepsen.util: 7	:ok	:read	["2"]
2025-06-06 03:28:21,727{GMT}	INFO	[jepsen worker 2] jepsen.util: 7	:invoke	:broadcast	7
2025-06-06 03:28:21,995{GMT}	INFO	[jepsen worker 3] jepsen.util: 3	:info	:broadcast	3	:net-timeout
2025-06-06 03:28:21,996{GMT}	INFO	[jepsen worker 3] jepsen.util: 8	:invoke	:broadcast	8
2025-06-06 03:28:22,147{GMT}	INFO	[jepsen worker 4] jepsen.util: 4	:info	:broadcast	4	:net-timeout
2025-06-06 03:28:22,147{GMT}	INFO	[jepsen worker 4] jepsen.util: 9	:invoke	:broadcast	9
2025-06-06 03:28:26,117{GMT}	INFO	[jepsen worker 1] jepsen.util: 6	:info	:broadcast	5	:net-timeout
2025-06-06 03:28:26,118{GMT}	INFO	[jepsen worker 1] jepsen.util: 11	:invoke	:broadcast	10
2025-06-06 03:28:26,523{GMT}	INFO	[jepsen worker 0] jepsen.util: 5	:info	:broadcast	6	:net-timeout
2025-06-06 03:28:26,523{GMT}	INFO	[jepsen worker 0] jepsen.util: 10	:invoke	:read	nil
2025-06-06 03:28:26,524{GMT}	INFO	[jepsen worker 0] jepsen.util: 10	:ok	:read	["1" "6"]
2025-06-06 03:28:26,524{GMT}	INFO	[jepsen worker 0] jepsen.util: 10	:invoke	:read	nil
2025-06-06 03:28:26,524{GMT}	INFO	[jepsen worker 0] jepsen.util: 10	:ok	:read	["1" "6"]
2025-06-06 03:28:26,684{GMT}	INFO	[jepsen worker 0] jepsen.util: 10	:invoke	:read	nil
2025-06-06 03:28:26,685{GMT}	INFO	[jepsen worker 0] jepsen.util: 10	:ok	:read	["1" "6"]
2025-06-06 03:28:26,722{GMT}	INFO	[jepsen worker 0] jepsen.util: 10	:invoke	:broadcast	11
2025-06-06 03:28:26,732{GMT}	INFO	[jepsen worker 2] jepsen.util: 7	:info	:broadcast	7	:net-timeout
2025-06-06 03:28:26,734{GMT}	INFO	[jepsen worker 2] jepsen.util: 12	:invoke	:broadcast	12
2025-06-06 03:28:26,997{GMT}	INFO	[jepsen worker 3] jepsen.util: 8	:info	:broadcast	8	:net-timeout
2025-06-06 03:28:26,997{GMT}	INFO	[jepsen worker 3] jepsen.util: 13	:invoke	:read	nil
2025-06-06 03:28:26,998{GMT}	INFO	[jepsen worker 3] jepsen.util: 13	:ok	:read	["3" "8"]
2025-06-06 03:28:27,007{GMT}	INFO	[jepsen worker 3] jepsen.util: 13	:invoke	:broadcast	13
2025-06-06 03:28:27,152{GMT}	INFO	[jepsen worker 4] jepsen.util: 9	:info	:broadcast	9	:net-timeout
2025-06-06 03:28:27,152{GMT}	INFO	[jepsen worker 4] jepsen.util: 14	:invoke	:broadcast	14
2025-06-06 03:28:31,123{GMT}	INFO	[jepsen worker 1] jepsen.util: 11	:info	:broadcast	10	:net-timeout
2025-06-06 03:28:31,124{GMT}	INFO	[jepsen worker 1] jepsen.util: 16	:invoke	:broadcast	15
2025-06-06 03:28:31,728{GMT}	INFO	[jepsen worker 0] jepsen.util: 10	:info	:broadcast	11	:net-timeout
2025-06-06 03:28:31,728{GMT}	INFO	[jepsen worker 0] jepsen.util: 15	:invoke	:read	nil
2025-06-06 03:28:31,731{GMT}	INFO	[jepsen worker 0] jepsen.util: 15	:ok	:read	["1" "11" "6"]
2025-06-06 03:28:31,739{GMT}	INFO	[jepsen worker 2] jepsen.util: 12	:info	:broadcast	12	:net-timeout
2025-06-06 03:28:31,831{GMT}	INFO	[jepsen worker 0] jepsen.util: 15	:invoke	:broadcast	16
2025-06-06 03:28:31,877{GMT}	INFO	[jepsen worker 2] jepsen.util: 17	:invoke	:broadcast	17
2025-06-06 03:28:32,008{GMT}	INFO	[jepsen worker 3] jepsen.util: 13	:info	:broadcast	13	:net-timeout
2025-06-06 03:28:32,008{GMT}	INFO	[jepsen worker 3] jepsen.util: 18	:invoke	:read	nil
2025-06-06 03:28:32,009{GMT}	INFO	[jepsen worker 3] jepsen.util: 18	:ok	:read	["13" "3" "8"]
2025-06-06 03:28:32,086{GMT}	INFO	[jepsen worker 3] jepsen.util: 18	:invoke	:broadcast	18
2025-06-06 03:28:32,156{GMT}	INFO	[jepsen worker 4] jepsen.util: 14	:info	:broadcast	14	:net-timeout
2025-06-06 03:28:32,156{GMT}	INFO	[jepsen worker 4] jepsen.util: 19	:invoke	:broadcast	19
2025-06-06 03:28:36,124{GMT}	INFO	[jepsen worker 1] jepsen.util: 16	:info	:broadcast	15	:net-timeout
2025-06-06 03:28:36,836{GMT}	INFO	[jepsen worker 0] jepsen.util: 15	:info	:broadcast	16	:net-timeout
2025-06-06 03:28:36,882{GMT}	INFO	[jepsen worker 2] jepsen.util: 17	:info	:broadcast	17	:net-timeout
2025-06-06 03:28:37,091{GMT}	INFO	[jepsen worker 3] jepsen.util: 18	:info	:broadcast	18	:net-timeout
2025-06-06 03:28:37,157{GMT}	INFO	[jepsen worker 4] jepsen.util: 19	:info	:broadcast	19	:net-timeout
2025-06-06 03:28:37,157{GMT}	INFO	[jepsen worker 2] jepsen.generator.interpreter: Waiting for recovery...
2025-06-06 03:28:47,160{GMT}	INFO	[jepsen worker 0] jepsen.util: 20	:invoke	:read	nil
2025-06-06 03:28:47,160{GMT}	INFO	[jepsen worker 2] jepsen.util: 22	:invoke	:read	nil
2025-06-06 03:28:47,160{GMT}	INFO	[jepsen worker 4] jepsen.util: 24	:invoke	:read	nil
2025-06-06 03:28:47,160{GMT}	INFO	[jepsen worker 3] jepsen.util: 23	:invoke	:read	nil
2025-06-06 03:28:47,160{GMT}	INFO	[jepsen worker 1] jepsen.util: 21	:invoke	:read	nil
2025-06-06 03:28:47,162{GMT}	INFO	[jepsen worker 2] jepsen.util: 22	:ok	:read	["12" "17" "2" "7"]
2025-06-06 03:28:47,162{GMT}	INFO	[jepsen worker 4] jepsen.util: 24	:ok	:read	["14" "19" "4" "9"]
2025-06-06 03:28:47,162{GMT}	INFO	[jepsen worker 0] jepsen.util: 20	:ok	:read	["1" "11" "16" "6"]
2025-06-06 03:28:47,162{GMT}	INFO	[jepsen worker 1] jepsen.util: 21	:ok	:read	["0" "10" "15" "5"]
2025-06-06 03:28:47,162{GMT}	INFO	[jepsen worker 3] jepsen.util: 23	:ok	:read	["13" "18" "3" "8"]
2025-06-06 03:28:47,180{GMT}	INFO	[jepsen test runner] jepsen.core: Run complete, writing
2025-06-06 03:28:47,219{GMT}	INFO	[jepsen node n3] maelstrom.db: Tearing down n3
2025-06-06 03:28:47,219{GMT}	INFO	[jepsen node n2] maelstrom.db: Tearing down n2
2025-06-06 03:28:47,219{GMT}	INFO	[jepsen node n4] maelstrom.db: Tearing down n4
2025-06-06 03:28:47,219{GMT}	INFO	[jepsen node n1] maelstrom.db: Tearing down n1
2025-06-06 03:28:47,219{GMT}	INFO	[jepsen node n5] maelstrom.db: Tearing down n5
2025-06-06 03:28:48,676{GMT}	INFO	[jepsen node n1] maelstrom.net: Shutting down Maelstrom network
2025-06-06 03:28:48,678{GMT}	INFO	[jepsen test runner] jepsen.core: Analyzing...
2025-06-06 03:28:48,828{GMT}	INFO	[jepsen test runner] jepsen.core: Analysis complete
2025-06-06 03:28:48,839{GMT}	INFO	[jepsen results] jepsen.store: Wrote /Users/adr/code/maelstrom/store/broadcast/20250606T032805.273-0400/results.edn
2025-06-06 03:28:48,888{GMT}	INFO	[jepsen test runner] jepsen.core: {:perf {:latency-graph {:valid? true},
        :rate-graph {:valid? true},
        :valid? true},
 :timeline {:valid? true},
 :exceptions {:valid? true},
 :stats {:valid? false,
         :count 37,
         :ok-count 17,
         :fail-count 0,
         :info-count 20,
         :by-f {:broadcast {:valid? false,
                            :count 20,
                            :ok-count 0,
                            :fail-count 0,
                            :info-count 20},
                :read {:valid? true,
                       :count 17,
                       :ok-count 17,
                       :fail-count 0,
                       :info-count 0}}},
 :availability {:valid? true, :ok-fraction 0.45945945},
 :net {:all {:send-count 74,
             :recv-count 74,
             :msg-count 74,
             :msgs-per-op 2.0},
       :clients {:send-count 74, :recv-count 74, :msg-count 74},
       :servers {:send-count 0,
                 :recv-count 0,
                 :msg-count 0,
                 :msgs-per-op 0.0},
       :valid? true},
 :workload {:worst-stale (),
            :duplicated-count 0,
            :valid? :unknown,
            :lost-count 0,
            :lost (),
            :stable-count 0,
            :stale-count 0,
            :stale (),
            :never-read-count 20,
            :attempt-count 20,
            :never-read (0
                         1
                         2
                         3
                         4
                         5
                         6
                         7
                         8
                         9
                         10
                         11
                         12
                         13
                         14
                         15
                         16
                         17
                         18
                         19),
            :duplicated {}},
 :valid? false}


Analysis invalid! (ﾉಥ益ಥ）ﾉ ┻━┻
