2025-06-02 15:32:07,203{GMT}	INFO	[jepsen test runner] jepsen.core: Test version b1870b0424f455f8940cc6fee1dc21df80da1060 (plus uncommitted changes)
2025-06-02 15:32:07,203{GMT}	INFO	[jepsen test runner] jepsen.core: Command line:
lein run test -w broadcast --node-count 1 --bin self/server/_build/default/bin/main.exe --time-limit 20 --rate 10
2025-06-02 15:32:07,246{GMT}	INFO	[jepsen test runner] jepsen.core: Running test:
{:args []
 :remote
 #jepsen.control.retry.Remote{:remote #jepsen.control.scp.Remote{:cmd-remote #jepsen.control.sshj.SSHJRemote{:concurrency-limit 6,
                                                                                                             :conn-spec nil,
                                                                                                             :client nil,
                                                                                                             :semaphore nil},
                                                                 :conn-spec nil},
                              :conn nil}
 :log-net-send false
 :node-count 1
 :availability nil
 :max-txn-length 4
 :concurrency 1
 :db
 #object[maelstrom.db$db$reify__16612
         "0x219aab91"
         "maelstrom.db$db$reify__16612@219aab91"]
 :max-writes-per-key 16
 :leave-db-running? false
 :name "broadcast"
 :logging-json? false
 :start-time
 #object[org.joda.time.DateTime "0x6b297a62" "2025-06-02T15:32:07.155-04:00"]
 :nemesis-interval 10
 :net
 #object[maelstrom.net$jepsen_net$reify__15721
         "0x11303cb"
         "maelstrom.net$jepsen_net$reify__15721@11303cb"]
 :client
 #object[maelstrom.workload.broadcast$client$reify__17142
         "0x655e3f4c"
         "maelstrom.workload.broadcast$client$reify__17142@655e3f4c"]
 :barrier
 #object[java.util.concurrent.CyclicBarrier
         "0x26e74d50"
         "java.util.concurrent.CyclicBarrier@26e74d50"]
 :log-stderr false
 :pure-generators true
 :ssh {:dummy? true}
 :rate 10.0
 :checker
 #object[jepsen.checker$compose$reify__11089
         "0x6bdc984"
         "jepsen.checker$compose$reify__11089@6bdc984"]
 :argv
 ("test"
  "-w"
  "broadcast"
  "--node-count"
  "1"
  "--bin"
  "self/server/_build/default/bin/main.exe"
  "--time-limit"
  "20"
  "--rate"
  "10")
 :nemesis
 (jepsen.nemesis.ReflCompose
  {:fm {:start-partition 0,
        :stop-partition 0,
        :kill 1,
        :start 1,
        :pause 1,
        :resume 1},
   :nemeses [#unprintable "jepsen.nemesis.combined$partition_nemesis$reify__16905@1f299fc3"
             #unprintable "jepsen.nemesis.combined$db_nemesis$reify__16886@b997735"]})
 :nodes ["n0"]
 :test-count 1
 :latency {:mean 0, :dist :constant}
 :bin "self/server/_build/default/bin/main.exe"
 :generator
 #object[jepsen.util.Forgettable
         "0xbec2d81"
         ((jepsen.generator.Synchronize
           {:gen (jepsen.generator.TimeLimit
                  {:limit 20000000000,
                   :cutoff nil,
                   :gen (jepsen.generator.Any
                         {:gens [(jepsen.generator.OnThreads
                                  {:f #{:nemesis},
                                   :context-filter #object[jepsen.generator.context$make_thread_filter$lazy_filter__12077
                                                           "0x4a9e6ea7"
                                                           "jepsen.generator.context$make_thread_filter$lazy_filter__12077@4a9e6ea7"],
                                   :gen nil})
                                 (jepsen.generator.OnThreads
                                  {:f #jepsen.generator.context.AllBut{:element :nemesis},
                                   :context-filter #object[jepsen.generator.context$make_thread_filter$lazy_filter__12077
                                                           "0x6f8af186"
                                                           "jepsen.generator.context$make_thread_filter$lazy_filter__12077@6f8af186"],
                                   :gen (jepsen.generator.Stagger
                                         {:dt 200000000,
                                          :next-time nil,
                                          :gen (jepsen.generator.Mix
                                                {:i 1,
                                                 :gens [({:f :broadcast,
                                                          :value 0}
                                                         {:f :broadcast,
                                                          :value 1}
                                                         {:f :broadcast,
                                                          :value 2}
                                                         {:f :broadcast,
                                                          :value 3}
                                                         {:f :broadcast,
                                                          :value 4}
                                                         {:f :broadcast,
                                                          :value 5}
                                                         {:f :broadcast,
                                                          :value 6}
                                                         {:f :broadcast,
                                                          :value 7}
                                                         ...)
                                                        ({:f :read}
                                                         {:f :read}
                                                         {:f :read}
                                                         {:f :read}
                                                         {:f :read}
                                                         {:f :read}
                                                         {:f :read}
                                                         {:f :read}
                                                         ...)]})})})]})})})
          (jepsen.generator.Synchronize
           {:gen (jepsen.generator.OnThreads
                  {:f #{:nemesis},
                   :context-filter #object[jepsen.generator.context$make_thread_filter$lazy_filter__12077
                                           "0x239fdf8f"
                                           "jepsen.generator.context$make_thread_filter$lazy_filter__12077@239fdf8f"],
                   :gen ()})})
          (jepsen.generator.Synchronize
           {:gen {:type :log, :value "Waiting for recovery..."}})
          (jepsen.generator.Synchronize {:gen {:type :sleep, :value 10}})
          (jepsen.generator.Synchronize
           {:gen (jepsen.generator.OnThreads
                  {:f #jepsen.generator.context.AllBut{:element :nemesis},
                   :context-filter #object[jepsen.generator.context$make_thread_filter$lazy_filter__12077
                                           "0x1acd660d"
                                           "jepsen.generator.context$make_thread_filter$lazy_filter__12077@1acd660d"],
                   :gen (jepsen.generator.EachThread
                         {:fresh-gen {:f :read, :final? true},
                          :context-filters #object[clojure.core$promise$reify__8621
                                                   "0x22f3b213"
                                                   {:status :pending, :val nil}],
                          :gens {}})})}))]
 :log-net-recv false
 :os
 #object[maelstrom.net$jepsen_os$reify__15724
         "0xe18848d"
         "maelstrom.net$jepsen_os$reify__15724@e18848d"]
 :time-limit 20
 :workload :broadcast
 :consistency-models [:strict-serializable]
 :topology :grid}

2025-06-02 15:32:08,385{GMT}	INFO	[jepsen node n0] maelstrom.net: Starting Maelstrom network
2025-06-02 15:32:08,385{GMT}	INFO	[jepsen test runner] jepsen.db: Tearing down DB
2025-06-02 15:32:08,386{GMT}	INFO	[jepsen test runner] jepsen.db: Setting up DB
2025-06-02 15:32:08,387{GMT}	INFO	[jepsen node n0] maelstrom.service: Starting services: (lin-kv lin-tso lww-kv seq-kv)
2025-06-02 15:32:08,388{GMT}	INFO	[jepsen node n0] maelstrom.db: Setting up n0
2025-06-02 15:32:08,388{GMT}	INFO	[jepsen node n0] maelstrom.process: launching self/server/_build/default/bin/main.exe []
2025-06-02 15:32:16,087{GMT}	INFO	[jepsen test runner] jepsen.core: Relative time begins now
2025-06-02 15:32:16,100{GMT}	INFO	[jepsen worker 0] jepsen.util: 0	:invoke	:read	nil
2025-06-02 15:32:16,102{GMT}	INFO	[jepsen worker 0] jepsen.util: 0	:ok	:read	[]
2025-06-02 15:32:16,276{GMT}	INFO	[jepsen worker 0] jepsen.util: 0	:invoke	:read	nil
2025-06-02 15:32:16,277{GMT}	INFO	[jepsen worker 0] jepsen.util: 0	:ok	:read	[]
2025-06-02 15:32:16,398{GMT}	INFO	[jepsen worker 0] jepsen.util: 0	:invoke	:broadcast	0
2025-06-02 15:32:16,399{GMT}	INFO	[jepsen worker 0] jepsen.util: 0	:ok	:broadcast	0
2025-06-02 15:32:16,465{GMT}	INFO	[jepsen worker 0] jepsen.util: 0	:invoke	:read	nil
2025-06-02 15:32:16,468{GMT}	INFO	[jepsen worker 0] jepsen.util: 0	:ok	:read	["0"]
2025-06-02 15:32:16,505{GMT}	INFO	[jepsen worker 0] jepsen.util: 0	:invoke	:read	nil
2025-06-02 15:32:16,507{GMT}	INFO	[jepsen worker 0] jepsen.util: 0	:ok	:read	["0"]
2025-06-02 15:32:16,625{GMT}	INFO	[jepsen worker 0] jepsen.util: 0	:invoke	:broadcast	1
2025-06-02 15:32:16,628{GMT}	INFO	[jepsen worker 0] jepsen.util: 0	:ok	:broadcast	1
2025-06-02 15:32:16,640{GMT}	INFO	[jepsen worker 0] jepsen.util: 0	:invoke	:read	nil
2025-06-02 15:32:16,643{GMT}	INFO	[jepsen worker 0] jepsen.util: 0	:ok	:read	["0" "1"]
2025-06-02 15:32:16,664{GMT}	INFO	[jepsen worker 0] jepsen.util: 0	:invoke	:read	nil
2025-06-02 15:32:16,667{GMT}	INFO	[jepsen worker 0] jepsen.util: 0	:ok	:read	["0" "1"]
2025-06-02 15:32:16,812{GMT}	INFO	[jepsen worker 0] jepsen.util: 0	:invoke	:read	nil
2025-06-02 15:32:16,814{GMT}	INFO	[jepsen worker 0] jepsen.util: 0	:ok	:read	["0" "1"]
2025-06-02 15:32:16,939{GMT}	INFO	[jepsen worker 0] jepsen.util: 0	:invoke	:broadcast	2
2025-06-02 15:32:16,940{GMT}	INFO	[jepsen worker 0] jepsen.util: 0	:ok	:broadcast	2
2025-06-02 15:32:16,940{GMT}	INFO	[jepsen worker 0] jepsen.util: 0	:invoke	:read	nil
2025-06-02 15:32:16,941{GMT}	INFO	[jepsen worker 0] jepsen.util: 0	:ok	:read	["0" "1" "2"]
2025-06-02 15:32:17,018{GMT}	INFO	[jepsen worker 0] jepsen.util: 0	:invoke	:broadcast	3
2025-06-02 15:32:17,019{GMT}	INFO	[jepsen worker 0] jepsen.util: 0	:ok	:broadcast	3
2025-06-02 15:32:17,063{GMT}	INFO	[jepsen worker 0] jepsen.util: 0	:invoke	:read	nil
2025-06-02 15:32:17,065{GMT}	INFO	[jepsen worker 0] jepsen.util: 0	:ok	:read	["0" "1" "2" "3"]
2025-06-02 15:32:17,190{GMT}	INFO	[jepsen worker 0] jepsen.util: 0	:invoke	:read	nil
2025-06-02 15:32:17,192{GMT}	INFO	[jepsen worker 0] jepsen.util: 0	:ok	:read	["0" "1" "2" "3"]
2025-06-02 15:32:17,392{GMT}	INFO	[jepsen worker 0] jepsen.util: 0	:invoke	:broadcast	4
2025-06-02 15:32:17,393{GMT}	INFO	[jepsen worker 0] jepsen.util: 0	:ok	:broadcast	4
2025-06-02 15:32:17,435{GMT}	INFO	[jepsen worker 0] jepsen.util: 0	:invoke	:broadcast	5
2025-06-02 15:32:17,436{GMT}	INFO	[jepsen worker 0] jepsen.util: 0	:ok	:broadcast	5
2025-06-02 15:32:17,479{GMT}	INFO	[jepsen worker 0] jepsen.util: 0	:invoke	:broadcast	6
2025-06-02 15:32:17,480{GMT}	INFO	[jepsen worker 0] jepsen.util: 0	:ok	:broadcast	6
2025-06-02 15:32:17,621{GMT}	INFO	[jepsen worker 0] jepsen.util: 0	:invoke	:read	nil
2025-06-02 15:32:17,622{GMT}	INFO	[jepsen worker 0] jepsen.util: 0	:ok	:read	["0" "1" "2" "3" "4" "5" "6"]
2025-06-02 15:32:17,673{GMT}	INFO	[jepsen worker 0] jepsen.util: 0	:invoke	:read	nil
2025-06-02 15:32:17,675{GMT}	INFO	[jepsen worker 0] jepsen.util: 0	:ok	:read	["0" "1" "2" "3" "4" "5" "6"]
2025-06-02 15:32:17,686{GMT}	INFO	[jepsen worker 0] jepsen.util: 0	:invoke	:read	nil
2025-06-02 15:32:17,687{GMT}	INFO	[jepsen worker 0] jepsen.util: 0	:ok	:read	["0" "1" "2" "3" "4" "5" "6"]
2025-06-02 15:32:17,703{GMT}	INFO	[jepsen worker 0] jepsen.util: 0	:invoke	:read	nil
2025-06-02 15:32:17,704{GMT}	INFO	[jepsen worker 0] jepsen.util: 0	:ok	:read	["0" "1" "2" "3" "4" "5" "6"]
2025-06-02 15:32:17,863{GMT}	INFO	[jepsen worker 0] jepsen.util: 0	:invoke	:broadcast	7
2025-06-02 15:32:17,864{GMT}	INFO	[jepsen worker 0] jepsen.util: 0	:ok	:broadcast	7
2025-06-02 15:32:17,987{GMT}	INFO	[jepsen worker 0] jepsen.util: 0	:invoke	:broadcast	8
2025-06-02 15:32:17,988{GMT}	INFO	[jepsen worker 0] jepsen.util: 0	:ok	:broadcast	8
2025-06-02 15:32:18,184{GMT}	INFO	[jepsen worker 0] jepsen.util: 0	:invoke	:read	nil
2025-06-02 15:32:18,187{GMT}	INFO	[jepsen worker 0] jepsen.util: 0	:ok	:read	["0" "1" "2" "3" "4" "5" "6" "7" "8"]
2025-06-02 15:32:18,260{GMT}	INFO	[jepsen worker 0] jepsen.util: 0	:invoke	:read	nil
2025-06-02 15:32:18,262{GMT}	INFO	[jepsen worker 0] jepsen.util: 0	:ok	:read	["0" "1" "2" "3" "4" "5" "6" "7" "8"]
2025-06-02 15:32:18,387{GMT}	INFO	[jepsen worker 0] jepsen.util: 0	:invoke	:broadcast	9
2025-06-02 15:32:18,388{GMT}	INFO	[jepsen worker 0] jepsen.util: 0	:ok	:broadcast	9
2025-06-02 15:32:18,564{GMT}	INFO	[jepsen worker 0] jepsen.util: 0	:invoke	:broadcast	10
2025-06-02 15:32:18,565{GMT}	INFO	[jepsen worker 0] jepsen.util: 0	:ok	:broadcast	10
2025-06-02 15:32:18,690{GMT}	INFO	[jepsen worker 0] jepsen.util: 0	:invoke	:broadcast	11
2025-06-02 15:32:18,692{GMT}	INFO	[jepsen worker 0] jepsen.util: 0	:ok	:broadcast	11
2025-06-02 15:32:18,798{GMT}	INFO	[jepsen worker 0] jepsen.util: 0	:invoke	:broadcast	12
2025-06-02 15:32:18,799{GMT}	INFO	[jepsen worker 0] jepsen.util: 0	:ok	:broadcast	12
2025-06-02 15:32:18,906{GMT}	INFO	[jepsen worker 0] jepsen.util: 0	:invoke	:broadcast	13
2025-06-02 15:32:18,907{GMT}	INFO	[jepsen worker 0] jepsen.util: 0	:ok	:broadcast	13
2025-06-02 15:32:19,015{GMT}	INFO	[jepsen worker 0] jepsen.util: 0	:invoke	:read	nil
2025-06-02 15:32:19,017{GMT}	INFO	[jepsen worker 0] jepsen.util: 0	:ok	:read	["0" "1" "10" "11" "12" "13" "2" "3" "4" "5" "6" "7" "8" "9"]
2025-06-02 15:32:19,038{GMT}	INFO	[jepsen worker 0] jepsen.util: 0	:invoke	:read	nil
2025-06-02 15:32:19,039{GMT}	INFO	[jepsen worker 0] jepsen.util: 0	:ok	:read	["0" "1" "10" "11" "12" "13" "2" "3" "4" "5" "6" "7" "8" "9"]
2025-06-02 15:32:19,231{GMT}	INFO	[jepsen worker 0] jepsen.util: 0	:invoke	:broadcast	14
2025-06-02 15:32:19,234{GMT}	INFO	[jepsen worker 0] jepsen.util: 0	:ok	:broadcast	14
2025-06-02 15:32:19,387{GMT}	INFO	[jepsen worker 0] jepsen.util: 0	:invoke	:read	nil
2025-06-02 15:32:19,390{GMT}	INFO	[jepsen worker 0] jepsen.util: 0	:ok	:read	["0" "1" "10" "11" "12" "13" "14" "2" "3" "4" "5" "6" "7" "8" "9"]
2025-06-02 15:32:19,520{GMT}	INFO	[jepsen worker 0] jepsen.util: 0	:invoke	:read	nil
2025-06-02 15:32:19,523{GMT}	INFO	[jepsen worker 0] jepsen.util: 0	:ok	:read	["0" "1" "10" "11" "12" "13" "14" "2" "3" "4" "5" "6" "7" "8" "9"]
2025-06-02 15:32:19,664{GMT}	INFO	[jepsen worker 0] jepsen.util: 0	:invoke	:broadcast	15
2025-06-02 15:32:19,665{GMT}	INFO	[jepsen worker 0] jepsen.util: 0	:ok	:broadcast	15
2025-06-02 15:32:19,787{GMT}	INFO	[jepsen worker 0] jepsen.util: 0	:invoke	:read	nil
2025-06-02 15:32:19,791{GMT}	INFO	[jepsen worker 0] jepsen.util: 0	:ok	:read	["0" "1" "10" "11" "12" "13" "14" "15" "2" "3" "4" "5" "6" "7" "8" "9"]
2025-06-02 15:32:19,840{GMT}	INFO	[jepsen worker 0] jepsen.util: 0	:invoke	:broadcast	16
2025-06-02 15:32:19,843{GMT}	INFO	[jepsen worker 0] jepsen.util: 0	:ok	:broadcast	16
2025-06-02 15:32:20,017{GMT}	INFO	[jepsen worker 0] jepsen.util: 0	:invoke	:broadcast	17
2025-06-02 15:32:20,021{GMT}	INFO	[jepsen worker 0] jepsen.util: 0	:ok	:broadcast	17
2025-06-02 15:32:20,153{GMT}	INFO	[jepsen worker 0] jepsen.util: 0	:invoke	:read	nil
2025-06-02 15:32:20,156{GMT}	INFO	[jepsen worker 0] jepsen.util: 0	:ok	:read	["0" "1" "10" "11" "12" "13" "14" "15" "16" "17" "2" "3" "4" "5" "6" "7" "8" "9"]
2025-06-02 15:32:20,260{GMT}	INFO	[jepsen worker 0] jepsen.util: 0	:invoke	:read	nil
2025-06-02 15:32:20,262{GMT}	INFO	[jepsen worker 0] jepsen.util: 0	:ok	:read	["0" "1" "10" "11" "12" "13" "14" "15" "16" "17" "2" "3" "4" "5" "6" "7" "8" "9"]
2025-06-02 15:32:20,443{GMT}	INFO	[jepsen worker 0] jepsen.util: 0	:invoke	:read	nil
2025-06-02 15:32:20,444{GMT}	INFO	[jepsen worker 0] jepsen.util: 0	:ok	:read	["0" "1" "10" "11" "12" "13" "14" "15" "16" "17" "2" "3" "4" "5" "6" "7" "8" "9"]
2025-06-02 15:32:20,645{GMT}	INFO	[jepsen worker 0] jepsen.util: 0	:invoke	:read	nil
2025-06-02 15:32:20,646{GMT}	INFO	[jepsen worker 0] jepsen.util: 0	:ok	:read	["0" "1" "10" "11" "12" "13" "14" "15" "16" "17" "2" "3" "4" "5" "6" "7" "8" "9"]
2025-06-02 15:32:20,675{GMT}	INFO	[jepsen worker 0] jepsen.util: 0	:invoke	:broadcast	18
2025-06-02 15:32:20,676{GMT}	INFO	[jepsen worker 0] jepsen.util: 0	:ok	:broadcast	18
2025-06-02 15:32:20,715{GMT}	INFO	[jepsen worker 0] jepsen.util: 0	:invoke	:read	nil
2025-06-02 15:32:20,716{GMT}	INFO	[jepsen worker 0] jepsen.util: 0	:ok	:read	["0" "1" "10" "11" "12" "13" "14" "15" "16" "17" "18" "2" "3" "4" "5" "6" "7" "8" "9"]
2025-06-02 15:32:20,877{GMT}	INFO	[jepsen worker 0] jepsen.util: 0	:invoke	:read	nil
2025-06-02 15:32:20,880{GMT}	INFO	[jepsen worker 0] jepsen.util: 0	:ok	:read	["0" "1" "10" "11" "12" "13" "14" "15" "16" "17" "18" "2" "3" "4" "5" "6" "7" "8" "9"]
2025-06-02 15:32:20,923{GMT}	INFO	[jepsen worker 0] jepsen.util: 0	:invoke	:read	nil
2025-06-02 15:32:20,926{GMT}	INFO	[jepsen worker 0] jepsen.util: 0	:ok	:read	["0" "1" "10" "11" "12" "13" "14" "15" "16" "17" "18" "2" "3" "4" "5" "6" "7" "8" "9"]
2025-06-02 15:32:21,040{GMT}	INFO	[jepsen worker 0] jepsen.util: 0	:invoke	:broadcast	19
2025-06-02 15:32:21,043{GMT}	INFO	[jepsen worker 0] jepsen.util: 0	:ok	:broadcast	19
2025-06-02 15:32:21,045{GMT}	INFO	[jepsen worker 0] jepsen.util: 0	:invoke	:broadcast	20
2025-06-02 15:32:21,048{GMT}	INFO	[jepsen worker 0] jepsen.util: 0	:ok	:broadcast	20
2025-06-02 15:32:21,128{GMT}	INFO	[jepsen worker 0] jepsen.util: 0	:invoke	:broadcast	21
2025-06-02 15:32:21,131{GMT}	INFO	[jepsen worker 0] jepsen.util: 0	:ok	:broadcast	21
2025-06-02 15:32:21,147{GMT}	INFO	[jepsen worker 0] jepsen.util: 0	:invoke	:read	nil
2025-06-02 15:32:21,149{GMT}	INFO	[jepsen worker 0] jepsen.util: 0	:ok	:read	["0" "1" "10" "11" "12" "13" "14" "15" "16" "17" "18" "19" "2" "20" "21" "3" "4" "5" "6" "7" "8" "9"]
2025-06-02 15:32:21,160{GMT}	INFO	[jepsen worker 0] jepsen.util: 0	:invoke	:broadcast	22
2025-06-02 15:32:21,162{GMT}	INFO	[jepsen worker 0] jepsen.util: 0	:ok	:broadcast	22
2025-06-02 15:32:21,199{GMT}	INFO	[jepsen worker 0] jepsen.util: 0	:invoke	:broadcast	23
2025-06-02 15:32:21,200{GMT}	INFO	[jepsen worker 0] jepsen.util: 0	:ok	:broadcast	23
2025-06-02 15:32:21,307{GMT}	INFO	[jepsen worker 0] jepsen.util: 0	:invoke	:read	nil
2025-06-02 15:32:21,310{GMT}	INFO	[jepsen worker 0] jepsen.util: 0	:ok	:read	["0" "1" "10" "11" "12" "13" "14" "15" "16" "17" "18" "19" "2" "20" "21" "22" "23" "3" "4" "5" "6" "7" "8" "9"]
2025-06-02 15:32:21,310{GMT}	INFO	[jepsen worker 0] jepsen.util: 0	:invoke	:broadcast	24
2025-06-02 15:32:21,311{GMT}	INFO	[jepsen worker 0] jepsen.util: 0	:ok	:broadcast	24
2025-06-02 15:32:21,495{GMT}	INFO	[jepsen worker 0] jepsen.util: 0	:invoke	:read	nil
2025-06-02 15:32:21,497{GMT}	INFO	[jepsen worker 0] jepsen.util: 0	:ok	:read	["0" "1" "10" "11" "12" "13" "14" "15" "16" "17" "18" "19" "2" "20" "21" "22" "23" "24" "3" "4" "5" "6" "7" "8" "9"]
2025-06-02 15:32:21,608{GMT}	INFO	[jepsen worker 0] jepsen.util: 0	:invoke	:read	nil
2025-06-02 15:32:21,610{GMT}	INFO	[jepsen worker 0] jepsen.util: 0	:ok	:read	["0" "1" "10" "11" "12" "13" "14" "15" "16" "17" "18" "19" "2" "20" "21" "22" "23" "24" "3" "4" "5" "6" "7" "8" "9"]
2025-06-02 15:32:21,673{GMT}	INFO	[jepsen worker 0] jepsen.util: 0	:invoke	:read	nil
2025-06-02 15:32:21,676{GMT}	INFO	[jepsen worker 0] jepsen.util: 0	:ok	:read	["0" "1" "10" "11" "12" "13" "14" "15" "16" "17" "18" "19" "2" "20" "21" "22" "23" "24" "3" "4" "5" "6" "7" "8" "9"]
2025-06-02 15:32:21,830{GMT}	INFO	[jepsen worker 0] jepsen.util: 0	:invoke	:broadcast	25
2025-06-02 15:32:21,833{GMT}	INFO	[jepsen worker 0] jepsen.util: 0	:ok	:broadcast	25
2025-06-02 15:32:21,983{GMT}	INFO	[jepsen worker 0] jepsen.util: 0	:invoke	:read	nil
2025-06-02 15:32:21,984{GMT}	INFO	[jepsen worker 0] jepsen.util: 0	:ok	:read	["0" "1" "10" "11" "12" "13" "14" "15" "16" "17" "18" "19" "2" "20" "21" "22" "23" "24" "25" "3" "4" "5" "6" "7" "8" "9"]
2025-06-02 15:32:22,131{GMT}	INFO	[jepsen worker 0] jepsen.util: 0	:invoke	:broadcast	26
2025-06-02 15:32:22,132{GMT}	INFO	[jepsen worker 0] jepsen.util: 0	:ok	:broadcast	26
2025-06-02 15:32:22,269{GMT}	INFO	[jepsen worker 0] jepsen.util: 0	:invoke	:broadcast	27
2025-06-02 15:32:22,272{GMT}	INFO	[jepsen worker 0] jepsen.util: 0	:ok	:broadcast	27
2025-06-02 15:32:22,277{GMT}	INFO	[jepsen worker 0] jepsen.util: 0	:invoke	:broadcast	28
2025-06-02 15:32:22,279{GMT}	INFO	[jepsen worker 0] jepsen.util: 0	:ok	:broadcast	28
2025-06-02 15:32:22,347{GMT}	INFO	[jepsen worker 0] jepsen.util: 0	:invoke	:read	nil
2025-06-02 15:32:22,349{GMT}	INFO	[jepsen worker 0] jepsen.util: 0	:ok	:read	["0" "1" "10" "11" "12" "13" "14" "15" "16" "17" "18" "19" "2" "20" "21" "22" "23" "24" "25" "26" "27" "28" "3" "4" "5" "6" "7" "8" "9"]
2025-06-02 15:32:22,523{GMT}	INFO	[jepsen worker 0] jepsen.util: 0	:invoke	:read	nil
2025-06-02 15:32:22,527{GMT}	INFO	[jepsen worker 0] jepsen.util: 0	:ok	:read	["0" "1" "10" "11" "12" "13" "14" "15" "16" "17" "18" "19" "2" "20" "21" "22" "23" "24" "25" "26" "27" "28" "3" "4" "5" "6" "7" "8" "9"]
2025-06-02 15:32:22,715{GMT}	INFO	[jepsen worker 0] jepsen.util: 0	:invoke	:read	nil
2025-06-02 15:32:22,716{GMT}	INFO	[jepsen worker 0] jepsen.util: 0	:ok	:read	["0" "1" "10" "11" "12" "13" "14" "15" "16" "17" "18" "19" "2" "20" "21" "22" "23" "24" "25" "26" "27" "28" "3" "4" "5" "6" "7" "8" "9"]
2025-06-02 15:32:22,848{GMT}	INFO	[jepsen worker 0] jepsen.util: 0	:invoke	:read	nil
2025-06-02 15:32:22,849{GMT}	INFO	[jepsen worker 0] jepsen.util: 0	:ok	:read	["0" "1" "10" "11" "12" "13" "14" "15" "16" "17" "18" "19" "2" "20" "21" "22" "23" "24" "25" "26" "27" "28" "3" "4" "5" "6" "7" "8" "9"]
2025-06-02 15:32:22,918{GMT}	INFO	[jepsen worker 0] jepsen.util: 0	:invoke	:read	nil
2025-06-02 15:32:22,919{GMT}	INFO	[jepsen worker 0] jepsen.util: 0	:ok	:read	["0" "1" "10" "11" "12" "13" "14" "15" "16" "17" "18" "19" "2" "20" "21" "22" "23" "24" "25" "26" "27" "28" "3" "4" "5" "6" "7" "8" "9"]
2025-06-02 15:32:22,921{GMT}	INFO	[jepsen worker 0] jepsen.util: 0	:invoke	:broadcast	29
2025-06-02 15:32:22,922{GMT}	INFO	[jepsen worker 0] jepsen.util: 0	:ok	:broadcast	29
2025-06-02 15:32:23,004{GMT}	INFO	[jepsen worker 0] jepsen.util: 0	:invoke	:read	nil
2025-06-02 15:32:23,007{GMT}	INFO	[jepsen worker 0] jepsen.util: 0	:ok	:read	["0" "1" "10" "11" "12" "13" "14" "15" "16" "17" "18" "19" "2" "20" "21" "22" "23" "24" "25" "26" "27" "28" "29" "3" "4" "5" "6" "7" "8" "9"]
2025-06-02 15:32:23,188{GMT}	INFO	[jepsen worker 0] jepsen.util: 0	:invoke	:read	nil
2025-06-02 15:32:23,191{GMT}	INFO	[jepsen worker 0] jepsen.util: 0	:ok	:read	["0" "1" "10" "11" "12" "13" "14" "15" "16" "17" "18" "19" "2" "20" "21" "22" "23" "24" "25" "26" "27" "28" "29" "3" "4" "5" "6" "7" "8" "9"]
2025-06-02 15:32:23,300{GMT}	INFO	[jepsen worker 0] jepsen.util: 0	:invoke	:read	nil
2025-06-02 15:32:23,302{GMT}	INFO	[jepsen worker 0] jepsen.util: 0	:ok	:read	["0" "1" "10" "11" "12" "13" "14" "15" "16" "17" "18" "19" "2" "20" "21" "22" "23" "24" "25" "26" "27" "28" "29" "3" "4" "5" "6" "7" "8" "9"]
2025-06-02 15:32:23,442{GMT}	INFO	[jepsen worker 0] jepsen.util: 0	:invoke	:read	nil
2025-06-02 15:32:23,445{GMT}	INFO	[jepsen worker 0] jepsen.util: 0	:ok	:read	["0" "1" "10" "11" "12" "13" "14" "15" "16" "17" "18" "19" "2" "20" "21" "22" "23" "24" "25" "26" "27" "28" "29" "3" "4" "5" "6" "7" "8" "9"]
2025-06-02 15:32:23,514{GMT}	INFO	[jepsen worker 0] jepsen.util: 0	:invoke	:broadcast	30
2025-06-02 15:32:23,515{GMT}	INFO	[jepsen worker 0] jepsen.util: 0	:ok	:broadcast	30
2025-06-02 15:32:23,695{GMT}	INFO	[jepsen worker 0] jepsen.util: 0	:invoke	:broadcast	31
2025-06-02 15:32:23,698{GMT}	INFO	[jepsen worker 0] jepsen.util: 0	:ok	:broadcast	31
2025-06-02 15:32:23,845{GMT}	INFO	[jepsen worker 0] jepsen.util: 0	:invoke	:read	nil
2025-06-02 15:32:23,846{GMT}	INFO	[jepsen worker 0] jepsen.util: 0	:ok	:read	["0" "1" "10" "11" "12" "13" "14" "15" "16" "17" "18" "19" "2" "20" "21" "22" "23" "24" "25" "26" "27" "28" "29" "3" "30" "31" "4" "5" "6" "7" "8" "9"]
2025-06-02 15:32:24,030{GMT}	INFO	[jepsen worker 0] jepsen.util: 0	:invoke	:read	nil
2025-06-02 15:32:24,033{GMT}	INFO	[jepsen worker 0] jepsen.util: 0	:ok	:read	["0" "1" "10" "11" "12" "13" "14" "15" "16" "17" "18" "19" "2" "20" "21" "22" "23" "24" "25" "26" "27" "28" "29" "3" "30" "31" "4" "5" "6" "7" "8" "9"]
2025-06-02 15:32:24,170{GMT}	INFO	[jepsen worker 0] jepsen.util: 0	:invoke	:read	nil
2025-06-02 15:32:24,173{GMT}	INFO	[jepsen worker 0] jepsen.util: 0	:ok	:read	["0" "1" "10" "11" "12" "13" "14" "15" "16" "17" "18" "19" "2" "20" "21" "22" "23" "24" "25" "26" "27" "28" "29" "3" "30" "31" "4" "5" "6" "7" "8" "9"]
2025-06-02 15:32:24,337{GMT}	INFO	[jepsen worker 0] jepsen.util: 0	:invoke	:read	nil
2025-06-02 15:32:24,339{GMT}	INFO	[jepsen worker 0] jepsen.util: 0	:ok	:read	["0" "1" "10" "11" "12" "13" "14" "15" "16" "17" "18" "19" "2" "20" "21" "22" "23" "24" "25" "26" "27" "28" "29" "3" "30" "31" "4" "5" "6" "7" "8" "9"]
2025-06-02 15:32:24,448{GMT}	INFO	[jepsen worker 0] jepsen.util: 0	:invoke	:broadcast	32
2025-06-02 15:32:24,451{GMT}	INFO	[jepsen worker 0] jepsen.util: 0	:ok	:broadcast	32
2025-06-02 15:32:24,490{GMT}	INFO	[jepsen worker 0] jepsen.util: 0	:invoke	:broadcast	33
2025-06-02 15:32:24,492{GMT}	INFO	[jepsen worker 0] jepsen.util: 0	:ok	:broadcast	33
2025-06-02 15:32:24,673{GMT}	INFO	[jepsen worker 0] jepsen.util: 0	:invoke	:broadcast	34
2025-06-02 15:32:24,675{GMT}	INFO	[jepsen worker 0] jepsen.util: 0	:ok	:broadcast	34
2025-06-02 15:32:24,683{GMT}	INFO	[jepsen worker 0] jepsen.util: 0	:invoke	:read	nil
2025-06-02 15:32:24,686{GMT}	INFO	[jepsen worker 0] jepsen.util: 0	:ok	:read	["0" "1" "10" "11" "12" "13" "14" "15" "16" "17" "18" "19" "2" "20" "21" "22" "23" "24" "25" "26" "27" "28" "29" "3" "30" "31" "32" "33" "34" "4" "5" "6" "7" "8" "9"]
2025-06-02 15:32:24,869{GMT}	INFO	[jepsen worker 0] jepsen.util: 0	:invoke	:broadcast	35
2025-06-02 15:32:24,871{GMT}	INFO	[jepsen worker 0] jepsen.util: 0	:ok	:broadcast	35
2025-06-02 15:32:24,996{GMT}	INFO	[jepsen worker 0] jepsen.util: 0	:invoke	:broadcast	36
2025-06-02 15:32:24,998{GMT}	INFO	[jepsen worker 0] jepsen.util: 0	:ok	:broadcast	36
2025-06-02 15:32:25,111{GMT}	INFO	[jepsen worker 0] jepsen.util: 0	:invoke	:read	nil
2025-06-02 15:32:25,113{GMT}	INFO	[jepsen worker 0] jepsen.util: 0	:ok	:read	["0" "1" "10" "11" "12" "13" "14" "15" "16" "17" "18" "19" "2" "20" "21" "22" "23" "24" "25" "26" "27" "28" "29" "3" "30" "31" "32" "33" "34" "35" "36" "4" "5" "6" "7" "8" "9"]
2025-06-02 15:32:25,301{GMT}	INFO	[jepsen worker 0] jepsen.util: 0	:invoke	:read	nil
2025-06-02 15:32:25,303{GMT}	INFO	[jepsen worker 0] jepsen.util: 0	:ok	:read	["0" "1" "10" "11" "12" "13" "14" "15" "16" "17" "18" "19" "2" "20" "21" "22" "23" "24" "25" "26" "27" "28" "29" "3" "30" "31" "32" "33" "34" "35" "36" "4" "5" "6" "7" "8" "9"]
2025-06-02 15:32:25,441{GMT}	INFO	[jepsen worker 0] jepsen.util: 0	:invoke	:read	nil
2025-06-02 15:32:25,444{GMT}	INFO	[jepsen worker 0] jepsen.util: 0	:ok	:read	["0" "1" "10" "11" "12" "13" "14" "15" "16" "17" "18" "19" "2" "20" "21" "22" "23" "24" "25" "26" "27" "28" "29" "3" "30" "31" "32" "33" "34" "35" "36" "4" "5" "6" "7" "8" "9"]
2025-06-02 15:32:25,574{GMT}	INFO	[jepsen worker 0] jepsen.util: 0	:invoke	:broadcast	37
2025-06-02 15:32:25,576{GMT}	INFO	[jepsen worker 0] jepsen.util: 0	:ok	:broadcast	37
2025-06-02 15:32:25,616{GMT}	INFO	[jepsen worker 0] jepsen.util: 0	:invoke	:broadcast	38
2025-06-02 15:32:25,618{GMT}	INFO	[jepsen worker 0] jepsen.util: 0	:ok	:broadcast	38
2025-06-02 15:32:25,754{GMT}	INFO	[jepsen worker 0] jepsen.util: 0	:invoke	:read	nil
2025-06-02 15:32:25,756{GMT}	INFO	[jepsen worker 0] jepsen.util: 0	:ok	:read	["0" "1" "10" "11" "12" "13" "14" "15" "16" "17" "18" "19" "2" "20" "21" "22" "23" "24" "25" "26" "27" "28" "29" "3" "30" "31" "32" "33" "34" "35" "36" "37" "38" "4" "5" "6" "7" "8" "9"]
2025-06-02 15:32:25,898{GMT}	INFO	[jepsen worker 0] jepsen.util: 0	:invoke	:read	nil
2025-06-02 15:32:25,901{GMT}	INFO	[jepsen worker 0] jepsen.util: 0	:ok	:read	["0" "1" "10" "11" "12" "13" "14" "15" "16" "17" "18" "19" "2" "20" "21" "22" "23" "24" "25" "26" "27" "28" "29" "3" "30" "31" "32" "33" "34" "35" "36" "37" "38" "4" "5" "6" "7" "8" "9"]
2025-06-02 15:32:25,901{GMT}	INFO	[jepsen worker 0] jepsen.util: 0	:invoke	:broadcast	39
2025-06-02 15:32:25,902{GMT}	INFO	[jepsen worker 0] jepsen.util: 0	:ok	:broadcast	39
2025-06-02 15:32:26,033{GMT}	INFO	[jepsen worker 0] jepsen.util: 0	:invoke	:broadcast	40
2025-06-02 15:32:26,035{GMT}	INFO	[jepsen worker 0] jepsen.util: 0	:ok	:broadcast	40
2025-06-02 15:32:26,134{GMT}	INFO	[jepsen worker 0] jepsen.util: 0	:invoke	:read	nil
2025-06-02 15:32:26,137{GMT}	INFO	[jepsen worker 0] jepsen.util: 0	:ok	:read	["0" "1" "10" "11" "12" "13" "14" "15" "16" "17" "18" "19" "2" "20" "21" "22" "23" "24" "25" "26" "27" "28" "29" "3" "30" "31" "32" "33" "34" "35" "36" "37" "38" "39" "4" "40" "5" "6" "7" "8" "9"]
2025-06-02 15:32:26,244{GMT}	INFO	[jepsen worker 0] jepsen.util: 0	:invoke	:broadcast	41
2025-06-02 15:32:26,246{GMT}	INFO	[jepsen worker 0] jepsen.util: 0	:ok	:broadcast	41
2025-06-02 15:32:26,309{GMT}	INFO	[jepsen worker 0] jepsen.util: 0	:invoke	:broadcast	42
2025-06-02 15:32:26,311{GMT}	INFO	[jepsen worker 0] jepsen.util: 0	:ok	:broadcast	42
2025-06-02 15:32:26,433{GMT}	INFO	[jepsen worker 0] jepsen.util: 0	:invoke	:broadcast	43
2025-06-02 15:32:26,436{GMT}	INFO	[jepsen worker 0] jepsen.util: 0	:ok	:broadcast	43
2025-06-02 15:32:26,636{GMT}	INFO	[jepsen worker 0] jepsen.util: 0	:invoke	:broadcast	44
2025-06-02 15:32:26,639{GMT}	INFO	[jepsen worker 0] jepsen.util: 0	:ok	:broadcast	44
2025-06-02 15:32:26,665{GMT}	INFO	[jepsen worker 0] jepsen.util: 0	:invoke	:read	nil
2025-06-02 15:32:26,668{GMT}	INFO	[jepsen worker 0] jepsen.util: 0	:ok	:read	["0" "1" "10" "11" "12" "13" "14" "15" "16" "17" "18" "19" "2" "20" "21" "22" "23" "24" "25" "26" "27" "28" "29" "3" "30" "31" "32" "33" "34" "35" "36" "37" "38" "39" "4" "40" "41" "42" "43" "44" "5" "6" "7" "8" "9"]
2025-06-02 15:32:26,729{GMT}	INFO	[jepsen worker 0] jepsen.util: 0	:invoke	:broadcast	45
2025-06-02 15:32:26,731{GMT}	INFO	[jepsen worker 0] jepsen.util: 0	:ok	:broadcast	45
2025-06-02 15:32:26,783{GMT}	INFO	[jepsen worker 0] jepsen.util: 0	:invoke	:broadcast	46
2025-06-02 15:32:26,785{GMT}	INFO	[jepsen worker 0] jepsen.util: 0	:ok	:broadcast	46
2025-06-02 15:32:26,978{GMT}	INFO	[jepsen worker 0] jepsen.util: 0	:invoke	:read	nil
2025-06-02 15:32:26,979{GMT}	INFO	[jepsen worker 0] jepsen.util: 0	:ok	:read	["0" "1" "10" "11" "12" "13" "14" "15" "16" "17" "18" "19" "2" "20" "21" "22" "23" "24" "25" "26" "27" "28" "29" "3" "30" "31" "32" "33" "34" "35" "36" "37" "38" "39" "4" "40" "41" "42" "43" "44" "45" "46" "5" "6" "7" "8" "9"]
2025-06-02 15:32:27,151{GMT}	INFO	[jepsen worker 0] jepsen.util: 0	:invoke	:broadcast	47
2025-06-02 15:32:27,152{GMT}	INFO	[jepsen worker 0] jepsen.util: 0	:ok	:broadcast	47
2025-06-02 15:32:27,277{GMT}	INFO	[jepsen worker 0] jepsen.util: 0	:invoke	:read	nil
2025-06-02 15:32:27,278{GMT}	INFO	[jepsen worker 0] jepsen.util: 0	:ok	:read	["0" "1" "10" "11" "12" "13" "14" "15" "16" "17" "18" "19" "2" "20" "21" "22" "23" "24" "25" "26" "27" "28" "29" "3" "30" "31" "32" "33" "34" "35" "36" "37" "38" "39" "4" "40" "41" "42" "43" "44" "45" "46" "47" "5" "6" "7" "8" "9"]
2025-06-02 15:32:27,323{GMT}	INFO	[jepsen worker 0] jepsen.util: 0	:invoke	:read	nil
2025-06-02 15:32:27,324{GMT}	INFO	[jepsen worker 0] jepsen.util: 0	:ok	:read	["0" "1" "10" "11" "12" "13" "14" "15" "16" "17" "18" "19" "2" "20" "21" "22" "23" "24" "25" "26" "27" "28" "29" "3" "30" "31" "32" "33" "34" "35" "36" "37" "38" "39" "4" "40" "41" "42" "43" "44" "45" "46" "47" "5" "6" "7" "8" "9"]
2025-06-02 15:32:27,390{GMT}	INFO	[jepsen worker 0] jepsen.util: 0	:invoke	:read	nil
2025-06-02 15:32:27,391{GMT}	INFO	[jepsen worker 0] jepsen.util: 0	:ok	:read	["0" "1" "10" "11" "12" "13" "14" "15" "16" "17" "18" "19" "2" "20" "21" "22" "23" "24" "25" "26" "27" "28" "29" "3" "30" "31" "32" "33" "34" "35" "36" "37" "38" "39" "4" "40" "41" "42" "43" "44" "45" "46" "47" "5" "6" "7" "8" "9"]
2025-06-02 15:32:27,540{GMT}	INFO	[jepsen worker 0] jepsen.util: 0	:invoke	:broadcast	48
2025-06-02 15:32:27,541{GMT}	INFO	[jepsen worker 0] jepsen.util: 0	:ok	:broadcast	48
2025-06-02 15:32:27,624{GMT}	INFO	[jepsen worker 0] jepsen.util: 0	:invoke	:broadcast	49
2025-06-02 15:32:27,627{GMT}	INFO	[jepsen worker 0] jepsen.util: 0	:ok	:broadcast	49
2025-06-02 15:32:27,655{GMT}	INFO	[jepsen worker 0] jepsen.util: 0	:invoke	:read	nil
2025-06-02 15:32:27,657{GMT}	INFO	[jepsen worker 0] jepsen.util: 0	:ok	:read	["0" "1" "10" "11" "12" "13" "14" "15" "16" "17" "18" "19" "2" "20" "21" "22" "23" "24" "25" "26" "27" "28" "29" "3" "30" "31" "32" "33" "34" "35" "36" "37" "38" "39" "4" "40" "41" "42" "43" "44" "45" "46" "47" "48" "49" "5" "6" "7" "8" "9"]
2025-06-02 15:32:27,814{GMT}	INFO	[jepsen worker 0] jepsen.util: 0	:invoke	:broadcast	50
2025-06-02 15:32:27,816{GMT}	INFO	[jepsen worker 0] jepsen.util: 0	:ok	:broadcast	50
2025-06-02 15:32:27,831{GMT}	INFO	[jepsen worker 0] jepsen.util: 0	:invoke	:broadcast	51
2025-06-02 15:32:27,833{GMT}	INFO	[jepsen worker 0] jepsen.util: 0	:ok	:broadcast	51
2025-06-02 15:32:27,952{GMT}	INFO	[jepsen worker 0] jepsen.util: 0	:invoke	:read	nil
2025-06-02 15:32:27,954{GMT}	INFO	[jepsen worker 0] jepsen.util: 0	:ok	:read	["0" "1" "10" "11" "12" "13" "14" "15" "16" "17" "18" "19" "2" "20" "21" "22" "23" "24" "25" "26" "27" "28" "29" "3" "30" "31" "32" "33" "34" "35" "36" "37" "38" "39" "4" "40" "41" "42" "43" "44" "45" "46" "47" "48" "49" "5" "50" "51" "6" "7" "8" "9"]
2025-06-02 15:32:28,031{GMT}	INFO	[jepsen worker 0] jepsen.util: 0	:invoke	:broadcast	52
2025-06-02 15:32:28,033{GMT}	INFO	[jepsen worker 0] jepsen.util: 0	:ok	:broadcast	52
2025-06-02 15:32:28,148{GMT}	INFO	[jepsen worker 0] jepsen.util: 0	:invoke	:broadcast	53
2025-06-02 15:32:28,151{GMT}	INFO	[jepsen worker 0] jepsen.util: 0	:ok	:broadcast	53
2025-06-02 15:32:28,296{GMT}	INFO	[jepsen worker 0] jepsen.util: 0	:invoke	:broadcast	54
2025-06-02 15:32:28,298{GMT}	INFO	[jepsen worker 0] jepsen.util: 0	:ok	:broadcast	54
2025-06-02 15:32:28,468{GMT}	INFO	[jepsen worker 0] jepsen.util: 0	:invoke	:broadcast	55
2025-06-02 15:32:28,470{GMT}	INFO	[jepsen worker 0] jepsen.util: 0	:ok	:broadcast	55
2025-06-02 15:32:28,541{GMT}	INFO	[jepsen worker 0] jepsen.util: 0	:invoke	:broadcast	56
2025-06-02 15:32:28,543{GMT}	INFO	[jepsen worker 0] jepsen.util: 0	:ok	:broadcast	56
2025-06-02 15:32:28,587{GMT}	INFO	[jepsen worker 0] jepsen.util: 0	:invoke	:read	nil
2025-06-02 15:32:28,589{GMT}	INFO	[jepsen worker 0] jepsen.util: 0	:ok	:read	["0" "1" "10" "11" "12" "13" "14" "15" "16" "17" "18" "19" "2" "20" "21" "22" "23" "24" "25" "26" "27" "28" "29" "3" "30" "31" "32" "33" "34" "35" "36" "37" "38" "39" "4" "40" "41" "42" "43" "44" "45" "46" "47" "48" "49" "5" "50" "51" "52" "53" "54" "55" "56" "6" "7" "8" "9"]
2025-06-02 15:32:28,783{GMT}	INFO	[jepsen worker 0] jepsen.util: 0	:invoke	:broadcast	57
2025-06-02 15:32:28,786{GMT}	INFO	[jepsen worker 0] jepsen.util: 0	:ok	:broadcast	57
2025-06-02 15:32:28,848{GMT}	INFO	[jepsen worker 0] jepsen.util: 0	:invoke	:read	nil
2025-06-02 15:32:28,849{GMT}	INFO	[jepsen worker 0] jepsen.util: 0	:ok	:read	["0" "1" "10" "11" "12" "13" "14" "15" "16" "17" "18" "19" "2" "20" "21" "22" "23" "24" "25" "26" "27" "28" "29" "3" "30" "31" "32" "33" "34" "35" "36" "37" "38" "39" "4" "40" "41" "42" "43" "44" "45" "46" "47" "48" "49" "5" "50" "51" "52" "53" "54" "55" "56" "57" "6" "7" "8" "9"]
2025-06-02 15:32:28,880{GMT}	INFO	[jepsen worker 0] jepsen.util: 0	:invoke	:read	nil
2025-06-02 15:32:28,881{GMT}	INFO	[jepsen worker 0] jepsen.util: 0	:ok	:read	["0" "1" "10" "11" "12" "13" "14" "15" "16" "17" "18" "19" "2" "20" "21" "22" "23" "24" "25" "26" "27" "28" "29" "3" "30" "31" "32" "33" "34" "35" "36" "37" "38" "39" "4" "40" "41" "42" "43" "44" "45" "46" "47" "48" "49" "5" "50" "51" "52" "53" "54" "55" "56" "57" "6" "7" "8" "9"]
2025-06-02 15:32:28,897{GMT}	INFO	[jepsen worker 0] jepsen.util: 0	:invoke	:read	nil
2025-06-02 15:32:28,898{GMT}	INFO	[jepsen worker 0] jepsen.util: 0	:ok	:read	["0" "1" "10" "11" "12" "13" "14" "15" "16" "17" "18" "19" "2" "20" "21" "22" "23" "24" "25" "26" "27" "28" "29" "3" "30" "31" "32" "33" "34" "35" "36" "37" "38" "39" "4" "40" "41" "42" "43" "44" "45" "46" "47" "48" "49" "5" "50" "51" "52" "53" "54" "55" "56" "57" "6" "7" "8" "9"]
2025-06-02 15:32:29,031{GMT}	INFO	[jepsen worker 0] jepsen.util: 0	:invoke	:read	nil
2025-06-02 15:32:29,032{GMT}	INFO	[jepsen worker 0] jepsen.util: 0	:ok	:read	["0" "1" "10" "11" "12" "13" "14" "15" "16" "17" "18" "19" "2" "20" "21" "22" "23" "24" "25" "26" "27" "28" "29" "3" "30" "31" "32" "33" "34" "35" "36" "37" "38" "39" "4" "40" "41" "42" "43" "44" "45" "46" "47" "48" "49" "5" "50" "51" "52" "53" "54" "55" "56" "57" "6" "7" "8" "9"]
2025-06-02 15:32:29,181{GMT}	INFO	[jepsen worker 0] jepsen.util: 0	:invoke	:broadcast	58
2025-06-02 15:32:29,183{GMT}	INFO	[jepsen worker 0] jepsen.util: 0	:ok	:broadcast	58
2025-06-02 15:32:29,252{GMT}	INFO	[jepsen worker 0] jepsen.util: 0	:invoke	:broadcast	59
2025-06-02 15:32:29,255{GMT}	INFO	[jepsen worker 0] jepsen.util: 0	:ok	:broadcast	59
2025-06-02 15:32:29,338{GMT}	INFO	[jepsen worker 0] jepsen.util: 0	:invoke	:read	nil
2025-06-02 15:32:29,340{GMT}	INFO	[jepsen worker 0] jepsen.util: 0	:ok	:read	["0" "1" "10" "11" "12" "13" "14" "15" "16" "17" "18" "19" "2" "20" "21" "22" "23" "24" "25" "26" "27" "28" "29" "3" "30" "31" "32" "33" "34" "35" "36" "37" "38" "39" "4" "40" "41" "42" "43" "44" "45" "46" "47" "48" "49" "5" "50" "51" "52" "53" "54" "55" "56" "57" "58" "59" "6" "7" "8" "9"]
2025-06-02 15:32:29,425{GMT}	INFO	[jepsen worker 0] jepsen.util: 0	:invoke	:read	nil
2025-06-02 15:32:29,428{GMT}	INFO	[jepsen worker 0] jepsen.util: 0	:ok	:read	["0" "1" "10" "11" "12" "13" "14" "15" "16" "17" "18" "19" "2" "20" "21" "22" "23" "24" "25" "26" "27" "28" "29" "3" "30" "31" "32" "33" "34" "35" "36" "37" "38" "39" "4" "40" "41" "42" "43" "44" "45" "46" "47" "48" "49" "5" "50" "51" "52" "53" "54" "55" "56" "57" "58" "59" "6" "7" "8" "9"]
2025-06-02 15:32:29,506{GMT}	INFO	[jepsen worker 0] jepsen.util: 0	:invoke	:read	nil
2025-06-02 15:32:29,508{GMT}	INFO	[jepsen worker 0] jepsen.util: 0	:ok	:read	["0" "1" "10" "11" "12" "13" "14" "15" "16" "17" "18" "19" "2" "20" "21" "22" "23" "24" "25" "26" "27" "28" "29" "3" "30" "31" "32" "33" "34" "35" "36" "37" "38" "39" "4" "40" "41" "42" "43" "44" "45" "46" "47" "48" "49" "5" "50" "51" "52" "53" "54" "55" "56" "57" "58" "59" "6" "7" "8" "9"]
2025-06-02 15:32:29,657{GMT}	INFO	[jepsen worker 0] jepsen.util: 0	:invoke	:broadcast	60
2025-06-02 15:32:29,658{GMT}	INFO	[jepsen worker 0] jepsen.util: 0	:ok	:broadcast	60
2025-06-02 15:32:29,707{GMT}	INFO	[jepsen worker 0] jepsen.util: 0	:invoke	:broadcast	61
2025-06-02 15:32:29,708{GMT}	INFO	[jepsen worker 0] jepsen.util: 0	:ok	:broadcast	61
2025-06-02 15:32:29,862{GMT}	INFO	[jepsen worker 0] jepsen.util: 0	:invoke	:read	nil
2025-06-02 15:32:29,865{GMT}	INFO	[jepsen worker 0] jepsen.util: 0	:ok	:read	["0" "1" "10" "11" "12" "13" "14" "15" "16" "17" "18" "19" "2" "20" "21" "22" "23" "24" "25" "26" "27" "28" "29" "3" "30" "31" "32" "33" "34" "35" "36" "37" "38" "39" "4" "40" "41" "42" "43" "44" "45" "46" "47" "48" "49" "5" "50" "51" "52" "53" "54" "55" "56" "57" "58" "59" "6" "60" "61" "7" "8" "9"]
2025-06-02 15:32:29,875{GMT}	INFO	[jepsen worker 0] jepsen.util: 0	:invoke	:broadcast	62
2025-06-02 15:32:29,877{GMT}	INFO	[jepsen worker 0] jepsen.util: 0	:ok	:broadcast	62
2025-06-02 15:32:29,993{GMT}	INFO	[jepsen worker 0] jepsen.util: 0	:invoke	:broadcast	63
2025-06-02 15:32:29,995{GMT}	INFO	[jepsen worker 0] jepsen.util: 0	:ok	:broadcast	63
2025-06-02 15:32:30,167{GMT}	INFO	[jepsen worker 0] jepsen.util: 0	:invoke	:read	nil
2025-06-02 15:32:30,169{GMT}	INFO	[jepsen worker 0] jepsen.util: 0	:ok	:read	["0" "1" "10" "11" "12" "13" "14" "15" "16" "17" "18" "19" "2" "20" "21" "22" "23" "24" "25" "26" "27" "28" "29" "3" "30" "31" "32" "33" "34" "35" "36" "37" "38" "39" "4" "40" "41" "42" "43" "44" "45" "46" "47" "48" "49" "5" "50" "51" "52" "53" "54" "55" "56" "57" "58" "59" "6" "60" "61" "62" "63" "7" "8" "9"]
2025-06-02 15:32:30,228{GMT}	INFO	[jepsen worker 0] jepsen.util: 0	:invoke	:read	nil
2025-06-02 15:32:30,230{GMT}	INFO	[jepsen worker 0] jepsen.util: 0	:ok	:read	["0" "1" "10" "11" "12" "13" "14" "15" "16" "17" "18" "19" "2" "20" "21" "22" "23" "24" "25" "26" "27" "28" "29" "3" "30" "31" "32" "33" "34" "35" "36" "37" "38" "39" "4" "40" "41" "42" "43" "44" "45" "46" "47" "48" "49" "5" "50" "51" "52" "53" "54" "55" "56" "57" "58" "59" "6" "60" "61" "62" "63" "7" "8" "9"]
2025-06-02 15:32:30,270{GMT}	INFO	[jepsen worker 0] jepsen.util: 0	:invoke	:read	nil
2025-06-02 15:32:30,272{GMT}	INFO	[jepsen worker 0] jepsen.util: 0	:ok	:read	["0" "1" "10" "11" "12" "13" "14" "15" "16" "17" "18" "19" "2" "20" "21" "22" "23" "24" "25" "26" "27" "28" "29" "3" "30" "31" "32" "33" "34" "35" "36" "37" "38" "39" "4" "40" "41" "42" "43" "44" "45" "46" "47" "48" "49" "5" "50" "51" "52" "53" "54" "55" "56" "57" "58" "59" "6" "60" "61" "62" "63" "7" "8" "9"]
2025-06-02 15:32:30,431{GMT}	INFO	[jepsen worker 0] jepsen.util: 0	:invoke	:read	nil
2025-06-02 15:32:30,434{GMT}	INFO	[jepsen worker 0] jepsen.util: 0	:ok	:read	["0" "1" "10" "11" "12" "13" "14" "15" "16" "17" "18" "19" "2" "20" "21" "22" "23" "24" "25" "26" "27" "28" "29" "3" "30" "31" "32" "33" "34" "35" "36" "37" "38" "39" "4" "40" "41" "42" "43" "44" "45" "46" "47" "48" "49" "5" "50" "51" "52" "53" "54" "55" "56" "57" "58" "59" "6" "60" "61" "62" "63" "7" "8" "9"]
2025-06-02 15:32:30,601{GMT}	INFO	[jepsen worker 0] jepsen.util: 0	:invoke	:broadcast	64
2025-06-02 15:32:30,602{GMT}	INFO	[jepsen worker 0] jepsen.util: 0	:ok	:broadcast	64
2025-06-02 15:32:30,631{GMT}	INFO	[jepsen worker 0] jepsen.util: 0	:invoke	:broadcast	65
2025-06-02 15:32:30,632{GMT}	INFO	[jepsen worker 0] jepsen.util: 0	:ok	:broadcast	65
2025-06-02 15:32:30,707{GMT}	INFO	[jepsen worker 0] jepsen.util: 0	:invoke	:broadcast	66
2025-06-02 15:32:30,708{GMT}	INFO	[jepsen worker 0] jepsen.util: 0	:ok	:broadcast	66
2025-06-02 15:32:30,789{GMT}	INFO	[jepsen worker 0] jepsen.util: 0	:invoke	:read	nil
2025-06-02 15:32:30,792{GMT}	INFO	[jepsen worker 0] jepsen.util: 0	:ok	:read	["0" "1" "10" "11" "12" "13" "14" "15" "16" "17" "18" "19" "2" "20" "21" "22" "23" "24" "25" "26" "27" "28" "29" "3" "30" "31" "32" "33" "34" "35" "36" "37" "38" "39" "4" "40" "41" "42" "43" "44" "45" "46" "47" "48" "49" "5" "50" "51" "52" "53" "54" "55" "56" "57" "58" "59" "6" "60" "61" "62" "63" "64" "65" "66" "7" "8" "9"]
2025-06-02 15:32:30,970{GMT}	INFO	[jepsen worker 0] jepsen.util: 0	:invoke	:broadcast	67
2025-06-02 15:32:30,972{GMT}	INFO	[jepsen worker 0] jepsen.util: 0	:ok	:broadcast	67
2025-06-02 15:32:31,095{GMT}	INFO	[jepsen worker 0] jepsen.util: 0	:invoke	:read	nil
2025-06-02 15:32:31,098{GMT}	INFO	[jepsen worker 0] jepsen.util: 0	:ok	:read	["0" "1" "10" "11" "12" "13" "14" "15" "16" "17" "18" "19" "2" "20" "21" "22" "23" "24" "25" "26" "27" "28" "29" "3" "30" "31" "32" "33" "34" "35" "36" "37" "38" "39" "4" "40" "41" "42" "43" "44" "45" "46" "47" "48" "49" "5" "50" "51" "52" "53" "54" "55" "56" "57" "58" "59" "6" "60" "61" "62" "63" "64" "65" "66" "67" "7" "8" "9"]
2025-06-02 15:32:31,202{GMT}	INFO	[jepsen worker 0] jepsen.util: 0	:invoke	:read	nil
2025-06-02 15:32:31,205{GMT}	INFO	[jepsen worker 0] jepsen.util: 0	:ok	:read	["0" "1" "10" "11" "12" "13" "14" "15" "16" "17" "18" "19" "2" "20" "21" "22" "23" "24" "25" "26" "27" "28" "29" "3" "30" "31" "32" "33" "34" "35" "36" "37" "38" "39" "4" "40" "41" "42" "43" "44" "45" "46" "47" "48" "49" "5" "50" "51" "52" "53" "54" "55" "56" "57" "58" "59" "6" "60" "61" "62" "63" "64" "65" "66" "67" "7" "8" "9"]
2025-06-02 15:32:31,212{GMT}	INFO	[jepsen worker 0] jepsen.util: 0	:invoke	:broadcast	68
2025-06-02 15:32:31,213{GMT}	INFO	[jepsen worker 0] jepsen.util: 0	:ok	:broadcast	68
2025-06-02 15:32:31,388{GMT}	INFO	[jepsen worker 0] jepsen.util: 0	:invoke	:read	nil
2025-06-02 15:32:31,390{GMT}	INFO	[jepsen worker 0] jepsen.util: 0	:ok	:read	["0" "1" "10" "11" "12" "13" "14" "15" "16" "17" "18" "19" "2" "20" "21" "22" "23" "24" "25" "26" "27" "28" "29" "3" "30" "31" "32" "33" "34" "35" "36" "37" "38" "39" "4" "40" "41" "42" "43" "44" "45" "46" "47" "48" "49" "5" "50" "51" "52" "53" "54" "55" "56" "57" "58" "59" "6" "60" "61" "62" "63" "64" "65" "66" "67" "68" "7" "8" "9"]
2025-06-02 15:32:31,410{GMT}	INFO	[jepsen worker 0] jepsen.util: 0	:invoke	:broadcast	69
2025-06-02 15:32:31,412{GMT}	INFO	[jepsen worker 0] jepsen.util: 0	:ok	:broadcast	69
2025-06-02 15:32:31,448{GMT}	INFO	[jepsen worker 0] jepsen.util: 0	:invoke	:read	nil
2025-06-02 15:32:31,450{GMT}	INFO	[jepsen worker 0] jepsen.util: 0	:ok	:read	["0" "1" "10" "11" "12" "13" "14" "15" "16" "17" "18" "19" "2" "20" "21" "22" "23" "24" "25" "26" "27" "28" "29" "3" "30" "31" "32" "33" "34" "35" "36" "37" "38" "39" "4" "40" "41" "42" "43" "44" "45" "46" "47" "48" "49" "5" "50" "51" "52" "53" "54" "55" "56" "57" "58" "59" "6" "60" "61" "62" "63" "64" "65" "66" "67" "68" "69" "7" "8" "9"]
2025-06-02 15:32:31,518{GMT}	INFO	[jepsen worker 0] jepsen.util: 0	:invoke	:broadcast	70
2025-06-02 15:32:31,519{GMT}	INFO	[jepsen worker 0] jepsen.util: 0	:ok	:broadcast	70
2025-06-02 15:32:31,673{GMT}	INFO	[jepsen worker 0] jepsen.util: 0	:invoke	:read	nil
2025-06-02 15:32:31,676{GMT}	INFO	[jepsen worker 0] jepsen.util: 0	:ok	:read	["0" "1" "10" "11" "12" "13" "14" "15" "16" "17" "18" "19" "2" "20" "21" "22" "23" "24" "25" "26" "27" "28" "29" "3" "30" "31" "32" "33" "34" "35" "36" "37" "38" "39" "4" "40" "41" "42" "43" "44" "45" "46" "47" "48" "49" "5" "50" "51" "52" "53" "54" "55" "56" "57" "58" "59" "6" "60" "61" "62" "63" "64" "65" "66" "67" "68" "69" "7" "70" "8" "9"]
2025-06-02 15:32:31,721{GMT}	INFO	[jepsen worker 0] jepsen.util: 0	:invoke	:broadcast	71
2025-06-02 15:32:31,723{GMT}	INFO	[jepsen worker 0] jepsen.util: 0	:ok	:broadcast	71
2025-06-02 15:32:31,771{GMT}	INFO	[jepsen worker 0] jepsen.util: 0	:invoke	:read	nil
2025-06-02 15:32:31,774{GMT}	INFO	[jepsen worker 0] jepsen.util: 0	:ok	:read	["0" "1" "10" "11" "12" "13" "14" "15" "16" "17" "18" "19" "2" "20" "21" "22" "23" "24" "25" "26" "27" "28" "29" "3" "30" "31" "32" "33" "34" "35" "36" "37" "38" "39" "4" "40" "41" "42" "43" "44" "45" "46" "47" "48" "49" "5" "50" "51" "52" "53" "54" "55" "56" "57" "58" "59" "6" "60" "61" "62" "63" "64" "65" "66" "67" "68" "69" "7" "70" "71" "8" "9"]
2025-06-02 15:32:31,817{GMT}	INFO	[jepsen worker 0] jepsen.util: 0	:invoke	:read	nil
2025-06-02 15:32:31,819{GMT}	INFO	[jepsen worker 0] jepsen.util: 0	:ok	:read	["0" "1" "10" "11" "12" "13" "14" "15" "16" "17" "18" "19" "2" "20" "21" "22" "23" "24" "25" "26" "27" "28" "29" "3" "30" "31" "32" "33" "34" "35" "36" "37" "38" "39" "4" "40" "41" "42" "43" "44" "45" "46" "47" "48" "49" "5" "50" "51" "52" "53" "54" "55" "56" "57" "58" "59" "6" "60" "61" "62" "63" "64" "65" "66" "67" "68" "69" "7" "70" "71" "8" "9"]
2025-06-02 15:32:31,895{GMT}	INFO	[jepsen worker 0] jepsen.util: 0	:invoke	:broadcast	72
2025-06-02 15:32:31,897{GMT}	INFO	[jepsen worker 0] jepsen.util: 0	:ok	:broadcast	72
2025-06-02 15:32:31,963{GMT}	INFO	[jepsen worker 0] jepsen.util: 0	:invoke	:broadcast	73
2025-06-02 15:32:31,965{GMT}	INFO	[jepsen worker 0] jepsen.util: 0	:ok	:broadcast	73
2025-06-02 15:32:31,996{GMT}	INFO	[jepsen worker 0] jepsen.util: 0	:invoke	:read	nil
2025-06-02 15:32:31,998{GMT}	INFO	[jepsen worker 0] jepsen.util: 0	:ok	:read	["0" "1" "10" "11" "12" "13" "14" "15" "16" "17" "18" "19" "2" "20" "21" "22" "23" "24" "25" "26" "27" "28" "29" "3" "30" "31" "32" "33" "34" "35" "36" "37" "38" "39" "4" "40" "41" "42" "43" "44" "45" "46" "47" "48" "49" "5" "50" "51" "52" "53" "54" "55" "56" "57" "58" "59" "6" "60" "61" "62" "63" "64" "65" "66" "67" "68" "69" "7" "70" "71" "72" "73" "8" "9"]
2025-06-02 15:32:32,044{GMT}	INFO	[jepsen worker 0] jepsen.util: 0	:invoke	:read	nil
2025-06-02 15:32:32,047{GMT}	INFO	[jepsen worker 0] jepsen.util: 0	:ok	:read	["0" "1" "10" "11" "12" "13" "14" "15" "16" "17" "18" "19" "2" "20" "21" "22" "23" "24" "25" "26" "27" "28" "29" "3" "30" "31" "32" "33" "34" "35" "36" "37" "38" "39" "4" "40" "41" "42" "43" "44" "45" "46" "47" "48" "49" "5" "50" "51" "52" "53" "54" "55" "56" "57" "58" "59" "6" "60" "61" "62" "63" "64" "65" "66" "67" "68" "69" "7" "70" "71" "72" "73" "8" "9"]
2025-06-02 15:32:32,107{GMT}	INFO	[jepsen worker 0] jepsen.util: 0	:invoke	:read	nil
2025-06-02 15:32:32,110{GMT}	INFO	[jepsen worker 0] jepsen.util: 0	:ok	:read	["0" "1" "10" "11" "12" "13" "14" "15" "16" "17" "18" "19" "2" "20" "21" "22" "23" "24" "25" "26" "27" "28" "29" "3" "30" "31" "32" "33" "34" "35" "36" "37" "38" "39" "4" "40" "41" "42" "43" "44" "45" "46" "47" "48" "49" "5" "50" "51" "52" "53" "54" "55" "56" "57" "58" "59" "6" "60" "61" "62" "63" "64" "65" "66" "67" "68" "69" "7" "70" "71" "72" "73" "8" "9"]
2025-06-02 15:32:32,175{GMT}	INFO	[jepsen worker 0] jepsen.util: 0	:invoke	:read	nil
2025-06-02 15:32:32,177{GMT}	INFO	[jepsen worker 0] jepsen.util: 0	:ok	:read	["0" "1" "10" "11" "12" "13" "14" "15" "16" "17" "18" "19" "2" "20" "21" "22" "23" "24" "25" "26" "27" "28" "29" "3" "30" "31" "32" "33" "34" "35" "36" "37" "38" "39" "4" "40" "41" "42" "43" "44" "45" "46" "47" "48" "49" "5" "50" "51" "52" "53" "54" "55" "56" "57" "58" "59" "6" "60" "61" "62" "63" "64" "65" "66" "67" "68" "69" "7" "70" "71" "72" "73" "8" "9"]
2025-06-02 15:32:32,320{GMT}	INFO	[jepsen worker 0] jepsen.util: 0	:invoke	:broadcast	74
2025-06-02 15:32:32,322{GMT}	INFO	[jepsen worker 0] jepsen.util: 0	:ok	:broadcast	74
2025-06-02 15:32:32,476{GMT}	INFO	[jepsen worker 0] jepsen.util: 0	:invoke	:read	nil
2025-06-02 15:32:32,477{GMT}	INFO	[jepsen worker 0] jepsen.util: 0	:ok	:read	["0" "1" "10" "11" "12" "13" "14" "15" "16" "17" "18" "19" "2" "20" "21" "22" "23" "24" "25" "26" "27" "28" "29" "3" "30" "31" "32" "33" "34" "35" "36" "37" "38" "39" "4" "40" "41" "42" "43" "44" "45" "46" "47" "48" "49" "5" "50" "51" "52" "53" "54" "55" "56" "57" "58" "59" "6" "60" "61" "62" "63" "64" "65" "66" "67" "68" "69" "7" "70" "71" "72" "73" "74" "8" "9"]
2025-06-02 15:32:32,647{GMT}	INFO	[jepsen worker 0] jepsen.util: 0	:invoke	:broadcast	75
2025-06-02 15:32:32,649{GMT}	INFO	[jepsen worker 0] jepsen.util: 0	:ok	:broadcast	75
2025-06-02 15:32:32,825{GMT}	INFO	[jepsen worker 0] jepsen.util: 0	:invoke	:read	nil
2025-06-02 15:32:32,827{GMT}	INFO	[jepsen worker 0] jepsen.util: 0	:ok	:read	["0" "1" "10" "11" "12" "13" "14" "15" "16" "17" "18" "19" "2" "20" "21" "22" "23" "24" "25" "26" "27" "28" "29" "3" "30" "31" "32" "33" "34" "35" "36" "37" "38" "39" "4" "40" "41" "42" "43" "44" "45" "46" "47" "48" "49" "5" "50" "51" "52" "53" "54" "55" "56" "57" "58" "59" "6" "60" "61" "62" "63" "64" "65" "66" "67" "68" "69" "7" "70" "71" "72" "73" "74" "75" "8" "9"]
2025-06-02 15:32:32,974{GMT}	INFO	[jepsen worker 0] jepsen.util: 0	:invoke	:read	nil
2025-06-02 15:32:32,975{GMT}	INFO	[jepsen worker 0] jepsen.util: 0	:ok	:read	["0" "1" "10" "11" "12" "13" "14" "15" "16" "17" "18" "19" "2" "20" "21" "22" "23" "24" "25" "26" "27" "28" "29" "3" "30" "31" "32" "33" "34" "35" "36" "37" "38" "39" "4" "40" "41" "42" "43" "44" "45" "46" "47" "48" "49" "5" "50" "51" "52" "53" "54" "55" "56" "57" "58" "59" "6" "60" "61" "62" "63" "64" "65" "66" "67" "68" "69" "7" "70" "71" "72" "73" "74" "75" "8" "9"]
2025-06-02 15:32:33,072{GMT}	INFO	[jepsen worker 0] jepsen.util: 0	:invoke	:read	nil
2025-06-02 15:32:33,074{GMT}	INFO	[jepsen worker 0] jepsen.util: 0	:ok	:read	["0" "1" "10" "11" "12" "13" "14" "15" "16" "17" "18" "19" "2" "20" "21" "22" "23" "24" "25" "26" "27" "28" "29" "3" "30" "31" "32" "33" "34" "35" "36" "37" "38" "39" "4" "40" "41" "42" "43" "44" "45" "46" "47" "48" "49" "5" "50" "51" "52" "53" "54" "55" "56" "57" "58" "59" "6" "60" "61" "62" "63" "64" "65" "66" "67" "68" "69" "7" "70" "71" "72" "73" "74" "75" "8" "9"]
2025-06-02 15:32:33,215{GMT}	INFO	[jepsen worker 0] jepsen.util: 0	:invoke	:broadcast	76
2025-06-02 15:32:33,217{GMT}	INFO	[jepsen worker 0] jepsen.util: 0	:ok	:broadcast	76
2025-06-02 15:32:33,285{GMT}	INFO	[jepsen worker 0] jepsen.util: 0	:invoke	:read	nil
2025-06-02 15:32:33,288{GMT}	INFO	[jepsen worker 0] jepsen.util: 0	:ok	:read	["0" "1" "10" "11" "12" "13" "14" "15" "16" "17" "18" "19" "2" "20" "21" "22" "23" "24" "25" "26" "27" "28" "29" "3" "30" "31" "32" "33" "34" "35" "36" "37" "38" "39" "4" "40" "41" "42" "43" "44" "45" "46" "47" "48" "49" "5" "50" "51" "52" "53" "54" "55" "56" "57" "58" "59" "6" "60" "61" "62" "63" "64" "65" "66" "67" "68" "69" "7" "70" "71" "72" "73" "74" "75" "76" "8" "9"]
2025-06-02 15:32:33,291{GMT}	INFO	[jepsen worker 0] jepsen.util: 0	:invoke	:read	nil
2025-06-02 15:32:33,294{GMT}	INFO	[jepsen worker 0] jepsen.util: 0	:ok	:read	["0" "1" "10" "11" "12" "13" "14" "15" "16" "17" "18" "19" "2" "20" "21" "22" "23" "24" "25" "26" "27" "28" "29" "3" "30" "31" "32" "33" "34" "35" "36" "37" "38" "39" "4" "40" "41" "42" "43" "44" "45" "46" "47" "48" "49" "5" "50" "51" "52" "53" "54" "55" "56" "57" "58" "59" "6" "60" "61" "62" "63" "64" "65" "66" "67" "68" "69" "7" "70" "71" "72" "73" "74" "75" "76" "8" "9"]
2025-06-02 15:32:33,482{GMT}	INFO	[jepsen worker 0] jepsen.util: 0	:invoke	:broadcast	77
2025-06-02 15:32:33,484{GMT}	INFO	[jepsen worker 0] jepsen.util: 0	:ok	:broadcast	77
2025-06-02 15:32:33,504{GMT}	INFO	[jepsen worker 0] jepsen.util: 0	:invoke	:read	nil
2025-06-02 15:32:33,508{GMT}	INFO	[jepsen worker 0] jepsen.util: 0	:ok	:read	["0" "1" "10" "11" "12" "13" "14" "15" "16" "17" "18" "19" "2" "20" "21" "22" "23" "24" "25" "26" "27" "28" "29" "3" "30" "31" "32" "33" "34" "35" "36" "37" "38" "39" "4" "40" "41" "42" "43" "44" "45" "46" "47" "48" "49" "5" "50" "51" "52" "53" "54" "55" "56" "57" "58" "59" "6" "60" "61" "62" "63" "64" "65" "66" "67" "68" "69" "7" "70" "71" "72" "73" "74" "75" "76" "77" "8" "9"]
2025-06-02 15:32:33,543{GMT}	INFO	[jepsen worker 0] jepsen.util: 0	:invoke	:read	nil
2025-06-02 15:32:33,546{GMT}	INFO	[jepsen worker 0] jepsen.util: 0	:ok	:read	["0" "1" "10" "11" "12" "13" "14" "15" "16" "17" "18" "19" "2" "20" "21" "22" "23" "24" "25" "26" "27" "28" "29" "3" "30" "31" "32" "33" "34" "35" "36" "37" "38" "39" "4" "40" "41" "42" "43" "44" "45" "46" "47" "48" "49" "5" "50" "51" "52" "53" "54" "55" "56" "57" "58" "59" "6" "60" "61" "62" "63" "64" "65" "66" "67" "68" "69" "7" "70" "71" "72" "73" "74" "75" "76" "77" "8" "9"]
2025-06-02 15:32:33,732{GMT}	INFO	[jepsen worker 0] jepsen.util: 0	:invoke	:broadcast	78
2025-06-02 15:32:33,733{GMT}	INFO	[jepsen worker 0] jepsen.util: 0	:ok	:broadcast	78
2025-06-02 15:32:33,868{GMT}	INFO	[jepsen worker 0] jepsen.util: 0	:invoke	:read	nil
2025-06-02 15:32:33,869{GMT}	INFO	[jepsen worker 0] jepsen.util: 0	:ok	:read	["0" "1" "10" "11" "12" "13" "14" "15" "16" "17" "18" "19" "2" "20" "21" "22" "23" "24" "25" "26" "27" "28" "29" "3" "30" "31" "32" "33" "34" "35" "36" "37" "38" "39" "4" "40" "41" "42" "43" "44" "45" "46" "47" "48" "49" "5" "50" "51" "52" "53" "54" "55" "56" "57" "58" "59" "6" "60" "61" "62" "63" "64" "65" "66" "67" "68" "69" "7" "70" "71" "72" "73" "74" "75" "76" "77" "78" "8" "9"]
2025-06-02 15:32:33,953{GMT}	INFO	[jepsen worker 0] jepsen.util: 0	:invoke	:read	nil
2025-06-02 15:32:33,955{GMT}	INFO	[jepsen worker 0] jepsen.util: 0	:ok	:read	["0" "1" "10" "11" "12" "13" "14" "15" "16" "17" "18" "19" "2" "20" "21" "22" "23" "24" "25" "26" "27" "28" "29" "3" "30" "31" "32" "33" "34" "35" "36" "37" "38" "39" "4" "40" "41" "42" "43" "44" "45" "46" "47" "48" "49" "5" "50" "51" "52" "53" "54" "55" "56" "57" "58" "59" "6" "60" "61" "62" "63" "64" "65" "66" "67" "68" "69" "7" "70" "71" "72" "73" "74" "75" "76" "77" "78" "8" "9"]
2025-06-02 15:32:33,959{GMT}	INFO	[jepsen worker 0] jepsen.util: 0	:invoke	:broadcast	79
2025-06-02 15:32:33,960{GMT}	INFO	[jepsen worker 0] jepsen.util: 0	:ok	:broadcast	79
2025-06-02 15:32:34,136{GMT}	INFO	[jepsen worker 0] jepsen.util: 0	:invoke	:broadcast	80
2025-06-02 15:32:34,138{GMT}	INFO	[jepsen worker 0] jepsen.util: 0	:ok	:broadcast	80
2025-06-02 15:32:34,207{GMT}	INFO	[jepsen worker 0] jepsen.util: 0	:invoke	:broadcast	81
2025-06-02 15:32:34,209{GMT}	INFO	[jepsen worker 0] jepsen.util: 0	:ok	:broadcast	81
2025-06-02 15:32:34,235{GMT}	INFO	[jepsen worker 0] jepsen.util: 0	:invoke	:read	nil
2025-06-02 15:32:34,237{GMT}	INFO	[jepsen worker 0] jepsen.util: 0	:ok	:read	["0" "1" "10" "11" "12" "13" "14" "15" "16" "17" "18" "19" "2" "20" "21" "22" "23" "24" "25" "26" "27" "28" "29" "3" "30" "31" "32" "33" "34" "35" "36" "37" "38" "39" "4" "40" "41" "42" "43" "44" "45" "46" "47" "48" "49" "5" "50" "51" "52" "53" "54" "55" "56" "57" "58" "59" "6" "60" "61" "62" "63" "64" "65" "66" "67" "68" "69" "7" "70" "71" "72" "73" "74" "75" "76" "77" "78" "79" "8" "80" "81" "9"]
2025-06-02 15:32:34,354{GMT}	INFO	[jepsen worker 0] jepsen.util: 0	:invoke	:broadcast	82
2025-06-02 15:32:34,356{GMT}	INFO	[jepsen worker 0] jepsen.util: 0	:ok	:broadcast	82
2025-06-02 15:32:34,414{GMT}	INFO	[jepsen worker 0] jepsen.util: 0	:invoke	:read	nil
2025-06-02 15:32:34,416{GMT}	INFO	[jepsen worker 0] jepsen.util: 0	:ok	:read	["0" "1" "10" "11" "12" "13" "14" "15" "16" "17" "18" "19" "2" "20" "21" "22" "23" "24" "25" "26" "27" "28" "29" "3" "30" "31" "32" "33" "34" "35" "36" "37" "38" "39" "4" "40" "41" "42" "43" "44" "45" "46" "47" "48" "49" "5" "50" "51" "52" "53" "54" "55" "56" "57" "58" "59" "6" "60" "61" "62" "63" "64" "65" "66" "67" "68" "69" "7" "70" "71" "72" "73" "74" "75" "76" "77" "78" "79" "8" "80" "81" "82" "9"]
2025-06-02 15:32:34,555{GMT}	INFO	[jepsen worker 0] jepsen.util: 0	:invoke	:read	nil
2025-06-02 15:32:34,557{GMT}	INFO	[jepsen worker 0] jepsen.util: 0	:ok	:read	["0" "1" "10" "11" "12" "13" "14" "15" "16" "17" "18" "19" "2" "20" "21" "22" "23" "24" "25" "26" "27" "28" "29" "3" "30" "31" "32" "33" "34" "35" "36" "37" "38" "39" "4" "40" "41" "42" "43" "44" "45" "46" "47" "48" "49" "5" "50" "51" "52" "53" "54" "55" "56" "57" "58" "59" "6" "60" "61" "62" "63" "64" "65" "66" "67" "68" "69" "7" "70" "71" "72" "73" "74" "75" "76" "77" "78" "79" "8" "80" "81" "82" "9"]
2025-06-02 15:32:34,744{GMT}	INFO	[jepsen worker 0] jepsen.util: 0	:invoke	:broadcast	83
2025-06-02 15:32:34,747{GMT}	INFO	[jepsen worker 0] jepsen.util: 0	:ok	:broadcast	83
2025-06-02 15:32:34,867{GMT}	INFO	[jepsen worker 0] jepsen.util: 0	:invoke	:read	nil
2025-06-02 15:32:34,869{GMT}	INFO	[jepsen worker 0] jepsen.util: 0	:ok	:read	["0" "1" "10" "11" "12" "13" "14" "15" "16" "17" "18" "19" "2" "20" "21" "22" "23" "24" "25" "26" "27" "28" "29" "3" "30" "31" "32" "33" "34" "35" "36" "37" "38" "39" "4" "40" "41" "42" "43" "44" "45" "46" "47" "48" "49" "5" "50" "51" "52" "53" "54" "55" "56" "57" "58" "59" "6" "60" "61" "62" "63" "64" "65" "66" "67" "68" "69" "7" "70" "71" "72" "73" "74" "75" "76" "77" "78" "79" "8" "80" "81" "82" "83" "9"]
2025-06-02 15:32:34,915{GMT}	INFO	[jepsen worker 0] jepsen.util: 0	:invoke	:broadcast	84
2025-06-02 15:32:34,917{GMT}	INFO	[jepsen worker 0] jepsen.util: 0	:ok	:broadcast	84
2025-06-02 15:32:35,013{GMT}	INFO	[jepsen worker 0] jepsen.util: 0	:invoke	:broadcast	85
2025-06-02 15:32:35,016{GMT}	INFO	[jepsen worker 0] jepsen.util: 0	:ok	:broadcast	85
2025-06-02 15:32:35,094{GMT}	INFO	[jepsen worker 0] jepsen.util: 0	:invoke	:broadcast	86
2025-06-02 15:32:35,096{GMT}	INFO	[jepsen worker 0] jepsen.util: 0	:ok	:broadcast	86
2025-06-02 15:32:35,210{GMT}	INFO	[jepsen worker 0] jepsen.util: 0	:invoke	:broadcast	87
2025-06-02 15:32:35,211{GMT}	INFO	[jepsen worker 0] jepsen.util: 0	:ok	:broadcast	87
2025-06-02 15:32:35,227{GMT}	INFO	[jepsen worker 0] jepsen.util: 0	:invoke	:read	nil
2025-06-02 15:32:35,228{GMT}	INFO	[jepsen worker 0] jepsen.util: 0	:ok	:read	["0" "1" "10" "11" "12" "13" "14" "15" "16" "17" "18" "19" "2" "20" "21" "22" "23" "24" "25" "26" "27" "28" "29" "3" "30" "31" "32" "33" "34" "35" "36" "37" "38" "39" "4" "40" "41" "42" "43" "44" "45" "46" "47" "48" "49" "5" "50" "51" "52" "53" "54" "55" "56" "57" "58" "59" "6" "60" "61" "62" "63" "64" "65" "66" "67" "68" "69" "7" "70" "71" "72" "73" "74" "75" "76" "77" "78" "79" "8" "80" "81" "82" "83" "84" "85" "86" "87" "9"]
2025-06-02 15:32:35,414{GMT}	INFO	[jepsen worker 0] jepsen.util: 0	:invoke	:broadcast	88
2025-06-02 15:32:35,416{GMT}	INFO	[jepsen worker 0] jepsen.util: 0	:ok	:broadcast	88
2025-06-02 15:32:35,607{GMT}	INFO	[jepsen worker 0] jepsen.util: 0	:invoke	:broadcast	89
2025-06-02 15:32:35,610{GMT}	INFO	[jepsen worker 0] jepsen.util: 0	:ok	:broadcast	89
2025-06-02 15:32:35,743{GMT}	INFO	[jepsen worker 0] jepsen.util: 0	:invoke	:read	nil
2025-06-02 15:32:35,746{GMT}	INFO	[jepsen worker 0] jepsen.util: 0	:ok	:read	["0" "1" "10" "11" "12" "13" "14" "15" "16" "17" "18" "19" "2" "20" "21" "22" "23" "24" "25" "26" "27" "28" "29" "3" "30" "31" "32" "33" "34" "35" "36" "37" "38" "39" "4" "40" "41" "42" "43" "44" "45" "46" "47" "48" "49" "5" "50" "51" "52" "53" "54" "55" "56" "57" "58" "59" "6" "60" "61" "62" "63" "64" "65" "66" "67" "68" "69" "7" "70" "71" "72" "73" "74" "75" "76" "77" "78" "79" "8" "80" "81" "82" "83" "84" "85" "86" "87" "88" "89" "9"]
2025-06-02 15:32:35,915{GMT}	INFO	[jepsen worker 0] jepsen.util: 0	:invoke	:read	nil
2025-06-02 15:32:35,918{GMT}	INFO	[jepsen worker 0] jepsen.util: 0	:ok	:read	["0" "1" "10" "11" "12" "13" "14" "15" "16" "17" "18" "19" "2" "20" "21" "22" "23" "24" "25" "26" "27" "28" "29" "3" "30" "31" "32" "33" "34" "35" "36" "37" "38" "39" "4" "40" "41" "42" "43" "44" "45" "46" "47" "48" "49" "5" "50" "51" "52" "53" "54" "55" "56" "57" "58" "59" "6" "60" "61" "62" "63" "64" "65" "66" "67" "68" "69" "7" "70" "71" "72" "73" "74" "75" "76" "77" "78" "79" "8" "80" "81" "82" "83" "84" "85" "86" "87" "88" "89" "9"]
2025-06-02 15:32:35,919{GMT}	INFO	[jepsen worker nemesis] jepsen.generator.interpreter: Waiting for recovery...
2025-06-02 15:32:45,927{GMT}	INFO	[jepsen worker 0] jepsen.util: 0	:invoke	:read	nil
2025-06-02 15:32:45,930{GMT}	INFO	[jepsen worker 0] jepsen.util: 0	:ok	:read	["0" "1" "10" "11" "12" "13" "14" "15" "16" "17" "18" "19" "2" "20" "21" "22" "23" "24" "25" "26" "27" "28" "29" "3" "30" "31" "32" "33" "34" "35" "36" "37" "38" "39" "4" "40" "41" "42" "43" "44" "45" "46" "47" "48" "49" "5" "50" "51" "52" "53" "54" "55" "56" "57" "58" "59" "6" "60" "61" "62" "63" "64" "65" "66" "67" "68" "69" "7" "70" "71" "72" "73" "74" "75" "76" "77" "78" "79" "8" "80" "81" "82" "83" "84" "85" "86" "87" "88" "89" "9"]
2025-06-02 15:32:45,945{GMT}	INFO	[jepsen test runner] jepsen.core: Run complete, writing
2025-06-02 15:32:46,002{GMT}	INFO	[jepsen node n0] maelstrom.db: Tearing down n0
2025-06-02 15:32:47,545{GMT}	INFO	[jepsen node n0] maelstrom.net: Shutting down Maelstrom network
2025-06-02 15:32:47,546{GMT}	INFO	[jepsen test runner] jepsen.core: Analyzing...
2025-06-02 15:32:47,716{GMT}	INFO	[jepsen test runner] jepsen.core: Analysis complete
2025-06-02 15:32:47,725{GMT}	INFO	[jepsen results] jepsen.store: Wrote /Users/adr/code/maelstrom/store/broadcast/20250602T153207.155-0400/results.edn
2025-06-02 15:32:47,744{GMT}	INFO	[jepsen test runner] jepsen.core: {:perf {:latency-graph {:valid? true},
        :rate-graph {:valid? true},
        :valid? true},
 :timeline {:valid? true},
 :exceptions {:valid? true},
 :stats {:valid? true,
         :count 194,
         :ok-count 194,
         :fail-count 0,
         :info-count 0,
         :by-f {:broadcast {:valid? true,
                            :count 90,
                            :ok-count 90,
                            :fail-count 0,
                            :info-count 0},
                :read {:valid? true,
                       :count 104,
                       :ok-count 104,
                       :fail-count 0,
                       :info-count 0}}},
 :availability {:valid? true, :ok-fraction 1.0},
 :net {:all {:send-count 392,
             :recv-count 392,
             :msg-count 392,
             :msgs-per-op 2.0206184},
       :clients {:send-count 392, :recv-count 392, :msg-count 392},
       :servers {:send-count 0,
                 :recv-count 0,
                 :msg-count 0,
                 :msgs-per-op 0.0},
       :valid? true},
 :workload {:worst-stale (),
            :duplicated-count 0,
            :valid? false,
            :lost-count 90,
            :lost (0
                   1
                   2
                   3
                   4
                   5
                   6
                   7
                   8
                   9
                   10
                   11
                   12
                   13
                   14
                   15
                   16
                   17
                   18
                   19
                   20
                   21
                   22
                   23
                   24
                   25
                   26
                   27
                   28
                   29
                   30
                   31
                   32
                   33
                   34
                   35
                   36
                   37
                   38
                   39
                   40
                   41
                   42
                   43
                   44
                   45
                   46
                   47
                   48
                   49
                   50
                   51
                   52
                   53
                   54
                   55
                   56
                   57
                   58
                   59
                   60
                   61
                   62
                   63
                   64
                   65
                   66
                   67
                   68
                   69
                   70
                   71
                   72
                   73
                   74
                   75
                   76
                   77
                   78
                   79
                   80
                   81
                   82
                   83
                   84
                   85
                   86
                   87
                   88
                   89),
            :stable-count 0,
            :stale-count 0,
            :stale (),
            :never-read-count 0,
            :attempt-count 90,
            :lost-latencies {0 0, 0.5 0, 0.95 0, 0.99 0, 1 0},
            :never-read (),
            :duplicated {}},
 :valid? false}


Analysis invalid! ( 
