2025-06-03 18:08:48,976{GMT}	INFO	[jepsen test runner] jepsen.core: Test version 249d74bef2356d0e76fd1279b3e2446866958ea9 (plus uncommitted changes)
2025-06-03 18:08:48,976{GMT}	INFO	[jepsen test runner] jepsen.core: Command line:
lein run test -w broadcast --node-count 1 --bin self/server/_build/default/bin/main.exe --time-limit 20 --rate 10
2025-06-03 18:08:49,021{GMT}	INFO	[jepsen test runner] jepsen.core: Running test:
{:args []
 :remote
 #jepsen.control.retry.Remote{:remote #jepsen.control.scp.Remote{:cmd-remote #jepsen.control.sshj.SSHJRemote{:concurrency-limit 6,
                                                                                                             :conn-spec nil,
                                                                                                             :client nil,
                                                                                                             :semaphore nil},
                                                                 :conn-spec nil},
                              :conn nil}
 :log-net-send false
 :node-count 1
 :availability nil
 :max-txn-length 4
 :concurrency 1
 :db
 #object[maelstrom.db$db$reify__16612
         "0x5a69f1ef"
         "maelstrom.db$db$reify__16612@5a69f1ef"]
 :max-writes-per-key 16
 :leave-db-running? false
 :name "broadcast"
 :logging-json? false
 :start-time
 #object[org.joda.time.DateTime "0x64001530" "2025-06-03T18:08:48.942-04:00"]
 :nemesis-interval 10
 :net
 #object[maelstrom.net$jepsen_net$reify__15721
         "0x1f9b8c23"
         "maelstrom.net$jepsen_net$reify__15721@1f9b8c23"]
 :client
 #object[maelstrom.workload.broadcast$client$reify__17142
         "0x6b297a62"
         "maelstrom.workload.broadcast$client$reify__17142@6b297a62"]
 :barrier
 #object[java.util.concurrent.CyclicBarrier
         "0x11303cb"
         "java.util.concurrent.CyclicBarrier@11303cb"]
 :log-stderr false
 :pure-generators true
 :ssh {:dummy? true}
 :rate 10.0
 :checker
 #object[jepsen.checker$compose$reify__11089
         "0x655e3f4c"
         "jepsen.checker$compose$reify__11089@655e3f4c"]
 :argv
 ("test"
  "-w"
  "broadcast"
  "--node-count"
  "1"
  "--bin"
  "self/server/_build/default/bin/main.exe"
  "--time-limit"
  "20"
  "--rate"
  "10")
 :nemesis
 (jepsen.nemesis.ReflCompose
  {:fm {:start-partition 0,
        :stop-partition 0,
        :kill 1,
        :start 1,
        :pause 1,
        :resume 1},
   :nemeses [#unprintable "jepsen.nemesis.combined$partition_nemesis$reify__16905@26e74d50"
             #unprintable "jepsen.nemesis.combined$db_nemesis$reify__16886@6bdc984"]})
 :nodes ["n0"]
 :test-count 1
 :latency {:mean 0, :dist :constant}
 :bin "self/server/_build/default/bin/main.exe"
 :generator
 #object[jepsen.util.Forgettable
         "0x4c18b432"
         ((jepsen.generator.Synchronize
           {:gen (jepsen.generator.TimeLimit
                  {:limit 20000000000,
                   :cutoff nil,
                   :gen (jepsen.generator.Any
                         {:gens [(jepsen.generator.OnThreads
                                  {:f #{:nemesis},
                                   :context-filter #object[jepsen.generator.context$make_thread_filter$lazy_filter__12077
                                                           "0x2092b072"
                                                           "jepsen.generator.context$make_thread_filter$lazy_filter__12077@2092b072"],
                                   :gen nil})
                                 (jepsen.generator.OnThreads
                                  {:f #jepsen.generator.context.AllBut{:element :nemesis},
                                   :context-filter #object[jepsen.generator.context$make_thread_filter$lazy_filter__12077
                                                           "0x504521ae"
                                                           "jepsen.generator.context$make_thread_filter$lazy_filter__12077@504521ae"],
                                   :gen (jepsen.generator.Stagger
                                         {:dt 200000000,
                                          :next-time nil,
                                          :gen (jepsen.generator.Mix
                                                {:i 1,
                                                 :gens [({:f :broadcast,
                                                          :value 0}
                                                         {:f :broadcast,
                                                          :value 1}
                                                         {:f :broadcast,
                                                          :value 2}
                                                         {:f :broadcast,
                                                          :value 3}
                                                         {:f :broadcast,
                                                          :value 4}
                                                         {:f :broadcast,
                                                          :value 5}
                                                         {:f :broadcast,
                                                          :value 6}
                                                         {:f :broadcast,
                                                          :value 7}
                                                         ...)
                                                        ({:f :read}
                                                         {:f :read}
                                                         {:f :read}
                                                         {:f :read}
                                                         {:f :read}
                                                         {:f :read}
                                                         {:f :read}
                                                         {:f :read}
                                                         ...)]})})})]})})})
          (jepsen.generator.Synchronize
           {:gen (jepsen.generator.OnThreads
                  {:f #{:nemesis},
                   :context-filter #object[jepsen.generator.context$make_thread_filter$lazy_filter__12077
                                           "0x6f8af186"
                                           "jepsen.generator.context$make_thread_filter$lazy_filter__12077@6f8af186"],
                   :gen ()})})
          (jepsen.generator.Synchronize
           {:gen {:type :log, :value "Waiting for recovery..."}})
          (jepsen.generator.Synchronize {:gen {:type :sleep, :value 10}})
          (jepsen.generator.Synchronize
           {:gen (jepsen.generator.OnThreads
                  {:f #jepsen.generator.context.AllBut{:element :nemesis},
                   :context-filter #object[jepsen.generator.context$make_thread_filter$lazy_filter__12077
                                           "0x5aaecd25"
                                           "jepsen.generator.context$make_thread_filter$lazy_filter__12077@5aaecd25"],
                   :gen (jepsen.generator.EachThread
                         {:fresh-gen {:f :read, :final? true},
                          :context-filters #object[clojure.core$promise$reify__8621
                                                   "0x239fdf8f"
                                                   {:status :pending, :val nil}],
                          :gens {}})})}))]
 :log-net-recv false
 :os
 #object[maelstrom.net$jepsen_os$reify__15724
         "0x1acd660d"
         "maelstrom.net$jepsen_os$reify__15724@1acd660d"]
 :time-limit 20
 :workload :broadcast
 :consistency-models [:strict-serializable]
 :topology :grid}

2025-06-03 18:08:50,175{GMT}	INFO	[jepsen node n0] maelstrom.net: Starting Maelstrom network
2025-06-03 18:08:50,175{GMT}	INFO	[jepsen test runner] jepsen.db: Tearing down DB
2025-06-03 18:08:50,176{GMT}	INFO	[jepsen test runner] jepsen.db: Setting up DB
2025-06-03 18:08:50,177{GMT}	INFO	[jepsen node n0] maelstrom.service: Starting services: (lin-kv lin-tso lww-kv seq-kv)
2025-06-03 18:08:50,178{GMT}	INFO	[jepsen node n0] maelstrom.db: Setting up n0
2025-06-03 18:08:50,178{GMT}	INFO	[jepsen node n0] maelstrom.process: launching self/server/_build/default/bin/main.exe []
2025-06-03 18:08:58,188{GMT}	INFO	[jepsen test runner] jepsen.core: Relative time begins now
2025-06-03 18:08:58,201{GMT}	INFO	[jepsen worker 0] jepsen.util: 0	:invoke	:read	nil
2025-06-03 18:08:58,203{GMT}	INFO	[jepsen worker 0] jepsen.util: 0	:ok	:read	[]
2025-06-03 18:08:58,379{GMT}	INFO	[jepsen worker 0] jepsen.util: 0	:invoke	:read	nil
2025-06-03 18:08:58,381{GMT}	INFO	[jepsen worker 0] jepsen.util: 0	:ok	:read	[]
2025-06-03 18:08:58,502{GMT}	INFO	[jepsen worker 0] jepsen.util: 0	:invoke	:read	nil
2025-06-03 18:08:58,506{GMT}	INFO	[jepsen worker 0] jepsen.util: 0	:ok	:read	[]
2025-06-03 18:08:58,651{GMT}	INFO	[jepsen worker 0] jepsen.util: 0	:invoke	:broadcast	0
2025-06-03 18:08:58,652{GMT}	INFO	[jepsen worker 0] jepsen.util: 0	:ok	:broadcast	0
2025-06-03 18:08:58,802{GMT}	INFO	[jepsen worker 0] jepsen.util: 0	:invoke	:broadcast	1
2025-06-03 18:08:58,803{GMT}	INFO	[jepsen worker 0] jepsen.util: 0	:ok	:broadcast	1
2025-06-03 18:08:58,991{GMT}	INFO	[jepsen worker 0] jepsen.util: 0	:invoke	:broadcast	2
2025-06-03 18:08:58,992{GMT}	INFO	[jepsen worker 0] jepsen.util: 0	:ok	:broadcast	2
2025-06-03 18:08:59,147{GMT}	INFO	[jepsen worker 0] jepsen.util: 0	:invoke	:read	nil
2025-06-03 18:08:59,148{GMT}	INFO	[jepsen worker 0] jepsen.util: 0	:ok	:read	["0" "1" "2"]
2025-06-03 18:08:59,275{GMT}	INFO	[jepsen worker 0] jepsen.util: 0	:invoke	:broadcast	3
2025-06-03 18:08:59,278{GMT}	INFO	[jepsen worker 0] jepsen.util: 0	:ok	:broadcast	3
2025-06-03 18:08:59,289{GMT}	INFO	[jepsen worker 0] jepsen.util: 0	:invoke	:read	nil
2025-06-03 18:08:59,292{GMT}	INFO	[jepsen worker 0] jepsen.util: 0	:ok	:read	["0" "1" "2" "3"]
2025-06-03 18:08:59,492{GMT}	INFO	[jepsen worker 0] jepsen.util: 0	:invoke	:read	nil
2025-06-03 18:08:59,495{GMT}	INFO	[jepsen worker 0] jepsen.util: 0	:ok	:read	["0" "1" "2" "3"]
2025-06-03 18:08:59,497{GMT}	INFO	[jepsen worker 0] jepsen.util: 0	:invoke	:read	nil
2025-06-03 18:08:59,498{GMT}	INFO	[jepsen worker 0] jepsen.util: 0	:ok	:read	["0" "1" "2" "3"]
2025-06-03 18:08:59,679{GMT}	INFO	[jepsen worker 0] jepsen.util: 0	:invoke	:broadcast	4
2025-06-03 18:08:59,682{GMT}	INFO	[jepsen worker 0] jepsen.util: 0	:ok	:broadcast	4
2025-06-03 18:08:59,698{GMT}	INFO	[jepsen worker 0] jepsen.util: 0	:invoke	:read	nil
2025-06-03 18:08:59,699{GMT}	INFO	[jepsen worker 0] jepsen.util: 0	:ok	:read	["0" "1" "2" "3" "4"]
2025-06-03 18:08:59,741{GMT}	INFO	[jepsen worker 0] jepsen.util: 0	:invoke	:read	nil
2025-06-03 18:08:59,742{GMT}	INFO	[jepsen worker 0] jepsen.util: 0	:ok	:read	["0" "1" "2" "3" "4"]
2025-06-03 18:08:59,838{GMT}	INFO	[jepsen worker 0] jepsen.util: 0	:invoke	:read	nil
2025-06-03 18:08:59,842{GMT}	INFO	[jepsen worker 0] jepsen.util: 0	:ok	:read	["0" "1" "2" "3" "4"]
2025-06-03 18:09:00,038{GMT}	INFO	[jepsen worker 0] jepsen.util: 0	:invoke	:read	nil
2025-06-03 18:09:00,042{GMT}	INFO	[jepsen worker 0] jepsen.util: 0	:ok	:read	["0" "1" "2" "3" "4"]
2025-06-03 18:09:00,092{GMT}	INFO	[jepsen worker 0] jepsen.util: 0	:invoke	:read	nil
2025-06-03 18:09:00,096{GMT}	INFO	[jepsen worker 0] jepsen.util: 0	:ok	:read	["0" "1" "2" "3" "4"]
2025-06-03 18:09:00,161{GMT}	INFO	[jepsen worker 0] jepsen.util: 0	:invoke	:read	nil
2025-06-03 18:09:00,165{GMT}	INFO	[jepsen worker 0] jepsen.util: 0	:ok	:read	["0" "1" "2" "3" "4"]
2025-06-03 18:09:00,239{GMT}	INFO	[jepsen worker 0] jepsen.util: 0	:invoke	:read	nil
2025-06-03 18:09:00,242{GMT}	INFO	[jepsen worker 0] jepsen.util: 0	:ok	:read	["0" "1" "2" "3" "4"]
2025-06-03 18:09:00,367{GMT}	INFO	[jepsen worker 0] jepsen.util: 0	:invoke	:broadcast	5
2025-06-03 18:09:00,369{GMT}	INFO	[jepsen worker 0] jepsen.util: 0	:ok	:broadcast	5
2025-06-03 18:09:00,490{GMT}	INFO	[jepsen worker 0] jepsen.util: 0	:invoke	:broadcast	6
2025-06-03 18:09:00,493{GMT}	INFO	[jepsen worker 0] jepsen.util: 0	:ok	:broadcast	6
2025-06-03 18:09:00,572{GMT}	INFO	[jepsen worker 0] jepsen.util: 0	:invoke	:broadcast	7
2025-06-03 18:09:00,575{GMT}	INFO	[jepsen worker 0] jepsen.util: 0	:ok	:broadcast	7
2025-06-03 18:09:00,764{GMT}	INFO	[jepsen worker 0] jepsen.util: 0	:invoke	:broadcast	8
2025-06-03 18:09:00,767{GMT}	INFO	[jepsen worker 0] jepsen.util: 0	:ok	:broadcast	8
2025-06-03 18:09:00,933{GMT}	INFO	[jepsen worker 0] jepsen.util: 0	:invoke	:broadcast	9
2025-06-03 18:09:00,935{GMT}	INFO	[jepsen worker 0] jepsen.util: 0	:ok	:broadcast	9
2025-06-03 18:09:00,961{GMT}	INFO	[jepsen worker 0] jepsen.util: 0	:invoke	:broadcast	10
2025-06-03 18:09:00,963{GMT}	INFO	[jepsen worker 0] jepsen.util: 0	:ok	:broadcast	10
2025-06-03 18:09:01,125{GMT}	INFO	[jepsen worker 0] jepsen.util: 0	:invoke	:broadcast	11
2025-06-03 18:09:01,127{GMT}	INFO	[jepsen worker 0] jepsen.util: 0	:ok	:broadcast	11
2025-06-03 18:09:01,278{GMT}	INFO	[jepsen worker 0] jepsen.util: 0	:invoke	:broadcast	12
2025-06-03 18:09:01,282{GMT}	INFO	[jepsen worker 0] jepsen.util: 0	:ok	:broadcast	12
2025-06-03 18:09:01,353{GMT}	INFO	[jepsen worker 0] jepsen.util: 0	:invoke	:read	nil
2025-06-03 18:09:01,356{GMT}	INFO	[jepsen worker 0] jepsen.util: 0	:ok	:read	["0" "1" "10" "11" "12" "2" "3" "4" "5" "6" "7" "8" "9"]
2025-06-03 18:09:01,483{GMT}	INFO	[jepsen worker 0] jepsen.util: 0	:invoke	:read	nil
2025-06-03 18:09:01,487{GMT}	INFO	[jepsen worker 0] jepsen.util: 0	:ok	:read	["0" "1" "10" "11" "12" "2" "3" "4" "5" "6" "7" "8" "9"]
2025-06-03 18:09:01,516{GMT}	INFO	[jepsen worker 0] jepsen.util: 0	:invoke	:broadcast	13
2025-06-03 18:09:01,518{GMT}	INFO	[jepsen worker 0] jepsen.util: 0	:ok	:broadcast	13
2025-06-03 18:09:01,530{GMT}	INFO	[jepsen worker 0] jepsen.util: 0	:invoke	:broadcast	14
2025-06-03 18:09:01,532{GMT}	INFO	[jepsen worker 0] jepsen.util: 0	:ok	:broadcast	14
2025-06-03 18:09:01,677{GMT}	INFO	[jepsen worker 0] jepsen.util: 0	:invoke	:read	nil
2025-06-03 18:09:01,681{GMT}	INFO	[jepsen worker 0] jepsen.util: 0	:ok	:read	["0" "1" "10" "11" "12" "13" "14" "2" "3" "4" "5" "6" "7" "8" "9"]
2025-06-03 18:09:01,784{GMT}	INFO	[jepsen worker 0] jepsen.util: 0	:invoke	:read	nil
2025-06-03 18:09:01,788{GMT}	INFO	[jepsen worker 0] jepsen.util: 0	:ok	:read	["0" "1" "10" "11" "12" "13" "14" "2" "3" "4" "5" "6" "7" "8" "9"]
2025-06-03 18:09:01,791{GMT}	INFO	[jepsen worker 0] jepsen.util: 0	:invoke	:broadcast	15
2025-06-03 18:09:01,793{GMT}	INFO	[jepsen worker 0] jepsen.util: 0	:ok	:broadcast	15
2025-06-03 18:09:01,796{GMT}	INFO	[jepsen worker 0] jepsen.util: 0	:invoke	:read	nil
2025-06-03 18:09:01,798{GMT}	INFO	[jepsen worker 0] jepsen.util: 0	:ok	:read	["0" "1" "10" "11" "12" "13" "14" "15" "2" "3" "4" "5" "6" "7" "8" "9"]
2025-06-03 18:09:01,864{GMT}	INFO	[jepsen worker 0] jepsen.util: 0	:invoke	:read	nil
2025-06-03 18:09:01,867{GMT}	INFO	[jepsen worker 0] jepsen.util: 0	:ok	:read	["0" "1" "10" "11" "12" "13" "14" "15" "2" "3" "4" "5" "6" "7" "8" "9"]
2025-06-03 18:09:01,906{GMT}	INFO	[jepsen worker 0] jepsen.util: 0	:invoke	:broadcast	16
2025-06-03 18:09:01,909{GMT}	INFO	[jepsen worker 0] jepsen.util: 0	:ok	:broadcast	16
2025-06-03 18:09:01,986{GMT}	INFO	[jepsen worker 0] jepsen.util: 0	:invoke	:broadcast	17
2025-06-03 18:09:01,989{GMT}	INFO	[jepsen worker 0] jepsen.util: 0	:ok	:broadcast	17
2025-06-03 18:09:02,121{GMT}	INFO	[jepsen worker 0] jepsen.util: 0	:invoke	:broadcast	18
2025-06-03 18:09:02,124{GMT}	INFO	[jepsen worker 0] jepsen.util: 0	:ok	:broadcast	18
2025-06-03 18:09:02,138{GMT}	INFO	[jepsen worker 0] jepsen.util: 0	:invoke	:broadcast	19
2025-06-03 18:09:02,141{GMT}	INFO	[jepsen worker 0] jepsen.util: 0	:ok	:broadcast	19
2025-06-03 18:09:02,322{GMT}	INFO	[jepsen worker 0] jepsen.util: 0	:invoke	:read	nil
2025-06-03 18:09:02,325{GMT}	INFO	[jepsen worker 0] jepsen.util: 0	:ok	:read	["0" "1" "10" "11" "12" "13" "14" "15" "16" "17" "18" "19" "2" "3" "4" "5" "6" "7" "8" "9"]
2025-06-03 18:09:02,461{GMT}	INFO	[jepsen worker 0] jepsen.util: 0	:invoke	:read	nil
2025-06-03 18:09:02,464{GMT}	INFO	[jepsen worker 0] jepsen.util: 0	:ok	:read	["0" "1" "10" "11" "12" "13" "14" "15" "16" "17" "18" "19" "2" "3" "4" "5" "6" "7" "8" "9"]
2025-06-03 18:09:02,650{GMT}	INFO	[jepsen worker 0] jepsen.util: 0	:invoke	:broadcast	20
2025-06-03 18:09:02,653{GMT}	INFO	[jepsen worker 0] jepsen.util: 0	:ok	:broadcast	20
2025-06-03 18:09:02,785{GMT}	INFO	[jepsen worker 0] jepsen.util: 0	:invoke	:read	nil
2025-06-03 18:09:02,788{GMT}	INFO	[jepsen worker 0] jepsen.util: 0	:ok	:read	["0" "1" "10" "11" "12" "13" "14" "15" "16" "17" "18" "19" "2" "20" "3" "4" "5" "6" "7" "8" "9"]
2025-06-03 18:09:02,947{GMT}	INFO	[jepsen worker 0] jepsen.util: 0	:invoke	:read	nil
2025-06-03 18:09:02,950{GMT}	INFO	[jepsen worker 0] jepsen.util: 0	:ok	:read	["0" "1" "10" "11" "12" "13" "14" "15" "16" "17" "18" "19" "2" "20" "3" "4" "5" "6" "7" "8" "9"]
2025-06-03 18:09:03,127{GMT}	INFO	[jepsen worker 0] jepsen.util: 0	:invoke	:broadcast	21
2025-06-03 18:09:03,128{GMT}	INFO	[jepsen worker 0] jepsen.util: 0	:ok	:broadcast	21
2025-06-03 18:09:03,320{GMT}	INFO	[jepsen worker 0] jepsen.util: 0	:invoke	:read	nil
2025-06-03 18:09:03,324{GMT}	INFO	[jepsen worker 0] jepsen.util: 0	:ok	:read	["0" "1" "10" "11" "12" "13" "14" "15" "16" "17" "18" "19" "2" "20" "21" "3" "4" "5" "6" "7" "8" "9"]
2025-06-03 18:09:03,418{GMT}	INFO	[jepsen worker 0] jepsen.util: 0	:invoke	:read	nil
2025-06-03 18:09:03,421{GMT}	INFO	[jepsen worker 0] jepsen.util: 0	:ok	:read	["0" "1" "10" "11" "12" "13" "14" "15" "16" "17" "18" "19" "2" "20" "21" "3" "4" "5" "6" "7" "8" "9"]
2025-06-03 18:09:03,456{GMT}	INFO	[jepsen worker 0] jepsen.util: 0	:invoke	:broadcast	22
2025-06-03 18:09:03,459{GMT}	INFO	[jepsen worker 0] jepsen.util: 0	:ok	:broadcast	22
2025-06-03 18:09:03,657{GMT}	INFO	[jepsen worker 0] jepsen.util: 0	:invoke	:read	nil
2025-06-03 18:09:03,660{GMT}	INFO	[jepsen worker 0] jepsen.util: 0	:ok	:read	["0" "1" "10" "11" "12" "13" "14" "15" "16" "17" "18" "19" "2" "20" "21" "22" "3" "4" "5" "6" "7" "8" "9"]
2025-06-03 18:09:03,844{GMT}	INFO	[jepsen worker 0] jepsen.util: 0	:invoke	:read	nil
2025-06-03 18:09:03,847{GMT}	INFO	[jepsen worker 0] jepsen.util: 0	:ok	:read	["0" "1" "10" "11" "12" "13" "14" "15" "16" "17" "18" "19" "2" "20" "21" "22" "3" "4" "5" "6" "7" "8" "9"]
2025-06-03 18:09:03,877{GMT}	INFO	[jepsen worker 0] jepsen.util: 0	:invoke	:read	nil
2025-06-03 18:09:03,880{GMT}	INFO	[jepsen worker 0] jepsen.util: 0	:ok	:read	["0" "1" "10" "11" "12" "13" "14" "15" "16" "17" "18" "19" "2" "20" "21" "22" "3" "4" "5" "6" "7" "8" "9"]
2025-06-03 18:09:03,969{GMT}	INFO	[jepsen worker 0] jepsen.util: 0	:invoke	:broadcast	23
2025-06-03 18:09:03,972{GMT}	INFO	[jepsen worker 0] jepsen.util: 0	:ok	:broadcast	23
2025-06-03 18:09:03,992{GMT}	INFO	[jepsen worker 0] jepsen.util: 0	:invoke	:read	nil
2025-06-03 18:09:03,994{GMT}	INFO	[jepsen worker 0] jepsen.util: 0	:ok	:read	["0" "1" "10" "11" "12" "13" "14" "15" "16" "17" "18" "19" "2" "20" "21" "22" "23" "3" "4" "5" "6" "7" "8" "9"]
2025-06-03 18:09:04,084{GMT}	INFO	[jepsen worker 0] jepsen.util: 0	:invoke	:broadcast	24
2025-06-03 18:09:04,087{GMT}	INFO	[jepsen worker 0] jepsen.util: 0	:ok	:broadcast	24
2025-06-03 18:09:04,168{GMT}	INFO	[jepsen worker 0] jepsen.util: 0	:invoke	:broadcast	25
2025-06-03 18:09:04,171{GMT}	INFO	[jepsen worker 0] jepsen.util: 0	:ok	:broadcast	25
2025-06-03 18:09:04,295{GMT}	INFO	[jepsen worker 0] jepsen.util: 0	:invoke	:read	nil
2025-06-03 18:09:04,299{GMT}	INFO	[jepsen worker 0] jepsen.util: 0	:ok	:read	["0" "1" "10" "11" "12" "13" "14" "15" "16" "17" "18" "19" "2" "20" "21" "22" "23" "24" "25" "3" "4" "5" "6" "7" "8" "9"]
2025-06-03 18:09:04,483{GMT}	INFO	[jepsen worker 0] jepsen.util: 0	:invoke	:broadcast	26
2025-06-03 18:09:04,486{GMT}	INFO	[jepsen worker 0] jepsen.util: 0	:ok	:broadcast	26
2025-06-03 18:09:04,546{GMT}	INFO	[jepsen worker 0] jepsen.util: 0	:invoke	:read	nil
2025-06-03 18:09:04,547{GMT}	INFO	[jepsen worker 0] jepsen.util: 0	:ok	:read	["0" "1" "10" "11" "12" "13" "14" "15" "16" "17" "18" "19" "2" "20" "21" "22" "23" "24" "25" "26" "3" "4" "5" "6" "7" "8" "9"]
2025-06-03 18:09:04,669{GMT}	INFO	[jepsen worker 0] jepsen.util: 0	:invoke	:broadcast	27
2025-06-03 18:09:04,670{GMT}	INFO	[jepsen worker 0] jepsen.util: 0	:ok	:broadcast	27
2025-06-03 18:09:04,687{GMT}	INFO	[jepsen worker 0] jepsen.util: 0	:invoke	:broadcast	28
2025-06-03 18:09:04,688{GMT}	INFO	[jepsen worker 0] jepsen.util: 0	:ok	:broadcast	28
2025-06-03 18:09:04,867{GMT}	INFO	[jepsen worker 0] jepsen.util: 0	:invoke	:read	nil
2025-06-03 18:09:04,869{GMT}	INFO	[jepsen worker 0] jepsen.util: 0	:ok	:read	["0" "1" "10" "11" "12" "13" "14" "15" "16" "17" "18" "19" "2" "20" "21" "22" "23" "24" "25" "26" "27" "28" "3" "4" "5" "6" "7" "8" "9"]
2025-06-03 18:09:05,050{GMT}	INFO	[jepsen worker 0] jepsen.util: 0	:invoke	:broadcast	29
2025-06-03 18:09:05,052{GMT}	INFO	[jepsen worker 0] jepsen.util: 0	:ok	:broadcast	29
2025-06-03 18:09:05,087{GMT}	INFO	[jepsen worker 0] jepsen.util: 0	:invoke	:read	nil
2025-06-03 18:09:05,090{GMT}	INFO	[jepsen worker 0] jepsen.util: 0	:ok	:read	["0" "1" "10" "11" "12" "13" "14" "15" "16" "17" "18" "19" "2" "20" "21" "22" "23" "24" "25" "26" "27" "28" "29" "3" "4" "5" "6" "7" "8" "9"]
2025-06-03 18:09:05,282{GMT}	INFO	[jepsen worker 0] jepsen.util: 0	:invoke	:read	nil
2025-06-03 18:09:05,285{GMT}	INFO	[jepsen worker 0] jepsen.util: 0	:ok	:read	["0" "1" "10" "11" "12" "13" "14" "15" "16" "17" "18" "19" "2" "20" "21" "22" "23" "24" "25" "26" "27" "28" "29" "3" "4" "5" "6" "7" "8" "9"]
2025-06-03 18:09:05,316{GMT}	INFO	[jepsen worker 0] jepsen.util: 0	:invoke	:read	nil
2025-06-03 18:09:05,318{GMT}	INFO	[jepsen worker 0] jepsen.util: 0	:ok	:read	["0" "1" "10" "11" "12" "13" "14" "15" "16" "17" "18" "19" "2" "20" "21" "22" "23" "24" "25" "26" "27" "28" "29" "3" "4" "5" "6" "7" "8" "9"]
2025-06-03 18:09:05,441{GMT}	INFO	[jepsen worker 0] jepsen.util: 0	:invoke	:broadcast	30
2025-06-03 18:09:05,443{GMT}	INFO	[jepsen worker 0] jepsen.util: 0	:ok	:broadcast	30
2025-06-03 18:09:05,540{GMT}	INFO	[jepsen worker 0] jepsen.util: 0	:invoke	:read	nil
2025-06-03 18:09:05,543{GMT}	INFO	[jepsen worker 0] jepsen.util: 0	:ok	:read	["0" "1" "10" "11" "12" "13" "14" "15" "16" "17" "18" "19" "2" "20" "21" "22" "23" "24" "25" "26" "27" "28" "29" "3" "30" "4" "5" "6" "7" "8" "9"]
2025-06-03 18:09:05,741{GMT}	INFO	[jepsen worker 0] jepsen.util: 0	:invoke	:broadcast	31
2025-06-03 18:09:05,744{GMT}	INFO	[jepsen worker 0] jepsen.util: 0	:ok	:broadcast	31
2025-06-03 18:09:05,843{GMT}	INFO	[jepsen worker 0] jepsen.util: 0	:invoke	:read	nil
2025-06-03 18:09:05,846{GMT}	INFO	[jepsen worker 0] jepsen.util: 0	:ok	:read	["0" "1" "10" "11" "12" "13" "14" "15" "16" "17" "18" "19" "2" "20" "21" "22" "23" "24" "25" "26" "27" "28" "29" "3" "30" "31" "4" "5" "6" "7" "8" "9"]
2025-06-03 18:09:05,919{GMT}	INFO	[jepsen worker 0] jepsen.util: 0	:invoke	:read	nil
2025-06-03 18:09:05,922{GMT}	INFO	[jepsen worker 0] jepsen.util: 0	:ok	:read	["0" "1" "10" "11" "12" "13" "14" "15" "16" "17" "18" "19" "2" "20" "21" "22" "23" "24" "25" "26" "27" "28" "29" "3" "30" "31" "4" "5" "6" "7" "8" "9"]
2025-06-03 18:09:05,973{GMT}	INFO	[jepsen worker 0] jepsen.util: 0	:invoke	:broadcast	32
2025-06-03 18:09:05,977{GMT}	INFO	[jepsen worker 0] jepsen.util: 0	:ok	:broadcast	32
2025-06-03 18:09:06,050{GMT}	INFO	[jepsen worker 0] jepsen.util: 0	:invoke	:broadcast	33
2025-06-03 18:09:06,053{GMT}	INFO	[jepsen worker 0] jepsen.util: 0	:ok	:broadcast	33
2025-06-03 18:09:06,197{GMT}	INFO	[jepsen worker 0] jepsen.util: 0	:invoke	:broadcast	34
2025-06-03 18:09:06,200{GMT}	INFO	[jepsen worker 0] jepsen.util: 0	:ok	:broadcast	34
2025-06-03 18:09:06,270{GMT}	INFO	[jepsen worker 0] jepsen.util: 0	:invoke	:broadcast	35
2025-06-03 18:09:06,273{GMT}	INFO	[jepsen worker 0] jepsen.util: 0	:ok	:broadcast	35
2025-06-03 18:09:06,373{GMT}	INFO	[jepsen worker 0] jepsen.util: 0	:invoke	:read	nil
2025-06-03 18:09:06,376{GMT}	INFO	[jepsen worker 0] jepsen.util: 0	:ok	:read	["0" "1" "10" "11" "12" "13" "14" "15" "16" "17" "18" "19" "2" "20" "21" "22" "23" "24" "25" "26" "27" "28" "29" "3" "30" "31" "32" "33" "34" "35" "4" "5" "6" "7" "8" "9"]
2025-06-03 18:09:06,537{GMT}	INFO	[jepsen worker 0] jepsen.util: 0	:invoke	:broadcast	36
2025-06-03 18:09:06,539{GMT}	INFO	[jepsen worker 0] jepsen.util: 0	:ok	:broadcast	36
2025-06-03 18:09:06,739{GMT}	INFO	[jepsen worker 0] jepsen.util: 0	:invoke	:read	nil
2025-06-03 18:09:06,742{GMT}	INFO	[jepsen worker 0] jepsen.util: 0	:ok	:read	["0" "1" "10" "11" "12" "13" "14" "15" "16" "17" "18" "19" "2" "20" "21" "22" "23" "24" "25" "26" "27" "28" "29" "3" "30" "31" "32" "33" "34" "35" "36" "4" "5" "6" "7" "8" "9"]
2025-06-03 18:09:06,825{GMT}	INFO	[jepsen worker 0] jepsen.util: 0	:invoke	:broadcast	37
2025-06-03 18:09:06,827{GMT}	INFO	[jepsen worker 0] jepsen.util: 0	:ok	:broadcast	37
2025-06-03 18:09:06,964{GMT}	INFO	[jepsen worker 0] jepsen.util: 0	:invoke	:broadcast	38
2025-06-03 18:09:06,967{GMT}	INFO	[jepsen worker 0] jepsen.util: 0	:ok	:broadcast	38
2025-06-03 18:09:07,140{GMT}	INFO	[jepsen worker 0] jepsen.util: 0	:invoke	:read	nil
2025-06-03 18:09:07,143{GMT}	INFO	[jepsen worker 0] jepsen.util: 0	:ok	:read	["0" "1" "10" "11" "12" "13" "14" "15" "16" "17" "18" "19" "2" "20" "21" "22" "23" "24" "25" "26" "27" "28" "29" "3" "30" "31" "32" "33" "34" "35" "36" "37" "38" "4" "5" "6" "7" "8" "9"]
2025-06-03 18:09:07,237{GMT}	INFO	[jepsen worker 0] jepsen.util: 0	:invoke	:read	nil
2025-06-03 18:09:07,239{GMT}	INFO	[jepsen worker 0] jepsen.util: 0	:ok	:read	["0" "1" "10" "11" "12" "13" "14" "15" "16" "17" "18" "19" "2" "20" "21" "22" "23" "24" "25" "26" "27" "28" "29" "3" "30" "31" "32" "33" "34" "35" "36" "37" "38" "4" "5" "6" "7" "8" "9"]
2025-06-03 18:09:07,335{GMT}	INFO	[jepsen worker 0] jepsen.util: 0	:invoke	:broadcast	39
2025-06-03 18:09:07,337{GMT}	INFO	[jepsen worker 0] jepsen.util: 0	:ok	:broadcast	39
2025-06-03 18:09:07,430{GMT}	INFO	[jepsen worker 0] jepsen.util: 0	:invoke	:broadcast	40
2025-06-03 18:09:07,433{GMT}	INFO	[jepsen worker 0] jepsen.util: 0	:ok	:broadcast	40
2025-06-03 18:09:07,504{GMT}	INFO	[jepsen worker 0] jepsen.util: 0	:invoke	:read	nil
2025-06-03 18:09:07,507{GMT}	INFO	[jepsen worker 0] jepsen.util: 0	:ok	:read	["0" "1" "10" "11" "12" "13" "14" "15" "16" "17" "18" "19" "2" "20" "21" "22" "23" "24" "25" "26" "27" "28" "29" "3" "30" "31" "32" "33" "34" "35" "36" "37" "38" "39" "4" "40" "5" "6" "7" "8" "9"]
2025-06-03 18:09:07,584{GMT}	INFO	[jepsen worker 0] jepsen.util: 0	:invoke	:broadcast	41
2025-06-03 18:09:07,585{GMT}	INFO	[jepsen worker 0] jepsen.util: 0	:ok	:broadcast	41
2025-06-03 18:09:07,771{GMT}	INFO	[jepsen worker 0] jepsen.util: 0	:invoke	:read	nil
2025-06-03 18:09:07,773{GMT}	INFO	[jepsen worker 0] jepsen.util: 0	:ok	:read	["0" "1" "10" "11" "12" "13" "14" "15" "16" "17" "18" "19" "2" "20" "21" "22" "23" "24" "25" "26" "27" "28" "29" "3" "30" "31" "32" "33" "34" "35" "36" "37" "38" "39" "4" "40" "41" "5" "6" "7" "8" "9"]
2025-06-03 18:09:07,927{GMT}	INFO	[jepsen worker 0] jepsen.util: 0	:invoke	:broadcast	42
2025-06-03 18:09:07,928{GMT}	INFO	[jepsen worker 0] jepsen.util: 0	:ok	:broadcast	42
2025-06-03 18:09:07,950{GMT}	INFO	[jepsen worker 0] jepsen.util: 0	:invoke	:read	nil
2025-06-03 18:09:07,951{GMT}	INFO	[jepsen worker 0] jepsen.util: 0	:ok	:read	["0" "1" "10" "11" "12" "13" "14" "15" "16" "17" "18" "19" "2" "20" "21" "22" "23" "24" "25" "26" "27" "28" "29" "3" "30" "31" "32" "33" "34" "35" "36" "37" "38" "39" "4" "40" "41" "42" "5" "6" "7" "8" "9"]
2025-06-03 18:09:08,036{GMT}	INFO	[jepsen worker 0] jepsen.util: 0	:invoke	:broadcast	43
2025-06-03 18:09:08,037{GMT}	INFO	[jepsen worker 0] jepsen.util: 0	:ok	:broadcast	43
2025-06-03 18:09:08,112{GMT}	INFO	[jepsen worker 0] jepsen.util: 0	:invoke	:broadcast	44
2025-06-03 18:09:08,114{GMT}	INFO	[jepsen worker 0] jepsen.util: 0	:ok	:broadcast	44
2025-06-03 18:09:08,182{GMT}	INFO	[jepsen worker 0] jepsen.util: 0	:invoke	:read	nil
2025-06-03 18:09:08,184{GMT}	INFO	[jepsen worker 0] jepsen.util: 0	:ok	:read	["0" "1" "10" "11" "12" "13" "14" "15" "16" "17" "18" "19" "2" "20" "21" "22" "23" "24" "25" "26" "27" "28" "29" "3" "30" "31" "32" "33" "34" "35" "36" "37" "38" "39" "4" "40" "41" "42" "43" "44" "5" "6" "7" "8" "9"]
2025-06-03 18:09:08,339{GMT}	INFO	[jepsen worker 0] jepsen.util: 0	:invoke	:read	nil
2025-06-03 18:09:08,341{GMT}	INFO	[jepsen worker 0] jepsen.util: 0	:ok	:read	["0" "1" "10" "11" "12" "13" "14" "15" "16" "17" "18" "19" "2" "20" "21" "22" "23" "24" "25" "26" "27" "28" "29" "3" "30" "31" "32" "33" "34" "35" "36" "37" "38" "39" "4" "40" "41" "42" "43" "44" "5" "6" "7" "8" "9"]
2025-06-03 18:09:08,461{GMT}	INFO	[jepsen worker 0] jepsen.util: 0	:invoke	:broadcast	45
2025-06-03 18:09:08,462{GMT}	INFO	[jepsen worker 0] jepsen.util: 0	:ok	:broadcast	45
2025-06-03 18:09:08,579{GMT}	INFO	[jepsen worker 0] jepsen.util: 0	:invoke	:broadcast	46
2025-06-03 18:09:08,580{GMT}	INFO	[jepsen worker 0] jepsen.util: 0	:ok	:broadcast	46
2025-06-03 18:09:08,770{GMT}	INFO	[jepsen worker 0] jepsen.util: 0	:invoke	:broadcast	47
2025-06-03 18:09:08,772{GMT}	INFO	[jepsen worker 0] jepsen.util: 0	:ok	:broadcast	47
2025-06-03 18:09:08,912{GMT}	INFO	[jepsen worker 0] jepsen.util: 0	:invoke	:read	nil
2025-06-03 18:09:08,912{GMT}	INFO	[jepsen worker 0] jepsen.util: 0	:ok	:read	["0" "1" "10" "11" "12" "13" "14" "15" "16" "17" "18" "19" "2" "20" "21" "22" "23" "24" "25" "26" "27" "28" "29" "3" "30" "31" "32" "33" "34" "35" "36" "37" "38" "39" "4" "40" "41" "42" "43" "44" "45" "46" "47" "5" "6" "7" "8" "9"]
2025-06-03 18:09:09,079{GMT}	INFO	[jepsen worker 0] jepsen.util: 0	:invoke	:read	nil
2025-06-03 18:09:09,081{GMT}	INFO	[jepsen worker 0] jepsen.util: 0	:ok	:read	["0" "1" "10" "11" "12" "13" "14" "15" "16" "17" "18" "19" "2" "20" "21" "22" "23" "24" "25" "26" "27" "28" "29" "3" "30" "31" "32" "33" "34" "35" "36" "37" "38" "39" "4" "40" "41" "42" "43" "44" "45" "46" "47" "5" "6" "7" "8" "9"]
2025-06-03 18:09:09,180{GMT}	INFO	[jepsen worker 0] jepsen.util: 0	:invoke	:broadcast	48
2025-06-03 18:09:09,182{GMT}	INFO	[jepsen worker 0] jepsen.util: 0	:ok	:broadcast	48
2025-06-03 18:09:09,329{GMT}	INFO	[jepsen worker 0] jepsen.util: 0	:invoke	:broadcast	49
2025-06-03 18:09:09,330{GMT}	INFO	[jepsen worker 0] jepsen.util: 0	:ok	:broadcast	49
2025-06-03 18:09:09,415{GMT}	INFO	[jepsen worker 0] jepsen.util: 0	:invoke	:read	nil
2025-06-03 18:09:09,419{GMT}	INFO	[jepsen worker 0] jepsen.util: 0	:ok	:read	["0" "1" "10" "11" "12" "13" "14" "15" "16" "17" "18" "19" "2" "20" "21" "22" "23" "24" "25" "26" "27" "28" "29" "3" "30" "31" "32" "33" "34" "35" "36" "37" "38" "39" "4" "40" "41" "42" "43" "44" "45" "46" "47" "48" "49" "5" "6" "7" "8" "9"]
2025-06-03 18:09:09,446{GMT}	INFO	[jepsen worker 0] jepsen.util: 0	:invoke	:read	nil
2025-06-03 18:09:09,448{GMT}	INFO	[jepsen worker 0] jepsen.util: 0	:ok	:read	["0" "1" "10" "11" "12" "13" "14" "15" "16" "17" "18" "19" "2" "20" "21" "22" "23" "24" "25" "26" "27" "28" "29" "3" "30" "31" "32" "33" "34" "35" "36" "37" "38" "39" "4" "40" "41" "42" "43" "44" "45" "46" "47" "48" "49" "5" "6" "7" "8" "9"]
2025-06-03 18:09:09,529{GMT}	INFO	[jepsen worker 0] jepsen.util: 0	:invoke	:broadcast	50
2025-06-03 18:09:09,530{GMT}	INFO	[jepsen worker 0] jepsen.util: 0	:ok	:broadcast	50
2025-06-03 18:09:09,687{GMT}	INFO	[jepsen worker 0] jepsen.util: 0	:invoke	:broadcast	51
2025-06-03 18:09:09,688{GMT}	INFO	[jepsen worker 0] jepsen.util: 0	:ok	:broadcast	51
2025-06-03 18:09:09,844{GMT}	INFO	[jepsen worker 0] jepsen.util: 0	:invoke	:broadcast	52
2025-06-03 18:09:09,846{GMT}	INFO	[jepsen worker 0] jepsen.util: 0	:ok	:broadcast	52
2025-06-03 18:09:09,869{GMT}	INFO	[jepsen worker 0] jepsen.util: 0	:invoke	:broadcast	53
2025-06-03 18:09:09,870{GMT}	INFO	[jepsen worker 0] jepsen.util: 0	:ok	:broadcast	53
2025-06-03 18:09:09,871{GMT}	INFO	[jepsen worker 0] jepsen.util: 0	:invoke	:broadcast	54
2025-06-03 18:09:09,872{GMT}	INFO	[jepsen worker 0] jepsen.util: 0	:ok	:broadcast	54
2025-06-03 18:09:09,933{GMT}	INFO	[jepsen worker 0] jepsen.util: 0	:invoke	:read	nil
2025-06-03 18:09:09,934{GMT}	INFO	[jepsen worker 0] jepsen.util: 0	:ok	:read	["0" "1" "10" "11" "12" "13" "14" "15" "16" "17" "18" "19" "2" "20" "21" "22" "23" "24" "25" "26" "27" "28" "29" "3" "30" "31" "32" "33" "34" "35" "36" "37" "38" "39" "4" "40" "41" "42" "43" "44" "45" "46" "47" "48" "49" "5" "50" "51" "52" "53" "54" "6" "7" "8" "9"]
2025-06-03 18:09:10,115{GMT}	INFO	[jepsen worker 0] jepsen.util: 0	:invoke	:broadcast	55
2025-06-03 18:09:10,117{GMT}	INFO	[jepsen worker 0] jepsen.util: 0	:ok	:broadcast	55
2025-06-03 18:09:10,145{GMT}	INFO	[jepsen worker 0] jepsen.util: 0	:invoke	:read	nil
2025-06-03 18:09:10,147{GMT}	INFO	[jepsen worker 0] jepsen.util: 0	:ok	:read	["0" "1" "10" "11" "12" "13" "14" "15" "16" "17" "18" "19" "2" "20" "21" "22" "23" "24" "25" "26" "27" "28" "29" "3" "30" "31" "32" "33" "34" "35" "36" "37" "38" "39" "4" "40" "41" "42" "43" "44" "45" "46" "47" "48" "49" "5" "50" "51" "52" "53" "54" "55" "6" "7" "8" "9"]
2025-06-03 18:09:10,325{GMT}	INFO	[jepsen worker 0] jepsen.util: 0	:invoke	:read	nil
2025-06-03 18:09:10,327{GMT}	INFO	[jepsen worker 0] jepsen.util: 0	:ok	:read	["0" "1" "10" "11" "12" "13" "14" "15" "16" "17" "18" "19" "2" "20" "21" "22" "23" "24" "25" "26" "27" "28" "29" "3" "30" "31" "32" "33" "34" "35" "36" "37" "38" "39" "4" "40" "41" "42" "43" "44" "45" "46" "47" "48" "49" "5" "50" "51" "52" "53" "54" "55" "6" "7" "8" "9"]
2025-06-03 18:09:10,350{GMT}	INFO	[jepsen worker 0] jepsen.util: 0	:invoke	:read	nil
2025-06-03 18:09:10,352{GMT}	INFO	[jepsen worker 0] jepsen.util: 0	:ok	:read	["0" "1" "10" "11" "12" "13" "14" "15" "16" "17" "18" "19" "2" "20" "21" "22" "23" "24" "25" "26" "27" "28" "29" "3" "30" "31" "32" "33" "34" "35" "36" "37" "38" "39" "4" "40" "41" "42" "43" "44" "45" "46" "47" "48" "49" "5" "50" "51" "52" "53" "54" "55" "6" "7" "8" "9"]
2025-06-03 18:09:10,413{GMT}	INFO	[jepsen worker 0] jepsen.util: 0	:invoke	:read	nil
2025-06-03 18:09:10,415{GMT}	INFO	[jepsen worker 0] jepsen.util: 0	:ok	:read	["0" "1" "10" "11" "12" "13" "14" "15" "16" "17" "18" "19" "2" "20" "21" "22" "23" "24" "25" "26" "27" "28" "29" "3" "30" "31" "32" "33" "34" "35" "36" "37" "38" "39" "4" "40" "41" "42" "43" "44" "45" "46" "47" "48" "49" "5" "50" "51" "52" "53" "54" "55" "6" "7" "8" "9"]
2025-06-03 18:09:10,421{GMT}	INFO	[jepsen worker 0] jepsen.util: 0	:invoke	:broadcast	56
2025-06-03 18:09:10,422{GMT}	INFO	[jepsen worker 0] jepsen.util: 0	:ok	:broadcast	56
2025-06-03 18:09:10,478{GMT}	INFO	[jepsen worker 0] jepsen.util: 0	:invoke	:broadcast	57
2025-06-03 18:09:10,481{GMT}	INFO	[jepsen worker 0] jepsen.util: 0	:ok	:broadcast	57
2025-06-03 18:09:10,659{GMT}	INFO	[jepsen worker 0] jepsen.util: 0	:invoke	:broadcast	58
2025-06-03 18:09:10,662{GMT}	INFO	[jepsen worker 0] jepsen.util: 0	:ok	:broadcast	58
2025-06-03 18:09:10,762{GMT}	INFO	[jepsen worker 0] jepsen.util: 0	:invoke	:broadcast	59
2025-06-03 18:09:10,764{GMT}	INFO	[jepsen worker 0] jepsen.util: 0	:ok	:broadcast	59
2025-06-03 18:09:10,913{GMT}	INFO	[jepsen worker 0] jepsen.util: 0	:invoke	:broadcast	60
2025-06-03 18:09:10,919{GMT}	INFO	[jepsen worker 0] jepsen.util: 0	:ok	:broadcast	60
2025-06-03 18:09:10,935{GMT}	INFO	[jepsen worker 0] jepsen.util: 0	:invoke	:broadcast	61
2025-06-03 18:09:10,937{GMT}	INFO	[jepsen worker 0] jepsen.util: 0	:ok	:broadcast	61
2025-06-03 18:09:11,128{GMT}	INFO	[jepsen worker 0] jepsen.util: 0	:invoke	:broadcast	62
2025-06-03 18:09:11,131{GMT}	INFO	[jepsen worker 0] jepsen.util: 0	:ok	:broadcast	62
2025-06-03 18:09:11,271{GMT}	INFO	[jepsen worker 0] jepsen.util: 0	:invoke	:broadcast	63
2025-06-03 18:09:11,273{GMT}	INFO	[jepsen worker 0] jepsen.util: 0	:ok	:broadcast	63
2025-06-03 18:09:11,442{GMT}	INFO	[jepsen worker 0] jepsen.util: 0	:invoke	:broadcast	64
2025-06-03 18:09:11,444{GMT}	INFO	[jepsen worker 0] jepsen.util: 0	:ok	:broadcast	64
2025-06-03 18:09:11,637{GMT}	INFO	[jepsen worker 0] jepsen.util: 0	:invoke	:broadcast	65
2025-06-03 18:09:11,638{GMT}	INFO	[jepsen worker 0] jepsen.util: 0	:ok	:broadcast	65
2025-06-03 18:09:11,660{GMT}	INFO	[jepsen worker 0] jepsen.util: 0	:invoke	:broadcast	66
2025-06-03 18:09:11,661{GMT}	INFO	[jepsen worker 0] jepsen.util: 0	:ok	:broadcast	66
2025-06-03 18:09:11,827{GMT}	INFO	[jepsen worker 0] jepsen.util: 0	:invoke	:read	nil
2025-06-03 18:09:11,829{GMT}	INFO	[jepsen worker 0] jepsen.util: 0	:ok	:read	["0" "1" "10" "11" "12" "13" "14" "15" "16" "17" "18" "19" "2" "20" "21" "22" "23" "24" "25" "26" "27" "28" "29" "3" "30" "31" "32" "33" "34" "35" "36" "37" "38" "39" "4" "40" "41" "42" "43" "44" "45" "46" "47" "48" "49" "5" "50" "51" "52" "53" "54" "55" "56" "57" "58" "59" "6" "60" "61" "62" "63" "64" "65" "66" "7" "8" "9"]
2025-06-03 18:09:11,980{GMT}	INFO	[jepsen worker 0] jepsen.util: 0	:invoke	:broadcast	67
2025-06-03 18:09:11,981{GMT}	INFO	[jepsen worker 0] jepsen.util: 0	:ok	:broadcast	67
2025-06-03 18:09:12,028{GMT}	INFO	[jepsen worker 0] jepsen.util: 0	:invoke	:read	nil
2025-06-03 18:09:12,029{GMT}	INFO	[jepsen worker 0] jepsen.util: 0	:ok	:read	["0" "1" "10" "11" "12" "13" "14" "15" "16" "17" "18" "19" "2" "20" "21" "22" "23" "24" "25" "26" "27" "28" "29" "3" "30" "31" "32" "33" "34" "35" "36" "37" "38" "39" "4" "40" "41" "42" "43" "44" "45" "46" "47" "48" "49" "5" "50" "51" "52" "53" "54" "55" "56" "57" "58" "59" "6" "60" "61" "62" "63" "64" "65" "66" "67" "7" "8" "9"]
2025-06-03 18:09:12,232{GMT}	INFO	[jepsen worker 0] jepsen.util: 0	:invoke	:read	nil
2025-06-03 18:09:12,235{GMT}	INFO	[jepsen worker 0] jepsen.util: 0	:ok	:read	["0" "1" "10" "11" "12" "13" "14" "15" "16" "17" "18" "19" "2" "20" "21" "22" "23" "24" "25" "26" "27" "28" "29" "3" "30" "31" "32" "33" "34" "35" "36" "37" "38" "39" "4" "40" "41" "42" "43" "44" "45" "46" "47" "48" "49" "5" "50" "51" "52" "53" "54" "55" "56" "57" "58" "59" "6" "60" "61" "62" "63" "64" "65" "66" "67" "7" "8" "9"]
2025-06-03 18:09:12,357{GMT}	INFO	[jepsen worker 0] jepsen.util: 0	:invoke	:broadcast	68
2025-06-03 18:09:12,359{GMT}	INFO	[jepsen worker 0] jepsen.util: 0	:ok	:broadcast	68
2025-06-03 18:09:12,408{GMT}	INFO	[jepsen worker 0] jepsen.util: 0	:invoke	:read	nil
2025-06-03 18:09:12,412{GMT}	INFO	[jepsen worker 0] jepsen.util: 0	:ok	:read	["0" "1" "10" "11" "12" "13" "14" "15" "16" "17" "18" "19" "2" "20" "21" "22" "23" "24" "25" "26" "27" "28" "29" "3" "30" "31" "32" "33" "34" "35" "36" "37" "38" "39" "4" "40" "41" "42" "43" "44" "45" "46" "47" "48" "49" "5" "50" "51" "52" "53" "54" "55" "56" "57" "58" "59" "6" "60" "61" "62" "63" "64" "65" "66" "67" "68" "7" "8" "9"]
2025-06-03 18:09:12,592{GMT}	INFO	[jepsen worker 0] jepsen.util: 0	:invoke	:read	nil
2025-06-03 18:09:12,596{GMT}	INFO	[jepsen worker 0] jepsen.util: 0	:ok	:read	["0" "1" "10" "11" "12" "13" "14" "15" "16" "17" "18" "19" "2" "20" "21" "22" "23" "24" "25" "26" "27" "28" "29" "3" "30" "31" "32" "33" "34" "35" "36" "37" "38" "39" "4" "40" "41" "42" "43" "44" "45" "46" "47" "48" "49" "5" "50" "51" "52" "53" "54" "55" "56" "57" "58" "59" "6" "60" "61" "62" "63" "64" "65" "66" "67" "68" "7" "8" "9"]
2025-06-03 18:09:12,782{GMT}	INFO	[jepsen worker 0] jepsen.util: 0	:invoke	:read	nil
2025-06-03 18:09:12,785{GMT}	INFO	[jepsen worker 0] jepsen.util: 0	:ok	:read	["0" "1" "10" "11" "12" "13" "14" "15" "16" "17" "18" "19" "2" "20" "21" "22" "23" "24" "25" "26" "27" "28" "29" "3" "30" "31" "32" "33" "34" "35" "36" "37" "38" "39" "4" "40" "41" "42" "43" "44" "45" "46" "47" "48" "49" "5" "50" "51" "52" "53" "54" "55" "56" "57" "58" "59" "6" "60" "61" "62" "63" "64" "65" "66" "67" "68" "7" "8" "9"]
2025-06-03 18:09:12,973{GMT}	INFO	[jepsen worker 0] jepsen.util: 0	:invoke	:read	nil
2025-06-03 18:09:12,976{GMT}	INFO	[jepsen worker 0] jepsen.util: 0	:ok	:read	["0" "1" "10" "11" "12" "13" "14" "15" "16" "17" "18" "19" "2" "20" "21" "22" "23" "24" "25" "26" "27" "28" "29" "3" "30" "31" "32" "33" "34" "35" "36" "37" "38" "39" "4" "40" "41" "42" "43" "44" "45" "46" "47" "48" "49" "5" "50" "51" "52" "53" "54" "55" "56" "57" "58" "59" "6" "60" "61" "62" "63" "64" "65" "66" "67" "68" "7" "8" "9"]
2025-06-03 18:09:13,169{GMT}	INFO	[jepsen worker 0] jepsen.util: 0	:invoke	:read	nil
2025-06-03 18:09:13,172{GMT}	INFO	[jepsen worker 0] jepsen.util: 0	:ok	:read	["0" "1" "10" "11" "12" "13" "14" "15" "16" "17" "18" "19" "2" "20" "21" "22" "23" "24" "25" "26" "27" "28" "29" "3" "30" "31" "32" "33" "34" "35" "36" "37" "38" "39" "4" "40" "41" "42" "43" "44" "45" "46" "47" "48" "49" "5" "50" "51" "52" "53" "54" "55" "56" "57" "58" "59" "6" "60" "61" "62" "63" "64" "65" "66" "67" "68" "7" "8" "9"]
2025-06-03 18:09:13,201{GMT}	INFO	[jepsen worker 0] jepsen.util: 0	:invoke	:broadcast	69
2025-06-03 18:09:13,204{GMT}	INFO	[jepsen worker 0] jepsen.util: 0	:ok	:broadcast	69
2025-06-03 18:09:13,312{GMT}	INFO	[jepsen worker 0] jepsen.util: 0	:invoke	:read	nil
2025-06-03 18:09:13,313{GMT}	INFO	[jepsen worker 0] jepsen.util: 0	:ok	:read	["0" "1" "10" "11" "12" "13" "14" "15" "16" "17" "18" "19" "2" "20" "21" "22" "23" "24" "25" "26" "27" "28" "29" "3" "30" "31" "32" "33" "34" "35" "36" "37" "38" "39" "4" "40" "41" "42" "43" "44" "45" "46" "47" "48" "49" "5" "50" "51" "52" "53" "54" "55" "56" "57" "58" "59" "6" "60" "61" "62" "63" "64" "65" "66" "67" "68" "69" "7" "8" "9"]
2025-06-03 18:09:13,459{GMT}	INFO	[jepsen worker 0] jepsen.util: 0	:invoke	:broadcast	70
2025-06-03 18:09:13,460{GMT}	INFO	[jepsen worker 0] jepsen.util: 0	:ok	:broadcast	70
2025-06-03 18:09:13,491{GMT}	INFO	[jepsen worker 0] jepsen.util: 0	:invoke	:read	nil
2025-06-03 18:09:13,492{GMT}	INFO	[jepsen worker 0] jepsen.util: 0	:ok	:read	["0" "1" "10" "11" "12" "13" "14" "15" "16" "17" "18" "19" "2" "20" "21" "22" "23" "24" "25" "26" "27" "28" "29" "3" "30" "31" "32" "33" "34" "35" "36" "37" "38" "39" "4" "40" "41" "42" "43" "44" "45" "46" "47" "48" "49" "5" "50" "51" "52" "53" "54" "55" "56" "57" "58" "59" "6" "60" "61" "62" "63" "64" "65" "66" "67" "68" "69" "7" "70" "8" "9"]
2025-06-03 18:09:13,536{GMT}	INFO	[jepsen worker 0] jepsen.util: 0	:invoke	:read	nil
2025-06-03 18:09:13,536{GMT}	INFO	[jepsen worker 0] jepsen.util: 0	:ok	:read	["0" "1" "10" "11" "12" "13" "14" "15" "16" "17" "18" "19" "2" "20" "21" "22" "23" "24" "25" "26" "27" "28" "29" "3" "30" "31" "32" "33" "34" "35" "36" "37" "38" "39" "4" "40" "41" "42" "43" "44" "45" "46" "47" "48" "49" "5" "50" "51" "52" "53" "54" "55" "56" "57" "58" "59" "6" "60" "61" "62" "63" "64" "65" "66" "67" "68" "69" "7" "70" "8" "9"]
2025-06-03 18:09:13,637{GMT}	INFO	[jepsen worker 0] jepsen.util: 0	:invoke	:broadcast	71
2025-06-03 18:09:13,638{GMT}	INFO	[jepsen worker 0] jepsen.util: 0	:ok	:broadcast	71
2025-06-03 18:09:13,752{GMT}	INFO	[jepsen worker 0] jepsen.util: 0	:invoke	:broadcast	72
2025-06-03 18:09:13,752{GMT}	INFO	[jepsen worker 0] jepsen.util: 0	:ok	:broadcast	72
2025-06-03 18:09:13,879{GMT}	INFO	[jepsen worker 0] jepsen.util: 0	:invoke	:read	nil
2025-06-03 18:09:13,882{GMT}	INFO	[jepsen worker 0] jepsen.util: 0	:ok	:read	["0" "1" "10" "11" "12" "13" "14" "15" "16" "17" "18" "19" "2" "20" "21" "22" "23" "24" "25" "26" "27" "28" "29" "3" "30" "31" "32" "33" "34" "35" "36" "37" "38" "39" "4" "40" "41" "42" "43" "44" "45" "46" "47" "48" "49" "5" "50" "51" "52" "53" "54" "55" "56" "57" "58" "59" "6" "60" "61" "62" "63" "64" "65" "66" "67" "68" "69" "7" "70" "71" "72" "8" "9"]
2025-06-03 18:09:14,052{GMT}	INFO	[jepsen worker 0] jepsen.util: 0	:invoke	:read	nil
2025-06-03 18:09:14,055{GMT}	INFO	[jepsen worker 0] jepsen.util: 0	:ok	:read	["0" "1" "10" "11" "12" "13" "14" "15" "16" "17" "18" "19" "2" "20" "21" "22" "23" "24" "25" "26" "27" "28" "29" "3" "30" "31" "32" "33" "34" "35" "36" "37" "38" "39" "4" "40" "41" "42" "43" "44" "45" "46" "47" "48" "49" "5" "50" "51" "52" "53" "54" "55" "56" "57" "58" "59" "6" "60" "61" "62" "63" "64" "65" "66" "67" "68" "69" "7" "70" "71" "72" "8" "9"]
2025-06-03 18:09:14,221{GMT}	INFO	[jepsen worker 0] jepsen.util: 0	:invoke	:read	nil
2025-06-03 18:09:14,224{GMT}	INFO	[jepsen worker 0] jepsen.util: 0	:ok	:read	["0" "1" "10" "11" "12" "13" "14" "15" "16" "17" "18" "19" "2" "20" "21" "22" "23" "24" "25" "26" "27" "28" "29" "3" "30" "31" "32" "33" "34" "35" "36" "37" "38" "39" "4" "40" "41" "42" "43" "44" "45" "46" "47" "48" "49" "5" "50" "51" "52" "53" "54" "55" "56" "57" "58" "59" "6" "60" "61" "62" "63" "64" "65" "66" "67" "68" "69" "7" "70" "71" "72" "8" "9"]
2025-06-03 18:09:14,313{GMT}	INFO	[jepsen worker 0] jepsen.util: 0	:invoke	:broadcast	73
2025-06-03 18:09:14,316{GMT}	INFO	[jepsen worker 0] jepsen.util: 0	:ok	:broadcast	73
2025-06-03 18:09:14,477{GMT}	INFO	[jepsen worker 0] jepsen.util: 0	:invoke	:broadcast	74
2025-06-03 18:09:14,479{GMT}	INFO	[jepsen worker 0] jepsen.util: 0	:ok	:broadcast	74
2025-06-03 18:09:14,569{GMT}	INFO	[jepsen worker 0] jepsen.util: 0	:invoke	:read	nil
2025-06-03 18:09:14,570{GMT}	INFO	[jepsen worker 0] jepsen.util: 0	:ok	:read	["0" "1" "10" "11" "12" "13" "14" "15" "16" "17" "18" "19" "2" "20" "21" "22" "23" "24" "25" "26" "27" "28" "29" "3" "30" "31" "32" "33" "34" "35" "36" "37" "38" "39" "4" "40" "41" "42" "43" "44" "45" "46" "47" "48" "49" "5" "50" "51" "52" "53" "54" "55" "56" "57" "58" "59" "6" "60" "61" "62" "63" "64" "65" "66" "67" "68" "69" "7" "70" "71" "72" "73" "74" "8" "9"]
2025-06-03 18:09:14,774{GMT}	INFO	[jepsen worker 0] jepsen.util: 0	:invoke	:broadcast	75
2025-06-03 18:09:14,776{GMT}	INFO	[jepsen worker 0] jepsen.util: 0	:ok	:broadcast	75
2025-06-03 18:09:14,929{GMT}	INFO	[jepsen worker 0] jepsen.util: 0	:invoke	:read	nil
2025-06-03 18:09:14,930{GMT}	INFO	[jepsen worker 0] jepsen.util: 0	:ok	:read	["0" "1" "10" "11" "12" "13" "14" "15" "16" "17" "18" "19" "2" "20" "21" "22" "23" "24" "25" "26" "27" "28" "29" "3" "30" "31" "32" "33" "34" "35" "36" "37" "38" "39" "4" "40" "41" "42" "43" "44" "45" "46" "47" "48" "49" "5" "50" "51" "52" "53" "54" "55" "56" "57" "58" "59" "6" "60" "61" "62" "63" "64" "65" "66" "67" "68" "69" "7" "70" "71" "72" "73" "74" "75" "8" "9"]
2025-06-03 18:09:15,121{GMT}	INFO	[jepsen worker 0] jepsen.util: 0	:invoke	:broadcast	76
2025-06-03 18:09:15,124{GMT}	INFO	[jepsen worker 0] jepsen.util: 0	:ok	:broadcast	76
2025-06-03 18:09:15,124{GMT}	INFO	[jepsen worker 0] jepsen.util: 0	:invoke	:broadcast	77
2025-06-03 18:09:15,126{GMT}	INFO	[jepsen worker 0] jepsen.util: 0	:ok	:broadcast	77
2025-06-03 18:09:15,306{GMT}	INFO	[jepsen worker 0] jepsen.util: 0	:invoke	:read	nil
2025-06-03 18:09:15,306{GMT}	INFO	[jepsen worker 0] jepsen.util: 0	:ok	:read	["0" "1" "10" "11" "12" "13" "14" "15" "16" "17" "18" "19" "2" "20" "21" "22" "23" "24" "25" "26" "27" "28" "29" "3" "30" "31" "32" "33" "34" "35" "36" "37" "38" "39" "4" "40" "41" "42" "43" "44" "45" "46" "47" "48" "49" "5" "50" "51" "52" "53" "54" "55" "56" "57" "58" "59" "6" "60" "61" "62" "63" "64" "65" "66" "67" "68" "69" "7" "70" "71" "72" "73" "74" "75" "76" "77" "8" "9"]
2025-06-03 18:09:15,501{GMT}	INFO	[jepsen worker 0] jepsen.util: 0	:invoke	:read	nil
2025-06-03 18:09:15,502{GMT}	INFO	[jepsen worker 0] jepsen.util: 0	:ok	:read	["0" "1" "10" "11" "12" "13" "14" "15" "16" "17" "18" "19" "2" "20" "21" "22" "23" "24" "25" "26" "27" "28" "29" "3" "30" "31" "32" "33" "34" "35" "36" "37" "38" "39" "4" "40" "41" "42" "43" "44" "45" "46" "47" "48" "49" "5" "50" "51" "52" "53" "54" "55" "56" "57" "58" "59" "6" "60" "61" "62" "63" "64" "65" "66" "67" "68" "69" "7" "70" "71" "72" "73" "74" "75" "76" "77" "8" "9"]
2025-06-03 18:09:15,704{GMT}	INFO	[jepsen worker 0] jepsen.util: 0	:invoke	:broadcast	78
2025-06-03 18:09:15,705{GMT}	INFO	[jepsen worker 0] jepsen.util: 0	:ok	:broadcast	78
2025-06-03 18:09:15,805{GMT}	INFO	[jepsen worker 0] jepsen.util: 0	:invoke	:broadcast	79
2025-06-03 18:09:15,806{GMT}	INFO	[jepsen worker 0] jepsen.util: 0	:ok	:broadcast	79
2025-06-03 18:09:15,860{GMT}	INFO	[jepsen worker 0] jepsen.util: 0	:invoke	:read	nil
2025-06-03 18:09:15,861{GMT}	INFO	[jepsen worker 0] jepsen.util: 0	:ok	:read	["0" "1" "10" "11" "12" "13" "14" "15" "16" "17" "18" "19" "2" "20" "21" "22" "23" "24" "25" "26" "27" "28" "29" "3" "30" "31" "32" "33" "34" "35" "36" "37" "38" "39" "4" "40" "41" "42" "43" "44" "45" "46" "47" "48" "49" "5" "50" "51" "52" "53" "54" "55" "56" "57" "58" "59" "6" "60" "61" "62" "63" "64" "65" "66" "67" "68" "69" "7" "70" "71" "72" "73" "74" "75" "76" "77" "78" "79" "8" "9"]
2025-06-03 18:09:15,968{GMT}	INFO	[jepsen worker 0] jepsen.util: 0	:invoke	:broadcast	80
2025-06-03 18:09:15,969{GMT}	INFO	[jepsen worker 0] jepsen.util: 0	:ok	:broadcast	80
2025-06-03 18:09:16,017{GMT}	INFO	[jepsen worker 0] jepsen.util: 0	:invoke	:broadcast	81
2025-06-03 18:09:16,017{GMT}	INFO	[jepsen worker 0] jepsen.util: 0	:ok	:broadcast	81
2025-06-03 18:09:16,183{GMT}	INFO	[jepsen worker 0] jepsen.util: 0	:invoke	:broadcast	82
2025-06-03 18:09:16,184{GMT}	INFO	[jepsen worker 0] jepsen.util: 0	:ok	:broadcast	82
2025-06-03 18:09:16,372{GMT}	INFO	[jepsen worker 0] jepsen.util: 0	:invoke	:read	nil
2025-06-03 18:09:16,374{GMT}	INFO	[jepsen worker 0] jepsen.util: 0	:ok	:read	["0" "1" "10" "11" "12" "13" "14" "15" "16" "17" "18" "19" "2" "20" "21" "22" "23" "24" "25" "26" "27" "28" "29" "3" "30" "31" "32" "33" "34" "35" "36" "37" "38" "39" "4" "40" "41" "42" "43" "44" "45" "46" "47" "48" "49" "5" "50" "51" "52" "53" "54" "55" "56" "57" "58" "59" "6" "60" "61" "62" "63" "64" "65" "66" "67" "68" "69" "7" "70" "71" "72" "73" "74" "75" "76" "77" "78" "79" "8" "80" "81" "82" "9"]
2025-06-03 18:09:16,536{GMT}	INFO	[jepsen worker 0] jepsen.util: 0	:invoke	:read	nil
2025-06-03 18:09:16,539{GMT}	INFO	[jepsen worker 0] jepsen.util: 0	:ok	:read	["0" "1" "10" "11" "12" "13" "14" "15" "16" "17" "18" "19" "2" "20" "21" "22" "23" "24" "25" "26" "27" "28" "29" "3" "30" "31" "32" "33" "34" "35" "36" "37" "38" "39" "4" "40" "41" "42" "43" "44" "45" "46" "47" "48" "49" "5" "50" "51" "52" "53" "54" "55" "56" "57" "58" "59" "6" "60" "61" "62" "63" "64" "65" "66" "67" "68" "69" "7" "70" "71" "72" "73" "74" "75" "76" "77" "78" "79" "8" "80" "81" "82" "9"]
2025-06-03 18:09:16,616{GMT}	INFO	[jepsen worker 0] jepsen.util: 0	:invoke	:broadcast	83
2025-06-03 18:09:16,618{GMT}	INFO	[jepsen worker 0] jepsen.util: 0	:ok	:broadcast	83
2025-06-03 18:09:16,696{GMT}	INFO	[jepsen worker 0] jepsen.util: 0	:invoke	:read	nil
2025-06-03 18:09:16,699{GMT}	INFO	[jepsen worker 0] jepsen.util: 0	:ok	:read	["0" "1" "10" "11" "12" "13" "14" "15" "16" "17" "18" "19" "2" "20" "21" "22" "23" "24" "25" "26" "27" "28" "29" "3" "30" "31" "32" "33" "34" "35" "36" "37" "38" "39" "4" "40" "41" "42" "43" "44" "45" "46" "47" "48" "49" "5" "50" "51" "52" "53" "54" "55" "56" "57" "58" "59" "6" "60" "61" "62" "63" "64" "65" "66" "67" "68" "69" "7" "70" "71" "72" "73" "74" "75" "76" "77" "78" "79" "8" "80" "81" "82" "83" "9"]
2025-06-03 18:09:16,863{GMT}	INFO	[jepsen worker 0] jepsen.util: 0	:invoke	:read	nil
2025-06-03 18:09:16,866{GMT}	INFO	[jepsen worker 0] jepsen.util: 0	:ok	:read	["0" "1" "10" "11" "12" "13" "14" "15" "16" "17" "18" "19" "2" "20" "21" "22" "23" "24" "25" "26" "27" "28" "29" "3" "30" "31" "32" "33" "34" "35" "36" "37" "38" "39" "4" "40" "41" "42" "43" "44" "45" "46" "47" "48" "49" "5" "50" "51" "52" "53" "54" "55" "56" "57" "58" "59" "6" "60" "61" "62" "63" "64" "65" "66" "67" "68" "69" "7" "70" "71" "72" "73" "74" "75" "76" "77" "78" "79" "8" "80" "81" "82" "83" "9"]
2025-06-03 18:09:16,945{GMT}	INFO	[jepsen worker 0] jepsen.util: 0	:invoke	:read	nil
2025-06-03 18:09:16,949{GMT}	INFO	[jepsen worker 0] jepsen.util: 0	:ok	:read	["0" "1" "10" "11" "12" "13" "14" "15" "16" "17" "18" "19" "2" "20" "21" "22" "23" "24" "25" "26" "27" "28" "29" "3" "30" "31" "32" "33" "34" "35" "36" "37" "38" "39" "4" "40" "41" "42" "43" "44" "45" "46" "47" "48" "49" "5" "50" "51" "52" "53" "54" "55" "56" "57" "58" "59" "6" "60" "61" "62" "63" "64" "65" "66" "67" "68" "69" "7" "70" "71" "72" "73" "74" "75" "76" "77" "78" "79" "8" "80" "81" "82" "83" "9"]
2025-06-03 18:09:17,072{GMT}	INFO	[jepsen worker 0] jepsen.util: 0	:invoke	:read	nil
2025-06-03 18:09:17,074{GMT}	INFO	[jepsen worker 0] jepsen.util: 0	:ok	:read	["0" "1" "10" "11" "12" "13" "14" "15" "16" "17" "18" "19" "2" "20" "21" "22" "23" "24" "25" "26" "27" "28" "29" "3" "30" "31" "32" "33" "34" "35" "36" "37" "38" "39" "4" "40" "41" "42" "43" "44" "45" "46" "47" "48" "49" "5" "50" "51" "52" "53" "54" "55" "56" "57" "58" "59" "6" "60" "61" "62" "63" "64" "65" "66" "67" "68" "69" "7" "70" "71" "72" "73" "74" "75" "76" "77" "78" "79" "8" "80" "81" "82" "83" "9"]
2025-06-03 18:09:17,181{GMT}	INFO	[jepsen worker 0] jepsen.util: 0	:invoke	:read	nil
2025-06-03 18:09:17,183{GMT}	INFO	[jepsen worker 0] jepsen.util: 0	:ok	:read	["0" "1" "10" "11" "12" "13" "14" "15" "16" "17" "18" "19" "2" "20" "21" "22" "23" "24" "25" "26" "27" "28" "29" "3" "30" "31" "32" "33" "34" "35" "36" "37" "38" "39" "4" "40" "41" "42" "43" "44" "45" "46" "47" "48" "49" "5" "50" "51" "52" "53" "54" "55" "56" "57" "58" "59" "6" "60" "61" "62" "63" "64" "65" "66" "67" "68" "69" "7" "70" "71" "72" "73" "74" "75" "76" "77" "78" "79" "8" "80" "81" "82" "83" "9"]
2025-06-03 18:09:17,380{GMT}	INFO	[jepsen worker 0] jepsen.util: 0	:invoke	:read	nil
2025-06-03 18:09:17,382{GMT}	INFO	[jepsen worker 0] jepsen.util: 0	:ok	:read	["0" "1" "10" "11" "12" "13" "14" "15" "16" "17" "18" "19" "2" "20" "21" "22" "23" "24" "25" "26" "27" "28" "29" "3" "30" "31" "32" "33" "34" "35" "36" "37" "38" "39" "4" "40" "41" "42" "43" "44" "45" "46" "47" "48" "49" "5" "50" "51" "52" "53" "54" "55" "56" "57" "58" "59" "6" "60" "61" "62" "63" "64" "65" "66" "67" "68" "69" "7" "70" "71" "72" "73" "74" "75" "76" "77" "78" "79" "8" "80" "81" "82" "83" "9"]
2025-06-03 18:09:17,382{GMT}	INFO	[jepsen worker 0] jepsen.util: 0	:invoke	:read	nil
2025-06-03 18:09:17,384{GMT}	INFO	[jepsen worker 0] jepsen.util: 0	:ok	:read	["0" "1" "10" "11" "12" "13" "14" "15" "16" "17" "18" "19" "2" "20" "21" "22" "23" "24" "25" "26" "27" "28" "29" "3" "30" "31" "32" "33" "34" "35" "36" "37" "38" "39" "4" "40" "41" "42" "43" "44" "45" "46" "47" "48" "49" "5" "50" "51" "52" "53" "54" "55" "56" "57" "58" "59" "6" "60" "61" "62" "63" "64" "65" "66" "67" "68" "69" "7" "70" "71" "72" "73" "74" "75" "76" "77" "78" "79" "8" "80" "81" "82" "83" "9"]
2025-06-03 18:09:17,445{GMT}	INFO	[jepsen worker 0] jepsen.util: 0	:invoke	:broadcast	84
2025-06-03 18:09:17,448{GMT}	INFO	[jepsen worker 0] jepsen.util: 0	:ok	:broadcast	84
2025-06-03 18:09:17,629{GMT}	INFO	[jepsen worker 0] jepsen.util: 0	:invoke	:broadcast	85
2025-06-03 18:09:17,632{GMT}	INFO	[jepsen worker 0] jepsen.util: 0	:ok	:broadcast	85
2025-06-03 18:09:17,795{GMT}	INFO	[jepsen worker 0] jepsen.util: 0	:invoke	:read	nil
2025-06-03 18:09:17,797{GMT}	INFO	[jepsen worker 0] jepsen.util: 0	:ok	:read	["0" "1" "10" "11" "12" "13" "14" "15" "16" "17" "18" "19" "2" "20" "21" "22" "23" "24" "25" "26" "27" "28" "29" "3" "30" "31" "32" "33" "34" "35" "36" "37" "38" "39" "4" "40" "41" "42" "43" "44" "45" "46" "47" "48" "49" "5" "50" "51" "52" "53" "54" "55" "56" "57" "58" "59" "6" "60" "61" "62" "63" "64" "65" "66" "67" "68" "69" "7" "70" "71" "72" "73" "74" "75" "76" "77" "78" "79" "8" "80" "81" "82" "83" "84" "85" "9"]
2025-06-03 18:09:17,835{GMT}	INFO	[jepsen worker 0] jepsen.util: 0	:invoke	:read	nil
2025-06-03 18:09:17,837{GMT}	INFO	[jepsen worker 0] jepsen.util: 0	:ok	:read	["0" "1" "10" "11" "12" "13" "14" "15" "16" "17" "18" "19" "2" "20" "21" "22" "23" "24" "25" "26" "27" "28" "29" "3" "30" "31" "32" "33" "34" "35" "36" "37" "38" "39" "4" "40" "41" "42" "43" "44" "45" "46" "47" "48" "49" "5" "50" "51" "52" "53" "54" "55" "56" "57" "58" "59" "6" "60" "61" "62" "63" "64" "65" "66" "67" "68" "69" "7" "70" "71" "72" "73" "74" "75" "76" "77" "78" "79" "8" "80" "81" "82" "83" "84" "85" "9"]
2025-06-03 18:09:17,922{GMT}	INFO	[jepsen worker 0] jepsen.util: 0	:invoke	:broadcast	86
2025-06-03 18:09:17,925{GMT}	INFO	[jepsen worker 0] jepsen.util: 0	:ok	:broadcast	86
2025-06-03 18:09:17,997{GMT}	INFO	[jepsen worker 0] jepsen.util: 0	:invoke	:broadcast	87
2025-06-03 18:09:17,999{GMT}	INFO	[jepsen worker 0] jepsen.util: 0	:ok	:broadcast	87
2025-06-03 18:09:18,132{GMT}	INFO	[jepsen worker 0] jepsen.util: 0	:invoke	:read	nil
2025-06-03 18:09:18,134{GMT}	INFO	[jepsen worker 0] jepsen.util: 0	:ok	:read	["0" "1" "10" "11" "12" "13" "14" "15" "16" "17" "18" "19" "2" "20" "21" "22" "23" "24" "25" "26" "27" "28" "29" "3" "30" "31" "32" "33" "34" "35" "36" "37" "38" "39" "4" "40" "41" "42" "43" "44" "45" "46" "47" "48" "49" "5" "50" "51" "52" "53" "54" "55" "56" "57" "58" "59" "6" "60" "61" "62" "63" "64" "65" "66" "67" "68" "69" "7" "70" "71" "72" "73" "74" "75" "76" "77" "78" "79" "8" "80" "81" "82" "83" "84" "85" "86" "87" "9"]
2025-06-03 18:09:18,135{GMT}	INFO	[jepsen worker 0] jepsen.generator.interpreter: Waiting for recovery...
2025-06-03 18:09:28,142{GMT}	INFO	[jepsen worker 0] jepsen.util: 0	:invoke	:read	nil
2025-06-03 18:09:28,145{GMT}	INFO	[jepsen worker 0] jepsen.util: 0	:ok	:read	["0" "1" "10" "11" "12" "13" "14" "15" "16" "17" "18" "19" "2" "20" "21" "22" "23" "24" "25" "26" "27" "28" "29" "3" "30" "31" "32" "33" "34" "35" "36" "37" "38" "39" "4" "40" "41" "42" "43" "44" "45" "46" "47" "48" "49" "5" "50" "51" "52" "53" "54" "55" "56" "57" "58" "59" "6" "60" "61" "62" "63" "64" "65" "66" "67" "68" "69" "7" "70" "71" "72" "73" "74" "75" "76" "77" "78" "79" "8" "80" "81" "82" "83" "84" "85" "86" "87" "9"]
2025-06-03 18:09:28,162{GMT}	INFO	[jepsen test runner] jepsen.core: Run complete, writing
2025-06-03 18:09:28,216{GMT}	INFO	[jepsen node n0] maelstrom.db: Tearing down n0
2025-06-03 18:09:29,337{GMT}	INFO	[jepsen node n0] maelstrom.net: Shutting down Maelstrom network
2025-06-03 18:09:29,339{GMT}	INFO	[jepsen test runner] jepsen.core: Analyzing...
2025-06-03 18:09:29,513{GMT}	INFO	[jepsen test runner] jepsen.core: Analysis complete
2025-06-03 18:09:29,523{GMT}	INFO	[jepsen results] jepsen.store: Wrote /Users/adr/code/maelstrom/store/broadcast/20250603T180848.942-0400/results.edn
2025-06-03 18:09:29,539{GMT}	INFO	[jepsen test runner] jepsen.core: {:perf {:latency-graph {:valid? true},
        :rate-graph {:valid? true},
        :valid? true},
 :timeline {:valid? true},
 :exceptions {:valid? true},
 :stats {:valid? true,
         :count 177,
         :ok-count 177,
         :fail-count 0,
         :info-count 0,
         :by-f {:broadcast {:valid? true,
                            :count 88,
                            :ok-count 88,
                            :fail-count 0,
                            :info-count 0},
                :read {:valid? true,
                       :count 89,
                       :ok-count 89,
                       :fail-count 0,
                       :info-count 0}}},
 :availability {:valid? true, :ok-fraction 1.0},
 :net {:all {:send-count 358,
             :recv-count 358,
             :msg-count 358,
             :msgs-per-op 2.022599},
       :clients {:send-count 358, :recv-count 358, :msg-count 358},
       :servers {:send-count 0,
                 :recv-count 0,
                 :msg-count 0,
                 :msgs-per-op 0.0},
       :valid? true},
 :workload {:worst-stale (),
            :duplicated-count 0,
            :valid? false,
            :lost-count 88,
            :lost (0
                   1
                   2
                   3
                   4
                   5
                   6
                   7
                   8
                   9
                   10
                   11
                   12
                   13
                   14
                   15
                   16
                   17
                   18
                   19
                   20
                   21
                   22
                   23
                   24
                   25
                   26
                   27
                   28
                   29
                   30
                   31
                   32
                   33
                   34
                   35
                   36
                   37
                   38
                   39
                   40
                   41
                   42
                   43
                   44
                   45
                   46
                   47
                   48
                   49
                   50
                   51
                   52
                   53
                   54
                   55
                   56
                   57
                   58
                   59
                   60
                   61
                   62
                   63
                   64
                   65
                   66
                   67
                   68
                   69
                   70
                   71
                   72
                   73
                   74
                   75
                   76
                   77
                   78
                   79
                   80
                   81
                   82
                   83
                   84
                   85
                   86
                   87),
            :stable-count 0,
            :stale-count 0,
            :stale (),
            :never-read-count 0,
            :attempt-count 88,
            :lost-latencies {0 0, 0.5 0, 0.95 0, 0.99 0, 1 0},
            :never-read (),
            :duplicated {}},
 :valid? false}


Analysis invalid! ( 
