2025-05-30 19:17:59,710{GMT}	INFO	[jepsen test runner] jepsen.core: Test version 9c9bbdfd60f614614ba86cf415b5dc43daf0d73d (plus uncommitted changes)
2025-05-30 19:17:59,710{GMT}	INFO	[jepsen test runner] jepsen.core: Command line:
lein run test -w broadcast --bin self/server/_build/default/bin/main.exe --time-limit 5 --rate 10
2025-05-30 19:17:59,750{GMT}	INFO	[jepsen test runner] jepsen.core: Running test:
{:args []
 :remote
 #jepsen.control.retry.Remote{:remote #jepsen.control.scp.Remote{:cmd-remote #jepsen.control.sshj.SSHJRemote{:concurrency-limit 6,
                                                                                                             :conn-spec nil,
                                                                                                             :client nil,
                                                                                                             :semaphore nil},
                                                                 :conn-spec nil},
                              :conn nil}
 :log-net-send false
 :node-count nil
 :availability nil
 :max-txn-length 4
 :concurrency 5
 :db
 #object[maelstrom.db$db$reify__16612
         "0x5a69f1ef"
         "maelstrom.db$db$reify__16612@5a69f1ef"]
 :max-writes-per-key 16
 :leave-db-running? false
 :name "broadcast"
 :logging-json? false
 :start-time
 #object[org.joda.time.DateTime "0x64001530" "2025-05-30T19:17:59.684-04:00"]
 :nemesis-interval 10
 :net
 #object[maelstrom.net$jepsen_net$reify__15721
         "0x1f9b8c23"
         "maelstrom.net$jepsen_net$reify__15721@1f9b8c23"]
 :client
 #object[maelstrom.workload.broadcast$client$reify__17142
         "0x6b297a62"
         "maelstrom.workload.broadcast$client$reify__17142@6b297a62"]
 :barrier
 #object[java.util.concurrent.CyclicBarrier
         "0x11303cb"
         "java.util.concurrent.CyclicBarrier@11303cb"]
 :log-stderr false
 :pure-generators true
 :ssh {:dummy? true}
 :rate 10.0
 :checker
 #object[jepsen.checker$compose$reify__11089
         "0x655e3f4c"
         "jepsen.checker$compose$reify__11089@655e3f4c"]
 :argv
 ("test"
  "-w"
  "broadcast"
  "--bin"
  "self/server/_build/default/bin/main.exe"
  "--time-limit"
  "5"
  "--rate"
  "10")
 :nemesis
 (jepsen.nemesis.ReflCompose
  {:fm {:start-partition 0,
        :stop-partition 0,
        :kill 1,
        :start 1,
        :pause 1,
        :resume 1},
   :nemeses [#unprintable "jepsen.nemesis.combined$partition_nemesis$reify__16905@26e74d50"
             #unprintable "jepsen.nemesis.combined$db_nemesis$reify__16886@6bdc984"]})
 :nodes ["n1" "n2" "n3" "n4" "n5"]
 :test-count 1
 :latency {:mean 0, :dist :constant}
 :bin "self/server/_build/default/bin/main.exe"
 :generator
 #object[jepsen.util.Forgettable
         "0x4c18b432"
         ((jepsen.generator.Synchronize
           {:gen (jepsen.generator.TimeLimit
                  {:limit 5000000000,
                   :cutoff nil,
                   :gen (jepsen.generator.Any
                         {:gens [(jepsen.generator.OnThreads
                                  {:f #{:nemesis},
                                   :context-filter #object[jepsen.generator.context$make_thread_filter$lazy_filter__12077
                                                           "0x2092b072"
                                                           "jepsen.generator.context$make_thread_filter$lazy_filter__12077@2092b072"],
                                   :gen nil})
                                 (jepsen.generator.OnThreads
                                  {:f #jepsen.generator.context.AllBut{:element :nemesis},
                                   :context-filter #object[jepsen.generator.context$make_thread_filter$lazy_filter__12077
                                                           "0x504521ae"
                                                           "jepsen.generator.context$make_thread_filter$lazy_filter__12077@504521ae"],
                                   :gen (jepsen.generator.Stagger
                                         {:dt 200000000,
                                          :next-time nil,
                                          :gen (jepsen.generator.Mix
                                                {:i 0,
                                                 :gens [({:f :broadcast,
                                                          :value 0}
                                                         {:f :broadcast,
                                                          :value 1}
                                                         {:f :broadcast,
                                                          :value 2}
                                                         {:f :broadcast,
                                                          :value 3}
                                                         {:f :broadcast,
                                                          :value 4}
                                                         {:f :broadcast,
                                                          :value 5}
                                                         {:f :broadcast,
                                                          :value 6}
                                                         {:f :broadcast,
                                                          :value 7}
                                                         ...)
                                                        ({:f :read}
                                                         {:f :read}
                                                         {:f :read}
                                                         {:f :read}
                                                         {:f :read}
                                                         {:f :read}
                                                         {:f :read}
                                                         {:f :read}
                                                         ...)]})})})]})})})
          (jepsen.generator.Synchronize
           {:gen (jepsen.generator.OnThreads
                  {:f #{:nemesis},
                   :context-filter #object[jepsen.generator.context$make_thread_filter$lazy_filter__12077
                                           "0x6f8af186"
                                           "jepsen.generator.context$make_thread_filter$lazy_filter__12077@6f8af186"],
                   :gen ()})})
          (jepsen.generator.Synchronize
           {:gen {:type :log, :value "Waiting for recovery..."}})
          (jepsen.generator.Synchronize {:gen {:type :sleep, :value 10}})
          (jepsen.generator.Synchronize
           {:gen (jepsen.generator.OnThreads
                  {:f #jepsen.generator.context.AllBut{:element :nemesis},
                   :context-filter #object[jepsen.generator.context$make_thread_filter$lazy_filter__12077
                                           "0x5aaecd25"
                                           "jepsen.generator.context$make_thread_filter$lazy_filter__12077@5aaecd25"],
                   :gen (jepsen.generator.EachThread
                         {:fresh-gen {:f :read, :final? true},
                          :context-filters #object[clojure.core$promise$reify__8621
                                                   "0x239fdf8f"
                                                   {:status :pending, :val nil}],
                          :gens {}})})}))]
 :log-net-recv false
 :os
 #object[maelstrom.net$jepsen_os$reify__15724
         "0x1acd660d"
         "maelstrom.net$jepsen_os$reify__15724@1acd660d"]
 :time-limit 5
 :workload :broadcast
 :consistency-models [:strict-serializable]
 :topology :grid}

2025-05-30 19:18:00,560{GMT}	INFO	[jepsen node n1] maelstrom.net: Starting Maelstrom network
2025-05-30 19:18:00,561{GMT}	INFO	[jepsen test runner] jepsen.db: Tearing down DB
2025-05-30 19:18:00,561{GMT}	INFO	[jepsen test runner] jepsen.db: Setting up DB
2025-05-30 19:18:00,562{GMT}	INFO	[jepsen node n3] maelstrom.db: Setting up n3
2025-05-30 19:18:00,562{GMT}	INFO	[jepsen node n4] maelstrom.db: Setting up n4
2025-05-30 19:18:00,562{GMT}	INFO	[jepsen node n5] maelstrom.db: Setting up n5
2025-05-30 19:18:00,562{GMT}	INFO	[jepsen node n2] maelstrom.db: Setting up n2
2025-05-30 19:18:00,562{GMT}	INFO	[jepsen node n4] maelstrom.process: launching self/server/_build/default/bin/main.exe []
2025-05-30 19:18:00,562{GMT}	INFO	[jepsen node n5] maelstrom.process: launching self/server/_build/default/bin/main.exe []
2025-05-30 19:18:00,562{GMT}	INFO	[jepsen node n2] maelstrom.process: launching self/server/_build/default/bin/main.exe []
2025-05-30 19:18:00,562{GMT}	INFO	[jepsen node n3] maelstrom.process: launching self/server/_build/default/bin/main.exe []
2025-05-30 19:18:00,563{GMT}	INFO	[jepsen node n1] maelstrom.service: Starting services: (lin-kv lin-tso lww-kv seq-kv)
2025-05-30 19:18:00,563{GMT}	INFO	[jepsen node n1] maelstrom.db: Setting up n1
2025-05-30 19:18:00,563{GMT}	INFO	[jepsen node n1] maelstrom.process: launching self/server/_build/default/bin/main.exe []
2025-05-30 19:18:09,584{GMT}	INFO	[jepsen test runner] jepsen.core: Relative time begins now
2025-05-30 19:18:09,607{GMT}	INFO	[jepsen worker 0] jepsen.util: 0	:invoke	:broadcast	0
2025-05-30 19:18:09,612{GMT}	INFO	[jepsen worker 0] jepsen.util: 0	:ok	:broadcast	0
2025-05-30 19:18:09,699{GMT}	INFO	[jepsen worker 1] jepsen.util: 1	:invoke	:read	nil
2025-05-30 19:18:09,700{GMT}	INFO	[jepsen worker 1] jepsen.util: 1	:ok	:read	["0" "0" "0"]
2025-05-30 19:18:09,819{GMT}	INFO	[jepsen worker 2] jepsen.util: 2	:invoke	:read	nil
2025-05-30 19:18:09,822{GMT}	INFO	[jepsen worker 2] jepsen.util: 2	:ok	:read	["0"]
2025-05-30 19:18:09,985{GMT}	INFO	[jepsen worker 3] jepsen.util: 3	:invoke	:read	nil
2025-05-30 19:18:09,989{GMT}	INFO	[jepsen worker 3] jepsen.util: 3	:ok	:read	["0" "0"]
2025-05-30 19:18:10,128{GMT}	INFO	[jepsen worker 4] jepsen.util: 4	:invoke	:read	nil
2025-05-30 19:18:10,130{GMT}	INFO	[jepsen worker 4] jepsen.util: 4	:ok	:read	["0" "0"]
2025-05-30 19:18:10,306{GMT}	INFO	[jepsen worker 0] jepsen.util: 0	:invoke	:broadcast	1
2025-05-30 19:18:10,312{GMT}	INFO	[jepsen worker 0] jepsen.util: 0	:ok	:broadcast	1
2025-05-30 19:18:10,429{GMT}	INFO	[jepsen worker 0] jepsen.util: 0	:invoke	:read	nil
2025-05-30 19:18:10,432{GMT}	INFO	[jepsen worker 0] jepsen.util: 0	:ok	:read	["1" "1" "1" "0" "0" "0"]
2025-05-30 19:18:10,477{GMT}	INFO	[jepsen worker 1] jepsen.util: 1	:invoke	:read	nil
2025-05-30 19:18:10,480{GMT}	INFO	[jepsen worker 1] jepsen.util: 1	:ok	:read	["1" "1" "1" "1" "0" "0" "0"]
2025-05-30 19:18:10,646{GMT}	INFO	[jepsen worker 2] jepsen.util: 2	:invoke	:broadcast	2
2025-05-30 19:18:10,650{GMT}	INFO	[jepsen worker 2] jepsen.util: 2	:ok	:broadcast	2
2025-05-30 19:18:10,691{GMT}	INFO	[jepsen worker 3] jepsen.util: 3	:invoke	:read	nil
2025-05-30 19:18:10,693{GMT}	INFO	[jepsen worker 3] jepsen.util: 3	:ok	:read	["2" "2" "2" "1" "1" "1" "0" "0"]
2025-05-30 19:18:10,824{GMT}	INFO	[jepsen worker 4] jepsen.util: 4	:invoke	:read	nil
2025-05-30 19:18:10,828{GMT}	INFO	[jepsen worker 4] jepsen.util: 4	:ok	:read	["2" "2" "1" "1" "0" "0"]
2025-05-30 19:18:11,025{GMT}	INFO	[jepsen worker 0] jepsen.util: 0	:invoke	:broadcast	3
2025-05-30 19:18:11,027{GMT}	INFO	[jepsen worker 0] jepsen.util: 0	:ok	:broadcast	3
2025-05-30 19:18:11,188{GMT}	INFO	[jepsen worker 0] jepsen.util: 0	:invoke	:read	nil
2025-05-30 19:18:11,190{GMT}	INFO	[jepsen worker 0] jepsen.util: 0	:ok	:read	["3" "3" "3" "2" "2" "1" "1" "1" "0" "0" "0"]
2025-05-30 19:18:11,387{GMT}	INFO	[jepsen worker 1] jepsen.util: 1	:invoke	:read	nil
2025-05-30 19:18:11,389{GMT}	INFO	[jepsen worker 1] jepsen.util: 1	:ok	:read	["3" "3" "3" "3" "2" "2" "2" "2" "1" "1" "1" "1" "0" "0" "0"]
2025-05-30 19:18:11,428{GMT}	INFO	[jepsen worker 2] jepsen.util: 2	:invoke	:read	nil
2025-05-30 19:18:11,429{GMT}	INFO	[jepsen worker 2] jepsen.util: 2	:ok	:read	["3" "2" "2" "1" "0"]
2025-05-30 19:18:11,514{GMT}	INFO	[jepsen worker 3] jepsen.util: 3	:invoke	:read	nil
2025-05-30 19:18:11,516{GMT}	INFO	[jepsen worker 3] jepsen.util: 3	:ok	:read	["3" "3" "3" "2" "2" "2" "1" "1" "1" "0" "0"]
2025-05-30 19:18:11,596{GMT}	INFO	[jepsen worker 4] jepsen.util: 4	:invoke	:read	nil
2025-05-30 19:18:11,598{GMT}	INFO	[jepsen worker 4] jepsen.util: 4	:ok	:read	["3" "3" "2" "2" "1" "1" "0" "0"]
2025-05-30 19:18:11,667{GMT}	INFO	[jepsen worker 0] jepsen.util: 0	:invoke	:read	nil
2025-05-30 19:18:11,669{GMT}	INFO	[jepsen worker 0] jepsen.util: 0	:ok	:read	["3" "3" "3" "2" "2" "1" "1" "1" "0" "0" "0"]
2025-05-30 19:18:11,671{GMT}	INFO	[jepsen worker 0] jepsen.util: 0	:invoke	:read	nil
2025-05-30 19:18:11,672{GMT}	INFO	[jepsen worker 0] jepsen.util: 0	:ok	:read	["3" "3" "3" "2" "2" "1" "1" "1" "0" "0" "0"]
2025-05-30 19:18:11,806{GMT}	INFO	[jepsen worker 1] jepsen.util: 1	:invoke	:broadcast	4
2025-05-30 19:18:11,810{GMT}	INFO	[jepsen worker 1] jepsen.util: 1	:ok	:broadcast	4
2025-05-30 19:18:11,910{GMT}	INFO	[jepsen worker 2] jepsen.util: 2	:invoke	:read	nil
2025-05-30 19:18:11,911{GMT}	INFO	[jepsen worker 2] jepsen.util: 2	:ok	:read	["4" "3" "2" "2" "1" "0"]
2025-05-30 19:18:12,101{GMT}	INFO	[jepsen worker 3] jepsen.util: 3	:invoke	:read	nil
2025-05-30 19:18:12,104{GMT}	INFO	[jepsen worker 3] jepsen.util: 3	:ok	:read	["4" "4" "3" "3" "3" "2" "2" "2" "1" "1" "1" "0" "0"]
2025-05-30 19:18:12,195{GMT}	INFO	[jepsen worker 4] jepsen.util: 4	:invoke	:read	nil
2025-05-30 19:18:12,198{GMT}	INFO	[jepsen worker 4] jepsen.util: 4	:ok	:read	["4" "4" "4" "3" "3" "2" "2" "1" "1" "0" "0"]
2025-05-30 19:18:12,301{GMT}	INFO	[jepsen worker 0] jepsen.util: 0	:invoke	:broadcast	5
2025-05-30 19:18:12,303{GMT}	INFO	[jepsen worker 0] jepsen.util: 0	:ok	:broadcast	5
2025-05-30 19:18:12,430{GMT}	INFO	[jepsen worker 0] jepsen.util: 0	:invoke	:read	nil
2025-05-30 19:18:12,431{GMT}	INFO	[jepsen worker 0] jepsen.util: 0	:ok	:read	["5" "5" "5" "4" "4" "4" "3" "3" "3" "2" "2" "1" "1" "1" "0" "0" "0"]
2025-05-30 19:18:12,513{GMT}	INFO	[jepsen worker 1] jepsen.util: 1	:invoke	:broadcast	6
2025-05-30 19:18:12,514{GMT}	INFO	[jepsen worker 1] jepsen.util: 1	:ok	:broadcast	6
2025-05-30 19:18:12,587{GMT}	INFO	[jepsen worker 2] jepsen.util: 2	:invoke	:read	nil
2025-05-30 19:18:12,588{GMT}	INFO	[jepsen worker 2] jepsen.util: 2	:ok	:read	["6" "5" "4" "3" "2" "2" "1" "0"]
2025-05-30 19:18:12,666{GMT}	INFO	[jepsen worker 3] jepsen.util: 3	:invoke	:read	nil
2025-05-30 19:18:12,667{GMT}	INFO	[jepsen worker 3] jepsen.util: 3	:ok	:read	["6" "6" "5" "5" "5" "4" "4" "3" "3" "3" "2" "2" "2" "1" "1" "1" "0" "0"]
2025-05-30 19:18:12,827{GMT}	INFO	[jepsen worker 4] jepsen.util: 4	:invoke	:read	nil
2025-05-30 19:18:12,829{GMT}	INFO	[jepsen worker 4] jepsen.util: 4	:ok	:read	["6" "6" "6" "5" "5" "4" "4" "4" "3" "3" "2" "2" "1" "1" "0" "0"]
2025-05-30 19:18:13,032{GMT}	INFO	[jepsen worker 0] jepsen.util: 0	:invoke	:broadcast	7
2025-05-30 19:18:13,036{GMT}	INFO	[jepsen worker 0] jepsen.util: 0	:ok	:broadcast	7
2025-05-30 19:18:13,138{GMT}	INFO	[jepsen worker 0] jepsen.util: 0	:invoke	:read	nil
2025-05-30 19:18:13,142{GMT}	INFO	[jepsen worker 0] jepsen.util: 0	:ok	:read	["7" "7" "7" "6" "6" "6" "5" "5" "5" "4" "4" "4" "3" "3" "3" "2" "2" "1" "1" "1" "0" "0" "0"]
2025-05-30 19:18:13,256{GMT}	INFO	[jepsen worker 1] jepsen.util: 1	:invoke	:read	nil
2025-05-30 19:18:13,257{GMT}	INFO	[jepsen worker 1] jepsen.util: 1	:ok	:read	["7" "7" "7" "7" "6" "6" "6" "6" "5" "5" "5" "5" "4" "4" "4" "4" "3" "3" "3" "3" "2" "2" "2" "2" "1" "1" "1" "1" "0" "0" "0"]
2025-05-30 19:18:13,277{GMT}	INFO	[jepsen worker 2] jepsen.util: 2	:invoke	:read	nil
2025-05-30 19:18:13,278{GMT}	INFO	[jepsen worker 2] jepsen.util: 2	:ok	:read	["7" "6" "5" "4" "3" "2" "2" "1" "0"]
2025-05-30 19:18:13,387{GMT}	INFO	[jepsen worker 3] jepsen.util: 3	:invoke	:read	nil
2025-05-30 19:18:13,390{GMT}	INFO	[jepsen worker 3] jepsen.util: 3	:ok	:read	["7" "7" "7" "6" "6" "5" "5" "5" "4" "4" "3" "3" "3" "2" "2" "2" "1" "1" "1" "0" "0"]
2025-05-30 19:18:13,498{GMT}	INFO	[jepsen worker 4] jepsen.util: 4	:invoke	:broadcast	8
2025-05-30 19:18:13,502{GMT}	INFO	[jepsen worker 4] jepsen.util: 4	:ok	:broadcast	8
2025-05-30 19:18:13,643{GMT}	INFO	[jepsen worker 0] jepsen.util: 0	:invoke	:read	nil
2025-05-30 19:18:13,646{GMT}	INFO	[jepsen worker 0] jepsen.util: 0	:ok	:read	["8" "8" "7" "7" "7" "6" "6" "6" "5" "5" "5" "4" "4" "4" "3" "3" "3" "2" "2" "1" "1" "1" "0" "0" "0"]
2025-05-30 19:18:13,813{GMT}	INFO	[jepsen worker 0] jepsen.util: 0	:invoke	:broadcast	9
2025-05-30 19:18:13,816{GMT}	INFO	[jepsen worker 0] jepsen.util: 0	:ok	:broadcast	9
2025-05-30 19:18:13,937{GMT}	INFO	[jepsen worker 1] jepsen.util: 1	:invoke	:read	nil
2025-05-30 19:18:13,940{GMT}	INFO	[jepsen worker 1] jepsen.util: 1	:ok	:read	["9" "9" "9" "9" "8" "8" "8" "8" "7" "7" "7" "7" "6" "6" "6" "6" "5" "5" "5" "5" "4" "4" "4" "4" "3" "3" "3" "3" "2" "2" "2" "2" "1" "1" "1" "1" "0" "0" "0"]
2025-05-30 19:18:14,001{GMT}	INFO	[jepsen worker 2] jepsen.util: 2	:invoke	:read	nil
2025-05-30 19:18:14,003{GMT}	INFO	[jepsen worker 2] jepsen.util: 2	:ok	:read	["9" "8" "7" "6" "5" "4" "3" "2" "2" "1" "0"]
2025-05-30 19:18:14,167{GMT}	INFO	[jepsen worker 3] jepsen.util: 3	:invoke	:broadcast	10
2025-05-30 19:18:14,170{GMT}	INFO	[jepsen worker 3] jepsen.util: 3	:ok	:broadcast	10
2025-05-30 19:18:14,372{GMT}	INFO	[jepsen worker 4] jepsen.util: 4	:invoke	:read	nil
2025-05-30 19:18:14,375{GMT}	INFO	[jepsen worker 4] jepsen.util: 4	:ok	:read	["10" "10" "10" "9" "9" "8" "8" "8" "7" "7" "6" "6" "6" "5" "5" "4" "4" "4" "3" "3" "2" "2" "1" "1" "0" "0"]
2025-05-30 19:18:14,467{GMT}	INFO	[jepsen worker 0] jepsen.util: 0	:invoke	:read	nil
2025-05-30 19:18:14,470{GMT}	INFO	[jepsen worker 0] jepsen.util: 0	:ok	:read	["10" "10" "10" "9" "9" "9" "8" "8" "7" "7" "7" "6" "6" "6" "5" "5" "5" "4" "4" "4" "3" "3" "3" "2" "2" "1" "1" "1" "0" "0" "0"]
2025-05-30 19:18:14,507{GMT}	INFO	[jepsen worker 0] jepsen.util: 0	:invoke	:read	nil
2025-05-30 19:18:14,508{GMT}	INFO	[jepsen worker 0] jepsen.util: 0	:ok	:read	["10" "10" "10" "9" "9" "9" "8" "8" "7" "7" "7" "6" "6" "6" "5" "5" "5" "4" "4" "4" "3" "3" "3" "2" "2" "1" "1" "1" "0" "0" "0"]
2025-05-30 19:18:14,524{GMT}	INFO	[jepsen worker 1] jepsen.util: 1	:invoke	:read	nil
2025-05-30 19:18:14,525{GMT}	INFO	[jepsen worker 1] jepsen.util: 1	:ok	:read	["10" "10" "10" "10" "9" "9" "9" "9" "8" "8" "8" "8" "7" "7" "7" "7" "6" "6" "6" "6" "5" "5" "5" "5" "4" "4" "4" "4" "3" "3" "3" "3" "2" "2" "2" "2" "1" "1" "1" "1" "0" "0" "0"]
2025-05-30 19:18:14,525{GMT}	INFO	[jepsen worker 2] jepsen.generator.interpreter: Waiting for recovery...
2025-05-30 19:18:24,536{GMT}	INFO	[jepsen worker 4] jepsen.util: 4	:invoke	:read	nil
2025-05-30 19:18:24,537{GMT}	INFO	[jepsen worker 1] jepsen.util: 1	:invoke	:read	nil
2025-05-30 19:18:24,537{GMT}	INFO	[jepsen worker 0] jepsen.util: 0	:invoke	:read	nil
2025-05-30 19:18:24,536{GMT}	INFO	[jepsen worker 3] jepsen.util: 3	:invoke	:read	nil
2025-05-30 19:18:24,536{GMT}	INFO	[jepsen worker 2] jepsen.util: 2	:invoke	:read	nil
2025-05-30 19:18:24,539{GMT}	INFO	[jepsen worker 2] jepsen.util: 2	:ok	:read	["10" "10" "9" "8" "7" "6" "5" "4" "3" "2" "2" "1" "0"]
2025-05-30 19:18:24,539{GMT}	INFO	[jepsen worker 0] jepsen.util: 0	:ok	:read	["10" "10" "10" "9" "9" "9" "8" "8" "7" "7" "7" "6" "6" "6" "5" "5" "5" "4" "4" "4" "3" "3" "3" "2" "2" "1" "1" "1" "0" "0" "0"]
2025-05-30 19:18:24,540{GMT}	INFO	[jepsen worker 1] jepsen.util: 1	:ok	:read	["10" "10" "10" "10" "9" "9" "9" "9" "8" "8" "8" "8" "7" "7" "7" "7" "6" "6" "6" "6" "5" "5" "5" "5" "4" "4" "4" "4" "3" "3" "3" "3" "2" "2" "2" "2" "1" "1" "1" "1" "0" "0" "0"]
2025-05-30 19:18:24,539{GMT}	INFO	[jepsen worker 3] jepsen.util: 3	:ok	:read	["10" "10" "10" "9" "9" "9" "8" "8" "8" "7" "7" "7" "6" "6" "5" "5" "5" "4" "4" "3" "3" "3" "2" "2" "2" "1" "1" "1" "0" "0"]
2025-05-30 19:18:24,539{GMT}	INFO	[jepsen worker 4] jepsen.util: 4	:ok	:read	["10" "10" "10" "9" "9" "8" "8" "8" "7" "7" "6" "6" "6" "5" "5" "4" "4" "4" "3" "3" "2" "2" "1" "1" "0" "0"]
2025-05-30 19:18:24,564{GMT}	INFO	[jepsen test runner] jepsen.core: Run complete, writing
2025-05-30 19:18:24,595{GMT}	INFO	[jepsen node n1] maelstrom.db: Tearing down n1
2025-05-30 19:18:24,595{GMT}	INFO	[jepsen node n2] maelstrom.db: Tearing down n2
2025-05-30 19:18:24,595{GMT}	INFO	[jepsen node n3] maelstrom.db: Tearing down n3
2025-05-30 19:18:24,595{GMT}	INFO	[jepsen node n5] maelstrom.db: Tearing down n5
2025-05-30 19:18:24,595{GMT}	INFO	[jepsen node n4] maelstrom.db: Tearing down n4
2025-05-30 19:18:25,658{GMT}	INFO	[jepsen node n1] maelstrom.net: Shutting down Maelstrom network
2025-05-30 19:18:25,660{GMT}	INFO	[jepsen test runner] jepsen.core: Analyzing...
2025-05-30 19:18:25,797{GMT}	INFO	[jepsen test runner] jepsen.core: Analysis complete
2025-05-30 19:18:25,804{GMT}	INFO	[jepsen results] jepsen.store: Wrote /Users/adr/code/maelstrom/store/broadcast/20250530T191759.684-0400/results.edn
2025-05-30 19:18:25,832{GMT}	INFO	[jepsen test runner] jepsen.core: {:perf {:latency-graph {:valid? true},
        :rate-graph {:valid? true},
        :valid? true},
 :timeline {:valid? true},
 :exceptions {:valid? true},
 :stats {:valid? true,
         :count 49,
         :ok-count 49,
         :fail-count 0,
         :info-count 0,
         :by-f {:broadcast {:valid? true,
                            :count 11,
                            :ok-count 11,
                            :fail-count 0,
                            :info-count 0},
                :read {:valid? true,
                       :count 38,
                       :ok-count 38,
                       :fail-count 0,
                       :info-count 0}}},
 :availability {:valid? true, :ok-fraction 1.0},
 :net {:all {:send-count 250,
             :recv-count 250,
             :msg-count 250,
             :msgs-per-op 5.102041},
       :clients {:send-count 118, :recv-count 118, :msg-count 118},
       :servers {:send-count 132,
                 :recv-count 132,
                 :msg-count 132,
                 :msgs-per-op 2.6938775},
       :valid? true},
 :workload {:worst-stale (),
            :duplicated-count 0,
            :valid? false,
            :lost-count 11,
            :lost (0 1 2 3 4 5 6 7 8 9 10),
            :stable-count 0,
            :stale-count 0,
            :stale (),
            :never-read-count 0,
            :attempt-count 11,
            :lost-latencies {0 0, 0.5 0, 0.95 0, 0.99 0, 1 0},
            :never-read (),
            :duplicated {}},
 :valid? false}


Analysis invalid! (ﾉಥ益ಥ）ﾉ ┻━┻
