[INBOUND INIT]
[MATCH init]
[INIT_OK] {"src":"n5","dest":"c1","body":{"type":"init_ok","in_reply_to":1,"msg_id":0}}
[INBOUND ECHO]
[MATCH echo]
[ECHO_OK] {"src":"n5","dest":"c12","body":{"type":"echo_ok","echo":"Please echo 57","msg_id":0,"in_reply_to":1}}
[INBOUND ECHO]
[MATCH echo]
[ECHO_OK] {"src":"n5","dest":"c12","body":{"type":"echo_ok","echo":"Please echo 1","msg_id":0,"in_reply_to":2}}
[INBOUND ECHO]
[MATCH echo]
[ECHO_OK] {"src":"n5","dest":"c12","body":{"type":"echo_ok","echo":"Please echo 106","msg_id":0,"in_reply_to":3}}
[INBOUND ECHO]
[MATCH echo]
[ECHO_OK] {"src":"n5","dest":"c12","body":{"type":"echo_ok","echo":"Please echo 65","msg_id":0,"in_reply_to":4}}
[INBOUND ECHO]
[MATCH echo]
[ECHO_OK] {"src":"n5","dest":"c12","body":{"type":"echo_ok","echo":"Please echo 49","msg_id":0,"in_reply_to":5}}
[INBOUND ECHO]
[MATCH echo]
[ECHO_OK] {"src":"n5","dest":"c12","body":{"type":"echo_ok","echo":"Please echo 54","msg_id":0,"in_reply_to":6}}
[INBOUND ECHO]
[MATCH echo]
[ECHO_OK] {"src":"n5","dest":"c12","body":{"type":"echo_ok","echo":"Please echo 6","msg_id":0,"in_reply_to":7}}
[INBOUND ECHO]
[MATCH echo]
[ECHO_OK] {"src":"n5","dest":"c12","body":{"type":"echo_ok","echo":"Please echo 99","msg_id":0,"in_reply_to":8}}
[INBOUND ECHO]
[MATCH echo]
[ECHO_OK] {"src":"n5","dest":"c12","body":{"type":"echo_ok","echo":"Please echo 6","msg_id":0,"in_reply_to":9}}
[INBOUND ECHO]
[MATCH echo]
[ECHO_OK] {"src":"n5","dest":"c12","body":{"type":"echo_ok","echo":"Please echo 30","msg_id":0,"in_reply_to":10}}
[INBOUND ECHO]
[MATCH echo]
[ECHO_OK] {"src":"n5","dest":"c12","body":{"type":"echo_ok","echo":"Please echo 115","msg_id":0,"in_reply_to":11}}
[INBOUND ECHO]
[MATCH echo]
[ECHO_OK] {"src":"n5","dest":"c12","body":{"type":"echo_ok","echo":"Please echo 59","msg_id":0,"in_reply_to":12}}
[INBOUND ECHO]
[MATCH echo]
[ECHO_OK] {"src":"n5","dest":"c12","body":{"type":"echo_ok","echo":"Please echo 49","msg_id":0,"in_reply_to":13}}
[INBOUND ECHO]
[MATCH echo]
[ECHO_OK] {"src":"n5","dest":"c12","body":{"type":"echo_ok","echo":"Please echo 36","msg_id":0,"in_reply_to":14}}
[INBOUND ECHO]
[MATCH echo]
[ECHO_OK] {"src":"n5","dest":"c12","body":{"type":"echo_ok","echo":"Please echo 81","msg_id":0,"in_reply_to":15}}
[INBOUND ECHO]
[MATCH echo]
[ECHO_OK] {"src":"n5","dest":"c12","body":{"type":"echo_ok","echo":"Please echo 28","msg_id":0,"in_reply_to":16}}
[INBOUND ECHO]
[MATCH echo]
[ECHO_OK] {"src":"n5","dest":"c12","body":{"type":"echo_ok","echo":"Please echo 126","msg_id":0,"in_reply_to":17}}
[INBOUND ECHO]
[MATCH echo]
[ECHO_OK] {"src":"n5","dest":"c12","body":{"type":"echo_ok","echo":"Please echo 110","msg_id":0,"in_reply_to":18}}
[INBOUND ECHO]
[MATCH echo]
[ECHO_OK] {"src":"n5","dest":"c12","body":{"type":"echo_ok","echo":"Please echo 17","msg_id":0,"in_reply_to":19}}
[INBOUND ECHO]
[MATCH echo]
[ECHO_OK] {"src":"n5","dest":"c12","body":{"type":"echo_ok","echo":"Please echo 40","msg_id":0,"in_reply_to":20}}
[INBOUND ECHO]
[MATCH echo]
[ECHO_OK] {"src":"n5","dest":"c12","body":{"type":"echo_ok","echo":"Please echo 40","msg_id":0,"in_reply_to":21}}
[INBOUND ECHO]
[MATCH echo]
[ECHO_OK] {"src":"n5","dest":"c12","body":{"type":"echo_ok","echo":"Please echo 16","msg_id":0,"in_reply_to":22}}
[INBOUND ECHO]
[MATCH echo]
[ECHO_OK] {"src":"n5","dest":"c12","body":{"type":"echo_ok","echo":"Please echo 75","msg_id":0,"in_reply_to":23}}
[INBOUND ECHO]
[MATCH echo]
[ECHO_OK] {"src":"n5","dest":"c12","body":{"type":"echo_ok","echo":"Please echo 54","msg_id":0,"in_reply_to":24}}
[INBOUND ECHO]
[MATCH echo]
[ECHO_OK] {"src":"n5","dest":"c12","body":{"type":"echo_ok","echo":"Please echo 114","msg_id":0,"in_reply_to":25}}
[INBOUND ECHO]
[MATCH echo]
[ECHO_OK] {"src":"n5","dest":"c12","body":{"type":"echo_ok","echo":"Please echo 28","msg_id":0,"in_reply_to":26}}
[INBOUND ECHO]
[MATCH echo]
[ECHO_OK] {"src":"n5","dest":"c12","body":{"type":"echo_ok","echo":"Please echo 33","msg_id":0,"in_reply_to":27}}
[INBOUND ECHO]
[MATCH echo]
[ECHO_OK] {"src":"n5","dest":"c12","body":{"type":"echo_ok","echo":"Please echo 9","msg_id":0,"in_reply_to":28}}
[INBOUND ECHO]
[MATCH echo]
[ECHO_OK] {"src":"n5","dest":"c12","body":{"type":"echo_ok","echo":"Please echo 88","msg_id":0,"in_reply_to":29}}
[INBOUND ECHO]
[MATCH echo]
[ECHO_OK] {"src":"n5","dest":"c12","body":{"type":"echo_ok","echo":"Please echo 20","msg_id":0,"in_reply_to":30}}
[INBOUND ECHO]
[MATCH echo]
[ECHO_OK] {"src":"n5","dest":"c12","body":{"type":"echo_ok","echo":"Please echo 82","msg_id":0,"in_reply_to":31}}
[INBOUND ECHO]
[MATCH echo]
[ECHO_OK] {"src":"n5","dest":"c12","body":{"type":"echo_ok","echo":"Please echo 6","msg_id":0,"in_reply_to":32}}
[INBOUND ECHO]
[MATCH echo]
[ECHO_OK] {"src":"n5","dest":"c12","body":{"type":"echo_ok","echo":"Please echo 100","msg_id":0,"in_reply_to":33}}
[INBOUND ECHO]
[MATCH echo]
[ECHO_OK] {"src":"n5","dest":"c12","body":{"type":"echo_ok","echo":"Please echo 26","msg_id":0,"in_reply_to":34}}
[INBOUND ECHO]
[MATCH echo]
[ECHO_OK] {"src":"n5","dest":"c12","body":{"type":"echo_ok","echo":"Please echo 44","msg_id":0,"in_reply_to":35}}
[INBOUND ECHO]
[MATCH echo]
[ECHO_OK] {"src":"n5","dest":"c12","body":{"type":"echo_ok","echo":"Please echo 97","msg_id":0,"in_reply_to":36}}
[INBOUND ECHO]
[MATCH echo]
[ECHO_OK] {"src":"n5","dest":"c12","body":{"type":"echo_ok","echo":"Please echo 8","msg_id":0,"in_reply_to":37}}
[INBOUND ECHO]
[MATCH echo]
[ECHO_OK] {"src":"n5","dest":"c12","body":{"type":"echo_ok","echo":"Please echo 13","msg_id":0,"in_reply_to":38}}
[INBOUND ECHO]
[MATCH echo]
[ECHO_OK] {"src":"n5","dest":"c12","body":{"type":"echo_ok","echo":"Please echo 8","msg_id":0,"in_reply_to":39}}
[INBOUND ECHO]
[MATCH echo]
[ECHO_OK] {"src":"n5","dest":"c12","body":{"type":"echo_ok","echo":"Please echo 45","msg_id":0,"in_reply_to":40}}
[INBOUND ECHO]
[MATCH echo]
[ECHO_OK] {"src":"n5","dest":"c12","body":{"type":"echo_ok","echo":"Please echo 111","msg_id":0,"in_reply_to":41}}
[INBOUND ECHO]
[MATCH echo]
[ECHO_OK] {"src":"n5","dest":"c12","body":{"type":"echo_ok","echo":"Please echo 65","msg_id":0,"in_reply_to":42}}
