2025-05-30 19:24:03,965{GMT}	INFO	[jepsen test runner] jepsen.core: Test version 9c9bbdfd60f614614ba86cf415b5dc43daf0d73d (plus uncommitted changes)
2025-05-30 19:24:03,966{GMT}	INFO	[jepsen test runner] jepsen.core: Command line:
lein run test -w broadcast --bin self/server/_build/default/bin/main.exe --time-limit 5 --rate 10
2025-05-30 19:24:03,998{GMT}	INFO	[jepsen test runner] jepsen.core: Running test:
{:args []
 :remote
 #jepsen.control.retry.Remote{:remote #jepsen.control.scp.Remote{:cmd-remote #jepsen.control.sshj.SSHJRemote{:concurrency-limit 6,
                                                                                                             :conn-spec nil,
                                                                                                             :client nil,
                                                                                                             :semaphore nil},
                                                                 :conn-spec nil},
                              :conn nil}
 :log-net-send false
 :node-count nil
 :availability nil
 :max-txn-length 4
 :concurrency 5
 :db
 #object[maelstrom.db$db$reify__16612
         "0x5a69f1ef"
         "maelstrom.db$db$reify__16612@5a69f1ef"]
 :max-writes-per-key 16
 :leave-db-running? false
 :name "broadcast"
 :logging-json? false
 :start-time
 #object[org.joda.time.DateTime "0x64001530" "2025-05-30T19:24:03.942-04:00"]
 :nemesis-interval 10
 :net
 #object[maelstrom.net$jepsen_net$reify__15721
         "0x1f9b8c23"
         "maelstrom.net$jepsen_net$reify__15721@1f9b8c23"]
 :client
 #object[maelstrom.workload.broadcast$client$reify__17142
         "0x6b297a62"
         "maelstrom.workload.broadcast$client$reify__17142@6b297a62"]
 :barrier
 #object[java.util.concurrent.CyclicBarrier
         "0x11303cb"
         "java.util.concurrent.CyclicBarrier@11303cb"]
 :log-stderr false
 :pure-generators true
 :ssh {:dummy? true}
 :rate 10.0
 :checker
 #object[jepsen.checker$compose$reify__11089
         "0x655e3f4c"
         "jepsen.checker$compose$reify__11089@655e3f4c"]
 :argv
 ("test"
  "-w"
  "broadcast"
  "--bin"
  "self/server/_build/default/bin/main.exe"
  "--time-limit"
  "5"
  "--rate"
  "10")
 :nemesis
 (jepsen.nemesis.ReflCompose
  {:fm {:start-partition 0,
        :stop-partition 0,
        :kill 1,
        :start 1,
        :pause 1,
        :resume 1},
   :nemeses [#unprintable "jepsen.nemesis.combined$partition_nemesis$reify__16905@26e74d50"
             #unprintable "jepsen.nemesis.combined$db_nemesis$reify__16886@6bdc984"]})
 :nodes ["n1" "n2" "n3" "n4" "n5"]
 :test-count 1
 :latency {:mean 0, :dist :constant}
 :bin "self/server/_build/default/bin/main.exe"
 :generator
 #object[jepsen.util.Forgettable
         "0x4c18b432"
         ((jepsen.generator.Synchronize
           {:gen (jepsen.generator.TimeLimit
                  {:limit 5000000000,
                   :cutoff nil,
                   :gen (jepsen.generator.Any
                         {:gens [(jepsen.generator.OnThreads
                                  {:f #{:nemesis},
                                   :context-filter #object[jepsen.generator.context$make_thread_filter$lazy_filter__12077
                                                           "0x2092b072"
                                                           "jepsen.generator.context$make_thread_filter$lazy_filter__12077@2092b072"],
                                   :gen nil})
                                 (jepsen.generator.OnThreads
                                  {:f #jepsen.generator.context.AllBut{:element :nemesis},
                                   :context-filter #object[jepsen.generator.context$make_thread_filter$lazy_filter__12077
                                                           "0x504521ae"
                                                           "jepsen.generator.context$make_thread_filter$lazy_filter__12077@504521ae"],
                                   :gen (jepsen.generator.Stagger
                                         {:dt 200000000,
                                          :next-time nil,
                                          :gen (jepsen.generator.Mix
                                                {:i 0,
                                                 :gens [({:f :broadcast,
                                                          :value 0}
                                                         {:f :broadcast,
                                                          :value 1}
                                                         {:f :broadcast,
                                                          :value 2}
                                                         {:f :broadcast,
                                                          :value 3}
                                                         {:f :broadcast,
                                                          :value 4}
                                                         {:f :broadcast,
                                                          :value 5}
                                                         {:f :broadcast,
                                                          :value 6}
                                                         {:f :broadcast,
                                                          :value 7}
                                                         ...)
                                                        ({:f :read}
                                                         {:f :read}
                                                         {:f :read}
                                                         {:f :read}
                                                         {:f :read}
                                                         {:f :read}
                                                         {:f :read}
                                                         {:f :read}
                                                         ...)]})})})]})})})
          (jepsen.generator.Synchronize
           {:gen (jepsen.generator.OnThreads
                  {:f #{:nemesis},
                   :context-filter #object[jepsen.generator.context$make_thread_filter$lazy_filter__12077
                                           "0x6f8af186"
                                           "jepsen.generator.context$make_thread_filter$lazy_filter__12077@6f8af186"],
                   :gen ()})})
          (jepsen.generator.Synchronize
           {:gen {:type :log, :value "Waiting for recovery..."}})
          (jepsen.generator.Synchronize {:gen {:type :sleep, :value 10}})
          (jepsen.generator.Synchronize
           {:gen (jepsen.generator.OnThreads
                  {:f #jepsen.generator.context.AllBut{:element :nemesis},
                   :context-filter #object[jepsen.generator.context$make_thread_filter$lazy_filter__12077
                                           "0x5aaecd25"
                                           "jepsen.generator.context$make_thread_filter$lazy_filter__12077@5aaecd25"],
                   :gen (jepsen.generator.EachThread
                         {:fresh-gen {:f :read, :final? true},
                          :context-filters #object[clojure.core$promise$reify__8621
                                                   "0x239fdf8f"
                                                   {:status :pending, :val nil}],
                          :gens {}})})}))]
 :log-net-recv false
 :os
 #object[maelstrom.net$jepsen_os$reify__15724
         "0x1acd660d"
         "maelstrom.net$jepsen_os$reify__15724@1acd660d"]
 :time-limit 5
 :workload :broadcast
 :consistency-models [:strict-serializable]
 :topology :grid}

2025-05-30 19:24:04,796{GMT}	INFO	[jepsen node n1] maelstrom.net: Starting Maelstrom network
2025-05-30 19:24:04,796{GMT}	INFO	[jepsen test runner] jepsen.db: Tearing down DB
2025-05-30 19:24:04,797{GMT}	INFO	[jepsen test runner] jepsen.db: Setting up DB
2025-05-30 19:24:04,797{GMT}	INFO	[jepsen node n2] maelstrom.db: Setting up n2
2025-05-30 19:24:04,797{GMT}	INFO	[jepsen node n3] maelstrom.db: Setting up n3
2025-05-30 19:24:04,797{GMT}	INFO	[jepsen node n4] maelstrom.db: Setting up n4
2025-05-30 19:24:04,797{GMT}	INFO	[jepsen node n5] maelstrom.db: Setting up n5
2025-05-30 19:24:04,797{GMT}	INFO	[jepsen node n2] maelstrom.process: launching self/server/_build/default/bin/main.exe []
2025-05-30 19:24:04,797{GMT}	INFO	[jepsen node n4] maelstrom.process: launching self/server/_build/default/bin/main.exe []
2025-05-30 19:24:04,797{GMT}	INFO	[jepsen node n5] maelstrom.process: launching self/server/_build/default/bin/main.exe []
2025-05-30 19:24:04,797{GMT}	INFO	[jepsen node n3] maelstrom.process: launching self/server/_build/default/bin/main.exe []
2025-05-30 19:24:04,798{GMT}	INFO	[jepsen node n1] maelstrom.service: Starting services: (lin-kv lin-tso lww-kv seq-kv)
2025-05-30 19:24:04,799{GMT}	INFO	[jepsen node n1] maelstrom.db: Setting up n1
2025-05-30 19:24:04,799{GMT}	INFO	[jepsen node n1] maelstrom.process: launching self/server/_build/default/bin/main.exe []
2025-05-30 19:24:13,862{GMT}	INFO	[jepsen test runner] jepsen.core: Relative time begins now
2025-05-30 19:24:13,895{GMT}	INFO	[jepsen worker 0] jepsen.util: 0	:invoke	:broadcast	0
2025-05-30 19:24:13,899{GMT}	INFO	[jepsen worker 0] jepsen.util: 0	:ok	:broadcast	0
2025-05-30 19:24:13,987{GMT}	INFO	[jepsen worker 1] jepsen.util: 1	:invoke	:broadcast	1
2025-05-30 19:24:13,988{GMT}	INFO	[jepsen worker 1] jepsen.util: 1	:ok	:broadcast	1
2025-05-30 19:24:14,138{GMT}	INFO	[jepsen worker 2] jepsen.util: 2	:invoke	:read	nil
2025-05-30 19:24:14,142{GMT}	INFO	[jepsen worker 2] jepsen.util: 2	:ok	:read	["1" "0"]
2025-05-30 19:24:14,266{GMT}	INFO	[jepsen worker 3] jepsen.util: 3	:invoke	:broadcast	2
2025-05-30 19:24:14,271{GMT}	INFO	[jepsen worker 3] jepsen.util: 3	:ok	:broadcast	2
2025-05-30 19:24:14,355{GMT}	INFO	[jepsen worker 4] jepsen.util: 4	:invoke	:read	nil
2025-05-30 19:24:14,359{GMT}	INFO	[jepsen worker 4] jepsen.util: 4	:ok	:read	["2" "2" "2" "1" "1" "1" "0" "0"]
2025-05-30 19:24:14,414{GMT}	INFO	[jepsen worker 0] jepsen.util: 0	:invoke	:broadcast	3
2025-05-30 19:24:14,417{GMT}	INFO	[jepsen worker 0] jepsen.util: 0	:ok	:broadcast	3
2025-05-30 19:24:14,493{GMT}	INFO	[jepsen worker 0] jepsen.util: 0	:invoke	:broadcast	4
2025-05-30 19:24:14,497{GMT}	INFO	[jepsen worker 0] jepsen.util: 0	:ok	:broadcast	4
2025-05-30 19:24:14,676{GMT}	INFO	[jepsen worker 1] jepsen.util: 1	:invoke	:read	nil
2025-05-30 19:24:14,679{GMT}	INFO	[jepsen worker 1] jepsen.util: 1	:ok	:read	["4" "4" "4" "4" "3" "3" "3" "3" "2" "2" "2" "2" "1" "1" "1" "1" "0" "0" "0" "0"]
2025-05-30 19:24:14,813{GMT}	INFO	[jepsen worker 2] jepsen.util: 2	:invoke	:read	nil
2025-05-30 19:24:14,815{GMT}	INFO	[jepsen worker 2] jepsen.util: 2	:ok	:read	["4" "3" "2" "2" "1" "0"]
2025-05-30 19:24:14,850{GMT}	INFO	[jepsen worker 3] jepsen.util: 3	:invoke	:read	nil
2025-05-30 19:24:14,852{GMT}	INFO	[jepsen worker 3] jepsen.util: 3	:ok	:read	["4" "4" "4" "3" "3" "3" "2" "2" "2" "1" "1" "0" "0" "0"]
2025-05-30 19:24:14,892{GMT}	INFO	[jepsen worker 4] jepsen.util: 4	:invoke	:broadcast	5
2025-05-30 19:24:14,893{GMT}	INFO	[jepsen worker 4] jepsen.util: 4	:ok	:broadcast	5
2025-05-30 19:24:15,028{GMT}	INFO	[jepsen worker 0] jepsen.util: 0	:invoke	:broadcast	6
2025-05-30 19:24:15,032{GMT}	INFO	[jepsen worker 0] jepsen.util: 0	:ok	:broadcast	6
2025-05-30 19:24:15,043{GMT}	INFO	[jepsen worker 0] jepsen.util: 0	:invoke	:broadcast	7
2025-05-30 19:24:15,045{GMT}	INFO	[jepsen worker 0] jepsen.util: 0	:ok	:broadcast	7
2025-05-30 19:24:15,192{GMT}	INFO	[jepsen worker 1] jepsen.util: 1	:invoke	:broadcast	8
2025-05-30 19:24:15,194{GMT}	INFO	[jepsen worker 1] jepsen.util: 1	:ok	:broadcast	8
2025-05-30 19:24:15,347{GMT}	INFO	[jepsen worker 2] jepsen.util: 2	:invoke	:broadcast	9
2025-05-30 19:24:15,349{GMT}	INFO	[jepsen worker 2] jepsen.util: 2	:ok	:broadcast	9
2025-05-30 19:24:15,365{GMT}	INFO	[jepsen worker 3] jepsen.util: 3	:invoke	:read	nil
2025-05-30 19:24:15,367{GMT}	INFO	[jepsen worker 3] jepsen.util: 3	:ok	:read	["9" "9" "8" "8" "7" "7" "7" "6" "6" "6" "5" "5" "5" "4" "4" "4" "3" "3" "3" "2" "2" "2" "1" "1" "0" "0" "0"]
2025-05-30 19:24:15,471{GMT}	INFO	[jepsen worker 4] jepsen.util: 4	:invoke	:read	nil
2025-05-30 19:24:15,473{GMT}	INFO	[jepsen worker 4] jepsen.util: 4	:ok	:read	["9" "9" "9" "8" "8" "8" "7" "7" "6" "6" "5" "5" "5" "4" "4" "3" "3" "2" "2" "2" "1" "1" "1" "0" "0"]
2025-05-30 19:24:15,507{GMT}	INFO	[jepsen worker 0] jepsen.util: 0	:invoke	:read	nil
2025-05-30 19:24:15,508{GMT}	INFO	[jepsen worker 0] jepsen.util: 0	:ok	:read	["9" "9" "9" "8" "8" "8" "7" "7" "7" "6" "6" "6" "5" "5" "4" "4" "4" "3" "3" "3" "2" "2" "2" "1" "1" "1" "0" "0" "0"]
2025-05-30 19:24:15,585{GMT}	INFO	[jepsen worker 0] jepsen.util: 0	:invoke	:broadcast	10
2025-05-30 19:24:15,586{GMT}	INFO	[jepsen worker 0] jepsen.util: 0	:ok	:broadcast	10
2025-05-30 19:24:15,590{GMT}	INFO	[jepsen worker 1] jepsen.util: 1	:invoke	:broadcast	11
2025-05-30 19:24:15,591{GMT}	INFO	[jepsen worker 1] jepsen.util: 1	:ok	:broadcast	11
2025-05-30 19:24:15,745{GMT}	INFO	[jepsen worker 2] jepsen.util: 2	:invoke	:read	nil
2025-05-30 19:24:15,746{GMT}	INFO	[jepsen worker 2] jepsen.util: 2	:ok	:read	["11" "10" "9" "9" "8" "7" "6" "5" "4" "3" "2" "2" "1" "0"]
2025-05-30 19:24:15,887{GMT}	INFO	[jepsen worker 3] jepsen.util: 3	:invoke	:broadcast	12
2025-05-30 19:24:15,890{GMT}	INFO	[jepsen worker 3] jepsen.util: 3	:ok	:broadcast	12
2025-05-30 19:24:15,985{GMT}	INFO	[jepsen worker 4] jepsen.util: 4	:invoke	:read	nil
2025-05-30 19:24:15,986{GMT}	INFO	[jepsen worker 4] jepsen.util: 4	:ok	:read	["12" "12" "12" "11" "11" "11" "10" "10" "9" "9" "9" "8" "8" "8" "7" "7" "6" "6" "5" "5" "5" "4" "4" "3" "3" "2" "2" "2" "1" "1" "1" "0" "0"]
2025-05-30 19:24:16,159{GMT}	INFO	[jepsen worker 0] jepsen.util: 0	:invoke	:broadcast	13
2025-05-30 19:24:16,161{GMT}	INFO	[jepsen worker 0] jepsen.util: 0	:ok	:broadcast	13
2025-05-30 19:24:16,250{GMT}	INFO	[jepsen worker 0] jepsen.util: 0	:invoke	:broadcast	14
2025-05-30 19:24:16,251{GMT}	INFO	[jepsen worker 0] jepsen.util: 0	:ok	:broadcast	14
2025-05-30 19:24:16,371{GMT}	INFO	[jepsen worker 1] jepsen.util: 1	:invoke	:broadcast	15
2025-05-30 19:24:16,372{GMT}	INFO	[jepsen worker 1] jepsen.util: 1	:ok	:broadcast	15
2025-05-30 19:24:16,504{GMT}	INFO	[jepsen worker 2] jepsen.util: 2	:invoke	:broadcast	16
2025-05-30 19:24:16,505{GMT}	INFO	[jepsen worker 2] jepsen.util: 2	:ok	:broadcast	16
2025-05-30 19:24:16,688{GMT}	INFO	[jepsen worker 3] jepsen.util: 3	:invoke	:read	nil
2025-05-30 19:24:16,690{GMT}	INFO	[jepsen worker 3] jepsen.util: 3	:ok	:read	["16" "16" "15" "15" "14" "14" "14" "13" "13" "13" "12" "12" "12" "11" "11" "10" "10" "10" "9" "9" "8" "8" "7" "7" "7" "6" "6" "6" "5" "5" "5" "4" "4" "4" "3" "3" "3" "2" "2" "2" "1" "1" "0" "0" "0"]
2025-05-30 19:24:16,853{GMT}	INFO	[jepsen worker 4] jepsen.util: 4	:invoke	:read	nil
2025-05-30 19:24:16,855{GMT}	INFO	[jepsen worker 4] jepsen.util: 4	:ok	:read	["16" "16" "16" "15" "15" "15" "14" "14" "13" "13" "12" "12" "12" "11" "11" "11" "10" "10" "9" "9" "9" "8" "8" "8" "7" "7" "6" "6" "5" "5" "5" "4" "4" "3" "3" "2" "2" "2" "1" "1" "1" "0" "0"]
2025-05-30 19:24:16,915{GMT}	INFO	[jepsen worker 0] jepsen.util: 0	:invoke	:read	nil
2025-05-30 19:24:16,917{GMT}	INFO	[jepsen worker 0] jepsen.util: 0	:ok	:read	["16" "16" "16" "15" "15" "15" "14" "14" "14" "13" "13" "13" "12" "12" "12" "11" "11" "11" "10" "10" "10" "9" "9" "9" "8" "8" "8" "7" "7" "7" "6" "6" "6" "5" "5" "4" "4" "4" "3" "3" "3" "2" "2" "2" "1" "1" "1" "0" "0" "0"]
2025-05-30 19:24:17,115{GMT}	INFO	[jepsen worker 0] jepsen.util: 0	:invoke	:broadcast	17
2025-05-30 19:24:17,116{GMT}	INFO	[jepsen worker 0] jepsen.util: 0	:ok	:broadcast	17
2025-05-30 19:24:17,248{GMT}	INFO	[jepsen worker 1] jepsen.util: 1	:invoke	:read	nil
2025-05-30 19:24:17,249{GMT}	INFO	[jepsen worker 1] jepsen.util: 1	:ok	:read	["17" "17" "17" "17" "16" "16" "16" "15" "15" "15" "15" "14" "14" "14" "14" "13" "13" "13" "13" "12" "12" "12" "12" "11" "11" "11" "11" "10" "10" "10" "10" "9" "9" "9" "8" "8" "8" "8" "7" "7" "7" "7" "6" "6" "6" "6" "5" "5" "5" "5" "4" "4" "4" "4" "3" "3" "3" "3" "2" "2" "2" "2" "1" "1" "1" "1" "0" "0" "0" "0"]
2025-05-30 19:24:17,294{GMT}	INFO	[jepsen worker 2] jepsen.util: 2	:invoke	:broadcast	18
2025-05-30 19:24:17,295{GMT}	INFO	[jepsen worker 2] jepsen.util: 2	:ok	:broadcast	18
2025-05-30 19:24:17,409{GMT}	INFO	[jepsen worker 3] jepsen.util: 3	:invoke	:broadcast	19
2025-05-30 19:24:17,410{GMT}	INFO	[jepsen worker 3] jepsen.util: 3	:ok	:broadcast	19
2025-05-30 19:24:17,433{GMT}	INFO	[jepsen worker 4] jepsen.util: 4	:invoke	:read	nil
2025-05-30 19:24:17,435{GMT}	INFO	[jepsen worker 4] jepsen.util: 4	:ok	:read	["19" "19" "19" "18" "18" "18" "17" "17" "16" "16" "16" "15" "15" "15" "14" "14" "13" "13" "12" "12" "12" "11" "11" "11" "10" "10" "9" "9" "9" "8" "8" "8" "7" "7" "6" "6" "5" "5" "5" "4" "4" "3" "3" "2" "2" "2" "1" "1" "1" "0" "0"]
2025-05-30 19:24:17,578{GMT}	INFO	[jepsen worker 0] jepsen.util: 0	:invoke	:read	nil
2025-05-30 19:24:17,581{GMT}	INFO	[jepsen worker 0] jepsen.util: 0	:ok	:read	["19" "19" "19" "18" "18" "18" "17" "17" "17" "16" "16" "16" "15" "15" "15" "14" "14" "14" "13" "13" "13" "12" "12" "12" "11" "11" "11" "10" "10" "10" "9" "9" "9" "8" "8" "8" "7" "7" "7" "6" "6" "6" "5" "5" "4" "4" "4" "3" "3" "3" "2" "2" "2" "1" "1" "1" "0" "0" "0"]
2025-05-30 19:24:17,659{GMT}	INFO	[jepsen worker 0] jepsen.util: 0	:invoke	:read	nil
2025-05-30 19:24:17,661{GMT}	INFO	[jepsen worker 0] jepsen.util: 0	:ok	:read	["19" "19" "19" "18" "18" "18" "17" "17" "17" "16" "16" "16" "15" "15" "15" "14" "14" "14" "13" "13" "13" "12" "12" "12" "11" "11" "11" "10" "10" "10" "9" "9" "9" "8" "8" "8" "7" "7" "7" "6" "6" "6" "5" "5" "4" "4" "4" "3" "3" "3" "2" "2" "2" "1" "1" "1" "0" "0" "0"]
2025-05-30 19:24:17,809{GMT}	INFO	[jepsen worker 1] jepsen.util: 1	:invoke	:read	nil
2025-05-30 19:24:17,811{GMT}	INFO	[jepsen worker 1] jepsen.util: 1	:ok	:read	["19" "19" "19" "19" "18" "18" "18" "17" "17" "17" "17" "16" "16" "16" "15" "15" "15" "15" "14" "14" "14" "14" "13" "13" "13" "13" "12" "12" "12" "12" "11" "11" "11" "11" "10" "10" "10" "10" "9" "9" "9" "8" "8" "8" "8" "7" "7" "7" "7" "6" "6" "6" "6" "5" "5" "5" "5" "4" "4" "4" "4" "3" "3" "3" "3" "2" "2" "2" "2" "1" "1" "1" "1" "0" "0" "0" "0"]
2025-05-30 19:24:17,933{GMT}	INFO	[jepsen worker 2] jepsen.util: 2	:invoke	:read	nil
2025-05-30 19:24:17,935{GMT}	INFO	[jepsen worker 2] jepsen.util: 2	:ok	:read	["19" "19" "18" "18" "17" "16" "16" "15" "14" "13" "12" "12" "11" "10" "9" "9" "8" "7" "6" "5" "4" "3" "2" "2" "1" "0"]
2025-05-30 19:24:18,099{GMT}	INFO	[jepsen worker 3] jepsen.util: 3	:invoke	:read	nil
2025-05-30 19:24:18,100{GMT}	INFO	[jepsen worker 3] jepsen.util: 3	:ok	:read	["19" "19" "19" "18" "18" "17" "17" "17" "16" "16" "15" "15" "14" "14" "14" "13" "13" "13" "12" "12" "12" "11" "11" "10" "10" "10" "9" "9" "8" "8" "7" "7" "7" "6" "6" "6" "5" "5" "5" "4" "4" "4" "3" "3" "3" "2" "2" "2" "1" "1" "0" "0" "0"]
2025-05-30 19:24:18,189{GMT}	INFO	[jepsen worker 4] jepsen.util: 4	:invoke	:read	nil
2025-05-30 19:24:18,190{GMT}	INFO	[jepsen worker 4] jepsen.util: 4	:ok	:read	["19" "19" "19" "18" "18" "18" "17" "17" "16" "16" "16" "15" "15" "15" "14" "14" "13" "13" "12" "12" "12" "11" "11" "11" "10" "10" "9" "9" "9" "8" "8" "8" "7" "7" "6" "6" "5" "5" "5" "4" "4" "3" "3" "2" "2" "2" "1" "1" "1" "0" "0"]
2025-05-30 19:24:18,382{GMT}	INFO	[jepsen worker 0] jepsen.util: 0	:invoke	:read	nil
2025-05-30 19:24:18,382{GMT}	INFO	[jepsen worker 0] jepsen.util: 0	:ok	:read	["19" "19" "19" "18" "18" "18" "17" "17" "17" "16" "16" "16" "15" "15" "15" "14" "14" "14" "13" "13" "13" "12" "12" "12" "11" "11" "11" "10" "10" "10" "9" "9" "9" "8" "8" "8" "7" "7" "7" "6" "6" "6" "5" "5" "4" "4" "4" "3" "3" "3" "2" "2" "2" "1" "1" "1" "0" "0" "0"]
2025-05-30 19:24:18,448{GMT}	INFO	[jepsen worker 0] jepsen.util: 0	:invoke	:read	nil
2025-05-30 19:24:18,449{GMT}	INFO	[jepsen worker 0] jepsen.util: 0	:ok	:read	["19" "19" "19" "18" "18" "18" "17" "17" "17" "16" "16" "16" "15" "15" "15" "14" "14" "14" "13" "13" "13" "12" "12" "12" "11" "11" "11" "10" "10" "10" "9" "9" "9" "8" "8" "8" "7" "7" "7" "6" "6" "6" "5" "5" "4" "4" "4" "3" "3" "3" "2" "2" "2" "1" "1" "1" "0" "0" "0"]
2025-05-30 19:24:18,511{GMT}	INFO	[jepsen worker 1] jepsen.util: 1	:invoke	:read	nil
2025-05-30 19:24:18,512{GMT}	INFO	[jepsen worker 1] jepsen.util: 1	:ok	:read	["19" "19" "19" "19" "18" "18" "18" "17" "17" "17" "17" "16" "16" "16" "15" "15" "15" "15" "14" "14" "14" "14" "13" "13" "13" "13" "12" "12" "12" "12" "11" "11" "11" "11" "10" "10" "10" "10" "9" "9" "9" "8" "8" "8" "8" "7" "7" "7" "7" "6" "6" "6" "6" "5" "5" "5" "5" "4" "4" "4" "4" "3" "3" "3" "3" "2" "2" "2" "2" "1" "1" "1" "1" "0" "0" "0" "0"]
2025-05-30 19:24:18,623{GMT}	INFO	[jepsen worker 2] jepsen.util: 2	:invoke	:read	nil
2025-05-30 19:24:18,625{GMT}	INFO	[jepsen worker 2] jepsen.util: 2	:ok	:read	["19" "19" "18" "18" "17" "16" "16" "15" "14" "13" "12" "12" "11" "10" "9" "9" "8" "7" "6" "5" "4" "3" "2" "2" "1" "0"]
2025-05-30 19:24:18,761{GMT}	INFO	[jepsen worker 3] jepsen.util: 3	:invoke	:read	nil
2025-05-30 19:24:18,763{GMT}	INFO	[jepsen worker 3] jepsen.util: 3	:ok	:read	["19" "19" "19" "18" "18" "17" "17" "17" "16" "16" "15" "15" "14" "14" "14" "13" "13" "13" "12" "12" "12" "11" "11" "10" "10" "10" "9" "9" "8" "8" "7" "7" "7" "6" "6" "6" "5" "5" "5" "4" "4" "4" "3" "3" "3" "2" "2" "2" "1" "1" "0" "0" "0"]
2025-05-30 19:24:18,763{GMT}	INFO	[jepsen worker 4] jepsen.generator.interpreter: Waiting for recovery...
2025-05-30 19:24:28,771{GMT}	INFO	[jepsen worker 3] jepsen.util: 3	:invoke	:read	nil
2025-05-30 19:24:28,771{GMT}	INFO	[jepsen worker 0] jepsen.util: 0	:invoke	:read	nil
2025-05-30 19:24:28,771{GMT}	INFO	[jepsen worker 1] jepsen.util: 1	:invoke	:read	nil
2025-05-30 19:24:28,770{GMT}	INFO	[jepsen worker 4] jepsen.util: 4	:invoke	:read	nil
2025-05-30 19:24:28,771{GMT}	INFO	[jepsen worker 2] jepsen.util: 2	:invoke	:read	nil
2025-05-30 19:24:28,774{GMT}	INFO	[jepsen worker 0] jepsen.util: 0	:ok	:read	["19" "19" "19" "18" "18" "18" "17" "17" "17" "16" "16" "16" "15" "15" "15" "14" "14" "14" "13" "13" "13" "12" "12" "12" "11" "11" "11" "10" "10" "10" "9" "9" "9" "8" "8" "8" "7" "7" "7" "6" "6" "6" "5" "5" "4" "4" "4" "3" "3" "3" "2" "2" "2" "1" "1" "1" "0" "0" "0"]
2025-05-30 19:24:28,774{GMT}	INFO	[jepsen worker 1] jepsen.util: 1	:ok	:read	["19" "19" "19" "19" "18" "18" "18" "17" "17" "17" "17" "16" "16" "16" "15" "15" "15" "15" "14" "14" "14" "14" "13" "13" "13" "13" "12" "12" "12" "12" "11" "11" "11" "11" "10" "10" "10" "10" "9" "9" "9" "8" "8" "8" "8" "7" "7" "7" "7" "6" "6" "6" "6" "5" "5" "5" "5" "4" "4" "4" "4" "3" "3" "3" "3" "2" "2" "2" "2" "1" "1" "1" "1" "0" "0" "0" "0"]
2025-05-30 19:24:28,774{GMT}	INFO	[jepsen worker 4] jepsen.util: 4	:ok	:read	["19" "19" "19" "18" "18" "18" "17" "17" "16" "16" "16" "15" "15" "15" "14" "14" "13" "13" "12" "12" "12" "11" "11" "11" "10" "10" "9" "9" "9" "8" "8" "8" "7" "7" "6" "6" "5" "5" "5" "4" "4" "3" "3" "2" "2" "2" "1" "1" "1" "0" "0"]
2025-05-30 19:24:28,774{GMT}	INFO	[jepsen worker 2] jepsen.util: 2	:ok	:read	["19" "19" "18" "18" "17" "16" "16" "15" "14" "13" "12" "12" "11" "10" "9" "9" "8" "7" "6" "5" "4" "3" "2" "2" "1" "0"]
2025-05-30 19:24:28,775{GMT}	INFO	[jepsen worker 3] jepsen.util: 3	:ok	:read	["19" "19" "19" "18" "18" "17" "17" "17" "16" "16" "15" "15" "14" "14" "14" "13" "13" "13" "12" "12" "12" "11" "11" "10" "10" "10" "9" "9" "8" "8" "7" "7" "7" "6" "6" "6" "5" "5" "5" "4" "4" "4" "3" "3" "3" "2" "2" "2" "1" "1" "0" "0" "0"]
2025-05-30 19:24:28,806{GMT}	INFO	[jepsen test runner] jepsen.core: Run complete, writing
2025-05-30 19:24:28,861{GMT}	INFO	[jepsen node n4] maelstrom.db: Tearing down n4
2025-05-30 19:24:28,861{GMT}	INFO	[jepsen node n3] maelstrom.db: Tearing down n3
2025-05-30 19:24:28,861{GMT}	INFO	[jepsen node n5] maelstrom.db: Tearing down n5
2025-05-30 19:24:28,861{GMT}	INFO	[jepsen node n1] maelstrom.db: Tearing down n1
2025-05-30 19:24:28,861{GMT}	INFO	[jepsen node n2] maelstrom.db: Tearing down n2
2025-05-30 19:24:29,899{GMT}	INFO	[jepsen node n1] maelstrom.net: Shutting down Maelstrom network
2025-05-30 19:24:29,901{GMT}	INFO	[jepsen test runner] jepsen.core: Analyzing...
2025-05-30 19:24:30,045{GMT}	INFO	[jepsen test runner] jepsen.core: Analysis complete
2025-05-30 19:24:30,057{GMT}	INFO	[jepsen results] jepsen.store: Wrote /Users/adr/code/maelstrom/store/broadcast/20250530T192403.942-0400/results.edn
2025-05-30 19:24:30,080{GMT}	INFO	[jepsen test runner] jepsen.core: {:perf {:latency-graph {:valid? true},
        :rate-graph {:valid? true},
        :valid? true},
 :timeline {:valid? true},
 :exceptions {:valid? true},
 :stats {:valid? true,
         :count 51,
         :ok-count 51,
         :fail-count 0,
         :info-count 0,
         :by-f {:broadcast {:valid? true,
                            :count 20,
                            :ok-count 20,
                            :fail-count 0,
                            :info-count 0},
                :read {:valid? true,
                       :count 31,
                       :ok-count 31,
                       :fail-count 0,
                       :info-count 0}}},
 :availability {:valid? true, :ok-fraction 1.0},
 :net {:all {:send-count 368,
             :recv-count 368,
             :msg-count 368,
             :msgs-per-op 7.2156863},
       :clients {:send-count 122, :recv-count 122, :msg-count 122},
       :servers {:send-count 246,
                 :recv-count 246,
                 :msg-count 246,
                 :msgs-per-op 4.8235292},
       :valid? true},
 :workload {:worst-stale (),
            :duplicated-count 0,
            :valid? false,
            :lost-count 20,
            :lost (0 1 2 3 4 5 6 7 8 9 10 11 12 13 14 15 16 17 18 19),
            :stable-count 0,
            :stale-count 0,
            :stale (),
            :never-read-count 0,
            :attempt-count 20,
            :lost-latencies {0 0, 0.5 0, 0.95 0, 0.99 0, 1 0},
            :never-read (),
            :duplicated {}},
 :valid? false}


Analysis invalid! (ﾉಥ益ಥ）ﾉ ┻━┻
