[RECEIVED] {"id":4,"src":"c4","dest":"n1","body":{"type":"init","node_id":"n1","node_ids":["n1","n2","n3","n4","n5"],"msg_id":1}}
[MATCH INIT]
[INIT] {"src":"n1","dest":"c4","body":{"type":"init_ok","in_reply_to":1,"msg_id":0}}
[RECEIVED] {"id":10,"src":"c10","dest":"n1","body":{"echo":"Please echo 96","type":"echo","msg_id":1}}
[MATCH ECHO]
[ECHO] {"src":"n1","dest":"c10","body":{"type":"echo_ok","echo":"Please echo 96","msg_id":1,"in_reply_to":1}}
[RECEIVED] {"id":24,"src":"c10","dest":"n1","body":{"echo":"Please echo 120","type":"echo","msg_id":2}}
[MATCH ECHO]
[ECHO] {"src":"n1","dest":"c10","body":{"type":"echo_ok","echo":"Please echo 120","msg_id":2,"in_reply_to":2}}
[RECEIVED] {"id":32,"src":"c10","dest":"n1","body":{"echo":"Please echo 81","type":"echo","msg_id":3}}
[MATCH ECHO]
[ECHO] {"src":"n1","dest":"c10","body":{"type":"echo_ok","echo":"Please echo 81","msg_id":3,"in_reply_to":3}}
[RECEIVED] {"id":36,"src":"c10","dest":"n1","body":{"echo":"Please echo 28","type":"echo","msg_id":4}}
[MATCH ECHO]
[ECHO] {"src":"n1","dest":"c10","body":{"type":"echo_ok","echo":"Please echo 28","msg_id":4,"in_reply_to":4}}
[RECEIVED] {"id":40,"src":"c10","dest":"n1","body":{"echo":"Please echo 62","type":"echo","msg_id":5}}
[MATCH ECHO]
[ECHO] {"src":"n1","dest":"c10","body":{"type":"echo_ok","echo":"Please echo 62","msg_id":5,"in_reply_to":5}}
[RECEIVED] {"id":64,"src":"c10","dest":"n1","body":{"echo":"Please echo 79","type":"echo","msg_id":6}}
[MATCH ECHO]
[ECHO] {"src":"n1","dest":"c10","body":{"type":"echo_ok","echo":"Please echo 79","msg_id":6,"in_reply_to":6}}
[RECEIVED] {"id":76,"src":"c10","dest":"n1","body":{"echo":"Please echo 51","type":"echo","msg_id":7}}
[MATCH ECHO]
[ECHO] {"src":"n1","dest":"c10","body":{"type":"echo_ok","echo":"Please echo 51","msg_id":7,"in_reply_to":7}}
[RECEIVED] {"id":82,"src":"c10","dest":"n1","body":{"echo":"Please echo 104","type":"echo","msg_id":8}}
[MATCH ECHO]
[ECHO] {"src":"n1","dest":"c10","body":{"type":"echo_ok","echo":"Please echo 104","msg_id":8,"in_reply_to":8}}
[RECEIVED] {"id":86,"src":"c10","dest":"n1","body":{"echo":"Please echo 78","type":"echo","msg_id":9}}
[MATCH ECHO]
[ECHO] {"src":"n1","dest":"c10","body":{"type":"echo_ok","echo":"Please echo 78","msg_id":9,"in_reply_to":9}}
[RECEIVED] {"id":90,"src":"c10","dest":"n1","body":{"echo":"Please echo 56","type":"echo","msg_id":10}}
[MATCH ECHO]
[ECHO] {"src":"n1","dest":"c10","body":{"type":"echo_ok","echo":"Please echo 56","msg_id":10,"in_reply_to":10}}
[RECEIVED] {"id":96,"src":"c10","dest":"n1","body":{"echo":"Please echo 22","type":"echo","msg_id":11}}
[MATCH ECHO]
[ECHO] {"src":"n1","dest":"c10","body":{"type":"echo_ok","echo":"Please echo 22","msg_id":11,"in_reply_to":11}}
[RECEIVED] {"id":100,"src":"c10","dest":"n1","body":{"echo":"Please echo 119","type":"echo","msg_id":12}}
[MATCH ECHO]
[ECHO] {"src":"n1","dest":"c10","body":{"type":"echo_ok","echo":"Please echo 119","msg_id":12,"in_reply_to":12}}
[RECEIVED] {"id":122,"src":"c10","dest":"n1","body":{"echo":"Please echo 80","type":"echo","msg_id":13}}
[MATCH ECHO]
[ECHO] {"src":"n1","dest":"c10","body":{"type":"echo_ok","echo":"Please echo 80","msg_id":13,"in_reply_to":13}}
[RECEIVED] {"id":126,"src":"c10","dest":"n1","body":{"echo":"Please echo 115","type":"echo","msg_id":14}}
[MATCH ECHO]
[ECHO] {"src":"n1","dest":"c10","body":{"type":"echo_ok","echo":"Please echo 115","msg_id":14,"in_reply_to":14}}
[RECEIVED] {"id":134,"src":"c10","dest":"n1","body":{"echo":"Please echo 17","type":"echo","msg_id":15}}
[MATCH ECHO]
[ECHO] {"src":"n1","dest":"c10","body":{"type":"echo_ok","echo":"Please echo 17","msg_id":15,"in_reply_to":15}}
[RECEIVED] {"id":136,"src":"c10","dest":"n1","body":{"echo":"Please echo 53","type":"echo","msg_id":16}}
[MATCH ECHO]
[ECHO] {"src":"n1","dest":"c10","body":{"type":"echo_ok","echo":"Please echo 53","msg_id":16,"in_reply_to":16}}
[RECEIVED] {"id":154,"src":"c10","dest":"n1","body":{"echo":"Please echo 62","type":"echo","msg_id":17}}
[MATCH ECHO]
[ECHO] {"src":"n1","dest":"c10","body":{"type":"echo_ok","echo":"Please echo 62","msg_id":17,"in_reply_to":17}}
[RECEIVED] {"id":184,"src":"c10","dest":"n1","body":{"echo":"Please echo 41","type":"echo","msg_id":18}}
[MATCH ECHO]
[ECHO] {"src":"n1","dest":"c10","body":{"type":"echo_ok","echo":"Please echo 41","msg_id":18,"in_reply_to":18}}
[RECEIVED] {"id":186,"src":"c10","dest":"n1","body":{"echo":"Please echo 95","type":"echo","msg_id":19}}
[MATCH ECHO]
[ECHO] {"src":"n1","dest":"c10","body":{"type":"echo_ok","echo":"Please echo 95","msg_id":19,"in_reply_to":19}}
[RECEIVED] {"id":188,"src":"c10","dest":"n1","body":{"echo":"Please echo 90","type":"echo","msg_id":20}}
[MATCH ECHO]
[ECHO] {"src":"n1","dest":"c10","body":{"type":"echo_ok","echo":"Please echo 90","msg_id":20,"in_reply_to":20}}
[RECEIVED] {"id":192,"src":"c10","dest":"n1","body":{"echo":"Please echo 12","type":"echo","msg_id":21}}
[MATCH ECHO]
[ECHO] {"src":"n1","dest":"c10","body":{"type":"echo_ok","echo":"Please echo 12","msg_id":21,"in_reply_to":21}}
[RECEIVED] {"id":196,"src":"c10","dest":"n1","body":{"echo":"Please echo 69","type":"echo","msg_id":22}}
[MATCH ECHO]
[ECHO] {"src":"n1","dest":"c10","body":{"type":"echo_ok","echo":"Please echo 69","msg_id":22,"in_reply_to":22}}
[RECEIVED] {"id":212,"src":"c10","dest":"n1","body":{"echo":"Please echo 93","type":"echo","msg_id":23}}
[MATCH ECHO]
[ECHO] {"src":"n1","dest":"c10","body":{"type":"echo_ok","echo":"Please echo 93","msg_id":23,"in_reply_to":23}}
[RECEIVED] {"id":220,"src":"c10","dest":"n1","body":{"echo":"Please echo 105","type":"echo","msg_id":24}}
[MATCH ECHO]
[ECHO] {"src":"n1","dest":"c10","body":{"type":"echo_ok","echo":"Please echo 105","msg_id":24,"in_reply_to":24}}
[RECEIVED] {"id":222,"src":"c10","dest":"n1","body":{"echo":"Please echo 41","type":"echo","msg_id":25}}
[MATCH ECHO]
[ECHO] {"src":"n1","dest":"c10","body":{"type":"echo_ok","echo":"Please echo 41","msg_id":25,"in_reply_to":25}}
[RECEIVED] {"id":232,"src":"c10","dest":"n1","body":{"echo":"Please echo 82","type":"echo","msg_id":26}}
[MATCH ECHO]
[ECHO] {"src":"n1","dest":"c10","body":{"type":"echo_ok","echo":"Please echo 82","msg_id":26,"in_reply_to":26}}
[RECEIVED] {"id":234,"src":"c10","dest":"n1","body":{"echo":"Please echo 0","type":"echo","msg_id":27}}
[MATCH ECHO]
[ECHO] {"src":"n1","dest":"c10","body":{"type":"echo_ok","echo":"Please echo 0","msg_id":27,"in_reply_to":27}}
[RECEIVED] {"id":236,"src":"c10","dest":"n1","body":{"echo":"Please echo 92","type":"echo","msg_id":28}}
[MATCH ECHO]
[ECHO] {"src":"n1","dest":"c10","body":{"type":"echo_ok","echo":"Please echo 92","msg_id":28,"in_reply_to":28}}
[RECEIVED] {"id":238,"src":"c10","dest":"n1","body":{"echo":"Please echo 4","type":"echo","msg_id":29}}
[MATCH ECHO]
[ECHO] {"src":"n1","dest":"c10","body":{"type":"echo_ok","echo":"Please echo 4","msg_id":29,"in_reply_to":29}}
[RECEIVED] {"id":260,"src":"c10","dest":"n1","body":{"echo":"Please echo 54","type":"echo","msg_id":30}}
[MATCH ECHO]
[ECHO] {"src":"n1","dest":"c10","body":{"type":"echo_ok","echo":"Please echo 54","msg_id":30,"in_reply_to":30}}
[RECEIVED] {"id":298,"src":"c10","dest":"n1","body":{"echo":"Please echo 114","type":"echo","msg_id":31}}
[MATCH ECHO]
[ECHO] {"src":"n1","dest":"c10","body":{"type":"echo_ok","echo":"Please echo 114","msg_id":31,"in_reply_to":31}}
[RECEIVED] {"id":306,"src":"c10","dest":"n1","body":{"echo":"Please echo 15","type":"echo","msg_id":32}}
[MATCH ECHO]
[ECHO] {"src":"n1","dest":"c10","body":{"type":"echo_ok","echo":"Please echo 15","msg_id":32,"in_reply_to":32}}
[RECEIVED] {"id":313,"src":"c10","dest":"n1","body":{"echo":"Please echo 33","type":"echo","msg_id":33}}
[MATCH ECHO]
[ECHO] {"src":"n1","dest":"c10","body":{"type":"echo_ok","echo":"Please echo 33","msg_id":33,"in_reply_to":33}}
[RECEIVED] {"id":322,"src":"c10","dest":"n1","body":{"echo":"Please echo 29","type":"echo","msg_id":34}}
[MATCH ECHO]
[ECHO] {"src":"n1","dest":"c10","body":{"type":"echo_ok","echo":"Please echo 29","msg_id":34,"in_reply_to":34}}
[RECEIVED] {"id":332,"src":"c10","dest":"n1","body":{"echo":"Please echo 1","type":"echo","msg_id":35}}
[MATCH ECHO]
[ECHO] {"src":"n1","dest":"c10","body":{"type":"echo_ok","echo":"Please echo 1","msg_id":35,"in_reply_to":35}}
[RECEIVED] {"id":340,"src":"c10","dest":"n1","body":{"echo":"Please echo 121","type":"echo","msg_id":36}}
[MATCH ECHO]
[ECHO] {"src":"n1","dest":"c10","body":{"type":"echo_ok","echo":"Please echo 121","msg_id":36,"in_reply_to":36}}
[RECEIVED] {"id":362,"src":"c10","dest":"n1","body":{"echo":"Please echo 0","type":"echo","msg_id":37}}
[MATCH ECHO]
[ECHO] {"src":"n1","dest":"c10","body":{"type":"echo_ok","echo":"Please echo 0","msg_id":37,"in_reply_to":37}}
[RECEIVED] {"id":364,"src":"c10","dest":"n1","body":{"echo":"Please echo 95","type":"echo","msg_id":38}}
[MATCH ECHO]
[ECHO] {"src":"n1","dest":"c10","body":{"type":"echo_ok","echo":"Please echo 95","msg_id":38,"in_reply_to":38}}
[RECEIVED] {"id":368,"src":"c10","dest":"n1","body":{"echo":"Please echo 126","type":"echo","msg_id":39}}
[MATCH ECHO]
[ECHO] {"src":"n1","dest":"c10","body":{"type":"echo_ok","echo":"Please echo 126","msg_id":39,"in_reply_to":39}}
[RECEIVED] {"id":370,"src":"c10","dest":"n1","body":{"echo":"Please echo 34","type":"echo","msg_id":40}}
[MATCH ECHO]
[ECHO] {"src":"n1","dest":"c10","body":{"type":"echo_ok","echo":"Please echo 34","msg_id":40,"in_reply_to":40}}
[RECEIVED] {"id":374,"src":"c10","dest":"n1","body":{"echo":"Please echo 32","type":"echo","msg_id":41}}
[MATCH ECHO]
[ECHO] {"src":"n1","dest":"c10","body":{"type":"echo_ok","echo":"Please echo 32","msg_id":41,"in_reply_to":41}}
[RECEIVED] {"id":378,"src":"c10","dest":"n1","body":{"echo":"Please echo 32","type":"echo","msg_id":42}}
[MATCH ECHO]
[ECHO] {"src":"n1","dest":"c10","body":{"type":"echo_ok","echo":"Please echo 32","msg_id":42,"in_reply_to":42}}
[RECEIVED] {"id":382,"src":"c10","dest":"n1","body":{"echo":"Please echo 22","type":"echo","msg_id":43}}
[MATCH ECHO]
[ECHO] {"src":"n1","dest":"c10","body":{"type":"echo_ok","echo":"Please echo 22","msg_id":43,"in_reply_to":43}}
