2025-06-06 01:27:27,074{GMT}	INFO	[jepsen test runner] jepsen.core: Test version 49be5191af382759bc9da6021eec14a3b553e782 (plus uncommitted changes)
2025-06-06 01:27:27,074{GMT}	INFO	[jepsen test runner] jepsen.core: Command line:
lein run test -w echo --bin self/server/_build/default/bin/main.exe --time-limit 20 --rate 10
2025-06-06 01:27:27,106{GMT}	INFO	[jepsen test runner] jepsen.core: Running test:
{:args []
 :remote
 #jepsen.control.retry.Remote{:remote #jepsen.control.scp.Remote{:cmd-remote #jepsen.control.sshj.SSHJRemote{:concurrency-limit 6,
                                                                                                             :conn-spec nil,
                                                                                                             :client nil,
                                                                                                             :semaphore nil},
                                                                 :conn-spec nil},
                              :conn nil}
 :log-net-send false
 :node-count nil
 :availability nil
 :max-txn-length 4
 :concurrency 5
 :db
 #object[maelstrom.db$db$reify__16612
         "0x5233b7ad"
         "maelstrom.db$db$reify__16612@5233b7ad"]
 :max-writes-per-key 16
 :leave-db-running? false
 :name "echo"
 :logging-json? false
 :start-time
 #object[org.joda.time.DateTime "0x5a69f1ef" "2025-06-06T01:27:27.036-04:00"]
 :nemesis-interval 10
 :net
 #object[maelstrom.net$jepsen_net$reify__15721
         "0x54fd5f6"
         "maelstrom.net$jepsen_net$reify__15721@54fd5f6"]
 :client
 #object[maelstrom.workload.echo$client$reify__17402
         "0x219aab91"
         "maelstrom.workload.echo$client$reify__17402@219aab91"]
 :barrier
 #object[java.util.concurrent.CyclicBarrier
         "0x71737478"
         "java.util.concurrent.CyclicBarrier@71737478"]
 :log-stderr false
 :pure-generators true
 :ssh {:dummy? true}
 :rate 10.0
 :checker
 #object[jepsen.checker$compose$reify__11089
         "0x64001530"
         "jepsen.checker$compose$reify__11089@64001530"]
 :argv
 ("test"
  "-w"
  "echo"
  "--bin"
  "self/server/_build/default/bin/main.exe"
  "--time-limit"
  "20"
  "--rate"
  "10")
 :nemesis
 (jepsen.nemesis.ReflCompose
  {:fm {:start-partition 0,
        :stop-partition 0,
        :kill 1,
        :start 1,
        :pause 1,
        :resume 1},
   :nemeses [#unprintable "jepsen.nemesis.combined$partition_nemesis$reify__16905@1f9b8c23"
             #unprintable "jepsen.nemesis.combined$db_nemesis$reify__16886@6b297a62"]})
 :nodes ["n1" "n2" "n3" "n4" "n5"]
 :test-count 1
 :latency {:mean 0, :dist :constant}
 :bin "self/server/_build/default/bin/main.exe"
 :generator
 #object[jepsen.util.Forgettable
         "0x7f913c47"
         (jepsen.generator.TimeLimit
          {:limit 20000000000,
           :cutoff nil,
           :gen (jepsen.generator.Any
                 {:gens [(jepsen.generator.OnThreads
                          {:f #{:nemesis},
                           :context-filter #object[jepsen.generator.context$make_thread_filter$lazy_filter__12077
                                                   "0x5f04449a"
                                                   "jepsen.generator.context$make_thread_filter$lazy_filter__12077@5f04449a"],
                           :gen nil})
                         (jepsen.generator.OnThreads
                          {:f #jepsen.generator.context.AllBut{:element :nemesis},
                           :context-filter #object[jepsen.generator.context$make_thread_filter$lazy_filter__12077
                                                   "0x5634c26c"
                                                   "jepsen.generator.context$make_thread_filter$lazy_filter__12077@5634c26c"],
                           :gen (jepsen.generator.Stagger
                                 {:dt 200000000,
                                  :next-time nil,
                                  :gen (jepsen.generator.EachThread
                                        {:fresh-gen #object[maelstrom.workload.echo$workload$fn__17421
                                                            "0x37a5ac85"
                                                            "maelstrom.workload.echo$workload$fn__17421@37a5ac85"],
                                         :context-filters #object[clojure.core$promise$reify__8621
                                                                  "0x5d4f0fd5"
                                                                  {:status :pending,
                                                                   :val nil}],
                                         :gens {}})})})]})})]
 :log-net-recv false
 :os
 #object[maelstrom.net$jepsen_os$reify__15724
         "0x2092b072"
         "maelstrom.net$jepsen_os$reify__15724@2092b072"]
 :time-limit 20
 :workload :echo
 :consistency-models [:strict-serializable]
 :topology :grid}

2025-06-06 01:27:28,250{GMT}	INFO	[jepsen node n1] maelstrom.net: Starting Maelstrom network
2025-06-06 01:27:28,251{GMT}	INFO	[jepsen test runner] jepsen.db: Tearing down DB
2025-06-06 01:27:28,252{GMT}	INFO	[jepsen test runner] jepsen.db: Setting up DB
2025-06-06 01:27:28,253{GMT}	INFO	[jepsen node n2] maelstrom.db: Setting up n2
2025-06-06 01:27:28,253{GMT}	INFO	[jepsen node n4] maelstrom.db: Setting up n4
2025-06-06 01:27:28,253{GMT}	INFO	[jepsen node n3] maelstrom.db: Setting up n3
2025-06-06 01:27:28,253{GMT}	INFO	[jepsen node n5] maelstrom.db: Setting up n5
2025-06-06 01:27:28,253{GMT}	INFO	[jepsen node n4] maelstrom.process: launching self/server/_build/default/bin/main.exe []
2025-06-06 01:27:28,253{GMT}	INFO	[jepsen node n2] maelstrom.process: launching self/server/_build/default/bin/main.exe []
2025-06-06 01:27:28,253{GMT}	INFO	[jepsen node n5] maelstrom.process: launching self/server/_build/default/bin/main.exe []
2025-06-06 01:27:28,253{GMT}	INFO	[jepsen node n3] maelstrom.process: launching self/server/_build/default/bin/main.exe []
2025-06-06 01:27:28,254{GMT}	INFO	[jepsen node n1] maelstrom.service: Starting services: (lin-kv lin-tso lww-kv seq-kv)
2025-06-06 01:27:28,255{GMT}	INFO	[jepsen node n1] maelstrom.db: Setting up n1
2025-06-06 01:27:28,255{GMT}	INFO	[jepsen node n1] maelstrom.process: launching self/server/_build/default/bin/main.exe []
2025-06-06 01:27:38,180{GMT}	INFO	[jepsen test runner] jepsen.core: Relative time begins now
2025-06-06 01:27:38,192{GMT}	INFO	[jepsen worker 1] jepsen.util: 1	:invoke	:echo	"Please echo 49"
2025-06-06 01:27:38,204{GMT}	INFO	[jepsen worker 1] jepsen.util: 1	:ok	:echo	{:type "echo_ok", :echo "Please echo 49", :msg_id 0, :in_reply_to 1}
2025-06-06 01:27:38,363{GMT}	INFO	[jepsen worker 4] jepsen.util: 4	:invoke	:echo	"Please echo 11"
2025-06-06 01:27:38,365{GMT}	INFO	[jepsen worker 4] jepsen.util: 4	:ok	:echo	{:type "echo_ok", :echo "Please echo 11", :msg_id 0, :in_reply_to 1}
2025-06-06 01:27:38,434{GMT}	INFO	[jepsen worker 0] jepsen.util: 0	:invoke	:echo	"Please echo 47"
2025-06-06 01:27:38,436{GMT}	INFO	[jepsen worker 0] jepsen.util: 0	:ok	:echo	{:type "echo_ok", :echo "Please echo 47", :msg_id 0, :in_reply_to 1}
2025-06-06 01:27:38,480{GMT}	INFO	[jepsen worker 0] jepsen.util: 0	:invoke	:echo	"Please echo 65"
2025-06-06 01:27:38,481{GMT}	INFO	[jepsen worker 0] jepsen.util: 0	:ok	:echo	{:type "echo_ok", :echo "Please echo 65", :msg_id 0, :in_reply_to 2}
2025-06-06 01:27:38,593{GMT}	INFO	[jepsen worker 3] jepsen.util: 3	:invoke	:echo	"Please echo 44"
2025-06-06 01:27:38,596{GMT}	INFO	[jepsen worker 3] jepsen.util: 3	:ok	:echo	{:type "echo_ok", :echo "Please echo 44", :msg_id 0, :in_reply_to 1}
2025-06-06 01:27:38,663{GMT}	INFO	[jepsen worker 2] jepsen.util: 2	:invoke	:echo	"Please echo 21"
2025-06-06 01:27:38,665{GMT}	INFO	[jepsen worker 2] jepsen.util: 2	:ok	:echo	{:type "echo_ok", :echo "Please echo 21", :msg_id 0, :in_reply_to 1}
2025-06-06 01:27:38,803{GMT}	INFO	[jepsen worker 2] jepsen.util: 2	:invoke	:echo	"Please echo 44"
2025-06-06 01:27:38,805{GMT}	INFO	[jepsen worker 2] jepsen.util: 2	:ok	:echo	{:type "echo_ok", :echo "Please echo 44", :msg_id 0, :in_reply_to 2}
2025-06-06 01:27:38,929{GMT}	INFO	[jepsen worker 3] jepsen.util: 3	:invoke	:echo	"Please echo 82"
2025-06-06 01:27:38,931{GMT}	INFO	[jepsen worker 3] jepsen.util: 3	:ok	:echo	{:type "echo_ok", :echo "Please echo 82", :msg_id 0, :in_reply_to 2}
2025-06-06 01:27:39,044{GMT}	INFO	[jepsen worker 2] jepsen.util: 2	:invoke	:echo	"Please echo 95"
2025-06-06 01:27:39,047{GMT}	INFO	[jepsen worker 2] jepsen.util: 2	:ok	:echo	{:type "echo_ok", :echo "Please echo 95", :msg_id 0, :in_reply_to 3}
2025-06-06 01:27:39,138{GMT}	INFO	[jepsen worker 0] jepsen.util: 0	:invoke	:echo	"Please echo 109"
2025-06-06 01:27:39,140{GMT}	INFO	[jepsen worker 1] jepsen.util: 1	:invoke	:echo	"Please echo 114"
2025-06-06 01:27:39,141{GMT}	INFO	[jepsen worker 0] jepsen.util: 0	:ok	:echo	{:type "echo_ok", :echo "Please echo 109", :msg_id 0, :in_reply_to 3}
2025-06-06 01:27:39,141{GMT}	INFO	[jepsen worker 1] jepsen.util: 1	:ok	:echo	{:type "echo_ok", :echo "Please echo 114", :msg_id 0, :in_reply_to 2}
2025-06-06 01:27:39,190{GMT}	INFO	[jepsen worker 0] jepsen.util: 0	:invoke	:echo	"Please echo 11"
2025-06-06 01:27:39,192{GMT}	INFO	[jepsen worker 0] jepsen.util: 0	:ok	:echo	{:type "echo_ok", :echo "Please echo 11", :msg_id 0, :in_reply_to 4}
2025-06-06 01:27:39,374{GMT}	INFO	[jepsen worker 2] jepsen.util: 2	:invoke	:echo	"Please echo 96"
2025-06-06 01:27:39,376{GMT}	INFO	[jepsen worker 2] jepsen.util: 2	:ok	:echo	{:type "echo_ok", :echo "Please echo 96", :msg_id 0, :in_reply_to 4}
2025-06-06 01:27:39,551{GMT}	INFO	[jepsen worker 3] jepsen.util: 3	:invoke	:echo	"Please echo 62"
2025-06-06 01:27:39,552{GMT}	INFO	[jepsen worker 3] jepsen.util: 3	:ok	:echo	{:type "echo_ok", :echo "Please echo 62", :msg_id 0, :in_reply_to 3}
2025-06-06 01:27:39,606{GMT}	INFO	[jepsen worker 3] jepsen.util: 3	:invoke	:echo	"Please echo 55"
2025-06-06 01:27:39,607{GMT}	INFO	[jepsen worker 3] jepsen.util: 3	:ok	:echo	{:type "echo_ok", :echo "Please echo 55", :msg_id 0, :in_reply_to 4}
2025-06-06 01:27:39,781{GMT}	INFO	[jepsen worker 2] jepsen.util: 2	:invoke	:echo	"Please echo 116"
2025-06-06 01:27:39,782{GMT}	INFO	[jepsen worker 2] jepsen.util: 2	:ok	:echo	{:type "echo_ok", :echo "Please echo 116", :msg_id 0, :in_reply_to 5}
2025-06-06 01:27:39,805{GMT}	INFO	[jepsen worker 0] jepsen.util: 0	:invoke	:echo	"Please echo 102"
2025-06-06 01:27:39,806{GMT}	INFO	[jepsen worker 0] jepsen.util: 0	:ok	:echo	{:type "echo_ok", :echo "Please echo 102", :msg_id 0, :in_reply_to 5}
2025-06-06 01:27:39,929{GMT}	INFO	[jepsen worker 1] jepsen.util: 1	:invoke	:echo	"Please echo 75"
2025-06-06 01:27:39,930{GMT}	INFO	[jepsen worker 1] jepsen.util: 1	:ok	:echo	{:type "echo_ok", :echo "Please echo 75", :msg_id 0, :in_reply_to 3}
2025-06-06 01:27:40,055{GMT}	INFO	[jepsen worker 3] jepsen.util: 3	:invoke	:echo	"Please echo 38"
2025-06-06 01:27:40,056{GMT}	INFO	[jepsen worker 3] jepsen.util: 3	:ok	:echo	{:type "echo_ok", :echo "Please echo 38", :msg_id 0, :in_reply_to 5}
2025-06-06 01:27:40,130{GMT}	INFO	[jepsen worker 0] jepsen.util: 0	:invoke	:echo	"Please echo 67"
2025-06-06 01:27:40,131{GMT}	INFO	[jepsen worker 0] jepsen.util: 0	:ok	:echo	{:type "echo_ok", :echo "Please echo 67", :msg_id 0, :in_reply_to 6}
2025-06-06 01:27:40,149{GMT}	INFO	[jepsen worker 2] jepsen.util: 2	:invoke	:echo	"Please echo 53"
2025-06-06 01:27:40,152{GMT}	INFO	[jepsen worker 2] jepsen.util: 2	:ok	:echo	{:type "echo_ok", :echo "Please echo 53", :msg_id 0, :in_reply_to 6}
2025-06-06 01:27:40,171{GMT}	INFO	[jepsen worker 1] jepsen.util: 1	:invoke	:echo	"Please echo 108"
2025-06-06 01:27:40,172{GMT}	INFO	[jepsen worker 1] jepsen.util: 1	:ok	:echo	{:type "echo_ok", :echo "Please echo 108", :msg_id 0, :in_reply_to 4}
2025-06-06 01:27:40,193{GMT}	INFO	[jepsen worker 0] jepsen.util: 0	:invoke	:echo	"Please echo 26"
2025-06-06 01:27:40,193{GMT}	INFO	[jepsen worker 0] jepsen.util: 0	:ok	:echo	{:type "echo_ok", :echo "Please echo 26", :msg_id 0, :in_reply_to 7}
2025-06-06 01:27:40,305{GMT}	INFO	[jepsen worker 4] jepsen.util: 4	:invoke	:echo	"Please echo 106"
2025-06-06 01:27:40,306{GMT}	INFO	[jepsen worker 4] jepsen.util: 4	:ok	:echo	{:type "echo_ok", :echo "Please echo 106", :msg_id 0, :in_reply_to 2}
2025-06-06 01:27:40,314{GMT}	INFO	[jepsen worker 3] jepsen.util: 3	:invoke	:echo	"Please echo 28"
2025-06-06 01:27:40,314{GMT}	INFO	[jepsen worker 3] jepsen.util: 3	:ok	:echo	{:type "echo_ok", :echo "Please echo 28", :msg_id 0, :in_reply_to 6}
2025-06-06 01:27:40,496{GMT}	INFO	[jepsen worker 1] jepsen.util: 1	:invoke	:echo	"Please echo 22"
2025-06-06 01:27:40,497{GMT}	INFO	[jepsen worker 1] jepsen.util: 1	:ok	:echo	{:type "echo_ok", :echo "Please echo 22", :msg_id 0, :in_reply_to 5}
2025-06-06 01:27:40,656{GMT}	INFO	[jepsen worker 4] jepsen.util: 4	:invoke	:echo	"Please echo 100"
2025-06-06 01:27:40,658{GMT}	INFO	[jepsen worker 4] jepsen.util: 4	:ok	:echo	{:type "echo_ok", :echo "Please echo 100", :msg_id 0, :in_reply_to 3}
2025-06-06 01:27:40,780{GMT}	INFO	[jepsen worker 4] jepsen.util: 4	:invoke	:echo	"Please echo 84"
2025-06-06 01:27:40,783{GMT}	INFO	[jepsen worker 4] jepsen.util: 4	:ok	:echo	{:type "echo_ok", :echo "Please echo 84", :msg_id 0, :in_reply_to 4}
2025-06-06 01:27:40,789{GMT}	INFO	[jepsen worker 2] jepsen.util: 2	:invoke	:echo	"Please echo 102"
2025-06-06 01:27:40,790{GMT}	INFO	[jepsen worker 2] jepsen.util: 2	:ok	:echo	{:type "echo_ok", :echo "Please echo 102", :msg_id 0, :in_reply_to 7}
2025-06-06 01:27:40,863{GMT}	INFO	[jepsen worker 0] jepsen.util: 0	:invoke	:echo	"Please echo 98"
2025-06-06 01:27:40,866{GMT}	INFO	[jepsen worker 0] jepsen.util: 0	:ok	:echo	{:type "echo_ok", :echo "Please echo 98", :msg_id 0, :in_reply_to 8}
2025-06-06 01:27:40,882{GMT}	INFO	[jepsen worker 1] jepsen.util: 1	:invoke	:echo	"Please echo 74"
2025-06-06 01:27:40,884{GMT}	INFO	[jepsen worker 1] jepsen.util: 1	:ok	:echo	{:type "echo_ok", :echo "Please echo 74", :msg_id 0, :in_reply_to 6}
2025-06-06 01:27:41,064{GMT}	INFO	[jepsen worker 3] jepsen.util: 3	:invoke	:echo	"Please echo 65"
2025-06-06 01:27:41,067{GMT}	INFO	[jepsen worker 3] jepsen.util: 3	:ok	:echo	{:type "echo_ok", :echo "Please echo 65", :msg_id 0, :in_reply_to 7}
2025-06-06 01:27:41,209{GMT}	INFO	[jepsen worker 4] jepsen.util: 4	:invoke	:echo	"Please echo 88"
2025-06-06 01:27:41,211{GMT}	INFO	[jepsen worker 4] jepsen.util: 4	:ok	:echo	{:type "echo_ok", :echo "Please echo 88", :msg_id 0, :in_reply_to 5}
2025-06-06 01:27:41,256{GMT}	INFO	[jepsen worker 3] jepsen.util: 3	:invoke	:echo	"Please echo 22"
2025-06-06 01:27:41,258{GMT}	INFO	[jepsen worker 3] jepsen.util: 3	:ok	:echo	{:type "echo_ok", :echo "Please echo 22", :msg_id 0, :in_reply_to 8}
2025-06-06 01:27:41,359{GMT}	INFO	[jepsen worker 1] jepsen.util: 1	:invoke	:echo	"Please echo 77"
2025-06-06 01:27:41,362{GMT}	INFO	[jepsen worker 1] jepsen.util: 1	:ok	:echo	{:type "echo_ok", :echo "Please echo 77", :msg_id 0, :in_reply_to 7}
2025-06-06 01:27:41,485{GMT}	INFO	[jepsen worker 0] jepsen.util: 0	:invoke	:echo	"Please echo 110"
2025-06-06 01:27:41,486{GMT}	INFO	[jepsen worker 0] jepsen.util: 0	:ok	:echo	{:type "echo_ok", :echo "Please echo 110", :msg_id 0, :in_reply_to 9}
2025-06-06 01:27:41,508{GMT}	INFO	[jepsen worker 1] jepsen.util: 1	:invoke	:echo	"Please echo 33"
2025-06-06 01:27:41,510{GMT}	INFO	[jepsen worker 1] jepsen.util: 1	:ok	:echo	{:type "echo_ok", :echo "Please echo 33", :msg_id 0, :in_reply_to 8}
2025-06-06 01:27:41,583{GMT}	INFO	[jepsen worker 1] jepsen.util: 1	:invoke	:echo	"Please echo 84"
2025-06-06 01:27:41,585{GMT}	INFO	[jepsen worker 1] jepsen.util: 1	:ok	:echo	{:type "echo_ok", :echo "Please echo 84", :msg_id 0, :in_reply_to 9}
2025-06-06 01:27:41,634{GMT}	INFO	[jepsen worker 4] jepsen.util: 4	:invoke	:echo	"Please echo 12"
2025-06-06 01:27:41,637{GMT}	INFO	[jepsen worker 4] jepsen.util: 4	:ok	:echo	{:type "echo_ok", :echo "Please echo 12", :msg_id 0, :in_reply_to 6}
2025-06-06 01:27:41,666{GMT}	INFO	[jepsen worker 3] jepsen.util: 3	:invoke	:echo	"Please echo 65"
2025-06-06 01:27:41,668{GMT}	INFO	[jepsen worker 3] jepsen.util: 3	:ok	:echo	{:type "echo_ok", :echo "Please echo 65", :msg_id 0, :in_reply_to 9}
2025-06-06 01:27:41,856{GMT}	INFO	[jepsen worker 3] jepsen.util: 3	:invoke	:echo	"Please echo 20"
2025-06-06 01:27:41,859{GMT}	INFO	[jepsen worker 3] jepsen.util: 3	:ok	:echo	{:type "echo_ok", :echo "Please echo 20", :msg_id 0, :in_reply_to 10}
2025-06-06 01:27:41,930{GMT}	INFO	[jepsen worker 3] jepsen.util: 3	:invoke	:echo	"Please echo 127"
2025-06-06 01:27:41,952{GMT}	INFO	[jepsen worker 3] jepsen.util: 3	:ok	:echo	{:type "echo_ok", :echo "Please echo 127", :msg_id 0, :in_reply_to 11}
2025-06-06 01:27:42,059{GMT}	INFO	[jepsen worker 2] jepsen.util: 2	:invoke	:echo	"Please echo 54"
2025-06-06 01:27:42,062{GMT}	INFO	[jepsen worker 2] jepsen.util: 2	:ok	:echo	{:type "echo_ok", :echo "Please echo 54", :msg_id 0, :in_reply_to 8}
2025-06-06 01:27:42,209{GMT}	INFO	[jepsen worker 4] jepsen.util: 4	:invoke	:echo	"Please echo 76"
2025-06-06 01:27:42,211{GMT}	INFO	[jepsen worker 4] jepsen.util: 4	:ok	:echo	{:type "echo_ok", :echo "Please echo 76", :msg_id 0, :in_reply_to 7}
2025-06-06 01:27:42,323{GMT}	INFO	[jepsen worker 0] jepsen.util: 0	:invoke	:echo	"Please echo 32"
2025-06-06 01:27:42,326{GMT}	INFO	[jepsen worker 0] jepsen.util: 0	:ok	:echo	{:type "echo_ok", :echo "Please echo 32", :msg_id 0, :in_reply_to 10}
2025-06-06 01:27:42,502{GMT}	INFO	[jepsen worker 4] jepsen.util: 4	:invoke	:echo	"Please echo 56"
2025-06-06 01:27:42,505{GMT}	INFO	[jepsen worker 4] jepsen.util: 4	:ok	:echo	{:type "echo_ok", :echo "Please echo 56", :msg_id 0, :in_reply_to 8}
2025-06-06 01:27:42,532{GMT}	INFO	[jepsen worker 4] jepsen.util: 4	:invoke	:echo	"Please echo 77"
2025-06-06 01:27:42,534{GMT}	INFO	[jepsen worker 4] jepsen.util: 4	:ok	:echo	{:type "echo_ok", :echo "Please echo 77", :msg_id 0, :in_reply_to 9}
2025-06-06 01:27:42,575{GMT}	INFO	[jepsen worker 3] jepsen.util: 3	:invoke	:echo	"Please echo 75"
2025-06-06 01:27:42,578{GMT}	INFO	[jepsen worker 3] jepsen.util: 3	:ok	:echo	{:type "echo_ok", :echo "Please echo 75", :msg_id 0, :in_reply_to 12}
2025-06-06 01:27:42,713{GMT}	INFO	[jepsen worker 0] jepsen.util: 0	:invoke	:echo	"Please echo 86"
2025-06-06 01:27:42,715{GMT}	INFO	[jepsen worker 0] jepsen.util: 0	:ok	:echo	{:type "echo_ok", :echo "Please echo 86", :msg_id 0, :in_reply_to 11}
2025-06-06 01:27:42,833{GMT}	INFO	[jepsen worker 0] jepsen.util: 0	:invoke	:echo	"Please echo 90"
2025-06-06 01:27:42,836{GMT}	INFO	[jepsen worker 0] jepsen.util: 0	:ok	:echo	{:type "echo_ok", :echo "Please echo 90", :msg_id 0, :in_reply_to 12}
2025-06-06 01:27:42,923{GMT}	INFO	[jepsen worker 2] jepsen.util: 2	:invoke	:echo	"Please echo 25"
2025-06-06 01:27:42,925{GMT}	INFO	[jepsen worker 2] jepsen.util: 2	:ok	:echo	{:type "echo_ok", :echo "Please echo 25", :msg_id 0, :in_reply_to 9}
2025-06-06 01:27:43,022{GMT}	INFO	[jepsen worker 0] jepsen.util: 0	:invoke	:echo	"Please echo 13"
2025-06-06 01:27:43,024{GMT}	INFO	[jepsen worker 0] jepsen.util: 0	:ok	:echo	{:type "echo_ok", :echo "Please echo 13", :msg_id 0, :in_reply_to 13}
2025-06-06 01:27:43,063{GMT}	INFO	[jepsen worker 2] jepsen.util: 2	:invoke	:echo	"Please echo 16"
2025-06-06 01:27:43,065{GMT}	INFO	[jepsen worker 2] jepsen.util: 2	:ok	:echo	{:type "echo_ok", :echo "Please echo 16", :msg_id 0, :in_reply_to 10}
2025-06-06 01:27:43,217{GMT}	INFO	[jepsen worker 4] jepsen.util: 4	:invoke	:echo	"Please echo 83"
2025-06-06 01:27:43,220{GMT}	INFO	[jepsen worker 4] jepsen.util: 4	:ok	:echo	{:type "echo_ok", :echo "Please echo 83", :msg_id 0, :in_reply_to 10}
2025-06-06 01:27:43,294{GMT}	INFO	[jepsen worker 3] jepsen.util: 3	:invoke	:echo	"Please echo 58"
2025-06-06 01:27:43,296{GMT}	INFO	[jepsen worker 3] jepsen.util: 3	:ok	:echo	{:type "echo_ok", :echo "Please echo 58", :msg_id 0, :in_reply_to 13}
2025-06-06 01:27:43,357{GMT}	INFO	[jepsen worker 1] jepsen.util: 1	:invoke	:echo	"Please echo 116"
2025-06-06 01:27:43,358{GMT}	INFO	[jepsen worker 1] jepsen.util: 1	:ok	:echo	{:type "echo_ok", :echo "Please echo 116", :msg_id 0, :in_reply_to 10}
2025-06-06 01:27:43,559{GMT}	INFO	[jepsen worker 3] jepsen.util: 3	:invoke	:echo	"Please echo 100"
2025-06-06 01:27:43,560{GMT}	INFO	[jepsen worker 3] jepsen.util: 3	:ok	:echo	{:type "echo_ok", :echo "Please echo 100", :msg_id 0, :in_reply_to 14}
2025-06-06 01:27:43,709{GMT}	INFO	[jepsen worker 4] jepsen.util: 4	:invoke	:echo	"Please echo 124"
2025-06-06 01:27:43,711{GMT}	INFO	[jepsen worker 4] jepsen.util: 4	:ok	:echo	{:type "echo_ok", :echo "Please echo 124", :msg_id 0, :in_reply_to 11}
2025-06-06 01:27:43,747{GMT}	INFO	[jepsen worker 4] jepsen.util: 4	:invoke	:echo	"Please echo 12"
2025-06-06 01:27:43,749{GMT}	INFO	[jepsen worker 4] jepsen.util: 4	:ok	:echo	{:type "echo_ok", :echo "Please echo 12", :msg_id 0, :in_reply_to 12}
2025-06-06 01:27:43,913{GMT}	INFO	[jepsen worker 0] jepsen.util: 0	:invoke	:echo	"Please echo 3"
2025-06-06 01:27:43,915{GMT}	INFO	[jepsen worker 0] jepsen.util: 0	:ok	:echo	{:type "echo_ok", :echo "Please echo 3", :msg_id 0, :in_reply_to 14}
2025-06-06 01:27:44,068{GMT}	INFO	[jepsen worker 1] jepsen.util: 1	:invoke	:echo	"Please echo 53"
2025-06-06 01:27:44,071{GMT}	INFO	[jepsen worker 1] jepsen.util: 1	:ok	:echo	{:type "echo_ok", :echo "Please echo 53", :msg_id 0, :in_reply_to 11}
2025-06-06 01:27:44,100{GMT}	INFO	[jepsen worker 2] jepsen.util: 2	:invoke	:echo	"Please echo 105"
2025-06-06 01:27:44,101{GMT}	INFO	[jepsen worker 2] jepsen.util: 2	:ok	:echo	{:type "echo_ok", :echo "Please echo 105", :msg_id 0, :in_reply_to 11}
2025-06-06 01:27:44,163{GMT}	INFO	[jepsen worker 1] jepsen.util: 1	:invoke	:echo	"Please echo 29"
2025-06-06 01:27:44,165{GMT}	INFO	[jepsen worker 1] jepsen.util: 1	:ok	:echo	{:type "echo_ok", :echo "Please echo 29", :msg_id 0, :in_reply_to 12}
2025-06-06 01:27:44,167{GMT}	INFO	[jepsen worker 3] jepsen.util: 3	:invoke	:echo	"Please echo 117"
2025-06-06 01:27:44,169{GMT}	INFO	[jepsen worker 3] jepsen.util: 3	:ok	:echo	{:type "echo_ok", :echo "Please echo 117", :msg_id 0, :in_reply_to 15}
2025-06-06 01:27:44,273{GMT}	INFO	[jepsen worker 3] jepsen.util: 3	:invoke	:echo	"Please echo 3"
2025-06-06 01:27:44,274{GMT}	INFO	[jepsen worker 3] jepsen.util: 3	:ok	:echo	{:type "echo_ok", :echo "Please echo 3", :msg_id 0, :in_reply_to 16}
2025-06-06 01:27:44,386{GMT}	INFO	[jepsen worker 3] jepsen.util: 3	:invoke	:echo	"Please echo 45"
2025-06-06 01:27:44,388{GMT}	INFO	[jepsen worker 3] jepsen.util: 3	:ok	:echo	{:type "echo_ok", :echo "Please echo 45", :msg_id 0, :in_reply_to 17}
2025-06-06 01:27:44,438{GMT}	INFO	[jepsen worker 1] jepsen.util: 1	:invoke	:echo	"Please echo 88"
2025-06-06 01:27:44,440{GMT}	INFO	[jepsen worker 1] jepsen.util: 1	:ok	:echo	{:type "echo_ok", :echo "Please echo 88", :msg_id 0, :in_reply_to 13}
2025-06-06 01:27:44,445{GMT}	INFO	[jepsen worker 0] jepsen.util: 0	:invoke	:echo	"Please echo 82"
2025-06-06 01:27:44,446{GMT}	INFO	[jepsen worker 0] jepsen.util: 0	:ok	:echo	{:type "echo_ok", :echo "Please echo 82", :msg_id 0, :in_reply_to 15}
2025-06-06 01:27:44,458{GMT}	INFO	[jepsen worker 0] jepsen.util: 0	:invoke	:echo	"Please echo 82"
2025-06-06 01:27:44,460{GMT}	INFO	[jepsen worker 0] jepsen.util: 0	:ok	:echo	{:type "echo_ok", :echo "Please echo 82", :msg_id 0, :in_reply_to 16}
2025-06-06 01:27:44,532{GMT}	INFO	[jepsen worker 1] jepsen.util: 1	:invoke	:echo	"Please echo 52"
2025-06-06 01:27:44,534{GMT}	INFO	[jepsen worker 1] jepsen.util: 1	:ok	:echo	{:type "echo_ok", :echo "Please echo 52", :msg_id 0, :in_reply_to 14}
2025-06-06 01:27:44,657{GMT}	INFO	[jepsen worker 0] jepsen.util: 0	:invoke	:echo	"Please echo 105"
2025-06-06 01:27:44,659{GMT}	INFO	[jepsen worker 0] jepsen.util: 0	:ok	:echo	{:type "echo_ok", :echo "Please echo 105", :msg_id 0, :in_reply_to 17}
2025-06-06 01:27:44,802{GMT}	INFO	[jepsen worker 0] jepsen.util: 0	:invoke	:echo	"Please echo 65"
2025-06-06 01:27:44,804{GMT}	INFO	[jepsen worker 0] jepsen.util: 0	:ok	:echo	{:type "echo_ok", :echo "Please echo 65", :msg_id 0, :in_reply_to 18}
2025-06-06 01:27:44,851{GMT}	INFO	[jepsen worker 2] jepsen.util: 2	:invoke	:echo	"Please echo 34"
2025-06-06 01:27:44,852{GMT}	INFO	[jepsen worker 2] jepsen.util: 2	:ok	:echo	{:type "echo_ok", :echo "Please echo 34", :msg_id 0, :in_reply_to 12}
2025-06-06 01:27:45,038{GMT}	INFO	[jepsen worker 2] jepsen.util: 2	:invoke	:echo	"Please echo 86"
2025-06-06 01:27:45,040{GMT}	INFO	[jepsen worker 2] jepsen.util: 2	:ok	:echo	{:type "echo_ok", :echo "Please echo 86", :msg_id 0, :in_reply_to 13}
2025-06-06 01:27:45,180{GMT}	INFO	[jepsen worker 4] jepsen.util: 4	:invoke	:echo	"Please echo 26"
2025-06-06 01:27:45,183{GMT}	INFO	[jepsen worker 4] jepsen.util: 4	:ok	:echo	{:type "echo_ok", :echo "Please echo 26", :msg_id 0, :in_reply_to 13}
2025-06-06 01:27:45,195{GMT}	INFO	[jepsen worker 2] jepsen.util: 2	:invoke	:echo	"Please echo 56"
2025-06-06 01:27:45,198{GMT}	INFO	[jepsen worker 2] jepsen.util: 2	:ok	:echo	{:type "echo_ok", :echo "Please echo 56", :msg_id 0, :in_reply_to 14}
2025-06-06 01:27:45,356{GMT}	INFO	[jepsen worker 3] jepsen.util: 3	:invoke	:echo	"Please echo 79"
2025-06-06 01:27:45,358{GMT}	INFO	[jepsen worker 3] jepsen.util: 3	:ok	:echo	{:type "echo_ok", :echo "Please echo 79", :msg_id 0, :in_reply_to 18}
2025-06-06 01:27:45,364{GMT}	INFO	[jepsen worker 0] jepsen.util: 0	:invoke	:echo	"Please echo 15"
2025-06-06 01:27:45,365{GMT}	INFO	[jepsen worker 0] jepsen.util: 0	:ok	:echo	{:type "echo_ok", :echo "Please echo 15", :msg_id 0, :in_reply_to 19}
2025-06-06 01:27:45,406{GMT}	INFO	[jepsen worker 0] jepsen.util: 0	:invoke	:echo	"Please echo 32"
2025-06-06 01:27:45,407{GMT}	INFO	[jepsen worker 0] jepsen.util: 0	:ok	:echo	{:type "echo_ok", :echo "Please echo 32", :msg_id 0, :in_reply_to 20}
2025-06-06 01:27:45,570{GMT}	INFO	[jepsen worker 1] jepsen.util: 1	:invoke	:echo	"Please echo 106"
2025-06-06 01:27:45,572{GMT}	INFO	[jepsen worker 1] jepsen.util: 1	:ok	:echo	{:type "echo_ok", :echo "Please echo 106", :msg_id 0, :in_reply_to 15}
2025-06-06 01:27:45,578{GMT}	INFO	[jepsen worker 1] jepsen.util: 1	:invoke	:echo	"Please echo 19"
2025-06-06 01:27:45,579{GMT}	INFO	[jepsen worker 1] jepsen.util: 1	:ok	:echo	{:type "echo_ok", :echo "Please echo 19", :msg_id 0, :in_reply_to 16}
2025-06-06 01:27:45,701{GMT}	INFO	[jepsen worker 0] jepsen.util: 0	:invoke	:echo	"Please echo 63"
2025-06-06 01:27:45,703{GMT}	INFO	[jepsen worker 0] jepsen.util: 0	:ok	:echo	{:type "echo_ok", :echo "Please echo 63", :msg_id 0, :in_reply_to 21}
2025-06-06 01:27:45,869{GMT}	INFO	[jepsen worker 3] jepsen.util: 3	:invoke	:echo	"Please echo 25"
2025-06-06 01:27:45,871{GMT}	INFO	[jepsen worker 3] jepsen.util: 3	:ok	:echo	{:type "echo_ok", :echo "Please echo 25", :msg_id 0, :in_reply_to 19}
2025-06-06 01:27:45,948{GMT}	INFO	[jepsen worker 2] jepsen.util: 2	:invoke	:echo	"Please echo 4"
2025-06-06 01:27:45,950{GMT}	INFO	[jepsen worker 2] jepsen.util: 2	:ok	:echo	{:type "echo_ok", :echo "Please echo 4", :msg_id 0, :in_reply_to 15}
2025-06-06 01:27:46,146{GMT}	INFO	[jepsen worker 0] jepsen.util: 0	:invoke	:echo	"Please echo 37"
2025-06-06 01:27:46,148{GMT}	INFO	[jepsen worker 0] jepsen.util: 0	:ok	:echo	{:type "echo_ok", :echo "Please echo 37", :msg_id 0, :in_reply_to 22}
2025-06-06 01:27:46,284{GMT}	INFO	[jepsen worker 1] jepsen.util: 1	:invoke	:echo	"Please echo 3"
2025-06-06 01:27:46,285{GMT}	INFO	[jepsen worker 1] jepsen.util: 1	:ok	:echo	{:type "echo_ok", :echo "Please echo 3", :msg_id 0, :in_reply_to 17}
2025-06-06 01:27:46,474{GMT}	INFO	[jepsen worker 1] jepsen.util: 1	:invoke	:echo	"Please echo 87"
2025-06-06 01:27:46,476{GMT}	INFO	[jepsen worker 1] jepsen.util: 1	:ok	:echo	{:type "echo_ok", :echo "Please echo 87", :msg_id 0, :in_reply_to 18}
2025-06-06 01:27:46,644{GMT}	INFO	[jepsen worker 2] jepsen.util: 2	:invoke	:echo	"Please echo 121"
2025-06-06 01:27:46,646{GMT}	INFO	[jepsen worker 2] jepsen.util: 2	:ok	:echo	{:type "echo_ok", :echo "Please echo 121", :msg_id 0, :in_reply_to 16}
2025-06-06 01:27:46,699{GMT}	INFO	[jepsen worker 1] jepsen.util: 1	:invoke	:echo	"Please echo 125"
2025-06-06 01:27:46,701{GMT}	INFO	[jepsen worker 1] jepsen.util: 1	:ok	:echo	{:type "echo_ok", :echo "Please echo 125", :msg_id 0, :in_reply_to 19}
2025-06-06 01:27:46,846{GMT}	INFO	[jepsen worker 4] jepsen.util: 4	:invoke	:echo	"Please echo 23"
2025-06-06 01:27:46,848{GMT}	INFO	[jepsen worker 4] jepsen.util: 4	:ok	:echo	{:type "echo_ok", :echo "Please echo 23", :msg_id 0, :in_reply_to 14}
2025-06-06 01:27:46,935{GMT}	INFO	[jepsen worker 4] jepsen.util: 4	:invoke	:echo	"Please echo 110"
2025-06-06 01:27:46,937{GMT}	INFO	[jepsen worker 4] jepsen.util: 4	:ok	:echo	{:type "echo_ok", :echo "Please echo 110", :msg_id 0, :in_reply_to 15}
2025-06-06 01:27:46,998{GMT}	INFO	[jepsen worker 2] jepsen.util: 2	:invoke	:echo	"Please echo 112"
2025-06-06 01:27:47,000{GMT}	INFO	[jepsen worker 2] jepsen.util: 2	:ok	:echo	{:type "echo_ok", :echo "Please echo 112", :msg_id 0, :in_reply_to 17}
2025-06-06 01:27:47,053{GMT}	INFO	[jepsen worker 2] jepsen.util: 2	:invoke	:echo	"Please echo 47"
2025-06-06 01:27:47,055{GMT}	INFO	[jepsen worker 2] jepsen.util: 2	:ok	:echo	{:type "echo_ok", :echo "Please echo 47", :msg_id 0, :in_reply_to 18}
2025-06-06 01:27:47,168{GMT}	INFO	[jepsen worker 1] jepsen.util: 1	:invoke	:echo	"Please echo 94"
2025-06-06 01:27:47,170{GMT}	INFO	[jepsen worker 1] jepsen.util: 1	:ok	:echo	{:type "echo_ok", :echo "Please echo 94", :msg_id 0, :in_reply_to 20}
2025-06-06 01:27:47,312{GMT}	INFO	[jepsen worker 3] jepsen.util: 3	:invoke	:echo	"Please echo 120"
2025-06-06 01:27:47,314{GMT}	INFO	[jepsen worker 3] jepsen.util: 3	:ok	:echo	{:type "echo_ok", :echo "Please echo 120", :msg_id 0, :in_reply_to 20}
2025-06-06 01:27:47,414{GMT}	INFO	[jepsen worker 1] jepsen.util: 1	:invoke	:echo	"Please echo 102"
2025-06-06 01:27:47,416{GMT}	INFO	[jepsen worker 1] jepsen.util: 1	:ok	:echo	{:type "echo_ok", :echo "Please echo 102", :msg_id 0, :in_reply_to 21}
2025-06-06 01:27:47,448{GMT}	INFO	[jepsen worker 3] jepsen.util: 3	:invoke	:echo	"Please echo 119"
2025-06-06 01:27:47,449{GMT}	INFO	[jepsen worker 3] jepsen.util: 3	:ok	:echo	{:type "echo_ok", :echo "Please echo 119", :msg_id 0, :in_reply_to 21}
2025-06-06 01:27:47,623{GMT}	INFO	[jepsen worker 2] jepsen.util: 2	:invoke	:echo	"Please echo 5"
2025-06-06 01:27:47,625{GMT}	INFO	[jepsen worker 2] jepsen.util: 2	:ok	:echo	{:type "echo_ok", :echo "Please echo 5", :msg_id 0, :in_reply_to 19}
2025-06-06 01:27:47,650{GMT}	INFO	[jepsen worker 2] jepsen.util: 2	:invoke	:echo	"Please echo 35"
2025-06-06 01:27:47,652{GMT}	INFO	[jepsen worker 2] jepsen.util: 2	:ok	:echo	{:type "echo_ok", :echo "Please echo 35", :msg_id 0, :in_reply_to 20}
2025-06-06 01:27:47,676{GMT}	INFO	[jepsen worker 4] jepsen.util: 4	:invoke	:echo	"Please echo 107"
2025-06-06 01:27:47,678{GMT}	INFO	[jepsen worker 4] jepsen.util: 4	:ok	:echo	{:type "echo_ok", :echo "Please echo 107", :msg_id 0, :in_reply_to 16}
2025-06-06 01:27:47,830{GMT}	INFO	[jepsen worker 2] jepsen.util: 2	:invoke	:echo	"Please echo 2"
2025-06-06 01:27:47,832{GMT}	INFO	[jepsen worker 2] jepsen.util: 2	:ok	:echo	{:type "echo_ok", :echo "Please echo 2", :msg_id 0, :in_reply_to 21}
2025-06-06 01:27:47,850{GMT}	INFO	[jepsen worker 1] jepsen.util: 1	:invoke	:echo	"Please echo 63"
2025-06-06 01:27:47,851{GMT}	INFO	[jepsen worker 1] jepsen.util: 1	:ok	:echo	{:type "echo_ok", :echo "Please echo 63", :msg_id 0, :in_reply_to 22}
2025-06-06 01:27:47,937{GMT}	INFO	[jepsen worker 4] jepsen.util: 4	:invoke	:echo	"Please echo 45"
2025-06-06 01:27:47,939{GMT}	INFO	[jepsen worker 4] jepsen.util: 4	:ok	:echo	{:type "echo_ok", :echo "Please echo 45", :msg_id 0, :in_reply_to 17}
2025-06-06 01:27:48,117{GMT}	INFO	[jepsen worker 2] jepsen.util: 2	:invoke	:echo	"Please echo 97"
2025-06-06 01:27:48,119{GMT}	INFO	[jepsen worker 2] jepsen.util: 2	:ok	:echo	{:type "echo_ok", :echo "Please echo 97", :msg_id 0, :in_reply_to 22}
2025-06-06 01:27:48,222{GMT}	INFO	[jepsen worker 0] jepsen.util: 0	:invoke	:echo	"Please echo 63"
2025-06-06 01:27:48,223{GMT}	INFO	[jepsen worker 0] jepsen.util: 0	:ok	:echo	{:type "echo_ok", :echo "Please echo 63", :msg_id 0, :in_reply_to 23}
2025-06-06 01:27:48,359{GMT}	INFO	[jepsen worker 2] jepsen.util: 2	:invoke	:echo	"Please echo 102"
2025-06-06 01:27:48,359{GMT}	INFO	[jepsen worker 2] jepsen.util: 2	:ok	:echo	{:type "echo_ok", :echo "Please echo 102", :msg_id 0, :in_reply_to 23}
2025-06-06 01:27:48,393{GMT}	INFO	[jepsen worker 0] jepsen.util: 0	:invoke	:echo	"Please echo 59"
2025-06-06 01:27:48,394{GMT}	INFO	[jepsen worker 0] jepsen.util: 0	:ok	:echo	{:type "echo_ok", :echo "Please echo 59", :msg_id 0, :in_reply_to 24}
2025-06-06 01:27:48,443{GMT}	INFO	[jepsen worker 3] jepsen.util: 3	:invoke	:echo	"Please echo 126"
2025-06-06 01:27:48,445{GMT}	INFO	[jepsen worker 3] jepsen.util: 3	:ok	:echo	{:type "echo_ok", :echo "Please echo 126", :msg_id 0, :in_reply_to 22}
2025-06-06 01:27:48,619{GMT}	INFO	[jepsen worker 2] jepsen.util: 2	:invoke	:echo	"Please echo 55"
2025-06-06 01:27:48,620{GMT}	INFO	[jepsen worker 2] jepsen.util: 2	:ok	:echo	{:type "echo_ok", :echo "Please echo 55", :msg_id 0, :in_reply_to 24}
2025-06-06 01:27:48,742{GMT}	INFO	[jepsen worker 1] jepsen.util: 1	:invoke	:echo	"Please echo 85"
2025-06-06 01:27:48,744{GMT}	INFO	[jepsen worker 1] jepsen.util: 1	:ok	:echo	{:type "echo_ok", :echo "Please echo 85", :msg_id 0, :in_reply_to 23}
2025-06-06 01:27:48,749{GMT}	INFO	[jepsen worker 2] jepsen.util: 2	:invoke	:echo	"Please echo 67"
2025-06-06 01:27:48,752{GMT}	INFO	[jepsen worker 2] jepsen.util: 2	:ok	:echo	{:type "echo_ok", :echo "Please echo 67", :msg_id 0, :in_reply_to 25}
2025-06-06 01:27:48,804{GMT}	INFO	[jepsen worker 3] jepsen.util: 3	:invoke	:echo	"Please echo 12"
2025-06-06 01:27:48,805{GMT}	INFO	[jepsen worker 3] jepsen.util: 3	:ok	:echo	{:type "echo_ok", :echo "Please echo 12", :msg_id 0, :in_reply_to 23}
2025-06-06 01:27:48,993{GMT}	INFO	[jepsen worker 1] jepsen.util: 1	:invoke	:echo	"Please echo 90"
2025-06-06 01:27:48,994{GMT}	INFO	[jepsen worker 1] jepsen.util: 1	:ok	:echo	{:type "echo_ok", :echo "Please echo 90", :msg_id 0, :in_reply_to 24}
2025-06-06 01:27:49,064{GMT}	INFO	[jepsen worker 3] jepsen.util: 3	:invoke	:echo	"Please echo 58"
2025-06-06 01:27:49,065{GMT}	INFO	[jepsen worker 3] jepsen.util: 3	:ok	:echo	{:type "echo_ok", :echo "Please echo 58", :msg_id 0, :in_reply_to 24}
2025-06-06 01:27:49,155{GMT}	INFO	[jepsen worker 2] jepsen.util: 2	:invoke	:echo	"Please echo 24"
2025-06-06 01:27:49,156{GMT}	INFO	[jepsen worker 2] jepsen.util: 2	:ok	:echo	{:type "echo_ok", :echo "Please echo 24", :msg_id 0, :in_reply_to 26}
2025-06-06 01:27:49,237{GMT}	INFO	[jepsen worker 4] jepsen.util: 4	:invoke	:echo	"Please echo 15"
2025-06-06 01:27:49,237{GMT}	INFO	[jepsen worker 4] jepsen.util: 4	:ok	:echo	{:type "echo_ok", :echo "Please echo 15", :msg_id 0, :in_reply_to 18}
2025-06-06 01:27:49,301{GMT}	INFO	[jepsen worker 1] jepsen.util: 1	:invoke	:echo	"Please echo 123"
2025-06-06 01:27:49,301{GMT}	INFO	[jepsen worker 1] jepsen.util: 1	:ok	:echo	{:type "echo_ok", :echo "Please echo 123", :msg_id 0, :in_reply_to 25}
2025-06-06 01:27:49,374{GMT}	INFO	[jepsen worker 4] jepsen.util: 4	:invoke	:echo	"Please echo 127"
2025-06-06 01:27:49,376{GMT}	INFO	[jepsen worker 4] jepsen.util: 4	:ok	:echo	{:type "echo_ok", :echo "Please echo 127", :msg_id 0, :in_reply_to 19}
2025-06-06 01:27:49,543{GMT}	INFO	[jepsen worker 4] jepsen.util: 4	:invoke	:echo	"Please echo 61"
2025-06-06 01:27:49,545{GMT}	INFO	[jepsen worker 4] jepsen.util: 4	:ok	:echo	{:type "echo_ok", :echo "Please echo 61", :msg_id 0, :in_reply_to 20}
2025-06-06 01:27:49,726{GMT}	INFO	[jepsen worker 0] jepsen.util: 0	:invoke	:echo	"Please echo 123"
2025-06-06 01:27:49,730{GMT}	INFO	[jepsen worker 0] jepsen.util: 0	:ok	:echo	{:type "echo_ok", :echo "Please echo 123", :msg_id 0, :in_reply_to 25}
2025-06-06 01:27:49,775{GMT}	INFO	[jepsen worker 2] jepsen.util: 2	:invoke	:echo	"Please echo 93"
2025-06-06 01:27:49,777{GMT}	INFO	[jepsen worker 2] jepsen.util: 2	:ok	:echo	{:type "echo_ok", :echo "Please echo 93", :msg_id 0, :in_reply_to 27}
2025-06-06 01:27:49,901{GMT}	INFO	[jepsen worker 3] jepsen.util: 3	:invoke	:echo	"Please echo 34"
2025-06-06 01:27:49,903{GMT}	INFO	[jepsen worker 3] jepsen.util: 3	:ok	:echo	{:type "echo_ok", :echo "Please echo 34", :msg_id 0, :in_reply_to 25}
2025-06-06 01:27:50,105{GMT}	INFO	[jepsen worker 0] jepsen.util: 0	:invoke	:echo	"Please echo 10"
2025-06-06 01:27:50,108{GMT}	INFO	[jepsen worker 0] jepsen.util: 0	:ok	:echo	{:type "echo_ok", :echo "Please echo 10", :msg_id 0, :in_reply_to 26}
2025-06-06 01:27:50,304{GMT}	INFO	[jepsen worker 4] jepsen.util: 4	:invoke	:echo	"Please echo 123"
2025-06-06 01:27:50,307{GMT}	INFO	[jepsen worker 4] jepsen.util: 4	:ok	:echo	{:type "echo_ok", :echo "Please echo 123", :msg_id 0, :in_reply_to 21}
2025-06-06 01:27:50,401{GMT}	INFO	[jepsen worker 0] jepsen.util: 0	:invoke	:echo	"Please echo 38"
2025-06-06 01:27:50,404{GMT}	INFO	[jepsen worker 0] jepsen.util: 0	:ok	:echo	{:type "echo_ok", :echo "Please echo 38", :msg_id 0, :in_reply_to 27}
2025-06-06 01:27:50,448{GMT}	INFO	[jepsen worker 1] jepsen.util: 1	:invoke	:echo	"Please echo 39"
2025-06-06 01:27:50,450{GMT}	INFO	[jepsen worker 1] jepsen.util: 1	:ok	:echo	{:type "echo_ok", :echo "Please echo 39", :msg_id 0, :in_reply_to 26}
2025-06-06 01:27:50,589{GMT}	INFO	[jepsen worker 0] jepsen.util: 0	:invoke	:echo	"Please echo 52"
2025-06-06 01:27:50,591{GMT}	INFO	[jepsen worker 0] jepsen.util: 0	:ok	:echo	{:type "echo_ok", :echo "Please echo 52", :msg_id 0, :in_reply_to 28}
2025-06-06 01:27:50,643{GMT}	INFO	[jepsen worker 4] jepsen.util: 4	:invoke	:echo	"Please echo 59"
2025-06-06 01:27:50,645{GMT}	INFO	[jepsen worker 4] jepsen.util: 4	:ok	:echo	{:type "echo_ok", :echo "Please echo 59", :msg_id 0, :in_reply_to 22}
2025-06-06 01:27:50,820{GMT}	INFO	[jepsen worker 0] jepsen.util: 0	:invoke	:echo	"Please echo 54"
2025-06-06 01:27:50,822{GMT}	INFO	[jepsen worker 0] jepsen.util: 0	:ok	:echo	{:type "echo_ok", :echo "Please echo 54", :msg_id 0, :in_reply_to 29}
2025-06-06 01:27:50,913{GMT}	INFO	[jepsen worker 2] jepsen.util: 2	:invoke	:echo	"Please echo 63"
2025-06-06 01:27:50,915{GMT}	INFO	[jepsen worker 2] jepsen.util: 2	:ok	:echo	{:type "echo_ok", :echo "Please echo 63", :msg_id 0, :in_reply_to 28}
2025-06-06 01:27:51,062{GMT}	INFO	[jepsen worker 2] jepsen.util: 2	:invoke	:echo	"Please echo 123"
2025-06-06 01:27:51,064{GMT}	INFO	[jepsen worker 2] jepsen.util: 2	:ok	:echo	{:type "echo_ok", :echo "Please echo 123", :msg_id 0, :in_reply_to 29}
2025-06-06 01:27:51,073{GMT}	INFO	[jepsen worker 3] jepsen.util: 3	:invoke	:echo	"Please echo 118"
2025-06-06 01:27:51,075{GMT}	INFO	[jepsen worker 3] jepsen.util: 3	:ok	:echo	{:type "echo_ok", :echo "Please echo 118", :msg_id 0, :in_reply_to 26}
2025-06-06 01:27:51,080{GMT}	INFO	[jepsen worker 2] jepsen.util: 2	:invoke	:echo	"Please echo 30"
2025-06-06 01:27:51,081{GMT}	INFO	[jepsen worker 2] jepsen.util: 2	:ok	:echo	{:type "echo_ok", :echo "Please echo 30", :msg_id 0, :in_reply_to 30}
2025-06-06 01:27:51,171{GMT}	INFO	[jepsen worker 1] jepsen.util: 1	:invoke	:echo	"Please echo 127"
2025-06-06 01:27:51,172{GMT}	INFO	[jepsen worker 1] jepsen.util: 1	:ok	:echo	{:type "echo_ok", :echo "Please echo 127", :msg_id 0, :in_reply_to 27}
2025-06-06 01:27:51,244{GMT}	INFO	[jepsen worker 4] jepsen.util: 4	:invoke	:echo	"Please echo 32"
2025-06-06 01:27:51,246{GMT}	INFO	[jepsen worker 4] jepsen.util: 4	:ok	:echo	{:type "echo_ok", :echo "Please echo 32", :msg_id 0, :in_reply_to 23}
2025-06-06 01:27:51,332{GMT}	INFO	[jepsen worker 1] jepsen.util: 1	:invoke	:echo	"Please echo 82"
2025-06-06 01:27:51,334{GMT}	INFO	[jepsen worker 1] jepsen.util: 1	:ok	:echo	{:type "echo_ok", :echo "Please echo 82", :msg_id 0, :in_reply_to 28}
2025-06-06 01:27:51,367{GMT}	INFO	[jepsen worker 1] jepsen.util: 1	:invoke	:echo	"Please echo 19"
2025-06-06 01:27:51,369{GMT}	INFO	[jepsen worker 1] jepsen.util: 1	:ok	:echo	{:type "echo_ok", :echo "Please echo 19", :msg_id 0, :in_reply_to 29}
2025-06-06 01:27:51,415{GMT}	INFO	[jepsen worker 0] jepsen.util: 0	:invoke	:echo	"Please echo 104"
2025-06-06 01:27:51,417{GMT}	INFO	[jepsen worker 0] jepsen.util: 0	:ok	:echo	{:type "echo_ok", :echo "Please echo 104", :msg_id 0, :in_reply_to 30}
2025-06-06 01:27:51,514{GMT}	INFO	[jepsen worker 1] jepsen.util: 1	:invoke	:echo	"Please echo 7"
2025-06-06 01:27:51,516{GMT}	INFO	[jepsen worker 1] jepsen.util: 1	:ok	:echo	{:type "echo_ok", :echo "Please echo 7", :msg_id 0, :in_reply_to 30}
2025-06-06 01:27:51,700{GMT}	INFO	[jepsen worker 3] jepsen.util: 3	:invoke	:echo	"Please echo 37"
2025-06-06 01:27:51,702{GMT}	INFO	[jepsen worker 3] jepsen.util: 3	:ok	:echo	{:type "echo_ok", :echo "Please echo 37", :msg_id 0, :in_reply_to 27}
2025-06-06 01:27:51,784{GMT}	INFO	[jepsen worker 3] jepsen.util: 3	:invoke	:echo	"Please echo 99"
2025-06-06 01:27:51,787{GMT}	INFO	[jepsen worker 3] jepsen.util: 3	:ok	:echo	{:type "echo_ok", :echo "Please echo 99", :msg_id 0, :in_reply_to 28}
2025-06-06 01:27:51,809{GMT}	INFO	[jepsen worker 4] jepsen.util: 4	:invoke	:echo	"Please echo 37"
2025-06-06 01:27:51,811{GMT}	INFO	[jepsen worker 4] jepsen.util: 4	:ok	:echo	{:type "echo_ok", :echo "Please echo 37", :msg_id 0, :in_reply_to 24}
2025-06-06 01:27:51,816{GMT}	INFO	[jepsen worker 4] jepsen.util: 4	:invoke	:echo	"Please echo 83"
2025-06-06 01:27:51,817{GMT}	INFO	[jepsen worker 4] jepsen.util: 4	:ok	:echo	{:type "echo_ok", :echo "Please echo 83", :msg_id 0, :in_reply_to 25}
2025-06-06 01:27:51,973{GMT}	INFO	[jepsen worker 0] jepsen.util: 0	:invoke	:echo	"Please echo 15"
2025-06-06 01:27:51,975{GMT}	INFO	[jepsen worker 0] jepsen.util: 0	:ok	:echo	{:type "echo_ok", :echo "Please echo 15", :msg_id 0, :in_reply_to 31}
2025-06-06 01:27:52,084{GMT}	INFO	[jepsen worker 0] jepsen.util: 0	:invoke	:echo	"Please echo 84"
2025-06-06 01:27:52,086{GMT}	INFO	[jepsen worker 0] jepsen.util: 0	:ok	:echo	{:type "echo_ok", :echo "Please echo 84", :msg_id 0, :in_reply_to 32}
2025-06-06 01:27:52,239{GMT}	INFO	[jepsen worker 1] jepsen.util: 1	:invoke	:echo	"Please echo 69"
2025-06-06 01:27:52,240{GMT}	INFO	[jepsen worker 1] jepsen.util: 1	:ok	:echo	{:type "echo_ok", :echo "Please echo 69", :msg_id 0, :in_reply_to 31}
2025-06-06 01:27:52,341{GMT}	INFO	[jepsen worker 3] jepsen.util: 3	:invoke	:echo	"Please echo 11"
2025-06-06 01:27:52,341{GMT}	INFO	[jepsen worker 3] jepsen.util: 3	:ok	:echo	{:type "echo_ok", :echo "Please echo 11", :msg_id 0, :in_reply_to 29}
2025-06-06 01:27:52,349{GMT}	INFO	[jepsen worker 2] jepsen.util: 2	:invoke	:echo	"Please echo 65"
2025-06-06 01:27:52,349{GMT}	INFO	[jepsen worker 2] jepsen.util: 2	:ok	:echo	{:type "echo_ok", :echo "Please echo 65", :msg_id 0, :in_reply_to 31}
2025-06-06 01:27:52,541{GMT}	INFO	[jepsen worker 4] jepsen.util: 4	:invoke	:echo	"Please echo 125"
2025-06-06 01:27:52,542{GMT}	INFO	[jepsen worker 4] jepsen.util: 4	:ok	:echo	{:type "echo_ok", :echo "Please echo 125", :msg_id 0, :in_reply_to 26}
2025-06-06 01:27:52,684{GMT}	INFO	[jepsen worker 4] jepsen.util: 4	:invoke	:echo	"Please echo 104"
2025-06-06 01:27:52,685{GMT}	INFO	[jepsen worker 4] jepsen.util: 4	:ok	:echo	{:type "echo_ok", :echo "Please echo 104", :msg_id 0, :in_reply_to 27}
2025-06-06 01:27:52,826{GMT}	INFO	[jepsen worker 3] jepsen.util: 3	:invoke	:echo	"Please echo 111"
2025-06-06 01:27:52,827{GMT}	INFO	[jepsen worker 3] jepsen.util: 3	:ok	:echo	{:type "echo_ok", :echo "Please echo 111", :msg_id 0, :in_reply_to 30}
2025-06-06 01:27:52,855{GMT}	INFO	[jepsen worker 1] jepsen.util: 1	:invoke	:echo	"Please echo 101"
2025-06-06 01:27:52,857{GMT}	INFO	[jepsen worker 1] jepsen.util: 1	:ok	:echo	{:type "echo_ok", :echo "Please echo 101", :msg_id 0, :in_reply_to 32}
2025-06-06 01:27:53,030{GMT}	INFO	[jepsen worker 1] jepsen.util: 1	:invoke	:echo	"Please echo 34"
2025-06-06 01:27:53,032{GMT}	INFO	[jepsen worker 1] jepsen.util: 1	:ok	:echo	{:type "echo_ok", :echo "Please echo 34", :msg_id 0, :in_reply_to 33}
2025-06-06 01:27:53,036{GMT}	INFO	[jepsen worker 2] jepsen.util: 2	:invoke	:echo	"Please echo 106"
2025-06-06 01:27:53,037{GMT}	INFO	[jepsen worker 2] jepsen.util: 2	:ok	:echo	{:type "echo_ok", :echo "Please echo 106", :msg_id 0, :in_reply_to 32}
2025-06-06 01:27:53,047{GMT}	INFO	[jepsen worker 2] jepsen.util: 2	:invoke	:echo	"Please echo 42"
2025-06-06 01:27:53,049{GMT}	INFO	[jepsen worker 2] jepsen.util: 2	:ok	:echo	{:type "echo_ok", :echo "Please echo 42", :msg_id 0, :in_reply_to 33}
2025-06-06 01:27:53,189{GMT}	INFO	[jepsen worker 0] jepsen.util: 0	:invoke	:echo	"Please echo 103"
2025-06-06 01:27:53,191{GMT}	INFO	[jepsen worker 0] jepsen.util: 0	:ok	:echo	{:type "echo_ok", :echo "Please echo 103", :msg_id 0, :in_reply_to 33}
2025-06-06 01:27:53,354{GMT}	INFO	[jepsen worker 4] jepsen.util: 4	:invoke	:echo	"Please echo 114"
2025-06-06 01:27:53,356{GMT}	INFO	[jepsen worker 4] jepsen.util: 4	:ok	:echo	{:type "echo_ok", :echo "Please echo 114", :msg_id 0, :in_reply_to 28}
2025-06-06 01:27:53,417{GMT}	INFO	[jepsen worker 1] jepsen.util: 1	:invoke	:echo	"Please echo 75"
2025-06-06 01:27:53,418{GMT}	INFO	[jepsen worker 1] jepsen.util: 1	:ok	:echo	{:type "echo_ok", :echo "Please echo 75", :msg_id 0, :in_reply_to 34}
2025-06-06 01:27:53,595{GMT}	INFO	[jepsen worker 0] jepsen.util: 0	:invoke	:echo	"Please echo 94"
2025-06-06 01:27:53,596{GMT}	INFO	[jepsen worker 0] jepsen.util: 0	:ok	:echo	{:type "echo_ok", :echo "Please echo 94", :msg_id 0, :in_reply_to 34}
2025-06-06 01:27:53,735{GMT}	INFO	[jepsen worker 3] jepsen.util: 3	:invoke	:echo	"Please echo 90"
2025-06-06 01:27:53,737{GMT}	INFO	[jepsen worker 3] jepsen.util: 3	:ok	:echo	{:type "echo_ok", :echo "Please echo 90", :msg_id 0, :in_reply_to 31}
2025-06-06 01:27:53,811{GMT}	INFO	[jepsen worker 1] jepsen.util: 1	:invoke	:echo	"Please echo 36"
2025-06-06 01:27:53,812{GMT}	INFO	[jepsen worker 1] jepsen.util: 1	:ok	:echo	{:type "echo_ok", :echo "Please echo 36", :msg_id 0, :in_reply_to 35}
2025-06-06 01:27:53,838{GMT}	INFO	[jepsen worker 3] jepsen.util: 3	:invoke	:echo	"Please echo 103"
2025-06-06 01:27:53,839{GMT}	INFO	[jepsen worker 3] jepsen.util: 3	:ok	:echo	{:type "echo_ok", :echo "Please echo 103", :msg_id 0, :in_reply_to 32}
2025-06-06 01:27:53,974{GMT}	INFO	[jepsen worker 3] jepsen.util: 3	:invoke	:echo	"Please echo 29"
2025-06-06 01:27:53,975{GMT}	INFO	[jepsen worker 3] jepsen.util: 3	:ok	:echo	{:type "echo_ok", :echo "Please echo 29", :msg_id 0, :in_reply_to 33}
2025-06-06 01:27:53,989{GMT}	INFO	[jepsen worker 0] jepsen.util: 0	:invoke	:echo	"Please echo 53"
2025-06-06 01:27:53,989{GMT}	INFO	[jepsen worker 0] jepsen.util: 0	:ok	:echo	{:type "echo_ok", :echo "Please echo 53", :msg_id 0, :in_reply_to 35}
2025-06-06 01:27:54,113{GMT}	INFO	[jepsen worker 2] jepsen.util: 2	:invoke	:echo	"Please echo 93"
2025-06-06 01:27:54,114{GMT}	INFO	[jepsen worker 2] jepsen.util: 2	:ok	:echo	{:type "echo_ok", :echo "Please echo 93", :msg_id 0, :in_reply_to 34}
2025-06-06 01:27:54,124{GMT}	INFO	[jepsen worker 1] jepsen.util: 1	:invoke	:echo	"Please echo 72"
2025-06-06 01:27:54,125{GMT}	INFO	[jepsen worker 1] jepsen.util: 1	:ok	:echo	{:type "echo_ok", :echo "Please echo 72", :msg_id 0, :in_reply_to 36}
2025-06-06 01:27:54,178{GMT}	INFO	[jepsen worker 0] jepsen.util: 0	:invoke	:echo	"Please echo 103"
2025-06-06 01:27:54,180{GMT}	INFO	[jepsen worker 0] jepsen.util: 0	:ok	:echo	{:type "echo_ok", :echo "Please echo 103", :msg_id 0, :in_reply_to 36}
2025-06-06 01:27:54,351{GMT}	INFO	[jepsen worker 1] jepsen.util: 1	:invoke	:echo	"Please echo 87"
2025-06-06 01:27:54,352{GMT}	INFO	[jepsen worker 1] jepsen.util: 1	:ok	:echo	{:type "echo_ok", :echo "Please echo 87", :msg_id 0, :in_reply_to 37}
2025-06-06 01:27:54,377{GMT}	INFO	[jepsen worker 4] jepsen.util: 4	:invoke	:echo	"Please echo 80"
2025-06-06 01:27:54,378{GMT}	INFO	[jepsen worker 4] jepsen.util: 4	:ok	:echo	{:type "echo_ok", :echo "Please echo 80", :msg_id 0, :in_reply_to 29}
2025-06-06 01:27:54,453{GMT}	INFO	[jepsen worker 3] jepsen.util: 3	:invoke	:echo	"Please echo 56"
2025-06-06 01:27:54,453{GMT}	INFO	[jepsen worker 3] jepsen.util: 3	:ok	:echo	{:type "echo_ok", :echo "Please echo 56", :msg_id 0, :in_reply_to 34}
2025-06-06 01:27:54,546{GMT}	INFO	[jepsen worker 1] jepsen.util: 1	:invoke	:echo	"Please echo 77"
2025-06-06 01:27:54,547{GMT}	INFO	[jepsen worker 1] jepsen.util: 1	:ok	:echo	{:type "echo_ok", :echo "Please echo 77", :msg_id 0, :in_reply_to 38}
2025-06-06 01:27:54,679{GMT}	INFO	[jepsen worker 0] jepsen.util: 0	:invoke	:echo	"Please echo 33"
2025-06-06 01:27:54,680{GMT}	INFO	[jepsen worker 0] jepsen.util: 0	:ok	:echo	{:type "echo_ok", :echo "Please echo 33", :msg_id 0, :in_reply_to 37}
2025-06-06 01:27:54,795{GMT}	INFO	[jepsen worker 3] jepsen.util: 3	:invoke	:echo	"Please echo 71"
2025-06-06 01:27:54,796{GMT}	INFO	[jepsen worker 3] jepsen.util: 3	:ok	:echo	{:type "echo_ok", :echo "Please echo 71", :msg_id 0, :in_reply_to 35}
2025-06-06 01:27:54,812{GMT}	INFO	[jepsen worker 0] jepsen.util: 0	:invoke	:echo	"Please echo 99"
2025-06-06 01:27:54,814{GMT}	INFO	[jepsen worker 0] jepsen.util: 0	:ok	:echo	{:type "echo_ok", :echo "Please echo 99", :msg_id 0, :in_reply_to 38}
2025-06-06 01:27:54,897{GMT}	INFO	[jepsen worker 0] jepsen.util: 0	:invoke	:echo	"Please echo 76"
2025-06-06 01:27:54,899{GMT}	INFO	[jepsen worker 0] jepsen.util: 0	:ok	:echo	{:type "echo_ok", :echo "Please echo 76", :msg_id 0, :in_reply_to 39}
2025-06-06 01:27:55,062{GMT}	INFO	[jepsen worker 3] jepsen.util: 3	:invoke	:echo	"Please echo 92"
2025-06-06 01:27:55,063{GMT}	INFO	[jepsen worker 3] jepsen.util: 3	:ok	:echo	{:type "echo_ok", :echo "Please echo 92", :msg_id 0, :in_reply_to 36}
2025-06-06 01:27:55,207{GMT}	INFO	[jepsen worker 1] jepsen.util: 1	:invoke	:echo	"Please echo 44"
2025-06-06 01:27:55,209{GMT}	INFO	[jepsen worker 1] jepsen.util: 1	:ok	:echo	{:type "echo_ok", :echo "Please echo 44", :msg_id 0, :in_reply_to 39}
2025-06-06 01:27:55,353{GMT}	INFO	[jepsen worker 2] jepsen.util: 2	:invoke	:echo	"Please echo 108"
2025-06-06 01:27:55,355{GMT}	INFO	[jepsen worker 2] jepsen.util: 2	:ok	:echo	{:type "echo_ok", :echo "Please echo 108", :msg_id 0, :in_reply_to 35}
2025-06-06 01:27:55,522{GMT}	INFO	[jepsen worker 0] jepsen.util: 0	:invoke	:echo	"Please echo 96"
2025-06-06 01:27:55,524{GMT}	INFO	[jepsen worker 0] jepsen.util: 0	:ok	:echo	{:type "echo_ok", :echo "Please echo 96", :msg_id 0, :in_reply_to 40}
2025-06-06 01:27:55,641{GMT}	INFO	[jepsen worker 1] jepsen.util: 1	:invoke	:echo	"Please echo 120"
2025-06-06 01:27:55,641{GMT}	INFO	[jepsen worker 1] jepsen.util: 1	:ok	:echo	{:type "echo_ok", :echo "Please echo 120", :msg_id 0, :in_reply_to 40}
2025-06-06 01:27:55,769{GMT}	INFO	[jepsen worker 1] jepsen.util: 1	:invoke	:echo	"Please echo 66"
2025-06-06 01:27:55,771{GMT}	INFO	[jepsen worker 1] jepsen.util: 1	:ok	:echo	{:type "echo_ok", :echo "Please echo 66", :msg_id 0, :in_reply_to 41}
2025-06-06 01:27:55,910{GMT}	INFO	[jepsen worker 1] jepsen.util: 1	:invoke	:echo	"Please echo 20"
2025-06-06 01:27:55,912{GMT}	INFO	[jepsen worker 1] jepsen.util: 1	:ok	:echo	{:type "echo_ok", :echo "Please echo 20", :msg_id 0, :in_reply_to 42}
2025-06-06 01:27:56,067{GMT}	INFO	[jepsen worker 0] jepsen.util: 0	:invoke	:echo	"Please echo 68"
2025-06-06 01:27:56,069{GMT}	INFO	[jepsen worker 0] jepsen.util: 0	:ok	:echo	{:type "echo_ok", :echo "Please echo 68", :msg_id 0, :in_reply_to 41}
2025-06-06 01:27:56,227{GMT}	INFO	[jepsen worker 0] jepsen.util: 0	:invoke	:echo	"Please echo 31"
2025-06-06 01:27:56,228{GMT}	INFO	[jepsen worker 0] jepsen.util: 0	:ok	:echo	{:type "echo_ok", :echo "Please echo 31", :msg_id 0, :in_reply_to 42}
2025-06-06 01:27:56,360{GMT}	INFO	[jepsen worker 2] jepsen.util: 2	:invoke	:echo	"Please echo 25"
2025-06-06 01:27:56,361{GMT}	INFO	[jepsen worker 2] jepsen.util: 2	:ok	:echo	{:type "echo_ok", :echo "Please echo 25", :msg_id 0, :in_reply_to 36}
2025-06-06 01:27:56,367{GMT}	INFO	[jepsen worker 1] jepsen.util: 1	:invoke	:echo	"Please echo 35"
2025-06-06 01:27:56,368{GMT}	INFO	[jepsen worker 1] jepsen.util: 1	:ok	:echo	{:type "echo_ok", :echo "Please echo 35", :msg_id 0, :in_reply_to 43}
2025-06-06 01:27:56,516{GMT}	INFO	[jepsen worker 4] jepsen.util: 4	:invoke	:echo	"Please echo 85"
2025-06-06 01:27:56,518{GMT}	INFO	[jepsen worker 4] jepsen.util: 4	:ok	:echo	{:type "echo_ok", :echo "Please echo 85", :msg_id 0, :in_reply_to 30}
2025-06-06 01:27:56,541{GMT}	INFO	[jepsen worker 4] jepsen.util: 4	:invoke	:echo	"Please echo 30"
2025-06-06 01:27:56,543{GMT}	INFO	[jepsen worker 4] jepsen.util: 4	:ok	:echo	{:type "echo_ok", :echo "Please echo 30", :msg_id 0, :in_reply_to 31}
2025-06-06 01:27:56,573{GMT}	INFO	[jepsen worker 3] jepsen.util: 3	:invoke	:echo	"Please echo 22"
2025-06-06 01:27:56,575{GMT}	INFO	[jepsen worker 3] jepsen.util: 3	:ok	:echo	{:type "echo_ok", :echo "Please echo 22", :msg_id 0, :in_reply_to 37}
2025-06-06 01:27:56,616{GMT}	INFO	[jepsen worker 1] jepsen.util: 1	:invoke	:echo	"Please echo 20"
2025-06-06 01:27:56,618{GMT}	INFO	[jepsen worker 1] jepsen.util: 1	:ok	:echo	{:type "echo_ok", :echo "Please echo 20", :msg_id 0, :in_reply_to 44}
2025-06-06 01:27:56,694{GMT}	INFO	[jepsen worker 4] jepsen.util: 4	:invoke	:echo	"Please echo 22"
2025-06-06 01:27:56,696{GMT}	INFO	[jepsen worker 4] jepsen.util: 4	:ok	:echo	{:type "echo_ok", :echo "Please echo 22", :msg_id 0, :in_reply_to 32}
2025-06-06 01:27:56,721{GMT}	INFO	[jepsen worker 1] jepsen.util: 1	:invoke	:echo	"Please echo 28"
2025-06-06 01:27:56,723{GMT}	INFO	[jepsen worker 1] jepsen.util: 1	:ok	:echo	{:type "echo_ok", :echo "Please echo 28", :msg_id 0, :in_reply_to 45}
2025-06-06 01:27:56,743{GMT}	INFO	[jepsen worker 1] jepsen.util: 1	:invoke	:echo	"Please echo 48"
2025-06-06 01:27:56,745{GMT}	INFO	[jepsen worker 1] jepsen.util: 1	:ok	:echo	{:type "echo_ok", :echo "Please echo 48", :msg_id 0, :in_reply_to 46}
2025-06-06 01:27:56,907{GMT}	INFO	[jepsen worker 1] jepsen.util: 1	:invoke	:echo	"Please echo 60"
2025-06-06 01:27:56,909{GMT}	INFO	[jepsen worker 1] jepsen.util: 1	:ok	:echo	{:type "echo_ok", :echo "Please echo 60", :msg_id 0, :in_reply_to 47}
2025-06-06 01:27:57,060{GMT}	INFO	[jepsen worker 3] jepsen.util: 3	:invoke	:echo	"Please echo 46"
2025-06-06 01:27:57,062{GMT}	INFO	[jepsen worker 3] jepsen.util: 3	:ok	:echo	{:type "echo_ok", :echo "Please echo 46", :msg_id 0, :in_reply_to 38}
2025-06-06 01:27:57,243{GMT}	INFO	[jepsen worker 0] jepsen.util: 0	:invoke	:echo	"Please echo 67"
2025-06-06 01:27:57,244{GMT}	INFO	[jepsen worker 0] jepsen.util: 0	:ok	:echo	{:type "echo_ok", :echo "Please echo 67", :msg_id 0, :in_reply_to 43}
2025-06-06 01:27:57,294{GMT}	INFO	[jepsen worker 2] jepsen.util: 2	:invoke	:echo	"Please echo 89"
2025-06-06 01:27:57,295{GMT}	INFO	[jepsen worker 2] jepsen.util: 2	:ok	:echo	{:type "echo_ok", :echo "Please echo 89", :msg_id 0, :in_reply_to 37}
2025-06-06 01:27:57,461{GMT}	INFO	[jepsen worker 2] jepsen.util: 2	:invoke	:echo	"Please echo 94"
2025-06-06 01:27:57,462{GMT}	INFO	[jepsen worker 2] jepsen.util: 2	:ok	:echo	{:type "echo_ok", :echo "Please echo 94", :msg_id 0, :in_reply_to 38}
2025-06-06 01:27:57,473{GMT}	INFO	[jepsen worker 3] jepsen.util: 3	:invoke	:echo	"Please echo 4"
2025-06-06 01:27:57,474{GMT}	INFO	[jepsen worker 3] jepsen.util: 3	:ok	:echo	{:type "echo_ok", :echo "Please echo 4", :msg_id 0, :in_reply_to 39}
2025-06-06 01:27:57,494{GMT}	INFO	[jepsen worker 0] jepsen.util: 0	:invoke	:echo	"Please echo 68"
2025-06-06 01:27:57,495{GMT}	INFO	[jepsen worker 0] jepsen.util: 0	:ok	:echo	{:type "echo_ok", :echo "Please echo 68", :msg_id 0, :in_reply_to 44}
2025-06-06 01:27:57,501{GMT}	INFO	[jepsen worker 0] jepsen.util: 0	:invoke	:echo	"Please echo 23"
2025-06-06 01:27:57,501{GMT}	INFO	[jepsen worker 0] jepsen.util: 0	:ok	:echo	{:type "echo_ok", :echo "Please echo 23", :msg_id 0, :in_reply_to 45}
2025-06-06 01:27:57,629{GMT}	INFO	[jepsen worker 4] jepsen.util: 4	:invoke	:echo	"Please echo 72"
2025-06-06 01:27:57,629{GMT}	INFO	[jepsen worker 4] jepsen.util: 4	:ok	:echo	{:type "echo_ok", :echo "Please echo 72", :msg_id 0, :in_reply_to 33}
2025-06-06 01:27:57,685{GMT}	INFO	[jepsen worker 4] jepsen.util: 4	:invoke	:echo	"Please echo 15"
2025-06-06 01:27:57,686{GMT}	INFO	[jepsen worker 4] jepsen.util: 4	:ok	:echo	{:type "echo_ok", :echo "Please echo 15", :msg_id 0, :in_reply_to 34}
2025-06-06 01:27:57,783{GMT}	INFO	[jepsen worker 0] jepsen.util: 0	:invoke	:echo	"Please echo 25"
2025-06-06 01:27:57,785{GMT}	INFO	[jepsen worker 0] jepsen.util: 0	:ok	:echo	{:type "echo_ok", :echo "Please echo 25", :msg_id 0, :in_reply_to 46}
2025-06-06 01:27:57,982{GMT}	INFO	[jepsen worker 2] jepsen.util: 2	:invoke	:echo	"Please echo 95"
2025-06-06 01:27:57,984{GMT}	INFO	[jepsen worker 2] jepsen.util: 2	:ok	:echo	{:type "echo_ok", :echo "Please echo 95", :msg_id 0, :in_reply_to 39}
2025-06-06 01:27:58,062{GMT}	INFO	[jepsen worker 0] jepsen.util: 0	:invoke	:echo	"Please echo 53"
2025-06-06 01:27:58,063{GMT}	INFO	[jepsen worker 0] jepsen.util: 0	:ok	:echo	{:type "echo_ok", :echo "Please echo 53", :msg_id 0, :in_reply_to 47}
2025-06-06 01:27:58,148{GMT}	INFO	[jepsen worker 4] jepsen.util: 4	:invoke	:echo	"Please echo 71"
2025-06-06 01:27:58,150{GMT}	INFO	[jepsen worker 4] jepsen.util: 4	:ok	:echo	{:type "echo_ok", :echo "Please echo 71", :msg_id 0, :in_reply_to 35}
2025-06-06 01:27:58,199{GMT}	INFO	[jepsen test runner] jepsen.core: Run complete, writing
2025-06-06 01:27:58,257{GMT}	INFO	[jepsen node n3] maelstrom.db: Tearing down n3
2025-06-06 01:27:58,257{GMT}	INFO	[jepsen node n1] maelstrom.db: Tearing down n1
2025-06-06 01:27:58,257{GMT}	INFO	[jepsen node n2] maelstrom.db: Tearing down n2
2025-06-06 01:27:58,257{GMT}	INFO	[jepsen node n4] maelstrom.db: Tearing down n4
2025-06-06 01:27:58,257{GMT}	INFO	[jepsen node n5] maelstrom.db: Tearing down n5
2025-06-06 01:27:59,996{GMT}	INFO	[jepsen node n1] maelstrom.net: Shutting down Maelstrom network
2025-06-06 01:28:00,000{GMT}	INFO	[jepsen test runner] jepsen.core: Analyzing...
2025-06-06 01:28:00,183{GMT}	INFO	[jepsen test runner] jepsen.core: Analysis complete
2025-06-06 01:28:00,187{GMT}	INFO	[jepsen results] jepsen.store: Wrote /Users/adr/code/maelstrom/store/echo/20250606T012727.036-0400/results.edn
2025-06-06 01:28:00,256{GMT}	INFO	[jepsen test runner] jepsen.core: {:perf {:latency-graph {:valid? true},
        :rate-graph {:valid? true},
        :valid? true},
 :timeline {:valid? true},
 :exceptions {:valid? true},
 :stats {:valid? true,
         :count 207,
         :ok-count 207,
         :fail-count 0,
         :info-count 0,
         :by-f {:echo {:valid? true,
                       :count 207,
                       :ok-count 207,
                       :fail-count 0,
                       :info-count 0}}},
 :availability {:valid? true, :ok-fraction 1.0},
 :net {:all {:send-count 424,
             :recv-count 424,
             :msg-count 424,
             :msgs-per-op 2.048309},
       :clients {:send-count 424, :recv-count 424, :msg-count 424},
       :servers {:send-count 0,
                 :recv-count 0,
                 :msg-count 0,
                 :msgs-per-op 0.0},
       :valid? true},
 :workload {:valid? true, :errors ()},
 :valid? true}


Everything looks good! (`)
