2025-06-02 13:42:59,239{GMT}	INFO	[jepsen test runner] jepsen.core: Test version 979cec7719eb53217b758a589bde94e8412a4326 (plus uncommitted changes)
2025-06-02 13:42:59,240{GMT}	INFO	[jepsen test runner] jepsen.core: Command line:
lein run test -w echo --bin self/server/_build/default/bin/main.exe --time-limit 20 --rate 10
2025-06-02 13:42:59,272{GMT}	INFO	[jepsen test runner] jepsen.core: Running test:
{:args []
 :remote
 #jepsen.control.retry.Remote{:remote #jepsen.control.scp.Remote{:cmd-remote #jepsen.control.sshj.SSHJRemote{:concurrency-limit 6,
                                                                                                             :conn-spec nil,
                                                                                                             :client nil,
                                                                                                             :semaphore nil},
                                                                 :conn-spec nil},
                              :conn nil}
 :log-net-send false
 :node-count nil
 :availability nil
 :max-txn-length 4
 :concurrency 5
 :db
 #object[maelstrom.db$db$reify__16612
         "0x15a8b228"
         "maelstrom.db$db$reify__16612@15a8b228"]
 :max-writes-per-key 16
 :leave-db-running? false
 :name "echo"
 :logging-json? false
 :start-time
 #object[org.joda.time.DateTime "0x71737478" "2025-06-02T13:42:59.200-04:00"]
 :nemesis-interval 10
 :net
 #object[maelstrom.net$jepsen_net$reify__15721
         "0x64001530"
         "maelstrom.net$jepsen_net$reify__15721@64001530"]
 :client
 #object[maelstrom.workload.echo$client$reify__17402
         "0x1f9b8c23"
         "maelstrom.workload.echo$client$reify__17402@1f9b8c23"]
 :barrier
 #object[java.util.concurrent.CyclicBarrier
         "0x6b297a62"
         "java.util.concurrent.CyclicBarrier@6b297a62"]
 :log-stderr false
 :pure-generators true
 :ssh {:dummy? true}
 :rate 10.0
 :checker
 #object[jepsen.checker$compose$reify__11089
         "0x11303cb"
         "jepsen.checker$compose$reify__11089@11303cb"]
 :argv
 ("test"
  "-w"
  "echo"
  "--bin"
  "self/server/_build/default/bin/main.exe"
  "--time-limit"
  "20"
  "--rate"
  "10")
 :nemesis
 (jepsen.nemesis.ReflCompose
  {:fm {:start-partition 0,
        :stop-partition 0,
        :kill 1,
        :start 1,
        :pause 1,
        :resume 1},
   :nemeses [#unprintable "jepsen.nemesis.combined$partition_nemesis$reify__16905@655e3f4c"
             #unprintable "jepsen.nemesis.combined$db_nemesis$reify__16886@26e74d50"]})
 :nodes ["n1" "n2" "n3" "n4" "n5"]
 :test-count 1
 :latency {:mean 0, :dist :constant}
 :bin "self/server/_build/default/bin/main.exe"
 :generator
 #object[jepsen.util.Forgettable
         "0x3a1dc432"
         (jepsen.generator.TimeLimit
          {:limit 20000000000,
           :cutoff nil,
           :gen (jepsen.generator.Any
                 {:gens [(jepsen.generator.OnThreads
                          {:f #{:nemesis},
                           :context-filter #object[jepsen.generator.context$make_thread_filter$lazy_filter__12077
                                                   "0x5d4f0fd5"
                                                   "jepsen.generator.context$make_thread_filter$lazy_filter__12077@5d4f0fd5"],
                           :gen nil})
                         (jepsen.generator.OnThreads
                          {:f #jepsen.generator.context.AllBut{:element :nemesis},
                           :context-filter #object[jepsen.generator.context$make_thread_filter$lazy_filter__12077
                                                   "0x2092b072"
                                                   "jepsen.generator.context$make_thread_filter$lazy_filter__12077@2092b072"],
                           :gen (jepsen.generator.Stagger
                                 {:dt 200000000,
                                  :next-time nil,
                                  :gen (jepsen.generator.EachThread
                                        {:fresh-gen #object[maelstrom.workload.echo$workload$fn__17421
                                                            "0x504521ae"
                                                            "maelstrom.workload.echo$workload$fn__17421@504521ae"],
                                         :context-filters #object[clojure.core$promise$reify__8621
                                                                  "0x4a9e6ea7"
                                                                  {:status :pending,
                                                                   :val nil}],
                                         :gens {}})})})]})})]
 :log-net-recv false
 :os
 #object[maelstrom.net$jepsen_os$reify__15724
         "0x6f8af186"
         "maelstrom.net$jepsen_os$reify__15724@6f8af186"]
 :time-limit 20
 :workload :echo
 :consistency-models [:strict-serializable]
 :topology :grid}

2025-06-02 13:43:00,231{GMT}	INFO	[jepsen node n1] maelstrom.net: Starting Maelstrom network
2025-06-02 13:43:00,231{GMT}	INFO	[jepsen test runner] jepsen.db: Tearing down DB
2025-06-02 13:43:00,232{GMT}	INFO	[jepsen test runner] jepsen.db: Setting up DB
2025-06-02 13:43:00,233{GMT}	INFO	[jepsen node n4] maelstrom.db: Setting up n4
2025-06-02 13:43:00,233{GMT}	INFO	[jepsen node n2] maelstrom.db: Setting up n2
2025-06-02 13:43:00,233{GMT}	INFO	[jepsen node n3] maelstrom.db: Setting up n3
2025-06-02 13:43:00,233{GMT}	INFO	[jepsen node n5] maelstrom.db: Setting up n5
2025-06-02 13:43:00,233{GMT}	INFO	[jepsen node n4] maelstrom.process: launching self/server/_build/default/bin/main.exe []
2025-06-02 13:43:00,233{GMT}	INFO	[jepsen node n5] maelstrom.process: launching self/server/_build/default/bin/main.exe []
2025-06-02 13:43:00,233{GMT}	INFO	[jepsen node n3] maelstrom.process: launching self/server/_build/default/bin/main.exe []
2025-06-02 13:43:00,233{GMT}	INFO	[jepsen node n2] maelstrom.process: launching self/server/_build/default/bin/main.exe []
2025-06-02 13:43:00,234{GMT}	INFO	[jepsen node n1] maelstrom.service: Starting services: (lin-kv lin-tso lww-kv seq-kv)
2025-06-02 13:43:00,235{GMT}	INFO	[jepsen node n1] maelstrom.db: Setting up n1
2025-06-02 13:43:00,236{GMT}	INFO	[jepsen node n1] maelstrom.process: launching self/server/_build/default/bin/main.exe []
2025-06-02 13:43:09,266{GMT}	INFO	[jepsen test runner] jepsen.core: Relative time begins now
2025-06-02 13:43:09,278{GMT}	INFO	[jepsen worker 3] jepsen.util: 3	:invoke	:echo	"Please echo 92"
2025-06-02 13:43:09,281{GMT}	INFO	[jepsen worker 3] jepsen.util: 3	:ok	:echo	{:type "echo_ok", :echo "Please echo 92", :msg_id 1, :in_reply_to 1}
2025-06-02 13:43:09,416{GMT}	INFO	[jepsen worker 2] jepsen.util: 2	:invoke	:echo	"Please echo 59"
2025-06-02 13:43:09,417{GMT}	INFO	[jepsen worker 2] jepsen.util: 2	:ok	:echo	{:type "echo_ok", :echo "Please echo 59", :msg_id 1, :in_reply_to 1}
2025-06-02 13:43:09,502{GMT}	INFO	[jepsen worker 1] jepsen.util: 1	:invoke	:echo	"Please echo 6"
2025-06-02 13:43:09,504{GMT}	INFO	[jepsen worker 1] jepsen.util: 1	:ok	:echo	{:type "echo_ok", :echo "Please echo 6", :msg_id 1, :in_reply_to 1}
2025-06-02 13:43:09,551{GMT}	INFO	[jepsen worker 3] jepsen.util: 3	:invoke	:echo	"Please echo 74"
2025-06-02 13:43:09,552{GMT}	INFO	[jepsen worker 3] jepsen.util: 3	:ok	:echo	{:type "echo_ok", :echo "Please echo 74", :msg_id 2, :in_reply_to 2}
2025-06-02 13:43:09,677{GMT}	INFO	[jepsen worker 3] jepsen.util: 3	:invoke	:echo	"Please echo 10"
2025-06-02 13:43:09,678{GMT}	INFO	[jepsen worker 3] jepsen.util: 3	:ok	:echo	{:type "echo_ok", :echo "Please echo 10", :msg_id 3, :in_reply_to 3}
2025-06-02 13:43:09,715{GMT}	INFO	[jepsen worker 2] jepsen.util: 2	:invoke	:echo	"Please echo 67"
2025-06-02 13:43:09,716{GMT}	INFO	[jepsen worker 2] jepsen.util: 2	:ok	:echo	{:type "echo_ok", :echo "Please echo 67", :msg_id 2, :in_reply_to 2}
2025-06-02 13:43:09,785{GMT}	INFO	[jepsen worker 1] jepsen.util: 1	:invoke	:echo	"Please echo 35"
2025-06-02 13:43:09,786{GMT}	INFO	[jepsen worker 1] jepsen.util: 1	:ok	:echo	{:type "echo_ok", :echo "Please echo 35", :msg_id 2, :in_reply_to 2}
2025-06-02 13:43:09,896{GMT}	INFO	[jepsen worker 4] jepsen.util: 4	:invoke	:echo	"Please echo 82"
2025-06-02 13:43:09,899{GMT}	INFO	[jepsen worker 4] jepsen.util: 4	:ok	:echo	{:type "echo_ok", :echo "Please echo 82", :msg_id 1, :in_reply_to 1}
2025-06-02 13:43:09,997{GMT}	INFO	[jepsen worker 4] jepsen.util: 4	:invoke	:echo	"Please echo 15"
2025-06-02 13:43:09,999{GMT}	INFO	[jepsen worker 4] jepsen.util: 4	:ok	:echo	{:type "echo_ok", :echo "Please echo 15", :msg_id 2, :in_reply_to 2}
2025-06-02 13:43:10,032{GMT}	INFO	[jepsen worker 3] jepsen.util: 3	:invoke	:echo	"Please echo 119"
2025-06-02 13:43:10,033{GMT}	INFO	[jepsen worker 3] jepsen.util: 3	:ok	:echo	{:type "echo_ok", :echo "Please echo 119", :msg_id 4, :in_reply_to 4}
2025-06-02 13:43:10,178{GMT}	INFO	[jepsen worker 2] jepsen.util: 2	:invoke	:echo	"Please echo 27"
2025-06-02 13:43:10,182{GMT}	INFO	[jepsen worker 2] jepsen.util: 2	:ok	:echo	{:type "echo_ok", :echo "Please echo 27", :msg_id 3, :in_reply_to 3}
2025-06-02 13:43:10,249{GMT}	INFO	[jepsen worker 4] jepsen.util: 4	:invoke	:echo	"Please echo 78"
2025-06-02 13:43:10,252{GMT}	INFO	[jepsen worker 4] jepsen.util: 4	:ok	:echo	{:type "echo_ok", :echo "Please echo 78", :msg_id 3, :in_reply_to 3}
2025-06-02 13:43:10,449{GMT}	INFO	[jepsen worker 4] jepsen.util: 4	:invoke	:echo	"Please echo 93"
2025-06-02 13:43:10,451{GMT}	INFO	[jepsen worker 4] jepsen.util: 4	:ok	:echo	{:type "echo_ok", :echo "Please echo 93", :msg_id 4, :in_reply_to 4}
2025-06-02 13:43:10,514{GMT}	INFO	[jepsen worker 3] jepsen.util: 3	:invoke	:echo	"Please echo 9"
2025-06-02 13:43:10,515{GMT}	INFO	[jepsen worker 3] jepsen.util: 3	:ok	:echo	{:type "echo_ok", :echo "Please echo 9", :msg_id 5, :in_reply_to 5}
2025-06-02 13:43:10,648{GMT}	INFO	[jepsen worker 3] jepsen.util: 3	:invoke	:echo	"Please echo 81"
2025-06-02 13:43:10,651{GMT}	INFO	[jepsen worker 3] jepsen.util: 3	:ok	:echo	{:type "echo_ok", :echo "Please echo 81", :msg_id 6, :in_reply_to 6}
2025-06-02 13:43:10,686{GMT}	INFO	[jepsen worker 3] jepsen.util: 3	:invoke	:echo	"Please echo 113"
2025-06-02 13:43:10,687{GMT}	INFO	[jepsen worker 3] jepsen.util: 3	:ok	:echo	{:type "echo_ok", :echo "Please echo 113", :msg_id 7, :in_reply_to 7}
2025-06-02 13:43:10,763{GMT}	INFO	[jepsen worker 1] jepsen.util: 1	:invoke	:echo	"Please echo 100"
2025-06-02 13:43:10,766{GMT}	INFO	[jepsen worker 1] jepsen.util: 1	:ok	:echo	{:type "echo_ok", :echo "Please echo 100", :msg_id 3, :in_reply_to 3}
2025-06-02 13:43:10,900{GMT}	INFO	[jepsen worker 0] jepsen.util: 0	:invoke	:echo	"Please echo 10"
2025-06-02 13:43:10,904{GMT}	INFO	[jepsen worker 0] jepsen.util: 0	:ok	:echo	{:type "echo_ok", :echo "Please echo 10", :msg_id 1, :in_reply_to 1}
2025-06-02 13:43:10,961{GMT}	INFO	[jepsen worker 3] jepsen.util: 3	:invoke	:echo	"Please echo 102"
2025-06-02 13:43:10,964{GMT}	INFO	[jepsen worker 3] jepsen.util: 3	:ok	:echo	{:type "echo_ok", :echo "Please echo 102", :msg_id 8, :in_reply_to 8}
2025-06-02 13:43:11,153{GMT}	INFO	[jepsen worker 2] jepsen.util: 2	:invoke	:echo	"Please echo 96"
2025-06-02 13:43:11,155{GMT}	INFO	[jepsen worker 2] jepsen.util: 2	:ok	:echo	{:type "echo_ok", :echo "Please echo 96", :msg_id 4, :in_reply_to 4}
2025-06-02 13:43:11,261{GMT}	INFO	[jepsen worker 3] jepsen.util: 3	:invoke	:echo	"Please echo 6"
2025-06-02 13:43:11,264{GMT}	INFO	[jepsen worker 3] jepsen.util: 3	:ok	:echo	{:type "echo_ok", :echo "Please echo 6", :msg_id 9, :in_reply_to 9}
2025-06-02 13:43:11,294{GMT}	INFO	[jepsen worker 0] jepsen.util: 0	:invoke	:echo	"Please echo 3"
2025-06-02 13:43:11,296{GMT}	INFO	[jepsen worker 0] jepsen.util: 0	:ok	:echo	{:type "echo_ok", :echo "Please echo 3", :msg_id 2, :in_reply_to 2}
2025-06-02 13:43:11,417{GMT}	INFO	[jepsen worker 0] jepsen.util: 0	:invoke	:echo	"Please echo 23"
2025-06-02 13:43:11,420{GMT}	INFO	[jepsen worker 0] jepsen.util: 0	:ok	:echo	{:type "echo_ok", :echo "Please echo 23", :msg_id 3, :in_reply_to 3}
2025-06-02 13:43:11,556{GMT}	INFO	[jepsen worker 2] jepsen.util: 2	:invoke	:echo	"Please echo 31"
2025-06-02 13:43:11,560{GMT}	INFO	[jepsen worker 2] jepsen.util: 2	:ok	:echo	{:type "echo_ok", :echo "Please echo 31", :msg_id 5, :in_reply_to 5}
2025-06-02 13:43:11,744{GMT}	INFO	[jepsen worker 1] jepsen.util: 1	:invoke	:echo	"Please echo 99"
2025-06-02 13:43:11,748{GMT}	INFO	[jepsen worker 1] jepsen.util: 1	:ok	:echo	{:type "echo_ok", :echo "Please echo 99", :msg_id 4, :in_reply_to 4}
2025-06-02 13:43:11,836{GMT}	INFO	[jepsen worker 2] jepsen.util: 2	:invoke	:echo	"Please echo 49"
2025-06-02 13:43:11,837{GMT}	INFO	[jepsen worker 2] jepsen.util: 2	:ok	:echo	{:type "echo_ok", :echo "Please echo 49", :msg_id 6, :in_reply_to 6}
2025-06-02 13:43:11,891{GMT}	INFO	[jepsen worker 2] jepsen.util: 2	:invoke	:echo	"Please echo 48"
2025-06-02 13:43:11,893{GMT}	INFO	[jepsen worker 2] jepsen.util: 2	:ok	:echo	{:type "echo_ok", :echo "Please echo 48", :msg_id 7, :in_reply_to 7}
2025-06-02 13:43:12,039{GMT}	INFO	[jepsen worker 0] jepsen.util: 0	:invoke	:echo	"Please echo 53"
2025-06-02 13:43:12,040{GMT}	INFO	[jepsen worker 0] jepsen.util: 0	:ok	:echo	{:type "echo_ok", :echo "Please echo 53", :msg_id 4, :in_reply_to 4}
2025-06-02 13:43:12,131{GMT}	INFO	[jepsen worker 4] jepsen.util: 4	:invoke	:echo	"Please echo 118"
2025-06-02 13:43:12,133{GMT}	INFO	[jepsen worker 4] jepsen.util: 4	:ok	:echo	{:type "echo_ok", :echo "Please echo 118", :msg_id 5, :in_reply_to 5}
2025-06-02 13:43:12,175{GMT}	INFO	[jepsen worker 0] jepsen.util: 0	:invoke	:echo	"Please echo 24"
2025-06-02 13:43:12,176{GMT}	INFO	[jepsen worker 0] jepsen.util: 0	:ok	:echo	{:type "echo_ok", :echo "Please echo 24", :msg_id 5, :in_reply_to 5}
2025-06-02 13:43:12,210{GMT}	INFO	[jepsen worker 4] jepsen.util: 4	:invoke	:echo	"Please echo 127"
2025-06-02 13:43:12,212{GMT}	INFO	[jepsen worker 4] jepsen.util: 4	:ok	:echo	{:type "echo_ok", :echo "Please echo 127", :msg_id 6, :in_reply_to 6}
2025-06-02 13:43:12,378{GMT}	INFO	[jepsen worker 4] jepsen.util: 4	:invoke	:echo	"Please echo 72"
2025-06-02 13:43:12,381{GMT}	INFO	[jepsen worker 4] jepsen.util: 4	:ok	:echo	{:type "echo_ok", :echo "Please echo 72", :msg_id 7, :in_reply_to 7}
2025-06-02 13:43:12,452{GMT}	INFO	[jepsen worker 3] jepsen.util: 3	:invoke	:echo	"Please echo 119"
2025-06-02 13:43:12,454{GMT}	INFO	[jepsen worker 3] jepsen.util: 3	:ok	:echo	{:type "echo_ok", :echo "Please echo 119", :msg_id 10, :in_reply_to 10}
2025-06-02 13:43:12,582{GMT}	INFO	[jepsen worker 2] jepsen.util: 2	:invoke	:echo	"Please echo 65"
2025-06-02 13:43:12,583{GMT}	INFO	[jepsen worker 2] jepsen.util: 2	:ok	:echo	{:type "echo_ok", :echo "Please echo 65", :msg_id 8, :in_reply_to 8}
2025-06-02 13:43:12,701{GMT}	INFO	[jepsen worker 4] jepsen.util: 4	:invoke	:echo	"Please echo 75"
2025-06-02 13:43:12,702{GMT}	INFO	[jepsen worker 4] jepsen.util: 4	:ok	:echo	{:type "echo_ok", :echo "Please echo 75", :msg_id 8, :in_reply_to 8}
2025-06-02 13:43:12,860{GMT}	INFO	[jepsen worker 3] jepsen.util: 3	:invoke	:echo	"Please echo 82"
2025-06-02 13:43:12,863{GMT}	INFO	[jepsen worker 3] jepsen.util: 3	:ok	:echo	{:type "echo_ok", :echo "Please echo 82", :msg_id 11, :in_reply_to 11}
2025-06-02 13:43:12,908{GMT}	INFO	[jepsen worker 2] jepsen.util: 2	:invoke	:echo	"Please echo 63"
2025-06-02 13:43:12,911{GMT}	INFO	[jepsen worker 2] jepsen.util: 2	:ok	:echo	{:type "echo_ok", :echo "Please echo 63", :msg_id 9, :in_reply_to 9}
2025-06-02 13:43:13,032{GMT}	INFO	[jepsen worker 4] jepsen.util: 4	:invoke	:echo	"Please echo 93"
2025-06-02 13:43:13,034{GMT}	INFO	[jepsen worker 4] jepsen.util: 4	:ok	:echo	{:type "echo_ok", :echo "Please echo 93", :msg_id 9, :in_reply_to 9}
2025-06-02 13:43:13,193{GMT}	INFO	[jepsen worker 4] jepsen.util: 4	:invoke	:echo	"Please echo 82"
2025-06-02 13:43:13,195{GMT}	INFO	[jepsen worker 4] jepsen.util: 4	:ok	:echo	{:type "echo_ok", :echo "Please echo 82", :msg_id 10, :in_reply_to 10}
2025-06-02 13:43:13,350{GMT}	INFO	[jepsen worker 1] jepsen.util: 1	:invoke	:echo	"Please echo 57"
2025-06-02 13:43:13,353{GMT}	INFO	[jepsen worker 1] jepsen.util: 1	:ok	:echo	{:type "echo_ok", :echo "Please echo 57", :msg_id 5, :in_reply_to 5}
2025-06-02 13:43:13,547{GMT}	INFO	[jepsen worker 0] jepsen.util: 0	:invoke	:echo	"Please echo 127"
2025-06-02 13:43:13,549{GMT}	INFO	[jepsen worker 0] jepsen.util: 0	:ok	:echo	{:type "echo_ok", :echo "Please echo 127", :msg_id 6, :in_reply_to 6}
2025-06-02 13:43:13,582{GMT}	INFO	[jepsen worker 3] jepsen.util: 3	:invoke	:echo	"Please echo 16"
2025-06-02 13:43:13,584{GMT}	INFO	[jepsen worker 3] jepsen.util: 3	:ok	:echo	{:type "echo_ok", :echo "Please echo 16", :msg_id 12, :in_reply_to 12}
2025-06-02 13:43:13,599{GMT}	INFO	[jepsen worker 3] jepsen.util: 3	:invoke	:echo	"Please echo 11"
2025-06-02 13:43:13,601{GMT}	INFO	[jepsen worker 3] jepsen.util: 3	:ok	:echo	{:type "echo_ok", :echo "Please echo 11", :msg_id 13, :in_reply_to 13}
2025-06-02 13:43:13,641{GMT}	INFO	[jepsen worker 0] jepsen.util: 0	:invoke	:echo	"Please echo 69"
2025-06-02 13:43:13,643{GMT}	INFO	[jepsen worker 0] jepsen.util: 0	:ok	:echo	{:type "echo_ok", :echo "Please echo 69", :msg_id 7, :in_reply_to 7}
2025-06-02 13:43:13,793{GMT}	INFO	[jepsen worker 1] jepsen.util: 1	:invoke	:echo	"Please echo 94"
2025-06-02 13:43:13,796{GMT}	INFO	[jepsen worker 1] jepsen.util: 1	:ok	:echo	{:type "echo_ok", :echo "Please echo 94", :msg_id 6, :in_reply_to 6}
2025-06-02 13:43:13,982{GMT}	INFO	[jepsen worker 0] jepsen.util: 0	:invoke	:echo	"Please echo 98"
2025-06-02 13:43:13,984{GMT}	INFO	[jepsen worker 0] jepsen.util: 0	:ok	:echo	{:type "echo_ok", :echo "Please echo 98", :msg_id 8, :in_reply_to 8}
2025-06-02 13:43:14,009{GMT}	INFO	[jepsen worker 4] jepsen.util: 4	:invoke	:echo	"Please echo 73"
2025-06-02 13:43:14,013{GMT}	INFO	[jepsen worker 4] jepsen.util: 4	:ok	:echo	{:type "echo_ok", :echo "Please echo 73", :msg_id 11, :in_reply_to 11}
2025-06-02 13:43:14,180{GMT}	INFO	[jepsen worker 3] jepsen.util: 3	:invoke	:echo	"Please echo 66"
2025-06-02 13:43:14,183{GMT}	INFO	[jepsen worker 3] jepsen.util: 3	:ok	:echo	{:type "echo_ok", :echo "Please echo 66", :msg_id 14, :in_reply_to 14}
2025-06-02 13:43:14,258{GMT}	INFO	[jepsen worker 3] jepsen.util: 3	:invoke	:echo	"Please echo 50"
2025-06-02 13:43:14,260{GMT}	INFO	[jepsen worker 3] jepsen.util: 3	:ok	:echo	{:type "echo_ok", :echo "Please echo 50", :msg_id 15, :in_reply_to 15}
2025-06-02 13:43:14,431{GMT}	INFO	[jepsen worker 4] jepsen.util: 4	:invoke	:echo	"Please echo 77"
2025-06-02 13:43:14,434{GMT}	INFO	[jepsen worker 4] jepsen.util: 4	:ok	:echo	{:type "echo_ok", :echo "Please echo 77", :msg_id 12, :in_reply_to 12}
2025-06-02 13:43:14,495{GMT}	INFO	[jepsen worker 1] jepsen.util: 1	:invoke	:echo	"Please echo 69"
2025-06-02 13:43:14,496{GMT}	INFO	[jepsen worker 1] jepsen.util: 1	:ok	:echo	{:type "echo_ok", :echo "Please echo 69", :msg_id 7, :in_reply_to 7}
2025-06-02 13:43:14,511{GMT}	INFO	[jepsen worker 3] jepsen.util: 3	:invoke	:echo	"Please echo 74"
2025-06-02 13:43:14,512{GMT}	INFO	[jepsen worker 3] jepsen.util: 3	:ok	:echo	{:type "echo_ok", :echo "Please echo 74", :msg_id 16, :in_reply_to 16}
2025-06-02 13:43:14,517{GMT}	INFO	[jepsen worker 3] jepsen.util: 3	:invoke	:echo	"Please echo 29"
2025-06-02 13:43:14,517{GMT}	INFO	[jepsen worker 3] jepsen.util: 3	:ok	:echo	{:type "echo_ok", :echo "Please echo 29", :msg_id 17, :in_reply_to 17}
2025-06-02 13:43:14,539{GMT}	INFO	[jepsen worker 3] jepsen.util: 3	:invoke	:echo	"Please echo 108"
2025-06-02 13:43:14,539{GMT}	INFO	[jepsen worker 3] jepsen.util: 3	:ok	:echo	{:type "echo_ok", :echo "Please echo 108", :msg_id 18, :in_reply_to 18}
2025-06-02 13:43:14,639{GMT}	INFO	[jepsen worker 4] jepsen.util: 4	:invoke	:echo	"Please echo 11"
2025-06-02 13:43:14,640{GMT}	INFO	[jepsen worker 4] jepsen.util: 4	:ok	:echo	{:type "echo_ok", :echo "Please echo 11", :msg_id 13, :in_reply_to 13}
2025-06-02 13:43:14,746{GMT}	INFO	[jepsen worker 4] jepsen.util: 4	:invoke	:echo	"Please echo 84"
2025-06-02 13:43:14,748{GMT}	INFO	[jepsen worker 4] jepsen.util: 4	:ok	:echo	{:type "echo_ok", :echo "Please echo 84", :msg_id 14, :in_reply_to 14}
2025-06-02 13:43:14,762{GMT}	INFO	[jepsen worker 4] jepsen.util: 4	:invoke	:echo	"Please echo 4"
2025-06-02 13:43:14,763{GMT}	INFO	[jepsen worker 4] jepsen.util: 4	:ok	:echo	{:type "echo_ok", :echo "Please echo 4", :msg_id 15, :in_reply_to 15}
2025-06-02 13:43:14,841{GMT}	INFO	[jepsen worker 3] jepsen.util: 3	:invoke	:echo	"Please echo 13"
2025-06-02 13:43:14,844{GMT}	INFO	[jepsen worker 3] jepsen.util: 3	:ok	:echo	{:type "echo_ok", :echo "Please echo 13", :msg_id 19, :in_reply_to 19}
2025-06-02 13:43:14,845{GMT}	INFO	[jepsen worker 0] jepsen.util: 0	:invoke	:echo	"Please echo 18"
2025-06-02 13:43:14,847{GMT}	INFO	[jepsen worker 0] jepsen.util: 0	:ok	:echo	{:type "echo_ok", :echo "Please echo 18", :msg_id 9, :in_reply_to 9}
2025-06-02 13:43:14,879{GMT}	INFO	[jepsen worker 1] jepsen.util: 1	:invoke	:echo	"Please echo 52"
2025-06-02 13:43:14,881{GMT}	INFO	[jepsen worker 1] jepsen.util: 1	:ok	:echo	{:type "echo_ok", :echo "Please echo 52", :msg_id 8, :in_reply_to 8}
2025-06-02 13:43:15,038{GMT}	INFO	[jepsen worker 0] jepsen.util: 0	:invoke	:echo	"Please echo 82"
2025-06-02 13:43:15,040{GMT}	INFO	[jepsen worker 0] jepsen.util: 0	:ok	:echo	{:type "echo_ok", :echo "Please echo 82", :msg_id 10, :in_reply_to 10}
2025-06-02 13:43:15,190{GMT}	INFO	[jepsen worker 3] jepsen.util: 3	:invoke	:echo	"Please echo 12"
2025-06-02 13:43:15,193{GMT}	INFO	[jepsen worker 3] jepsen.util: 3	:ok	:echo	{:type "echo_ok", :echo "Please echo 12", :msg_id 20, :in_reply_to 20}
2025-06-02 13:43:15,310{GMT}	INFO	[jepsen worker 4] jepsen.util: 4	:invoke	:echo	"Please echo 7"
2025-06-02 13:43:15,311{GMT}	INFO	[jepsen worker 4] jepsen.util: 4	:ok	:echo	{:type "echo_ok", :echo "Please echo 7", :msg_id 16, :in_reply_to 16}
2025-06-02 13:43:15,430{GMT}	INFO	[jepsen worker 3] jepsen.util: 3	:invoke	:echo	"Please echo 123"
2025-06-02 13:43:15,432{GMT}	INFO	[jepsen worker 3] jepsen.util: 3	:ok	:echo	{:type "echo_ok", :echo "Please echo 123", :msg_id 21, :in_reply_to 21}
2025-06-02 13:43:15,521{GMT}	INFO	[jepsen worker 0] jepsen.util: 0	:invoke	:echo	"Please echo 11"
2025-06-02 13:43:15,524{GMT}	INFO	[jepsen worker 0] jepsen.util: 0	:ok	:echo	{:type "echo_ok", :echo "Please echo 11", :msg_id 11, :in_reply_to 11}
2025-06-02 13:43:15,645{GMT}	INFO	[jepsen worker 4] jepsen.util: 4	:invoke	:echo	"Please echo 94"
2025-06-02 13:43:15,647{GMT}	INFO	[jepsen worker 4] jepsen.util: 4	:ok	:echo	{:type "echo_ok", :echo "Please echo 94", :msg_id 17, :in_reply_to 17}
2025-06-02 13:43:15,756{GMT}	INFO	[jepsen worker 1] jepsen.util: 1	:invoke	:echo	"Please echo 4"
2025-06-02 13:43:15,759{GMT}	INFO	[jepsen worker 1] jepsen.util: 1	:ok	:echo	{:type "echo_ok", :echo "Please echo 4", :msg_id 9, :in_reply_to 9}
2025-06-02 13:43:15,915{GMT}	INFO	[jepsen worker 2] jepsen.util: 2	:invoke	:echo	"Please echo 12"
2025-06-02 13:43:15,917{GMT}	INFO	[jepsen worker 2] jepsen.util: 2	:ok	:echo	{:type "echo_ok", :echo "Please echo 12", :msg_id 10, :in_reply_to 10}
2025-06-02 13:43:15,967{GMT}	INFO	[jepsen worker 1] jepsen.util: 1	:invoke	:echo	"Please echo 43"
2025-06-02 13:43:15,969{GMT}	INFO	[jepsen worker 1] jepsen.util: 1	:ok	:echo	{:type "echo_ok", :echo "Please echo 43", :msg_id 10, :in_reply_to 10}
2025-06-02 13:43:16,134{GMT}	INFO	[jepsen worker 4] jepsen.util: 4	:invoke	:echo	"Please echo 71"
2025-06-02 13:43:16,136{GMT}	INFO	[jepsen worker 4] jepsen.util: 4	:ok	:echo	{:type "echo_ok", :echo "Please echo 71", :msg_id 18, :in_reply_to 18}
2025-06-02 13:43:16,157{GMT}	INFO	[jepsen worker 4] jepsen.util: 4	:invoke	:echo	"Please echo 60"
2025-06-02 13:43:16,159{GMT}	INFO	[jepsen worker 4] jepsen.util: 4	:ok	:echo	{:type "echo_ok", :echo "Please echo 60", :msg_id 19, :in_reply_to 19}
2025-06-02 13:43:16,292{GMT}	INFO	[jepsen worker 0] jepsen.util: 0	:invoke	:echo	"Please echo 58"
2025-06-02 13:43:16,294{GMT}	INFO	[jepsen worker 0] jepsen.util: 0	:ok	:echo	{:type "echo_ok", :echo "Please echo 58", :msg_id 12, :in_reply_to 12}
2025-06-02 13:43:16,459{GMT}	INFO	[jepsen worker 2] jepsen.util: 2	:invoke	:echo	"Please echo 1"
2025-06-02 13:43:16,461{GMT}	INFO	[jepsen worker 2] jepsen.util: 2	:ok	:echo	{:type "echo_ok", :echo "Please echo 1", :msg_id 11, :in_reply_to 11}
2025-06-02 13:43:16,603{GMT}	INFO	[jepsen worker 4] jepsen.util: 4	:invoke	:echo	"Please echo 13"
2025-06-02 13:43:16,604{GMT}	INFO	[jepsen worker 4] jepsen.util: 4	:ok	:echo	{:type "echo_ok", :echo "Please echo 13", :msg_id 20, :in_reply_to 20}
2025-06-02 13:43:16,762{GMT}	INFO	[jepsen worker 1] jepsen.util: 1	:invoke	:echo	"Please echo 32"
2025-06-02 13:43:16,763{GMT}	INFO	[jepsen worker 1] jepsen.util: 1	:ok	:echo	{:type "echo_ok", :echo "Please echo 32", :msg_id 11, :in_reply_to 11}
2025-06-02 13:43:16,834{GMT}	INFO	[jepsen worker 4] jepsen.util: 4	:invoke	:echo	"Please echo 118"
2025-06-02 13:43:16,836{GMT}	INFO	[jepsen worker 4] jepsen.util: 4	:ok	:echo	{:type "echo_ok", :echo "Please echo 118", :msg_id 21, :in_reply_to 21}
2025-06-02 13:43:16,861{GMT}	INFO	[jepsen worker 1] jepsen.util: 1	:invoke	:echo	"Please echo 47"
2025-06-02 13:43:16,863{GMT}	INFO	[jepsen worker 1] jepsen.util: 1	:ok	:echo	{:type "echo_ok", :echo "Please echo 47", :msg_id 12, :in_reply_to 12}
2025-06-02 13:43:16,999{GMT}	INFO	[jepsen worker 3] jepsen.util: 3	:invoke	:echo	"Please echo 47"
2025-06-02 13:43:17,001{GMT}	INFO	[jepsen worker 3] jepsen.util: 3	:ok	:echo	{:type "echo_ok", :echo "Please echo 47", :msg_id 22, :in_reply_to 22}
2025-06-02 13:43:17,092{GMT}	INFO	[jepsen worker 4] jepsen.util: 4	:invoke	:echo	"Please echo 5"
2025-06-02 13:43:17,093{GMT}	INFO	[jepsen worker 4] jepsen.util: 4	:ok	:echo	{:type "echo_ok", :echo "Please echo 5", :msg_id 22, :in_reply_to 22}
2025-06-02 13:43:17,246{GMT}	INFO	[jepsen worker 0] jepsen.util: 0	:invoke	:echo	"Please echo 91"
2025-06-02 13:43:17,248{GMT}	INFO	[jepsen worker 0] jepsen.util: 0	:ok	:echo	{:type "echo_ok", :echo "Please echo 91", :msg_id 13, :in_reply_to 13}
2025-06-02 13:43:17,355{GMT}	INFO	[jepsen worker 4] jepsen.util: 4	:invoke	:echo	"Please echo 86"
2025-06-02 13:43:17,357{GMT}	INFO	[jepsen worker 4] jepsen.util: 4	:ok	:echo	{:type "echo_ok", :echo "Please echo 86", :msg_id 23, :in_reply_to 23}
2025-06-02 13:43:17,483{GMT}	INFO	[jepsen worker 3] jepsen.util: 3	:invoke	:echo	"Please echo 47"
2025-06-02 13:43:17,484{GMT}	INFO	[jepsen worker 3] jepsen.util: 3	:ok	:echo	{:type "echo_ok", :echo "Please echo 47", :msg_id 23, :in_reply_to 23}
2025-06-02 13:43:17,544{GMT}	INFO	[jepsen worker 0] jepsen.util: 0	:invoke	:echo	"Please echo 29"
2025-06-02 13:43:17,544{GMT}	INFO	[jepsen worker 0] jepsen.util: 0	:ok	:echo	{:type "echo_ok", :echo "Please echo 29", :msg_id 14, :in_reply_to 14}
2025-06-02 13:43:17,588{GMT}	INFO	[jepsen worker 1] jepsen.util: 1	:invoke	:echo	"Please echo 71"
2025-06-02 13:43:17,588{GMT}	INFO	[jepsen worker 1] jepsen.util: 1	:ok	:echo	{:type "echo_ok", :echo "Please echo 71", :msg_id 13, :in_reply_to 13}
2025-06-02 13:43:17,761{GMT}	INFO	[jepsen worker 1] jepsen.util: 1	:invoke	:echo	"Please echo 103"
2025-06-02 13:43:17,764{GMT}	INFO	[jepsen worker 1] jepsen.util: 1	:ok	:echo	{:type "echo_ok", :echo "Please echo 103", :msg_id 14, :in_reply_to 14}
2025-06-02 13:43:17,821{GMT}	INFO	[jepsen worker 3] jepsen.util: 3	:invoke	:echo	"Please echo 112"
2025-06-02 13:43:17,823{GMT}	INFO	[jepsen worker 3] jepsen.util: 3	:ok	:echo	{:type "echo_ok", :echo "Please echo 112", :msg_id 24, :in_reply_to 24}
2025-06-02 13:43:17,895{GMT}	INFO	[jepsen worker 0] jepsen.util: 0	:invoke	:echo	"Please echo 18"
2025-06-02 13:43:17,898{GMT}	INFO	[jepsen worker 0] jepsen.util: 0	:ok	:echo	{:type "echo_ok", :echo "Please echo 18", :msg_id 15, :in_reply_to 15}
2025-06-02 13:43:17,901{GMT}	INFO	[jepsen worker 1] jepsen.util: 1	:invoke	:echo	"Please echo 73"
2025-06-02 13:43:17,909{GMT}	INFO	[jepsen worker 1] jepsen.util: 1	:ok	:echo	{:type "echo_ok", :echo "Please echo 73", :msg_id 15, :in_reply_to 15}
2025-06-02 13:43:18,066{GMT}	INFO	[jepsen worker 1] jepsen.util: 1	:invoke	:echo	"Please echo 123"
2025-06-02 13:43:18,068{GMT}	INFO	[jepsen worker 1] jepsen.util: 1	:ok	:echo	{:type "echo_ok", :echo "Please echo 123", :msg_id 16, :in_reply_to 16}
2025-06-02 13:43:18,139{GMT}	INFO	[jepsen worker 0] jepsen.util: 0	:invoke	:echo	"Please echo 102"
2025-06-02 13:43:18,142{GMT}	INFO	[jepsen worker 0] jepsen.util: 0	:ok	:echo	{:type "echo_ok", :echo "Please echo 102", :msg_id 16, :in_reply_to 16}
2025-06-02 13:43:18,270{GMT}	INFO	[jepsen worker 3] jepsen.util: 3	:invoke	:echo	"Please echo 22"
2025-06-02 13:43:18,273{GMT}	INFO	[jepsen worker 3] jepsen.util: 3	:ok	:echo	{:type "echo_ok", :echo "Please echo 22", :msg_id 25, :in_reply_to 25}
2025-06-02 13:43:18,277{GMT}	INFO	[jepsen worker 0] jepsen.util: 0	:invoke	:echo	"Please echo 94"
2025-06-02 13:43:18,279{GMT}	INFO	[jepsen worker 0] jepsen.util: 0	:ok	:echo	{:type "echo_ok", :echo "Please echo 94", :msg_id 17, :in_reply_to 17}
2025-06-02 13:43:18,377{GMT}	INFO	[jepsen worker 2] jepsen.util: 2	:invoke	:echo	"Please echo 5"
2025-06-02 13:43:18,379{GMT}	INFO	[jepsen worker 2] jepsen.util: 2	:ok	:echo	{:type "echo_ok", :echo "Please echo 5", :msg_id 12, :in_reply_to 12}
2025-06-02 13:43:18,571{GMT}	INFO	[jepsen worker 1] jepsen.util: 1	:invoke	:echo	"Please echo 116"
2025-06-02 13:43:18,572{GMT}	INFO	[jepsen worker 1] jepsen.util: 1	:ok	:echo	{:type "echo_ok", :echo "Please echo 116", :msg_id 17, :in_reply_to 17}
2025-06-02 13:43:18,703{GMT}	INFO	[jepsen worker 4] jepsen.util: 4	:invoke	:echo	"Please echo 126"
2025-06-02 13:43:18,705{GMT}	INFO	[jepsen worker 4] jepsen.util: 4	:ok	:echo	{:type "echo_ok", :echo "Please echo 126", :msg_id 24, :in_reply_to 24}
2025-06-02 13:43:18,892{GMT}	INFO	[jepsen worker 2] jepsen.util: 2	:invoke	:echo	"Please echo 65"
2025-06-02 13:43:18,895{GMT}	INFO	[jepsen worker 2] jepsen.util: 2	:ok	:echo	{:type "echo_ok", :echo "Please echo 65", :msg_id 13, :in_reply_to 13}
2025-06-02 13:43:18,958{GMT}	INFO	[jepsen worker 2] jepsen.util: 2	:invoke	:echo	"Please echo 70"
2025-06-02 13:43:18,960{GMT}	INFO	[jepsen worker 2] jepsen.util: 2	:ok	:echo	{:type "echo_ok", :echo "Please echo 70", :msg_id 14, :in_reply_to 14}
2025-06-02 13:43:19,094{GMT}	INFO	[jepsen worker 3] jepsen.util: 3	:invoke	:echo	"Please echo 48"
2025-06-02 13:43:19,097{GMT}	INFO	[jepsen worker 3] jepsen.util: 3	:ok	:echo	{:type "echo_ok", :echo "Please echo 48", :msg_id 26, :in_reply_to 26}
2025-06-02 13:43:19,100{GMT}	INFO	[jepsen worker 3] jepsen.util: 3	:invoke	:echo	"Please echo 29"
2025-06-02 13:43:19,103{GMT}	INFO	[jepsen worker 3] jepsen.util: 3	:ok	:echo	{:type "echo_ok", :echo "Please echo 29", :msg_id 27, :in_reply_to 27}
2025-06-02 13:43:19,247{GMT}	INFO	[jepsen worker 4] jepsen.util: 4	:invoke	:echo	"Please echo 124"
2025-06-02 13:43:19,250{GMT}	INFO	[jepsen worker 4] jepsen.util: 4	:ok	:echo	{:type "echo_ok", :echo "Please echo 124", :msg_id 25, :in_reply_to 25}
2025-06-02 13:43:19,364{GMT}	INFO	[jepsen worker 0] jepsen.util: 0	:invoke	:echo	"Please echo 119"
2025-06-02 13:43:19,366{GMT}	INFO	[jepsen worker 0] jepsen.util: 0	:ok	:echo	{:type "echo_ok", :echo "Please echo 119", :msg_id 18, :in_reply_to 18}
2025-06-02 13:43:19,429{GMT}	INFO	[jepsen worker 3] jepsen.util: 3	:invoke	:echo	"Please echo 101"
2025-06-02 13:43:19,432{GMT}	INFO	[jepsen worker 3] jepsen.util: 3	:ok	:echo	{:type "echo_ok", :echo "Please echo 101", :msg_id 28, :in_reply_to 28}
2025-06-02 13:43:19,610{GMT}	INFO	[jepsen worker 3] jepsen.util: 3	:invoke	:echo	"Please echo 66"
2025-06-02 13:43:19,612{GMT}	INFO	[jepsen worker 3] jepsen.util: 3	:ok	:echo	{:type "echo_ok", :echo "Please echo 66", :msg_id 29, :in_reply_to 29}
2025-06-02 13:43:19,704{GMT}	INFO	[jepsen worker 1] jepsen.util: 1	:invoke	:echo	"Please echo 122"
2025-06-02 13:43:19,707{GMT}	INFO	[jepsen worker 1] jepsen.util: 1	:ok	:echo	{:type "echo_ok", :echo "Please echo 122", :msg_id 18, :in_reply_to 18}
2025-06-02 13:43:19,727{GMT}	INFO	[jepsen worker 0] jepsen.util: 0	:invoke	:echo	"Please echo 14"
2025-06-02 13:43:19,729{GMT}	INFO	[jepsen worker 0] jepsen.util: 0	:ok	:echo	{:type "echo_ok", :echo "Please echo 14", :msg_id 19, :in_reply_to 19}
2025-06-02 13:43:19,807{GMT}	INFO	[jepsen worker 1] jepsen.util: 1	:invoke	:echo	"Please echo 72"
2025-06-02 13:43:19,810{GMT}	INFO	[jepsen worker 1] jepsen.util: 1	:ok	:echo	{:type "echo_ok", :echo "Please echo 72", :msg_id 19, :in_reply_to 19}
2025-06-02 13:43:19,886{GMT}	INFO	[jepsen worker 0] jepsen.util: 0	:invoke	:echo	"Please echo 116"
2025-06-02 13:43:19,888{GMT}	INFO	[jepsen worker 0] jepsen.util: 0	:ok	:echo	{:type "echo_ok", :echo "Please echo 116", :msg_id 20, :in_reply_to 20}
2025-06-02 13:43:19,982{GMT}	INFO	[jepsen worker 3] jepsen.util: 3	:invoke	:echo	"Please echo 39"
2025-06-02 13:43:19,984{GMT}	INFO	[jepsen worker 3] jepsen.util: 3	:ok	:echo	{:type "echo_ok", :echo "Please echo 39", :msg_id 30, :in_reply_to 30}
2025-06-02 13:43:20,030{GMT}	INFO	[jepsen worker 0] jepsen.util: 0	:invoke	:echo	"Please echo 73"
2025-06-02 13:43:20,033{GMT}	INFO	[jepsen worker 0] jepsen.util: 0	:ok	:echo	{:type "echo_ok", :echo "Please echo 73", :msg_id 21, :in_reply_to 21}
2025-06-02 13:43:20,145{GMT}	INFO	[jepsen worker 0] jepsen.util: 0	:invoke	:echo	"Please echo 38"
2025-06-02 13:43:20,148{GMT}	INFO	[jepsen worker 0] jepsen.util: 0	:ok	:echo	{:type "echo_ok", :echo "Please echo 38", :msg_id 22, :in_reply_to 22}
2025-06-02 13:43:20,207{GMT}	INFO	[jepsen worker 1] jepsen.util: 1	:invoke	:echo	"Please echo 121"
2025-06-02 13:43:20,210{GMT}	INFO	[jepsen worker 1] jepsen.util: 1	:ok	:echo	{:type "echo_ok", :echo "Please echo 121", :msg_id 20, :in_reply_to 20}
2025-06-02 13:43:20,290{GMT}	INFO	[jepsen worker 0] jepsen.util: 0	:invoke	:echo	"Please echo 48"
2025-06-02 13:43:20,292{GMT}	INFO	[jepsen worker 0] jepsen.util: 0	:ok	:echo	{:type "echo_ok", :echo "Please echo 48", :msg_id 23, :in_reply_to 23}
2025-06-02 13:43:20,472{GMT}	INFO	[jepsen worker 4] jepsen.util: 4	:invoke	:echo	"Please echo 104"
2025-06-02 13:43:20,473{GMT}	INFO	[jepsen worker 4] jepsen.util: 4	:ok	:echo	{:type "echo_ok", :echo "Please echo 104", :msg_id 26, :in_reply_to 26}
2025-06-02 13:43:20,564{GMT}	INFO	[jepsen worker 3] jepsen.util: 3	:invoke	:echo	"Please echo 85"
2025-06-02 13:43:20,565{GMT}	INFO	[jepsen worker 3] jepsen.util: 3	:ok	:echo	{:type "echo_ok", :echo "Please echo 85", :msg_id 31, :in_reply_to 31}
2025-06-02 13:43:20,628{GMT}	INFO	[jepsen worker 3] jepsen.util: 3	:invoke	:echo	"Please echo 127"
2025-06-02 13:43:20,629{GMT}	INFO	[jepsen worker 3] jepsen.util: 3	:ok	:echo	{:type "echo_ok", :echo "Please echo 127", :msg_id 32, :in_reply_to 32}
2025-06-02 13:43:20,791{GMT}	INFO	[jepsen worker 4] jepsen.util: 4	:invoke	:echo	"Please echo 52"
2025-06-02 13:43:20,794{GMT}	INFO	[jepsen worker 4] jepsen.util: 4	:ok	:echo	{:type "echo_ok", :echo "Please echo 52", :msg_id 27, :in_reply_to 27}
2025-06-02 13:43:20,826{GMT}	INFO	[jepsen worker 4] jepsen.util: 4	:invoke	:echo	"Please echo 79"
2025-06-02 13:43:20,828{GMT}	INFO	[jepsen worker 4] jepsen.util: 4	:ok	:echo	{:type "echo_ok", :echo "Please echo 79", :msg_id 28, :in_reply_to 28}
2025-06-02 13:43:20,874{GMT}	INFO	[jepsen worker 3] jepsen.util: 3	:invoke	:echo	"Please echo 1"
2025-06-02 13:43:20,877{GMT}	INFO	[jepsen worker 3] jepsen.util: 3	:ok	:echo	{:type "echo_ok", :echo "Please echo 1", :msg_id 33, :in_reply_to 33}
2025-06-02 13:43:20,928{GMT}	INFO	[jepsen worker 1] jepsen.util: 1	:invoke	:echo	"Please echo 88"
2025-06-02 13:43:20,931{GMT}	INFO	[jepsen worker 1] jepsen.util: 1	:ok	:echo	{:type "echo_ok", :echo "Please echo 88", :msg_id 21, :in_reply_to 21}
2025-06-02 13:43:20,990{GMT}	INFO	[jepsen worker 3] jepsen.util: 3	:invoke	:echo	"Please echo 3"
2025-06-02 13:43:20,993{GMT}	INFO	[jepsen worker 3] jepsen.util: 3	:ok	:echo	{:type "echo_ok", :echo "Please echo 3", :msg_id 34, :in_reply_to 34}
2025-06-02 13:43:21,155{GMT}	INFO	[jepsen worker 4] jepsen.util: 4	:invoke	:echo	"Please echo 77"
2025-06-02 13:43:21,157{GMT}	INFO	[jepsen worker 4] jepsen.util: 4	:ok	:echo	{:type "echo_ok", :echo "Please echo 77", :msg_id 29, :in_reply_to 29}
2025-06-02 13:43:21,216{GMT}	INFO	[jepsen worker 1] jepsen.util: 1	:invoke	:echo	"Please echo 23"
2025-06-02 13:43:21,219{GMT}	INFO	[jepsen worker 1] jepsen.util: 1	:ok	:echo	{:type "echo_ok", :echo "Please echo 23", :msg_id 22, :in_reply_to 22}
2025-06-02 13:43:21,362{GMT}	INFO	[jepsen worker 0] jepsen.util: 0	:invoke	:echo	"Please echo 64"
2025-06-02 13:43:21,364{GMT}	INFO	[jepsen worker 0] jepsen.util: 0	:ok	:echo	{:type "echo_ok", :echo "Please echo 64", :msg_id 24, :in_reply_to 24}
2025-06-02 13:43:21,459{GMT}	INFO	[jepsen worker 1] jepsen.util: 1	:invoke	:echo	"Please echo 84"
2025-06-02 13:43:21,461{GMT}	INFO	[jepsen worker 1] jepsen.util: 1	:ok	:echo	{:type "echo_ok", :echo "Please echo 84", :msg_id 23, :in_reply_to 23}
2025-06-02 13:43:21,524{GMT}	INFO	[jepsen worker 2] jepsen.util: 2	:invoke	:echo	"Please echo 5"
2025-06-02 13:43:21,528{GMT}	INFO	[jepsen worker 2] jepsen.util: 2	:ok	:echo	{:type "echo_ok", :echo "Please echo 5", :msg_id 15, :in_reply_to 15}
2025-06-02 13:43:21,535{GMT}	INFO	[jepsen worker 1] jepsen.util: 1	:invoke	:echo	"Please echo 84"
2025-06-02 13:43:21,537{GMT}	INFO	[jepsen worker 1] jepsen.util: 1	:ok	:echo	{:type "echo_ok", :echo "Please echo 84", :msg_id 24, :in_reply_to 24}
2025-06-02 13:43:21,614{GMT}	INFO	[jepsen worker 0] jepsen.util: 0	:invoke	:echo	"Please echo 99"
2025-06-02 13:43:21,615{GMT}	INFO	[jepsen worker 3] jepsen.util: 3	:invoke	:echo	"Please echo 84"
2025-06-02 13:43:21,616{GMT}	INFO	[jepsen worker 0] jepsen.util: 0	:ok	:echo	{:type "echo_ok", :echo "Please echo 99", :msg_id 25, :in_reply_to 25}
2025-06-02 13:43:21,617{GMT}	INFO	[jepsen worker 3] jepsen.util: 3	:ok	:echo	{:type "echo_ok", :echo "Please echo 84", :msg_id 35, :in_reply_to 35}
2025-06-02 13:43:21,697{GMT}	INFO	[jepsen worker 0] jepsen.util: 0	:invoke	:echo	"Please echo 16"
2025-06-02 13:43:21,698{GMT}	INFO	[jepsen worker 0] jepsen.util: 0	:ok	:echo	{:type "echo_ok", :echo "Please echo 16", :msg_id 26, :in_reply_to 26}
2025-06-02 13:43:21,759{GMT}	INFO	[jepsen worker 4] jepsen.util: 4	:invoke	:echo	"Please echo 77"
2025-06-02 13:43:21,761{GMT}	INFO	[jepsen worker 4] jepsen.util: 4	:ok	:echo	{:type "echo_ok", :echo "Please echo 77", :msg_id 30, :in_reply_to 30}
2025-06-02 13:43:21,799{GMT}	INFO	[jepsen worker 2] jepsen.util: 2	:invoke	:echo	"Please echo 122"
2025-06-02 13:43:21,801{GMT}	INFO	[jepsen worker 2] jepsen.util: 2	:ok	:echo	{:type "echo_ok", :echo "Please echo 122", :msg_id 16, :in_reply_to 16}
2025-06-02 13:43:21,876{GMT}	INFO	[jepsen worker 0] jepsen.util: 0	:invoke	:echo	"Please echo 12"
2025-06-02 13:43:21,877{GMT}	INFO	[jepsen worker 0] jepsen.util: 0	:ok	:echo	{:type "echo_ok", :echo "Please echo 12", :msg_id 27, :in_reply_to 27}
2025-06-02 13:43:22,026{GMT}	INFO	[jepsen worker 3] jepsen.util: 3	:invoke	:echo	"Please echo 63"
2025-06-02 13:43:22,027{GMT}	INFO	[jepsen worker 3] jepsen.util: 3	:ok	:echo	{:type "echo_ok", :echo "Please echo 63", :msg_id 36, :in_reply_to 36}
2025-06-02 13:43:22,161{GMT}	INFO	[jepsen worker 1] jepsen.util: 1	:invoke	:echo	"Please echo 42"
2025-06-02 13:43:22,163{GMT}	INFO	[jepsen worker 1] jepsen.util: 1	:ok	:echo	{:type "echo_ok", :echo "Please echo 42", :msg_id 25, :in_reply_to 25}
2025-06-02 13:43:22,238{GMT}	INFO	[jepsen worker 1] jepsen.util: 1	:invoke	:echo	"Please echo 10"
2025-06-02 13:43:22,239{GMT}	INFO	[jepsen worker 1] jepsen.util: 1	:ok	:echo	{:type "echo_ok", :echo "Please echo 10", :msg_id 26, :in_reply_to 26}
2025-06-02 13:43:22,314{GMT}	INFO	[jepsen worker 0] jepsen.util: 0	:invoke	:echo	"Please echo 104"
2025-06-02 13:43:22,316{GMT}	INFO	[jepsen worker 0] jepsen.util: 0	:ok	:echo	{:type "echo_ok", :echo "Please echo 104", :msg_id 28, :in_reply_to 28}
2025-06-02 13:43:22,450{GMT}	INFO	[jepsen worker 0] jepsen.util: 0	:invoke	:echo	"Please echo 24"
2025-06-02 13:43:22,453{GMT}	INFO	[jepsen worker 0] jepsen.util: 0	:ok	:echo	{:type "echo_ok", :echo "Please echo 24", :msg_id 29, :in_reply_to 29}
2025-06-02 13:43:22,650{GMT}	INFO	[jepsen worker 1] jepsen.util: 1	:invoke	:echo	"Please echo 1"
2025-06-02 13:43:22,652{GMT}	INFO	[jepsen worker 1] jepsen.util: 1	:ok	:echo	{:type "echo_ok", :echo "Please echo 1", :msg_id 27, :in_reply_to 27}
2025-06-02 13:43:22,754{GMT}	INFO	[jepsen worker 0] jepsen.util: 0	:invoke	:echo	"Please echo 109"
2025-06-02 13:43:22,756{GMT}	INFO	[jepsen worker 0] jepsen.util: 0	:ok	:echo	{:type "echo_ok", :echo "Please echo 109", :msg_id 30, :in_reply_to 30}
2025-06-02 13:43:22,880{GMT}	INFO	[jepsen worker 0] jepsen.util: 0	:invoke	:echo	"Please echo 86"
2025-06-02 13:43:22,882{GMT}	INFO	[jepsen worker 0] jepsen.util: 0	:ok	:echo	{:type "echo_ok", :echo "Please echo 86", :msg_id 31, :in_reply_to 31}
2025-06-02 13:43:23,019{GMT}	INFO	[jepsen worker 3] jepsen.util: 3	:invoke	:echo	"Please echo 16"
2025-06-02 13:43:23,022{GMT}	INFO	[jepsen worker 3] jepsen.util: 3	:ok	:echo	{:type "echo_ok", :echo "Please echo 16", :msg_id 37, :in_reply_to 37}
2025-06-02 13:43:23,140{GMT}	INFO	[jepsen worker 1] jepsen.util: 1	:invoke	:echo	"Please echo 106"
2025-06-02 13:43:23,143{GMT}	INFO	[jepsen worker 1] jepsen.util: 1	:ok	:echo	{:type "echo_ok", :echo "Please echo 106", :msg_id 28, :in_reply_to 28}
2025-06-02 13:43:23,342{GMT}	INFO	[jepsen worker 2] jepsen.util: 2	:invoke	:echo	"Please echo 33"
2025-06-02 13:43:23,344{GMT}	INFO	[jepsen worker 2] jepsen.util: 2	:ok	:echo	{:type "echo_ok", :echo "Please echo 33", :msg_id 17, :in_reply_to 17}
2025-06-02 13:43:23,530{GMT}	INFO	[jepsen worker 1] jepsen.util: 1	:invoke	:echo	"Please echo 4"
2025-06-02 13:43:23,532{GMT}	INFO	[jepsen worker 1] jepsen.util: 1	:ok	:echo	{:type "echo_ok", :echo "Please echo 4", :msg_id 29, :in_reply_to 29}
2025-06-02 13:43:23,534{GMT}	INFO	[jepsen worker 4] jepsen.util: 4	:invoke	:echo	"Please echo 10"
2025-06-02 13:43:23,535{GMT}	INFO	[jepsen worker 4] jepsen.util: 4	:ok	:echo	{:type "echo_ok", :echo "Please echo 10", :msg_id 31, :in_reply_to 31}
2025-06-02 13:43:23,664{GMT}	INFO	[jepsen worker 0] jepsen.util: 0	:invoke	:echo	"Please echo 101"
2025-06-02 13:43:23,666{GMT}	INFO	[jepsen worker 0] jepsen.util: 0	:ok	:echo	{:type "echo_ok", :echo "Please echo 101", :msg_id 32, :in_reply_to 32}
2025-06-02 13:43:23,703{GMT}	INFO	[jepsen worker 2] jepsen.util: 2	:invoke	:echo	"Please echo 71"
2025-06-02 13:43:23,705{GMT}	INFO	[jepsen worker 2] jepsen.util: 2	:ok	:echo	{:type "echo_ok", :echo "Please echo 71", :msg_id 18, :in_reply_to 18}
2025-06-02 13:43:23,783{GMT}	INFO	[jepsen worker 2] jepsen.util: 2	:invoke	:echo	"Please echo 100"
2025-06-02 13:43:23,785{GMT}	INFO	[jepsen worker 2] jepsen.util: 2	:ok	:echo	{:type "echo_ok", :echo "Please echo 100", :msg_id 19, :in_reply_to 19}
2025-06-02 13:43:23,819{GMT}	INFO	[jepsen worker 0] jepsen.util: 0	:invoke	:echo	"Please echo 88"
2025-06-02 13:43:23,821{GMT}	INFO	[jepsen worker 0] jepsen.util: 0	:ok	:echo	{:type "echo_ok", :echo "Please echo 88", :msg_id 33, :in_reply_to 33}
2025-06-02 13:43:23,897{GMT}	INFO	[jepsen worker 3] jepsen.util: 3	:invoke	:echo	"Please echo 40"
2025-06-02 13:43:23,899{GMT}	INFO	[jepsen worker 3] jepsen.util: 3	:ok	:echo	{:type "echo_ok", :echo "Please echo 40", :msg_id 38, :in_reply_to 38}
2025-06-02 13:43:23,973{GMT}	INFO	[jepsen worker 0] jepsen.util: 0	:invoke	:echo	"Please echo 61"
2025-06-02 13:43:23,976{GMT}	INFO	[jepsen worker 0] jepsen.util: 0	:ok	:echo	{:type "echo_ok", :echo "Please echo 61", :msg_id 34, :in_reply_to 34}
2025-06-02 13:43:24,153{GMT}	INFO	[jepsen worker 4] jepsen.util: 4	:invoke	:echo	"Please echo 4"
2025-06-02 13:43:24,156{GMT}	INFO	[jepsen worker 4] jepsen.util: 4	:ok	:echo	{:type "echo_ok", :echo "Please echo 4", :msg_id 32, :in_reply_to 32}
2025-06-02 13:43:24,285{GMT}	INFO	[jepsen worker 0] jepsen.util: 0	:invoke	:echo	"Please echo 28"
2025-06-02 13:43:24,287{GMT}	INFO	[jepsen worker 0] jepsen.util: 0	:ok	:echo	{:type "echo_ok", :echo "Please echo 28", :msg_id 35, :in_reply_to 35}
2025-06-02 13:43:24,352{GMT}	INFO	[jepsen worker 4] jepsen.util: 4	:invoke	:echo	"Please echo 49"
2025-06-02 13:43:24,354{GMT}	INFO	[jepsen worker 4] jepsen.util: 4	:ok	:echo	{:type "echo_ok", :echo "Please echo 49", :msg_id 33, :in_reply_to 33}
2025-06-02 13:43:24,382{GMT}	INFO	[jepsen worker 0] jepsen.util: 0	:invoke	:echo	"Please echo 65"
2025-06-02 13:43:24,384{GMT}	INFO	[jepsen worker 0] jepsen.util: 0	:ok	:echo	{:type "echo_ok", :echo "Please echo 65", :msg_id 36, :in_reply_to 36}
2025-06-02 13:43:24,499{GMT}	INFO	[jepsen worker 3] jepsen.util: 3	:invoke	:echo	"Please echo 50"
2025-06-02 13:43:24,501{GMT}	INFO	[jepsen worker 3] jepsen.util: 3	:ok	:echo	{:type "echo_ok", :echo "Please echo 50", :msg_id 39, :in_reply_to 39}
2025-06-02 13:43:24,616{GMT}	INFO	[jepsen worker 0] jepsen.util: 0	:invoke	:echo	"Please echo 119"
2025-06-02 13:43:24,618{GMT}	INFO	[jepsen worker 0] jepsen.util: 0	:ok	:echo	{:type "echo_ok", :echo "Please echo 119", :msg_id 37, :in_reply_to 37}
2025-06-02 13:43:24,654{GMT}	INFO	[jepsen worker 2] jepsen.util: 2	:invoke	:echo	"Please echo 94"
2025-06-02 13:43:24,655{GMT}	INFO	[jepsen worker 2] jepsen.util: 2	:ok	:echo	{:type "echo_ok", :echo "Please echo 94", :msg_id 20, :in_reply_to 20}
2025-06-02 13:43:24,661{GMT}	INFO	[jepsen worker 2] jepsen.util: 2	:invoke	:echo	"Please echo 101"
2025-06-02 13:43:24,662{GMT}	INFO	[jepsen worker 2] jepsen.util: 2	:ok	:echo	{:type "echo_ok", :echo "Please echo 101", :msg_id 21, :in_reply_to 21}
2025-06-02 13:43:24,705{GMT}	INFO	[jepsen worker 0] jepsen.util: 0	:invoke	:echo	"Please echo 36"
2025-06-02 13:43:24,707{GMT}	INFO	[jepsen worker 0] jepsen.util: 0	:ok	:echo	{:type "echo_ok", :echo "Please echo 36", :msg_id 38, :in_reply_to 38}
2025-06-02 13:43:24,861{GMT}	INFO	[jepsen worker 2] jepsen.util: 2	:invoke	:echo	"Please echo 45"
2025-06-02 13:43:24,863{GMT}	INFO	[jepsen worker 2] jepsen.util: 2	:ok	:echo	{:type "echo_ok", :echo "Please echo 45", :msg_id 22, :in_reply_to 22}
2025-06-02 13:43:24,929{GMT}	INFO	[jepsen worker 4] jepsen.util: 4	:invoke	:echo	"Please echo 127"
2025-06-02 13:43:24,932{GMT}	INFO	[jepsen worker 4] jepsen.util: 4	:ok	:echo	{:type "echo_ok", :echo "Please echo 127", :msg_id 34, :in_reply_to 34}
2025-06-02 13:43:25,106{GMT}	INFO	[jepsen worker 0] jepsen.util: 0	:invoke	:echo	"Please echo 93"
2025-06-02 13:43:25,108{GMT}	INFO	[jepsen worker 0] jepsen.util: 0	:ok	:echo	{:type "echo_ok", :echo "Please echo 93", :msg_id 39, :in_reply_to 39}
2025-06-02 13:43:25,193{GMT}	INFO	[jepsen worker 4] jepsen.util: 4	:invoke	:echo	"Please echo 13"
2025-06-02 13:43:25,196{GMT}	INFO	[jepsen worker 4] jepsen.util: 4	:ok	:echo	{:type "echo_ok", :echo "Please echo 13", :msg_id 35, :in_reply_to 35}
2025-06-02 13:43:25,317{GMT}	INFO	[jepsen worker 2] jepsen.util: 2	:invoke	:echo	"Please echo 97"
2025-06-02 13:43:25,318{GMT}	INFO	[jepsen worker 2] jepsen.util: 2	:ok	:echo	{:type "echo_ok", :echo "Please echo 97", :msg_id 23, :in_reply_to 23}
2025-06-02 13:43:25,440{GMT}	INFO	[jepsen worker 0] jepsen.util: 0	:invoke	:echo	"Please echo 69"
2025-06-02 13:43:25,441{GMT}	INFO	[jepsen worker 0] jepsen.util: 0	:ok	:echo	{:type "echo_ok", :echo "Please echo 69", :msg_id 40, :in_reply_to 40}
2025-06-02 13:43:25,498{GMT}	INFO	[jepsen worker 2] jepsen.util: 2	:invoke	:echo	"Please echo 29"
2025-06-02 13:43:25,500{GMT}	INFO	[jepsen worker 2] jepsen.util: 2	:ok	:echo	{:type "echo_ok", :echo "Please echo 29", :msg_id 24, :in_reply_to 24}
2025-06-02 13:43:25,553{GMT}	INFO	[jepsen worker 1] jepsen.util: 1	:invoke	:echo	"Please echo 100"
2025-06-02 13:43:25,555{GMT}	INFO	[jepsen worker 1] jepsen.util: 1	:ok	:echo	{:type "echo_ok", :echo "Please echo 100", :msg_id 30, :in_reply_to 30}
2025-06-02 13:43:25,641{GMT}	INFO	[jepsen worker 4] jepsen.util: 4	:invoke	:echo	"Please echo 92"
2025-06-02 13:43:25,642{GMT}	INFO	[jepsen worker 4] jepsen.util: 4	:ok	:echo	{:type "echo_ok", :echo "Please echo 92", :msg_id 36, :in_reply_to 36}
2025-06-02 13:43:25,686{GMT}	INFO	[jepsen worker 0] jepsen.util: 0	:invoke	:echo	"Please echo 110"
2025-06-02 13:43:25,687{GMT}	INFO	[jepsen worker 0] jepsen.util: 0	:ok	:echo	{:type "echo_ok", :echo "Please echo 110", :msg_id 41, :in_reply_to 41}
2025-06-02 13:43:25,776{GMT}	INFO	[jepsen worker 3] jepsen.util: 3	:invoke	:echo	"Please echo 75"
2025-06-02 13:43:25,778{GMT}	INFO	[jepsen worker 3] jepsen.util: 3	:ok	:echo	{:type "echo_ok", :echo "Please echo 75", :msg_id 40, :in_reply_to 40}
2025-06-02 13:43:25,935{GMT}	INFO	[jepsen worker 3] jepsen.util: 3	:invoke	:echo	"Please echo 5"
2025-06-02 13:43:25,938{GMT}	INFO	[jepsen worker 3] jepsen.util: 3	:ok	:echo	{:type "echo_ok", :echo "Please echo 5", :msg_id 41, :in_reply_to 41}
2025-06-02 13:43:26,012{GMT}	INFO	[jepsen worker 1] jepsen.util: 1	:invoke	:echo	"Please echo 94"
2025-06-02 13:43:26,015{GMT}	INFO	[jepsen worker 1] jepsen.util: 1	:ok	:echo	{:type "echo_ok", :echo "Please echo 94", :msg_id 31, :in_reply_to 31}
2025-06-02 13:43:26,082{GMT}	INFO	[jepsen worker 3] jepsen.util: 3	:invoke	:echo	"Please echo 109"
2025-06-02 13:43:26,083{GMT}	INFO	[jepsen worker 3] jepsen.util: 3	:ok	:echo	{:type "echo_ok", :echo "Please echo 109", :msg_id 42, :in_reply_to 42}
2025-06-02 13:43:26,245{GMT}	INFO	[jepsen worker 2] jepsen.util: 2	:invoke	:echo	"Please echo 65"
2025-06-02 13:43:26,247{GMT}	INFO	[jepsen worker 2] jepsen.util: 2	:ok	:echo	{:type "echo_ok", :echo "Please echo 65", :msg_id 25, :in_reply_to 25}
2025-06-02 13:43:26,345{GMT}	INFO	[jepsen worker 3] jepsen.util: 3	:invoke	:echo	"Please echo 8"
2025-06-02 13:43:26,347{GMT}	INFO	[jepsen worker 3] jepsen.util: 3	:ok	:echo	{:type "echo_ok", :echo "Please echo 8", :msg_id 43, :in_reply_to 43}
2025-06-02 13:43:26,507{GMT}	INFO	[jepsen worker 4] jepsen.util: 4	:invoke	:echo	"Please echo 29"
2025-06-02 13:43:26,510{GMT}	INFO	[jepsen worker 4] jepsen.util: 4	:ok	:echo	{:type "echo_ok", :echo "Please echo 29", :msg_id 37, :in_reply_to 37}
2025-06-02 13:43:26,633{GMT}	INFO	[jepsen worker 4] jepsen.util: 4	:invoke	:echo	"Please echo 108"
2025-06-02 13:43:26,635{GMT}	INFO	[jepsen worker 4] jepsen.util: 4	:ok	:echo	{:type "echo_ok", :echo "Please echo 108", :msg_id 38, :in_reply_to 38}
2025-06-02 13:43:26,729{GMT}	INFO	[jepsen worker 1] jepsen.util: 1	:invoke	:echo	"Please echo 11"
2025-06-02 13:43:26,729{GMT}	INFO	[jepsen worker 1] jepsen.util: 1	:ok	:echo	{:type "echo_ok", :echo "Please echo 11", :msg_id 32, :in_reply_to 32}
2025-06-02 13:43:26,891{GMT}	INFO	[jepsen worker 4] jepsen.util: 4	:invoke	:echo	"Please echo 34"
2025-06-02 13:43:26,894{GMT}	INFO	[jepsen worker 4] jepsen.util: 4	:ok	:echo	{:type "echo_ok", :echo "Please echo 34", :msg_id 39, :in_reply_to 39}
2025-06-02 13:43:27,080{GMT}	INFO	[jepsen worker 3] jepsen.util: 3	:invoke	:echo	"Please echo 20"
2025-06-02 13:43:27,082{GMT}	INFO	[jepsen worker 3] jepsen.util: 3	:ok	:echo	{:type "echo_ok", :echo "Please echo 20", :msg_id 44, :in_reply_to 44}
2025-06-02 13:43:27,161{GMT}	INFO	[jepsen worker 0] jepsen.util: 0	:invoke	:echo	"Please echo 41"
2025-06-02 13:43:27,163{GMT}	INFO	[jepsen worker 0] jepsen.util: 0	:ok	:echo	{:type "echo_ok", :echo "Please echo 41", :msg_id 42, :in_reply_to 42}
2025-06-02 13:43:27,252{GMT}	INFO	[jepsen worker 0] jepsen.util: 0	:invoke	:echo	"Please echo 124"
2025-06-02 13:43:27,255{GMT}	INFO	[jepsen worker 0] jepsen.util: 0	:ok	:echo	{:type "echo_ok", :echo "Please echo 124", :msg_id 43, :in_reply_to 43}
2025-06-02 13:43:27,398{GMT}	INFO	[jepsen worker 3] jepsen.util: 3	:invoke	:echo	"Please echo 106"
2025-06-02 13:43:27,400{GMT}	INFO	[jepsen worker 3] jepsen.util: 3	:ok	:echo	{:type "echo_ok", :echo "Please echo 106", :msg_id 45, :in_reply_to 45}
2025-06-02 13:43:27,457{GMT}	INFO	[jepsen worker 1] jepsen.util: 1	:invoke	:echo	"Please echo 17"
2025-06-02 13:43:27,459{GMT}	INFO	[jepsen worker 1] jepsen.util: 1	:ok	:echo	{:type "echo_ok", :echo "Please echo 17", :msg_id 33, :in_reply_to 33}
2025-06-02 13:43:27,638{GMT}	INFO	[jepsen worker 0] jepsen.util: 0	:invoke	:echo	"Please echo 103"
2025-06-02 13:43:27,640{GMT}	INFO	[jepsen worker 0] jepsen.util: 0	:ok	:echo	{:type "echo_ok", :echo "Please echo 103", :msg_id 44, :in_reply_to 44}
2025-06-02 13:43:27,807{GMT}	INFO	[jepsen worker 0] jepsen.util: 0	:invoke	:echo	"Please echo 41"
2025-06-02 13:43:27,809{GMT}	INFO	[jepsen worker 0] jepsen.util: 0	:ok	:echo	{:type "echo_ok", :echo "Please echo 41", :msg_id 45, :in_reply_to 45}
2025-06-02 13:43:27,990{GMT}	INFO	[jepsen worker 2] jepsen.util: 2	:invoke	:echo	"Please echo 22"
2025-06-02 13:43:27,992{GMT}	INFO	[jepsen worker 2] jepsen.util: 2	:ok	:echo	{:type "echo_ok", :echo "Please echo 22", :msg_id 26, :in_reply_to 26}
2025-06-02 13:43:28,151{GMT}	INFO	[jepsen worker 2] jepsen.util: 2	:invoke	:echo	"Please echo 78"
2025-06-02 13:43:28,154{GMT}	INFO	[jepsen worker 2] jepsen.util: 2	:ok	:echo	{:type "echo_ok", :echo "Please echo 78", :msg_id 27, :in_reply_to 27}
2025-06-02 13:43:28,237{GMT}	INFO	[jepsen worker 2] jepsen.util: 2	:invoke	:echo	"Please echo 112"
2025-06-02 13:43:28,240{GMT}	INFO	[jepsen worker 2] jepsen.util: 2	:ok	:echo	{:type "echo_ok", :echo "Please echo 112", :msg_id 28, :in_reply_to 28}
2025-06-02 13:43:28,261{GMT}	INFO	[jepsen worker 4] jepsen.util: 4	:invoke	:echo	"Please echo 102"
2025-06-02 13:43:28,264{GMT}	INFO	[jepsen worker 4] jepsen.util: 4	:ok	:echo	{:type "echo_ok", :echo "Please echo 102", :msg_id 40, :in_reply_to 40}
2025-06-02 13:43:28,313{GMT}	INFO	[jepsen worker 3] jepsen.util: 3	:invoke	:echo	"Please echo 127"
2025-06-02 13:43:28,315{GMT}	INFO	[jepsen worker 3] jepsen.util: 3	:ok	:echo	{:type "echo_ok", :echo "Please echo 127", :msg_id 46, :in_reply_to 46}
2025-06-02 13:43:28,486{GMT}	INFO	[jepsen worker 2] jepsen.util: 2	:invoke	:echo	"Please echo 109"
2025-06-02 13:43:28,487{GMT}	INFO	[jepsen worker 2] jepsen.util: 2	:ok	:echo	{:type "echo_ok", :echo "Please echo 109", :msg_id 29, :in_reply_to 29}
2025-06-02 13:43:28,492{GMT}	INFO	[jepsen worker 4] jepsen.util: 4	:invoke	:echo	"Please echo 96"
2025-06-02 13:43:28,493{GMT}	INFO	[jepsen worker 4] jepsen.util: 4	:ok	:echo	{:type "echo_ok", :echo "Please echo 96", :msg_id 41, :in_reply_to 41}
2025-06-02 13:43:28,567{GMT}	INFO	[jepsen worker 2] jepsen.util: 2	:invoke	:echo	"Please echo 94"
2025-06-02 13:43:28,570{GMT}	INFO	[jepsen worker 2] jepsen.util: 2	:ok	:echo	{:type "echo_ok", :echo "Please echo 94", :msg_id 30, :in_reply_to 30}
2025-06-02 13:43:28,723{GMT}	INFO	[jepsen worker 3] jepsen.util: 3	:invoke	:echo	"Please echo 30"
2025-06-02 13:43:28,724{GMT}	INFO	[jepsen worker 3] jepsen.util: 3	:ok	:echo	{:type "echo_ok", :echo "Please echo 30", :msg_id 47, :in_reply_to 47}
2025-06-02 13:43:28,909{GMT}	INFO	[jepsen worker 3] jepsen.util: 3	:invoke	:echo	"Please echo 26"
2025-06-02 13:43:28,910{GMT}	INFO	[jepsen worker 3] jepsen.util: 3	:ok	:echo	{:type "echo_ok", :echo "Please echo 26", :msg_id 48, :in_reply_to 48}
2025-06-02 13:43:29,044{GMT}	INFO	[jepsen worker 3] jepsen.util: 3	:invoke	:echo	"Please echo 81"
2025-06-02 13:43:29,047{GMT}	INFO	[jepsen worker 3] jepsen.util: 3	:ok	:echo	{:type "echo_ok", :echo "Please echo 81", :msg_id 49, :in_reply_to 49}
2025-06-02 13:43:29,183{GMT}	INFO	[jepsen worker 4] jepsen.util: 4	:invoke	:echo	"Please echo 19"
2025-06-02 13:43:29,185{GMT}	INFO	[jepsen worker 4] jepsen.util: 4	:ok	:echo	{:type "echo_ok", :echo "Please echo 19", :msg_id 42, :in_reply_to 42}
2025-06-02 13:43:29,212{GMT}	INFO	[jepsen test runner] jepsen.core: Run complete, writing
2025-06-02 13:43:29,269{GMT}	INFO	[jepsen node n2] maelstrom.db: Tearing down n2
2025-06-02 13:43:29,269{GMT}	INFO	[jepsen node n3] maelstrom.db: Tearing down n3
2025-06-02 13:43:29,269{GMT}	INFO	[jepsen node n1] maelstrom.db: Tearing down n1
2025-06-02 13:43:29,269{GMT}	INFO	[jepsen node n4] maelstrom.db: Tearing down n4
2025-06-02 13:43:29,269{GMT}	INFO	[jepsen node n5] maelstrom.db: Tearing down n5
2025-06-02 13:43:31,355{GMT}	INFO	[jepsen node n1] maelstrom.net: Shutting down Maelstrom network
2025-06-02 13:43:31,357{GMT}	INFO	[jepsen test runner] jepsen.core: Analyzing...
2025-06-02 13:43:31,508{GMT}	INFO	[jepsen test runner] jepsen.core: Analysis complete
2025-06-02 13:43:31,513{GMT}	INFO	[jepsen results] jepsen.store: Wrote /Users/adr/code/maelstrom/store/echo/20250602T134259.200-0400/results.edn
2025-06-02 13:43:31,537{GMT}	INFO	[jepsen test runner] jepsen.core: {:perf {:latency-graph {:valid? true},
        :rate-graph {:valid? true},
        :valid? true},
 :timeline {:valid? true},
 :exceptions {:valid? true},
 :stats {:valid? true,
         :count 199,
         :ok-count 199,
         :fail-count 0,
         :info-count 0,
         :by-f {:echo {:valid? true,
                       :count 199,
                       :ok-count 199,
                       :fail-count 0,
                       :info-count 0}}},
 :availability {:valid? true, :ok-fraction 1.0},
 :net {:all {:send-count 408,
             :recv-count 408,
             :msg-count 408,
             :msgs-per-op 2.0502512},
       :clients {:send-count 408, :recv-count 408, :msg-count 408},
       :servers {:send-count 0,
                 :recv-count 0,
                 :msg-count 0,
                 :msgs-per-op 0.0},
       :valid? true},
 :workload {:valid? true, :errors ()},
 :valid? true}


Everything looks good! (`)
